TN:
SF:/mnt/c/l3/Lab3OOP/Checker/Checker.hpp
FN:25,25,_ZN7CheckerIiEC2Ev
FN:27,28,_ZN7CheckerIiEC2ERKS0_
FN:30,32,_ZN7CheckerIiE16addCheckFunctionESt8functionIFvR7StorageP10IContainer17ContainerPositionIiEEE
FN:43,47,_ZNK7CheckerIiE11applyChecksER7StorageP10IContainer17ContainerPositionIiE
FNDA:75,_ZN7CheckerIiEC2Ev
FNDA:30,_ZN7CheckerIiEC2ERKS0_
FNDA:105,_ZN7CheckerIiE16addCheckFunctionESt8functionIFvR7StorageP10IContainer17ContainerPositionIiEEE
FNDA:1084,_ZNK7CheckerIiE11applyChecksER7StorageP10IContainer17ContainerPositionIiE
FNF:4
FNH:4
DA:25,75
DA:27,30
DA:28,30
DA:30,105
DA:31,105
DA:32,105
DA:43,1084
DA:44,2238
DA:45,1586
DA:47,652
LF:10
LH:10
end_of_record
TN:
SF:/mnt/c/l3/Lab3OOP/Octree/ContainerPosition.hpp
FN:12,12,_ZN17ContainerPositionIiEC2Ev
FN:18,23,_ZNK17ContainerPositionIiEeqERKS0_
FNDA:37752,_ZN17ContainerPositionIiEC2Ev
FNDA:324,_ZNK17ContainerPositionIiEeqERKS0_
FNF:2
FNH:2
DA:12,37752
DA:18,324
DA:19,504
DA:20,270
DA:21,270
DA:22,504
LF:6
LH:6
end_of_record
TN:
SF:/mnt/c/l3/Lab3OOP/Octree/Octree.hpp
FN:114,118,_ZN6OctreeIiP10IContainer17ContainerPositionIiEE8iteratorC2EPNS4_4NodeE
FN:120,122,_ZN6OctreeIiP10IContainer17ContainerPositionIiEE8iteratordeEv
FN:125,135,_ZN6OctreeIiP10IContainer17ContainerPositionIiEE8iteratorppEv
FN:138,140,_ZNK6OctreeIiP10IContainer17ContainerPositionIiEE8iteratorneERKS5_
FN:147,150,_ZN6OctreeIiP10IContainer17ContainerPositionIiEEC2E11BoundingBoxIiEi
FN:153,155,_ZN6OctreeIiP10IContainer17ContainerPositionIiEED2Ev
FN:163,165,_ZN6OctreeIiP10IContainer17ContainerPositionIiEE5beginEv
FN:167,169,_ZN6OctreeIiP10IContainer17ContainerPositionIiEE3endEv
FN:172,181,_ZN6OctreeIiP10IContainer17ContainerPositionIiEE6insertES1_RS3_PNS4_4NodeE
FN:184,230,_ZN6OctreeIiP10IContainer17ContainerPositionIiEE5splitEPNS4_4NodeE
FN:232,235,_ZN6OctreeIiP10IContainer17ContainerPositionIiEE5CloneEv
FN:239,249,_ZN6OctreeIiP10IContainer17ContainerPositionIiEE6removeENSt7__cxx1112basic_stringIcSt11char_traitsIcESaIcEEE
FN:252,256,_ZN6OctreeIiP10IContainer17ContainerPositionIiEE6searchENSt7__cxx1112basic_stringIcSt11char_traitsIcESaIcEEE
FN:259,263,_ZN6OctreeIiP10IContainer17ContainerPositionIiEE5findIENSt7__cxx1112basic_stringIcSt11char_traitsIcESaIcEEE
FN:266,270,_ZN6OctreeIiP10IContainer17ContainerPositionIiEE11searchDepthEv
FN:273,279,_ZN6OctreeIiP10IContainer17ContainerPositionIiEE12SearchInsertES1_S3_
FN:287,290,_ZN6OctreeIiP10IContainer17ContainerPositionIiEE7getMinXERS3_
FN:293,296,_ZN6OctreeIiP10IContainer17ContainerPositionIiEE7getMaxXERS3_
FN:299,302,_ZN6OctreeIiP10IContainer17ContainerPositionIiEE7getMinYERS3_
FN:305,308,_ZN6OctreeIiP10IContainer17ContainerPositionIiEE7getMaxYERS3_
FN:311,314,_ZN6OctreeIiP10IContainer17ContainerPositionIiEE7getMinZERS3_
FN:317,320,_ZN6OctreeIiP10IContainer17ContainerPositionIiEE7getMaxZERS3_
FN:323,326,_ZN6OctreeIiP10IContainer17ContainerPositionIiEE7getMinXERKS3_
FN:328,331,_ZN6OctreeIiP10IContainer17ContainerPositionIiEE7getMaxXERKS3_
FN:334,337,_ZN6OctreeIiP10IContainer17ContainerPositionIiEE7getMinYERKS3_
FN:340,343,_ZN6OctreeIiP10IContainer17ContainerPositionIiEE7getMaxYERKS3_
FN:347,350,_ZN6OctreeIiP10IContainer17ContainerPositionIiEE7getMinZERKS3_
FN:353,356,_ZN6OctreeIiP10IContainer17ContainerPositionIiEE7getMaxZERKS3_
FN:364,374,_ZN6OctreeIiP10IContainer17ContainerPositionIiEE16pointincontainerER5PointIiERS3_
FN:380,390,_ZN6OctreeIiP10IContainer17ContainerPositionIiEE14searchUnderOctEPNS4_4NodeERSt6vectorISt4pairIS3_S1_ESaIS9_EE
FN:393,410,_ZN6OctreeIiP10IContainer17ContainerPositionIiEE5findIENSt7__cxx1112basic_stringIcSt11char_traitsIcESaIcEEEPNS4_4NodeEPSt4pairIS3_S1_E
FN:413,423,_ZN6OctreeIiP10IContainer17ContainerPositionIiEE11searchDepthEPNS4_4NodeERSt6vectorISt4pairIS3_S1_ESaIS9_EE
FN:426,459,_ZN6OctreeIiP10IContainer17ContainerPositionIiEE12SearchInsertES1_S3_PNS4_4NodeEPS6_RSt6vectorISt4pairIS3_S1_ESaISA_EERb
FN:462,479,_ZN6OctreeIiP10IContainer17ContainerPositionIiEE7searchRENSt7__cxx1112basic_stringIcSt11char_traitsIcESaIcEEEPNS4_4NodeEPSC_
FN:482,517,_ZN6OctreeIiP10IContainer17ContainerPositionIiEE7removeRENSt7__cxx1112basic_stringIcSt11char_traitsIcESaIcEEEPNS4_4NodeERbPSC_
FN:520,528,_ZN6OctreeIiP10IContainer17ContainerPositionIiEE14checkEmptyNodeEPNS4_4NodeE
FN:530,541,_ZN6OctreeIiP10IContainer17ContainerPositionIiEE6meargeEPNS4_4NodeE
FN:543,559,_ZN6OctreeIiP10IContainer17ContainerPositionIiEE17decreaseHightTreeEPNS4_4NodeE
FN:55,55,_ZN11BoundingBoxIiEC2ERK5PointIiES4_
FN:562,572,_ZN6OctreeIiP10IContainer17ContainerPositionIiEE6UpdateEPNS4_4NodeE
FN:57,59,_ZNK11BoundingBoxIiE8containsER5PointIiE
FN:575,596,_ZNK6OctreeIiP10IContainer17ContainerPositionIiEE13ContainEntityES3_S3_
FN:599,606,_ZNK6OctreeIiP10IContainer17ContainerPositionIiEE14checkCollisionES1_S3_St6vectorISt4pairIS3_S1_ESaIS7_EE
FN:620,622,_ZNK6OctreeIiP10IContainer17ContainerPositionIiEE6numberB5cxx11ERK5PointIiE
FN:80,80,_ZN6OctreeIiP10IContainer17ContainerPositionIiEE4NodeC2E11BoundingBoxIiEi
FN:81,88,_ZN6OctreeIiP10IContainer17ContainerPositionIiEE4NodeD2Ev
FN:90,92,_ZNK6OctreeIiP10IContainer17ContainerPositionIiEE4Node6isLeafEv
FNDA:203,_ZN6OctreeIiP10IContainer17ContainerPositionIiEE8iteratorC2EPNS4_4NodeE
FNDA:598,_ZN6OctreeIiP10IContainer17ContainerPositionIiEE8iteratordeEv
FNDA:169,_ZN6OctreeIiP10IContainer17ContainerPositionIiEE8iteratorppEv
FNDA:186,_ZNK6OctreeIiP10IContainer17ContainerPositionIiEE8iteratorneERKS5_
FNDA:81,_ZN6OctreeIiP10IContainer17ContainerPositionIiEEC2E11BoundingBoxIiEi
FNDA:0,_ZN6OctreeIiP10IContainer17ContainerPositionIiEED2Ev
FNDA:17,_ZN6OctreeIiP10IContainer17ContainerPositionIiEE5beginEv
FNDA:186,_ZN6OctreeIiP10IContainer17ContainerPositionIiEE3endEv
FNDA:657,_ZN6OctreeIiP10IContainer17ContainerPositionIiEE6insertES1_RS3_PNS4_4NodeE
FNDA:33,_ZN6OctreeIiP10IContainer17ContainerPositionIiEE5splitEPNS4_4NodeE
FNDA:30,_ZN6OctreeIiP10IContainer17ContainerPositionIiEE5CloneEv
FNDA:69,_ZN6OctreeIiP10IContainer17ContainerPositionIiEE6removeENSt7__cxx1112basic_stringIcSt11char_traitsIcESaIcEEE
FNDA:54,_ZN6OctreeIiP10IContainer17ContainerPositionIiEE6searchENSt7__cxx1112basic_stringIcSt11char_traitsIcESaIcEEE
FNDA:42,_ZN6OctreeIiP10IContainer17ContainerPositionIiEE5findIENSt7__cxx1112basic_stringIcSt11char_traitsIcESaIcEEE
FNDA:735,_ZN6OctreeIiP10IContainer17ContainerPositionIiEE11searchDepthEv
FNDA:37706,_ZN6OctreeIiP10IContainer17ContainerPositionIiEE12SearchInsertES1_S3_
FNDA:90834,_ZN6OctreeIiP10IContainer17ContainerPositionIiEE7getMinXERS3_
FNDA:89477,_ZN6OctreeIiP10IContainer17ContainerPositionIiEE7getMaxXERS3_
FNDA:90600,_ZN6OctreeIiP10IContainer17ContainerPositionIiEE7getMinYERS3_
FNDA:90129,_ZN6OctreeIiP10IContainer17ContainerPositionIiEE7getMaxYERS3_
FNDA:88581,_ZN6OctreeIiP10IContainer17ContainerPositionIiEE7getMinZERS3_
FNDA:87685,_ZN6OctreeIiP10IContainer17ContainerPositionIiEE7getMaxZERS3_
FNDA:8701,_ZN6OctreeIiP10IContainer17ContainerPositionIiEE7getMinXERKS3_
FNDA:7662,_ZN6OctreeIiP10IContainer17ContainerPositionIiEE7getMaxXERKS3_
FNDA:6450,_ZN6OctreeIiP10IContainer17ContainerPositionIiEE7getMinYERKS3_
FNDA:5218,_ZN6OctreeIiP10IContainer17ContainerPositionIiEE7getMaxYERKS3_
FNDA:117,_ZN6OctreeIiP10IContainer17ContainerPositionIiEE7getMinZERKS3_
FNDA:1667,_ZN6OctreeIiP10IContainer17ContainerPositionIiEE7getMaxZERKS3_
FNDA:717,_ZN6OctreeIiP10IContainer17ContainerPositionIiEE16pointincontainerER5PointIiERS3_
FNDA:80073,_ZN6OctreeIiP10IContainer17ContainerPositionIiEE14searchUnderOctEPNS4_4NodeERSt6vectorISt4pairIS3_S1_ESaIS9_EE
FNDA:354,_ZN6OctreeIiP10IContainer17ContainerPositionIiEE5findIENSt7__cxx1112basic_stringIcSt11char_traitsIcESaIcEEEPNS4_4NodeEPSt4pairIS3_S1_E
FNDA:76503,_ZN6OctreeIiP10IContainer17ContainerPositionIiEE11searchDepthEPNS4_4NodeERSt6vectorISt4pairIS3_S1_ESaIS9_EE
FNDA:47539,_ZN6OctreeIiP10IContainer17ContainerPositionIiEE12SearchInsertES1_S3_PNS4_4NodeEPS6_RSt6vectorISt4pairIS3_S1_ESaISA_EERb
FNDA:366,_ZN6OctreeIiP10IContainer17ContainerPositionIiEE7searchRENSt7__cxx1112basic_stringIcSt11char_traitsIcESaIcEEEPNS4_4NodeEPSC_
FNDA:573,_ZN6OctreeIiP10IContainer17ContainerPositionIiEE7removeRENSt7__cxx1112basic_stringIcSt11char_traitsIcESaIcEEEPNS4_4NodeERbPSC_
FNDA:12,_ZN6OctreeIiP10IContainer17ContainerPositionIiEE14checkEmptyNodeEPNS4_4NodeE
FNDA:0,_ZN6OctreeIiP10IContainer17ContainerPositionIiEE6meargeEPNS4_4NodeE
FNDA:0,_ZN6OctreeIiP10IContainer17ContainerPositionIiEE17decreaseHightTreeEPNS4_4NodeE
FNDA:315,_ZN11BoundingBoxIiEC2ERK5PointIiES4_
FNDA:69,_ZN6OctreeIiP10IContainer17ContainerPositionIiEE6UpdateEPNS4_4NodeE
FNDA:204126,_ZNK11BoundingBoxIiE8containsER5PointIiE
FNDA:45484,_ZNK6OctreeIiP10IContainer17ContainerPositionIiEE13ContainEntityES3_S3_
FNDA:8810,_ZNK6OctreeIiP10IContainer17ContainerPositionIiEE14checkCollisionES1_S3_St6vectorISt4pairIS3_S1_ESaIS7_EE
FNDA:924,_ZNK6OctreeIiP10IContainer17ContainerPositionIiEE6numberB5cxx11ERK5PointIiE
FNDA:345,_ZN6OctreeIiP10IContainer17ContainerPositionIiEE4NodeC2E11BoundingBoxIiEi
FNDA:0,_ZN6OctreeIiP10IContainer17ContainerPositionIiEE4NodeD2Ev
FNDA:11148,_ZNK6OctreeIiP10IContainer17ContainerPositionIiEE4Node6isLeafEv
FNF:47
FNH:43
DA:55,315
DA:57,204126
DA:58,204126
DA:80,345
DA:81,0
DA:82,0
DA:83,0
DA:85,0
DA:86,0
DA:88,0
DA:90,11148
DA:91,11148
DA:114,203
DA:115,203
DA:116,17
DA:118,203
DA:120,598
DA:121,598
DA:125,169
DA:126,169
DA:127,169
DA:128,169
DA:129,1521
DA:130,1352
DA:131,152
DA:134,169
DA:138,186
DA:139,186
DA:147,81
DA:148,81
DA:149,81
DA:150,81
DA:153,0
DA:154,0
DA:155,0
DA:163,17
DA:164,17
DA:167,186
DA:168,186
DA:172,657
DA:173,657
DA:174,0
DA:176,657
DA:177,657
DA:178,33
DA:180,657
DA:184,33
DA:185,33
DA:186,33
DA:188,33
DA:189,33
DA:191,33
DA:192,33
DA:193,33
DA:196,33
DA:197,33
DA:198,33
DA:199,33
DA:200,33
DA:201,33
DA:202,33
DA:203,33
DA:206,204
DA:207,171
DA:209,393
DA:210,549
DA:211,348
DA:212,342
DA:213,342
DA:214,321
DA:215,300
DA:216,699
DA:217,150
DA:218,150
DA:219,150
DA:220,150
DA:224,171
DA:225,150
DA:227,21
DA:232,30
DA:233,30
DA:234,30
DA:239,69
DA:240,69
DA:241,69
DA:242,69
DA:243,69
DA:244,0
DA:246,69
DA:247,69
DA:248,69
DA:252,54
DA:253,54
DA:254,54
DA:255,54
DA:259,42
DA:260,42
DA:261,42
DA:262,42
DA:266,735
DA:267,735
DA:268,735
DA:269,735
DA:270,0
DA:273,37706
DA:274,37706
DA:275,37706
DA:276,37706
DA:277,37660
DA:278,37686
DA:279,37701
DA:287,90834
DA:289,90834
DA:293,89477
DA:295,89477
DA:299,90600
DA:301,90600
DA:305,90129
DA:307,90129
DA:311,88581
DA:313,88581
DA:317,87685
DA:319,87685
DA:323,8701
DA:325,8701
DA:328,7662
DA:330,7662
DA:334,6450
DA:336,6450
DA:340,5218
DA:342,5218
DA:347,117
DA:349,117
DA:353,1667
DA:355,1667
DA:364,717
DA:367,717
DA:368,717
DA:369,717
DA:370,717
DA:371,717
DA:372,717
DA:373,717
DA:380,80073
DA:381,80073
DA:382,71236
DA:384,8837
DA:385,8408
DA:387,80301
DA:388,71368
DA:393,354
DA:394,354
DA:395,0
DA:397,354
DA:398,338
DA:399,264
DA:400,37
DA:401,37
DA:405,317
DA:406,351
DA:407,312
DA:413,76503
DA:414,76503
DA:415,67032
DA:417,9471
DA:418,2555
DA:420,85239
DA:421,75768
DA:426,47539
DA:427,47539
DA:428,0
DA:430,86489
DA:431,29981
DA:432,28164
DA:433,86492
DA:434,37527
DA:436,10041
DA:437,8857
DA:439,10013
DA:440,11106
DA:441,9872
DA:444,10010
DA:446,8799
DA:448,8816
DA:449,1084
DA:450,1084
DA:452,7748
DA:453,7748
DA:455,1211
DA:456,785
DA:458,426
DA:462,366
DA:463,366
DA:464,0
DA:466,366
DA:467,279
DA:468,216
DA:469,45
DA:470,45
DA:474,321
DA:475,351
DA:476,312
DA:482,573
DA:483,573
DA:484,0
DA:486,573
DA:487,363
DA:489,210
DA:490,501
DA:491,444
DA:499,69
DA:500,69
DA:501,69
DA:502,69
DA:505,69
DA:506,69
DA:507,69
DA:511,141
DA:512,567
DA:513,504
DA:520,12
DA:521,12
DA:522,12
DA:523,12
DA:524,12
DA:527,0
DA:530,0
DA:531,0
DA:532,0
DA:533,0
DA:534,0
DA:535,0
DA:538,0
DA:539,0
DA:543,0
DA:544,0
DA:545,0
DA:547,0
DA:548,0
DA:550,0
DA:551,0
DA:552,0
DA:553,0
DA:554,0
DA:555,0
DA:562,69
DA:563,69
DA:564,0
DA:565,0
DA:566,0
DA:568,69
DA:569,0
DA:570,0
DA:575,45484
DA:577,45484
DA:578,44738
DA:579,44604
DA:580,44457
DA:581,44539
DA:582,44465
DA:585,44526
DA:586,44450
DA:587,44555
DA:588,44431
DA:589,44551
DA:590,44430
DA:593,34741
DA:594,88538
DA:595,53797
DA:599,8810
DA:600,45979
DA:601,44821
DA:602,7711
DA:605,1084
DA:620,924
DA:621,924
LF:276
LH:235
end_of_record
TN:
SF:/mnt/c/l3/Lab3OOP/Octree/Point.hpp
FN:17,17,_ZN5PointIiEC2Eiii
FN:18,18,_ZN5PointIiEC2Ev
FN:9,11,_ZNK5PointIiEeqERKS0_
FNDA:2427,_ZN5PointIiEC2Eiii
FNDA:301505,_ZN5PointIiEC2Ev
FNDA:954,_ZNK5PointIiEeqERKS0_
FNF:3
FNH:3
DA:9,954
DA:10,954
DA:17,2427
DA:18,301505
LF:4
LH:4
end_of_record
TN:
SF:/mnt/c/l3/Lab3OOP/Storage/Storage.cpp
FN:110,152,_ZN7Storage26calculateContainerPositionEiiiiii
FN:13,24,_ZN7Storage14calculateDepthEv
FN:14,21,_ZZN7Storage14calculateDepthEvENKUliE_clEi
FN:155,178,_ZN7Storage20searchUnderContainerER17ContainerPositionIiE
FN:181,204,_ZN7Storage20searchUpperContainerER17ContainerPositionIiE
FN:208,216,_ZN7Storage13calculatemassESt6vectorISt4pairI17ContainerPositionIiEP10IContainerESaIS6_EEm
FN:219,244,_ZN7Storage12checkSupportER17ContainerPositionIiESt6vectorISt4pairIS1_P10IContainerESaIS7_EE
FN:246,258,_ZN7Storage12addContainerEP10IContaineriii
FN:263,267,_ZNK7Storage19getInfoAboutStorageB5cxx11Ev
FN:27,29,_ZN7Storage24addExternalCheckFunctionERKSt8functionIFvRS_P10IContainer17ContainerPositionIiEEE
FN:271,292,_ZN7Storage7isNoTopERK17ContainerPositionIiE
FN:296,326,_ZN7Storage13moveContainerENSt7__cxx1112basic_stringIcSt11char_traitsIcESaIcEEEiii
FN:32,46,_ZN7StorageC2Eiiiid
FN:330,370,_ZN7Storage15rotateContainerENSt7__cxx1112basic_stringIcSt11char_traitsIcESaIcEEEi
FN:373,394,_ZN7Storage10multitreadEP10IContaineriii
FN:396,413,_ZN7Storage13addContainerREP10IContainerii
FN:40,42,_ZZN7StorageC4EiiiidENKUlRS_P10IContainer17ContainerPositionIiEE_clES0_S2_S4_
FN:415,430,_ZN7Storage12addContainerB5cxx11EP10IContainer
FN:43,45,_ZZN7StorageC4EiiiidENKUlRS_P10IContainer17ContainerPositionIiEE0_clES0_S2_S4_
FN:433,494,_ZN7Storage15removeContainerENSt7__cxx1112basic_stringIcSt11char_traitsIcESaIcEEE
FN:49,51,_ZN7Storage15comparePositionERSt4pairI17ContainerPositionIiEP10IContainerES6_
FN:497,511,_ZNK7Storage7getInfoB5cxx11Ev
FN:514,530,_ZN7Storage9howContaiEP10IContainerRSt6vectorImSaImEEm
FN:533,543,_ZN7Storage12howContainerEP10IContainer
FN:54,56,_ZN7Storage22comparePositionReverseERSt4pairI17ContainerPositionIiEP10IContainerES6_
FN:542,542,_ZZN7Storage12howContainerEP10IContainerENKUliiE_clEii
FN:546,552,_ZN7Storage4findENSt7__cxx1112basic_stringIcSt11char_traitsIcESaIcEEE
FN:555,569,_ZNK7Storage17getListContainersB5cxx11Ev
FN:572,582,_ZN7Storage16checkTemperatureERS_P10IContainer17ContainerPositionIiE
FN:585,607,_ZN7Storage13checkPressureERS_P10IContainer17ContainerPositionIiE
FN:59,75,_ZN7StorageaSERKS_
FN:78,87,_ZN7StorageC2ERKS_
FN:90,105,_ZN7Storage7getSizeEiii
FNDA:37688,_ZN7Storage26calculateContainerPositionEiiiiii
FNDA:51,_ZN7Storage14calculateDepthEv
FNDA:153,_ZZN7Storage14calculateDepthEvENKUliE_clEi
FNDA:624,_ZN7Storage20searchUnderContainerER17ContainerPositionIiE
FNDA:24,_ZN7Storage20searchUpperContainerER17ContainerPositionIiE
FNDA:69,_ZN7Storage13calculatemassESt6vectorISt4pairI17ContainerPositionIiEP10IContainerESaIS6_EEm
FNDA:621,_ZN7Storage12checkSupportER17ContainerPositionIiESt6vectorISt4pairIS1_P10IContainerESaIS7_EE
FNDA:375,_ZN7Storage12addContainerEP10IContaineriii
FNDA:12,_ZNK7Storage19getInfoAboutStorageB5cxx11Ev
FNDA:3,_ZN7Storage24addExternalCheckFunctionERKSt8functionIFvRS_P10IContainer17ContainerPositionIiEEE
FNDA:18,_ZN7Storage7isNoTopERK17ContainerPositionIiE
FNDA:15,_ZN7Storage13moveContainerENSt7__cxx1112basic_stringIcSt11char_traitsIcESaIcEEEiii
FNDA:51,_ZN7StorageC2Eiiiid
FNDA:15,_ZN7Storage15rotateContainerENSt7__cxx1112basic_stringIcSt11char_traitsIcESaIcEEEi
FNDA:37331,_ZN7Storage10multitreadEP10IContaineriii
FNDA:464,_ZN7Storage13addContainerREP10IContainerii
FNDA:796,_ZZN7StorageC4EiiiidENKUlRS_P10IContainer17ContainerPositionIiEE_clES0_S2_S4_
FNDA:318,_ZN7Storage12addContainerB5cxx11EP10IContainer
FNDA:790,_ZZN7StorageC4EiiiidENKUlRS_P10IContainer17ContainerPositionIiEE0_clES0_S2_S4_
FNDA:27,_ZN7Storage15removeContainerENSt7__cxx1112basic_stringIcSt11char_traitsIcESaIcEEE
FNDA:2266,_ZN7Storage15comparePositionERSt4pairI17ContainerPositionIiEP10IContainerES6_
FNDA:33,_ZNK7Storage7getInfoB5cxx11Ev
FNDA:18,_ZN7Storage9howContaiEP10IContainerRSt6vectorImSaImEEm
FNDA:3,_ZN7Storage12howContainerEP10IContainer
FNDA:36,_ZN7Storage22comparePositionReverseERSt4pairI17ContainerPositionIiEP10IContainerES6_
FNDA:18,_ZZN7Storage12howContainerEP10IContainerENKUliiE_clEii
FNDA:15,_ZN7Storage4findENSt7__cxx1112basic_stringIcSt11char_traitsIcESaIcEEE
FNDA:17,_ZNK7Storage17getListContainersB5cxx11Ev
FNDA:796,_ZN7Storage16checkTemperatureERS_P10IContainer17ContainerPositionIiE
FNDA:790,_ZN7Storage13checkPressureERS_P10IContainer17ContainerPositionIiE
FNDA:6,_ZN7StorageaSERKS_
FNDA:24,_ZN7StorageC2ERKS_
FNDA:9,_ZN7Storage7getSizeEiii
FNF:33
FNH:33
DA:13,51
DA:14,153
DA:15,153
DA:16,447
DA:17,294
DA:18,294
DA:20,153
DA:22,51
DA:27,3
DA:28,3
DA:29,3
DA:32,51
DA:33,51
DA:34,51
DA:35,51
DA:36,51
DA:37,51
DA:38,51
DA:39,51
DA:40,51
DA:41,796
DA:42,790
DA:43,51
DA:44,790
DA:45,364
DA:46,51
DA:49,2266
DA:50,2266
DA:54,36
DA:55,36
DA:59,6
DA:60,6
DA:61,6
DA:62,6
DA:63,6
DA:64,6
DA:65,6
DA:66,6
DA:67,6
DA:68,6
DA:69,36
DA:70,30
DA:72,6
DA:73,6
DA:74,6
DA:78,24
DA:79,24
DA:80,24
DA:81,24
DA:82,24
DA:83,60
DA:84,36
DA:86,24
DA:87,24
DA:90,9
DA:91,9
DA:92,3
DA:94,6
DA:95,6
DA:96,6
DA:97,36
DA:98,30
DA:100,36
DA:101,30
DA:103,6
DA:104,6
DA:105,6
DA:110,37688
DA:111,37688
DA:113,37662
DA:114,37662
DA:115,37662
DA:118,37662
DA:119,37662
DA:120,37662
DA:123,37662
DA:124,37662
DA:125,37662
DA:128,37662
DA:129,37662
DA:130,37662
DA:133,37662
DA:134,37662
DA:135,37662
DA:138,37662
DA:139,37662
DA:140,37662
DA:143,37662
DA:144,37662
DA:145,37662
DA:148,37662
DA:149,37662
DA:150,37662
DA:151,37662
DA:155,624
DA:156,624
DA:157,624
DA:158,624
DA:159,624
DA:160,624
DA:161,624
DA:162,624
DA:163,624
DA:164,624
DA:165,624
DA:166,9043
DA:167,8419
DA:169,15841
DA:170,17490
DA:171,1649
DA:172,1646
DA:173,1646
DA:176,624
DA:177,1248
DA:178,624
DA:181,24
DA:182,24
DA:183,24
DA:184,24
DA:185,24
DA:186,24
DA:187,24
DA:188,24
DA:189,24
DA:190,24
DA:191,24
DA:192,234
DA:193,210
DA:195,396
DA:196,489
DA:197,93
DA:198,45
DA:199,45
DA:202,24
DA:203,48
DA:204,24
DA:208,69
DA:209,69
DA:210,123
DA:211,54
DA:212,54
DA:215,69
DA:219,621
DA:220,621
DA:221,621
DA:222,621
DA:223,621
DA:224,621
DA:226,661
DA:227,639
DA:228,599
DA:230,637
DA:231,398
DA:233,239
DA:234,183
DA:236,239
DA:237,148
DA:239,239
DA:240,199
DA:243,22
DA:246,375
DA:247,375
DA:248,3
DA:250,372
DA:251,372
DA:252,372
DA:253,9
DA:255,363
DA:256,345
DA:257,345
DA:258,345
DA:263,12
DA:264,24
DA:265,36
DA:266,12
DA:271,18
DA:272,18
DA:273,18
DA:274,18
DA:275,18
DA:276,18
DA:277,18
DA:278,18
DA:279,18
DA:280,18
DA:282,66
DA:283,54
DA:284,90
DA:285,114
DA:286,24
DA:287,6
DA:291,12
DA:292,18
DA:296,15
DA:297,15
DA:298,3
DA:300,12
DA:301,12
DA:302,3
DA:304,9
DA:305,27
DA:306,27
DA:307,9
DA:308,9
DA:309,9
DA:310,9
DA:313,9
DA:314,3
DA:315,3
DA:316,3
DA:319,6
DA:320,3
DA:321,3
DA:322,3
DA:323,3
DA:324,3
DA:325,3
DA:326,3
DA:330,15
DA:331,15
DA:332,15
DA:333,3
DA:335,12
DA:336,15
DA:337,15
DA:338,12
DA:339,12
DA:340,12
DA:341,12
DA:344,12
DA:345,12
DA:346,3
DA:347,3
DA:348,3
DA:350,9
DA:351,9
DA:352,3
DA:353,3
DA:354,3
DA:356,6
DA:357,6
DA:358,6
DA:359,6
DA:361,6
DA:362,3
DA:363,3
DA:364,3
DA:365,3
DA:366,3
DA:367,3
DA:368,3
DA:369,3
DA:370,3
DA:373,37331
DA:374,37331
DA:375,37318
DA:376,37297
DA:377,37344
DA:378,37315
DA:379,37340
DA:380,36622
DA:382,718
DA:383,307
DA:384,307
DA:385,297
DA:386,297
DA:387,297
DA:388,297
DA:390,10
DA:391,10
DA:392,10
DA:394,37341
DA:396,464
DA:397,464
DA:398,1125
DA:399,10059
DA:400,46448
DA:402,37486
DA:403,142
DA:405,37335
DA:406,297
DA:407,37057
DA:408,37053
DA:412,28
DA:413,467
DA:415,318
DA:416,318
DA:417,783
DA:418,465
DA:419,465
DA:421,783
DA:422,465
DA:424,318
DA:425,42
DA:427,297
DA:428,297
DA:430,317
DA:433,27
DA:434,27
DA:435,27
DA:436,27
DA:437,3
DA:439,24
DA:440,24
DA:442,3
DA:445,21
DA:446,21
DA:452,66
DA:453,45
DA:454,45
DA:456,45
DA:460,21
DA:463,21
DA:464,63
DA:465,45
DA:466,45
DA:469,45
DA:470,3
DA:471,3
DA:472,0
DA:474,3
DA:475,6
DA:476,3
DA:478,3
DA:483,42
DA:487,45
DA:489,60
DA:490,42
DA:492,18
DA:493,24
DA:494,24
DA:497,33
DA:498,33
DA:499,33
DA:500,33
DA:501,0
DA:503,246
DA:504,213
DA:505,426
DA:506,852
DA:507,639
DA:510,33
DA:511,33
DA:514,18
DA:515,18
DA:516,18
DA:517,18
DA:520,270
DA:521,252
DA:522,251
DA:523,252
DA:525,18
DA:526,18
DA:529,18
DA:530,18
DA:533,3
DA:534,3
DA:535,3
DA:536,21
DA:537,18
DA:539,21
DA:540,18
DA:542,24
DA:543,3
DA:546,15
DA:547,15
DA:548,15
DA:549,2
DA:551,13
DA:555,17
DA:556,17
DA:557,186
DA:558,169
DA:559,0
DA:560,0
DA:562,169
DA:563,205
DA:564,150
DA:567,17
DA:568,17
DA:569,0
DA:572,796
DA:573,796
DA:574,796
DA:575,0
DA:577,802
DA:578,6
DA:580,6
DA:582,790
DA:585,790
DA:586,790
DA:587,0
DA:589,790
DA:590,624
DA:591,624
DA:592,3
DA:594,621
DA:595,420
DA:597,734
DA:598,536
DA:599,536
DA:600,0
DA:602,536
DA:603,3
DA:606,624
DA:607,364
LF:406
LH:398
end_of_record
TN:
SF:/mnt/c/l3/Lab3OOP/Storage/Storage.hpp
FN:40,43,_ZN7StorageD2Ev
FNDA:0,_ZN7StorageD2Ev
FNF:1
FNH:0
DA:40,0
DA:41,0
DA:42,0
DA:43,0
LF:4
LH:0
end_of_record
