TN:
SF:/mnt/c/Lab3OOP-delitel/Checker/Checker.hpp
FN:25,25,_ZN7CheckerIiEC2Ev
FN:27,28,_ZN7CheckerIiEC2ERKS0_
FN:30,32,_ZN7CheckerIiE16addCheckFunctionESt8functionIFvR7StorageSt10shared_ptrI10IContainerE17ContainerPositionIiEEE
FN:43,47,_ZNK7CheckerIiE11applyChecksER7StorageSt10shared_ptrI10IContainerE17ContainerPositionIiE
FNDA:34,_ZN7CheckerIiEC2Ev
FNDA:11,_ZN7CheckerIiEC2ERKS0_
FNDA:53,_ZN7CheckerIiE16addCheckFunctionESt8functionIFvR7StorageSt10shared_ptrI10IContainerE17ContainerPositionIiEEE
FNDA:297,_ZNK7CheckerIiE11applyChecksER7StorageSt10shared_ptrI10IContainerE17ContainerPositionIiE
FNF:4
FNH:4
DA:25,34
DA:27,11
DA:28,11
DA:30,53
DA:31,53
DA:32,53
DA:43,297
DA:44,669
DA:45,596
DA:47,185
LF:10
LH:10
end_of_record
TN:
SF:/mnt/c/Lab3OOP-delitel/Octree/ContainerPosition.hpp
FN:12,12,_ZN17ContainerPositionIiEC2Ev
FN:18,23,_ZNK17ContainerPositionIiEeqERKS0_
FNDA:3407,_ZN17ContainerPositionIiEC2Ev
FNDA:168,_ZNK17ContainerPositionIiEeqERKS0_
FNF:2
FNH:2
DA:12,3407
DA:18,168
DA:19,294
DA:20,189
DA:21,189
DA:22,294
LF:6
LH:6
end_of_record
TN:
SF:/mnt/c/Lab3OOP-delitel/Octree/Octree.hpp
FN:117,121,_ZN6OctreeIiSt10shared_ptrI10IContainerE17ContainerPositionIiENSt7__cxx1112basic_stringIcSt11char_traitsIcESaIcEEEE21BidirectionalIteratorC2ES0_INSB_4NodeEE
FN:124,129,_ZN6OctreeIiSt10shared_ptrI10IContainerE17ContainerPositionIiENSt7__cxx1112basic_stringIcSt11char_traitsIcESaIcEEEE21BidirectionalIteratordeEv
FN:132,145,_ZN6OctreeIiSt10shared_ptrI10IContainerE17ContainerPositionIiENSt7__cxx1112basic_stringIcSt11char_traitsIcESaIcEEEE21BidirectionalIteratorppEv
FN:160,162,_ZNK6OctreeIiSt10shared_ptrI10IContainerE17ContainerPositionIiENSt7__cxx1112basic_stringIcSt11char_traitsIcESaIcEEEE21BidirectionalIterator7hasNextEv
FN:173,173,_ZN6OctreeIiSt10shared_ptrI10IContainerE17ContainerPositionIiENSt7__cxx1112basic_stringIcSt11char_traitsIcESaIcEEEEC2Ev
FN:174,176,_ZN6OctreeIiSt10shared_ptrI10IContainerE17ContainerPositionIiENSt7__cxx1112basic_stringIcSt11char_traitsIcESaIcEEEEC2E11BoundingBoxIiE
FN:184,186,_ZNK6OctreeIiSt10shared_ptrI10IContainerE17ContainerPositionIiENSt7__cxx1112basic_stringIcSt11char_traitsIcESaIcEEEE14createIteratorEv
FN:189,199,_ZN6OctreeIiSt10shared_ptrI10IContainerE17ContainerPositionIiENSt7__cxx1112basic_stringIcSt11char_traitsIcESaIcEEEE6insertES2_RS4_S0_INSB_4NodeEE
FN:202,205,_ZNK6OctreeIiSt10shared_ptrI10IContainerE17ContainerPositionIiENSt7__cxx1112basic_stringIcSt11char_traitsIcESaIcEEEE5CloneEv
FN:208,219,_ZN6OctreeIiSt10shared_ptrI10IContainerE17ContainerPositionIiENSt7__cxx1112basic_stringIcSt11char_traitsIcESaIcEEEE6removeESA_Q14ValidKeyFormatIT2_E
FN:222,227,_ZNK6OctreeIiSt10shared_ptrI10IContainerE17ContainerPositionIiENSt7__cxx1112basic_stringIcSt11char_traitsIcESaIcEEEE6searchESA_Q14ValidKeyFormatIT2_E
FN:231,235,_ZNK6OctreeIiSt10shared_ptrI10IContainerE17ContainerPositionIiENSt7__cxx1112basic_stringIcSt11char_traitsIcESaIcEEEE11searchDepthEv
FN:238,244,_ZNK6OctreeIiSt10shared_ptrI10IContainerE17ContainerPositionIiENSt7__cxx1112basic_stringIcSt11char_traitsIcESaIcEEEE12SearchInsertES2_S4_
FN:247,250,_ZN6OctreeIiSt10shared_ptrI10IContainerE17ContainerPositionIiENSt7__cxx1112basic_stringIcSt11char_traitsIcESaIcEEEE7getMinXERS4_
FN:253,256,_ZN6OctreeIiSt10shared_ptrI10IContainerE17ContainerPositionIiENSt7__cxx1112basic_stringIcSt11char_traitsIcESaIcEEEE7getMaxXERS4_
FN:259,262,_ZN6OctreeIiSt10shared_ptrI10IContainerE17ContainerPositionIiENSt7__cxx1112basic_stringIcSt11char_traitsIcESaIcEEEE7getMinYERS4_
FN:265,268,_ZN6OctreeIiSt10shared_ptrI10IContainerE17ContainerPositionIiENSt7__cxx1112basic_stringIcSt11char_traitsIcESaIcEEEE7getMaxYERS4_
FN:271,274,_ZN6OctreeIiSt10shared_ptrI10IContainerE17ContainerPositionIiENSt7__cxx1112basic_stringIcSt11char_traitsIcESaIcEEEE7getMinZERS4_
FN:277,280,_ZN6OctreeIiSt10shared_ptrI10IContainerE17ContainerPositionIiENSt7__cxx1112basic_stringIcSt11char_traitsIcESaIcEEEE7getMaxZERS4_
FN:283,286,_ZN6OctreeIiSt10shared_ptrI10IContainerE17ContainerPositionIiENSt7__cxx1112basic_stringIcSt11char_traitsIcESaIcEEEE7getMinXERKS4_
FN:288,291,_ZN6OctreeIiSt10shared_ptrI10IContainerE17ContainerPositionIiENSt7__cxx1112basic_stringIcSt11char_traitsIcESaIcEEEE7getMaxXERKS4_
FN:294,297,_ZN6OctreeIiSt10shared_ptrI10IContainerE17ContainerPositionIiENSt7__cxx1112basic_stringIcSt11char_traitsIcESaIcEEEE7getMinYERKS4_
FN:300,303,_ZN6OctreeIiSt10shared_ptrI10IContainerE17ContainerPositionIiENSt7__cxx1112basic_stringIcSt11char_traitsIcESaIcEEEE7getMaxYERKS4_
FN:307,310,_ZN6OctreeIiSt10shared_ptrI10IContainerE17ContainerPositionIiENSt7__cxx1112basic_stringIcSt11char_traitsIcESaIcEEEE7getMinZERKS4_
FN:313,316,_ZN6OctreeIiSt10shared_ptrI10IContainerE17ContainerPositionIiENSt7__cxx1112basic_stringIcSt11char_traitsIcESaIcEEEE7getMaxZERKS4_
FN:324,334,_ZN6OctreeIiSt10shared_ptrI10IContainerE17ContainerPositionIiENSt7__cxx1112basic_stringIcSt11char_traitsIcESaIcEEEE16pointincontainerER5PointIiERS4_
FN:341,413,_ZN6OctreeIiSt10shared_ptrI10IContainerE17ContainerPositionIiENSt7__cxx1112basic_stringIcSt11char_traitsIcESaIcEEEE5splitES0_INSB_4NodeEE
FN:417,427,_ZNK6OctreeIiSt10shared_ptrI10IContainerE17ContainerPositionIiENSt7__cxx1112basic_stringIcSt11char_traitsIcESaIcEEEE14searchUnderOctES0_INSB_4NodeEERSt6vectorISt4pairIS4_S2_ESaISG_EE
FN:430,440,_ZNK6OctreeIiSt10shared_ptrI10IContainerE17ContainerPositionIiENSt7__cxx1112basic_stringIcSt11char_traitsIcESaIcEEEE11searchDepthES0_INSB_4NodeEERSt6vectorISt4pairIS4_S2_ESaISG_EE
FN:443,476,_ZNK6OctreeIiSt10shared_ptrI10IContainerE17ContainerPositionIiENSt7__cxx1112basic_stringIcSt11char_traitsIcESaIcEEEE12SearchInsertES2_S4_S0_INSB_4NodeEERSD_RSt6vectorISt4pairIS4_S2_ESaISH_EERb
FN:479,499,_ZNK6OctreeIiSt10shared_ptrI10IContainerE17ContainerPositionIiENSt7__cxx1112basic_stringIcSt11char_traitsIcESaIcEEEE7searchRESA_S0_INSB_4NodeEERSD_5PointIiE
FN:502,531,_ZN6OctreeIiSt10shared_ptrI10IContainerE17ContainerPositionIiENSt7__cxx1112basic_stringIcSt11char_traitsIcESaIcEEEE7removeRESA_S0_INSB_4NodeEERbRSD_5PointIiE
FN:534,542,_ZNK6OctreeIiSt10shared_ptrI10IContainerE17ContainerPositionIiENSt7__cxx1112basic_stringIcSt11char_traitsIcESaIcEEEE14checkEmptyNodeES0_INSB_4NodeEE
FN:544,555,_ZN6OctreeIiSt10shared_ptrI10IContainerE17ContainerPositionIiENSt7__cxx1112basic_stringIcSt11char_traitsIcESaIcEEEE6meargeES0_INSB_4NodeEE
FN:557,572,_ZN6OctreeIiSt10shared_ptrI10IContainerE17ContainerPositionIiENSt7__cxx1112basic_stringIcSt11char_traitsIcESaIcEEEE17decreaseHightTreeES0_INSB_4NodeEE
FN:575,586,_ZN6OctreeIiSt10shared_ptrI10IContainerE17ContainerPositionIiENSt7__cxx1112basic_stringIcSt11char_traitsIcESaIcEEEE6UpdateES0_INSB_4NodeEE
FN:589,610,_ZNK6OctreeIiSt10shared_ptrI10IContainerE17ContainerPositionIiENSt7__cxx1112basic_stringIcSt11char_traitsIcESaIcEEEE13ContainEntityES4_S4_
FN:613,620,_ZNK6OctreeIiSt10shared_ptrI10IContainerE17ContainerPositionIiENSt7__cxx1112basic_stringIcSt11char_traitsIcESaIcEEEE14checkCollisionES2_S4_St6vectorISt4pairIS4_S2_ESaISE_EE
FN:623,625,_ZN6OctreeIiSt10shared_ptrI10IContainerE17ContainerPositionIiENSt7__cxx1112basic_stringIcSt11char_traitsIcESaIcEEEE6numberERK5PointIiE
FN:628,640,_ZN6OctreeIiSt10shared_ptrI10IContainerE17ContainerPositionIiENSt7__cxx1112basic_stringIcSt11char_traitsIcESaIcEEEE10parsePointERKSA_
FN:66,66,_ZN11BoundingBoxIiEC2ERK5PointIiES4_
FN:68,70,_ZNK11BoundingBoxIiE8containsER5PointIiE
FN:72,77,_ZNK11BoundingBoxIiE7isValidEi
FN:92,92,_ZN6OctreeIiSt10shared_ptrI10IContainerE17ContainerPositionIiENSt7__cxx1112basic_stringIcSt11char_traitsIcESaIcEEEE4NodeC2E11BoundingBoxIiE
FN:94,96,_ZNK6OctreeIiSt10shared_ptrI10IContainerE17ContainerPositionIiENSt7__cxx1112basic_stringIcSt11char_traitsIcESaIcEEEE4Node6isLeafEv
FN:95,95,_ZZNK6OctreeIiSt10shared_ptrI10IContainerE17ContainerPositionIiENSt7__cxx1112basic_stringIcSt11char_traitsIcESaIcEEEE4Node6isLeafEvENKUlRKS0_ISC_EE_clESF_
FN:98,100,_ZN6OctreeIiSt10shared_ptrI10IContainerE17ContainerPositionIiENSt7__cxx1112basic_stringIcSt11char_traitsIcESaIcEEEE4Node6getConEv
FNDA:7,_ZN6OctreeIiSt10shared_ptrI10IContainerE17ContainerPositionIiENSt7__cxx1112basic_stringIcSt11char_traitsIcESaIcEEEE21BidirectionalIteratorC2ES0_INSB_4NodeEE
FNDA:314,_ZN6OctreeIiSt10shared_ptrI10IContainerE17ContainerPositionIiENSt7__cxx1112basic_stringIcSt11char_traitsIcESaIcEEEE21BidirectionalIteratordeEv
FNDA:95,_ZN6OctreeIiSt10shared_ptrI10IContainerE17ContainerPositionIiENSt7__cxx1112basic_stringIcSt11char_traitsIcESaIcEEEE21BidirectionalIteratorppEv
FNDA:102,_ZNK6OctreeIiSt10shared_ptrI10IContainerE17ContainerPositionIiENSt7__cxx1112basic_stringIcSt11char_traitsIcESaIcEEEE21BidirectionalIterator7hasNextEv
FNDA:34,_ZN6OctreeIiSt10shared_ptrI10IContainerE17ContainerPositionIiENSt7__cxx1112basic_stringIcSt11char_traitsIcESaIcEEEEC2Ev
FNDA:37,_ZN6OctreeIiSt10shared_ptrI10IContainerE17ContainerPositionIiENSt7__cxx1112basic_stringIcSt11char_traitsIcESaIcEEEEC2E11BoundingBoxIiE
FNDA:7,_ZNK6OctreeIiSt10shared_ptrI10IContainerE17ContainerPositionIiENSt7__cxx1112basic_stringIcSt11char_traitsIcESaIcEEEE14createIteratorEv
FNDA:190,_ZN6OctreeIiSt10shared_ptrI10IContainerE17ContainerPositionIiENSt7__cxx1112basic_stringIcSt11char_traitsIcESaIcEEEE6insertES2_RS4_S0_INSB_4NodeEE
FNDA:11,_ZNK6OctreeIiSt10shared_ptrI10IContainerE17ContainerPositionIiENSt7__cxx1112basic_stringIcSt11char_traitsIcESaIcEEEE5CloneEv
FNDA:28,_ZN6OctreeIiSt10shared_ptrI10IContainerE17ContainerPositionIiENSt7__cxx1112basic_stringIcSt11char_traitsIcESaIcEEEE6removeESA_Q14ValidKeyFormatIT2_E
FNDA:34,_ZNK6OctreeIiSt10shared_ptrI10IContainerE17ContainerPositionIiENSt7__cxx1112basic_stringIcSt11char_traitsIcESaIcEEEE6searchESA_Q14ValidKeyFormatIT2_E
FNDA:241,_ZNK6OctreeIiSt10shared_ptrI10IContainerE17ContainerPositionIiENSt7__cxx1112basic_stringIcSt11char_traitsIcESaIcEEEE11searchDepthEv
FNDA:3387,_ZNK6OctreeIiSt10shared_ptrI10IContainerE17ContainerPositionIiENSt7__cxx1112basic_stringIcSt11char_traitsIcESaIcEEEE12SearchInsertES2_S4_
FNDA:8613,_ZN6OctreeIiSt10shared_ptrI10IContainerE17ContainerPositionIiENSt7__cxx1112basic_stringIcSt11char_traitsIcESaIcEEEE7getMinXERS4_
FNDA:8613,_ZN6OctreeIiSt10shared_ptrI10IContainerE17ContainerPositionIiENSt7__cxx1112basic_stringIcSt11char_traitsIcESaIcEEEE7getMaxXERS4_
FNDA:8967,_ZN6OctreeIiSt10shared_ptrI10IContainerE17ContainerPositionIiENSt7__cxx1112basic_stringIcSt11char_traitsIcESaIcEEEE7getMinYERS4_
FNDA:8967,_ZN6OctreeIiSt10shared_ptrI10IContainerE17ContainerPositionIiENSt7__cxx1112basic_stringIcSt11char_traitsIcESaIcEEEE7getMaxYERS4_
FNDA:8408,_ZN6OctreeIiSt10shared_ptrI10IContainerE17ContainerPositionIiENSt7__cxx1112basic_stringIcSt11char_traitsIcESaIcEEEE7getMinZERS4_
FNDA:8258,_ZN6OctreeIiSt10shared_ptrI10IContainerE17ContainerPositionIiENSt7__cxx1112basic_stringIcSt11char_traitsIcESaIcEEEE7getMaxZERS4_
FNDA:2156,_ZN6OctreeIiSt10shared_ptrI10IContainerE17ContainerPositionIiENSt7__cxx1112basic_stringIcSt11char_traitsIcESaIcEEEE7getMinXERKS4_
FNDA:1779,_ZN6OctreeIiSt10shared_ptrI10IContainerE17ContainerPositionIiENSt7__cxx1112basic_stringIcSt11char_traitsIcESaIcEEEE7getMaxXERKS4_
FNDA:1727,_ZN6OctreeIiSt10shared_ptrI10IContainerE17ContainerPositionIiENSt7__cxx1112basic_stringIcSt11char_traitsIcESaIcEEEE7getMinYERKS4_
FNDA:1611,_ZN6OctreeIiSt10shared_ptrI10IContainerE17ContainerPositionIiENSt7__cxx1112basic_stringIcSt11char_traitsIcESaIcEEEE7getMaxYERKS4_
FNDA:155,_ZN6OctreeIiSt10shared_ptrI10IContainerE17ContainerPositionIiENSt7__cxx1112basic_stringIcSt11char_traitsIcESaIcEEEE7getMinZERKS4_
FNDA:553,_ZN6OctreeIiSt10shared_ptrI10IContainerE17ContainerPositionIiENSt7__cxx1112basic_stringIcSt11char_traitsIcESaIcEEEE7getMaxZERKS4_
FNDA:234,_ZN6OctreeIiSt10shared_ptrI10IContainerE17ContainerPositionIiENSt7__cxx1112basic_stringIcSt11char_traitsIcESaIcEEEE16pointincontainerER5PointIiERS4_
FNDA:47,_ZN6OctreeIiSt10shared_ptrI10IContainerE17ContainerPositionIiENSt7__cxx1112basic_stringIcSt11char_traitsIcESaIcEEEE5splitES0_INSB_4NodeEE
FNDA:12686,_ZNK6OctreeIiSt10shared_ptrI10IContainerE17ContainerPositionIiENSt7__cxx1112basic_stringIcSt11char_traitsIcESaIcEEEE14searchUnderOctES0_INSB_4NodeEERSt6vectorISt4pairIS4_S2_ESaISG_EE
FNDA:27257,_ZNK6OctreeIiSt10shared_ptrI10IContainerE17ContainerPositionIiENSt7__cxx1112basic_stringIcSt11char_traitsIcESaIcEEEE11searchDepthES0_INSB_4NodeEERSt6vectorISt4pairIS4_S2_ESaISG_EE
FNDA:5963,_ZNK6OctreeIiSt10shared_ptrI10IContainerE17ContainerPositionIiENSt7__cxx1112basic_stringIcSt11char_traitsIcESaIcEEEE12SearchInsertES2_S4_S0_INSB_4NodeEERSD_RSt6vectorISt4pairIS4_S2_ESaISH_EERb
FNDA:274,_ZNK6OctreeIiSt10shared_ptrI10IContainerE17ContainerPositionIiENSt7__cxx1112basic_stringIcSt11char_traitsIcESaIcEEEE7searchRESA_S0_INSB_4NodeEERSD_5PointIiE
FNDA:252,_ZN6OctreeIiSt10shared_ptrI10IContainerE17ContainerPositionIiENSt7__cxx1112basic_stringIcSt11char_traitsIcESaIcEEEE7removeRESA_S0_INSB_4NodeEERbRSD_5PointIiE
FNDA:34,_ZNK6OctreeIiSt10shared_ptrI10IContainerE17ContainerPositionIiENSt7__cxx1112basic_stringIcSt11char_traitsIcESaIcEEEE14checkEmptyNodeES0_INSB_4NodeEE
FNDA:85,_ZN6OctreeIiSt10shared_ptrI10IContainerE17ContainerPositionIiENSt7__cxx1112basic_stringIcSt11char_traitsIcESaIcEEEE6meargeES0_INSB_4NodeEE
FNDA:85,_ZN6OctreeIiSt10shared_ptrI10IContainerE17ContainerPositionIiENSt7__cxx1112basic_stringIcSt11char_traitsIcESaIcEEEE17decreaseHightTreeES0_INSB_4NodeEE
FNDA:28,_ZN6OctreeIiSt10shared_ptrI10IContainerE17ContainerPositionIiENSt7__cxx1112basic_stringIcSt11char_traitsIcESaIcEEEE6UpdateES0_INSB_4NodeEE
FNDA:3998,_ZNK6OctreeIiSt10shared_ptrI10IContainerE17ContainerPositionIiENSt7__cxx1112basic_stringIcSt11char_traitsIcESaIcEEEE13ContainEntityES4_S4_
FNDA:1054,_ZNK6OctreeIiSt10shared_ptrI10IContainerE17ContainerPositionIiENSt7__cxx1112basic_stringIcSt11char_traitsIcESaIcEEEE14checkCollisionES2_S4_St6vectorISt4pairIS4_S2_ESaISE_EE
FNDA:271,_ZN6OctreeIiSt10shared_ptrI10IContainerE17ContainerPositionIiENSt7__cxx1112basic_stringIcSt11char_traitsIcESaIcEEEE6numberERK5PointIiE
FNDA:62,_ZN6OctreeIiSt10shared_ptrI10IContainerE17ContainerPositionIiENSt7__cxx1112basic_stringIcSt11char_traitsIcESaIcEEEE10parsePointERKSA_
FNDA:402,_ZN11BoundingBoxIiEC2ERK5PointIiES4_
FNDA:18060,_ZNK11BoundingBoxIiE8containsER5PointIiE
FNDA:201,_ZNK11BoundingBoxIiE7isValidEi
FNDA:213,_ZN6OctreeIiSt10shared_ptrI10IContainerE17ContainerPositionIiENSt7__cxx1112basic_stringIcSt11char_traitsIcESaIcEEEE4NodeC2E11BoundingBoxIiE
FNDA:1662,_ZNK6OctreeIiSt10shared_ptrI10IContainerE17ContainerPositionIiENSt7__cxx1112basic_stringIcSt11char_traitsIcESaIcEEEE4Node6isLeafEv
FNDA:10433,_ZZNK6OctreeIiSt10shared_ptrI10IContainerE17ContainerPositionIiENSt7__cxx1112basic_stringIcSt11char_traitsIcESaIcEEEE4Node6isLeafEvENKUlRKS0_ISC_EE_clESF_
FNDA:13,_ZN6OctreeIiSt10shared_ptrI10IContainerE17ContainerPositionIiENSt7__cxx1112basic_stringIcSt11char_traitsIcESaIcEEEE4Node6getConEv
FNF:47
FNH:47
DA:66,402
DA:68,18060
DA:69,18060
DA:72,201
DA:73,201
DA:74,201
DA:75,201
DA:76,201
DA:92,213
DA:94,1662
DA:95,12095
DA:98,13
DA:99,13
DA:117,7
DA:118,7
DA:119,7
DA:121,7
DA:124,314
DA:125,314
DA:126,0
DA:128,314
DA:132,95
DA:133,95
DA:134,0
DA:136,95
DA:137,95
DA:138,95
DA:139,855
DA:140,760
DA:141,88
DA:144,95
DA:145,95
DA:160,102
DA:161,102
DA:173,34
DA:174,37
DA:175,37
DA:176,37
DA:184,7
DA:185,7
DA:189,190
DA:190,190
DA:191,0
DA:193,190
DA:194,190
DA:195,47
DA:196,47
DA:198,190
DA:202,11
DA:203,11
DA:204,11
DA:208,28
DA:209,28
DA:210,28
DA:211,28
DA:212,28
DA:213,28
DA:214,0
DA:216,28
DA:217,28
DA:218,28
DA:219,28
DA:222,34
DA:223,34
DA:224,34
DA:225,34
DA:226,34
DA:227,0
DA:231,241
DA:232,241
DA:233,241
DA:234,241
DA:235,0
DA:238,3387
DA:239,3387
DA:240,3387
DA:241,3387
DA:242,3387
DA:243,3387
DA:244,3387
DA:247,8613
DA:249,8613
DA:253,8613
DA:255,8613
DA:259,8967
DA:261,8967
DA:265,8967
DA:267,8967
DA:271,8408
DA:273,8408
DA:277,8258
DA:279,8258
DA:283,2156
DA:285,2156
DA:288,1779
DA:290,1779
DA:294,1727
DA:296,1727
DA:300,1611
DA:302,1611
DA:307,155
DA:309,155
DA:313,553
DA:315,553
DA:324,234
DA:327,234
DA:328,234
DA:329,234
DA:330,234
DA:331,234
DA:332,234
DA:333,234
DA:341,47
DA:342,47
DA:343,25
DA:345,47
DA:346,0
DA:349,47
DA:350,47
DA:352,47
DA:353,47
DA:354,47
DA:356,47
DA:357,47
DA:358,47
DA:359,47
DA:360,47
DA:361,47
DA:362,47
DA:363,47
DA:365,69
DA:366,22
DA:367,22
DA:368,69
DA:369,25
DA:372,22
DA:373,22
DA:374,22
DA:375,22
DA:376,22
DA:377,22
DA:378,22
DA:379,22
DA:380,22
DA:381,22
DA:382,22
DA:383,22
DA:384,22
DA:385,22
DA:386,22
DA:387,22
DA:389,134
DA:390,112
DA:392,312
DA:393,405
DA:394,215
DA:395,204
DA:396,200
DA:397,194
DA:398,188
DA:399,499
DA:400,94
DA:401,94
DA:402,94
DA:403,94
DA:407,112
DA:408,94
DA:410,18
DA:417,12686
DA:418,12686
DA:419,11232
DA:421,1454
DA:422,1014
DA:424,13086
DA:425,11632
DA:430,27257
DA:431,27257
DA:432,23880
DA:434,3377
DA:435,760
DA:437,30393
DA:438,27016
DA:443,5963
DA:444,5963
DA:445,0
DA:447,8356
DA:448,1531
DA:449,1398
DA:450,8356
DA:451,4618
DA:453,1345
DA:454,1188
DA:456,1345
DA:457,2898
DA:458,2576
DA:461,1345
DA:463,1054
DA:465,1054
DA:466,297
DA:467,297
DA:469,757
DA:470,757
DA:472,291
DA:473,208
DA:475,83
DA:479,274
DA:480,274
DA:481,0
DA:483,274
DA:484,213
DA:486,61
DA:487,136
DA:488,112
DA:489,29
DA:490,29
DA:494,32
DA:495,270
DA:496,240
DA:502,252
DA:503,252
DA:504,0
DA:506,252
DA:507,175
DA:509,77
DA:510,21
DA:512,56
DA:513,187
DA:514,159
DA:515,28
DA:516,28
DA:517,28
DA:519,28
DA:520,28
DA:521,28
DA:525,28
DA:526,252
DA:527,224
DA:534,34
DA:535,34
DA:536,85
DA:537,78
DA:538,19
DA:541,7
DA:544,85
DA:545,85
DA:546,81
DA:547,72
DA:548,13
DA:549,13
DA:552,81
DA:553,72
DA:557,85
DA:558,85
DA:559,76
DA:561,81
DA:562,72
DA:564,9
DA:565,45
DA:566,40
DA:567,40
DA:568,40
DA:575,28
DA:576,28
DA:577,28
DA:578,3
DA:579,3
DA:580,3
DA:582,25
DA:583,10
DA:584,10
DA:586,28
DA:589,3998
DA:591,3998
DA:592,3998
DA:593,3998
DA:594,3998
DA:595,3998
DA:596,3998
DA:599,3998
DA:600,3998
DA:601,3998
DA:602,3998
DA:603,3998
DA:604,3998
DA:607,3347
DA:608,8682
DA:609,5335
DA:613,1054
DA:614,8293
DA:615,3998
DA:616,757
DA:619,297
DA:623,271
DA:624,271
DA:628,62
DA:632,62
DA:633,62
DA:634,62
DA:635,62
DA:636,62
DA:637,62
DA:638,62
DA:639,62
DA:640,62
LF:304
LH:294
end_of_record
TN:
SF:/mnt/c/Lab3OOP-delitel/Octree/Point.hpp
FN:17,17,_ZN5PointIiEC2Eiii
FN:18,18,_ZN5PointIiEC2Ev
FN:9,11,_ZNK5PointIiEeqERKS0_
FNDA:1241,_ZN5PointIiEC2Eiii
FNDA:27318,_ZN5PointIiEC2Ev
FNDA:609,_ZNK5PointIiEeqERKS0_
FNF:3
FNH:3
DA:9,609
DA:10,609
DA:17,1241
DA:18,27318
LF:4
LH:4
end_of_record
TN:
SF:/mnt/c/Lab3OOP-delitel/Storage/Storage.cpp
FN:13,15,_ZN7Storage24addExternalCheckFunctionERKSt8functionIFvRS_St10shared_ptrI10IContainerE17ContainerPositionIiEEE
FN:143,166,_ZN7Storage20searchUnderContainerER17ContainerPositionIiE
FN:169,192,_ZN7Storage20searchUpperContainerER17ContainerPositionIiE
FN:18,32,_ZN7StorageC2Eiiiid
FN:196,204,_ZN7Storage13calculatemassESt6vectorISt4pairI17ContainerPositionIiESt10shared_ptrI10IContainerEESaIS7_EEm
FN:207,232,_ZN7Storage12checkSupportER17ContainerPositionIiESt6vectorISt4pairIS1_St10shared_ptrI10IContainerEESaIS8_EE
FN:234,246,_ZN7Storage12addContainerESt10shared_ptrI10IContainerEiii
FN:251,255,_ZNK7Storage19getInfoAboutStorageB5cxx11Ev
FN:259,280,_ZN7Storage7isNoTopERK17ContainerPositionIiE
FN:26,28,_ZZN7StorageC4EiiiidENKUlRS_St10shared_ptrI10IContainerE17ContainerPositionIiEE_clES0_S3_S5_
FN:284,314,_ZN7Storage13moveContainerENSt7__cxx1112basic_stringIcSt11char_traitsIcESaIcEEEiii
FN:29,31,_ZZN7StorageC4EiiiidENKUlRS_St10shared_ptrI10IContainerE17ContainerPositionIiEE0_clES0_S3_S5_
FN:318,358,_ZN7Storage15rotateContainerENSt7__cxx1112basic_stringIcSt11char_traitsIcESaIcEEEi
FN:35,37,_ZN7Storage15comparePositionERSt4pairI17ContainerPositionIiESt10shared_ptrI10IContainerEES7_
FN:361,382,_ZN7Storage10multitreadESt10shared_ptrI10IContainerEiii
FN:384,401,_ZN7Storage13addContainerRESt10shared_ptrI10IContainerEii
FN:40,42,_ZN7Storage22comparePositionReverseERSt4pairI17ContainerPositionIiESt10shared_ptrI10IContainerEES7_
FN:403,418,_ZN7Storage12addContainerB5cxx11ESt10shared_ptrI10IContainerE
FN:421,480,_ZN7Storage15removeContainerENSt7__cxx1112basic_stringIcSt11char_traitsIcESaIcEEE
FN:45,61,_ZN7StorageaSERKS_
FN:483,497,_ZNK7Storage7getInfoB5cxx11Ev
FN:500,516,_ZN7Storage9howContaiESt10shared_ptrI10IContainerERSt6vectorImSaImEEm
FN:519,529,_ZN7Storage12howContainerESt10shared_ptrI10IContainerE
FN:528,528,_ZZN7Storage12howContainerESt10shared_ptrI10IContainerEENKUliiE_clEii
FN:532,545,_ZN7Storage4findENSt7__cxx1112basic_stringIcSt11char_traitsIcESaIcEEE
FN:548,560,_ZNK7Storage17getListContainersB5cxx11Ev
FN:563,576,_ZN7Storage16checkTemperatureERS_St10shared_ptrI10IContainerE17ContainerPositionIiE
FN:579,605,_ZN7Storage13checkPressureERS_St10shared_ptrI10IContainerE17ContainerPositionIiE
FN:608,620,_ZN7Storage24searchAllContainersUpperENSt7__cxx114listISt4pairI17ContainerPositionIiESt10shared_ptrI10IContainerEESaIS8_EEE
FN:64,76,_ZN7StorageC2ERKS_
FN:79,93,_ZN7Storage7getSizeEiii
FN:98,140,_ZN7Storage26calculateContainerPositionEiiiiii
FNDA:1,_ZN7Storage24addExternalCheckFunctionERKSt8functionIFvRS_St10shared_ptrI10IContainerE17ContainerPositionIiEEE
FNDA:178,_ZN7Storage20searchUnderContainerER17ContainerPositionIiE
FNDA:28,_ZN7Storage20searchUpperContainerER17ContainerPositionIiE
FNDA:26,_ZN7StorageC2Eiiiid
FNDA:24,_ZN7Storage13calculatemassESt6vectorISt4pairI17ContainerPositionIiESt10shared_ptrI10IContainerEESaIS7_EEm
FNDA:177,_ZN7Storage12checkSupportER17ContainerPositionIiESt6vectorISt4pairIS1_St10shared_ptrI10IContainerEESaIS8_EE
FNDA:134,_ZN7Storage12addContainerESt10shared_ptrI10IContainerEiii
FNDA:4,_ZNK7Storage19getInfoAboutStorageB5cxx11Ev
FNDA:6,_ZN7Storage7isNoTopERK17ContainerPositionIiE
FNDA:243,_ZZN7StorageC4EiiiidENKUlRS_St10shared_ptrI10IContainerE17ContainerPositionIiEE_clES0_S3_S5_
FNDA:5,_ZN7Storage13moveContainerENSt7__cxx1112basic_stringIcSt11char_traitsIcESaIcEEEiii
FNDA:241,_ZZN7StorageC4EiiiidENKUlRS_St10shared_ptrI10IContainerE17ContainerPositionIiEE0_clES0_S3_S5_
FNDA:5,_ZN7Storage15rotateContainerENSt7__cxx1112basic_stringIcSt11char_traitsIcESaIcEEEi
FNDA:935,_ZN7Storage15comparePositionERSt4pairI17ContainerPositionIiESt10shared_ptrI10IContainerEES7_
FNDA:3254,_ZN7Storage10multitreadESt10shared_ptrI10IContainerEiii
FNDA:124,_ZN7Storage13addContainerRESt10shared_ptrI10IContainerEii
FNDA:74,_ZN7Storage22comparePositionReverseERSt4pairI17ContainerPositionIiESt10shared_ptrI10IContainerEES7_
FNDA:68,_ZN7Storage12addContainerB5cxx11ESt10shared_ptrI10IContainerE
FNDA:10,_ZN7Storage15removeContainerENSt7__cxx1112basic_stringIcSt11char_traitsIcESaIcEEE
FNDA:3,_ZN7StorageaSERKS_
FNDA:15,_ZNK7Storage7getInfoB5cxx11Ev
FNDA:6,_ZN7Storage9howContaiESt10shared_ptrI10IContainerERSt6vectorImSaImEEm
FNDA:1,_ZN7Storage12howContainerESt10shared_ptrI10IContainerE
FNDA:6,_ZZN7Storage12howContainerESt10shared_ptrI10IContainerEENKUliiE_clEii
FNDA:15,_ZN7Storage4findENSt7__cxx1112basic_stringIcSt11char_traitsIcESaIcEEE
FNDA:7,_ZNK7Storage17getListContainersB5cxx11Ev
FNDA:243,_ZN7Storage16checkTemperatureERS_St10shared_ptrI10IContainerE17ContainerPositionIiE
FNDA:241,_ZN7Storage13checkPressureERS_St10shared_ptrI10IContainerE17ContainerPositionIiE
FNDA:6,_ZN7Storage24searchAllContainersUpperENSt7__cxx114listISt4pairI17ContainerPositionIiESt10shared_ptrI10IContainerEESaIS8_EEE
FNDA:8,_ZN7StorageC2ERKS_
FNDA:4,_ZN7Storage7getSizeEiii
FNDA:3387,_ZN7Storage26calculateContainerPositionEiiiiii
FNF:32
FNH:32
DA:13,1
DA:14,1
DA:15,1
DA:18,26
DA:19,26
DA:20,26
DA:21,26
DA:22,26
DA:23,26
DA:24,26
DA:25,26
DA:26,26
DA:27,243
DA:28,241
DA:29,26
DA:30,241
DA:31,131
DA:32,26
DA:35,935
DA:36,935
DA:40,74
DA:41,74
DA:45,3
DA:46,3
DA:47,3
DA:48,3
DA:49,3
DA:50,3
DA:51,3
DA:52,3
DA:53,3
DA:54,3
DA:55,13
DA:56,10
DA:58,3
DA:59,3
DA:60,3
DA:64,8
DA:65,8
DA:66,8
DA:67,8
DA:68,8
DA:69,20
DA:70,12
DA:71,12
DA:72,20
DA:73,12
DA:75,8
DA:76,8
DA:79,4
DA:80,4
DA:81,1
DA:83,3
DA:84,3
DA:85,3
DA:86,13
DA:87,10
DA:89,13
DA:90,10
DA:92,3
DA:93,3
DA:98,3387
DA:99,3387
DA:101,3387
DA:102,3387
DA:103,3387
DA:106,3387
DA:107,3387
DA:108,3387
DA:111,3387
DA:112,3387
DA:113,3387
DA:116,3387
DA:117,3387
DA:118,3387
DA:121,3387
DA:122,3387
DA:123,3387
DA:126,3387
DA:127,3387
DA:128,3387
DA:131,3387
DA:132,3387
DA:133,3387
DA:136,3387
DA:137,3387
DA:138,3387
DA:139,3387
DA:143,178
DA:144,178
DA:145,178
DA:146,178
DA:147,178
DA:148,178
DA:149,178
DA:150,178
DA:151,178
DA:152,178
DA:153,178
DA:154,1963
DA:155,1785
DA:157,3264
DA:158,3811
DA:159,547
DA:160,546
DA:161,546
DA:164,178
DA:165,178
DA:166,178
DA:169,28
DA:170,28
DA:171,28
DA:172,28
DA:173,28
DA:174,28
DA:175,28
DA:176,28
DA:177,28
DA:178,28
DA:179,28
DA:180,375
DA:181,347
DA:183,629
DA:184,776
DA:185,147
DA:186,47
DA:187,47
DA:190,28
DA:191,28
DA:192,28
DA:196,24
DA:197,24
DA:198,43
DA:199,19
DA:200,19
DA:203,24
DA:207,177
DA:208,177
DA:209,177
DA:210,177
DA:211,177
DA:212,177
DA:214,186
DA:215,183
DA:216,174
DA:218,183
DA:219,105
DA:221,78
DA:222,61
DA:224,78
DA:225,55
DA:227,78
DA:228,69
DA:231,3
DA:234,134
DA:235,134
DA:236,1
DA:238,133
DA:239,133
DA:240,133
DA:241,3
DA:243,136
DA:244,124
DA:245,124
DA:246,133
DA:251,4
DA:252,8
DA:253,12
DA:254,4
DA:259,6
DA:260,6
DA:261,6
DA:262,6
DA:263,6
DA:264,6
DA:265,6
DA:266,6
DA:267,6
DA:268,6
DA:270,22
DA:271,18
DA:272,30
DA:273,38
DA:274,8
DA:275,2
DA:277,18
DA:279,4
DA:280,6
DA:284,5
DA:285,5
DA:286,1
DA:288,4
DA:289,4
DA:290,1
DA:292,3
DA:293,9
DA:294,9
DA:295,3
DA:296,3
DA:297,3
DA:298,3
DA:301,3
DA:302,1
DA:303,1
DA:304,1
DA:307,3
DA:308,1
DA:309,1
DA:310,1
DA:311,1
DA:312,1
DA:313,1
DA:314,6
DA:318,5
DA:319,5
DA:320,5
DA:321,1
DA:323,4
DA:324,5
DA:325,5
DA:326,4
DA:327,4
DA:328,4
DA:329,4
DA:332,4
DA:333,4
DA:334,1
DA:335,1
DA:336,1
DA:338,3
DA:339,3
DA:340,1
DA:341,1
DA:342,1
DA:344,2
DA:345,2
DA:346,2
DA:347,2
DA:349,3
DA:350,1
DA:351,1
DA:352,1
DA:353,1
DA:354,1
DA:355,1
DA:356,1
DA:357,1
DA:358,12
DA:361,3254
DA:362,3254
DA:363,3254
DA:364,3254
DA:365,3254
DA:366,3254
DA:367,3254
DA:368,3087
DA:370,273
DA:371,61
DA:372,61
DA:373,61
DA:374,61
DA:375,61
DA:376,61
DA:378,0
DA:379,0
DA:380,0
DA:382,6508
DA:384,124
DA:385,124
DA:386,205
DA:387,1185
DA:388,4297
DA:390,3310
DA:391,56
DA:393,6447
DA:394,61
DA:395,3193
DA:396,3193
DA:400,7
DA:401,124
DA:403,68
DA:404,68
DA:405,192
DA:406,124
DA:407,124
DA:409,192
DA:410,124
DA:412,68
DA:413,14
DA:415,61
DA:416,61
DA:418,68
DA:421,10
DA:422,10
DA:423,11
DA:424,9
DA:425,9
DA:427,3
DA:430,6
DA:431,6
DA:432,6
DA:433,6
DA:434,6
DA:439,25
DA:440,19
DA:441,19
DA:442,19
DA:446,6
DA:449,6
DA:450,24
DA:451,19
DA:452,19
DA:455,19
DA:456,1
DA:457,1
DA:458,0
DA:460,1
DA:461,2
DA:462,1
DA:464,1
DA:469,18
DA:473,20
DA:475,23
DA:476,18
DA:478,5
DA:479,9
DA:480,12
DA:483,15
DA:484,15
DA:485,15
DA:486,15
DA:487,2
DA:489,99
DA:490,85
DA:491,170
DA:492,340
DA:493,255
DA:496,14
DA:497,15
DA:500,6
DA:501,6
DA:502,6
DA:503,6
DA:506,48
DA:507,42
DA:508,42
DA:509,42
DA:511,6
DA:512,6
DA:515,6
DA:516,6
DA:519,1
DA:520,1
DA:521,1
DA:522,7
DA:523,6
DA:525,7
DA:526,6
DA:528,8
DA:529,1
DA:532,15
DA:533,15
DA:534,15
DA:535,2
DA:537,13
DA:538,20
DA:539,20
DA:540,13
DA:541,13
DA:543,13
DA:544,13
DA:545,15
DA:548,7
DA:549,7
DA:550,7
DA:551,102
DA:552,95
DA:553,94
DA:554,64
DA:557,95
DA:559,7
DA:560,7
DA:563,243
DA:564,243
DA:565,243
DA:566,241
DA:568,2
DA:569,0
DA:571,4
DA:572,2
DA:574,2
DA:576,243
DA:579,241
DA:580,241
DA:581,0
DA:583,241
DA:584,178
DA:585,178
DA:586,1
DA:588,177
DA:589,108
DA:591,246
DA:592,178
DA:593,178
DA:594,154
DA:596,178
DA:597,178
DA:598,154
DA:600,24
DA:601,1
DA:603,178
DA:604,178
DA:605,131
DA:608,6
DA:609,25
DA:610,19
DA:611,19
DA:612,40
DA:613,28
DA:614,0
DA:618,19
DA:619,6
LF:422
LH:415
end_of_record
TN:
SF:/mnt/c/Lab3OOP-delitel/Storage/Storage.hpp
FN:55,56,_ZN7StorageD2Ev
FNDA:0,_ZN7StorageD2Ev
FNF:1
FNH:0
DA:55,0
DA:56,0
LF:2
LH:0
end_of_record
TN:
SF:/mnt/c/Lab3OOP-delitel/Terminal/Terminal.cpp
FN:10,16,_ZN8Terminal6removeEi
FN:18,23,_ZN8Terminal14setsizeStorageEiiii
FN:25,32,_ZN8Terminal10getallInfoERSo
FN:3,8,_ZN8Terminal3addEiP7Storage
FN:35,40,_ZN8Terminal4findEi
FN:42,47,_ZN8TerminalD2Ev
FNDA:2,_ZN8Terminal6removeEi
FNDA:2,_ZN8Terminal14setsizeStorageEiiii
FNDA:1,_ZN8Terminal10getallInfoERSo
FNDA:8,_ZN8Terminal3addEiP7Storage
FNDA:2,_ZN8Terminal4findEi
FNDA:9,_ZN8TerminalD2Ev
FNF:6
FNH:6
DA:3,8
DA:4,8
DA:5,1
DA:7,7
DA:8,7
DA:10,2
DA:11,2
DA:12,1
DA:14,1
DA:15,1
DA:16,1
DA:18,2
DA:19,2
DA:20,1
DA:22,1
DA:23,1
DA:25,1
DA:26,2
DA:27,1
DA:28,1
DA:29,1
DA:30,1
DA:32,1
DA:35,2
DA:36,2
DA:37,1
DA:39,1
DA:42,9
DA:43,15
DA:44,6
DA:46,9
DA:47,9
LF:32
LH:32
end_of_record
TN:
SF:/usr/include/c++/14/array
FN:137,138,_ZNKSt5arrayISt10shared_ptrIN6OctreeIiS0_I10IContainerE17ContainerPositionIiENSt7__cxx1112basic_stringIcSt11char_traitsIcESaIcEEEE4NodeEELm8EE5beginEv
FN:147,148,_ZNKSt5arrayISt10shared_ptrIN6OctreeIiS0_I10IContainerE17ContainerPositionIiENSt7__cxx1112basic_stringIcSt11char_traitsIcESaIcEEEE4NodeEELm8EE3endEv
FN:206,210,_ZNSt5arrayISt10shared_ptrIN6OctreeIiS0_I10IContainerE17ContainerPositionIiENSt7__cxx1112basic_stringIcSt11char_traitsIcESaIcEEEE4NodeEELm8EEixEm
FN:287,288,_ZNKSt5arrayISt10shared_ptrIN6OctreeIiS0_I10IContainerE17ContainerPositionIiENSt7__cxx1112basic_stringIcSt11char_traitsIcESaIcEEEE4NodeEELm8EE4dataEv
FNDA:1662,_ZNKSt5arrayISt10shared_ptrIN6OctreeIiS0_I10IContainerE17ContainerPositionIiENSt7__cxx1112basic_stringIcSt11char_traitsIcESaIcEEEE4NodeEELm8EE5beginEv
FNDA:1662,_ZNKSt5arrayISt10shared_ptrIN6OctreeIiS0_I10IContainerE17ContainerPositionIiENSt7__cxx1112basic_stringIcSt11char_traitsIcESaIcEEEE4NodeEELm8EE3endEv
FNDA:44663,_ZNSt5arrayISt10shared_ptrIN6OctreeIiS0_I10IContainerE17ContainerPositionIiENSt7__cxx1112basic_stringIcSt11char_traitsIcESaIcEEEE4NodeEELm8EEixEm
FNDA:3324,_ZNKSt5arrayISt10shared_ptrIN6OctreeIiS0_I10IContainerE17ContainerPositionIiENSt7__cxx1112basic_stringIcSt11char_traitsIcESaIcEEEE4NodeEELm8EE4dataEv
FNF:4
FNH:4
DA:137,1662
DA:138,1662
DA:147,1662
DA:148,1662
DA:206,44663
DA:209,44663
DA:287,3324
DA:288,3324
LF:8
LH:8
end_of_record
TN:
SF:/usr/include/c++/14/atomic
FN:108,109,_ZNSt6atomicIbE5storeEbSt12memory_order
FN:116,117,_ZNKSt6atomicIbE4loadESt12memory_order
FN:81,81,_ZNSt6atomicIbEC2Eb
FNDA:122,_ZNSt6atomicIbE5storeEbSt12memory_order
FNDA:3439,_ZNKSt6atomicIbE4loadESt12memory_order
FNDA:34,_ZNSt6atomicIbEC2Eb
FNF:3
FNH:3
DA:81,34
DA:108,122
DA:109,122
DA:116,3439
DA:117,6878
LF:5
LH:5
end_of_record
TN:
SF:/usr/include/c++/14/bit
FN:201,243,_ZSt13__countl_zeroImEiT_
FN:371,375,_ZSt11__bit_widthImEiT_
FNDA:207,_ZSt13__countl_zeroImEiT_
FNDA:207,_ZSt11__bit_widthImEiT_
FNF:2
FNH:2
DA:201,207
DA:204,207
DA:206,207
DA:207,0
DA:209,207
DA:210,207
DA:211,207
DA:220,207
DA:221,207
DA:371,207
DA:373,207
DA:374,207
LF:12
LH:11
end_of_record
TN:
SF:/usr/include/c++/14/bits/alloc_traits.h
FNF:0
FNH:0
DA:509,143359
DA:544,143310
DA:571,12608
DA:575,12608
DA:593,8675
DA:595,8675
DA:609,0
DA:621,1285
DA:694,275
DA:708,275
DA:755,0
DA:788,6
DA:792,6
DA:981,149249
DA:982,149249
LF:15
LH:13
end_of_record
TN:
SF:/usr/include/c++/14/bits/allocated_ptr.h
FN:53,55,_ZNSt15__allocated_ptrISaISt10_List_nodeISt4pairI17ContainerPositionIiESt10shared_ptrI10IContainerEEEEEC2ERS9_PS8_
FN:53,55,_ZNSt15__allocated_ptrISaISt23_Sp_counted_ptr_inplaceIN6OctreeIiSt10shared_ptrI10IContainerE17ContainerPositionIiENSt7__cxx1112basic_stringIcSt11char_traitsIcESaIcEEEE4NodeESaIvELN9__gnu_cxx12_Lock_policyE2EEEEC2ERSJ_PSI_
FN:53,55,_ZNSt15__allocated_ptrISaISt23_Sp_counted_ptr_inplaceINSt8__detail4_NFAINSt7__cxx1112regex_traitsIcEEEESaIvELN9__gnu_cxx12_Lock_policyE2EEEEC2ERSB_PSA_
FN:71,75,_ZNSt15__allocated_ptrISaISt10_List_nodeISt4pairI17ContainerPositionIiESt10shared_ptrI10IContainerEEEEED2Ev
FN:71,75,_ZNSt15__allocated_ptrISaISt23_Sp_counted_ptr_inplaceIN6OctreeIiSt10shared_ptrI10IContainerE17ContainerPositionIiENSt7__cxx1112basic_stringIcSt11char_traitsIcESaIcEEEE4NodeESaIvELN9__gnu_cxx12_Lock_policyE2EEEED2Ev
FN:71,75,_ZNSt15__allocated_ptrISaISt23_Sp_counted_ptr_inplaceINSt8__detail4_NFAINSt7__cxx1112regex_traitsIcEEEESaIvELN9__gnu_cxx12_Lock_policyE2EEEED2Ev
FN:79,83,_ZNSt15__allocated_ptrISaISt10_List_nodeISt4pairI17ContainerPositionIiESt10shared_ptrI10IContainerEEEEEaSEDn
FN:79,83,_ZNSt15__allocated_ptrISaISt23_Sp_counted_ptr_inplaceIN6OctreeIiSt10shared_ptrI10IContainerE17ContainerPositionIiENSt7__cxx1112basic_stringIcSt11char_traitsIcESaIcEEEE4NodeESaIvELN9__gnu_cxx12_Lock_policyE2EEEEaSEDn
FN:79,83,_ZNSt15__allocated_ptrISaISt23_Sp_counted_ptr_inplaceINSt8__detail4_NFAINSt7__cxx1112regex_traitsIcEEEESaIvELN9__gnu_cxx12_Lock_policyE2EEEEaSEDn
FN:86,86,_ZNSt15__allocated_ptrISaISt23_Sp_counted_ptr_inplaceIN6OctreeIiSt10shared_ptrI10IContainerE17ContainerPositionIiENSt7__cxx1112basic_stringIcSt11char_traitsIcESaIcEEEE4NodeESaIvELN9__gnu_cxx12_Lock_policyE2EEEE3getEv
FN:86,86,_ZNSt15__allocated_ptrISaISt23_Sp_counted_ptr_inplaceINSt8__detail4_NFAINSt7__cxx1112regex_traitsIcEEEESaIvELN9__gnu_cxx12_Lock_policyE2EEEE3getEv
FN:96,99,_ZSt18__allocate_guardedISaISt23_Sp_counted_ptr_inplaceIN6OctreeIiSt10shared_ptrI10IContainerE17ContainerPositionIiENSt7__cxx1112basic_stringIcSt11char_traitsIcESaIcEEEE4NodeESaIvELN9__gnu_cxx12_Lock_policyE2EEEESt15__allocated_ptrIT_ERSL_
FN:96,99,_ZSt18__allocate_guardedISaISt23_Sp_counted_ptr_inplaceINSt8__detail4_NFAINSt7__cxx1112regex_traitsIcEEEESaIvELN9__gnu_cxx12_Lock_policyE2EEEESt15__allocated_ptrIT_ERSD_
FNDA:57,_ZNSt15__allocated_ptrISaISt10_List_nodeISt4pairI17ContainerPositionIiESt10shared_ptrI10IContainerEEEEEC2ERS9_PS8_
FNDA:426,_ZNSt15__allocated_ptrISaISt23_Sp_counted_ptr_inplaceIN6OctreeIiSt10shared_ptrI10IContainerE17ContainerPositionIiENSt7__cxx1112basic_stringIcSt11char_traitsIcESaIcEEEE4NodeESaIvELN9__gnu_cxx12_Lock_policyE2EEEEC2ERSJ_PSI_
FNDA:124,_ZNSt15__allocated_ptrISaISt23_Sp_counted_ptr_inplaceINSt8__detail4_NFAINSt7__cxx1112regex_traitsIcEEEESaIvELN9__gnu_cxx12_Lock_policyE2EEEEC2ERSB_PSA_
FNDA:57,_ZNSt15__allocated_ptrISaISt10_List_nodeISt4pairI17ContainerPositionIiESt10shared_ptrI10IContainerEEEEED2Ev
FNDA:426,_ZNSt15__allocated_ptrISaISt23_Sp_counted_ptr_inplaceIN6OctreeIiSt10shared_ptrI10IContainerE17ContainerPositionIiENSt7__cxx1112basic_stringIcSt11char_traitsIcESaIcEEEE4NodeESaIvELN9__gnu_cxx12_Lock_policyE2EEEED2Ev
FNDA:124,_ZNSt15__allocated_ptrISaISt23_Sp_counted_ptr_inplaceINSt8__detail4_NFAINSt7__cxx1112regex_traitsIcEEEESaIvELN9__gnu_cxx12_Lock_policyE2EEEED2Ev
FNDA:57,_ZNSt15__allocated_ptrISaISt10_List_nodeISt4pairI17ContainerPositionIiESt10shared_ptrI10IContainerEEEEEaSEDn
FNDA:213,_ZNSt15__allocated_ptrISaISt23_Sp_counted_ptr_inplaceIN6OctreeIiSt10shared_ptrI10IContainerE17ContainerPositionIiENSt7__cxx1112basic_stringIcSt11char_traitsIcESaIcEEEE4NodeESaIvELN9__gnu_cxx12_Lock_policyE2EEEEaSEDn
FNDA:62,_ZNSt15__allocated_ptrISaISt23_Sp_counted_ptr_inplaceINSt8__detail4_NFAINSt7__cxx1112regex_traitsIcEEEESaIvELN9__gnu_cxx12_Lock_policyE2EEEEaSEDn
FNDA:213,_ZNSt15__allocated_ptrISaISt23_Sp_counted_ptr_inplaceIN6OctreeIiSt10shared_ptrI10IContainerE17ContainerPositionIiENSt7__cxx1112basic_stringIcSt11char_traitsIcESaIcEEEE4NodeESaIvELN9__gnu_cxx12_Lock_policyE2EEEE3getEv
FNDA:62,_ZNSt15__allocated_ptrISaISt23_Sp_counted_ptr_inplaceINSt8__detail4_NFAINSt7__cxx1112regex_traitsIcEEEESaIvELN9__gnu_cxx12_Lock_policyE2EEEE3getEv
FNDA:213,_ZSt18__allocate_guardedISaISt23_Sp_counted_ptr_inplaceIN6OctreeIiSt10shared_ptrI10IContainerE17ContainerPositionIiENSt7__cxx1112basic_stringIcSt11char_traitsIcESaIcEEEE4NodeESaIvELN9__gnu_cxx12_Lock_policyE2EEEESt15__allocated_ptrIT_ERSL_
FNDA:62,_ZSt18__allocate_guardedISaISt23_Sp_counted_ptr_inplaceINSt8__detail4_NFAINSt7__cxx1112regex_traitsIcEEEESaIvELN9__gnu_cxx12_Lock_policyE2EEEESt15__allocated_ptrIT_ERSD_
FNF:13
FNH:13
DA:53,607
DA:54,607
DA:55,607
DA:71,607
DA:73,607
DA:74,275
DA:75,607
DA:79,332
DA:81,332
DA:82,332
DA:86,275
DA:96,275
DA:98,275
LF:13
LH:13
end_of_record
TN:
SF:/usr/include/c++/14/bits/allocator.h
FNF:0
FNH:0
DA:161,281178
DA:166,287042
DA:176,714
DA:182,421569
DA:189,143359
DA:191,0
DA:192,0
DA:193,0
DA:196,143359
DA:203,143310
DA:205,0
DA:206,0
DA:208,143310
DA:215,6
LF:14
LH:9
end_of_record
TN:
SF:/usr/include/c++/14/bits/atomic_base.h
FN:109,112,_ZStanSt12memory_orderSt23__memory_order_modifier
FN:358,358,_ZNSt13__atomic_baseIbEC2Eb
FNDA:3561,_ZStanSt12memory_orderSt23__memory_order_modifier
FNDA:34,_ZNSt13__atomic_baseIbEC2Eb
FNF:2
FNH:2
DA:109,3561
DA:111,3561
DA:358,34
DA:472,122
DA:473,122
DA:474,122
DA:475,122
DA:477,122
DA:478,122
DA:497,3439
DA:498,3439
DA:499,3439
DA:501,3439
LF:13
LH:13
end_of_record
TN:
SF:/usr/include/c++/14/bits/basic_string.h
FN:1076,1077,_ZNKSt7__cxx1112basic_stringIcSt11char_traitsIcESaIcEE4sizeEv
FN:1083,1084,_ZNKSt7__cxx1112basic_stringIcSt11char_traitsIcESaIcEE6lengthEv
FN:1089,1090,_ZNKSt7__cxx1112basic_stringIcSt11char_traitsIcESaIcEE8max_sizeEv
FN:1180,1184,_ZNKSt7__cxx1112basic_stringIcSt11char_traitsIcESaIcEE8capacityEv
FN:1222,1223,_ZNSt7__cxx1112basic_stringIcSt11char_traitsIcESaIcEE5clearEv
FN:1231,1232,_ZNKSt7__cxx1112basic_stringIcSt11char_traitsIcESaIcEE5emptyEv
FN:1247,1251,_ZNKSt7__cxx1112basic_stringIcSt11char_traitsIcESaIcEEixEm
FN:1265,1273,_ZNSt7__cxx1112basic_stringIcSt11char_traitsIcESaIcEEixEm
FN:129,142,_ZNSt7__cxx1112basic_stringIcSt11char_traitsIcESaIcEE11_S_allocateERS3_m
FN:1377,1378,_ZNSt7__cxx1112basic_stringIcSt11char_traitsIcESaIcEEpLERKS4_
FN:1397,1401,_ZNSt7__cxx1112basic_stringIcSt11char_traitsIcESaIcEEpLEc
FN:1435,1436,_ZNSt7__cxx1112basic_stringIcSt11char_traitsIcESaIcEE6appendERKS4_
FN:1466,1471,_ZNSt7__cxx1112basic_stringIcSt11char_traitsIcESaIcEE6appendEPKcm
FN:1480,1486,_ZNSt7__cxx1112basic_stringIcSt11char_traitsIcESaIcEE6appendEPKc
FN:1572,1579,_ZNSt7__cxx1112basic_stringIcSt11char_traitsIcESaIcEE9push_backEc
FN:1588,1621,_ZNSt7__cxx1112basic_stringIcSt11char_traitsIcESaIcEE6assignERKS4_
FN:1710,1711,_ZNSt7__cxx1112basic_stringIcSt11char_traitsIcESaIcEE6assignEmc
FN:193,194,_ZNSt7__cxx1112basic_stringIcSt11char_traitsIcESaIcEE12_Alloc_hiderC2EPcRKS3_
FN:1939,1941,_ZNSt7__cxx1112basic_stringIcSt11char_traitsIcESaIcEE6insertEmRKS4_
FN:197,198,_ZNSt7__cxx1112basic_stringIcSt11char_traitsIcESaIcEE12_Alloc_hiderC2EPcOS3_
FN:2007,2012,_ZNSt7__cxx1112basic_stringIcSt11char_traitsIcESaIcEE6insertEmPKc
FN:217,218,_ZNSt7__cxx1112basic_stringIcSt11char_traitsIcESaIcEE7_M_dataEPc
FN:222,223,_ZNSt7__cxx1112basic_stringIcSt11char_traitsIcESaIcEE9_M_lengthEm
FN:2249,2255,_ZNSt7__cxx1112basic_stringIcSt11char_traitsIcESaIcEE7replaceEmmPKcm
FN:227,228,_ZNKSt7__cxx1112basic_stringIcSt11char_traitsIcESaIcEE7_M_dataEv
FN:232,239,_ZNSt7__cxx1112basic_stringIcSt11char_traitsIcESaIcEE13_M_local_dataEv
FN:243,250,_ZNKSt7__cxx1112basic_stringIcSt11char_traitsIcESaIcEE13_M_local_dataEv
FN:254,255,_ZNSt7__cxx1112basic_stringIcSt11char_traitsIcESaIcEE11_M_capacityEm
FN:259,263,_ZNSt7__cxx1112basic_stringIcSt11char_traitsIcESaIcEE13_M_set_lengthEm
FN:2640,2641,_ZNKSt7__cxx1112basic_stringIcSt11char_traitsIcESaIcEE5c_strEv
FN:2653,2654,_ZNKSt7__cxx1112basic_stringIcSt11char_traitsIcESaIcEE4dataEv
FN:2665,2666,_ZNSt7__cxx1112basic_stringIcSt11char_traitsIcESaIcEE4dataEv
FN:267,276,_ZNKSt7__cxx1112basic_stringIcSt11char_traitsIcESaIcEE11_M_is_localEv
FN:2674,2675,_ZNKSt7__cxx1112basic_stringIcSt11char_traitsIcESaIcEE13get_allocatorEv
FN:285,289,_ZNSt7__cxx1112basic_stringIcSt11char_traitsIcESaIcEE10_M_disposeEv
FN:293,294,_ZNSt7__cxx1112basic_stringIcSt11char_traitsIcESaIcEE10_M_destroyEm
FN:3228,3238,_ZNKSt7__cxx1112basic_stringIcSt11char_traitsIcESaIcEE7compareERKS4_
FN:341,342,_ZNSt7__cxx1112basic_stringIcSt11char_traitsIcESaIcEE16_M_get_allocatorEv
FN:346,347,_ZNKSt7__cxx1112basic_stringIcSt11char_traitsIcESaIcEE16_M_get_allocatorEv
FN:3573,3586,_ZSt12__str_concatINSt7__cxx1112basic_stringIcSt11char_traitsIcESaIcEEEET_PKNS6_10value_typeENS6_9size_typeES9_SA_RKNS6_14allocator_typeE
FN:3616,3624,_ZStplIcSt11char_traitsIcESaIcEENSt7__cxx1112basic_stringIT_T0_T1_EEPKS5_RKS8_
FN:3696,3714,_ZStplIcSt11char_traitsIcESaIcEENSt7__cxx1112basic_stringIT_T0_T1_EEOS8_S9_
FN:3719,3721,_ZStplIcSt11char_traitsIcESaIcEENSt7__cxx1112basic_stringIT_T0_T1_EEPKS5_OS8_
FN:3733,3735,_ZStplIcSt11char_traitsIcESaIcEENSt7__cxx1112basic_stringIT_T0_T1_EEOS8_PKS5_
FN:3755,3761,_ZSteqIcSt11char_traitsIcESaIcEEbRKNSt7__cxx1112basic_stringIT_T0_T1_EESA_
FN:3772,3777,_ZSteqIcSt11char_traitsIcESaIcEEbRKNSt7__cxx1112basic_stringIT_T0_T1_EEPKS5_
FN:3790,3793,_ZStssIcSt11char_traitsIcESaIcEEDTcl21__char_traits_cmp_catIT0_ELi0EEERKNSt7__cxx1112basic_stringIT_S3_T1_EESB_
FN:391,398,_ZNKSt7__cxx1112basic_stringIcSt11char_traitsIcESaIcEE8_M_checkEmPKc
FN:402,406,_ZNKSt7__cxx1112basic_stringIcSt11char_traitsIcESaIcEE15_M_check_lengthEmmPKc
FN:412,416,_ZNKSt7__cxx1112basic_stringIcSt11char_traitsIcESaIcEE8_M_limitEmm
FN:4199,4200,_ZNSt7__cxx114stodERKNS_12basic_stringIcSt11char_traitsIcESaIcEEEPm
FN:420,424,_ZNKSt7__cxx1112basic_stringIcSt11char_traitsIcESaIcEE11_M_disjunctEPKc
FN:4240,4255,_ZNSt7__cxx119to_stringEi
FN:4249,4253,_ZZNSt7__cxx119to_stringEiENKUlPcmE_clES0_m
FN:430,436,_ZNSt7__cxx1112basic_stringIcSt11char_traitsIcESaIcEE7_S_copyEPcPKcm
FN:440,446,_ZNSt7__cxx1112basic_stringIcSt11char_traitsIcESaIcEE7_S_moveEPcPKcm
FN:4411,4417,_ZNSt7__cxx119to_stringEd
FN:450,456,_ZNSt7__cxx1112basic_stringIcSt11char_traitsIcESaIcEE9_S_assignEPcmc
FN:471,472,_ZNSt7__cxx1112basic_stringIcSt11char_traitsIcESaIcEE13_S_copy_charsEPcN9__gnu_cxx17__normal_iteratorIS5_S4_EES8_
FN:476,478,_ZNSt7__cxx1112basic_stringIcSt11char_traitsIcESaIcEE13_S_copy_charsEPcN9__gnu_cxx17__normal_iteratorIPKcS4_EESA_
FN:482,483,_ZNSt7__cxx1112basic_stringIcSt11char_traitsIcESaIcEE13_S_copy_charsEPcS5_S5_
FN:487,489,_ZNSt7__cxx1112basic_stringIcSt11char_traitsIcESaIcEE13_S_copy_charsEPcPKcS7_
FN:493,503,_ZNSt7__cxx1112basic_stringIcSt11char_traitsIcESaIcEE10_S_compareEmm
FN:527,533,_ZNSt7__cxx1112basic_stringIcSt11char_traitsIcESaIcEEC2Ev
FN:540,545,_ZNSt7__cxx1112basic_stringIcSt11char_traitsIcESaIcEEC2ERKS3_
FN:552,558,_ZNSt7__cxx1112basic_stringIcSt11char_traitsIcESaIcEEC2ERKS4_
FN:646,655,_ZNSt7__cxx1112basic_stringIcSt11char_traitsIcESaIcEEC2IS3_EEPKcRKS3_
FN:669,671,_ZNSt7__cxx1112basic_stringIcSt11char_traitsIcESaIcEEC2IS3_EEmcRKS3_
FN:682,703,_ZNSt7__cxx1112basic_stringIcSt11char_traitsIcESaIcEEC2EOS4_
FN:765,775,_ZNSt7__cxx1112basic_stringIcSt11char_traitsIcESaIcEEC2IN9__gnu_cxx17__normal_iteratorIPKcS4_EEvEET_SB_RKS3_
FN:765,775,_ZNSt7__cxx1112basic_stringIcSt11char_traitsIcESaIcEEC2IN9__gnu_cxx17__normal_iteratorIPcS4_EEvEET_SA_RKS3_
FN:765,775,_ZNSt7__cxx1112basic_stringIcSt11char_traitsIcESaIcEEC2IPcvEET_S7_RKS3_
FN:808,809,_ZNSt7__cxx1112basic_stringIcSt11char_traitsIcESaIcEED2Ev
FN:817,820,_ZNSt7__cxx1112basic_stringIcSt11char_traitsIcESaIcEEaSERKS4_
FN:858,918,_ZNSt7__cxx1112basic_stringIcSt11char_traitsIcESaIcEEaSEOS4_
FN:960,961,_ZNSt7__cxx1112basic_stringIcSt11char_traitsIcESaIcEE5beginEv
FN:969,970,_ZNKSt7__cxx1112basic_stringIcSt11char_traitsIcESaIcEE5beginEv
FN:978,979,_ZNSt7__cxx1112basic_stringIcSt11char_traitsIcESaIcEE3endEv
FN:987,988,_ZNKSt7__cxx1112basic_stringIcSt11char_traitsIcESaIcEE3endEv
FNDA:0,_ZNKSt7__cxx1112basic_stringIcSt11char_traitsIcESaIcEE4sizeEv
FNDA:0,_ZNKSt7__cxx1112basic_stringIcSt11char_traitsIcESaIcEE6lengthEv
FNDA:0,_ZNKSt7__cxx1112basic_stringIcSt11char_traitsIcESaIcEE8max_sizeEv
FNDA:0,_ZNKSt7__cxx1112basic_stringIcSt11char_traitsIcESaIcEE8capacityEv
FNDA:0,_ZNSt7__cxx1112basic_stringIcSt11char_traitsIcESaIcEE5clearEv
FNDA:0,_ZNKSt7__cxx1112basic_stringIcSt11char_traitsIcESaIcEE5emptyEv
FNDA:0,_ZNKSt7__cxx1112basic_stringIcSt11char_traitsIcESaIcEEixEm
FNDA:868,_ZNSt7__cxx1112basic_stringIcSt11char_traitsIcESaIcEEixEm
FNDA:0,_ZNSt7__cxx1112basic_stringIcSt11char_traitsIcESaIcEE11_S_allocateERS3_m
FNDA:0,_ZNSt7__cxx1112basic_stringIcSt11char_traitsIcESaIcEEpLERKS4_
FNDA:558,_ZNSt7__cxx1112basic_stringIcSt11char_traitsIcESaIcEEpLEc
FNDA:0,_ZNSt7__cxx1112basic_stringIcSt11char_traitsIcESaIcEE6appendERKS4_
FNDA:0,_ZNSt7__cxx1112basic_stringIcSt11char_traitsIcESaIcEE6appendEPKcm
FNDA:0,_ZNSt7__cxx1112basic_stringIcSt11char_traitsIcESaIcEE6appendEPKc
FNDA:558,_ZNSt7__cxx1112basic_stringIcSt11char_traitsIcESaIcEE9push_backEc
FNDA:0,_ZNSt7__cxx1112basic_stringIcSt11char_traitsIcESaIcEE6assignERKS4_
FNDA:868,_ZNSt7__cxx1112basic_stringIcSt11char_traitsIcESaIcEE6assignEmc
FNDA:0,_ZNSt7__cxx1112basic_stringIcSt11char_traitsIcESaIcEE12_Alloc_hiderC2EPcRKS3_
FNDA:0,_ZNSt7__cxx1112basic_stringIcSt11char_traitsIcESaIcEE6insertEmRKS4_
FNDA:0,_ZNSt7__cxx1112basic_stringIcSt11char_traitsIcESaIcEE12_Alloc_hiderC2EPcOS3_
FNDA:4,_ZNSt7__cxx1112basic_stringIcSt11char_traitsIcESaIcEE6insertEmPKc
FNDA:0,_ZNSt7__cxx1112basic_stringIcSt11char_traitsIcESaIcEE7_M_dataEPc
FNDA:0,_ZNSt7__cxx1112basic_stringIcSt11char_traitsIcESaIcEE9_M_lengthEm
FNDA:0,_ZNSt7__cxx1112basic_stringIcSt11char_traitsIcESaIcEE7replaceEmmPKcm
FNDA:0,_ZNKSt7__cxx1112basic_stringIcSt11char_traitsIcESaIcEE7_M_dataEv
FNDA:0,_ZNSt7__cxx1112basic_stringIcSt11char_traitsIcESaIcEE13_M_local_dataEv
FNDA:0,_ZNKSt7__cxx1112basic_stringIcSt11char_traitsIcESaIcEE13_M_local_dataEv
FNDA:0,_ZNSt7__cxx1112basic_stringIcSt11char_traitsIcESaIcEE11_M_capacityEm
FNDA:0,_ZNSt7__cxx1112basic_stringIcSt11char_traitsIcESaIcEE13_M_set_lengthEm
FNDA:0,_ZNKSt7__cxx1112basic_stringIcSt11char_traitsIcESaIcEE5c_strEv
FNDA:0,_ZNKSt7__cxx1112basic_stringIcSt11char_traitsIcESaIcEE4dataEv
FNDA:274536,_ZNSt7__cxx1112basic_stringIcSt11char_traitsIcESaIcEE4dataEv
FNDA:0,_ZNKSt7__cxx1112basic_stringIcSt11char_traitsIcESaIcEE11_M_is_localEv
FNDA:0,_ZNKSt7__cxx1112basic_stringIcSt11char_traitsIcESaIcEE13get_allocatorEv
FNDA:0,_ZNSt7__cxx1112basic_stringIcSt11char_traitsIcESaIcEE10_M_disposeEv
FNDA:0,_ZNSt7__cxx1112basic_stringIcSt11char_traitsIcESaIcEE10_M_destroyEm
FNDA:0,_ZNKSt7__cxx1112basic_stringIcSt11char_traitsIcESaIcEE7compareERKS4_
FNDA:0,_ZNSt7__cxx1112basic_stringIcSt11char_traitsIcESaIcEE16_M_get_allocatorEv
FNDA:0,_ZNKSt7__cxx1112basic_stringIcSt11char_traitsIcESaIcEE16_M_get_allocatorEv
FNDA:0,_ZSt12__str_concatINSt7__cxx1112basic_stringIcSt11char_traitsIcESaIcEEEET_PKNS6_10value_typeENS6_9size_typeES9_SA_RKNS6_14allocator_typeE
FNDA:0,_ZStplIcSt11char_traitsIcESaIcEENSt7__cxx1112basic_stringIT_T0_T1_EEPKS5_RKS8_
FNDA:0,_ZStplIcSt11char_traitsIcESaIcEENSt7__cxx1112basic_stringIT_T0_T1_EEOS8_S9_
FNDA:4,_ZStplIcSt11char_traitsIcESaIcEENSt7__cxx1112basic_stringIT_T0_T1_EEPKS5_OS8_
FNDA:0,_ZStplIcSt11char_traitsIcESaIcEENSt7__cxx1112basic_stringIT_T0_T1_EEOS8_PKS5_
FNDA:0,_ZSteqIcSt11char_traitsIcESaIcEEbRKNSt7__cxx1112basic_stringIT_T0_T1_EESA_
FNDA:0,_ZSteqIcSt11char_traitsIcESaIcEEbRKNSt7__cxx1112basic_stringIT_T0_T1_EEPKS5_
FNDA:0,_ZStssIcSt11char_traitsIcESaIcEEDTcl21__char_traits_cmp_catIT0_ELi0EEERKNSt7__cxx1112basic_stringIT_S3_T1_EESB_
FNDA:0,_ZNKSt7__cxx1112basic_stringIcSt11char_traitsIcESaIcEE8_M_checkEmPKc
FNDA:0,_ZNKSt7__cxx1112basic_stringIcSt11char_traitsIcESaIcEE15_M_check_lengthEmmPKc
FNDA:0,_ZNKSt7__cxx1112basic_stringIcSt11char_traitsIcESaIcEE8_M_limitEmm
FNDA:186,_ZNSt7__cxx114stodERKNS_12basic_stringIcSt11char_traitsIcESaIcEEEPm
FNDA:0,_ZNKSt7__cxx1112basic_stringIcSt11char_traitsIcESaIcEE11_M_disjunctEPKc
FNDA:0,_ZNSt7__cxx119to_stringEi
FNDA:0,_ZZNSt7__cxx119to_stringEiENKUlPcmE_clES0_m
FNDA:0,_ZNSt7__cxx1112basic_stringIcSt11char_traitsIcESaIcEE7_S_copyEPcPKcm
FNDA:0,_ZNSt7__cxx1112basic_stringIcSt11char_traitsIcESaIcEE7_S_moveEPcPKcm
FNDA:4,_ZNSt7__cxx119to_stringEd
FNDA:868,_ZNSt7__cxx1112basic_stringIcSt11char_traitsIcESaIcEE9_S_assignEPcmc
FNDA:0,_ZNSt7__cxx1112basic_stringIcSt11char_traitsIcESaIcEE13_S_copy_charsEPcN9__gnu_cxx17__normal_iteratorIS5_S4_EES8_
FNDA:186,_ZNSt7__cxx1112basic_stringIcSt11char_traitsIcESaIcEE13_S_copy_charsEPcN9__gnu_cxx17__normal_iteratorIPKcS4_EESA_
FNDA:0,_ZNSt7__cxx1112basic_stringIcSt11char_traitsIcESaIcEE13_S_copy_charsEPcS5_S5_
FNDA:0,_ZNSt7__cxx1112basic_stringIcSt11char_traitsIcESaIcEE13_S_copy_charsEPcPKcS7_
FNDA:0,_ZNSt7__cxx1112basic_stringIcSt11char_traitsIcESaIcEE10_S_compareEmm
FNDA:0,_ZNSt7__cxx1112basic_stringIcSt11char_traitsIcESaIcEEC2Ev
FNDA:0,_ZNSt7__cxx1112basic_stringIcSt11char_traitsIcESaIcEEC2ERKS3_
FNDA:0,_ZNSt7__cxx1112basic_stringIcSt11char_traitsIcESaIcEEC2ERKS4_
FNDA:0,_ZNSt7__cxx1112basic_stringIcSt11char_traitsIcESaIcEEC2IS3_EEPKcRKS3_
FNDA:0,_ZNSt7__cxx1112basic_stringIcSt11char_traitsIcESaIcEEC2IS3_EEmcRKS3_
FNDA:0,_ZNSt7__cxx1112basic_stringIcSt11char_traitsIcESaIcEEC2EOS4_
FNDA:186,_ZNSt7__cxx1112basic_stringIcSt11char_traitsIcESaIcEEC2IN9__gnu_cxx17__normal_iteratorIPKcS4_EEvEET_SB_RKS3_
FNDA:0,_ZNSt7__cxx1112basic_stringIcSt11char_traitsIcESaIcEEC2IN9__gnu_cxx17__normal_iteratorIPcS4_EEvEET_SA_RKS3_
FNDA:137272,_ZNSt7__cxx1112basic_stringIcSt11char_traitsIcESaIcEEC2IPcvEET_S7_RKS3_
FNDA:0,_ZNSt7__cxx1112basic_stringIcSt11char_traitsIcESaIcEED2Ev
FNDA:0,_ZNSt7__cxx1112basic_stringIcSt11char_traitsIcESaIcEEaSERKS4_
FNDA:0,_ZNSt7__cxx1112basic_stringIcSt11char_traitsIcESaIcEEaSEOS4_
FNDA:0,_ZNSt7__cxx1112basic_stringIcSt11char_traitsIcESaIcEE5beginEv
FNDA:62,_ZNKSt7__cxx1112basic_stringIcSt11char_traitsIcESaIcEE5beginEv
FNDA:0,_ZNSt7__cxx1112basic_stringIcSt11char_traitsIcESaIcEE3endEv
FNDA:62,_ZNKSt7__cxx1112basic_stringIcSt11char_traitsIcESaIcEE3endEv
FNF:79
FNH:15
DA:129,0
DA:131,0
DA:141,0
DA:193,0
DA:194,0
DA:197,0
DA:198,0
DA:217,0
DA:218,0
DA:222,0
DA:223,0
DA:227,0
DA:228,0
DA:232,0
DA:235,0
DA:243,0
DA:246,0
DA:254,0
DA:255,0
DA:259,0
DA:261,0
DA:262,0
DA:263,0
DA:267,0
DA:269,0
DA:271,0
DA:272,0
DA:273,0
DA:275,0
DA:285,0
DA:287,0
DA:288,0
DA:289,0
DA:293,0
DA:294,0
DA:341,0
DA:342,0
DA:346,0
DA:347,0
DA:356,186
DA:357,0
DA:358,0
DA:360,186
DA:370,0
DA:391,0
DA:393,0
DA:394,0
DA:397,0
DA:402,0
DA:404,0
DA:405,0
DA:406,0
DA:412,0
DA:414,0
DA:415,0
DA:420,0
DA:422,0
DA:423,0
DA:430,0
DA:432,0
DA:433,0
DA:435,0
DA:436,0
DA:440,0
DA:442,0
DA:443,0
DA:445,0
DA:446,0
DA:450,868
DA:452,868
DA:453,868
DA:455,0
DA:456,868
DA:471,0
DA:472,0
DA:476,186
DA:478,186
DA:482,0
DA:483,0
DA:487,0
DA:489,0
DA:493,0
DA:495,0
DA:497,0
DA:498,0
DA:499,0
DA:500,0
DA:502,0
DA:527,0
DA:529,0
DA:532,0
DA:533,0
DA:540,0
DA:541,0
DA:544,0
DA:545,0
DA:552,0
DA:553,0
DA:554,0
DA:556,0
DA:558,0
DA:646,0
DA:647,0
DA:650,0
DA:651,0
DA:653,0
DA:654,0
DA:655,0
DA:669,0
DA:670,0
DA:671,0
DA:682,0
DA:683,0
DA:685,0
DA:688,0
DA:689,0
DA:693,0
DA:694,0
DA:700,0
DA:701,0
DA:702,0
DA:703,0
DA:765,137458
DA:767,137458
DA:770,137458
DA:775,137458
DA:808,0
DA:809,0
DA:817,0
DA:819,0
DA:858,0
DA:861,0
DA:863,0
DA:864,0
DA:867,0
DA:868,0
DA:869,0
DA:872,0
DA:874,0
DA:879,0
DA:881,0
DA:882,0
DA:883,0
DA:886,0
DA:889,0
DA:891,0
DA:896,0
DA:897,0
DA:903,0
DA:904,0
DA:905,0
DA:906,0
DA:908,0
DA:909,0
DA:912,0
DA:915,0
DA:916,0
DA:917,0
DA:960,0
DA:961,0
DA:969,62
DA:970,62
DA:978,0
DA:979,0
DA:987,62
DA:988,62
DA:1076,0
DA:1077,0
DA:1083,0
DA:1084,0
DA:1089,0
DA:1090,0
DA:1180,0
DA:1182,0
DA:1183,0
DA:1222,0
DA:1223,0
DA:1231,0
DA:1232,0
DA:1247,0
DA:1249,0
DA:1250,0
DA:1265,868
DA:1269,868
DA:1272,868
DA:1377,0
DA:1378,0
DA:1397,558
DA:1399,558
DA:1400,558
DA:1435,0
DA:1436,0
DA:1466,0
DA:1469,0
DA:1470,0
DA:1480,0
DA:1483,0
DA:1484,0
DA:1485,0
DA:1572,558
DA:1574,558
DA:1575,558
DA:1576,0
DA:1577,558
DA:1578,558
DA:1579,558
DA:1588,0
DA:1591,0
DA:1593,0
DA:1594,0
DA:1598,0
DA:1600,0
DA:1601,0
DA:1602,0
DA:1606,0
DA:1607,0
DA:1609,0
DA:1610,0
DA:1611,0
DA:1612,0
DA:1613,0
DA:1616,0
DA:1619,0
DA:1620,0
DA:1710,868
DA:1711,868
DA:1939,0
DA:1940,0
DA:1941,0
DA:2007,4
DA:2010,4
DA:2011,4
DA:2249,0
DA:2253,0
DA:2254,0
DA:2640,0
DA:2641,0
DA:2653,0
DA:2654,0
DA:2665,274536
DA:2666,274536
DA:2674,0
DA:2675,0
DA:3228,0
DA:3230,0
DA:3231,0
DA:3232,0
DA:3234,0
DA:3235,0
DA:3236,0
DA:3237,0
DA:3573,0
DA:3581,0
DA:3582,0
DA:3583,0
DA:3584,0
DA:3585,0
DA:3586,0
DA:3616,0
DA:3623,0
DA:3696,0
DA:3701,0
DA:3703,0
DA:3706,0
DA:3709,0
DA:3710,0
DA:3711,0
DA:3713,0
DA:3719,4
DA:3721,4
DA:3733,0
DA:3735,0
DA:3755,0
DA:3759,0
DA:3760,0
DA:3772,0
DA:3775,0
DA:3776,0
DA:3790,0
DA:3793,0
DA:4199,186
DA:4200,186
DA:4240,0
DA:4245,0
DA:4246,0
DA:4247,0
DA:4248,0
DA:4249,0
DA:4250,0
DA:4251,0
DA:4252,0
DA:4254,0
DA:4411,4
DA:4413,4
DA:4416,4
LF:295
LH:42
end_of_record
TN:
SF:/usr/include/c++/14/bits/basic_string.tcc
FN:138,160,_ZNSt7__cxx1112basic_stringIcSt11char_traitsIcESaIcEE9_M_createERmm
FN:221,252,_ZNSt7__cxx1112basic_stringIcSt11char_traitsIcESaIcEE12_M_constructIN9__gnu_cxx17__normal_iteratorIPKcS4_EEEEvT_SB_St20forward_iterator_tag
FN:221,252,_ZNSt7__cxx1112basic_stringIcSt11char_traitsIcESaIcEE12_M_constructIN9__gnu_cxx17__normal_iteratorIPcS4_EEEEvT_SA_St20forward_iterator_tag
FN:221,252,_ZNSt7__cxx1112basic_stringIcSt11char_traitsIcESaIcEE12_M_constructIPKcEEvT_S8_St20forward_iterator_tag
FN:221,252,_ZNSt7__cxx1112basic_stringIcSt11char_traitsIcESaIcEE12_M_constructIPcEEvT_S7_St20forward_iterator_tag
FN:239,239,_ZZNSt7__cxx1112basic_stringIcSt11char_traitsIcESaIcEE12_M_constructIN9__gnu_cxx17__normal_iteratorIPKcS4_EEEEvT_SB_St20forward_iterator_tagEN6_GuardC2EPS4_
FN:239,239,_ZZNSt7__cxx1112basic_stringIcSt11char_traitsIcESaIcEE12_M_constructIN9__gnu_cxx17__normal_iteratorIPcS4_EEEEvT_SA_St20forward_iterator_tagEN6_GuardC2EPS4_
FN:239,239,_ZZNSt7__cxx1112basic_stringIcSt11char_traitsIcESaIcEE12_M_constructIPKcEEvT_S8_St20forward_iterator_tagEN6_GuardC2EPS4_
FN:239,239,_ZZNSt7__cxx1112basic_stringIcSt11char_traitsIcESaIcEE12_M_constructIPcEEvT_S7_St20forward_iterator_tagEN6_GuardC2EPS4_
FN:242,242,_ZZNSt7__cxx1112basic_stringIcSt11char_traitsIcESaIcEE12_M_constructIN9__gnu_cxx17__normal_iteratorIPKcS4_EEEEvT_SB_St20forward_iterator_tagEN6_GuardD2Ev
FN:242,242,_ZZNSt7__cxx1112basic_stringIcSt11char_traitsIcESaIcEE12_M_constructIN9__gnu_cxx17__normal_iteratorIPcS4_EEEEvT_SA_St20forward_iterator_tagEN6_GuardD2Ev
FN:242,242,_ZZNSt7__cxx1112basic_stringIcSt11char_traitsIcESaIcEE12_M_constructIPKcEEvT_S8_St20forward_iterator_tagEN6_GuardD2Ev
FN:242,242,_ZZNSt7__cxx1112basic_stringIcSt11char_traitsIcESaIcEE12_M_constructIPcEEvT_S7_St20forward_iterator_tagEN6_GuardD2Ev
FN:257,272,_ZNSt7__cxx1112basic_stringIcSt11char_traitsIcESaIcEE12_M_constructEmc
FN:277,299,_ZNSt7__cxx1112basic_stringIcSt11char_traitsIcESaIcEE9_M_assignERKS4_
FN:304,320,_ZNSt7__cxx1112basic_stringIcSt11char_traitsIcESaIcEE7reserveEm
FN:325,345,_ZNSt7__cxx1112basic_stringIcSt11char_traitsIcESaIcEE9_M_mutateEmmPKcm
FN:413,428,_ZNSt7__cxx1112basic_stringIcSt11char_traitsIcESaIcEE9_M_appendEPKcm
FN:450,475,_ZNSt7__cxx1112basic_stringIcSt11char_traitsIcESaIcEE14_M_replace_auxEmmmc
FN:511,552,_ZNSt7__cxx1112basic_stringIcSt11char_traitsIcESaIcEE10_M_replaceEmmPKcm
FN:583,613,_ZNSt7__cxx1112basic_stringIcSt11char_traitsIcESaIcEE22__resize_and_overwriteIZNS_9to_stringEiEUlPcmE_EEvmT_
FN:597,597,_ZZNSt7__cxx1112basic_stringIcSt11char_traitsIcESaIcEE22__resize_and_overwriteIZNS_9to_stringEiEUlPcmE_EEvmT_EN11_TerminatorD2Ev
FNDA:0,_ZNSt7__cxx1112basic_stringIcSt11char_traitsIcESaIcEE9_M_createERmm
FNDA:186,_ZNSt7__cxx1112basic_stringIcSt11char_traitsIcESaIcEE12_M_constructIN9__gnu_cxx17__normal_iteratorIPKcS4_EEEEvT_SB_St20forward_iterator_tag
FNDA:0,_ZNSt7__cxx1112basic_stringIcSt11char_traitsIcESaIcEE12_M_constructIN9__gnu_cxx17__normal_iteratorIPcS4_EEEEvT_SA_St20forward_iterator_tag
FNDA:0,_ZNSt7__cxx1112basic_stringIcSt11char_traitsIcESaIcEE12_M_constructIPKcEEvT_S8_St20forward_iterator_tag
FNDA:0,_ZNSt7__cxx1112basic_stringIcSt11char_traitsIcESaIcEE12_M_constructIPcEEvT_S7_St20forward_iterator_tag
FNDA:186,_ZZNSt7__cxx1112basic_stringIcSt11char_traitsIcESaIcEE12_M_constructIN9__gnu_cxx17__normal_iteratorIPKcS4_EEEEvT_SB_St20forward_iterator_tagEN6_GuardC2EPS4_
FNDA:0,_ZZNSt7__cxx1112basic_stringIcSt11char_traitsIcESaIcEE12_M_constructIN9__gnu_cxx17__normal_iteratorIPcS4_EEEEvT_SA_St20forward_iterator_tagEN6_GuardC2EPS4_
FNDA:0,_ZZNSt7__cxx1112basic_stringIcSt11char_traitsIcESaIcEE12_M_constructIPKcEEvT_S8_St20forward_iterator_tagEN6_GuardC2EPS4_
FNDA:0,_ZZNSt7__cxx1112basic_stringIcSt11char_traitsIcESaIcEE12_M_constructIPcEEvT_S7_St20forward_iterator_tagEN6_GuardC2EPS4_
FNDA:186,_ZZNSt7__cxx1112basic_stringIcSt11char_traitsIcESaIcEE12_M_constructIN9__gnu_cxx17__normal_iteratorIPKcS4_EEEEvT_SB_St20forward_iterator_tagEN6_GuardD2Ev
FNDA:0,_ZZNSt7__cxx1112basic_stringIcSt11char_traitsIcESaIcEE12_M_constructIN9__gnu_cxx17__normal_iteratorIPcS4_EEEEvT_SA_St20forward_iterator_tagEN6_GuardD2Ev
FNDA:0,_ZZNSt7__cxx1112basic_stringIcSt11char_traitsIcESaIcEE12_M_constructIPKcEEvT_S8_St20forward_iterator_tagEN6_GuardD2Ev
FNDA:0,_ZZNSt7__cxx1112basic_stringIcSt11char_traitsIcESaIcEE12_M_constructIPcEEvT_S7_St20forward_iterator_tagEN6_GuardD2Ev
FNDA:0,_ZNSt7__cxx1112basic_stringIcSt11char_traitsIcESaIcEE12_M_constructEmc
FNDA:0,_ZNSt7__cxx1112basic_stringIcSt11char_traitsIcESaIcEE9_M_assignERKS4_
FNDA:0,_ZNSt7__cxx1112basic_stringIcSt11char_traitsIcESaIcEE7reserveEm
FNDA:0,_ZNSt7__cxx1112basic_stringIcSt11char_traitsIcESaIcEE9_M_mutateEmmPKcm
FNDA:0,_ZNSt7__cxx1112basic_stringIcSt11char_traitsIcESaIcEE9_M_appendEPKcm
FNDA:868,_ZNSt7__cxx1112basic_stringIcSt11char_traitsIcESaIcEE14_M_replace_auxEmmmc
FNDA:0,_ZNSt7__cxx1112basic_stringIcSt11char_traitsIcESaIcEE10_M_replaceEmmPKcm
FNDA:0,_ZNSt7__cxx1112basic_stringIcSt11char_traitsIcESaIcEE22__resize_and_overwriteIZNS_9to_stringEiEUlPcmE_EEvmT_
FNDA:0,_ZZNSt7__cxx1112basic_stringIcSt11char_traitsIcESaIcEE22__resize_and_overwriteIZNS_9to_stringEiEUlPcmE_EEvmT_EN11_TerminatorD2Ev
FNF:22
FNH:4
DA:138,0
DA:143,0
DA:144,0
DA:149,0
DA:151,0
DA:153,0
DA:154,0
DA:159,0
DA:221,186
DA:225,186
DA:227,186
DA:229,0
DA:230,0
DA:239,186
DA:242,186
DA:245,186
DA:247,186
DA:249,186
DA:251,186
DA:252,186
DA:257,0
DA:260,0
DA:262,0
DA:263,0
DA:268,0
DA:269,0
DA:271,0
DA:272,0
DA:277,0
DA:280,0
DA:282,0
DA:283,0
DA:285,0
DA:287,0
DA:288,0
DA:289,0
DA:290,0
DA:291,0
DA:294,0
DA:295,0
DA:297,0
DA:299,0
DA:304,0
DA:307,0
DA:312,0
DA:313,0
DA:315,0
DA:316,0
DA:317,0
DA:318,0
DA:319,0
DA:325,0
DA:329,0
DA:331,0
DA:332,0
DA:334,0
DA:335,0
DA:336,0
DA:337,0
DA:338,0
DA:339,0
DA:340,0
DA:342,0
DA:343,0
DA:344,0
DA:345,0
DA:413,0
DA:416,0
DA:418,0
DA:420,0
DA:421,0
DA:424,0
DA:426,0
DA:427,0
DA:450,868
DA:454,868
DA:456,868
DA:457,868
DA:459,868
DA:461,868
DA:463,868
DA:464,868
DA:465,0
DA:468,0
DA:470,868
DA:471,868
DA:473,868
DA:474,868
DA:511,0
DA:515,0
DA:517,0
DA:518,0
DA:520,0
DA:522,0
DA:524,0
DA:526,0
DA:528,0
DA:529,0
DA:530,0
DA:531,0
DA:532,0
DA:533,0
DA:537,0
DA:539,0
DA:540,0
DA:541,0
DA:542,0
DA:545,0
DA:548,0
DA:550,0
DA:551,0
DA:583,0
DA:590,0
DA:591,0
DA:593,0
DA:594,0
DA:597,0
DA:601,0
DA:602,0
DA:610,0
DA:611,0
DA:612,0
DA:613,0
LF:123
LH:22
end_of_record
TN:
SF:/usr/include/c++/14/bits/char_traits.h
FN:136,137,_ZN9__gnu_cxx11char_traitsIcE2eqERKcS3_
FN:199,206,_ZN9__gnu_cxx11char_traitsIcE6lengthEPKc
FN:222,248,_ZN9__gnu_cxx11char_traitsIcE4moveEPcPKcm
FN:253,268,_ZN9__gnu_cxx11char_traitsIcE4copyEPcPKcm
FN:273,300,_ZN9__gnu_cxx11char_traitsIcE6assignEPcmc
FN:343,351,_ZNSt11char_traitsIcE6assignERcRKc
FN:358,363,_ZNSt11char_traitsIcE2ltERKcS2_
FN:366,382,_ZNSt11char_traitsIcE7compareEPKcS2_m
FN:385,392,_ZNSt11char_traitsIcE6lengthEPKc
FN:407,416,_ZNSt11char_traitsIcE4moveEPcPKcm
FN:419,428,_ZNSt11char_traitsIcE4copyEPcPKcm
FN:431,440,_ZNSt11char_traitsIcE6assignEPcmc
FN:996,1006,_ZNSt8__detail21__char_traits_cmp_catISt11char_traitsIcEEEDai
FNDA:0,_ZN9__gnu_cxx11char_traitsIcE2eqERKcS3_
FNDA:0,_ZN9__gnu_cxx11char_traitsIcE6lengthEPKc
FNDA:0,_ZN9__gnu_cxx11char_traitsIcE4moveEPcPKcm
FNDA:0,_ZN9__gnu_cxx11char_traitsIcE4copyEPcPKcm
FNDA:0,_ZN9__gnu_cxx11char_traitsIcE6assignEPcmc
FNDA:0,_ZNSt11char_traitsIcE6assignERcRKc
FNDA:0,_ZNSt11char_traitsIcE2ltERKcS2_
FNDA:0,_ZNSt11char_traitsIcE7compareEPKcS2_m
FNDA:0,_ZNSt11char_traitsIcE6lengthEPKc
FNDA:0,_ZNSt11char_traitsIcE4moveEPcPKcm
FNDA:0,_ZNSt11char_traitsIcE4copyEPcPKcm
FNDA:0,_ZNSt11char_traitsIcE6assignEPcmc
FNDA:0,_ZNSt8__detail21__char_traits_cmp_catISt11char_traitsIcEEEDai
FNF:13
FNH:0
DA:136,0
DA:137,0
DA:199,0
DA:202,0
DA:203,0
DA:204,0
DA:205,0
DA:222,0
DA:225,0
DA:226,0
DA:228,0
DA:242,0
DA:243,0
DA:246,0
DA:247,0
DA:253,0
DA:256,0
DA:257,0
DA:259,0
DA:261,0
DA:262,0
DA:263,0
DA:266,0
DA:267,0
DA:273,0
DA:277,0
DA:279,0
DA:280,0
DA:281,0
DA:287,0
DA:290,0
DA:291,0
DA:299,0
DA:343,0
DA:346,0
DA:347,0
DA:350,0
DA:351,0
DA:358,0
DA:361,0
DA:362,0
DA:366,0
DA:368,0
DA:369,0
DA:371,0
DA:373,0
DA:374,0
DA:375,0
DA:376,0
DA:377,0
DA:378,0
DA:381,0
DA:385,0
DA:388,0
DA:389,0
DA:391,0
DA:407,0
DA:409,0
DA:410,0
DA:412,0
DA:413,0
DA:415,0
DA:419,0
DA:421,0
DA:422,0
DA:424,0
DA:425,0
DA:427,0
DA:431,0
DA:433,0
DA:434,0
DA:436,0
DA:437,0
DA:439,0
DA:996,0
DA:1002,0
LF:76
LH:0
end_of_record
TN:
SF:/usr/include/c++/14/bits/charconv.h
FN:55,74,_ZNSt8__detail14__to_chars_lenIjEEjT_i
FN:81,110,_ZNSt8__detail18__to_chars_10_implIjEEvPcjT_
FNDA:0,_ZNSt8__detail14__to_chars_lenIjEEjT_i
FNDA:0,_ZNSt8__detail18__to_chars_10_implIjEEvPcjT_
FNF:2
FNH:0
DA:55,0
DA:61,0
DA:62,0
DA:63,0
DA:64,0
DA:67,0
DA:68,0
DA:69,0
DA:70,0
DA:71,0
DA:72,0
DA:81,0
DA:87,0
DA:93,0
DA:94,0
DA:96,0
DA:97,0
DA:98,0
DA:99,0
DA:100,0
DA:102,0
DA:104,0
DA:105,0
DA:106,0
DA:109,0
DA:110,0
LF:26
LH:0
end_of_record
TN:
SF:/usr/include/c++/14/bits/cpp_type_traits.h
FN:607,608,_ZSt12__miter_baseIN9__gnu_cxx17__normal_iteratorIPKNSt7__cxx119sub_matchINS1_IPKcNS2_12basic_stringIcSt11char_traitsIcESaIcEEEEEEESt6vectorISC_SaISC_EEEEET_SJ_
FN:607,608,_ZSt12__miter_baseIN9__gnu_cxx17__normal_iteratorIPKcSt6vectorIcSaIcEEEEET_S8_
FN:607,608,_ZSt12__miter_baseIN9__gnu_cxx17__normal_iteratorIPSt4pairI17ContainerPositionIiESt10shared_ptrI10IContainerEESt6vectorIS8_SaIS8_EEEEET_SE_
FN:607,608,_ZSt12__miter_baseIN9__gnu_cxx17__normal_iteratorIPcSt6vectorIcSaIcEEEEET_S7_
FN:607,608,_ZSt12__miter_baseIPKcET_S2_
FN:607,608,_ZSt12__miter_baseIPNSt7__cxx119sub_matchIN9__gnu_cxx17__normal_iteratorIPKcNS0_12basic_stringIcSt11char_traitsIcESaIcEEEEEEEET_SE_
FN:607,608,_ZSt12__miter_baseIPPNSt8__detail9_StateSeqINSt7__cxx1112regex_traitsIcEEEEET_S8_
FN:607,608,_ZSt12__miter_baseIPPSt10shared_ptrIN6OctreeIiS0_I10IContainerE17ContainerPositionIiENSt7__cxx1112basic_stringIcSt11char_traitsIcESaIcEEEE4NodeEEET_SH_
FN:607,608,_ZSt12__miter_baseIPPlET_S2_
FN:607,608,_ZSt12__miter_baseIPSt4pairI17ContainerPositionIiESt10shared_ptrI10IContainerEEET_S8_
FN:607,608,_ZSt12__miter_baseIPcET_S1_
FNDA:124,_ZSt12__miter_baseIN9__gnu_cxx17__normal_iteratorIPKNSt7__cxx119sub_matchINS1_IPKcNS2_12basic_stringIcSt11char_traitsIcESaIcEEEEEEESt6vectorISC_SaISC_EEEEET_SJ_
FNDA:0,_ZSt12__miter_baseIN9__gnu_cxx17__normal_iteratorIPKcSt6vectorIcSaIcEEEEET_S8_
FNDA:762,_ZSt12__miter_baseIN9__gnu_cxx17__normal_iteratorIPSt4pairI17ContainerPositionIiESt10shared_ptrI10IContainerEESt6vectorIS8_SaIS8_EEEEET_SE_
FNDA:0,_ZSt12__miter_baseIN9__gnu_cxx17__normal_iteratorIPcSt6vectorIcSaIcEEEEET_S7_
FNDA:274536,_ZSt12__miter_baseIPKcET_S2_
FNDA:0,_ZSt12__miter_baseIPNSt7__cxx119sub_matchIN9__gnu_cxx17__normal_iteratorIPKcNS0_12basic_stringIcSt11char_traitsIcESaIcEEEEEEEET_SE_
FNDA:0,_ZSt12__miter_baseIPPNSt8__detail9_StateSeqINSt7__cxx1112regex_traitsIcEEEEET_S8_
FNDA:0,_ZSt12__miter_baseIPPSt10shared_ptrIN6OctreeIiS0_I10IContainerE17ContainerPositionIiENSt7__cxx1112basic_stringIcSt11char_traitsIcESaIcEEEE4NodeEEET_SH_
FNDA:0,_ZSt12__miter_baseIPPlET_S2_
FNDA:0,_ZSt12__miter_baseIPSt4pairI17ContainerPositionIiESt10shared_ptrI10IContainerEEET_S8_
FNDA:0,_ZSt12__miter_baseIPcET_S1_
FNF:11
FNH:3
DA:607,275422
DA:608,275422
LF:2
LH:2
end_of_record
TN:
SF:/usr/include/c++/14/bits/deque.tcc
FN:164,180,_ZNSt5dequeINSt8__detail9_StateSeqINSt7__cxx1112regex_traitsIcEEEESaIS5_EE12emplace_backIJS5_EEERS5_DpOT_
FN:484,516,_ZNSt5dequeINSt8__detail9_StateSeqINSt7__cxx1112regex_traitsIcEEEESaIS5_EE16_M_push_back_auxIJRKS5_EEEvDpOT_
FN:484,516,_ZNSt5dequeINSt8__detail9_StateSeqINSt7__cxx1112regex_traitsIcEEEESaIS5_EE16_M_push_back_auxIJS5_EEEvDpOT_
FN:484,516,_ZNSt5dequeISt10shared_ptrIN6OctreeIiS0_I10IContainerE17ContainerPositionIiENSt7__cxx1112basic_stringIcSt11char_traitsIcESaIcEEEE4NodeEESaISE_EE16_M_push_back_auxIJRKSE_EEEvDpOT_
FN:484,516,_ZNSt5dequeIlSaIlEE16_M_push_back_auxIJRKlEEEvDpOT_
FN:560,568,_ZNSt5dequeINSt8__detail9_StateSeqINSt7__cxx1112regex_traitsIcEEEESaIS5_EE15_M_pop_back_auxEv
FN:560,568,_ZNSt5dequeISt10shared_ptrIN6OctreeIiS0_I10IContainerE17ContainerPositionIiENSt7__cxx1112basic_stringIcSt11char_traitsIcESaIcEEEE4NodeEESaISE_EE15_M_pop_back_auxEv
FN:560,568,_ZNSt5dequeIlSaIlEE15_M_pop_back_auxEv
FN:859,877,_ZNSt5dequeISt10shared_ptrIN6OctreeIiS0_I10IContainerE17ContainerPositionIiENSt7__cxx1112basic_stringIcSt11char_traitsIcESaIcEEEE4NodeEESaISE_EE19_M_destroy_data_auxESt15_Deque_iteratorISE_RSE_PSE_ESK_
FN:931,973,_ZNSt5dequeINSt8__detail9_StateSeqINSt7__cxx1112regex_traitsIcEEEESaIS5_EE17_M_reallocate_mapEmb
FN:931,973,_ZNSt5dequeISt10shared_ptrIN6OctreeIiS0_I10IContainerE17ContainerPositionIiENSt7__cxx1112basic_stringIcSt11char_traitsIcESaIcEEEE4NodeEESaISE_EE17_M_reallocate_mapEmb
FN:931,973,_ZNSt5dequeIlSaIlEE17_M_reallocate_mapEmb
FNDA:1488,_ZNSt5dequeINSt8__detail9_StateSeqINSt7__cxx1112regex_traitsIcEEEESaIS5_EE12emplace_backIJS5_EEERS5_DpOT_
FNDA:0,_ZNSt5dequeINSt8__detail9_StateSeqINSt7__cxx1112regex_traitsIcEEEESaIS5_EE16_M_push_back_auxIJRKS5_EEEvDpOT_
FNDA:0,_ZNSt5dequeINSt8__detail9_StateSeqINSt7__cxx1112regex_traitsIcEEEESaIS5_EE16_M_push_back_auxIJS5_EEEvDpOT_
FNDA:0,_ZNSt5dequeISt10shared_ptrIN6OctreeIiS0_I10IContainerE17ContainerPositionIiENSt7__cxx1112basic_stringIcSt11char_traitsIcESaIcEEEE4NodeEESaISE_EE16_M_push_back_auxIJRKSE_EEEvDpOT_
FNDA:0,_ZNSt5dequeIlSaIlEE16_M_push_back_auxIJRKlEEEvDpOT_
FNDA:0,_ZNSt5dequeINSt8__detail9_StateSeqINSt7__cxx1112regex_traitsIcEEEESaIS5_EE15_M_pop_back_auxEv
FNDA:0,_ZNSt5dequeISt10shared_ptrIN6OctreeIiS0_I10IContainerE17ContainerPositionIiENSt7__cxx1112basic_stringIcSt11char_traitsIcESaIcEEEE4NodeEESaISE_EE15_M_pop_back_auxEv
FNDA:0,_ZNSt5dequeIlSaIlEE15_M_pop_back_auxEv
FNDA:14,_ZNSt5dequeISt10shared_ptrIN6OctreeIiS0_I10IContainerE17ContainerPositionIiENSt7__cxx1112basic_stringIcSt11char_traitsIcESaIcEEEE4NodeEESaISE_EE19_M_destroy_data_auxESt15_Deque_iteratorISE_RSE_PSE_ESK_
FNDA:0,_ZNSt5dequeINSt8__detail9_StateSeqINSt7__cxx1112regex_traitsIcEEEESaIS5_EE17_M_reallocate_mapEmb
FNDA:0,_ZNSt5dequeISt10shared_ptrIN6OctreeIiS0_I10IContainerE17ContainerPositionIiENSt7__cxx1112basic_stringIcSt11char_traitsIcESaIcEEEE4NodeEESaISE_EE17_M_reallocate_mapEmb
FNDA:0,_ZNSt5dequeIlSaIlEE17_M_reallocate_mapEmb
FNF:12
FNH:2
DA:164,1488
DA:167,1488
DA:168,1488
DA:170,1488
DA:173,1488
DA:176,0
DA:178,1488
DA:484,0
DA:492,0
DA:493,0
DA:496,0
DA:497,0
DA:501,0
DA:507,0
DA:509,0
DA:516,0
DA:560,0
DA:563,0
DA:564,0
DA:565,0
DA:566,0
DA:568,0
DA:859,14
DA:862,14
DA:863,14
DA:864,0
DA:865,0
DA:867,14
DA:869,0
DA:870,0
DA:871,0
DA:872,0
DA:875,14
DA:876,14
DA:877,14
DA:931,0
DA:934,0
DA:935,0
DA:936,0
DA:939,0
DA:941,0
DA:942,0
DA:943,0
DA:944,0
DA:945,0
DA:946,0
DA:949,0
DA:950,0
DA:951,0
DA:955,0
DA:956,0
DA:959,0
DA:960,0
DA:961,0
DA:962,0
DA:963,0
DA:965,0
DA:967,0
DA:968,0
DA:971,0
DA:972,0
DA:973,0
LF:62
LH:13
end_of_record
TN:
SF:/usr/include/c++/14/bits/invoke.h
FN:104,117,_ZSt10__invoke_rIbRNSt8__detail11_AnyMatcherINSt7__cxx1112regex_traitsIcEELb0ELb0ELb0EEEJcEENSt9enable_ifIX16is_invocable_r_vIT_T0_JDpT1_EEES8_E4typeEOS9_DpOSA_
FN:104,117,_ZSt10__invoke_rIbRNSt8__detail11_AnyMatcherINSt7__cxx1112regex_traitsIcEELb0ELb0ELb1EEEJcEENSt9enable_ifIX16is_invocable_r_vIT_T0_JDpT1_EEES8_E4typeEOS9_DpOSA_
FN:104,117,_ZSt10__invoke_rIbRNSt8__detail11_AnyMatcherINSt7__cxx1112regex_traitsIcEELb0ELb1ELb0EEEJcEENSt9enable_ifIX16is_invocable_r_vIT_T0_JDpT1_EEES8_E4typeEOS9_DpOSA_
FN:104,117,_ZSt10__invoke_rIbRNSt8__detail11_AnyMatcherINSt7__cxx1112regex_traitsIcEELb0ELb1ELb1EEEJcEENSt9enable_ifIX16is_invocable_r_vIT_T0_JDpT1_EEES8_E4typeEOS9_DpOSA_
FN:104,117,_ZSt10__invoke_rIbRNSt8__detail11_AnyMatcherINSt7__cxx1112regex_traitsIcEELb1ELb0ELb0EEEJcEENSt9enable_ifIX16is_invocable_r_vIT_T0_JDpT1_EEES8_E4typeEOS9_DpOSA_
FN:104,117,_ZSt10__invoke_rIbRNSt8__detail11_AnyMatcherINSt7__cxx1112regex_traitsIcEELb1ELb0ELb1EEEJcEENSt9enable_ifIX16is_invocable_r_vIT_T0_JDpT1_EEES8_E4typeEOS9_DpOSA_
FN:104,117,_ZSt10__invoke_rIbRNSt8__detail11_AnyMatcherINSt7__cxx1112regex_traitsIcEELb1ELb1ELb0EEEJcEENSt9enable_ifIX16is_invocable_r_vIT_T0_JDpT1_EEES8_E4typeEOS9_DpOSA_
FN:104,117,_ZSt10__invoke_rIbRNSt8__detail11_AnyMatcherINSt7__cxx1112regex_traitsIcEELb1ELb1ELb1EEEJcEENSt9enable_ifIX16is_invocable_r_vIT_T0_JDpT1_EEES8_E4typeEOS9_DpOSA_
FN:104,117,_ZSt10__invoke_rIbRNSt8__detail12_CharMatcherINSt7__cxx1112regex_traitsIcEELb0ELb0EEEJcEENSt9enable_ifIX16is_invocable_r_vIT_T0_JDpT1_EEES8_E4typeEOS9_DpOSA_
FN:104,117,_ZSt10__invoke_rIbRNSt8__detail12_CharMatcherINSt7__cxx1112regex_traitsIcEELb0ELb1EEEJcEENSt9enable_ifIX16is_invocable_r_vIT_T0_JDpT1_EEES8_E4typeEOS9_DpOSA_
FN:104,117,_ZSt10__invoke_rIbRNSt8__detail12_CharMatcherINSt7__cxx1112regex_traitsIcEELb1ELb0EEEJcEENSt9enable_ifIX16is_invocable_r_vIT_T0_JDpT1_EEES8_E4typeEOS9_DpOSA_
FN:104,117,_ZSt10__invoke_rIbRNSt8__detail12_CharMatcherINSt7__cxx1112regex_traitsIcEELb1ELb1EEEJcEENSt9enable_ifIX16is_invocable_r_vIT_T0_JDpT1_EEES8_E4typeEOS9_DpOSA_
FN:104,117,_ZSt10__invoke_rIbRNSt8__detail15_BracketMatcherINSt7__cxx1112regex_traitsIcEELb0ELb0EEEJcEENSt9enable_ifIX16is_invocable_r_vIT_T0_JDpT1_EEES8_E4typeEOS9_DpOSA_
FN:104,117,_ZSt10__invoke_rIbRNSt8__detail15_BracketMatcherINSt7__cxx1112regex_traitsIcEELb0ELb1EEEJcEENSt9enable_ifIX16is_invocable_r_vIT_T0_JDpT1_EEES8_E4typeEOS9_DpOSA_
FN:104,117,_ZSt10__invoke_rIbRNSt8__detail15_BracketMatcherINSt7__cxx1112regex_traitsIcEELb1ELb0EEEJcEENSt9enable_ifIX16is_invocable_r_vIT_T0_JDpT1_EEES8_E4typeEOS9_DpOSA_
FN:104,117,_ZSt10__invoke_rIbRNSt8__detail15_BracketMatcherINSt7__cxx1112regex_traitsIcEELb1ELb1EEEJcEENSt9enable_ifIX16is_invocable_r_vIT_T0_JDpT1_EEES8_E4typeEOS9_DpOSA_
FN:104,117,_ZSt10__invoke_rIvRZN7StorageC4EiiiidEUlRS0_St10shared_ptrI10IContainerE17ContainerPositionIiEE0_JS1_S4_S6_EENSt9enable_ifIX16is_invocable_r_vIT_T0_JDpT1_EEESA_E4typeEOSB_DpOSC_
FN:104,117,_ZSt10__invoke_rIvRZN7StorageC4EiiiidEUlRS0_St10shared_ptrI10IContainerE17ContainerPositionIiEE_JS1_S4_S6_EENSt9enable_ifIX16is_invocable_r_vIT_T0_JDpT1_EEESA_E4typeEOSB_DpOSC_
FN:60,61,_ZSt13__invoke_implIbRNSt8__detail11_AnyMatcherINSt7__cxx1112regex_traitsIcEELb0ELb0ELb0EEEJcEET_St14__invoke_otherOT0_DpOT1_
FN:60,61,_ZSt13__invoke_implIbRNSt8__detail11_AnyMatcherINSt7__cxx1112regex_traitsIcEELb0ELb0ELb1EEEJcEET_St14__invoke_otherOT0_DpOT1_
FN:60,61,_ZSt13__invoke_implIbRNSt8__detail11_AnyMatcherINSt7__cxx1112regex_traitsIcEELb0ELb1ELb0EEEJcEET_St14__invoke_otherOT0_DpOT1_
FN:60,61,_ZSt13__invoke_implIbRNSt8__detail11_AnyMatcherINSt7__cxx1112regex_traitsIcEELb0ELb1ELb1EEEJcEET_St14__invoke_otherOT0_DpOT1_
FN:60,61,_ZSt13__invoke_implIbRNSt8__detail11_AnyMatcherINSt7__cxx1112regex_traitsIcEELb1ELb0ELb0EEEJcEET_St14__invoke_otherOT0_DpOT1_
FN:60,61,_ZSt13__invoke_implIbRNSt8__detail11_AnyMatcherINSt7__cxx1112regex_traitsIcEELb1ELb0ELb1EEEJcEET_St14__invoke_otherOT0_DpOT1_
FN:60,61,_ZSt13__invoke_implIbRNSt8__detail11_AnyMatcherINSt7__cxx1112regex_traitsIcEELb1ELb1ELb0EEEJcEET_St14__invoke_otherOT0_DpOT1_
FN:60,61,_ZSt13__invoke_implIbRNSt8__detail11_AnyMatcherINSt7__cxx1112regex_traitsIcEELb1ELb1ELb1EEEJcEET_St14__invoke_otherOT0_DpOT1_
FN:60,61,_ZSt13__invoke_implIbRNSt8__detail12_CharMatcherINSt7__cxx1112regex_traitsIcEELb0ELb0EEEJcEET_St14__invoke_otherOT0_DpOT1_
FN:60,61,_ZSt13__invoke_implIbRNSt8__detail12_CharMatcherINSt7__cxx1112regex_traitsIcEELb0ELb1EEEJcEET_St14__invoke_otherOT0_DpOT1_
FN:60,61,_ZSt13__invoke_implIbRNSt8__detail12_CharMatcherINSt7__cxx1112regex_traitsIcEELb1ELb0EEEJcEET_St14__invoke_otherOT0_DpOT1_
FN:60,61,_ZSt13__invoke_implIbRNSt8__detail12_CharMatcherINSt7__cxx1112regex_traitsIcEELb1ELb1EEEJcEET_St14__invoke_otherOT0_DpOT1_
FN:60,61,_ZSt13__invoke_implIbRNSt8__detail15_BracketMatcherINSt7__cxx1112regex_traitsIcEELb0ELb0EEEJcEET_St14__invoke_otherOT0_DpOT1_
FN:60,61,_ZSt13__invoke_implIbRNSt8__detail15_BracketMatcherINSt7__cxx1112regex_traitsIcEELb0ELb1EEEJcEET_St14__invoke_otherOT0_DpOT1_
FN:60,61,_ZSt13__invoke_implIbRNSt8__detail15_BracketMatcherINSt7__cxx1112regex_traitsIcEELb1ELb0EEEJcEET_St14__invoke_otherOT0_DpOT1_
FN:60,61,_ZSt13__invoke_implIbRNSt8__detail15_BracketMatcherINSt7__cxx1112regex_traitsIcEELb1ELb1EEEJcEET_St14__invoke_otherOT0_DpOT1_
FN:60,61,_ZSt13__invoke_implIvRZN7StorageC4EiiiidEUlRS0_St10shared_ptrI10IContainerE17ContainerPositionIiEE0_JS1_S4_S6_EET_St14__invoke_otherOT0_DpOT1_
FN:60,61,_ZSt13__invoke_implIvRZN7StorageC4EiiiidEUlRS0_St10shared_ptrI10IContainerE17ContainerPositionIiEE_JS1_S4_S6_EET_St14__invoke_otherOT0_DpOT1_
FN:71,75,_ZSt13__invoke_implIbM7StorageFbSt10shared_ptrI10IContainerEiiEPS0_JS3_iiEET_St21__invoke_memfun_derefOT0_OT1_DpOT2_
FN:71,75,_ZSt13__invoke_implIvM7StorageFvSt10shared_ptrI10IContainerERSt6vectorImSaImEEmEPS0_JS3_St17reference_wrapperIS6_EmEET_St21__invoke_memfun_derefOT0_OT1_DpOT2_
FN:90,98,_ZSt8__invokeIM7StorageFbSt10shared_ptrI10IContainerEiiEJPS0_S3_iiEENSt15__invoke_resultIT_JDpT0_EE4typeEOS8_DpOS9_
FN:90,98,_ZSt8__invokeIM7StorageFvSt10shared_ptrI10IContainerERSt6vectorImSaImEEmEJPS0_S3_St17reference_wrapperIS6_EmEENSt15__invoke_resultIT_JDpT0_EE4typeEOSE_DpOSF_
FNDA:0,_ZSt10__invoke_rIbRNSt8__detail11_AnyMatcherINSt7__cxx1112regex_traitsIcEELb0ELb0ELb0EEEJcEENSt9enable_ifIX16is_invocable_r_vIT_T0_JDpT1_EEES8_E4typeEOS9_DpOSA_
FNDA:0,_ZSt10__invoke_rIbRNSt8__detail11_AnyMatcherINSt7__cxx1112regex_traitsIcEELb0ELb0ELb1EEEJcEENSt9enable_ifIX16is_invocable_r_vIT_T0_JDpT1_EEES8_E4typeEOS9_DpOSA_
FNDA:0,_ZSt10__invoke_rIbRNSt8__detail11_AnyMatcherINSt7__cxx1112regex_traitsIcEELb0ELb1ELb0EEEJcEENSt9enable_ifIX16is_invocable_r_vIT_T0_JDpT1_EEES8_E4typeEOS9_DpOSA_
FNDA:0,_ZSt10__invoke_rIbRNSt8__detail11_AnyMatcherINSt7__cxx1112regex_traitsIcEELb0ELb1ELb1EEEJcEENSt9enable_ifIX16is_invocable_r_vIT_T0_JDpT1_EEES8_E4typeEOS9_DpOSA_
FNDA:0,_ZSt10__invoke_rIbRNSt8__detail11_AnyMatcherINSt7__cxx1112regex_traitsIcEELb1ELb0ELb0EEEJcEENSt9enable_ifIX16is_invocable_r_vIT_T0_JDpT1_EEES8_E4typeEOS9_DpOSA_
FNDA:0,_ZSt10__invoke_rIbRNSt8__detail11_AnyMatcherINSt7__cxx1112regex_traitsIcEELb1ELb0ELb1EEEJcEENSt9enable_ifIX16is_invocable_r_vIT_T0_JDpT1_EEES8_E4typeEOS9_DpOSA_
FNDA:0,_ZSt10__invoke_rIbRNSt8__detail11_AnyMatcherINSt7__cxx1112regex_traitsIcEELb1ELb1ELb0EEEJcEENSt9enable_ifIX16is_invocable_r_vIT_T0_JDpT1_EEES8_E4typeEOS9_DpOSA_
FNDA:0,_ZSt10__invoke_rIbRNSt8__detail11_AnyMatcherINSt7__cxx1112regex_traitsIcEELb1ELb1ELb1EEEJcEENSt9enable_ifIX16is_invocable_r_vIT_T0_JDpT1_EEES8_E4typeEOS9_DpOSA_
FNDA:124,_ZSt10__invoke_rIbRNSt8__detail12_CharMatcherINSt7__cxx1112regex_traitsIcEELb0ELb0EEEJcEENSt9enable_ifIX16is_invocable_r_vIT_T0_JDpT1_EEES8_E4typeEOS9_DpOSA_
FNDA:0,_ZSt10__invoke_rIbRNSt8__detail12_CharMatcherINSt7__cxx1112regex_traitsIcEELb0ELb1EEEJcEENSt9enable_ifIX16is_invocable_r_vIT_T0_JDpT1_EEES8_E4typeEOS9_DpOSA_
FNDA:0,_ZSt10__invoke_rIbRNSt8__detail12_CharMatcherINSt7__cxx1112regex_traitsIcEELb1ELb0EEEJcEENSt9enable_ifIX16is_invocable_r_vIT_T0_JDpT1_EEES8_E4typeEOS9_DpOSA_
FNDA:0,_ZSt10__invoke_rIbRNSt8__detail12_CharMatcherINSt7__cxx1112regex_traitsIcEELb1ELb1EEEJcEENSt9enable_ifIX16is_invocable_r_vIT_T0_JDpT1_EEES8_E4typeEOS9_DpOSA_
FNDA:352,_ZSt10__invoke_rIbRNSt8__detail15_BracketMatcherINSt7__cxx1112regex_traitsIcEELb0ELb0EEEJcEENSt9enable_ifIX16is_invocable_r_vIT_T0_JDpT1_EEES8_E4typeEOS9_DpOSA_
FNDA:0,_ZSt10__invoke_rIbRNSt8__detail15_BracketMatcherINSt7__cxx1112regex_traitsIcEELb0ELb1EEEJcEENSt9enable_ifIX16is_invocable_r_vIT_T0_JDpT1_EEES8_E4typeEOS9_DpOSA_
FNDA:0,_ZSt10__invoke_rIbRNSt8__detail15_BracketMatcherINSt7__cxx1112regex_traitsIcEELb1ELb0EEEJcEENSt9enable_ifIX16is_invocable_r_vIT_T0_JDpT1_EEES8_E4typeEOS9_DpOSA_
FNDA:0,_ZSt10__invoke_rIbRNSt8__detail15_BracketMatcherINSt7__cxx1112regex_traitsIcEELb1ELb1EEEJcEENSt9enable_ifIX16is_invocable_r_vIT_T0_JDpT1_EEES8_E4typeEOS9_DpOSA_
FNDA:241,_ZSt10__invoke_rIvRZN7StorageC4EiiiidEUlRS0_St10shared_ptrI10IContainerE17ContainerPositionIiEE0_JS1_S4_S6_EENSt9enable_ifIX16is_invocable_r_vIT_T0_JDpT1_EEESA_E4typeEOSB_DpOSC_
FNDA:243,_ZSt10__invoke_rIvRZN7StorageC4EiiiidEUlRS0_St10shared_ptrI10IContainerE17ContainerPositionIiEE_JS1_S4_S6_EENSt9enable_ifIX16is_invocable_r_vIT_T0_JDpT1_EEESA_E4typeEOSB_DpOSC_
FNDA:0,_ZSt13__invoke_implIbRNSt8__detail11_AnyMatcherINSt7__cxx1112regex_traitsIcEELb0ELb0ELb0EEEJcEET_St14__invoke_otherOT0_DpOT1_
FNDA:0,_ZSt13__invoke_implIbRNSt8__detail11_AnyMatcherINSt7__cxx1112regex_traitsIcEELb0ELb0ELb1EEEJcEET_St14__invoke_otherOT0_DpOT1_
FNDA:0,_ZSt13__invoke_implIbRNSt8__detail11_AnyMatcherINSt7__cxx1112regex_traitsIcEELb0ELb1ELb0EEEJcEET_St14__invoke_otherOT0_DpOT1_
FNDA:0,_ZSt13__invoke_implIbRNSt8__detail11_AnyMatcherINSt7__cxx1112regex_traitsIcEELb0ELb1ELb1EEEJcEET_St14__invoke_otherOT0_DpOT1_
FNDA:0,_ZSt13__invoke_implIbRNSt8__detail11_AnyMatcherINSt7__cxx1112regex_traitsIcEELb1ELb0ELb0EEEJcEET_St14__invoke_otherOT0_DpOT1_
FNDA:0,_ZSt13__invoke_implIbRNSt8__detail11_AnyMatcherINSt7__cxx1112regex_traitsIcEELb1ELb0ELb1EEEJcEET_St14__invoke_otherOT0_DpOT1_
FNDA:0,_ZSt13__invoke_implIbRNSt8__detail11_AnyMatcherINSt7__cxx1112regex_traitsIcEELb1ELb1ELb0EEEJcEET_St14__invoke_otherOT0_DpOT1_
FNDA:0,_ZSt13__invoke_implIbRNSt8__detail11_AnyMatcherINSt7__cxx1112regex_traitsIcEELb1ELb1ELb1EEEJcEET_St14__invoke_otherOT0_DpOT1_
FNDA:124,_ZSt13__invoke_implIbRNSt8__detail12_CharMatcherINSt7__cxx1112regex_traitsIcEELb0ELb0EEEJcEET_St14__invoke_otherOT0_DpOT1_
FNDA:0,_ZSt13__invoke_implIbRNSt8__detail12_CharMatcherINSt7__cxx1112regex_traitsIcEELb0ELb1EEEJcEET_St14__invoke_otherOT0_DpOT1_
FNDA:0,_ZSt13__invoke_implIbRNSt8__detail12_CharMatcherINSt7__cxx1112regex_traitsIcEELb1ELb0EEEJcEET_St14__invoke_otherOT0_DpOT1_
FNDA:0,_ZSt13__invoke_implIbRNSt8__detail12_CharMatcherINSt7__cxx1112regex_traitsIcEELb1ELb1EEEJcEET_St14__invoke_otherOT0_DpOT1_
FNDA:352,_ZSt13__invoke_implIbRNSt8__detail15_BracketMatcherINSt7__cxx1112regex_traitsIcEELb0ELb0EEEJcEET_St14__invoke_otherOT0_DpOT1_
FNDA:0,_ZSt13__invoke_implIbRNSt8__detail15_BracketMatcherINSt7__cxx1112regex_traitsIcEELb0ELb1EEEJcEET_St14__invoke_otherOT0_DpOT1_
FNDA:0,_ZSt13__invoke_implIbRNSt8__detail15_BracketMatcherINSt7__cxx1112regex_traitsIcEELb1ELb0EEEJcEET_St14__invoke_otherOT0_DpOT1_
FNDA:0,_ZSt13__invoke_implIbRNSt8__detail15_BracketMatcherINSt7__cxx1112regex_traitsIcEELb1ELb1EEEJcEET_St14__invoke_otherOT0_DpOT1_
FNDA:241,_ZSt13__invoke_implIvRZN7StorageC4EiiiidEUlRS0_St10shared_ptrI10IContainerE17ContainerPositionIiEE0_JS1_S4_S6_EET_St14__invoke_otherOT0_DpOT1_
FNDA:243,_ZSt13__invoke_implIvRZN7StorageC4EiiiidEUlRS0_St10shared_ptrI10IContainerE17ContainerPositionIiEE_JS1_S4_S6_EET_St14__invoke_otherOT0_DpOT1_
FNDA:124,_ZSt13__invoke_implIbM7StorageFbSt10shared_ptrI10IContainerEiiEPS0_JS3_iiEET_St21__invoke_memfun_derefOT0_OT1_DpOT2_
FNDA:6,_ZSt13__invoke_implIvM7StorageFvSt10shared_ptrI10IContainerERSt6vectorImSaImEEmEPS0_JS3_St17reference_wrapperIS6_EmEET_St21__invoke_memfun_derefOT0_OT1_DpOT2_
FNDA:124,_ZSt8__invokeIM7StorageFbSt10shared_ptrI10IContainerEiiEJPS0_S3_iiEENSt15__invoke_resultIT_JDpT0_EE4typeEOS8_DpOS9_
FNDA:6,_ZSt8__invokeIM7StorageFvSt10shared_ptrI10IContainerERSt6vectorImSaImEEmEJPS0_S3_St17reference_wrapperIS6_EmEENSt15__invoke_resultIT_JDpT0_EE4typeEOSE_DpOSF_
FNF:40
FNH:12
DA:60,960
DA:61,960
DA:71,130
DA:74,130
DA:90,130
DA:96,130
DA:97,130
DA:104,960
DA:111,484
DA:114,476
DA:116,476
DA:117,372
LF:12
LH:12
end_of_record
TN:
SF:/usr/include/c++/14/bits/ios_base.h
FN:104,105,_ZStoRRSt13_Ios_FmtflagsS_
FN:1087,1091,_ZSt3hexRSt8ios_base
FN:109,110,_ZStaNRSt13_Ios_FmtflagsS_
FN:1095,1099,_ZSt3octRSt8ios_base
FN:726,732,_ZNSt8ios_base4setfESt13_Ios_FmtflagsS0_
FN:84,85,_ZStanSt13_Ios_FmtflagsS_
FN:89,90,_ZStorSt13_Ios_FmtflagsS_
FN:99,100,_ZStcoSt13_Ios_Fmtflags
FNDA:0,_ZStoRRSt13_Ios_FmtflagsS_
FNDA:0,_ZSt3hexRSt8ios_base
FNDA:0,_ZStaNRSt13_Ios_FmtflagsS_
FNDA:0,_ZSt3octRSt8ios_base
FNDA:0,_ZNSt8ios_base4setfESt13_Ios_FmtflagsS0_
FNDA:0,_ZStanSt13_Ios_FmtflagsS_
FNDA:0,_ZStorSt13_Ios_FmtflagsS_
FNDA:0,_ZStcoSt13_Ios_Fmtflags
FNF:8
FNH:0
DA:84,0
DA:85,0
DA:89,0
DA:90,0
DA:99,0
DA:100,0
DA:104,0
DA:105,0
DA:109,0
DA:110,0
DA:726,0
DA:728,0
DA:729,0
DA:730,0
DA:731,0
DA:1087,0
DA:1089,0
DA:1090,0
DA:1095,0
DA:1097,0
DA:1098,0
LF:21
LH:0
end_of_record
TN:
SF:/usr/include/c++/14/bits/iterator_concepts.h
[...]
FN:69,69,_ZNKSt16initializer_listIiE4sizeEv
FN:73,73,_ZNKSt16initializer_listIiE5beginEv
FN:77,77,_ZNKSt16initializer_listIiE3endEv
FNDA:59807,_ZNKSt16initializer_listIiE4sizeEv
FNDA:119614,_ZNKSt16initializer_listIiE5beginEv
FNDA:59807,_ZNKSt16initializer_listIiE3endEv
FNF:3
FNH:3
DA:69,59807
DA:73,119614
DA:77,59807
LF:3
LH:3
end_of_record
TN:
SF:/usr/include/c++/14/new
FN:179,180,_ZnwmPv
FN:185,185,_ZdlPvS_
FNDA:0,_ZnwmPv
FNDA:0,_ZdlPvS_
FNF:2
FNH:0
DA:179,0
DA:180,0
DA:185,0
LF:3
LH:0
end_of_record
TN:
SF:/usr/include/c++/14/shared_mutex
FN:165,165,_ZNSt22__shared_mutex_pthreadC2Ev
FN:417,417,_ZNSt12shared_mutexC2Ev
FNDA:34,_ZNSt22__shared_mutex_pthreadC2Ev
FNDA:34,_ZNSt12shared_mutexC2Ev
FNF:2
FNH:2
DA:165,34
DA:417,34
LF:2
LH:2
end_of_record
TN:
SF:/usr/include/c++/14/tuple
FN:133,133,_ZNSt10_Head_baseILm1ESt14default_deleteINSt6thread6_StateEELb1EE7_M_headERS4_
FN:198,199,_ZNSt10_Head_baseILm0EPNSt6thread6_StateELb0EEC2Ev
FN:201,202,_ZNSt10_Head_baseILm0ERKiLb0EEC2ES1_
FN:201,202,_ZNSt10_Head_baseILm0ERKlLb0EEC2ES1_
FN:208,209,_ZNSt10_Head_baseILm0EM7StorageFbSt10shared_ptrI10IContainerEiiELb0EEC2IS5_EEOT_
FN:208,209,_ZNSt10_Head_baseILm0EM7StorageFvSt10shared_ptrI10IContainerERSt6vectorImSaImEEmELb0EEC2IS9_EEOT_
FN:208,209,_ZNSt10_Head_baseILm1EP7StorageLb0EEC2IS1_EEOT_
FN:208,209,_ZNSt10_Head_baseILm2ESt10shared_ptrI10IContainerELb0EEC2IRS2_EEOT_
FN:208,209,_ZNSt10_Head_baseILm3ESt17reference_wrapperISt6vectorImSaImEEELb0EEC2IS4_EEOT_
FN:208,209,_ZNSt10_Head_baseILm3EiLb0EEC2IRiEEOT_
FN:208,209,_ZNSt10_Head_baseILm4EiLb0EEC2IRiEEOT_
FN:208,209,_ZNSt10_Head_baseILm4EmLb0EEC2IRmEEOT_
FN:242,242,_ZNSt10_Head_baseILm0EM7StorageFbSt10shared_ptrI10IContainerEiiELb0EE7_M_headERS6_
FN:242,242,_ZNSt10_Head_baseILm0EM7StorageFvSt10shared_ptrI10IContainerERSt6vectorImSaImEEmELb0EE7_M_headERSA_
FN:242,242,_ZNSt10_Head_baseILm0EPNSt6thread6_StateELb0EE7_M_headERS3_
FN:242,242,_ZNSt10_Head_baseILm0ERKiLb0EE7_M_headERS2_
FN:242,242,_ZNSt10_Head_baseILm0ERKlLb0EE7_M_headERS2_
FN:242,242,_ZNSt10_Head_baseILm1EP7StorageLb0EE7_M_headERS2_
FN:242,242,_ZNSt10_Head_baseILm2ESt10shared_ptrI10IContainerELb0EE7_M_headERS3_
FN:242,242,_ZNSt10_Head_baseILm3ESt17reference_wrapperISt6vectorImSaImEEELb0EE7_M_headERS5_
FN:242,242,_ZNSt10_Head_baseILm3EiLb0EE7_M_headERS0_
FN:242,242,_ZNSt10_Head_baseILm4EiLb0EE7_M_headERS0_
FN:242,242,_ZNSt10_Head_baseILm4EmLb0EE7_M_headERS0_
FN:2427,2428,_ZSt12__get_helperILm0EM7StorageFbSt10shared_ptrI10IContainerEiiEJPS0_S3_iiEERT0_RSt11_Tuple_implIXT_EJS7_DpT1_EE
FN:2427,2428,_ZSt12__get_helperILm0EM7StorageFvSt10shared_ptrI10IContainerERSt6vectorImSaImEEmEJPS0_S3_St17reference_wrapperIS6_EmEERT0_RSt11_Tuple_implIXT_EJSD_DpT1_EE
FN:2427,2428,_ZSt12__get_helperILm0EPNSt6thread6_StateEJSt14default_deleteIS1_EEERT0_RSt11_Tuple_implIXT_EJS5_DpT1_EE
FN:2427,2428,_ZSt12__get_helperILm0ERKiJEERT0_RSt11_Tuple_implIXT_EJS2_DpT1_EE
FN:2427,2428,_ZSt12__get_helperILm0ERKlJEERT0_RSt11_Tuple_implIXT_EJS2_DpT1_EE
FN:2427,2428,_ZSt12__get_helperILm1EP7StorageJSt10shared_ptrI10IContainerESt17reference_wrapperISt6vectorImSaImEEEmEERT0_RSt11_Tuple_implIXT_EJSA_DpT1_EE
FN:2427,2428,_ZSt12__get_helperILm1EP7StorageJSt10shared_ptrI10IContainerEiiEERT0_RSt11_Tuple_implIXT_EJS5_DpT1_EE
FN:2427,2428,_ZSt12__get_helperILm1ESt14default_deleteINSt6thread6_StateEEJEERT0_RSt11_Tuple_implIXT_EJS4_DpT1_EE
FN:2427,2428,_ZSt12__get_helperILm2ESt10shared_ptrI10IContainerEJSt17reference_wrapperISt6vectorImSaImEEEmEERT0_RSt11_Tuple_implIXT_EJS8_DpT1_EE
FN:2427,2428,_ZSt12__get_helperILm2ESt10shared_ptrI10IContainerEJiiEERT0_RSt11_Tuple_implIXT_EJS3_DpT1_EE
FN:2427,2428,_ZSt12__get_helperILm3ESt17reference_wrapperISt6vectorImSaImEEEJmEERT0_RSt11_Tuple_implIXT_EJS5_DpT1_EE
FN:2427,2428,_ZSt12__get_helperILm3EiJiEERT0_RSt11_Tuple_implIXT_EJS0_DpT1_EE
FN:2427,2428,_ZSt12__get_helperILm4EiJEERT0_RSt11_Tuple_implIXT_EJS0_DpT1_EE
FN:2427,2428,_ZSt12__get_helperILm4EmJEERT0_RSt11_Tuple_implIXT_EJS0_DpT1_EE
FN:2443,2444,_ZSt3getILm0EJPNSt6thread6_StateESt14default_deleteIS1_EEERNSt13tuple_elementIXT_ESt5tupleIJDpT0_EEE4typeERS9_
FN:2443,2444,_ZSt3getILm0EJRKiEERNSt13tuple_elementIXT_ESt5tupleIJDpT0_EEE4typeERS6_
FN:2443,2444,_ZSt3getILm0EJRKlEERNSt13tuple_elementIXT_ESt5tupleIJDpT0_EEE4typeERS6_
FN:2443,2444,_ZSt3getILm1EJPNSt6thread6_StateESt14default_deleteIS1_EEERNSt13tuple_elementIXT_ESt5tupleIJDpT0_EEE4typeERS9_
FN:2455,2459,_ZSt3getILm0EJM7StorageFbSt10shared_ptrI10IContainerEiiEPS0_S3_iiEEONSt13tuple_elementIXT_ESt5tupleIJDpT0_EEE4typeEOSB_
FN:2455,2459,_ZSt3getILm0EJM7StorageFvSt10shared_ptrI10IContainerERSt6vectorImSaImEEmEPS0_S3_St17reference_wrapperIS6_EmEEONSt13tuple_elementIXT_ESt5tupleIJDpT0_EEE4typeEOSH_
FN:2455,2459,_ZSt3getILm1EJM7StorageFbSt10shared_ptrI10IContainerEiiEPS0_S3_iiEEONSt13tuple_elementIXT_ESt5tupleIJDpT0_EEE4typeEOSB_
FN:2455,2459,_ZSt3getILm1EJM7StorageFvSt10shared_ptrI10IContainerERSt6vectorImSaImEEmEPS0_S3_St17reference_wrapperIS6_EmEEONSt13tuple_elementIXT_ESt5tupleIJDpT0_EEE4typeEOSH_
FN:2455,2459,_ZSt3getILm2EJM7StorageFbSt10shared_ptrI10IContainerEiiEPS0_S3_iiEEONSt13tuple_elementIXT_ESt5tupleIJDpT0_EEE4typeEOSB_
FN:2455,2459,_ZSt3getILm2EJM7StorageFvSt10shared_ptrI10IContainerERSt6vectorImSaImEEmEPS0_S3_St17reference_wrapperIS6_EmEEONSt13tuple_elementIXT_ESt5tupleIJDpT0_EEE4typeEOSH_
FN:2455,2459,_ZSt3getILm3EJM7StorageFbSt10shared_ptrI10IContainerEiiEPS0_S3_iiEEONSt13tuple_elementIXT_ESt5tupleIJDpT0_EEE4typeEOSB_
FN:2455,2459,_ZSt3getILm3EJM7StorageFvSt10shared_ptrI10IContainerERSt6vectorImSaImEEmEPS0_S3_St17reference_wrapperIS6_EmEEONSt13tuple_elementIXT_ESt5tupleIJDpT0_EEE4typeEOSH_
FN:2455,2459,_ZSt3getILm4EJM7StorageFbSt10shared_ptrI10IContainerEiiEPS0_S3_iiEEONSt13tuple_elementIXT_ESt5tupleIJDpT0_EEE4typeEOSB_
FN:2455,2459,_ZSt3getILm4EJM7StorageFvSt10shared_ptrI10IContainerERSt6vectorImSaImEEmEPS0_S3_St17reference_wrapperIS6_EmEEONSt13tuple_elementIXT_ESt5tupleIJDpT0_EEE4typeEOSH_
FN:2872,2878,_ZNSt4pairIKiP7StorageEC2IJRS0_EJEEESt21piecewise_construct_tSt5tupleIJDpT_EES7_IJDpT0_EE
FN:2872,2878,_ZNSt4pairIKllEC2IJRS0_EJEEESt21piecewise_construct_tSt5tupleIJDpT_EES5_IJDpT0_EE
FN:2884,2889,_ZNSt4pairIKiP7StorageEC2IJRS0_EJLm0EEJEJEEERSt5tupleIJDpT_EERS6_IJDpT1_EESt12_Index_tupleIJXspT0_EEESF_IJXspT2_EEE
FN:2884,2889,_ZNSt4pairIKllEC2IJRS0_EJLm0EEJEJEEERSt5tupleIJDpT_EERS4_IJDpT1_EESt12_Index_tupleIJXspT0_EEESD_IJXspT2_EEE
FN:293,293,_ZNSt11_Tuple_implILm0EJM7StorageFbSt10shared_ptrI10IContainerEiiEPS0_S3_iiEE7_M_headERS7_
FN:293,293,_ZNSt11_Tuple_implILm0EJM7StorageFvSt10shared_ptrI10IContainerERSt6vectorImSaImEEmEPS0_S3_St17reference_wrapperIS6_EmEE7_M_headERSD_
FN:293,293,_ZNSt11_Tuple_implILm0EJPNSt6thread6_StateESt14default_deleteIS1_EEE7_M_headERS5_
FN:293,293,_ZNSt11_Tuple_implILm1EJP7StorageSt10shared_ptrI10IContainerESt17reference_wrapperISt6vectorImSaImEEEmEE7_M_headERSA_
FN:293,293,_ZNSt11_Tuple_implILm1EJP7StorageSt10shared_ptrI10IContainerEiiEE7_M_headERS5_
FN:293,293,_ZNSt11_Tuple_implILm2EJSt10shared_ptrI10IContainerESt17reference_wrapperISt6vectorImSaImEEEmEE7_M_headERS8_
FN:293,293,_ZNSt11_Tuple_implILm2EJSt10shared_ptrI10IContainerEiiEE7_M_headERS3_
FN:293,293,_ZNSt11_Tuple_implILm3EJSt17reference_wrapperISt6vectorImSaImEEEmEE7_M_headERS5_
FN:293,293,_ZNSt11_Tuple_implILm3EJiiEE7_M_headERS0_
FN:304,305,_ZNSt11_Tuple_implILm0EJPNSt6thread6_StateESt14default_deleteIS1_EEEC2Ev
FN:315,318,_ZNSt11_Tuple_implILm0EJM7StorageFbSt10shared_ptrI10IContainerEiiEPS0_S3_iiEEC2IS5_JS6_RS3_RiSA_EvEEOT_DpOT0_
FN:315,318,_ZNSt11_Tuple_implILm0EJM7StorageFvSt10shared_ptrI10IContainerERSt6vectorImSaImEEmEPS0_S3_St17reference_wrapperIS6_EmEEC2IS9_JSA_RS3_SC_RmEvEEOT_DpOT0_
FN:315,318,_ZNSt11_Tuple_implILm1EJP7StorageSt10shared_ptrI10IContainerESt17reference_wrapperISt6vectorImSaImEEEmEEC2IS1_JRS4_S9_RmEvEEOT_DpOT0_
FN:315,318,_ZNSt11_Tuple_implILm1EJP7StorageSt10shared_ptrI10IContainerEiiEEC2IS1_JRS4_RiS8_EvEEOT_DpOT0_
FN:315,318,_ZNSt11_Tuple_implILm2EJSt10shared_ptrI10IContainerESt17reference_wrapperISt6vectorImSaImEEEmEEC2IRS2_JS7_RmEvEEOT_DpOT0_
FN:315,318,_ZNSt11_Tuple_implILm2EJSt10shared_ptrI10IContainerEiiEEC2IRS2_JRiS6_EvEEOT_DpOT0_
FN:315,318,_ZNSt11_Tuple_implILm3EJSt17reference_wrapperISt6vectorImSaImEEEmEEC2IS4_JRmEvEEOT_DpOT0_
FN:315,318,_ZNSt11_Tuple_implILm3EJiiEEC2IRiJS2_EvEEOT_DpOT0_
FN:556,556,_ZNSt11_Tuple_implILm0EJRKiEE7_M_headERS2_
FN:556,556,_ZNSt11_Tuple_implILm0EJRKlEE7_M_headERS2_
FN:556,556,_ZNSt11_Tuple_implILm1EJSt14default_deleteINSt6thread6_StateEEEE7_M_headERS4_
FN:556,556,_ZNSt11_Tuple_implILm4EJiEE7_M_headERS0_
FN:556,556,_ZNSt11_Tuple_implILm4EJmEE7_M_headERS0_
FN:562,563,_ZNSt11_Tuple_implILm1EJSt14default_deleteINSt6thread6_StateEEEEC2Ev
FN:566,568,_ZNSt11_Tuple_implILm0EJRKiEEC2ES1_
FN:566,568,_ZNSt11_Tuple_implILm0EJRKlEEC2ES1_
FN:572,574,_ZNSt11_Tuple_implILm4EJiEEC2IRiEEOT_
FN:572,574,_ZNSt11_Tuple_implILm4EJmEEC2IRmEEOT_
FN:586,589,_ZNSt11_Tuple_implILm0EJRKiEEC2EOS2_
FN:586,589,_ZNSt11_Tuple_implILm0EJRKlEEC2EOS2_
FN:89,90,_ZNSt10_Head_baseILm1ESt14default_deleteINSt6thread6_StateEELb1EEC2Ev
FN:964,968,_ZNSt5tupleIJPNSt6thread6_StateESt14default_deleteIS1_EEEC2EvQfraa26is_default_constructible_vIT_E
FN:971,975,_ZNSt5tupleIJRKiEEC2ES1_Qcl15__constructibleIDpRKT_EE
FN:971,975,_ZNSt5tupleIJRKlEEC2ES1_Qcl15__constructibleIDpRKT_EE
FN:982,985,_ZNSt5tupleIJM7StorageFbSt10shared_ptrI10IContainerEiiEPS0_S3_iiEEC2IJS5_S6_RS3_RiSA_EEEDpOT_
FN:982,985,_ZNSt5tupleIJM7StorageFvSt10shared_ptrI10IContainerERSt6vectorImSaImEEmEPS0_S3_St17reference_wrapperIS6_EmEEC2IJS9_SA_RS3_SC_RmEEEDpOT_
FN:995,995,_ZNSt5tupleIJRKiEEC2EOS2_
FN:995,995,_ZNSt5tupleIJRKlEEC2EOS2_
FNDA:0,_ZNSt10_Head_baseILm1ESt14default_deleteINSt6thread6_StateEELb1EE7_M_headERS4_
FNDA:130,_ZNSt10_Head_baseILm0EPNSt6thread6_StateELb0EEC2Ev
FNDA:7,_ZNSt10_Head_baseILm0ERKiLb0EEC2ES1_
FNDA:0,_ZNSt10_Head_baseILm0ERKlLb0EEC2ES1_
FNDA:124,_ZNSt10_Head_baseILm0EM7StorageFbSt10shared_ptrI10IContainerEiiELb0EEC2IS5_EEOT_
FNDA:6,_ZNSt10_Head_baseILm0EM7StorageFvSt10shared_ptrI10IContainerERSt6vectorImSaImEEmELb0EEC2IS9_EEOT_
FNDA:130,_ZNSt10_Head_baseILm1EP7StorageLb0EEC2IS1_EEOT_
FNDA:130,_ZNSt10_Head_baseILm2ESt10shared_ptrI10IContainerELb0EEC2IRS2_EEOT_
FNDA:6,_ZNSt10_Head_baseILm3ESt17reference_wrapperISt6vectorImSaImEEELb0EEC2IS4_EEOT_
FNDA:124,_ZNSt10_Head_baseILm3EiLb0EEC2IRiEEOT_
FNDA:124,_ZNSt10_Head_baseILm4EiLb0EEC2IRiEEOT_
FNDA:6,_ZNSt10_Head_baseILm4EmLb0EEC2IRmEEOT_
FNDA:124,_ZNSt10_Head_baseILm0EM7StorageFbSt10shared_ptrI10IContainerEiiELb0EE7_M_headERS6_
FNDA:6,_ZNSt10_Head_baseILm0EM7StorageFvSt10shared_ptrI10IContainerERSt6vectorImSaImEEmELb0EE7_M_headERSA_
FNDA:260,_ZNSt10_Head_baseILm0EPNSt6thread6_StateELb0EE7_M_headERS3_
FNDA:7,_ZNSt10_Head_baseILm0ERKiLb0EE7_M_headERS2_
FNDA:0,_ZNSt10_Head_baseILm0ERKlLb0EE7_M_headERS2_
FNDA:130,_ZNSt10_Head_baseILm1EP7StorageLb0EE7_M_headERS2_
FNDA:130,_ZNSt10_Head_baseILm2ESt10shared_ptrI10IContainerELb0EE7_M_headERS3_
FNDA:6,_ZNSt10_Head_baseILm3ESt17reference_wrapperISt6vectorImSaImEEELb0EE7_M_headERS5_
FNDA:124,_ZNSt10_Head_baseILm3EiLb0EE7_M_headERS0_
FNDA:124,_ZNSt10_Head_baseILm4EiLb0EE7_M_headERS0_
FNDA:6,_ZNSt10_Head_baseILm4EmLb0EE7_M_headERS0_
FNDA:124,_ZSt12__get_helperILm0EM7StorageFbSt10shared_ptrI10IContainerEiiEJPS0_S3_iiEERT0_RSt11_Tuple_implIXT_EJS7_DpT1_EE
FNDA:6,_ZSt12__get_helperILm0EM7StorageFvSt10shared_ptrI10IContainerERSt6vectorImSaImEEmEJPS0_S3_St17reference_wrapperIS6_EmEERT0_RSt11_Tuple_implIXT_EJSD_DpT1_EE
FNDA:260,_ZSt12__get_helperILm0EPNSt6thread6_StateEJSt14default_deleteIS1_EEERT0_RSt11_Tuple_implIXT_EJS5_DpT1_EE
FNDA:7,_ZSt12__get_helperILm0ERKiJEERT0_RSt11_Tuple_implIXT_EJS2_DpT1_EE
FNDA:0,_ZSt12__get_helperILm0ERKlJEERT0_RSt11_Tuple_implIXT_EJS2_DpT1_EE
FNDA:6,_ZSt12__get_helperILm1EP7StorageJSt10shared_ptrI10IContainerESt17reference_wrapperISt6vectorImSaImEEEmEERT0_RSt11_Tuple_implIXT_EJSA_DpT1_EE
FNDA:124,_ZSt12__get_helperILm1EP7StorageJSt10shared_ptrI10IContainerEiiEERT0_RSt11_Tuple_implIXT_EJS5_DpT1_EE
FNDA:0,_ZSt12__get_helperILm1ESt14default_deleteINSt6thread6_StateEEJEERT0_RSt11_Tuple_implIXT_EJS4_DpT1_EE
FNDA:6,_ZSt12__get_helperILm2ESt10shared_ptrI10IContainerEJSt17reference_wrapperISt6vectorImSaImEEEmEERT0_RSt11_Tuple_implIXT_EJS8_DpT1_EE
FNDA:124,_ZSt12__get_helperILm2ESt10shared_ptrI10IContainerEJiiEERT0_RSt11_Tuple_implIXT_EJS3_DpT1_EE
FNDA:6,_ZSt12__get_helperILm3ESt17reference_wrapperISt6vectorImSaImEEEJmEERT0_RSt11_Tuple_implIXT_EJS5_DpT1_EE
FNDA:124,_ZSt12__get_helperILm3EiJiEERT0_RSt11_Tuple_implIXT_EJS0_DpT1_EE
FNDA:124,_ZSt12__get_helperILm4EiJEERT0_RSt11_Tuple_implIXT_EJS0_DpT1_EE
FNDA:6,_ZSt12__get_helperILm4EmJEERT0_RSt11_Tuple_implIXT_EJS0_DpT1_EE
FNDA:260,_ZSt3getILm0EJPNSt6thread6_StateESt14default_deleteIS1_EEERNSt13tuple_elementIXT_ESt5tupleIJDpT0_EEE4typeERS9_
FNDA:7,_ZSt3getILm0EJRKiEERNSt13tuple_elementIXT_ESt5tupleIJDpT0_EEE4typeERS6_
FNDA:0,_ZSt3getILm0EJRKlEERNSt13tuple_elementIXT_ESt5tupleIJDpT0_EEE4typeERS6_
FNDA:0,_ZSt3getILm1EJPNSt6thread6_StateESt14default_deleteIS1_EEERNSt13tuple_elementIXT_ESt5tupleIJDpT0_EEE4typeERS9_
FNDA:124,_ZSt3getILm0EJM7StorageFbSt10shared_ptrI10IContainerEiiEPS0_S3_iiEEONSt13tuple_elementIXT_ESt5tupleIJDpT0_EEE4typeEOSB_
FNDA:6,_ZSt3getILm0EJM7StorageFvSt10shared_ptrI10IContainerERSt6vectorImSaImEEmEPS0_S3_St17reference_wrapperIS6_EmEEONSt13tuple_elementIXT_ESt5tupleIJDpT0_EEE4typeEOSH_
FNDA:124,_ZSt3getILm1EJM7StorageFbSt10shared_ptrI10IContainerEiiEPS0_S3_iiEEONSt13tuple_elementIXT_ESt5tupleIJDpT0_EEE4typeEOSB_
FNDA:6,_ZSt3getILm1EJM7StorageFvSt10shared_ptrI10IContainerERSt6vectorImSaImEEmEPS0_S3_St17reference_wrapperIS6_EmEEONSt13tuple_elementIXT_ESt5tupleIJDpT0_EEE4typeEOSH_
FNDA:124,_ZSt3getILm2EJM7StorageFbSt10shared_ptrI10IContainerEiiEPS0_S3_iiEEONSt13tuple_elementIXT_ESt5tupleIJDpT0_EEE4typeEOSB_
FNDA:6,_ZSt3getILm2EJM7StorageFvSt10shared_ptrI10IContainerERSt6vectorImSaImEEmEPS0_S3_St17reference_wrapperIS6_EmEEONSt13tuple_elementIXT_ESt5tupleIJDpT0_EEE4typeEOSH_
FNDA:124,_ZSt3getILm3EJM7StorageFbSt10shared_ptrI10IContainerEiiEPS0_S3_iiEEONSt13tuple_elementIXT_ESt5tupleIJDpT0_EEE4typeEOSB_
FNDA:6,_ZSt3getILm3EJM7StorageFvSt10shared_ptrI10IContainerERSt6vectorImSaImEEmEPS0_S3_St17reference_wrapperIS6_EmEEONSt13tuple_elementIXT_ESt5tupleIJDpT0_EEE4typeEOSH_
FNDA:124,_ZSt3getILm4EJM7StorageFbSt10shared_ptrI10IContainerEiiEPS0_S3_iiEEONSt13tuple_elementIXT_ESt5tupleIJDpT0_EEE4typeEOSB_
FNDA:6,_ZSt3getILm4EJM7StorageFvSt10shared_ptrI10IContainerERSt6vectorImSaImEEmEPS0_S3_St17reference_wrapperIS6_EmEEONSt13tuple_elementIXT_ESt5tupleIJDpT0_EEE4typeEOSH_
FNDA:7,_ZNSt4pairIKiP7StorageEC2IJRS0_EJEEESt21piecewise_construct_tSt5tupleIJDpT_EES7_IJDpT0_EE
FNDA:0,_ZNSt4pairIKllEC2IJRS0_EJEEESt21piecewise_construct_tSt5tupleIJDpT_EES5_IJDpT0_EE
FNDA:7,_ZNSt4pairIKiP7StorageEC2IJRS0_EJLm0EEJEJEEERSt5tupleIJDpT_EERS6_IJDpT1_EESt12_Index_tupleIJXspT0_EEESF_IJXspT2_EEE
FNDA:0,_ZNSt4pairIKllEC2IJRS0_EJLm0EEJEJEEERSt5tupleIJDpT_EERS4_IJDpT1_EESt12_Index_tupleIJXspT0_EEESD_IJXspT2_EEE
FNDA:124,_ZNSt11_Tuple_implILm0EJM7StorageFbSt10shared_ptrI10IContainerEiiEPS0_S3_iiEE7_M_headERS7_
FNDA:6,_ZNSt11_Tuple_implILm0EJM7StorageFvSt10shared_ptrI10IContainerERSt6vectorImSaImEEmEPS0_S3_St17reference_wrapperIS6_EmEE7_M_headERSD_
FNDA:260,_ZNSt11_Tuple_implILm0EJPNSt6thread6_StateESt14default_deleteIS1_EEE7_M_headERS5_
FNDA:6,_ZNSt11_Tuple_implILm1EJP7StorageSt10shared_ptrI10IContainerESt17reference_wrapperISt6vectorImSaImEEEmEE7_M_headERSA_
FNDA:124,_ZNSt11_Tuple_implILm1EJP7StorageSt10shared_ptrI10IContainerEiiEE7_M_headERS5_
FNDA:6,_ZNSt11_Tuple_implILm2EJSt10shared_ptrI10IContainerESt17reference_wrapperISt6vectorImSaImEEEmEE7_M_headERS8_
FNDA:124,_ZNSt11_Tuple_implILm2EJSt10shared_ptrI10IContainerEiiEE7_M_headERS3_
FNDA:6,_ZNSt11_Tuple_implILm3EJSt17reference_wrapperISt6vectorImSaImEEEmEE7_M_headERS5_
FNDA:124,_ZNSt11_Tuple_implILm3EJiiEE7_M_headERS0_
FNDA:130,_ZNSt11_Tuple_implILm0EJPNSt6thread6_StateESt14default_deleteIS1_EEEC2Ev
FNDA:124,_ZNSt11_Tuple_implILm0EJM7StorageFbSt10shared_ptrI10IContainerEiiEPS0_S3_iiEEC2IS5_JS6_RS3_RiSA_EvEEOT_DpOT0_
FNDA:6,_ZNSt11_Tuple_implILm0EJM7StorageFvSt10shared_ptrI10IContainerERSt6vectorImSaImEEmEPS0_S3_St17reference_wrapperIS6_EmEEC2IS9_JSA_RS3_SC_RmEvEEOT_DpOT0_
FNDA:6,_ZNSt11_Tuple_implILm1EJP7StorageSt10shared_ptrI10IContainerESt17reference_wrapperISt6vectorImSaImEEEmEEC2IS1_JRS4_S9_RmEvEEOT_DpOT0_
FNDA:124,_ZNSt11_Tuple_implILm1EJP7StorageSt10shared_ptrI10IContainerEiiEEC2IS1_JRS4_RiS8_EvEEOT_DpOT0_
FNDA:6,_ZNSt11_Tuple_implILm2EJSt10shared_ptrI10IContainerESt17reference_wrapperISt6vectorImSaImEEEmEEC2IRS2_JS7_RmEvEEOT_DpOT0_
FNDA:124,_ZNSt11_Tuple_implILm2EJSt10shared_ptrI10IContainerEiiEEC2IRS2_JRiS6_EvEEOT_DpOT0_
FNDA:6,_ZNSt11_Tuple_implILm3EJSt17reference_wrapperISt6vectorImSaImEEEmEEC2IS4_JRmEvEEOT_DpOT0_
FNDA:124,_ZNSt11_Tuple_implILm3EJiiEEC2IRiJS2_EvEEOT_DpOT0_
FNDA:7,_ZNSt11_Tuple_implILm0EJRKiEE7_M_headERS2_
FNDA:0,_ZNSt11_Tuple_implILm0EJRKlEE7_M_headERS2_
FNDA:0,_ZNSt11_Tuple_implILm1EJSt14default_deleteINSt6thread6_StateEEEE7_M_headERS4_
FNDA:124,_ZNSt11_Tuple_implILm4EJiEE7_M_headERS0_
FNDA:6,_ZNSt11_Tuple_implILm4EJmEE7_M_headERS0_
FNDA:130,_ZNSt11_Tuple_implILm1EJSt14default_deleteINSt6thread6_StateEEEEC2Ev
FNDA:7,_ZNSt11_Tuple_implILm0EJRKiEEC2ES1_
FNDA:0,_ZNSt11_Tuple_implILm0EJRKlEEC2ES1_
FNDA:124,_ZNSt11_Tuple_implILm4EJiEEC2IRiEEOT_
FNDA:6,_ZNSt11_Tuple_implILm4EJmEEC2IRmEEOT_
FNDA:7,_ZNSt11_Tuple_implILm0EJRKiEEC2EOS2_
FNDA:0,_ZNSt11_Tuple_implILm0EJRKlEEC2EOS2_
FNDA:130,_ZNSt10_Head_baseILm1ESt14default_deleteINSt6thread6_StateEELb1EEC2Ev
FNDA:130,_ZNSt5tupleIJPNSt6thread6_StateESt14default_deleteIS1_EEEC2EvQfraa26is_default_constructible_vIT_E
FNDA:7,_ZNSt5tupleIJRKiEEC2ES1_Qcl15__constructibleIDpRKT_EE
FNDA:0,_ZNSt5tupleIJRKlEEC2ES1_Qcl15__constructibleIDpRKT_EE
FNDA:124,_ZNSt5tupleIJM7StorageFbSt10shared_ptrI10IContainerEiiEPS0_S3_iiEEC2IJS5_S6_RS3_RiSA_EEEDpOT_
FNDA:6,_ZNSt5tupleIJM7StorageFvSt10shared_ptrI10IContainerERSt6vectorImSaImEEmEPS0_S3_St17reference_wrapperIS6_EmEEC2IJS9_SA_RS3_SC_RmEEEDpOT_
FNDA:7,_ZNSt5tupleIJRKiEEC2EOS2_
FNDA:0,_ZNSt5tupleIJRKlEEC2EOS2_
FNF:93
FNH:78
DA:89,130
DA:90,130
DA:133,0
DA:198,130
DA:199,130
DA:201,7
DA:202,7
DA:208,650
DA:209,650
DA:242,917
DA:293,780
DA:304,130
DA:305,130
DA:315,520
DA:317,520
DA:318,520
DA:556,137
DA:562,130
DA:563,130
DA:566,7
DA:567,7
DA:568,7
DA:572,130
DA:573,130
DA:574,130
DA:586,7
DA:588,7
DA:589,7
DA:964,130
DA:967,130
DA:968,130
DA:971,7
DA:974,7
DA:975,7
DA:982,130
DA:984,130
DA:985,130
DA:995,7
DA:2427,917
DA:2428,917
DA:2443,267
DA:2444,267
DA:2455,650
DA:2458,650
DA:2872,7
DA:2877,7
DA:2878,7
DA:2884,7
DA:2887,7
DA:2888,7
DA:2889,7
LF:51
LH:50
end_of_record
TN:
SF:/usr/include/c++/14/type_traits
FN:3832,3839,_ZSt21is_constant_evaluatedv
FN:92,92,_ZNKSt17integral_constantIbLb1EEcvbEv
FNDA:0,_ZSt21is_constant_evaluatedv
FNDA:0,_ZNKSt17integral_constantIbLb1EEcvbEv
FNF:2
FNH:0
DA:92,0
DA:3832,0
DA:3837,0
LF:3
LH:0
end_of_record
TN:
SF:/usr/include/c++/14/typeinfo
FN:102,103,_ZNKSt9type_info4nameEv
FN:192,209,_ZNKSt9type_infoeqERKS_
FNDA:0,_ZNKSt9type_info4nameEv
FNDA:0,_ZNKSt9type_infoeqERKS_
FNF:2
FNH:0
DA:102,0
DA:103,0
DA:192,0
DA:194,0
DA:195,0
DA:197,0
DA:198,0
DA:205,0
LF:8
LH:0
end_of_record
TN:
SF:/usr/include/x86_64-linux-gnu/c++/14/bits/c++config.h
FNF:0
FNH:0
DA:324,0
DA:550,482114
DA:606,0
LF:3
LH:1
end_of_record
TN:
SF:/usr/include/x86_64-linux-gnu/c++/14/bits/ctype_inline.h
FN:42,44,_ZNKSt5ctypeIcE2isEtc
FNDA:143592,_ZNKSt5ctypeIcE2isEtc
FNF:1
FNH:1
DA:42,143592
DA:44,143592
LF:2
LH:2
end_of_record
TN:
SF:/usr/include/x86_64-linux-gnu/c++/14/bits/gthr-default.h
FN:313,316,_ZL18__gthread_active_pv
FN:759,765,_ZL20__gthread_mutex_lockP15pthread_mutex_t
FN:789,795,_ZL22__gthread_mutex_unlockP15pthread_mutex_t
FNDA:7054,_ZL18__gthread_active_pv
FNDA:3527,_ZL20__gthread_mutex_lockP15pthread_mutex_t
FNDA:3527,_ZL22__gthread_mutex_unlockP15pthread_mutex_t
FNF:3
FNH:3
DA:313,7054
DA:315,7054
DA:759,3527
DA:761,3527
DA:762,3527
DA:764,0
DA:789,3527
DA:791,3527
DA:792,3527
DA:794,0
LF:10
LH:8
end_of_record
