TN:
SF:/mnt/c/л3/Lab3OOP/Checker/Checker.hpp
FN:25,25,_ZN7CheckerIiEC2Ev
FN:27,28,_ZN7CheckerIiEC2ERKS0_
FN:30,32,_ZN7CheckerIiE16addCheckFunctionESt8functionIFvR7StorageP10IContainer17ContainerPositionIiEEE
FN:43,47,_ZNK7CheckerIiE11applyChecksER7StorageP10IContainer17ContainerPositionIiE
FNDA:25,_ZN7CheckerIiEC2Ev
FNDA:10,_ZN7CheckerIiEC2ERKS0_
FNDA:35,_ZN7CheckerIiE16addCheckFunctionESt8functionIFvR7StorageP10IContainer17ContainerPositionIiEEE
FNDA:223,_ZNK7CheckerIiE11applyChecksER7StorageP10IContainer17ContainerPositionIiE
FNF:4
FNH:4
DA:25,25
DA:27,10
DA:28,10
DA:30,35
DA:31,35
DA:32,35
DA:43,223
DA:44,466
DA:45,252
DA:47,214
LF:10
LH:10
end_of_record
TN:
SF:/mnt/c/л3/Lab3OOP/Octree/ContainerPosition.hpp
FN:12,12,_ZN17ContainerPositionIiEC2Ev
FN:18,23,_ZNK17ContainerPositionIiEeqERKS0_
FNDA:9272,_ZN17ContainerPositionIiEC2Ev
FNDA:149,_ZNK17ContainerPositionIiEeqERKS0_
FNF:2
FNH:2
DA:12,9272
DA:18,149
DA:19,299
DA:20,225
DA:21,225
DA:22,299
LF:6
LH:6
end_of_record
TN:
SF:/mnt/c/л3/Lab3OOP/Octree/Octree.hpp
FN:115,119,_ZN6OctreeIiP10IContainer17ContainerPositionIiEE8iteratorC2EPNS4_4NodeE
FN:121,123,_ZN6OctreeIiP10IContainer17ContainerPositionIiEE8iteratordeEv
FN:126,136,_ZN6OctreeIiP10IContainer17ContainerPositionIiEE8iteratorppEv
FN:139,141,_ZNK6OctreeIiP10IContainer17ContainerPositionIiEE8iteratorneERKS5_
FN:148,151,_ZN6OctreeIiP10IContainer17ContainerPositionIiEEC2ER11BoundingBoxIiEi
FN:154,156,_ZN6OctreeIiP10IContainer17ContainerPositionIiEED2Ev
FN:164,166,_ZN6OctreeIiP10IContainer17ContainerPositionIiEE5beginEv
FN:168,170,_ZN6OctreeIiP10IContainer17ContainerPositionIiEE3endEv
FN:173,182,_ZN6OctreeIiP10IContainer17ContainerPositionIiEE6insertES1_RS3_PNS4_4NodeE
FN:185,265,_ZN6OctreeIiP10IContainer17ContainerPositionIiEE5splitEPNS4_4NodeE
FN:268,271,_ZN6OctreeIiP10IContainer17ContainerPositionIiEE5CloneEv
FN:275,285,_ZN6OctreeIiP10IContainer17ContainerPositionIiEE6removeENSt7__cxx1112basic_stringIcSt11char_traitsIcESaIcEEE
FN:288,292,_ZN6OctreeIiP10IContainer17ContainerPositionIiEE6searchENSt7__cxx1112basic_stringIcSt11char_traitsIcESaIcEEE
FN:295,299,_ZN6OctreeIiP10IContainer17ContainerPositionIiEE5findIENSt7__cxx1112basic_stringIcSt11char_traitsIcESaIcEEE
FN:302,306,_ZN6OctreeIiP10IContainer17ContainerPositionIiEE11searchDepthEv
FN:309,315,_ZN6OctreeIiP10IContainer17ContainerPositionIiEE12SearchInsertES1_S3_
FN:323,326,_ZN6OctreeIiP10IContainer17ContainerPositionIiEE7getMinXERS3_
FN:329,332,_ZN6OctreeIiP10IContainer17ContainerPositionIiEE7getMaxXERS3_
FN:335,338,_ZN6OctreeIiP10IContainer17ContainerPositionIiEE7getMinYERS3_
FN:341,344,_ZN6OctreeIiP10IContainer17ContainerPositionIiEE7getMaxYERS3_
FN:347,350,_ZN6OctreeIiP10IContainer17ContainerPositionIiEE7getMinZERS3_
FN:353,356,_ZN6OctreeIiP10IContainer17ContainerPositionIiEE7getMaxZERS3_
FN:359,362,_ZN6OctreeIiP10IContainer17ContainerPositionIiEE7getMinXERKS3_
FN:364,367,_ZN6OctreeIiP10IContainer17ContainerPositionIiEE7getMaxXERKS3_
FN:370,373,_ZN6OctreeIiP10IContainer17ContainerPositionIiEE7getMinYERKS3_
FN:376,379,_ZN6OctreeIiP10IContainer17ContainerPositionIiEE7getMaxYERKS3_
FN:383,386,_ZN6OctreeIiP10IContainer17ContainerPositionIiEE7getMinZERKS3_
FN:389,392,_ZN6OctreeIiP10IContainer17ContainerPositionIiEE7getMaxZERKS3_
FN:400,410,_ZN6OctreeIiP10IContainer17ContainerPositionIiEE16pointincontainerER5PointIiERS3_
FN:416,426,_ZN6OctreeIiP10IContainer17ContainerPositionIiEE14searchUnderOctEPNS4_4NodeERSt6vectorISt4pairIS3_S1_ESaIS9_EE
FN:429,446,_ZN6OctreeIiP10IContainer17ContainerPositionIiEE5findIENSt7__cxx1112basic_stringIcSt11char_traitsIcESaIcEEEPNS4_4NodeEPSt4pairIS3_S1_E
FN:449,459,_ZN6OctreeIiP10IContainer17ContainerPositionIiEE11searchDepthEPNS4_4NodeERSt6vectorISt4pairIS3_S1_ESaIS9_EE
FN:462,495,_ZN6OctreeIiP10IContainer17ContainerPositionIiEE12SearchInsertES1_S3_PNS4_4NodeEPS6_RSt6vectorISt4pairIS3_S1_ESaISA_EERb
FN:498,515,_ZN6OctreeIiP10IContainer17ContainerPositionIiEE7searchRENSt7__cxx1112basic_stringIcSt11char_traitsIcESaIcEEEPNS4_4NodeEPSC_
FN:518,542,_ZN6OctreeIiP10IContainer17ContainerPositionIiEE7removeRENSt7__cxx1112basic_stringIcSt11char_traitsIcESaIcEEEPNS4_4NodeERbPSC_
FN:545,554,_ZN6OctreeIiP10IContainer17ContainerPositionIiEE14checkEmptyNodeEPNS4_4NodeE
FN:55,55,_ZN11BoundingBoxIiEC2ERK5PointIiES4_
FN:556,567,_ZN6OctreeIiP10IContainer17ContainerPositionIiEE6meargeEPNS4_4NodeE
FN:57,59,_ZNK11BoundingBoxIiE8containsER5PointIiE
FN:570,584,_ZN6OctreeIiP10IContainer17ContainerPositionIiEE17decreaseHightTreeEPNS4_4NodeE
FN:588,598,_ZN6OctreeIiP10IContainer17ContainerPositionIiEE6UpdateEPNS4_4NodeE
FN:601,622,_ZNK6OctreeIiP10IContainer17ContainerPositionIiEE13ContainEntityES3_S3_
FN:625,632,_ZNK6OctreeIiP10IContainer17ContainerPositionIiEE14checkCollisionES1_S3_St6vectorISt4pairIS3_S1_ESaIS7_EE
FN:646,648,_ZNK6OctreeIiP10IContainer17ContainerPositionIiEE6numberB5cxx11ERK5PointIiE
FN:80,80,_ZN6OctreeIiP10IContainer17ContainerPositionIiEE4NodeC2ER11BoundingBoxIiEi
FN:81,89,_ZN6OctreeIiP10IContainer17ContainerPositionIiEE4NodeD2Ev
FN:91,93,_ZNK6OctreeIiP10IContainer17ContainerPositionIiEE4Node6isLeafEv
FNDA:213,_ZN6OctreeIiP10IContainer17ContainerPositionIiEE8iteratorC2EPNS4_4NodeE
FNDA:542,_ZN6OctreeIiP10IContainer17ContainerPositionIiEE8iteratordeEv
FNDA:199,_ZN6OctreeIiP10IContainer17ContainerPositionIiEE8iteratorppEv
FNDA:206,_ZNK6OctreeIiP10IContainer17ContainerPositionIiEE8iteratorneERKS5_
FNDA:27,_ZN6OctreeIiP10IContainer17ContainerPositionIiEEC2ER11BoundingBoxIiEi
FNDA:0,_ZN6OctreeIiP10IContainer17ContainerPositionIiEED2Ev
FNDA:7,_ZN6OctreeIiP10IContainer17ContainerPositionIiEE5beginEv
FNDA:206,_ZN6OctreeIiP10IContainer17ContainerPositionIiEE3endEv
FNDA:219,_ZN6OctreeIiP10IContainer17ContainerPositionIiEE6insertES1_RS3_PNS4_4NodeE
FNDA:39,_ZN6OctreeIiP10IContainer17ContainerPositionIiEE5splitEPNS4_4NodeE
FNDA:10,_ZN6OctreeIiP10IContainer17ContainerPositionIiEE5CloneEv
FNDA:23,_ZN6OctreeIiP10IContainer17ContainerPositionIiEE6removeENSt7__cxx1112basic_stringIcSt11char_traitsIcESaIcEEE
FNDA:18,_ZN6OctreeIiP10IContainer17ContainerPositionIiEE6searchENSt7__cxx1112basic_stringIcSt11char_traitsIcESaIcEEE
FNDA:14,_ZN6OctreeIiP10IContainer17ContainerPositionIiEE5findIENSt7__cxx1112basic_stringIcSt11char_traitsIcESaIcEEE
FNDA:109,_ZN6OctreeIiP10IContainer17ContainerPositionIiEE11searchDepthEv
FNDA:9251,_ZN6OctreeIiP10IContainer17ContainerPositionIiEE12SearchInsertES1_S3_
FNDA:29382,_ZN6OctreeIiP10IContainer17ContainerPositionIiEE7getMinXERS3_
FNDA:29382,_ZN6OctreeIiP10IContainer17ContainerPositionIiEE7getMaxXERS3_
FNDA:29524,_ZN6OctreeIiP10IContainer17ContainerPositionIiEE7getMinYERS3_
FNDA:29524,_ZN6OctreeIiP10IContainer17ContainerPositionIiEE7getMaxYERS3_
FNDA:29303,_ZN6OctreeIiP10IContainer17ContainerPositionIiEE7getMinZERS3_
FNDA:29239,_ZN6OctreeIiP10IContainer17ContainerPositionIiEE7getMaxZERS3_
FNDA:579,_ZN6OctreeIiP10IContainer17ContainerPositionIiEE7getMinXERKS3_
FNDA:428,_ZN6OctreeIiP10IContainer17ContainerPositionIiEE7getMaxXERKS3_
FNDA:389,_ZN6OctreeIiP10IContainer17ContainerPositionIiEE7getMinYERKS3_
FNDA:334,_ZN6OctreeIiP10IContainer17ContainerPositionIiEE7getMaxYERKS3_
FNDA:39,_ZN6OctreeIiP10IContainer17ContainerPositionIiEE7getMinZERKS3_
FNDA:191,_ZN6OctreeIiP10IContainer17ContainerPositionIiEE7getMaxZERKS3_
FNDA:213,_ZN6OctreeIiP10IContainer17ContainerPositionIiEE16pointincontainerER5PointIiERS3_
FNDA:26194,_ZN6OctreeIiP10IContainer17ContainerPositionIiEE14searchUnderOctEPNS4_4NodeERSt6vectorISt4pairIS3_S1_ESaIS9_EE
FNDA:302,_ZN6OctreeIiP10IContainer17ContainerPositionIiEE5findIENSt7__cxx1112basic_stringIcSt11char_traitsIcESaIcEEEPNS4_4NodeEPSt4pairIS3_S1_E
FNDA:14741,_ZN6OctreeIiP10IContainer17ContainerPositionIiEE11searchDepthEPNS4_4NodeERSt6vectorISt4pairIS3_S1_ESaIS9_EE
FNDA:10931,_ZN6OctreeIiP10IContainer17ContainerPositionIiEE12SearchInsertES1_S3_PNS4_4NodeEPS6_RSt6vectorISt4pairIS3_S1_ESaISA_EERb
FNDA:386,_ZN6OctreeIiP10IContainer17ContainerPositionIiEE7searchRENSt7__cxx1112basic_stringIcSt11char_traitsIcESaIcEEEPNS4_4NodeEPSC_
FNDA:343,_ZN6OctreeIiP10IContainer17ContainerPositionIiEE7removeRENSt7__cxx1112basic_stringIcSt11char_traitsIcESaIcEEEPNS4_4NodeERbPSC_
FNDA:31,_ZN6OctreeIiP10IContainer17ContainerPositionIiEE14checkEmptyNodeEPNS4_4NodeE
FNDA:329,_ZN11BoundingBoxIiEC2ERK5PointIiES4_
FNDA:109,_ZN6OctreeIiP10IContainer17ContainerPositionIiEE6meargeEPNS4_4NodeE
FNDA:48795,_ZNK11BoundingBoxIiE8containsER5PointIiE
FNDA:109,_ZN6OctreeIiP10IContainer17ContainerPositionIiEE17decreaseHightTreeEPNS4_4NodeE
FNDA:23,_ZN6OctreeIiP10IContainer17ContainerPositionIiEE6UpdateEPNS4_4NodeE
FNDA:14509,_ZNK6OctreeIiP10IContainer17ContainerPositionIiEE13ContainEntityES3_S3_
FNDA:2754,_ZNK6OctreeIiP10IContainer17ContainerPositionIiEE14checkCollisionES1_S3_St6vectorISt4pairIS3_S1_ESaIS7_EE
FNDA:305,_ZNK6OctreeIiP10IContainer17ContainerPositionIiEE6numberB5cxx11ERK5PointIiE
FNDA:339,_ZN6OctreeIiP10IContainer17ContainerPositionIiEE4NodeC2ER11BoundingBoxIiEi
FNDA:0,_ZN6OctreeIiP10IContainer17ContainerPositionIiEE4NodeD2Ev
FNDA:4222,_ZNK6OctreeIiP10IContainer17ContainerPositionIiEE4Node6isLeafEv
FNF:47
FNH:45
DA:55,329
DA:57,48795
DA:58,48795
DA:80,339
DA:81,0
DA:82,0
DA:84,0
DA:86,0
DA:87,0
DA:89,0
DA:91,4222
DA:92,4222
DA:115,213
DA:116,213
DA:117,7
DA:119,213
DA:121,542
DA:122,542
DA:126,199
DA:127,199
DA:128,199
DA:129,199
DA:130,1791
DA:131,1592
DA:132,192
DA:135,199
DA:139,206
DA:140,206
DA:148,27
DA:149,27
DA:150,27
DA:151,27
DA:154,0
DA:155,0
DA:156,0
DA:164,7
DA:165,7
DA:168,206
DA:169,206
DA:173,219
DA:174,219
DA:175,0
DA:177,219
DA:178,219
DA:179,39
DA:181,219
DA:185,39
DA:186,39
DA:187,39
DA:189,39
DA:190,39
DA:191,39
DA:193,39
DA:194,39
DA:195,39
DA:196,39
DA:197,39
DA:200,39
DA:201,39
DA:202,39
DA:203,39
DA:204,39
DA:207,39
DA:208,39
DA:209,39
DA:210,39
DA:211,39
DA:214,39
DA:215,39
DA:216,39
DA:217,39
DA:218,39
DA:221,39
DA:222,39
DA:223,39
DA:224,39
DA:225,39
DA:228,39
DA:229,39
DA:230,39
DA:231,39
DA:232,39
DA:235,39
DA:236,39
DA:237,39
DA:238,39
DA:239,39
DA:242,39
DA:243,39
DA:244,39
DA:245,39
DA:246,39
DA:249,88
DA:250,107
DA:251,153
DA:252,98
DA:253,93
DA:254,90
DA:255,90
DA:256,90
DA:257,198
DA:258,45
DA:259,45
DA:260,45
DA:261,45
DA:265,39
DA:268,10
DA:269,10
DA:270,10
DA:275,23
DA:276,23
DA:277,23
DA:278,23
DA:279,23
DA:280,0
DA:282,23
DA:283,23
DA:284,23
DA:288,18
DA:289,18
DA:290,18
DA:291,18
DA:295,14
DA:296,14
DA:297,14
DA:298,14
DA:302,109
DA:303,109
DA:304,109
DA:305,109
DA:306,0
DA:309,9251
DA:310,9251
DA:311,9251
DA:312,9251
DA:313,9251
DA:314,9251
DA:315,9251
DA:323,29382
DA:325,29382
DA:329,29382
DA:331,29382
DA:335,29524
DA:337,29524
DA:341,29524
DA:343,29524
DA:347,29303
DA:349,29303
DA:353,29239
DA:355,29239
DA:359,579
DA:361,579
DA:364,428
DA:366,428
DA:370,389
DA:372,389
DA:376,334
DA:378,334
DA:383,39
DA:385,39
DA:389,191
DA:391,191
DA:400,213
DA:403,213
DA:404,213
DA:405,213
DA:406,213
DA:407,213
DA:408,213
DA:409,213
DA:416,26194
DA:417,26194
DA:418,23264
DA:420,2930
DA:421,2719
DA:423,26370
DA:424,23440
DA:429,302
DA:430,302
DA:431,0
DA:433,302
DA:434,130
DA:435,92
DA:436,12
DA:437,12
DA:441,290
DA:442,324
DA:443,288
DA:449,14741
DA:450,14741
DA:451,12912
DA:453,1829
DA:454,259
DA:456,16461
DA:457,14632
DA:462,10931
DA:463,10931
DA:464,0
DA:466,20402
DA:467,6564
DA:468,6284
DA:469,20402
DA:470,7986
DA:472,2945
DA:473,2760
DA:475,2945
DA:476,1890
DA:477,1680
DA:480,2945
DA:482,2754
DA:484,2754
DA:485,223
DA:486,223
DA:488,2531
DA:489,2531
DA:491,191
DA:492,133
DA:494,58
DA:498,386
DA:499,386
DA:500,0
DA:502,386
DA:503,113
DA:504,77
DA:505,15
DA:506,15
DA:510,371
DA:511,414
DA:512,368
DA:518,343
DA:519,343
DA:520,0
DA:522,343
DA:523,164
DA:525,179
DA:526,165
DA:527,136
DA:528,23
DA:529,23
DA:530,23
DA:531,23
DA:532,23
DA:536,156
DA:537,360
DA:538,320
DA:545,31
DA:546,31
DA:547,18
DA:548,18
DA:549,18
DA:550,16
DA:551,16
DA:552,77
DA:553,46
DA:556,109
DA:557,109
DA:558,117
DA:559,104
DA:560,6
DA:561,6
DA:564,117
DA:565,104
DA:570,109
DA:571,109
DA:572,96
DA:574,117
DA:575,104
DA:577,13
DA:578,90
DA:579,80
DA:580,80
DA:581,80
DA:588,23
DA:589,23
DA:590,1
DA:591,1
DA:592,1
DA:594,22
DA:595,4
DA:596,4
DA:601,14509
DA:603,14509
DA:604,14509
DA:605,14509
DA:606,14509
DA:607,14509
DA:608,14509
DA:611,14509
DA:612,14509
DA:613,14509
DA:614,14509
DA:615,14509
DA:616,14509
DA:619,11260
DA:620,28548
DA:621,17288
DA:625,2754
DA:626,14732
DA:627,14509
DA:628,2531
DA:631,223
DA:646,305
DA:647,305
LF:303
LH:287
end_of_record
TN:
SF:/mnt/c/л3/Lab3OOP/Octree/Point.hpp
FN:17,17,_ZN5PointIiEC2Eiii
FN:18,18,_ZN5PointIiEC2Ev
FN:9,11,_ZNK5PointIiEeqERKS0_
FNDA:793,_ZN5PointIiEC2Eiii
FNDA:74176,_ZN5PointIiEC2Ev
FNDA:674,_ZNK5PointIiEeqERKS0_
FNF:3
FNH:3
DA:9,674
DA:10,674
DA:17,793
DA:18,74176
LF:4
LH:4
end_of_record
TN:
SF:/mnt/c/л3/Lab3OOP/Storage/Storage.cpp
FN:107,122,_ZN7Storage7getSizeEiii
FN:127,169,_ZN7Storage26calculateContainerPositionEiiiiii
FN:13,24,_ZN7Storage14calculateDepthEv
FN:14,21,_ZZN7Storage14calculateDepthEvENKUliE_clEi
FN:172,195,_ZN7Storage20searchUnderContainerER17ContainerPositionIiE
FN:198,221,_ZN7Storage20searchUpperContainerER17ContainerPositionIiE
FN:225,233,_ZN7Storage13calculatemassESt6vectorISt4pairI17ContainerPositionIiEP10IContainerESaIS6_EEm
FN:236,261,_ZN7Storage12checkSupportER17ContainerPositionIiESt6vectorISt4pairIS1_P10IContainerESaIS7_EE
FN:263,275,_ZN7Storage12addContainerEP10IContaineriii
FN:27,29,_ZN7Storage24addExternalCheckFunctionERKSt8functionIFvRS_P10IContainer17ContainerPositionIiEEE
FN:280,284,_ZNK7Storage19getInfoAboutStorageB5cxx11Ev
FN:288,309,_ZN7Storage7isNoTopERK17ContainerPositionIiE
FN:313,343,_ZN7Storage13moveContainerENSt7__cxx1112basic_stringIcSt11char_traitsIcESaIcEEEiii
FN:32,46,_ZN7Storage5checkB5cxx11Ev
FN:347,387,_ZN7Storage15rotateContainerENSt7__cxx1112basic_stringIcSt11char_traitsIcESaIcEEEi
FN:390,411,_ZN7Storage10multitreadEP10IContaineriii
FN:413,430,_ZN7Storage13addContainerREP10IContainerii
FN:432,447,_ZN7Storage12addContainerB5cxx11EP10IContainer
FN:450,509,_ZN7Storage15removeContainerENSt7__cxx1112basic_stringIcSt11char_traitsIcESaIcEEE
FN:49,63,_ZN7StorageC2Eiiiid
FN:512,526,_ZNK7Storage7getInfoB5cxx11Ev
FN:529,545,_ZN7Storage9howContaiEP10IContainerRSt6vectorImSaImEEm
FN:548,558,_ZN7Storage12howContainerEP10IContainer
FN:557,557,_ZZN7Storage12howContainerEP10IContainerENKUliiE_clEii
FN:561,567,_ZN7Storage4findENSt7__cxx1112basic_stringIcSt11char_traitsIcESaIcEEE
FN:57,59,_ZZN7StorageC4EiiiidENKUlRS_P10IContainer17ContainerPositionIiEE_clES0_S2_S4_
FN:570,584,_ZNK7Storage17getListContainersB5cxx11Ev
FN:587,594,_ZN7Storage16checkTemperatureERS_P10IContainer17ContainerPositionIiE
FN:597,613,_ZN7Storage13checkPressureERS_P10IContainer17ContainerPositionIiE
FN:60,62,_ZZN7StorageC4EiiiidENKUlRS_P10IContainer17ContainerPositionIiEE0_clES0_S2_S4_
FN:66,68,_ZN7Storage15comparePositionERSt4pairI17ContainerPositionIiEP10IContainerES6_
FN:71,73,_ZN7Storage22comparePositionReverseERSt4pairI17ContainerPositionIiEP10IContainerES6_
FN:76,92,_ZN7StorageaSERKS_
FN:95,104,_ZN7StorageC2ERKS_
FNDA:3,_ZN7Storage7getSizeEiii
FNDA:9251,_ZN7Storage26calculateContainerPositionEiiiiii
FNDA:17,_ZN7Storage14calculateDepthEv
FNDA:51,_ZZN7Storage14calculateDepthEvENKUliE_clEi
FNDA:72,_ZN7Storage20searchUnderContainerER17ContainerPositionIiE
FNDA:8,_ZN7Storage20searchUpperContainerER17ContainerPositionIiE
FNDA:27,_ZN7Storage13calculatemassESt6vectorISt4pairI17ContainerPositionIiEP10IContainerESaIS6_EEm
FNDA:71,_ZN7Storage12checkSupportER17ContainerPositionIiESt6vectorISt4pairIS1_P10IContainerESaIS7_EE
FNDA:125,_ZN7Storage12addContainerEP10IContaineriii
FNDA:1,_ZN7Storage24addExternalCheckFunctionERKSt8functionIFvRS_P10IContainer17ContainerPositionIiEEE
FNDA:4,_ZNK7Storage19getInfoAboutStorageB5cxx11Ev
FNDA:6,_ZN7Storage7isNoTopERK17ContainerPositionIiE
FNDA:5,_ZN7Storage13moveContainerENSt7__cxx1112basic_stringIcSt11char_traitsIcESaIcEEEiii
FNDA:1,_ZN7Storage5checkB5cxx11Ev
FNDA:5,_ZN7Storage15rotateContainerENSt7__cxx1112basic_stringIcSt11char_traitsIcESaIcEEEi
FNDA:9127,_ZN7Storage10multitreadEP10IContaineriii
FNDA:155,_ZN7Storage13addContainerREP10IContainerii
FNDA:106,_ZN7Storage12addContainerB5cxx11EP10IContainer
FNDA:9,_ZN7Storage15removeContainerENSt7__cxx1112basic_stringIcSt11char_traitsIcESaIcEEE
FNDA:17,_ZN7StorageC2Eiiiid
FNDA:11,_ZNK7Storage7getInfoB5cxx11Ev
FNDA:6,_ZN7Storage9howContaiEP10IContainerRSt6vectorImSaImEEm
FNDA:1,_ZN7Storage12howContainerEP10IContainer
FNDA:6,_ZZN7Storage12howContainerEP10IContainerENKUliiE_clEii
FNDA:5,_ZN7Storage4findENSt7__cxx1112basic_stringIcSt11char_traitsIcESaIcEEE
FNDA:127,_ZZN7StorageC4EiiiidENKUlRS_P10IContainer17ContainerPositionIiEE_clES0_S2_S4_
FNDA:6,_ZNK7Storage17getListContainersB5cxx11Ev
FNDA:127,_ZN7Storage16checkTemperatureERS_P10IContainer17ContainerPositionIiE
FNDA:125,_ZN7Storage13checkPressureERS_P10IContainer17ContainerPositionIiE
FNDA:125,_ZZN7StorageC4EiiiidENKUlRS_P10IContainer17ContainerPositionIiEE0_clES0_S2_S4_
FNDA:298,_ZN7Storage15comparePositionERSt4pairI17ContainerPositionIiEP10IContainerES6_
FNDA:12,_ZN7Storage22comparePositionReverseERSt4pairI17ContainerPositionIiEP10IContainerES6_
FNDA:2,_ZN7StorageaSERKS_
FNDA:8,_ZN7StorageC2ERKS_
FNF:34
FNH:34
DA:13,17
DA:14,51
DA:15,51
DA:16,149
DA:17,98
DA:18,98
DA:20,51
DA:22,17
DA:27,1
DA:28,1
DA:29,1
DA:32,1
DA:33,1
DA:34,26
DA:35,25
DA:36,0
DA:37,0
DA:39,25
DA:40,24
DA:41,18
DA:44,1
DA:45,1
DA:46,0
DA:49,17
DA:50,17
DA:51,17
DA:52,17
DA:53,17
DA:54,17
DA:55,17
DA:56,17
DA:57,17
DA:58,127
DA:59,125
DA:60,17
DA:61,125
DA:62,118
DA:63,17
DA:66,298
DA:67,298
DA:71,12
DA:72,12
DA:76,2
DA:77,2
DA:78,2
DA:79,2
DA:80,2
DA:81,2
DA:82,2
DA:83,2
DA:84,2
DA:85,2
DA:86,12
DA:87,10
DA:89,2
DA:90,2
DA:91,2
DA:95,8
DA:96,8
DA:97,8
DA:98,8
DA:99,8
DA:100,20
DA:101,12
DA:103,8
DA:104,8
DA:107,3
DA:108,3
DA:109,1
DA:111,2
DA:112,2
DA:113,2
DA:114,12
DA:115,10
DA:117,12
DA:118,10
DA:120,2
DA:121,2
DA:122,2
DA:127,9251
DA:128,9251
DA:130,9251
DA:131,9251
DA:132,9251
DA:135,9251
DA:136,9251
DA:137,9251
DA:140,9251
DA:141,9251
DA:142,9251
DA:145,9251
DA:146,9251
DA:147,9251
DA:150,9251
DA:151,9251
DA:152,9251
DA:155,9251
DA:156,9251
DA:157,9251
DA:160,9251
DA:161,9251
DA:162,9251
DA:165,9251
DA:166,9251
DA:167,9251
DA:168,9251
DA:172,72
DA:173,72
DA:174,72
DA:175,72
DA:176,72
DA:177,72
DA:178,72
DA:179,72
DA:180,72
DA:181,72
DA:182,72
DA:183,557
DA:184,485
DA:186,833
DA:187,1018
DA:188,185
DA:189,184
DA:190,184
DA:193,72
DA:194,144
DA:195,72
DA:198,8
DA:199,8
DA:200,8
DA:201,8
DA:202,8
DA:203,8
DA:204,8
DA:205,8
DA:206,8
DA:207,8
DA:208,8
DA:209,78
DA:210,70
DA:212,132
DA:213,163
DA:214,31
DA:215,15
DA:216,15
DA:219,8
DA:220,16
DA:221,8
DA:225,27
DA:226,27
DA:227,52
DA:228,25
DA:229,25
DA:232,27
DA:236,71
DA:237,71
DA:238,71
DA:239,71
DA:240,71
DA:241,71
DA:243,76
DA:244,73
DA:245,68
DA:247,73
DA:248,2
DA:250,71
DA:251,59
DA:253,71
DA:254,49
DA:256,71
DA:257,66
DA:260,3
DA:263,125
DA:264,125
DA:265,1
DA:267,124
DA:268,124
DA:269,124
DA:270,3
DA:272,121
DA:273,115
DA:274,115
DA:275,115
DA:280,4
DA:281,8
DA:282,12
DA:283,4
DA:288,6
DA:289,6
DA:290,6
DA:291,6
DA:292,6
DA:293,6
DA:294,6
DA:295,6
DA:296,6
DA:297,6
DA:299,22
DA:300,18
DA:301,30
DA:302,38
DA:303,8
DA:304,2
DA:308,4
DA:309,6
DA:313,5
DA:314,5
DA:315,1
DA:317,4
DA:318,4
DA:319,1
DA:321,3
DA:322,7
DA:323,7
DA:324,3
DA:325,3
DA:326,3
DA:327,3
DA:330,3
DA:331,1
DA:332,1
DA:333,1
DA:336,2
DA:337,1
DA:338,1
DA:339,1
DA:340,1
DA:341,1
DA:342,1
DA:343,1
DA:347,5
DA:348,5
DA:349,5
DA:350,1
DA:352,4
DA:353,5
DA:354,5
DA:355,4
DA:356,4
DA:357,4
DA:358,4
DA:361,4
DA:362,4
DA:363,1
DA:364,1
DA:365,1
DA:367,3
DA:368,3
DA:369,1
DA:370,1
DA:371,1
DA:373,2
DA:374,2
DA:375,2
DA:376,2
DA:378,2
DA:379,1
DA:380,1
DA:381,1
DA:382,1
DA:383,1
DA:384,1
DA:385,1
DA:386,1
DA:387,1
DA:390,9127
DA:391,9127
DA:392,9127
DA:393,9127
DA:394,9127
DA:395,9127
DA:396,9127
DA:397,9025
DA:399,102
DA:400,99
DA:401,99
DA:402,99
DA:403,99
DA:404,99
DA:405,99
DA:407,0
DA:408,0
DA:409,0
DA:411,9127
DA:413,155
DA:414,155
DA:415,373
DA:416,3255
DA:417,12065
DA:419,9176
DA:420,49
DA:422,9127
DA:423,99
DA:424,9028
DA:425,9028
DA:429,7
DA:430,155
DA:432,106
DA:433,106
DA:434,261
DA:435,155
DA:436,155
DA:438,261
DA:439,155
DA:441,106
DA:442,14
DA:444,99
DA:445,99
DA:447,106
DA:450,9
DA:451,9
DA:452,9
DA:453,9
DA:454,1
DA:456,8
DA:457,8
DA:459,1
DA:462,7
DA:463,7
DA:464,7
DA:470,22
DA:471,15
DA:472,15
DA:478,7
DA:479,21
DA:480,15
DA:481,15
DA:484,15
DA:485,1
DA:486,1
DA:487,0
DA:489,1
DA:490,2
DA:491,1
DA:493,1
DA:498,14
DA:502,15
DA:504,20
DA:505,14
DA:507,6
DA:508,8
DA:509,8
DA:512,11
DA:513,11
DA:514,11
DA:515,11
DA:516,0
DA:518,82
DA:519,71
DA:520,142
DA:521,284
DA:522,213
DA:525,11
DA:526,11
DA:529,6
DA:530,6
DA:531,6
DA:532,6
DA:535,90
DA:536,84
DA:537,84
DA:538,84
DA:540,6
DA:541,6
DA:544,6
DA:545,6
DA:548,1
DA:549,1
DA:550,1
DA:551,7
DA:552,6
DA:554,7
DA:555,6
DA:557,8
DA:558,1
DA:561,5
DA:562,5
DA:563,5
DA:564,1
DA:566,4
DA:570,6
DA:571,6
DA:572,180
DA:573,174
DA:574,0
DA:575,0
DA:577,174
DA:578,85
DA:579,56
DA:582,6
DA:583,6
DA:584,0
DA:587,127
DA:588,127
DA:589,129
DA:590,2
DA:592,2
DA:594,125
DA:597,125
DA:598,125
DA:599,72
DA:600,72
DA:601,1
DA:603,71
DA:604,5
DA:606,244
DA:607,179
DA:608,179
DA:609,1
DA:612,72
DA:613,118
LF:411
LH:400
end_of_record
TN:
SF:/mnt/c/л3/Lab3OOP/Storage/Storage.hpp
FN:40,43,_ZN7StorageD2Ev
FNDA:0,_ZN7StorageD2Ev
FNF:1
FNH:0
DA:40,0
DA:41,0
DA:42,0
DA:43,0
LF:4
LH:0
end_of_record
TN:
SF:/usr/include/c++/13/atomic
FN:103,104,_ZNSt6atomicIbE5storeEbSt12memory_order
FN:111,112,_ZNKSt6atomicIbE4loadESt12memory_order
FN:76,76,_ZNSt6atomicIbEC2Eb
FNDA:198,_ZNSt6atomicIbE5storeEbSt12memory_order
FNDA:9381,_ZNKSt6atomicIbE4loadESt12memory_order
FNDA:25,_ZNSt6atomicIbEC2Eb
FNF:3
FNH:3
DA:76,25
DA:103,198
DA:104,198
DA:111,9381
DA:112,18762
LF:5
LH:5
end_of_record
TN:
SF:/usr/include/c++/13/bit
FN:195,237,_ZSt13__countl_zeroImEiT_
FN:365,369,_ZSt11__bit_widthImEiT_
FNDA:90,_ZSt13__countl_zeroImEiT_
FNDA:90,_ZSt11__bit_widthImEiT_
FNF:2
FNH:2
DA:195,90
DA:198,90
DA:200,90
DA:201,0
DA:203,90
DA:204,90
DA:205,90
DA:214,90
DA:215,90
DA:365,90
DA:367,90
DA:368,90
LF:12
LH:11
end_of_record
TN:
SF:/usr/include/c++/13/bits/alloc_traits.h
FNF:0
FNH:0
DA:482,9510
DA:517,568
DA:540,1545
DA:542,1545
DA:560,772
DA:562,772
DA:576,21877
DA:588,2862
DA:948,5880
DA:949,5880
LF:10
LH:10
end_of_record
TN:
SF:/usr/include/c++/13/bits/allocator.h
FNF:0
FNH:0
DA:163,9949
DA:168,24446
DA:178,426
DA:184,22021
DA:191,9510
DA:193,0
DA:194,0
DA:195,0
DA:198,9510
DA:205,568
DA:207,0
DA:208,0
DA:210,568
LF:13
LH:8
end_of_record
TN:
SF:/usr/include/c++/13/bits/atomic_base.h
FN:107,110,_ZStanSt12memory_orderSt23__memory_order_modifier
FN:362,362,_ZNSt13__atomic_baseIbEC2Eb
FNDA:9579,_ZStanSt12memory_orderSt23__memory_order_modifier
FNDA:25,_ZNSt13__atomic_baseIbEC2Eb
FNF:2
FNH:2
DA:107,9579
DA:109,9579
DA:362,25
DA:476,198
DA:477,198
DA:478,198
DA:479,198
DA:481,198
DA:482,198
DA:501,9381
DA:502,9381
DA:503,9381
DA:505,9381
LF:13
LH:13
end_of_record
TN:
SF:/usr/include/c++/13/bits/basic_string.h
FN:1071,1072,_ZNKSt7__cxx1112basic_stringIcSt11char_traitsIcESaIcEE4sizeEv
FN:1078,1079,_ZNKSt7__cxx1112basic_stringIcSt11char_traitsIcESaIcEE6lengthEv
FN:1084,1085,_ZNKSt7__cxx1112basic_stringIcSt11char_traitsIcESaIcEE8max_sizeEv
FN:1169,1173,_ZNKSt7__cxx1112basic_stringIcSt11char_traitsIcESaIcEE8capacityEv
FN:124,137,_ZNSt7__cxx1112basic_stringIcSt11char_traitsIcESaIcEE11_S_allocateERS3_m
FN:1254,1262,_ZNSt7__cxx1112basic_stringIcSt11char_traitsIcESaIcEEixEm
FN:1366,1367,_ZNSt7__cxx1112basic_stringIcSt11char_traitsIcESaIcEEpLERKS4_
FN:1424,1425,_ZNSt7__cxx1112basic_stringIcSt11char_traitsIcESaIcEE6appendERKS4_
FN:1455,1460,_ZNSt7__cxx1112basic_stringIcSt11char_traitsIcESaIcEE6appendEPKcm
FN:1469,1475,_ZNSt7__cxx1112basic_stringIcSt11char_traitsIcESaIcEE6appendEPKc
FN:188,189,_ZNSt7__cxx1112basic_stringIcSt11char_traitsIcESaIcEE12_Alloc_hiderC2EPcRKS3_
FN:1894,1896,_ZNSt7__cxx1112basic_stringIcSt11char_traitsIcESaIcEE6insertEmRKS4_
FN:192,193,_ZNSt7__cxx1112basic_stringIcSt11char_traitsIcESaIcEE12_Alloc_hiderC1EPcOS3_
FN:1962,1967,_ZNSt7__cxx1112basic_stringIcSt11char_traitsIcESaIcEE6insertEmPKc
FN:212,213,_ZNSt7__cxx1112basic_stringIcSt11char_traitsIcESaIcEE7_M_dataEPc
FN:217,218,_ZNSt7__cxx1112basic_stringIcSt11char_traitsIcESaIcEE9_M_lengthEm
FN:2204,2210,_ZNSt7__cxx1112basic_stringIcSt11char_traitsIcESaIcEE7replaceEmmPKcm
FN:222,223,_ZNKSt7__cxx1112basic_stringIcSt11char_traitsIcESaIcEE7_M_dataEv
FN:227,234,_ZNSt7__cxx1112basic_stringIcSt11char_traitsIcESaIcEE13_M_local_dataEv
FN:238,245,_ZNKSt7__cxx1112basic_stringIcSt11char_traitsIcESaIcEE13_M_local_dataEv
FN:249,250,_ZNSt7__cxx1112basic_stringIcSt11char_traitsIcESaIcEE11_M_capacityEm
FN:254,258,_ZNSt7__cxx1112basic_stringIcSt11char_traitsIcESaIcEE13_M_set_lengthEm
FN:2595,2596,_ZNKSt7__cxx1112basic_stringIcSt11char_traitsIcESaIcEE5c_strEv
FN:2608,2609,_ZNKSt7__cxx1112basic_stringIcSt11char_traitsIcESaIcEE4dataEv
FN:262,271,_ZNKSt7__cxx1112basic_stringIcSt11char_traitsIcESaIcEE11_M_is_localEv
FN:2629,2630,_ZNKSt7__cxx1112basic_stringIcSt11char_traitsIcESaIcEE13get_allocatorEv
FN:280,284,_ZNSt7__cxx1112basic_stringIcSt11char_traitsIcESaIcEE10_M_disposeEv
FN:288,289,_ZNSt7__cxx1112basic_stringIcSt11char_traitsIcESaIcEE10_M_destroyEm
FN:336,337,_ZNSt7__cxx1112basic_stringIcSt11char_traitsIcESaIcEE16_M_get_allocatorEv
FN:341,342,_ZNKSt7__cxx1112basic_stringIcSt11char_traitsIcESaIcEE16_M_get_allocatorEv
FN:3528,3541,_ZSt12__str_concatINSt7__cxx1112basic_stringIcSt11char_traitsIcESaIcEEEET_PKNS6_10value_typeENS6_9size_typeES9_SA_RKNS6_14allocator_typeE
FN:3571,3579,_ZStplIcSt11char_traitsIcESaIcEENSt7__cxx1112basic_stringIT_T0_T1_EEPKS5_RKS8_
FN:3651,3669,_ZStplIcSt11char_traitsIcESaIcEENSt7__cxx1112basic_stringIT_T0_T1_EEOS8_S9_
FN:3674,3676,_ZStplIcSt11char_traitsIcESaIcEENSt7__cxx1112basic_stringIT_T0_T1_EEPKS5_OS8_
FN:3688,3690,_ZStplIcSt11char_traitsIcESaIcEENSt7__cxx1112basic_stringIT_T0_T1_EEOS8_PKS5_
FN:3710,3716,_ZSteqIcSt11char_traitsIcESaIcEEbRKNSt7__cxx1112basic_stringIT_T0_T1_EESA_
FN:3727,3732,_ZSteqIcSt11char_traitsIcESaIcEEbRKNSt7__cxx1112basic_stringIT_T0_T1_EEPKS5_
FN:386,393,_ZNKSt7__cxx1112basic_stringIcSt11char_traitsIcESaIcEE8_M_checkEmPKc
FN:397,401,_ZNKSt7__cxx1112basic_stringIcSt11char_traitsIcESaIcEE15_M_check_lengthEmmPKc
FN:407,411,_ZNKSt7__cxx1112basic_stringIcSt11char_traitsIcESaIcEE8_M_limitEmm
FN:415,419,_ZNKSt7__cxx1112basic_stringIcSt11char_traitsIcESaIcEE11_M_disjunctEPKc
FN:4162,4173,_ZNSt7__cxx119to_stringEi
FN:425,431,_ZNSt7__cxx1112basic_stringIcSt11char_traitsIcESaIcEE7_S_copyEPcPKcm
FN:4251,4257,_ZNSt7__cxx119to_stringEd
FN:435,441,_ZNSt7__cxx1112basic_stringIcSt11char_traitsIcESaIcEE7_S_moveEPcPKcm
FN:445,451,_ZNSt7__cxx1112basic_stringIcSt11char_traitsIcESaIcEE9_S_assignEPcmc
FN:477,478,_ZNSt7__cxx1112basic_stringIcSt11char_traitsIcESaIcEE13_S_copy_charsEPcS5_S5_
FN:482,484,_ZNSt7__cxx1112basic_stringIcSt11char_traitsIcESaIcEE13_S_copy_charsEPcPKcS7_
FN:522,528,_ZNSt7__cxx1112basic_stringIcSt11char_traitsIcESaIcEEC1Ev
FN:535,540,_ZNSt7__cxx1112basic_stringIcSt11char_traitsIcESaIcEEC2ERKS3_
FN:547,553,_ZNSt7__cxx1112basic_stringIcSt11char_traitsIcESaIcEEC2ERKS4_
FN:641,650,_ZNSt7__cxx1112basic_stringIcSt11char_traitsIcESaIcEEC2IS3_EEPKcRKS3_
FN:664,666,_ZNSt7__cxx1112basic_stringIcSt11char_traitsIcESaIcEEC2IS3_EEmcRKS3_
FN:677,698,_ZNSt7__cxx1112basic_stringIcSt11char_traitsIcESaIcEEC2EOS4_
FN:760,770,_ZNSt7__cxx1112basic_stringIcSt11char_traitsIcESaIcEEC2IPcvEET_S7_RKS3_
FN:803,804,_ZNSt7__cxx1112basic_stringIcSt11char_traitsIcESaIcEED2Ev
FNDA:0,_ZNKSt7__cxx1112basic_stringIcSt11char_traitsIcESaIcEE4sizeEv
FNDA:0,_ZNKSt7__cxx1112basic_stringIcSt11char_traitsIcESaIcEE6lengthEv
FNDA:0,_ZNKSt7__cxx1112basic_stringIcSt11char_traitsIcESaIcEE8max_sizeEv
FNDA:0,_ZNKSt7__cxx1112basic_stringIcSt11char_traitsIcESaIcEE8capacityEv
FNDA:0,_ZNSt7__cxx1112basic_stringIcSt11char_traitsIcESaIcEE11_S_allocateERS3_m
FNDA:0,_ZNSt7__cxx1112basic_stringIcSt11char_traitsIcESaIcEEixEm
FNDA:0,_ZNSt7__cxx1112basic_stringIcSt11char_traitsIcESaIcEEpLERKS4_
FNDA:0,_ZNSt7__cxx1112basic_stringIcSt11char_traitsIcESaIcEE6appendERKS4_
FNDA:0,_ZNSt7__cxx1112basic_stringIcSt11char_traitsIcESaIcEE6appendEPKcm
FNDA:0,_ZNSt7__cxx1112basic_stringIcSt11char_traitsIcESaIcEE6appendEPKc
FNDA:0,_ZNSt7__cxx1112basic_stringIcSt11char_traitsIcESaIcEE12_Alloc_hiderC2EPcRKS3_
FNDA:0,_ZNSt7__cxx1112basic_stringIcSt11char_traitsIcESaIcEE6insertEmRKS4_
FNDA:0,_ZNSt7__cxx1112basic_stringIcSt11char_traitsIcESaIcEE12_Alloc_hiderC1EPcOS3_
FNDA:4,_ZNSt7__cxx1112basic_stringIcSt11char_traitsIcESaIcEE6insertEmPKc
FNDA:0,_ZNSt7__cxx1112basic_stringIcSt11char_traitsIcESaIcEE7_M_dataEPc
FNDA:0,_ZNSt7__cxx1112basic_stringIcSt11char_traitsIcESaIcEE9_M_lengthEm
FNDA:0,_ZNSt7__cxx1112basic_stringIcSt11char_traitsIcESaIcEE7replaceEmmPKcm
FNDA:0,_ZNKSt7__cxx1112basic_stringIcSt11char_traitsIcESaIcEE7_M_dataEv
FNDA:0,_ZNSt7__cxx1112basic_stringIcSt11char_traitsIcESaIcEE13_M_local_dataEv
FNDA:0,_ZNKSt7__cxx1112basic_stringIcSt11char_traitsIcESaIcEE13_M_local_dataEv
FNDA:0,_ZNSt7__cxx1112basic_stringIcSt11char_traitsIcESaIcEE11_M_capacityEm
FNDA:0,_ZNSt7__cxx1112basic_stringIcSt11char_traitsIcESaIcEE13_M_set_lengthEm
FNDA:0,_ZNKSt7__cxx1112basic_stringIcSt11char_traitsIcESaIcEE5c_strEv
FNDA:0,_ZNKSt7__cxx1112basic_stringIcSt11char_traitsIcESaIcEE4dataEv
FNDA:0,_ZNKSt7__cxx1112basic_stringIcSt11char_traitsIcESaIcEE11_M_is_localEv
FNDA:0,_ZNKSt7__cxx1112basic_stringIcSt11char_traitsIcESaIcEE13get_allocatorEv
FNDA:0,_ZNSt7__cxx1112basic_stringIcSt11char_traitsIcESaIcEE10_M_disposeEv
FNDA:0,_ZNSt7__cxx1112basic_stringIcSt11char_traitsIcESaIcEE10_M_destroyEm
FNDA:0,_ZNSt7__cxx1112basic_stringIcSt11char_traitsIcESaIcEE16_M_get_allocatorEv
FNDA:0,_ZNKSt7__cxx1112basic_stringIcSt11char_traitsIcESaIcEE16_M_get_allocatorEv
FNDA:0,_ZSt12__str_concatINSt7__cxx1112basic_stringIcSt11char_traitsIcESaIcEEEET_PKNS6_10value_typeENS6_9size_typeES9_SA_RKNS6_14allocator_typeE
FNDA:0,_ZStplIcSt11char_traitsIcESaIcEENSt7__cxx1112basic_stringIT_T0_T1_EEPKS5_RKS8_
FNDA:0,_ZStplIcSt11char_traitsIcESaIcEENSt7__cxx1112basic_stringIT_T0_T1_EEOS8_S9_
FNDA:4,_ZStplIcSt11char_traitsIcESaIcEENSt7__cxx1112basic_stringIT_T0_T1_EEPKS5_OS8_
FNDA:0,_ZStplIcSt11char_traitsIcESaIcEENSt7__cxx1112basic_stringIT_T0_T1_EEOS8_PKS5_
FNDA:0,_ZSteqIcSt11char_traitsIcESaIcEEbRKNSt7__cxx1112basic_stringIT_T0_T1_EESA_
FNDA:0,_ZSteqIcSt11char_traitsIcESaIcEEbRKNSt7__cxx1112basic_stringIT_T0_T1_EEPKS5_
FNDA:0,_ZNKSt7__cxx1112basic_stringIcSt11char_traitsIcESaIcEE8_M_checkEmPKc
FNDA:0,_ZNKSt7__cxx1112basic_stringIcSt11char_traitsIcESaIcEE15_M_check_lengthEmmPKc
FNDA:0,_ZNKSt7__cxx1112basic_stringIcSt11char_traitsIcESaIcEE8_M_limitEmm
FNDA:0,_ZNKSt7__cxx1112basic_stringIcSt11char_traitsIcESaIcEE11_M_disjunctEPKc
FNDA:0,_ZNSt7__cxx119to_stringEi
FNDA:0,_ZNSt7__cxx1112basic_stringIcSt11char_traitsIcESaIcEE7_S_copyEPcPKcm
FNDA:4,_ZNSt7__cxx119to_stringEd
FNDA:0,_ZNSt7__cxx1112basic_stringIcSt11char_traitsIcESaIcEE7_S_moveEPcPKcm
FNDA:0,_ZNSt7__cxx1112basic_stringIcSt11char_traitsIcESaIcEE9_S_assignEPcmc
FNDA:0,_ZNSt7__cxx1112basic_stringIcSt11char_traitsIcESaIcEE13_S_copy_charsEPcS5_S5_
FNDA:0,_ZNSt7__cxx1112basic_stringIcSt11char_traitsIcESaIcEE13_S_copy_charsEPcPKcS7_
FNDA:0,_ZNSt7__cxx1112basic_stringIcSt11char_traitsIcESaIcEEC1Ev
FNDA:0,_ZNSt7__cxx1112basic_stringIcSt11char_traitsIcESaIcEEC2ERKS3_
FNDA:0,_ZNSt7__cxx1112basic_stringIcSt11char_traitsIcESaIcEEC2ERKS4_
FNDA:0,_ZNSt7__cxx1112basic_stringIcSt11char_traitsIcESaIcEEC2IS3_EEPKcRKS3_
FNDA:0,_ZNSt7__cxx1112basic_stringIcSt11char_traitsIcESaIcEEC2IS3_EEmcRKS3_
FNDA:0,_ZNSt7__cxx1112basic_stringIcSt11char_traitsIcESaIcEEC2EOS4_
FNDA:4,_ZNSt7__cxx1112basic_stringIcSt11char_traitsIcESaIcEEC2IPcvEET_S7_RKS3_
FNDA:0,_ZNSt7__cxx1112basic_stringIcSt11char_traitsIcESaIcEED2Ev
FNF:56
FNH:4
DA:124,0
DA:126,0
DA:136,0
DA:188,0
DA:189,0
DA:192,0
DA:193,0
DA:212,0
DA:213,0
DA:217,0
DA:218,0
DA:222,0
DA:223,0
DA:227,0
DA:230,0
DA:238,0
DA:241,0
DA:249,0
DA:250,0
DA:254,0
DA:256,0
DA:257,0
DA:258,0
DA:262,0
DA:264,0
DA:266,0
DA:267,0
DA:268,0
DA:270,0
DA:280,0
DA:282,0
DA:283,0
DA:284,0
DA:288,0
DA:289,0
DA:336,0
DA:337,0
DA:341,0
DA:342,0
DA:351,0
DA:352,0
DA:353,0
DA:355,0
DA:365,0
DA:386,0
DA:388,0
DA:389,0
DA:392,0
DA:397,0
DA:399,0
DA:400,0
DA:401,0
DA:407,0
DA:409,0
DA:410,0
DA:415,0
DA:417,0
DA:418,0
DA:425,0
DA:427,0
DA:428,0
DA:430,0
DA:431,0
DA:435,0
DA:437,0
DA:438,0
DA:440,0
DA:441,0
DA:445,0
DA:447,0
DA:448,0
DA:450,0
DA:451,0
DA:477,0
DA:478,0
DA:482,0
DA:484,0
DA:522,0
DA:524,0
DA:527,0
DA:528,0
DA:535,0
DA:536,0
DA:539,0
DA:540,0
DA:547,0
DA:548,0
DA:549,0
DA:551,0
DA:553,0
DA:641,0
DA:642,0
DA:645,0
DA:646,0
DA:648,0
DA:649,0
DA:650,0
DA:664,0
DA:665,0
DA:666,0
DA:677,0
DA:678,0
DA:680,0
DA:683,0
DA:684,0
DA:688,0
DA:689,0
DA:695,0
DA:696,0
DA:697,0
DA:698,0
DA:760,4
DA:762,4
DA:765,4
DA:770,4
DA:803,0
DA:804,0
DA:1071,0
DA:1072,0
DA:1078,0
DA:1079,0
DA:1084,0
DA:1085,0
DA:1169,0
DA:1171,0
DA:1172,0
DA:1254,0
DA:1258,0
DA:1261,0
DA:1366,0
DA:1367,0
DA:1424,0
DA:1425,0
DA:1455,0
DA:1458,0
DA:1459,0
DA:1469,0
DA:1472,0
DA:1473,0
DA:1474,0
DA:1894,0
DA:1895,0
DA:1896,0
DA:1962,4
DA:1965,4
DA:1966,4
DA:2204,0
DA:2208,0
DA:2209,0
DA:2595,0
DA:2596,0
DA:2608,0
DA:2609,0
DA:2629,0
DA:2630,0
DA:3528,0
DA:3536,0
DA:3537,0
DA:3538,0
DA:3539,0
DA:3540,0
DA:3541,0
DA:3571,0
DA:3578,0
DA:3651,0
DA:3656,0
DA:3658,0
DA:3661,0
DA:3664,0
DA:3665,0
DA:3666,0
DA:3668,0
DA:3674,4
DA:3676,4
DA:3688,0
DA:3690,0
DA:3710,0
DA:3714,0
DA:3715,0
DA:3727,0
DA:3730,0
DA:3731,0
DA:4162,0
DA:4167,0
DA:4168,0
DA:4169,0
DA:4170,0
DA:4171,0
DA:4172,0
DA:4251,4
DA:4253,4
DA:4256,4
LF:192
LH:12
end_of_record
TN:
SF:/usr/include/c++/13/bits/basic_string.tcc
FN:138,160,_ZNSt7__cxx1112basic_stringIcSt11char_traitsIcESaIcEE9_M_createERmm
FN:221,252,_ZNSt7__cxx1112basic_stringIcSt11char_traitsIcESaIcEE12_M_constructIPKcEEvT_S8_St20forward_iterator_tag
FN:221,252,_ZNSt7__cxx1112basic_stringIcSt11char_traitsIcESaIcEE12_M_constructIPcEEvT_S7_St20forward_iterator_tag
FN:239,239,_ZZNSt7__cxx1112basic_stringIcSt11char_traitsIcESaIcEE12_M_constructIPKcEEvT_S8_St20forward_iterator_tagEN6_GuardC2EPS4_
FN:239,239,_ZZNSt7__cxx1112basic_stringIcSt11char_traitsIcESaIcEE12_M_constructIPcEEvT_S7_St20forward_iterator_tagEN6_GuardC2EPS4_
FN:242,242,_ZZNSt7__cxx1112basic_stringIcSt11char_traitsIcESaIcEE12_M_constructIPKcEEvT_S8_St20forward_iterator_tagEN6_GuardD2Ev
FN:242,242,_ZZNSt7__cxx1112basic_stringIcSt11char_traitsIcESaIcEE12_M_constructIPcEEvT_S7_St20forward_iterator_tagEN6_GuardD2Ev
FN:257,272,_ZNSt7__cxx1112basic_stringIcSt11char_traitsIcESaIcEE12_M_constructEmc
FN:304,320,_ZNSt7__cxx1112basic_stringIcSt11char_traitsIcESaIcEE7reserveEm
FN:325,345,_ZNSt7__cxx1112basic_stringIcSt11char_traitsIcESaIcEE9_M_mutateEmmPKcm
FN:413,428,_ZNSt7__cxx1112basic_stringIcSt11char_traitsIcESaIcEE9_M_appendEPKcm
FN:511,552,_ZNSt7__cxx1112basic_stringIcSt11char_traitsIcESaIcEE10_M_replaceEmmPKcm
FNDA:0,_ZNSt7__cxx1112basic_stringIcSt11char_traitsIcESaIcEE9_M_createERmm
FNDA:0,_ZNSt7__cxx1112basic_stringIcSt11char_traitsIcESaIcEE12_M_constructIPKcEEvT_S8_St20forward_iterator_tag
FNDA:0,_ZNSt7__cxx1112basic_stringIcSt11char_traitsIcESaIcEE12_M_constructIPcEEvT_S7_St20forward_iterator_tag
FNDA:0,_ZZNSt7__cxx1112basic_stringIcSt11char_traitsIcESaIcEE12_M_constructIPKcEEvT_S8_St20forward_iterator_tagEN6_GuardC2EPS4_
FNDA:0,_ZZNSt7__cxx1112basic_stringIcSt11char_traitsIcESaIcEE12_M_constructIPcEEvT_S7_St20forward_iterator_tagEN6_GuardC2EPS4_
FNDA:0,_ZZNSt7__cxx1112basic_stringIcSt11char_traitsIcESaIcEE12_M_constructIPKcEEvT_S8_St20forward_iterator_tagEN6_GuardD2Ev
FNDA:0,_ZZNSt7__cxx1112basic_stringIcSt11char_traitsIcESaIcEE12_M_constructIPcEEvT_S7_St20forward_iterator_tagEN6_GuardD2Ev
FNDA:0,_ZNSt7__cxx1112basic_stringIcSt11char_traitsIcESaIcEE12_M_constructEmc
FNDA:0,_ZNSt7__cxx1112basic_stringIcSt11char_traitsIcESaIcEE7reserveEm
FNDA:0,_ZNSt7__cxx1112basic_stringIcSt11char_traitsIcESaIcEE9_M_mutateEmmPKcm
FNDA:0,_ZNSt7__cxx1112basic_stringIcSt11char_traitsIcESaIcEE9_M_appendEPKcm
FNDA:0,_ZNSt7__cxx1112basic_stringIcSt11char_traitsIcESaIcEE10_M_replaceEmmPKcm
FNF:12
FNH:0
DA:138,0
DA:143,0
DA:144,0
DA:149,0
DA:151,0
DA:153,0
DA:154,0
DA:159,0
DA:221,0
DA:225,0
DA:227,0
DA:229,0
DA:230,0
DA:239,0
DA:242,0
DA:245,0
DA:247,0
DA:249,0
DA:251,0
DA:252,0
DA:257,0
DA:260,0
DA:262,0
DA:263,0
DA:268,0
DA:269,0
DA:271,0
DA:272,0
DA:304,0
DA:307,0
DA:312,0
DA:313,0
DA:315,0
DA:316,0
DA:317,0
DA:318,0
DA:319,0
DA:325,0
DA:329,0
DA:331,0
DA:332,0
DA:334,0
DA:335,0
DA:336,0
DA:337,0
DA:338,0
DA:339,0
DA:340,0
DA:342,0
DA:343,0
DA:344,0
DA:345,0
DA:413,0
DA:416,0
DA:418,0
DA:420,0
DA:421,0
DA:424,0
DA:426,0
DA:427,0
DA:511,0
DA:515,0
DA:517,0
DA:518,0
DA:520,0
DA:522,0
DA:524,0
DA:526,0
DA:528,0
DA:529,0
DA:530,0
DA:531,0
DA:532,0
DA:533,0
DA:537,0
DA:539,0
DA:540,0
DA:541,0
DA:542,0
DA:545,0
DA:548,0
DA:550,0
DA:551,0
LF:83
LH:0
end_of_record
TN:
SF:/usr/include/c++/13/bits/char_traits.h
FN:136,137,_ZN9__gnu_cxx11char_traitsIcE2eqERKcS3_
FN:199,206,_ZN9__gnu_cxx11char_traitsIcE6lengthEPKc
FN:222,248,_ZN9__gnu_cxx11char_traitsIcE4moveEPcPKcm
FN:253,268,_ZN9__gnu_cxx11char_traitsIcE4copyEPcPKcm
FN:273,300,_ZN9__gnu_cxx11char_traitsIcE6assignEPcmc
FN:351,359,_ZNSt11char_traitsIcE6assignERcRKc
FN:366,371,_ZNSt11char_traitsIcE2ltERKcS2_
FN:374,390,_ZNSt11char_traitsIcE7compareEPKcS2_m
FN:393,400,_ZNSt11char_traitsIcE6lengthEPKc
FN:415,424,_ZNSt11char_traitsIcE4moveEPcPKcm
FN:427,436,_ZNSt11char_traitsIcE4copyEPcPKcm
FN:439,448,_ZNSt11char_traitsIcE6assignEPcmc
FNDA:0,_ZN9__gnu_cxx11char_traitsIcE2eqERKcS3_
FNDA:0,_ZN9__gnu_cxx11char_traitsIcE6lengthEPKc
FNDA:0,_ZN9__gnu_cxx11char_traitsIcE4moveEPcPKcm
FNDA:0,_ZN9__gnu_cxx11char_traitsIcE4copyEPcPKcm
FNDA:0,_ZN9__gnu_cxx11char_traitsIcE6assignEPcmc
FNDA:0,_ZNSt11char_traitsIcE6assignERcRKc
FNDA:0,_ZNSt11char_traitsIcE2ltERKcS2_
FNDA:0,_ZNSt11char_traitsIcE7compareEPKcS2_m
FNDA:0,_ZNSt11char_traitsIcE6lengthEPKc
FNDA:0,_ZNSt11char_traitsIcE4moveEPcPKcm
FNDA:0,_ZNSt11char_traitsIcE4copyEPcPKcm
FNDA:0,_ZNSt11char_traitsIcE6assignEPcmc
FNF:12
FNH:0
DA:136,0
DA:137,0
DA:199,0
DA:202,0
DA:203,0
DA:204,0
DA:205,0
DA:222,0
DA:225,0
DA:226,0
DA:228,0
DA:242,0
DA:243,0
DA:246,0
DA:247,0
DA:253,0
DA:256,0
DA:257,0
DA:259,0
DA:261,0
DA:262,0
DA:263,0
DA:266,0
DA:267,0
DA:273,0
DA:277,0
DA:279,0
DA:280,0
DA:281,0
DA:287,0
DA:290,0
DA:291,0
DA:299,0
DA:351,0
DA:354,0
DA:355,0
DA:358,0
DA:359,0
DA:366,0
DA:369,0
DA:370,0
DA:374,0
DA:376,0
DA:377,0
DA:379,0
DA:381,0
DA:382,0
DA:383,0
DA:384,0
DA:385,0
DA:386,0
DA:389,0
DA:393,0
DA:396,0
DA:397,0
DA:399,0
DA:415,0
DA:417,0
DA:418,0
DA:420,0
DA:421,0
DA:423,0
DA:427,0
DA:429,0
DA:430,0
DA:432,0
DA:433,0
DA:435,0
DA:439,0
DA:441,0
DA:442,0
DA:444,0
DA:445,0
DA:447,0
LF:74
LH:0
end_of_record
TN:
SF:/usr/include/c++/13/bits/charconv.h
FN:55,74,_ZNSt8__detail14__to_chars_lenIjEEjT_i
FN:81,110,_ZNSt8__detail18__to_chars_10_implIjEEvPcjT_
FNDA:0,_ZNSt8__detail14__to_chars_lenIjEEjT_i
FNDA:0,_ZNSt8__detail18__to_chars_10_implIjEEvPcjT_
FNF:2
FNH:0
DA:55,0
DA:61,0
DA:62,0
DA:63,0
DA:64,0
DA:67,0
DA:68,0
DA:69,0
DA:70,0
DA:71,0
DA:72,0
DA:81,0
DA:87,0
DA:93,0
DA:94,0
DA:96,0
DA:97,0
DA:98,0
DA:99,0
DA:100,0
DA:102,0
DA:104,0
DA:105,0
DA:106,0
DA:109,0
DA:110,0
LF:26
LH:0
end_of_record
TN:
SF:/usr/include/c++/13/bits/cpp_type_traits.h
FN:607,608,_ZSt12__miter_baseIN9__gnu_cxx17__normal_iteratorIPSt4pairI17ContainerPositionIiEP10IContainerESt6vectorIS7_SaIS7_EEEEET_SD_
FN:607,608,_ZSt12__miter_baseIPPPN6OctreeIiP10IContainer17ContainerPositionIiEE4NodeEET_SA_
FN:607,608,_ZSt12__miter_baseIPSt4pairI17ContainerPositionIiEP10IContainerEET_S7_
FNDA:124,_ZSt12__miter_baseIN9__gnu_cxx17__normal_iteratorIPSt4pairI17ContainerPositionIiEP10IContainerESt6vectorIS7_SaIS7_EEEEET_SD_
FNDA:0,_ZSt12__miter_baseIPPPN6OctreeIiP10IContainer17ContainerPositionIiEE4NodeEET_SA_
FNDA:4,_ZSt12__miter_baseIPSt4pairI17ContainerPositionIiEP10IContainerEET_S7_
FNF:3
FNH:2
DA:607,128
DA:608,128
LF:2
LH:2
end_of_record
TN:
SF:/usr/include/c++/13/bits/deque.tcc
FN:1201,1224,_ZSt11__equal_ditIPN6OctreeIiP10IContainer17ContainerPositionIiEE4NodeERKS7_PS8_St15_Deque_iteratorIS7_S9_SA_EEbRKSB_IT_T0_T1_ESI_T2_
FN:1237,1240,_ZSt12__equal_aux1IPN6OctreeIiP10IContainer17ContainerPositionIiEE4NodeERKS7_PS8_S7_S9_SA_EbSt15_Deque_iteratorIT_T0_T1_ESF_SB_IT2_T3_T4_E
FN:1245,1265,_ZSt12__equal_aux1IPPN6OctreeIiP10IContainer17ContainerPositionIiEE4NodeES7_RKS7_PS9_EN9__gnu_cxx11__enable_ifIXsrSt23__is_random_access_iterIT_NSt15iterator_traitsISF_E17iterator_categoryEE7__valueEbE6__typeESF_SF_St15_Deque_iteratorIT0_T1_T2_E
FN:484,516,_ZNSt5dequeIPN6OctreeIiP10IContainer17ContainerPositionIiEE4NodeESaIS7_EE16_M_push_back_auxIJRKS7_EEEvDpOT_
FN:560,568,_ZNSt5dequeIPN6OctreeIiP10IContainer17ContainerPositionIiEE4NodeESaIS7_EE15_M_pop_back_auxEv
FN:931,973,_ZNSt5dequeIPN6OctreeIiP10IContainer17ContainerPositionIiEE4NodeESaIS7_EE17_M_reallocate_mapEmb
FNDA:7,_ZSt11__equal_ditIPN6OctreeIiP10IContainer17ContainerPositionIiEE4NodeERKS7_PS8_St15_Deque_iteratorIS7_S9_SA_EEbRKSB_IT_T0_T1_ESI_T2_
FNDA:7,_ZSt12__equal_aux1IPN6OctreeIiP10IContainer17ContainerPositionIiEE4NodeERKS7_PS8_S7_S9_SA_EbSt15_Deque_iteratorIT_T0_T1_ESF_SB_IT2_T3_T4_E
FNDA:7,_ZSt12__equal_aux1IPPN6OctreeIiP10IContainer17ContainerPositionIiEE4NodeES7_RKS7_PS9_EN9__gnu_cxx11__enable_ifIXsrSt23__is_random_access_iterIT_NSt15iterator_traitsISF_E17iterator_categoryEE7__valueEbE6__typeESF_SF_St15_Deque_iteratorIT0_T1_T2_E
FNDA:0,_ZNSt5dequeIPN6OctreeIiP10IContainer17ContainerPositionIiEE4NodeESaIS7_EE16_M_push_back_auxIJRKS7_EEEvDpOT_
FNDA:0,_ZNSt5dequeIPN6OctreeIiP10IContainer17ContainerPositionIiEE4NodeESaIS7_EE15_M_pop_back_auxEv
FNDA:0,_ZNSt5dequeIPN6OctreeIiP10IContainer17ContainerPositionIiEE4NodeESaIS7_EE17_M_reallocate_mapEmb
FNF:6
FNH:3
DA:484,0
DA:492,0
DA:493,0
DA:496,0
DA:497,0
DA:501,0
DA:507,0
DA:509,0
DA:516,0
DA:560,0
DA:563,0
DA:564,0
DA:565,0
DA:566,0
DA:568,0
DA:931,0
DA:934,0
DA:935,0
DA:936,0
DA:939,0
DA:941,0
DA:942,0
DA:943,0
DA:944,0
DA:945,0
DA:946,0
DA:949,0
DA:950,0
DA:951,0
DA:955,0
DA:956,0
DA:959,0
DA:960,0
DA:961,0
DA:962,0
DA:963,0
DA:965,0
DA:967,0
DA:968,0
DA:971,0
DA:972,0
DA:973,0
DA:1201,7
DA:1207,7
DA:1209,0
DA:1210,0
DA:1212,0
DA:1213,0
DA:1214,0
DA:1215,0
DA:1216,0
DA:1218,0
DA:1220,0
DA:1223,7
DA:1237,7
DA:1240,7
DA:1245,7
DA:1251,7
DA:1252,7
DA:1254,0
DA:1255,0
DA:1256,0
DA:1257,0
DA:1259,0
DA:1260,0
DA:1261,0
DA:1264,7
LF:67
LH:9
end_of_record
TN:
SF:/usr/include/c++/13/bits/invoke.h
FN:104,117,_ZSt10__invoke_rIvRZN7StorageC4EiiiidEUlRS0_P10IContainer17ContainerPositionIiEE0_JS1_S3_S5_EENSt9enable_ifIX16is_invocable_r_vIT_T0_DpT1_EES9_E4typeEOSA_DpOSB_
FN:104,117,_ZSt10__invoke_rIvRZN7StorageC4EiiiidEUlRS0_P10IContainer17ContainerPositionIiEE_JS1_S3_S5_EENSt9enable_ifIX16is_invocable_r_vIT_T0_DpT1_EES9_E4typeEOSA_DpOSB_
FN:60,61,_ZSt13__invoke_implIvRZN7StorageC4EiiiidEUlRS0_P10IContainer17ContainerPositionIiEE0_JS1_S3_S5_EET_St14__invoke_otherOT0_DpOT1_
FN:60,61,_ZSt13__invoke_implIvRZN7StorageC4EiiiidEUlRS0_P10IContainer17ContainerPositionIiEE_JS1_S3_S5_EET_St14__invoke_otherOT0_DpOT1_
FN:71,75,_ZSt13__invoke_implIbM7StorageFbP10IContaineriiEPS0_JS2_iiEET_St21__invoke_memfun_derefOT0_OT1_DpOT2_
FN:71,75,_ZSt13__invoke_implIvM7StorageFvP10IContainerRSt6vectorImSaImEEmEPS0_JS2_St17reference_wrapperIS5_EmEET_St21__invoke_memfun_derefOT0_OT1_DpOT2_
FN:90,98,_ZSt8__invokeIM7StorageFbP10IContaineriiEJPS0_S2_iiEENSt15__invoke_resultIT_JDpT0_EE4typeEOS7_DpOS8_
FN:90,98,_ZSt8__invokeIM7StorageFvP10IContainerRSt6vectorImSaImEEmEJPS0_S2_St17reference_wrapperIS5_EmEENSt15__invoke_resultIT_JDpT0_EE4typeEOSD_DpOSE_
FNDA:125,_ZSt10__invoke_rIvRZN7StorageC4EiiiidEUlRS0_P10IContainer17ContainerPositionIiEE0_JS1_S3_S5_EENSt9enable_ifIX16is_invocable_r_vIT_T0_DpT1_EES9_E4typeEOSA_DpOSB_
FNDA:127,_ZSt10__invoke_rIvRZN7StorageC4EiiiidEUlRS0_P10IContainer17ContainerPositionIiEE_JS1_S3_S5_EENSt9enable_ifIX16is_invocable_r_vIT_T0_DpT1_EES9_E4typeEOSA_DpOSB_
FNDA:125,_ZSt13__invoke_implIvRZN7StorageC4EiiiidEUlRS0_P10IContainer17ContainerPositionIiEE0_JS1_S3_S5_EET_St14__invoke_otherOT0_DpOT1_
FNDA:127,_ZSt13__invoke_implIvRZN7StorageC4EiiiidEUlRS0_P10IContainer17ContainerPositionIiEE_JS1_S3_S5_EET_St14__invoke_otherOT0_DpOT1_
FNDA:155,_ZSt13__invoke_implIbM7StorageFbP10IContaineriiEPS0_JS2_iiEET_St21__invoke_memfun_derefOT0_OT1_DpOT2_
FNDA:6,_ZSt13__invoke_implIvM7StorageFvP10IContainerRSt6vectorImSaImEEmEPS0_JS2_St17reference_wrapperIS5_EmEET_St21__invoke_memfun_derefOT0_OT1_DpOT2_
FNDA:155,_ZSt8__invokeIM7StorageFbP10IContaineriiEJPS0_S2_iiEENSt15__invoke_resultIT_JDpT0_EE4typeEOS7_DpOS8_
FNDA:6,_ZSt8__invokeIM7StorageFvP10IContainerRSt6vectorImSaImEEmEJPS0_S2_St17reference_wrapperIS5_EmEENSt15__invoke_resultIT_JDpT0_EE4typeEOSD_DpOSE_
FNF:8
FNH:8
DA:60,252
DA:61,252
DA:71,161
DA:74,161
DA:90,161
DA:96,161
DA:97,161
DA:104,252
DA:111,252
DA:117,243
LF:10
LH:10
end_of_record
TN:
SF:/usr/include/c++/13/bits/iterator_concepts.h
FN:145,154,_ZNKSt6ranges12__cust_imove6_IMoveclIRKPSt4pairI17ContainerPositionIiEP10IContainerEEENS1_8__resultIT_E4typeEOSD_
FNDA:27752,_ZNKSt6ranges12__cust_imove6_IMoveclIRKPSt4pairI17ContainerPositionIiEP10IContainerEEENS1_8__resultIT_E4typeEOSD_
FNF:1
FNH:1
DA:145,27752
DA:151,27752
LF:2
LH:2
end_of_record
TN:
SF:/usr/include/c++/13/bits/move.h
FN:138,139,_ZSt9addressofIKcEPT_RS1_
FN:138,139,_ZSt9addressofIcEPT_RS0_
FN:189,200,_ZSt4swapI17ContainerPositionIiEENSt9enable_ifIXsrSt6__and_IJSt6__not_ISt15__is_tuple_likeIT_EESt21is_move_constructibleIS6_ESt18is_move_assignableIS6_EEE5valueEvE4typeERS6_SG_
FN:189,200,_ZSt4swapINSt6thread2idEENSt9enable_ifIXsrSt6__and_IJSt6__not_ISt15__is_tuple_likeIT_EESt21is_move_constructibleIS6_ESt18is_move_assignableIS6_EEE5valueEvE4typeERS6_SG_
FN:189,200,_ZSt4swapIP10IContainerENSt9enable_ifIXsrSt6__and_IJSt6__not_ISt15__is_tuple_likeIT_EESt21is_move_constructibleIS6_ESt18is_move_assignableIS6_EEE5valueEvE4typeERS6_SG_
FN:51,52,_ZSt11__addressofIKZN7StorageC4EiiiidEUlRS0_P10IContainer17ContainerPositionIiEE0_EPT_RS8_
FN:51,52,_ZSt11__addressofIKZN7StorageC4EiiiidEUlRS0_P10IContainer17ContainerPositionIiEE_EPT_RS8_
FN:51,52,_ZSt11__addressofIKcEPT_RS1_
FN:51,52,_ZSt11__addressofINSt7__cxx1112basic_stringIcSt11char_traitsIcESaIcEEEEPT_RS6_
FN:51,52,_ZSt11__addressofISt4pairI17ContainerPositionIiEP10IContainerEEPT_RS6_
FN:51,52,_ZSt11__addressofISt5mutexEPT_RS1_
FN:51,52,_ZSt11__addressofISt6threadEPT_RS1_
FN:51,52,_ZSt11__addressofISt6vectorImSaImEEEPT_RS3_
FN:51,52,_ZSt11__addressofISt8functionIFvR7StorageP10IContainer17ContainerPositionIiEEEEPT_RS9_
FN:51,52,_ZSt11__addressofIcEPT_RS0_
FN:51,52,_ZSt11__addressofImEPT_RS0_
FN:70,71,_ZSt7forwardI17ContainerPositionIiEEOT_RNSt16remove_referenceIS2_E4typeE
FN:70,71,_ZSt7forwardIDnEOT_RNSt16remove_referenceIS0_E4typeE
FN:70,71,_ZSt7forwardIM7StorageFbP10IContaineriiEEOT_RNSt16remove_referenceIS5_E4typeE
FN:70,71,_ZSt7forwardIM7StorageFvP10IContainerRSt6vectorImSaImEEmEEOT_RNSt16remove_referenceIS9_E4typeE
FN:70,71,_ZSt7forwardINSt7__cxx1112basic_stringIcSt11char_traitsIcESaIcEEEEOT_RNSt16remove_referenceIS6_E4typeE
FN:70,71,_ZSt7forwardIP10IContainerEOT_RNSt16remove_referenceIS2_E4typeE
FN:70,71,_ZSt7forwardIP7StorageEOT_RNSt16remove_referenceIS2_E4typeE
FN:70,71,_ZSt7forwardIR17ContainerPositionIiEEOT_RNSt16remove_referenceIS3_E4typeE
FN:70,71,_ZSt7forwardIR7StorageEOT_RNSt16remove_referenceIS2_E4typeE
FN:70,71,_ZSt7forwardIRKNSt7__cxx1112basic_stringIcSt11char_traitsIcESaIcEEEEOT_RNSt16remove_referenceIS8_E4typeE
FN:70,71,_ZSt7forwardIRKPN6OctreeIiP10IContainer17ContainerPositionIiEE4NodeEEOT_RNSt16remove_referenceISA_E4typeE
FN:70,71,_ZSt7forwardIRKSt4pairI17ContainerPositionIiEP10IContainerEEOT_RNSt16remove_referenceIS8_E4typeE
FN:70,71,_ZSt7forwardIRKSt8functionIFvR7StorageP10IContainer17ContainerPositionIiEEEEOT_RNSt16remove_referenceISB_E4typeE
FN:70,71,_ZSt7forwardIRKZN7StorageC4EiiiidEUlRS0_P10IContainer17ContainerPositionIiEE0_EOT_RNSt16remove_referenceIS9_E4typeE
FN:70,71,_ZSt7forwardIRKZN7StorageC4EiiiidEUlRS0_P10IContainer17ContainerPositionIiEE_EOT_RNSt16remove_referenceIS9_E4typeE
FN:70,71,_ZSt7forwardIRKcEOT_RNSt16remove_referenceIS2_E4typeE
FN:70,71,_ZSt7forwardIRKmEOT_RNSt16remove_referenceIS2_E4typeE
FN:70,71,_ZSt7forwardIRP10IContainerEOT_RNSt16remove_referenceIS3_E4typeE
FN:70,71,_ZSt7forwardIRSt4pairI17ContainerPositionIiEP10IContainerEEOT_RNSt16remove_referenceIS7_E4typeE
FN:70,71,_ZSt7forwardIRSt6vectorImSaImEEEOT_RNSt16remove_referenceIS4_E4typeE
FN:70,71,_ZSt7forwardIRZN7StorageC4EiiiidEUlRS0_P10IContainer17ContainerPositionIiEE0_EOT_RNSt16remove_referenceIS8_E4typeE
FN:70,71,_ZSt7forwardIRZN7StorageC4EiiiidEUlRS0_P10IContainer17ContainerPositionIiEE_EOT_RNSt16remove_referenceIS8_E4typeE
FN:70,71,_ZSt7forwardIRcEOT_RNSt16remove_referenceIS1_E4typeE
FN:70,71,_ZSt7forwardIRiEOT_RNSt16remove_referenceIS1_E4typeE
FN:70,71,_ZSt7forwardIRmEOT_RNSt16remove_referenceIS1_E4typeE
FN:70,71,_ZSt7forwardISt17reference_wrapperISt6vectorImSaImEEEEOT_RNSt16remove_referenceIS5_E4typeE
FN:70,71,_ZSt7forwardISt4pairI17ContainerPositionIiEP10IContainerEEOT_RNSt16remove_referenceIS6_E4typeE
FN:70,71,_ZSt7forwardISt6threadEOT_RNSt16remove_referenceIS1_E4typeE
FN:70,71,_ZSt7forwardISt8functionIFvR7StorageP10IContainer17ContainerPositionIiEEEEOT_RNSt16remove_referenceIS9_E4typeE
FN:70,71,_ZSt7forwardIZN7StorageC4EiiiidEUlRS0_P10IContainer17ContainerPositionIiEE0_EOT_RNSt16remove_referenceIS7_E4typeE
FN:70,71,_ZSt7forwardIZN7StorageC4EiiiidEUlRS0_P10IContainer17ContainerPositionIiEE_EOT_RNSt16remove_referenceIS7_E4typeE
FN:70,71,_ZSt7forwardIiEOT_RNSt16remove_referenceIS0_E4typeE
FN:70,71,_ZSt7forwardImEOT_RNSt16remove_referenceIS0_E4typeE
FN:97,98,_ZSt4moveIR17ContainerPositionIiEEONSt16remove_referenceIT_E4typeEOS4_
FN:97,98,_ZSt4moveIRN9__gnu_cxx5__ops15_Iter_comp_iterIPFbRSt4pairI17ContainerPositionIiEP10IContainerES9_EEEEONSt16remove_referenceIT_E4typeEOSF_
FN:97,98,_ZSt4moveIRNSt6thread2idEEONSt16remove_referenceIT_E4typeEOS4_
FN:97,98,_ZSt4moveIRNSt7__cxx1112basic_stringIcSt11char_traitsIcESaIcEEEEONSt16remove_referenceIT_E4typeEOS8_
FN:97,98,_ZSt4moveIRP10IContainerEONSt16remove_referenceIT_E4typeEOS4_
FN:97,98,_ZSt4moveIRPFbRSt4pairI17ContainerPositionIiEP10IContainerES6_EEONSt16remove_referenceIT_E4typeEOSB_
FN:97,98,_ZSt4moveIRPNSt6thread6_StateEEONSt16remove_referenceIT_E4typeEOS5_
FN:97,98,_ZSt4moveIRPSt4pairI17ContainerPositionIiEP10IContainerEEONSt16remove_referenceIT_E4typeEOS9_
FN:97,98,_ZSt4moveIRSaIcEEONSt16remove_referenceIT_E4typeEOS3_
FN:97,98,_ZSt4moveIRSt4pairI17ContainerPositionIiEP10IContainerEEONSt16remove_referenceIT_E4typeEOS8_
FN:97,98,_ZSt4moveIRSt5tupleIJM7StorageFbP10IContaineriiEPS1_S3_iiEEEONSt16remove_referenceIT_E4typeEOSA_
FN:97,98,_ZSt4moveIRSt5tupleIJM7StorageFvP10IContainerRSt6vectorImSaImEEmEPS1_S3_St17reference_wrapperIS6_EmEEEONSt16remove_referenceIT_E4typeEOSG_
FN:97,98,_ZSt4moveIRSt6threadEONSt16remove_referenceIT_E4typeEOS3_
FN:97,98,_ZSt4moveIRSt8functionIFvR7StorageP10IContainer17ContainerPositionIiEEEEONSt16remove_referenceIT_E4typeEOSB_
FN:97,98,_ZSt4moveIRmEONSt16remove_referenceIT_E4typeEOS2_
FNDA:0,_ZSt9addressofIKcEPT_RS1_
FNDA:0,_ZSt9addressofIcEPT_RS0_
FNDA:0,_ZSt4swapI17ContainerPositionIiEENSt9enable_ifIXsrSt6__and_IJSt6__not_ISt15__is_tuple_likeIT_EESt21is_move_constructibleIS6_ESt18is_move_assignableIS6_EEE5valueEvE4typeERS6_SG_
FNDA:74,_ZSt4swapINSt6thread2idEENSt9enable_ifIXsrSt6__and_IJSt6__not_ISt15__is_tuple_likeIT_EESt21is_move_constructibleIS6_ESt18is_move_assignableIS6_EEE5valueEvE4typeERS6_SG_
FNDA:0,_ZSt4swapIP10IContainerENSt9enable_ifIXsrSt6__and_IJSt6__not_ISt15__is_tuple_likeIT_EESt21is_move_constructibleIS6_ESt18is_move_assignableIS6_EEE5valueEvE4typeERS6_SG_
FNDA:152,_ZSt11__addressofIKZN7StorageC4EiiiidEUlRS0_P10IContainer17ContainerPositionIiEE0_EPT_RS8_
FNDA:154,_ZSt11__addressofIKZN7StorageC4EiiiidEUlRS0_P10IContainer17ContainerPositionIiEE_EPT_RS8_
FNDA:0,_ZSt11__addressofIKcEPT_RS1_
FNDA:0,_ZSt11__addressofINSt7__cxx1112basic_stringIcSt11char_traitsIcESaIcEEEEPT_RS6_
FNDA:0,_ZSt11__addressofISt4pairI17ContainerPositionIiEP10IContainerEEPT_RS6_
FNDA:9368,_ZSt11__addressofISt5mutexEPT_RS1_
FNDA:383,_ZSt11__addressofISt6threadEPT_RS1_
FNDA:6,_ZSt11__addressofISt6vectorImSaImEEEPT_RS3_
FNDA:0,_ZSt11__addressofISt8functionIFvR7StorageP10IContainer17ContainerPositionIiEEEEPT_RS9_
FNDA:0,_ZSt11__addressofIcEPT_RS0_
FNDA:0,_ZSt11__addressofImEPT_RS0_
FNDA:0,_ZSt7forwardI17ContainerPositionIiEEOT_RNSt16remove_referenceIS2_E4typeE
FNDA:42,_ZSt7forwardIDnEOT_RNSt16remove_referenceIS0_E4typeE
FNDA:1842,_ZSt7forwardIM7StorageFbP10IContaineriiEEOT_RNSt16remove_referenceIS5_E4typeE
FNDA:70,_ZSt7forwardIM7StorageFvP10IContainerRSt6vectorImSaImEEmEEOT_RNSt16remove_referenceIS9_E4typeE
FNDA:547,_ZSt7forwardINSt7__cxx1112basic_stringIcSt11char_traitsIcESaIcEEEEOT_RNSt16remove_referenceIS6_E4typeE
FNDA:0,_ZSt7forwardIP10IContainerEOT_RNSt16remove_referenceIS2_E4typeE
FNDA:2234,_ZSt7forwardIP7StorageEOT_RNSt16remove_referenceIS2_E4typeE
FNDA:482,_ZSt7forwardIR17ContainerPositionIiEEOT_RNSt16remove_referenceIS3_E4typeE
FNDA:0,_ZSt7forwardIR7StorageEOT_RNSt16remove_referenceIS2_E4typeE
FNDA:40,_ZSt7forwardIRKNSt7__cxx1112basic_stringIcSt11char_traitsIcESaIcEEEEOT_RNSt16remove_referenceIS8_E4typeE
FNDA:398,_ZSt7forwardIRKPN6OctreeIiP10IContainer17ContainerPositionIiEE4NodeEEOT_RNSt16remove_referenceISA_E4typeE
FNDA:55184,_ZSt7forwardIRKSt4pairI17ContainerPositionIiEP10IContainerEEOT_RNSt16remove_referenceIS8_E4typeE
FNDA:125,_ZSt7forwardIRKSt8functionIFvR7StorageP10IContainer17ContainerPositionIiEEEEOT_RNSt16remove_referenceISB_E4typeE
FNDA:54,_ZSt7forwardIRKZN7StorageC4EiiiidEUlRS0_P10IContainer17ContainerPositionIiEE0_EOT_RNSt16remove_referenceIS9_E4typeE
FNDA:54,_ZSt7forwardIRKZN7StorageC4EiiiidEUlRS0_P10IContainer17ContainerPositionIiEE_EOT_RNSt16remove_referenceIS9_E4typeE
FNDA:0,_ZSt7forwardIRKcEOT_RNSt16remove_referenceIS2_E4typeE
FNDA:0,_ZSt7forwardIRKmEOT_RNSt16remove_referenceIS2_E4typeE
FNDA:2350,_ZSt7forwardIRP10IContainerEOT_RNSt16remove_referenceIS3_E4typeE
FNDA:54933,_ZSt7forwardIRSt4pairI17ContainerPositionIiEP10IContainerEEOT_RNSt16remove_referenceIS7_E4typeE
FNDA:6,_ZSt7forwardIRSt6vectorImSaImEEEOT_RNSt16remove_referenceIS4_E4typeE
FNDA:250,_ZSt7forwardIRZN7StorageC4EiiiidEUlRS0_P10IContainer17ContainerPositionIiEE0_EOT_RNSt16remove_referenceIS8_E4typeE
FNDA:254,_ZSt7forwardIRZN7StorageC4EiiiidEUlRS0_P10IContainer17ContainerPositionIiEE_EOT_RNSt16remove_referenceIS8_E4typeE
FNDA:0,_ZSt7forwardIRcEOT_RNSt16remove_referenceIS1_E4typeE
FNDA:4149,_ZSt7forwardIRiEOT_RNSt16remove_referenceIS1_E4typeE
FNDA:82,_ZSt7forwardIRmEOT_RNSt16remove_referenceIS1_E4typeE
FNDA:94,_ZSt7forwardISt17reference_wrapperISt6vectorImSaImEEEEOT_RNSt16remove_referenceIS5_E4typeE
FNDA:29266,_ZSt7forwardISt4pairI17ContainerPositionIiEP10IContainerEEOT_RNSt16remove_referenceIS6_E4typeE
FNDA:148,_ZSt7forwardISt6threadEOT_RNSt16remove_referenceIS1_E4typeE
FNDA:38,_ZSt7forwardISt8functionIFvR7StorageP10IContainer17ContainerPositionIiEEEEOT_RNSt16remove_referenceIS9_E4typeE
FNDA:51,_ZSt7forwardIZN7StorageC4EiiiidEUlRS0_P10IContainer17ContainerPositionIiEE0_EOT_RNSt16remove_referenceIS7_E4typeE
FNDA:51,_ZSt7forwardIZN7StorageC4EiiiidEUlRS0_P10IContainer17ContainerPositionIiEE_EOT_RNSt16remove_referenceIS7_E4typeE
FNDA:930,_ZSt7forwardIiEOT_RNSt16remove_referenceIS0_E4typeE
FNDA:18,_ZSt7forwardImEOT_RNSt16remove_referenceIS0_E4typeE
FNDA:0,_ZSt4moveIR17ContainerPositionIiEEONSt16remove_referenceIT_E4typeEOS4_
FNDA:132,_ZSt4moveIRN9__gnu_cxx5__ops15_Iter_comp_iterIPFbRSt4pairI17ContainerPositionIiEP10IContainerES9_EEEEONSt16remove_referenceIT_E4typeEOSF_
FNDA:222,_ZSt4moveIRNSt6thread2idEEONSt16remove_referenceIT_E4typeEOS4_
FNDA:0,_ZSt4moveIRNSt7__cxx1112basic_stringIcSt11char_traitsIcESaIcEEEEONSt16remove_referenceIT_E4typeEOS8_
FNDA:0,_ZSt4moveIRP10IContainerEONSt16remove_referenceIT_E4typeEOS4_
FNDA:316,_ZSt4moveIRPFbRSt4pairI17ContainerPositionIiEP10IContainerES6_EEONSt16remove_referenceIT_E4typeEOSB_
FNDA:0,_ZSt4moveIRPNSt6thread6_StateEEONSt16remove_referenceIT_E4typeEOS5_
FNDA:22976,_ZSt4moveIRPSt4pairI17ContainerPositionIiEP10IContainerEEONSt16remove_referenceIT_E4typeEOS9_
FNDA:0,_ZSt4moveIRSaIcEEONSt16remove_referenceIT_E4typeEOS3_
FNDA:973,_ZSt4moveIRSt4pairI17ContainerPositionIiEP10IContainerEEONSt16remove_referenceIT_E4typeEOS8_
FNDA:775,_ZSt4moveIRSt5tupleIJM7StorageFbP10IContaineriiEPS1_S3_iiEEEONSt16remove_referenceIT_E4typeEOSA_
FNDA:30,_ZSt4moveIRSt5tupleIJM7StorageFvP10IContainerRSt6vectorImSaImEEmEPS1_S3_St17reference_wrapperIS6_EmEEEONSt16remove_referenceIT_E4typeEOSG_
FNDA:74,_ZSt4moveIRSt6threadEONSt16remove_referenceIT_E4typeEOS3_
FNDA:19,_ZSt4moveIRSt8functionIFvR7StorageP10IContainer17ContainerPositionIiEEEEONSt16remove_referenceIT_E4typeEOSB_
FNDA:6,_ZSt4moveIRmEONSt16remove_referenceIT_E4typeEOS2_
FNF:64
FNH:43
DA:51,10063
DA:52,10063
DA:70,153692
DA:71,153692
DA:97,25523
DA:98,25523
DA:138,0
DA:139,0
DA:189,74
DA:197,74
DA:198,74
DA:199,74
DA:200,74
LF:13
LH:11
end_of_record
TN:
SF:/usr/include/c++/13/bits/new_allocator.h
FN:126,152,_ZNSt15__new_allocatorINSt7__cxx1112basic_stringIcSt11char_traitsIcESaIcEEEE8allocateEmPKv
FN:126,152,_ZNSt15__new_allocatorIPN6OctreeIiP10IContainer17ContainerPositionIiEE4NodeEE8allocateEmPKv
FN:126,152,_ZNSt15__new_allocatorIPPN6OctreeIiP10IContainer17ContainerPositionIiEE4NodeEE8allocateEmPKv
FN:126,152,_ZNSt15__new_allocatorISt4pairI17ContainerPositionIiEP10IContainerEE8allocateEmPKv
FN:126,152,_ZNSt15__new_allocatorISt6threadE8allocateEmPKv
FN:126,152,_ZNSt15__new_allocatorISt8functionIFvR7StorageP10IContainer17ContainerPositionIiEEEE8allocateEmPKv
FN:126,152,_ZNSt15__new_allocatorIcE8allocateEmPKv
FN:126,152,_ZNSt15__new_allocatorImE8allocateEmPKv
FN:156,173,_ZNSt15__new_allocatorINSt7__cxx1112basic_stringIcSt11char_traitsIcESaIcEEEE10deallocateEPS5_m
FN:156,173,_ZNSt15__new_allocatorIPN6OctreeIiP10IContainer17ContainerPositionIiEE4NodeEE10deallocateEPS7_m
FN:156,173,_ZNSt15__new_allocatorIPPN6OctreeIiP10IContainer17ContainerPositionIiEE4NodeEE10deallocateEPS8_m
FN:156,173,_ZNSt15__new_allocatorISt4pairI17ContainerPositionIiEP10IContainerEE10deallocateEPS5_m
FN:156,173,_ZNSt15__new_allocatorISt6threadE10deallocateEPS0_m
FN:156,173,_ZNSt15__new_allocatorISt8functionIFvR7StorageP10IContainer17ContainerPositionIiEEEE10deallocateEPS8_m
FN:156,173,_ZNSt15__new_allocatorIcE10deallocateEPcm
FN:156,173,_ZNSt15__new_allocatorImE10deallocateEPmm
FNDA:55,_ZNSt15__new_allocatorINSt7__cxx1112basic_stringIcSt11char_traitsIcESaIcEEEE8allocateEmPKv
FNDA:213,_ZNSt15__new_allocatorIPN6OctreeIiP10IContainer17ContainerPositionIiEE4NodeEE8allocateEmPKv
FNDA:213,_ZNSt15__new_allocatorIPPN6OctreeIiP10IContainer17ContainerPositionIiEE4NodeEE8allocateEmPKv
FNDA:8842,_ZNSt15__new_allocatorISt4pairI17ContainerPositionIiEP10IContainerEE8allocateEmPKv
FNDA:141,_ZNSt15__new_allocatorISt6threadE8allocateEmPKv
FNDA:45,_ZNSt15__new_allocatorISt8functionIFvR7StorageP10IContainer17ContainerPositionIiEEEE8allocateEmPKv
FNDA:0,_ZNSt15__new_allocatorIcE8allocateEmPKv
FNDA:1,_ZNSt15__new_allocatorImE8allocateEmPKv
FNDA:0,_ZNSt15__new_allocatorINSt7__cxx1112basic_stringIcSt11char_traitsIcESaIcEEEE10deallocateEPS5_m
FNDA:213,_ZNSt15__new_allocatorIPN6OctreeIiP10IContainer17ContainerPositionIiEE4NodeEE10deallocateEPS7_m
FNDA:213,_ZNSt15__new_allocatorIPPN6OctreeIiP10IContainer17ContainerPositionIiEE4NodeEE10deallocateEPS8_m
FNDA:0,_ZNSt15__new_allocatorISt4pairI17ContainerPositionIiEP10IContainerEE10deallocateEPS5_m
FNDA:141,_ZNSt15__new_allocatorISt6threadE10deallocateEPS0_m
FNDA:0,_ZNSt15__new_allocatorISt8functionIFvR7StorageP10IContainer17ContainerPositionIiEEEE10deallocateEPS8_m
FNDA:0,_ZNSt15__new_allocatorIcE10deallocateEPcm
FNDA:1,_ZNSt15__new_allocatorImE10deallocateEPmm
FNF:16
FNH:11
DA:88,10375
DA:92,24446
DA:126,9510
DA:134,9510
DA:138,0
DA:139,0
DA:140,0
DA:151,9510
DA:156,568
DA:172,568
DA:233,9510
LF:11
LH:8
end_of_record
TN:
SF:/usr/include/c++/13/bits/predefined_ops.h
FN:150,152,_ZN9__gnu_cxx5__ops15_Iter_comp_iterIPFbRSt4pairI17ContainerPositionIiEP10IContainerES8_EEC2ESA_
FN:157,158,_ZN9__gnu_cxx5__ops15_Iter_comp_iterIPFbRSt4pairI17ContainerPositionIiEP10IContainerES8_EEclINS_17__normal_iteratorIPS7_St6vectorIS7_SaIS7_EEEESI_EEbT_T0_
FN:164,165,_ZN9__gnu_cxx5__ops16__iter_comp_iterIPFbRSt4pairI17ContainerPositionIiEP10IContainerES8_EEENS0_15_Iter_comp_iterIT_EESC_
FN:187,189,_ZN9__gnu_cxx5__ops14_Iter_comp_valIPFbRSt4pairI17ContainerPositionIiEP10IContainerES8_EEC2EONS0_15_Iter_comp_iterISA_EE
FN:195,196,_ZN9__gnu_cxx5__ops14_Iter_comp_valIPFbRSt4pairI17ContainerPositionIiEP10IContainerES8_EEclINS_17__normal_iteratorIPS7_St6vectorIS7_SaIS7_EEEES7_EEbT_RT0_
FN:231,233,_ZN9__gnu_cxx5__ops14_Val_comp_iterIPFbRSt4pairI17ContainerPositionIiEP10IContainerES8_EEC2EONS0_15_Iter_comp_iterISA_EE
FN:239,240,_ZN9__gnu_cxx5__ops14_Val_comp_iterIPFbRSt4pairI17ContainerPositionIiEP10IContainerES8_EEclIS7_NS_17__normal_iteratorIPS7_St6vectorIS7_SaIS7_EEEEEEbRT_T0_
FN:252,253,_ZN9__gnu_cxx5__ops15__val_comp_iterIPFbRSt4pairI17ContainerPositionIiEP10IContainerES8_EEENS0_14_Val_comp_iterIT_EENS0_15_Iter_comp_iterISC_EE
FN:262,264,_ZN9__gnu_cxx5__ops16_Iter_equals_valIKSt4pairI17ContainerPositionIiEP10IContainerEEC2ERS8_
FN:269,270,_ZN9__gnu_cxx5__ops16_Iter_equals_valIKSt4pairI17ContainerPositionIiEP10IContainerEEclINS_17__normal_iteratorIPS7_St6vectorIS7_SaIS7_EEEEEEbT_
FN:276,277,_ZN9__gnu_cxx5__ops17__iter_equals_valIKSt4pairI17ContainerPositionIiEP10IContainerEEENS0_16_Iter_equals_valIT_EERSA_
FN:44,45,_ZNK9__gnu_cxx5__ops15_Iter_less_iterclIPKiS4_EEbT_T0_
FN:50,51,_ZN9__gnu_cxx5__ops16__iter_less_iterEv
FNDA:92,_ZN9__gnu_cxx5__ops15_Iter_comp_iterIPFbRSt4pairI17ContainerPositionIiEP10IContainerES8_EEC2ESA_
FNDA:141,_ZN9__gnu_cxx5__ops15_Iter_comp_iterIPFbRSt4pairI17ContainerPositionIiEP10IContainerES8_EEclINS_17__normal_iteratorIPS7_St6vectorIS7_SaIS7_EEEESI_EEbT_T0_
FNDA:92,_ZN9__gnu_cxx5__ops16__iter_comp_iterIPFbRSt4pairI17ContainerPositionIiEP10IContainerES8_EEENS0_15_Iter_comp_iterIT_EESC_
FNDA:0,_ZN9__gnu_cxx5__ops14_Iter_comp_valIPFbRSt4pairI17ContainerPositionIiEP10IContainerES8_EEC2EONS0_15_Iter_comp_iterISA_EE
FNDA:0,_ZN9__gnu_cxx5__ops14_Iter_comp_valIPFbRSt4pairI17ContainerPositionIiEP10IContainerES8_EEclINS_17__normal_iteratorIPS7_St6vectorIS7_SaIS7_EEEES7_EEbT_RT0_
FNDA:132,_ZN9__gnu_cxx5__ops14_Val_comp_iterIPFbRSt4pairI17ContainerPositionIiEP10IContainerES8_EEC2EONS0_15_Iter_comp_iterISA_EE
FNDA:169,_ZN9__gnu_cxx5__ops14_Val_comp_iterIPFbRSt4pairI17ContainerPositionIiEP10IContainerES8_EEclIS7_NS_17__normal_iteratorIPS7_St6vectorIS7_SaIS7_EEEEEEbRT_T0_
FNDA:132,_ZN9__gnu_cxx5__ops15__val_comp_iterIPFbRSt4pairI17ContainerPositionIiEP10IContainerES8_EEENS0_14_Val_comp_iterIT_EENS0_15_Iter_comp_iterISC_EE
FNDA:75,_ZN9__gnu_cxx5__ops16_Iter_equals_valIKSt4pairI17ContainerPositionIiEP10IContainerEEC2ERS8_
FNDA:149,_ZN9__gnu_cxx5__ops16_Iter_equals_valIKSt4pairI17ContainerPositionIiEP10IContainerEEclINS_17__normal_iteratorIPS7_St6vectorIS7_SaIS7_EEEEEEbT_
FNDA:75,_ZN9__gnu_cxx5__ops17__iter_equals_valIKSt4pairI17ContainerPositionIiEP10IContainerEEENS0_16_Iter_equals_valIT_EERSA_
FNDA:1248232,_ZNK9__gnu_cxx5__ops15_Iter_less_iterclIPKiS4_EEbT_T0_
FNDA:178331,_ZN9__gnu_cxx5__ops16__iter_less_iterEv
FNF:13
FNH:11
DA:44,1248232
DA:45,1248232
DA:50,178331
DA:51,178331
DA:150,92
DA:151,92
DA:152,92
DA:157,141
DA:158,141
DA:164,92
DA:165,92
DA:187,0
DA:188,0
DA:189,0
DA:195,0
DA:196,0
DA:231,132
DA:232,132
DA:233,132
DA:239,169
DA:240,169
DA:252,132
DA:253,132
DA:262,75
DA:263,75
DA:264,75
DA:269,149
DA:270,149
DA:276,75
DA:277,75
LF:30
LH:25
end_of_record
TN:
SF:/usr/include/c++/13/bits/ptr_traits.h
FN:141,142,_ZNSt19__ptr_traits_ptr_toIPKcS0_Lb0EE10pointer_toERS0_
FN:141,142,_ZNSt19__ptr_traits_ptr_toIPccLb0EE10pointer_toERc
FNDA:0,_ZNSt19__ptr_traits_ptr_toIPKcS0_Lb0EE10pointer_toERS0_
FNDA:0,_ZNSt19__ptr_traits_ptr_toIPccLb0EE10pointer_toERc
FNF:2
FNH:0
DA:141,0
DA:142,0
LF:2
LH:0
end_of_record
TN:
SF:/usr/include/c++/13/bits/refwrap.h
FN:313,313,_ZNSt17reference_wrapperISt6vectorImSaImEEE6_S_funERS2_
FN:330,333,_ZNSt17reference_wrapperISt6vectorImSaImEEEC2IRS2_vPS2_EEOT_
FN:341,342,_ZNKSt17reference_wrapperISt6vectorImSaImEEEcvRS2_Ev
FN:346,347,_ZNKSt17reference_wrapperISt6vectorImSaImEEE3getEv
FN:374,375,_ZSt3refISt6vectorImSaImEEESt17reference_wrapperIT_ERS4_
FNDA:6,_ZNSt17reference_wrapperISt6vectorImSaImEEE6_S_funERS2_
FNDA:6,_ZNSt17reference_wrapperISt6vectorImSaImEEEC2IRS2_vPS2_EEOT_
FNDA:6,_ZNKSt17reference_wrapperISt6vectorImSaImEEEcvRS2_Ev
FNDA:6,_ZNKSt17reference_wrapperISt6vectorImSaImEEE3getEv
FNDA:6,_ZSt3refISt6vectorImSaImEEESt17reference_wrapperIT_ERS4_
FNF:5
FNH:5
DA:313,6
DA:330,6
DA:332,6
DA:333,6
DA:341,6
DA:342,6
DA:346,6
DA:347,6
DA:374,6
DA:375,6
LF:10
LH:10
end_of_record
TN:
SF:/usr/include/c++/13/bits/std_function.h
FN:134,143,_ZNSt14_Function_base13_Base_managerIZN7StorageC4EiiiidEUlRS1_P10IContainer17ContainerPositionIiEE0_E14_M_get_pointerERKSt9_Any_data
FN:134,143,_ZNSt14_Function_base13_Base_managerIZN7StorageC4EiiiidEUlRS1_P10IContainer17ContainerPositionIiEE_E14_M_get_pointerERKSt9_Any_data
FN:150,153,_ZNSt14_Function_base13_Base_managerIZN7StorageC4EiiiidEUlRS1_P10IContainer17ContainerPositionIiEE0_E9_M_createIRKS7_EEvRSt9_Any_dataOT_St17integral_constantIbLb1EE
FN:150,153,_ZNSt14_Function_base13_Base_managerIZN7StorageC4EiiiidEUlRS1_P10IContainer17ContainerPositionIiEE0_E9_M_createIS7_EEvRSt9_Any_dataOT_St17integral_constantIbLb1EE
FN:150,153,_ZNSt14_Function_base13_Base_managerIZN7StorageC4EiiiidEUlRS1_P10IContainer17ContainerPositionIiEE_E9_M_createIRKS7_EEvRSt9_Any_dataOT_St17integral_constantIbLb1EE
FN:150,153,_ZNSt14_Function_base13_Base_managerIZN7StorageC4EiiiidEUlRS1_P10IContainer17ContainerPositionIiEE_E9_M_createIS7_EEvRSt9_Any_dataOT_St17integral_constantIbLb1EE
FN:166,169,_ZNSt14_Function_base13_Base_managerIZN7StorageC4EiiiidEUlRS1_P10IContainer17ContainerPositionIiEE0_E10_M_destroyERSt9_Any_dataSt17integral_constantIbLb1EE
FN:166,169,_ZNSt14_Function_base13_Base_managerIZN7StorageC4EiiiidEUlRS1_P10IContainer17ContainerPositionIiEE_E10_M_destroyERSt9_Any_dataSt17integral_constantIbLb1EE
FN:180,207,_ZNSt14_Function_base13_Base_managerIZN7StorageC4EiiiidEUlRS1_P10IContainer17ContainerPositionIiEE0_E10_M_managerERSt9_Any_dataRKS9_St18_Manager_operation
FN:180,207,_ZNSt14_Function_base13_Base_managerIZN7StorageC4EiiiidEUlRS1_P10IContainer17ContainerPositionIiEE_E10_M_managerERSt9_Any_dataRKS9_St18_Manager_operation
FN:211,216,_ZNSt14_Function_base13_Base_managerIZN7StorageC4EiiiidEUlRS1_P10IContainer17ContainerPositionIiEE0_E15_M_init_functorIRKS7_EEvRSt9_Any_dataOT_
FN:211,216,_ZNSt14_Function_base13_Base_managerIZN7StorageC4EiiiidEUlRS1_P10IContainer17ContainerPositionIiEE0_E15_M_init_functorIS7_EEvRSt9_Any_dataOT_
FN:211,216,_ZNSt14_Function_base13_Base_managerIZN7StorageC4EiiiidEUlRS1_P10IContainer17ContainerPositionIiEE_E15_M_init_functorIRKS7_EEvRSt9_Any_dataOT_
FN:211,216,_ZNSt14_Function_base13_Base_managerIZN7StorageC4EiiiidEUlRS1_P10IContainer17ContainerPositionIiEE_E15_M_init_functorIS7_EEvRSt9_Any_dataOT_
FN:235,236,_ZNSt14_Function_base13_Base_managerIZN7StorageC4EiiiidEUlRS1_P10IContainer17ContainerPositionIiEE0_E21_M_not_empty_functionIS7_EEbRKT_
FN:235,236,_ZNSt14_Function_base13_Base_managerIZN7StorageC4EiiiidEUlRS1_P10IContainer17ContainerPositionIiEE_E21_M_not_empty_functionIS7_EEbRKT_
FN:239,239,_ZNSt14_Function_baseC2Ev
FN:241,245,_ZNSt14_Function_baseD2Ev
FN:247,247,_ZNKSt14_Function_base8_M_emptyEv
FN:267,285,_ZNSt17_Function_handlerIFvR7StorageP10IContainer17ContainerPositionIiEEZNS0_C4EiiiidEUlS1_S3_S5_E0_E10_M_managerERSt9_Any_dataRKS9_St18_Manager_operation
FN:267,285,_ZNSt17_Function_handlerIFvR7StorageP10IContainer17ContainerPositionIiEEZNS0_C4EiiiidEUlS1_S3_S5_E_E10_M_managerERSt9_Any_dataRKS9_St18_Manager_operation
FN:288,292,_ZNSt17_Function_handlerIFvR7StorageP10IContainer17ContainerPositionIiEEZNS0_C4EiiiidEUlS1_S3_S5_E0_E9_M_invokeERKSt9_Any_dataS1_OS3_OS5_
FN:288,292,_ZNSt17_Function_handlerIFvR7StorageP10IContainer17ContainerPositionIiEEZNS0_C4EiiiidEUlS1_S3_S5_E_E9_M_invokeERKSt9_Any_dataS1_OS3_OS5_
FN:386,395,_ZNSt8functionIFvR7StorageP10IContainer17ContainerPositionIiEEEC2ERKS7_
FN:404,414,_ZNSt8functionIFvR7StorageP10IContainer17ContainerPositionIiEEEC2EOS7_
FN:435,454,_ZNSt8functionIFvR7StorageP10IContainer17ContainerPositionIiEEEC2IZNS0_C4EiiiidEUlS1_S3_S5_E0_vEEOT_
FN:435,454,_ZNSt8functionIFvR7StorageP10IContainer17ContainerPositionIiEEEC2IZNS0_C4EiiiidEUlS1_S3_S5_E_vEEOT_
FN:573,574,_ZNKSt8functionIFvR7StorageP10IContainer17ContainerPositionIiEEEcvbEv
FN:587,592,_ZNKSt8functionIFvR7StorageP10IContainer17ContainerPositionIiEEEclES1_S3_S5_
FN:85,85,_ZNSt9_Any_data9_M_accessEv
FN:86,86,_ZNKSt9_Any_data9_M_accessEv
FN:90,91,_ZNSt9_Any_data9_M_accessIPKSt9type_infoEERT_v
FN:90,91,_ZNSt9_Any_data9_M_accessIPZN7StorageC4EiiiidEUlRS1_P10IContainer17ContainerPositionIiEE0_EERT_v
FN:90,91,_ZNSt9_Any_data9_M_accessIPZN7StorageC4EiiiidEUlRS1_P10IContainer17ContainerPositionIiEE_EERT_v
FN:90,91,_ZNSt9_Any_data9_M_accessIZN7StorageC4EiiiidEUlRS1_P10IContainer17ContainerPositionIiEE0_EERT_v
FN:90,91,_ZNSt9_Any_data9_M_accessIZN7StorageC4EiiiidEUlRS1_P10IContainer17ContainerPositionIiEE_EERT_v
FN:95,96,_ZNKSt9_Any_data9_M_accessIZN7StorageC4EiiiidEUlRS1_P10IContainer17ContainerPositionIiEE0_EERKT_v
FN:95,96,_ZNKSt9_Any_data9_M_accessIZN7StorageC4EiiiidEUlRS1_P10IContainer17ContainerPositionIiEE_EERKT_v
FNDA:152,_ZNSt14_Function_base13_Base_managerIZN7StorageC4EiiiidEUlRS1_P10IContainer17ContainerPositionIiEE0_E14_M_get_pointerERKSt9_Any_data
FNDA:154,_ZNSt14_Function_base13_Base_managerIZN7StorageC4EiiiidEUlRS1_P10IContainer17ContainerPositionIiEE_E14_M_get_pointerERKSt9_Any_data
FNDA:27,_ZNSt14_Function_base13_Base_managerIZN7StorageC4EiiiidEUlRS1_P10IContainer17ContainerPositionIiEE0_E9_M_createIRKS7_EEvRSt9_Any_dataOT_St17integral_constantIbLb1EE
FNDA:17,_ZNSt14_Function_base13_Base_managerIZN7StorageC4EiiiidEUlRS1_P10IContainer17ContainerPositionIiEE0_E9_M_createIS7_EEvRSt9_Any_dataOT_St17integral_constantIbLb1EE
FNDA:27,_ZNSt14_Function_base13_Base_managerIZN7StorageC4EiiiidEUlRS1_P10IContainer17ContainerPositionIiEE_E9_M_createIRKS7_EEvRSt9_Any_dataOT_St17integral_constantIbLb1EE
FNDA:17,_ZNSt14_Function_base13_Base_managerIZN7StorageC4EiiiidEUlRS1_P10IContainer17ContainerPositionIiEE_E9_M_createIS7_EEvRSt9_Any_dataOT_St17integral_constantIbLb1EE
FNDA:44,_ZNSt14_Function_base13_Base_managerIZN7StorageC4EiiiidEUlRS1_P10IContainer17ContainerPositionIiEE0_E10_M_destroyERSt9_Any_dataSt17integral_constantIbLb1EE
FNDA:44,_ZNSt14_Function_base13_Base_managerIZN7StorageC4EiiiidEUlRS1_P10IContainer17ContainerPositionIiEE_E10_M_destroyERSt9_Any_dataSt17integral_constantIbLb1EE
FNDA:71,_ZNSt14_Function_base13_Base_managerIZN7StorageC4EiiiidEUlRS1_P10IContainer17ContainerPositionIiEE0_E10_M_managerERSt9_Any_dataRKS9_St18_Manager_operation
FNDA:71,_ZNSt14_Function_base13_Base_managerIZN7StorageC4EiiiidEUlRS1_P10IContainer17ContainerPositionIiEE_E10_M_managerERSt9_Any_dataRKS9_St18_Manager_operation
FNDA:27,_ZNSt14_Function_base13_Base_managerIZN7StorageC4EiiiidEUlRS1_P10IContainer17ContainerPositionIiEE0_E15_M_init_functorIRKS7_EEvRSt9_Any_dataOT_
FNDA:17,_ZNSt14_Function_base13_Base_managerIZN7StorageC4EiiiidEUlRS1_P10IContainer17ContainerPositionIiEE0_E15_M_init_functorIS7_EEvRSt9_Any_dataOT_
FNDA:27,_ZNSt14_Function_base13_Base_managerIZN7StorageC4EiiiidEUlRS1_P10IContainer17ContainerPositionIiEE_E15_M_init_functorIRKS7_EEvRSt9_Any_dataOT_
FNDA:17,_ZNSt14_Function_base13_Base_managerIZN7StorageC4EiiiidEUlRS1_P10IContainer17ContainerPositionIiEE_E15_M_init_functorIS7_EEvRSt9_Any_dataOT_
FNDA:17,_ZNSt14_Function_base13_Base_managerIZN7StorageC4EiiiidEUlRS1_P10IContainer17ContainerPositionIiEE0_E21_M_not_empty_functionIS7_EEbRKT_
FNDA:17,_ZNSt14_Function_base13_Base_managerIZN7StorageC4EiiiidEUlRS1_P10IContainer17ContainerPositionIiEE_E21_M_not_empty_functionIS7_EEbRKT_
FNDA:0,_ZNSt14_Function_baseC2Ev
FNDA:0,_ZNSt14_Function_baseD2Ev
FNDA:327,_ZNKSt14_Function_base8_M_emptyEv
FNDA:71,_ZNSt17_Function_handlerIFvR7StorageP10IContainer17ContainerPositionIiEEZNS0_C4EiiiidEUlS1_S3_S5_E0_E10_M_managerERSt9_Any_dataRKS9_St18_Manager_operation
FNDA:71,_ZNSt17_Function_handlerIFvR7StorageP10IContainer17ContainerPositionIiEEZNS0_C4EiiiidEUlS1_S3_S5_E_E10_M_managerERSt9_Any_dataRKS9_St18_Manager_operation
FNDA:125,_ZNSt17_Function_handlerIFvR7StorageP10IContainer17ContainerPositionIiEEZNS0_C4EiiiidEUlS1_S3_S5_E0_E9_M_invokeERKSt9_Any_dataS1_OS3_OS5_
FNDA:127,_ZNSt17_Function_handlerIFvR7StorageP10IContainer17ContainerPositionIiEEZNS0_C4EiiiidEUlS1_S3_S5_E_E9_M_invokeERKSt9_Any_dataS1_OS3_OS5_
FNDA:56,_ZNSt8functionIFvR7StorageP10IContainer17ContainerPositionIiEEEC2ERKS7_
FNDA:19,_ZNSt8functionIFvR7StorageP10IContainer17ContainerPositionIiEEEC2EOS7_
FNDA:17,_ZNSt8functionIFvR7StorageP10IContainer17ContainerPositionIiEEEC2IZNS0_C4EiiiidEUlS1_S3_S5_E0_vEEOT_
FNDA:17,_ZNSt8functionIFvR7StorageP10IContainer17ContainerPositionIiEEEC2IZNS0_C4EiiiidEUlS1_S3_S5_E_vEEOT_
FNDA:75,_ZNKSt8functionIFvR7StorageP10IContainer17ContainerPositionIiEEEcvbEv
FNDA:252,_ZNKSt8functionIFvR7StorageP10IContainer17ContainerPositionIiEEEclES1_S3_S5_
FNDA:0,_ZNSt9_Any_data9_M_accessEv
FNDA:0,_ZNKSt9_Any_data9_M_accessEv
FNDA:0,_ZNSt9_Any_data9_M_accessIPKSt9type_infoEERT_v
FNDA:0,_ZNSt9_Any_data9_M_accessIPZN7StorageC4EiiiidEUlRS1_P10IContainer17ContainerPositionIiEE0_EERT_v
FNDA:0,_ZNSt9_Any_data9_M_accessIPZN7StorageC4EiiiidEUlRS1_P10IContainer17ContainerPositionIiEE_EERT_v
FNDA:44,_ZNSt9_Any_data9_M_accessIZN7StorageC4EiiiidEUlRS1_P10IContainer17ContainerPositionIiEE0_EERT_v
FNDA:44,_ZNSt9_Any_data9_M_accessIZN7StorageC4EiiiidEUlRS1_P10IContainer17ContainerPositionIiEE_EERT_v
FNDA:152,_ZNKSt9_Any_data9_M_accessIZN7StorageC4EiiiidEUlRS1_P10IContainer17ContainerPositionIiEE0_EERKT_v
FNDA:154,_ZNKSt9_Any_data9_M_accessIZN7StorageC4EiiiidEUlRS1_P10IContainer17ContainerPositionIiEE_EERKT_v
FNF:38
FNH:31
DA:85,0
DA:86,0
DA:90,88
DA:91,88
DA:95,306
DA:96,306
DA:134,306
DA:138,306
DA:139,306
DA:150,88
DA:152,88
DA:153,88
DA:166,88
DA:168,88
DA:169,88
DA:180,142
DA:183,142
DA:185,0
DA:187,0
DA:191,0
DA:193,0
DA:194,0
DA:195,0
DA:197,54
DA:198,54
DA:199,54
DA:200,54
DA:202,88
DA:203,88
DA:204,88
DA:206,142
DA:211,88
DA:215,88
DA:216,88
DA:235,34
DA:236,34
DA:239,0
DA:241,0
DA:243,0
DA:244,0
DA:245,0
DA:247,327
DA:267,142
DA:270,142
DA:273,0
DA:274,0
DA:275,0
DA:277,0
DA:278,0
DA:279,0
DA:281,142
DA:282,142
DA:284,142
DA:288,252
DA:290,252
DA:291,243
DA:386,56
DA:387,56
DA:389,56
DA:391,56
DA:392,56
DA:393,56
DA:395,56
DA:404,19
DA:405,19
DA:407,19
DA:409,19
DA:410,19
DA:411,19
DA:412,19
DA:414,19
DA:435,34
DA:437,34
DA:447,34
DA:449,34
DA:451,34
DA:452,34
DA:454,34
DA:573,75
DA:574,75
DA:587,252
DA:589,252
DA:590,0
DA:591,252
LF:84
LH:64
end_of_record
TN:
SF:/usr/include/c++/13/bits/std_mutex.h
FN:104,104,_ZNSt5mutexC2Ev
FN:111,118,_ZNSt5mutex4lockEv
FN:129,133,_ZNSt5mutex6unlockEv
FN:67,67,_ZNSt12__mutex_baseC2Ev
FNDA:25,_ZNSt5mutexC2Ev
FNDA:9312,_ZNSt5mutex4lockEv
FNDA:9312,_ZNSt5mutex6unlockEv
FNDA:25,_ZNSt12__mutex_baseC2Ev
FNF:4
FNH:4
DA:67,25
DA:104,25
DA:111,9312
DA:113,9312
DA:116,9312
DA:117,0
DA:118,9312
DA:129,9312
DA:132,9312
DA:133,9312
LF:10
LH:9
end_of_record
TN:
SF:/usr/include/c++/13/bits/std_thread.h
FN:143,148,_ZNSt6thread24_M_thread_deps_never_runEv
FN:154,167,_ZNSt6threadC2IM7StorageFbP10IContaineriiEJPS1_RS3_RiS8_EvEEOT_DpOT0_
FN:154,167,_ZNSt6threadC2IM7StorageFvP10IContainerRSt6vectorImSaImEEmEJPS1_RS3_St17reference_wrapperIS6_ERmEvEEOT_DpOT0_
FN:170,174,_ZNSt6threadD2Ev
FN:178,179,_ZNSt6threadC2EOS_
FN:192,193,_ZNSt6thread4swapERS_
FN:196,197,_ZNKSt6thread8joinableEv
FN:239,241,_ZNSt6thread11_State_implINS_8_InvokerISt5tupleIJM7StorageFbP10IContaineriiEPS3_S5_iiEEEEEC2IJS7_S8_RS5_RiSE_EEEDpOT_
FN:239,241,_ZNSt6thread11_State_implINS_8_InvokerISt5tupleIJM7StorageFvP10IContainerRSt6vectorImSaImEEmEPS3_S5_St17reference_wrapperIS8_EmEEEEEC2IJSB_SC_RS5_SE_RmEEEDpOT_
FN:244,244,_ZNSt6thread11_State_implINS_8_InvokerISt5tupleIJM7StorageFbP10IContaineriiEPS3_S5_iiEEEEE6_M_runEv
FN:244,244,_ZNSt6thread11_State_implINS_8_InvokerISt5tupleIJM7StorageFvP10IContainerRSt6vectorImSaImEEmEPS3_S5_St17reference_wrapperIS8_EmEEEEE6_M_runEv
FN:276,278,_ZNSt6thread8_InvokerISt5tupleIJM7StorageFbP10IContaineriiEPS2_S4_iiEEEC2IJS6_S7_RS4_RiSC_EEEDpOT_
FN:276,278,_ZNSt6thread8_InvokerISt5tupleIJM7StorageFvP10IContainerRSt6vectorImSaImEEmEPS2_S4_St17reference_wrapperIS7_EmEEEC2IJSA_SB_RS4_SD_RmEEEDpOT_
FN:291,292,_ZNSt6thread8_InvokerISt5tupleIJM7StorageFbP10IContaineriiEPS2_S4_iiEEE9_M_invokeIJLm0ELm1ELm2ELm3ELm4EEEEbSt12_Index_tupleIJXspT_EEE
FN:291,292,_ZNSt6thread8_InvokerISt5tupleIJM7StorageFvP10IContainerRSt6vectorImSaImEEmEPS2_S4_St17reference_wrapperIS7_EmEEE9_M_invokeIJLm0ELm1ELm2ELm3ELm4EEEEvSt12_Index_tupleIJXspT_EEE
FN:295,300,_ZNSt6thread8_InvokerISt5tupleIJM7StorageFbP10IContaineriiEPS2_S4_iiEEEclEv
FN:295,300,_ZNSt6thread8_InvokerISt5tupleIJM7StorageFvP10IContainerRSt6vectorImSaImEEmEPS2_S4_St17reference_wrapperIS7_EmEEEclEv
FN:324,331,_ZSteqNSt6thread2idES0_
FN:97,97,_ZNSt6thread2idC2Ev
FNDA:0,_ZNSt6thread24_M_thread_deps_never_runEv
FNDA:155,_ZNSt6threadC2IM7StorageFbP10IContaineriiEJPS1_RS3_RiS8_EvEEOT_DpOT0_
FNDA:6,_ZNSt6threadC2IM7StorageFvP10IContainerRSt6vectorImSaImEEmEJPS1_RS3_St17reference_wrapperIS6_ERmEvEEOT_DpOT0_
FNDA:235,_ZNSt6threadD2Ev
FNDA:74,_ZNSt6threadC2EOS_
FNDA:74,_ZNSt6thread4swapERS_
FNDA:235,_ZNKSt6thread8joinableEv
FNDA:155,_ZNSt6thread11_State_implINS_8_InvokerISt5tupleIJM7StorageFbP10IContaineriiEPS3_S5_iiEEEEEC2IJS7_S8_RS5_RiSE_EEEDpOT_
FNDA:6,_ZNSt6thread11_State_implINS_8_InvokerISt5tupleIJM7StorageFvP10IContainerRSt6vectorImSaImEEmEPS3_S5_St17reference_wrapperIS8_EmEEEEEC2IJSB_SC_RS5_SE_RmEEEDpOT_
FNDA:155,_ZNSt6thread11_State_implINS_8_InvokerISt5tupleIJM7StorageFbP10IContaineriiEPS3_S5_iiEEEEE6_M_runEv
FNDA:6,_ZNSt6thread11_State_implINS_8_InvokerISt5tupleIJM7StorageFvP10IContainerRSt6vectorImSaImEEmEPS3_S5_St17reference_wrapperIS8_EmEEEEE6_M_runEv
FNDA:155,_ZNSt6thread8_InvokerISt5tupleIJM7StorageFbP10IContaineriiEPS2_S4_iiEEEC2IJS6_S7_RS4_RiSC_EEEDpOT_
FNDA:6,_ZNSt6thread8_InvokerISt5tupleIJM7StorageFvP10IContainerRSt6vectorImSaImEEmEPS2_S4_St17reference_wrapperIS7_EmEEEC2IJSA_SB_RS4_SD_RmEEEDpOT_
FNDA:155,_ZNSt6thread8_InvokerISt5tupleIJM7StorageFbP10IContaineriiEPS2_S4_iiEEE9_M_invokeIJLm0ELm1ELm2ELm3ELm4EEEEbSt12_Index_tupleIJXspT_EEE
FNDA:6,_ZNSt6thread8_InvokerISt5tupleIJM7StorageFvP10IContainerRSt6vectorImSaImEEmEPS2_S4_St17reference_wrapperIS7_EmEEE9_M_invokeIJLm0ELm1ELm2ELm3ELm4EEEEvSt12_Index_tupleIJXspT_EEE
FNDA:155,_ZNSt6thread8_InvokerISt5tupleIJM7StorageFbP10IContaineriiEPS2_S4_iiEEEclEv
FNDA:6,_ZNSt6thread8_InvokerISt5tupleIJM7StorageFvP10IContainerRSt6vectorImSaImEEmEPS2_S4_St17reference_wrapperIS7_EmEEEclEv
FNDA:235,_ZSteqNSt6thread2idES0_
FNDA:470,_ZNSt6thread2idC2Ev
FNF:19
FNH:18
DA:97,470
DA:143,0
DA:148,0
DA:154,161
DA:155,161
DA:164,161
DA:167,161
DA:170,235
DA:172,235
DA:174,235
DA:178,74
DA:179,74
DA:192,74
DA:193,74
DA:196,235
DA:197,235
DA:239,161
DA:240,161
DA:241,161
DA:244,161
DA:276,161
DA:277,161
DA:278,161
DA:291,161
DA:292,161
DA:295,161
DA:299,161
DA:324,235
DA:330,235
LF:29
LH:27
end_of_record
TN:
SF:/usr/include/c++/13/bits/stl_algo.h
FN:1631,1639,_ZSt13__heap_selectIN9__gnu_cxx17__normal_iteratorIPSt4pairI17ContainerPositionIiEP10IContainerESt6vectorIS7_SaIS7_EEEENS0_5__ops15_Iter_comp_iterIPFbRS7_SF_EEEEvT_SJ_SJ_T0_
FN:1792,1806,_ZSt25__unguarded_linear_insertIN9__gnu_cxx17__normal_iteratorIPSt4pairI17ContainerPositionIiEP10IContainerESt6vectorIS7_SaIS7_EEEENS0_5__ops14_Val_comp_iterIPFbRS7_SF_EEEEvT_T0_
FN:1812,1830,_ZSt16__insertion_sortIN9__gnu_cxx17__normal_iteratorIPSt4pairI17ContainerPositionIiEP10IContainerESt6vectorIS7_SaIS7_EEEENS0_5__ops15_Iter_comp_iterIPFbRS7_SF_EEEEvT_SJ_T0_
FN:1836,1842,_ZSt26__unguarded_insertion_sortIN9__gnu_cxx17__normal_iteratorIPSt4pairI17ContainerPositionIiEP10IContainerESt6vectorIS7_SaIS7_EEEENS0_5__ops15_Iter_comp_iterIPFbRS7_SF_EEEEvT_SJ_T0_
[...]
FN:445,524,_ZNSt6vectorISt8functionIFvR7StorageP10IContainer17ContainerPositionIiEEESaIS8_EE17_M_realloc_insertIJRKS8_EEEvN9__gnu_cxx17__normal_iteratorIPS8_SA_EEDpOT_
FN:751,839,_ZNSt6vectorISt4pairI17ContainerPositionIiEP10IContainerESaIS5_EE15_M_range_insertIN9__gnu_cxx17__normal_iteratorIPS5_S7_EEEEvSC_T_SD_St20forward_iterator_tag
FNDA:74,_ZNSt6vectorINSt7__cxx1112basic_stringIcSt11char_traitsIcESaIcEEESaIS5_EE12emplace_backIJS5_EEERS5_DpOT_
FNDA:219,_ZNSt6vectorISt4pairI17ContainerPositionIiEP10IContainerESaIS5_EE12emplace_backIJS5_EEERS5_DpOT_
FNDA:155,_ZNSt6vectorISt6threadSaIS0_EE12emplace_backIJM7StorageFbP10IContaineriiEPS4_RS6_RiSB_EEERS0_DpOT_
FNDA:6,_ZNSt6vectorISt6threadSaIS0_EE12emplace_backIJM7StorageFvP10IContainerRS_ImSaImEEmEPS4_RS6_St17reference_wrapperIS8_ERmEEERS0_DpOT_
FNDA:75,_ZNSt6vectorISt4pairI17ContainerPositionIiEP10IContainerESaIS5_EE8_M_eraseEN9__gnu_cxx17__normal_iteratorIPS5_S7_EESB_
FNDA:15,_ZNSt6vectorISt4pairI17ContainerPositionIiEP10IContainerESaIS5_EE14_M_insert_rvalEN9__gnu_cxx17__normal_iteratorIPKS5_S7_EEOS5_
FNDA:2,_ZNSt6vectorISt4pairI17ContainerPositionIiEP10IContainerESaIS5_EE13_M_insert_auxIS5_EEvN9__gnu_cxx17__normal_iteratorIPS5_S7_EEOT_
FNDA:12,_ZNSt6vectorINSt7__cxx1112basic_stringIcSt11char_traitsIcESaIcEEESaIS5_EE17_M_realloc_insertIJRKS5_EEEvN9__gnu_cxx17__normal_iteratorIPS5_S7_EEDpOT_
FNDA:43,_ZNSt6vectorINSt7__cxx1112basic_stringIcSt11char_traitsIcESaIcEEESaIS5_EE17_M_realloc_insertIJS5_EEEvN9__gnu_cxx17__normal_iteratorIPS5_S7_EEDpOT_
FNDA:211,_ZNSt6vectorISt4pairI17ContainerPositionIiEP10IContainerESaIS5_EE17_M_realloc_insertIJRKS5_EEEvN9__gnu_cxx17__normal_iteratorIPS5_S7_EEDpOT_
FNDA:125,_ZNSt6vectorISt4pairI17ContainerPositionIiEP10IContainerESaIS5_EE17_M_realloc_insertIJS5_EEEvN9__gnu_cxx17__normal_iteratorIPS5_S7_EEDpOT_
FNDA:137,_ZNSt6vectorISt6threadSaIS0_EE17_M_realloc_insertIJM7StorageFbP10IContaineriiEPS4_RS6_RiSB_EEEvN9__gnu_cxx17__normal_iteratorIPS0_S2_EEDpOT_
FNDA:4,_ZNSt6vectorISt6threadSaIS0_EE17_M_realloc_insertIJM7StorageFvP10IContainerRS_ImSaImEEmEPS4_RS6_St17reference_wrapperIS8_ERmEEEvN9__gnu_cxx17__normal_iteratorIPS0_S2_EEDpOT_
FNDA:35,_ZNSt6vectorISt8functionIFvR7StorageP10IContainer17ContainerPositionIiEEESaIS8_EE17_M_realloc_insertIJRKS8_EEEvN9__gnu_cxx17__normal_iteratorIPS8_SA_EEDpOT_
FNDA:5744,_ZNSt6vectorISt4pairI17ContainerPositionIiEP10IContainerESaIS5_EE15_M_range_insertIN9__gnu_cxx17__normal_iteratorIPS5_S7_EEEEvSC_T_SD_St20forward_iterator_tag
FNF:15
FNH:15
DA:111,454
DA:114,454
DA:117,169
DA:119,169
DA:123,285
DA:125,454
DA:195,75
DA:198,75
DA:200,75
DA:201,0
DA:202,75
DA:204,75
DA:356,15
DA:359,15
DA:360,15
DA:361,2
DA:364,0
DA:365,0
DA:366,0
DA:370,2
DA:372,13
DA:374,15
DA:413,2
DA:423,2
DA:424,2
DA:425,2
DA:430,2
DA:436,2
DA:438,2
DA:445,567
DA:455,567
DA:456,567
DA:457,567
DA:458,567
DA:459,567
DA:460,567
DA:468,567
DA:469,567
DA:475,567
DA:480,567
DA:481,567
DA:483,567
DA:485,567
DA:486,567
DA:504,0
DA:506,0
DA:507,0
DA:508,0
DA:510,0
DA:511,0
DA:512,0
DA:519,567
DA:520,567
DA:521,567
DA:522,567
DA:523,567
DA:524,567
DA:751,5744
DA:755,5744
DA:757,5744
DA:758,5744
DA:759,5744
DA:761,53
DA:762,53
DA:763,53
DA:766,0
DA:769,0
DA:770,0
DA:772,0
DA:774,0
DA:778,53
DA:781,53
DA:783,53
DA:784,53
DA:786,53
DA:789,53
DA:790,53
DA:792,53
DA:800,5691
DA:801,5691
DA:804,5691
DA:805,5691
DA:806,5691
DA:811,5691
DA:812,5691
DA:814,5691
DA:816,5691
DA:819,5691
DA:820,5691
DA:822,0
DA:825,0
DA:826,0
DA:827,0
DA:830,5691
DA:832,5691
DA:833,5691
DA:834,5691
DA:835,5691
DA:836,5691
DA:839,5744
LF:100
LH:80
end_of_record
TN:
SF:/usr/include/c++/13/compare
FN:1214,1233,_ZNKSt8__detail10_Synth3wayclIPSt4pairI17ContainerPositionIiEP10IContainerES8_EEDaRKT_RKT0_
FN:292,293,_ZStltSt15strong_orderingNSt9__cmp_cat8__unspecE
FNDA:0,_ZNKSt8__detail10_Synth3wayclIPSt4pairI17ContainerPositionIiEP10IContainerES8_EEDaRKT_RKT0_
FNDA:0,_ZStltSt15strong_orderingNSt9__cmp_cat8__unspecE
FNF:2
FNH:0
DA:292,0
DA:293,0
DA:1214,0
DA:1223,0
LF:4
LH:0
end_of_record
TN:
SF:/usr/include/c++/13/ext/alloc_traits.h
FNF:0
FNH:0
DA:98,2862
LF:1
LH:1
end_of_record
TN:
SF:/usr/include/c++/13/ext/string_conversions.h
FN:101,118,_ZN9__gnu_cxx12__to_xstringINSt7__cxx1112basic_stringIcSt11char_traitsIcESaIcEEEcEET_PFiPT0_mPKS8_P13__va_list_tagEmSB_z
FNDA:4,_ZN9__gnu_cxx12__to_xstringINSt7__cxx1112basic_stringIcSt11char_traitsIcESaIcEEEcEET_PFiPT0_mPKS8_P13__va_list_tagEmSB_z
FNF:1
FNH:1
DA:101,4
DA:107,4
DA:111,4
DA:113,4
DA:115,4
DA:117,8
LF:6
LH:6
end_of_record
TN:
SF:/usr/include/c++/13/initializer_list
FN:69,69,_ZNKSt16initializer_listIiE4sizeEv
FN:73,73,_ZNKSt16initializer_listIiE5beginEv
FN:77,77,_ZNKSt16initializer_listIiE3endEv
FNDA:178331,_ZNKSt16initializer_listIiE4sizeEv
FNDA:356662,_ZNKSt16initializer_listIiE5beginEv
FNDA:178331,_ZNKSt16initializer_listIiE3endEv
FNF:3
FNH:3
DA:69,178331
DA:73,356662
DA:77,178331
LF:3
LH:3
end_of_record
TN:
SF:/usr/include/c++/13/new
FN:174,175,_ZnwmPv
FN:180,180,_ZdlPvS_
FNDA:0,_ZnwmPv
FNDA:0,_ZdlPvS_
FNF:2
FNH:0
DA:174,0
DA:175,0
DA:180,0
LF:3
LH:0
end_of_record
TN:
SF:/usr/include/c++/13/shared_mutex
FN:163,163,_ZNSt22__shared_mutex_pthreadC2Ev
FN:415,415,_ZNSt12shared_mutexC2Ev
FNDA:25,_ZNSt22__shared_mutex_pthreadC2Ev
FNDA:25,_ZNSt12shared_mutexC2Ev
FNF:2
FNH:2
DA:163,25
DA:415,25
LF:2
LH:2
end_of_record
TN:
SF:/usr/include/c++/13/tuple
FN:125,125,_ZNSt10_Head_baseILm1ESt14default_deleteINSt6thread6_StateEELb1EE7_M_headERS4_
FN:1317,1319,_ZNSt5tupleIJPNSt6thread6_StateESt14default_deleteIS1_EEEC2ILb1ELb1EEEv
FN:1787,1788,_ZSt12__get_helperILm0EM7StorageFbP10IContaineriiEJPS0_S2_iiEERT0_RSt11_Tuple_implIXT_EJS6_DpT1_EE
FN:1787,1788,_ZSt12__get_helperILm0EM7StorageFvP10IContainerRSt6vectorImSaImEEmEJPS0_S2_St17reference_wrapperIS5_EmEERT0_RSt11_Tuple_implIXT_EJSC_DpT1_EE
FN:1787,1788,_ZSt12__get_helperILm0EPNSt6thread6_StateEJSt14default_deleteIS1_EEERT0_RSt11_Tuple_implIXT_EJS5_DpT1_EE
FN:1787,1788,_ZSt12__get_helperILm1EP7StorageJP10IContainerSt17reference_wrapperISt6vectorImSaImEEEmEERT0_RSt11_Tuple_implIXT_EJS9_DpT1_EE
FN:1787,1788,_ZSt12__get_helperILm1EP7StorageJP10IContaineriiEERT0_RSt11_Tuple_implIXT_EJS4_DpT1_EE
FN:1787,1788,_ZSt12__get_helperILm1ESt14default_deleteINSt6thread6_StateEEJEERT0_RSt11_Tuple_implIXT_EJS4_DpT1_EE
FN:1787,1788,_ZSt12__get_helperILm2EP10IContainerJSt17reference_wrapperISt6vectorImSaImEEEmEERT0_RSt11_Tuple_implIXT_EJS7_DpT1_EE
FN:1787,1788,_ZSt12__get_helperILm2EP10IContainerJiiEERT0_RSt11_Tuple_implIXT_EJS2_DpT1_EE
FN:1787,1788,_ZSt12__get_helperILm3ESt17reference_wrapperISt6vectorImSaImEEEJmEERT0_RSt11_Tuple_implIXT_EJS5_DpT1_EE
FN:1787,1788,_ZSt12__get_helperILm3EiJiEERT0_RSt11_Tuple_implIXT_EJS0_DpT1_EE
FN:1787,1788,_ZSt12__get_helperILm4EiJEERT0_RSt11_Tuple_implIXT_EJS0_DpT1_EE
FN:1787,1788,_ZSt12__get_helperILm4EmJEERT0_RSt11_Tuple_implIXT_EJS0_DpT1_EE
FN:1803,1804,_ZSt3getILm0EJPNSt6thread6_StateESt14default_deleteIS1_EEERNSt13tuple_elementIXT_ESt5tupleIJDpT0_EEE4typeERS9_
FN:1803,1804,_ZSt3getILm1EJPNSt6thread6_StateESt14default_deleteIS1_EEERNSt13tuple_elementIXT_ESt5tupleIJDpT0_EEE4typeERS9_
FN:1815,1819,_ZSt3getILm0EJM7StorageFbP10IContaineriiEPS0_S2_iiEEONSt13tuple_elementIXT_ESt5tupleIJDpT0_EEE4typeEOSA_
FN:1815,1819,_ZSt3getILm0EJM7StorageFvP10IContainerRSt6vectorImSaImEEmEPS0_S2_St17reference_wrapperIS5_EmEEONSt13tuple_elementIXT_ESt5tupleIJDpT0_EEE4typeEOSG_
FN:1815,1819,_ZSt3getILm1EJM7StorageFbP10IContaineriiEPS0_S2_iiEEONSt13tuple_elementIXT_ESt5tupleIJDpT0_EEE4typeEOSA_
FN:1815,1819,_ZSt3getILm1EJM7StorageFvP10IContainerRSt6vectorImSaImEEmEPS0_S2_St17reference_wrapperIS5_EmEEONSt13tuple_elementIXT_ESt5tupleIJDpT0_EEE4typeEOSG_
FN:1815,1819,_ZSt3getILm2EJM7StorageFbP10IContaineriiEPS0_S2_iiEEONSt13tuple_elementIXT_ESt5tupleIJDpT0_EEE4typeEOSA_
FN:1815,1819,_ZSt3getILm2EJM7StorageFvP10IContainerRSt6vectorImSaImEEmEPS0_S2_St17reference_wrapperIS5_EmEEONSt13tuple_elementIXT_ESt5tupleIJDpT0_EEE4typeEOSG_
FN:1815,1819,_ZSt3getILm3EJM7StorageFbP10IContaineriiEPS0_S2_iiEEONSt13tuple_elementIXT_ESt5tupleIJDpT0_EEE4typeEOSA_
FN:1815,1819,_ZSt3getILm3EJM7StorageFvP10IContainerRSt6vectorImSaImEEmEPS0_S2_St17reference_wrapperIS5_EmEEONSt13tuple_elementIXT_ESt5tupleIJDpT0_EEE4typeEOSG_
FN:1815,1819,_ZSt3getILm4EJM7StorageFbP10IContaineriiEPS0_S2_iiEEONSt13tuple_elementIXT_ESt5tupleIJDpT0_EEE4typeEOSA_
FN:1815,1819,_ZSt3getILm4EJM7StorageFvP10IContainerRSt6vectorImSaImEEmEPS0_S2_St17reference_wrapperIS5_EmEEONSt13tuple_elementIXT_ESt5tupleIJDpT0_EEE4typeEOSG_
FN:190,191,_ZNSt10_Head_baseILm0EPNSt6thread6_StateELb0EEC2Ev
FN:200,201,_ZNSt10_Head_baseILm0EM7StorageFbP10IContaineriiELb0EEC2IS4_EEOT_
FN:200,201,_ZNSt10_Head_baseILm0EM7StorageFvP10IContainerRSt6vectorImSaImEEmELb0EEC2IS8_EEOT_
FN:200,201,_ZNSt10_Head_baseILm1EP7StorageLb0EEC2IS1_EEOT_
FN:200,201,_ZNSt10_Head_baseILm2EP10IContainerLb0EEC2IRS1_EEOT_
FN:200,201,_ZNSt10_Head_baseILm3ESt17reference_wrapperISt6vectorImSaImEEELb0EEC2IS4_EEOT_
FN:200,201,_ZNSt10_Head_baseILm3EiLb0EEC2IRiEEOT_
FN:200,201,_ZNSt10_Head_baseILm4EiLb0EEC2IRiEEOT_
FN:200,201,_ZNSt10_Head_baseILm4EmLb0EEC2IRmEEOT_
FN:234,234,_ZNSt10_Head_baseILm0EM7StorageFbP10IContaineriiELb0EE7_M_headERS5_
FN:234,234,_ZNSt10_Head_baseILm0EM7StorageFvP10IContainerRSt6vectorImSaImEEmELb0EE7_M_headERS9_
FN:234,234,_ZNSt10_Head_baseILm0EPNSt6thread6_StateELb0EE7_M_headERS3_
FN:234,234,_ZNSt10_Head_baseILm1EP7StorageLb0EE7_M_headERS2_
FN:234,234,_ZNSt10_Head_baseILm2EP10IContainerLb0EE7_M_headERS2_
FN:234,234,_ZNSt10_Head_baseILm3ESt17reference_wrapperISt6vectorImSaImEEELb0EE7_M_headERS5_
FN:234,234,_ZNSt10_Head_baseILm3EiLb0EE7_M_headERS0_
FN:234,234,_ZNSt10_Head_baseILm4EiLb0EE7_M_headERS0_
FN:234,234,_ZNSt10_Head_baseILm4EmLb0EE7_M_headERS0_
FN:269,269,_ZNSt11_Tuple_implILm0EJM7StorageFbP10IContaineriiEPS0_S2_iiEE7_M_headERS6_
FN:269,269,_ZNSt11_Tuple_implILm0EJM7StorageFvP10IContainerRSt6vectorImSaImEEmEPS0_S2_St17reference_wrapperIS5_EmEE7_M_headERSC_
FN:269,269,_ZNSt11_Tuple_implILm0EJPNSt6thread6_StateESt14default_deleteIS1_EEE7_M_headERS5_
FN:269,269,_ZNSt11_Tuple_implILm1EJP7StorageP10IContainerSt17reference_wrapperISt6vectorImSaImEEEmEE7_M_headERS9_
FN:269,269,_ZNSt11_Tuple_implILm1EJP7StorageP10IContaineriiEE7_M_headERS4_
FN:269,269,_ZNSt11_Tuple_implILm2EJP10IContainerSt17reference_wrapperISt6vectorImSaImEEEmEE7_M_headERS7_
FN:269,269,_ZNSt11_Tuple_implILm2EJP10IContaineriiEE7_M_headERS2_
FN:269,269,_ZNSt11_Tuple_implILm3EJSt17reference_wrapperISt6vectorImSaImEEEmEE7_M_headERS5_
FN:269,269,_ZNSt11_Tuple_implILm3EJiiEE7_M_headERS0_
FN:280,281,_ZNSt11_Tuple_implILm0EJPNSt6thread6_StateESt14default_deleteIS1_EEEC2Ev
FN:291,294,_ZNSt11_Tuple_implILm0EJM7StorageFbP10IContaineriiEPS0_S2_iiEEC2IS4_JS5_RS2_RiS9_EvEEOT_DpOT0_
FN:291,294,_ZNSt11_Tuple_implILm0EJM7StorageFvP10IContainerRSt6vectorImSaImEEmEPS0_S2_St17reference_wrapperIS5_EmEEC2IS8_JS9_RS2_SB_RmEvEEOT_DpOT0_
FN:291,294,_ZNSt11_Tuple_implILm1EJP7StorageP10IContainerSt17reference_wrapperISt6vectorImSaImEEEmEEC2IS1_JRS3_S8_RmEvEEOT_DpOT0_
FN:291,294,_ZNSt11_Tuple_implILm1EJP7StorageP10IContaineriiEEC2IS1_JRS3_RiS7_EvEEOT_DpOT0_
FN:291,294,_ZNSt11_Tuple_implILm2EJP10IContainerSt17reference_wrapperISt6vectorImSaImEEEmEEC2IRS1_JS6_RmEvEEOT_DpOT0_
FN:291,294,_ZNSt11_Tuple_implILm2EJP10IContaineriiEEC2IRS1_JRiS5_EvEEOT_DpOT0_
FN:291,294,_ZNSt11_Tuple_implILm3EJSt17reference_wrapperISt6vectorImSaImEEEmEEC2IS4_JRmEvEEOT_DpOT0_
FN:291,294,_ZNSt11_Tuple_implILm3EJiiEEC2IRiJS2_EvEEOT_DpOT0_
FN:497,497,_ZNSt11_Tuple_implILm1EJSt14default_deleteINSt6thread6_StateEEEE7_M_headERS4_
FN:497,497,_ZNSt11_Tuple_implILm4EJiEE7_M_headERS0_
FN:497,497,_ZNSt11_Tuple_implILm4EJmEE7_M_headERS0_
FN:503,504,_ZNSt11_Tuple_implILm1EJSt14default_deleteINSt6thread6_StateEEEEC2Ev
FN:513,515,_ZNSt11_Tuple_implILm4EJiEEC2IRiEEOT_
FN:513,515,_ZNSt11_Tuple_implILm4EJmEEC2IRmEEOT_
FN:81,82,_ZNSt10_Head_baseILm1ESt14default_deleteINSt6thread6_StateEELb1EEC2Ev
FN:889,891,_ZNSt5tupleIJM7StorageFbP10IContaineriiEPS0_S2_iiEEC2IJS4_S5_RS2_RiS9_ELb1ELb1EEEDpOT_
FN:889,891,_ZNSt5tupleIJM7StorageFvP10IContainerRSt6vectorImSaImEEmEPS0_S2_St17reference_wrapperIS5_EmEEC2IJS8_S9_RS2_SB_RmELb1ELb1EEEDpOT_
FNDA:0,_ZNSt10_Head_baseILm1ESt14default_deleteINSt6thread6_StateEELb1EE7_M_headERS4_
FNDA:161,_ZNSt5tupleIJPNSt6thread6_StateESt14default_deleteIS1_EEEC2ILb1ELb1EEEv
FNDA:155,_ZSt12__get_helperILm0EM7StorageFbP10IContaineriiEJPS0_S2_iiEERT0_RSt11_Tuple_implIXT_EJS6_DpT1_EE
FNDA:6,_ZSt12__get_helperILm0EM7StorageFvP10IContainerRSt6vectorImSaImEEmEJPS0_S2_St17reference_wrapperIS5_EmEERT0_RSt11_Tuple_implIXT_EJSC_DpT1_EE
FNDA:322,_ZSt12__get_helperILm0EPNSt6thread6_StateEJSt14default_deleteIS1_EEERT0_RSt11_Tuple_implIXT_EJS5_DpT1_EE
FNDA:6,_ZSt12__get_helperILm1EP7StorageJP10IContainerSt17reference_wrapperISt6vectorImSaImEEEmEERT0_RSt11_Tuple_implIXT_EJS9_DpT1_EE
FNDA:155,_ZSt12__get_helperILm1EP7StorageJP10IContaineriiEERT0_RSt11_Tuple_implIXT_EJS4_DpT1_EE
FNDA:0,_ZSt12__get_helperILm1ESt14default_deleteINSt6thread6_StateEEJEERT0_RSt11_Tuple_implIXT_EJS4_DpT1_EE
FNDA:6,_ZSt12__get_helperILm2EP10IContainerJSt17reference_wrapperISt6vectorImSaImEEEmEERT0_RSt11_Tuple_implIXT_EJS7_DpT1_EE
FNDA:155,_ZSt12__get_helperILm2EP10IContainerJiiEERT0_RSt11_Tuple_implIXT_EJS2_DpT1_EE
FNDA:6,_ZSt12__get_helperILm3ESt17reference_wrapperISt6vectorImSaImEEEJmEERT0_RSt11_Tuple_implIXT_EJS5_DpT1_EE
FNDA:155,_ZSt12__get_helperILm3EiJiEERT0_RSt11_Tuple_implIXT_EJS0_DpT1_EE
FNDA:155,_ZSt12__get_helperILm4EiJEERT0_RSt11_Tuple_implIXT_EJS0_DpT1_EE
FNDA:6,_ZSt12__get_helperILm4EmJEERT0_RSt11_Tuple_implIXT_EJS0_DpT1_EE
FNDA:322,_ZSt3getILm0EJPNSt6thread6_StateESt14default_deleteIS1_EEERNSt13tuple_elementIXT_ESt5tupleIJDpT0_EEE4typeERS9_
FNDA:0,_ZSt3getILm1EJPNSt6thread6_StateESt14default_deleteIS1_EEERNSt13tuple_elementIXT_ESt5tupleIJDpT0_EEE4typeERS9_
FNDA:155,_ZSt3getILm0EJM7StorageFbP10IContaineriiEPS0_S2_iiEEONSt13tuple_elementIXT_ESt5tupleIJDpT0_EEE4typeEOSA_
FNDA:6,_ZSt3getILm0EJM7StorageFvP10IContainerRSt6vectorImSaImEEmEPS0_S2_St17reference_wrapperIS5_EmEEONSt13tuple_elementIXT_ESt5tupleIJDpT0_EEE4typeEOSG_
FNDA:155,_ZSt3getILm1EJM7StorageFbP10IContaineriiEPS0_S2_iiEEONSt13tuple_elementIXT_ESt5tupleIJDpT0_EEE4typeEOSA_
FNDA:6,_ZSt3getILm1EJM7StorageFvP10IContainerRSt6vectorImSaImEEmEPS0_S2_St17reference_wrapperIS5_EmEEONSt13tuple_elementIXT_ESt5tupleIJDpT0_EEE4typeEOSG_
FNDA:155,_ZSt3getILm2EJM7StorageFbP10IContaineriiEPS0_S2_iiEEONSt13tuple_elementIXT_ESt5tupleIJDpT0_EEE4typeEOSA_
FNDA:6,_ZSt3getILm2EJM7StorageFvP10IContainerRSt6vectorImSaImEEmEPS0_S2_St17reference_wrapperIS5_EmEEONSt13tuple_elementIXT_ESt5tupleIJDpT0_EEE4typeEOSG_
FNDA:155,_ZSt3getILm3EJM7StorageFbP10IContaineriiEPS0_S2_iiEEONSt13tuple_elementIXT_ESt5tupleIJDpT0_EEE4typeEOSA_
FNDA:6,_ZSt3getILm3EJM7StorageFvP10IContainerRSt6vectorImSaImEEmEPS0_S2_St17reference_wrapperIS5_EmEEONSt13tuple_elementIXT_ESt5tupleIJDpT0_EEE4typeEOSG_
FNDA:155,_ZSt3getILm4EJM7StorageFbP10IContaineriiEPS0_S2_iiEEONSt13tuple_elementIXT_ESt5tupleIJDpT0_EEE4typeEOSA_
FNDA:6,_ZSt3getILm4EJM7StorageFvP10IContainerRSt6vectorImSaImEEmEPS0_S2_St17reference_wrapperIS5_EmEEONSt13tuple_elementIXT_ESt5tupleIJDpT0_EEE4typeEOSG_
FNDA:161,_ZNSt10_Head_baseILm0EPNSt6thread6_StateELb0EEC2Ev
FNDA:155,_ZNSt10_Head_baseILm0EM7StorageFbP10IContaineriiELb0EEC2IS4_EEOT_
FNDA:6,_ZNSt10_Head_baseILm0EM7StorageFvP10IContainerRSt6vectorImSaImEEmELb0EEC2IS8_EEOT_
FNDA:161,_ZNSt10_Head_baseILm1EP7StorageLb0EEC2IS1_EEOT_
FNDA:161,_ZNSt10_Head_baseILm2EP10IContainerLb0EEC2IRS1_EEOT_
FNDA:6,_ZNSt10_Head_baseILm3ESt17reference_wrapperISt6vectorImSaImEEELb0EEC2IS4_EEOT_
FNDA:155,_ZNSt10_Head_baseILm3EiLb0EEC2IRiEEOT_
FNDA:155,_ZNSt10_Head_baseILm4EiLb0EEC2IRiEEOT_
FNDA:6,_ZNSt10_Head_baseILm4EmLb0EEC2IRmEEOT_
FNDA:155,_ZNSt10_Head_baseILm0EM7StorageFbP10IContaineriiELb0EE7_M_headERS5_
FNDA:6,_ZNSt10_Head_baseILm0EM7StorageFvP10IContainerRSt6vectorImSaImEEmELb0EE7_M_headERS9_
FNDA:322,_ZNSt10_Head_baseILm0EPNSt6thread6_StateELb0EE7_M_headERS3_
FNDA:161,_ZNSt10_Head_baseILm1EP7StorageLb0EE7_M_headERS2_
FNDA:161,_ZNSt10_Head_baseILm2EP10IContainerLb0EE7_M_headERS2_
FNDA:6,_ZNSt10_Head_baseILm3ESt17reference_wrapperISt6vectorImSaImEEELb0EE7_M_headERS5_
FNDA:155,_ZNSt10_Head_baseILm3EiLb0EE7_M_headERS0_
FNDA:155,_ZNSt10_Head_baseILm4EiLb0EE7_M_headERS0_
FNDA:6,_ZNSt10_Head_baseILm4EmLb0EE7_M_headERS0_
FNDA:155,_ZNSt11_Tuple_implILm0EJM7StorageFbP10IContaineriiEPS0_S2_iiEE7_M_headERS6_
FNDA:6,_ZNSt11_Tuple_implILm0EJM7StorageFvP10IContainerRSt6vectorImSaImEEmEPS0_S2_St17reference_wrapperIS5_EmEE7_M_headERSC_
FNDA:322,_ZNSt11_Tuple_implILm0EJPNSt6thread6_StateESt14default_deleteIS1_EEE7_M_headERS5_
FNDA:6,_ZNSt11_Tuple_implILm1EJP7StorageP10IContainerSt17reference_wrapperISt6vectorImSaImEEEmEE7_M_headERS9_
FNDA:155,_ZNSt11_Tuple_implILm1EJP7StorageP10IContaineriiEE7_M_headERS4_
FNDA:6,_ZNSt11_Tuple_implILm2EJP10IContainerSt17reference_wrapperISt6vectorImSaImEEEmEE7_M_headERS7_
FNDA:155,_ZNSt11_Tuple_implILm2EJP10IContaineriiEE7_M_headERS2_
FNDA:6,_ZNSt11_Tuple_implILm3EJSt17reference_wrapperISt6vectorImSaImEEEmEE7_M_headERS5_
FNDA:155,_ZNSt11_Tuple_implILm3EJiiEE7_M_headERS0_
FNDA:161,_ZNSt11_Tuple_implILm0EJPNSt6thread6_StateESt14default_deleteIS1_EEEC2Ev
FNDA:155,_ZNSt11_Tuple_implILm0EJM7StorageFbP10IContaineriiEPS0_S2_iiEEC2IS4_JS5_RS2_RiS9_EvEEOT_DpOT0_
FNDA:6,_ZNSt11_Tuple_implILm0EJM7StorageFvP10IContainerRSt6vectorImSaImEEmEPS0_S2_St17reference_wrapperIS5_EmEEC2IS8_JS9_RS2_SB_RmEvEEOT_DpOT0_
FNDA:6,_ZNSt11_Tuple_implILm1EJP7StorageP10IContainerSt17reference_wrapperISt6vectorImSaImEEEmEEC2IS1_JRS3_S8_RmEvEEOT_DpOT0_
FNDA:155,_ZNSt11_Tuple_implILm1EJP7StorageP10IContaineriiEEC2IS1_JRS3_RiS7_EvEEOT_DpOT0_
FNDA:6,_ZNSt11_Tuple_implILm2EJP10IContainerSt17reference_wrapperISt6vectorImSaImEEEmEEC2IRS1_JS6_RmEvEEOT_DpOT0_
FNDA:155,_ZNSt11_Tuple_implILm2EJP10IContaineriiEEC2IRS1_JRiS5_EvEEOT_DpOT0_
FNDA:6,_ZNSt11_Tuple_implILm3EJSt17reference_wrapperISt6vectorImSaImEEEmEEC2IS4_JRmEvEEOT_DpOT0_
FNDA:155,_ZNSt11_Tuple_implILm3EJiiEEC2IRiJS2_EvEEOT_DpOT0_
FNDA:0,_ZNSt11_Tuple_implILm1EJSt14default_deleteINSt6thread6_StateEEEE7_M_headERS4_
FNDA:155,_ZNSt11_Tuple_implILm4EJiEE7_M_headERS0_
FNDA:6,_ZNSt11_Tuple_implILm4EJmEE7_M_headERS0_
FNDA:161,_ZNSt11_Tuple_implILm1EJSt14default_deleteINSt6thread6_StateEEEEC2Ev
FNDA:155,_ZNSt11_Tuple_implILm4EJiEEC2IRiEEOT_
FNDA:6,_ZNSt11_Tuple_implILm4EJmEEC2IRmEEOT_
FNDA:161,_ZNSt10_Head_baseILm1ESt14default_deleteINSt6thread6_StateEELb1EEC2Ev
FNDA:155,_ZNSt5tupleIJM7StorageFbP10IContaineriiEPS0_S2_iiEEC2IJS4_S5_RS2_RiS9_ELb1ELb1EEEDpOT_
FNDA:6,_ZNSt5tupleIJM7StorageFvP10IContainerRSt6vectorImSaImEEmEPS0_S2_St17reference_wrapperIS5_EmEEC2IJS8_S9_RS2_SB_RmELb1ELb1EEEDpOT_
FNF:71
FNH:67
DA:81,161
DA:82,161
DA:125,0
DA:190,161
DA:191,161
DA:200,805
DA:201,805
DA:234,1127
DA:269,966
DA:280,161
DA:281,161
DA:291,644
DA:293,644
DA:294,644
DA:497,161
DA:503,161
DA:504,161
DA:513,161
DA:514,161
DA:515,161
DA:889,161
DA:891,161
DA:1317,161
DA:1319,161
DA:1787,1127
DA:1788,1127
DA:1803,322
DA:1804,322
DA:1815,805
DA:1818,805
LF:30
LH:29
end_of_record
TN:
SF:/usr/include/c++/13/type_traits
FN:3649,3656,_ZSt21is_constant_evaluatedv
FNDA:0,_ZSt21is_constant_evaluatedv
FNF:1
FNH:0
DA:3649,0
DA:3654,0
LF:2
LH:0
end_of_record
TN:
SF:/usr/include/x86_64-linux-gnu/c++/13/bits/c++config.h
FN:540,551,_ZSt23__is_constant_evaluatedv
FNDA:0,_ZSt23__is_constant_evaluatedv
FNF:1
FNH:0
DA:322,0
DA:540,0
DA:547,0
LF:3
LH:0
end_of_record
TN:
SF:/usr/include/x86_64-linux-gnu/c++/13/bits/gthr-default.h
FN:300,303,_ZL18__gthread_active_pv
FN:746,752,_ZL20__gthread_mutex_lockP15pthread_mutex_t
FN:776,782,_ZL22__gthread_mutex_unlockP15pthread_mutex_t
FNDA:18624,_ZL18__gthread_active_pv
FNDA:9312,_ZL20__gthread_mutex_lockP15pthread_mutex_t
FNDA:9312,_ZL22__gthread_mutex_unlockP15pthread_mutex_t
FNF:3
FNH:3
DA:300,18624
DA:302,18624
DA:746,9312
DA:748,9312
DA:749,9312
DA:751,0
DA:776,9312
DA:778,9312
DA:779,9312
DA:781,0
LF:10
LH:8
end_of_record
