TN:
SF:/mnt/c/л3/Lab3OOP/Checker/Checker.hpp
FN:25,25,_ZN7CheckerIiEC2Ev
FN:27,28,_ZN7CheckerIiEC2ERKS0_
FN:30,32,_ZN7CheckerIiE16addCheckFunctionESt8functionIFvR7StorageP10IContainer17ContainerPositionIiEEE
FN:43,47,_ZNK7CheckerIiE11applyChecksER7StorageP10IContainer17ContainerPositionIiE
FNDA:22,_ZN7CheckerIiEC2Ev
FNDA:10,_ZN7CheckerIiEC2ERKS0_
FNDA:29,_ZN7CheckerIiE16addCheckFunctionESt8functionIFvR7StorageP10IContainer17ContainerPositionIiEEE
FNDA:176,_ZNK7CheckerIiE11applyChecksER7StorageP10IContainer17ContainerPositionIiE
FNF:4
FNH:4
DA:25,22
DA:27,10
DA:28,10
DA:30,29
DA:31,29
DA:32,29
DA:43,176
DA:44,324
DA:45,158
DA:47,166
LF:10
LH:10
end_of_record
TN:
SF:/mnt/c/л3/Lab3OOP/Octree/ContainerPosition.hpp
FN:12,12,_ZN17ContainerPositionIiEC2Ev
FN:18,23,_ZNK17ContainerPositionIiEeqERKS0_
FNDA:0,_ZN17ContainerPositionIiEC2Ev
FNDA:84,_ZNK17ContainerPositionIiEeqERKS0_
FNF:2
FNH:1
DA:12,0
DA:18,84
DA:19,190
DA:20,159
DA:21,159
DA:22,190
LF:6
LH:5
end_of_record
TN:
SF:/mnt/c/л3/Lab3OOP/Octree/Octree.hpp
FN:114,118,_ZN6OctreeIiP10IContainer17ContainerPositionIiEE8iteratorC2EPNS4_4NodeE
FN:120,122,_ZN6OctreeIiP10IContainer17ContainerPositionIiEE8iteratordeEv
FN:125,135,_ZN6OctreeIiP10IContainer17ContainerPositionIiEE8iteratorppEv
FN:138,140,_ZNK6OctreeIiP10IContainer17ContainerPositionIiEE8iteratorneERKS5_
FN:147,150,_ZN6OctreeIiP10IContainer17ContainerPositionIiEEC2ER11BoundingBoxIiEi
FN:153,155,_ZN6OctreeIiP10IContainer17ContainerPositionIiEED2Ev
FN:163,165,_ZN6OctreeIiP10IContainer17ContainerPositionIiEE5beginEv
FN:167,169,_ZN6OctreeIiP10IContainer17ContainerPositionIiEE3endEv
FN:172,181,_ZN6OctreeIiP10IContainer17ContainerPositionIiEE6insertES1_RS3_PNS4_4NodeE
FN:184,264,_ZN6OctreeIiP10IContainer17ContainerPositionIiEE5splitEPNS4_4NodeE
FN:267,270,_ZN6OctreeIiP10IContainer17ContainerPositionIiEE5CloneEv
FN:274,282,_ZN6OctreeIiP10IContainer17ContainerPositionIiEE6removeENSt7__cxx1112basic_stringIcSt11char_traitsIcESaIcEEE
FN:285,289,_ZN6OctreeIiP10IContainer17ContainerPositionIiEE6searchENSt7__cxx1112basic_stringIcSt11char_traitsIcESaIcEEE
FN:292,296,_ZN6OctreeIiP10IContainer17ContainerPositionIiEE5findIENSt7__cxx1112basic_stringIcSt11char_traitsIcESaIcEEE
FN:299,303,_ZN6OctreeIiP10IContainer17ContainerPositionIiEE11searchDepthEv
FN:306,312,_ZN6OctreeIiP10IContainer17ContainerPositionIiEE12SearchInsertES1_S3_
FN:320,323,_ZN6OctreeIiP10IContainer17ContainerPositionIiEE7getMinXERS3_
FN:326,329,_ZN6OctreeIiP10IContainer17ContainerPositionIiEE7getMaxXERS3_
FN:332,335,_ZN6OctreeIiP10IContainer17ContainerPositionIiEE7getMinYERS3_
FN:338,341,_ZN6OctreeIiP10IContainer17ContainerPositionIiEE7getMaxYERS3_
FN:344,347,_ZN6OctreeIiP10IContainer17ContainerPositionIiEE7getMinZERS3_
FN:350,353,_ZN6OctreeIiP10IContainer17ContainerPositionIiEE7getMaxZERS3_
FN:356,359,_ZN6OctreeIiP10IContainer17ContainerPositionIiEE7getMinXERKS3_
FN:361,364,_ZN6OctreeIiP10IContainer17ContainerPositionIiEE7getMaxXERKS3_
FN:367,370,_ZN6OctreeIiP10IContainer17ContainerPositionIiEE7getMinYERKS3_
FN:373,376,_ZN6OctreeIiP10IContainer17ContainerPositionIiEE7getMaxYERKS3_
FN:380,383,_ZN6OctreeIiP10IContainer17ContainerPositionIiEE7getMinZERKS3_
FN:386,389,_ZN6OctreeIiP10IContainer17ContainerPositionIiEE7getMaxZERKS3_
FN:397,407,_ZN6OctreeIiP10IContainer17ContainerPositionIiEE16pointincontainerER5PointIiERS3_
FN:413,423,_ZN6OctreeIiP10IContainer17ContainerPositionIiEE14searchUnderOctEPNS4_4NodeERSt6vectorISt4pairIS3_S1_ESaIS9_EE
FN:426,443,_ZN6OctreeIiP10IContainer17ContainerPositionIiEE5findIENSt7__cxx1112basic_stringIcSt11char_traitsIcESaIcEEEPNS4_4NodeEPSt4pairIS3_S1_E
FN:446,456,_ZN6OctreeIiP10IContainer17ContainerPositionIiEE11searchDepthEPNS4_4NodeERSt6vectorISt4pairIS3_S1_ESaIS9_EE
FN:459,492,_ZN6OctreeIiP10IContainer17ContainerPositionIiEE12SearchInsertES1_S3_PNS4_4NodeEPS6_RSt6vectorISt4pairIS3_S1_ESaISA_EERb
FN:495,512,_ZN6OctreeIiP10IContainer17ContainerPositionIiEE7searchRENSt7__cxx1112basic_stringIcSt11char_traitsIcESaIcEEEPNS4_4NodeEPSC_
FN:515,538,_ZN6OctreeIiP10IContainer17ContainerPositionIiEE7removeRENSt7__cxx1112basic_stringIcSt11char_traitsIcESaIcEEEPNS4_4NodeERb
FN:541,562,_ZNK6OctreeIiP10IContainer17ContainerPositionIiEE13ContainEntityES3_S3_
FN:55,55,_ZN11BoundingBoxIiEC2ERK5PointIiES4_
FN:565,572,_ZNK6OctreeIiP10IContainer17ContainerPositionIiEE14checkCollisionES1_S3_St6vectorISt4pairIS3_S1_ESaIS7_EE
FN:57,59,_ZNK11BoundingBoxIiE8containsER5PointIiE
FN:586,588,_ZNK6OctreeIiP10IContainer17ContainerPositionIiEE6numberB5cxx11ERK5PointIiE
FN:80,80,_ZN6OctreeIiP10IContainer17ContainerPositionIiEE4NodeC2ER11BoundingBoxIiEi
FN:81,88,_ZN6OctreeIiP10IContainer17ContainerPositionIiEE4NodeD2Ev
FN:90,92,_ZNK6OctreeIiP10IContainer17ContainerPositionIiEE4Node6isLeafEv
FNDA:0,_ZN6OctreeIiP10IContainer17ContainerPositionIiEE8iteratorC2EPNS4_4NodeE
FNDA:0,_ZN6OctreeIiP10IContainer17ContainerPositionIiEE8iteratordeEv
FNDA:0,_ZN6OctreeIiP10IContainer17ContainerPositionIiEE8iteratorppEv
FNDA:0,_ZNK6OctreeIiP10IContainer17ContainerPositionIiEE8iteratorneERKS5_
FNDA:24,_ZN6OctreeIiP10IContainer17ContainerPositionIiEEC2ER11BoundingBoxIiEi
FNDA:0,_ZN6OctreeIiP10IContainer17ContainerPositionIiEED2Ev
FNDA:0,_ZN6OctreeIiP10IContainer17ContainerPositionIiEE5beginEv
FNDA:0,_ZN6OctreeIiP10IContainer17ContainerPositionIiEE3endEv
FNDA:170,_ZN6OctreeIiP10IContainer17ContainerPositionIiEE6insertES1_RS3_PNS4_4NodeE
FNDA:29,_ZN6OctreeIiP10IContainer17ContainerPositionIiEE5splitEPNS4_4NodeE
FNDA:10,_ZN6OctreeIiP10IContainer17ContainerPositionIiEE5CloneEv
FNDA:12,_ZN6OctreeIiP10IContainer17ContainerPositionIiEE6removeENSt7__cxx1112basic_stringIcSt11char_traitsIcESaIcEEE
FNDA:15,_ZN6OctreeIiP10IContainer17ContainerPositionIiEE6searchENSt7__cxx1112basic_stringIcSt11char_traitsIcESaIcEEE
FNDA:0,_ZN6OctreeIiP10IContainer17ContainerPositionIiEE5findIENSt7__cxx1112basic_stringIcSt11char_traitsIcESaIcEEE
FNDA:76,_ZN6OctreeIiP10IContainer17ContainerPositionIiEE11searchDepthEv
FNDA:5805,_ZN6OctreeIiP10IContainer17ContainerPositionIiEE12SearchInsertES1_S3_
FNDA:24836,_ZN6OctreeIiP10IContainer17ContainerPositionIiEE7getMinXERS3_
FNDA:23141,_ZN6OctreeIiP10IContainer17ContainerPositionIiEE7getMaxXERS3_
FNDA:22615,_ZN6OctreeIiP10IContainer17ContainerPositionIiEE7getMinYERS3_
FNDA:22471,_ZN6OctreeIiP10IContainer17ContainerPositionIiEE7getMaxYERS3_
FNDA:22322,_ZN6OctreeIiP10IContainer17ContainerPositionIiEE7getMinZERS3_
FNDA:22259,_ZN6OctreeIiP10IContainer17ContainerPositionIiEE7getMaxZERS3_
FNDA:175,_ZN6OctreeIiP10IContainer17ContainerPositionIiEE7getMinXERKS3_
FNDA:134,_ZN6OctreeIiP10IContainer17ContainerPositionIiEE7getMaxXERKS3_
FNDA:117,_ZN6OctreeIiP10IContainer17ContainerPositionIiEE7getMinYERKS3_
FNDA:105,_ZN6OctreeIiP10IContainer17ContainerPositionIiEE7getMaxYERKS3_
FNDA:26,_ZN6OctreeIiP10IContainer17ContainerPositionIiEE7getMinZERKS3_
FNDA:72,_ZN6OctreeIiP10IContainer17ContainerPositionIiEE7getMaxZERKS3_
FNDA:117,_ZN6OctreeIiP10IContainer17ContainerPositionIiEE16pointincontainerER5PointIiERS3_
FNDA:27294,_ZN6OctreeIiP10IContainer17ContainerPositionIiEE14searchUnderOctEPNS4_4NodeERSt6vectorISt4pairIS3_S1_ESaIS9_EE
FNDA:0,_ZN6OctreeIiP10IContainer17ContainerPositionIiEE5findIENSt7__cxx1112basic_stringIcSt11char_traitsIcESaIcEEEPNS4_4NodeEPSt4pairIS3_S1_E
FNDA:14508,_ZN6OctreeIiP10IContainer17ContainerPositionIiEE11searchDepthEPNS4_4NodeERSt6vectorISt4pairIS3_S1_ESaIS9_EE
FNDA:6716,_ZN6OctreeIiP10IContainer17ContainerPositionIiEE12SearchInsertES1_S3_PNS4_4NodeEPS6_RSt6vectorISt4pairIS3_S1_ESaISA_EERb
FNDA:367,_ZN6OctreeIiP10IContainer17ContainerPositionIiEE7searchRENSt7__cxx1112basic_stringIcSt11char_traitsIcESaIcEEEPNS4_4NodeEPSC_
FNDA:228,_ZN6OctreeIiP10IContainer17ContainerPositionIiEE7removeRENSt7__cxx1112basic_stringIcSt11char_traitsIcESaIcEEEPNS4_4NodeERb
FNDA:13602,_ZNK6OctreeIiP10IContainer17ContainerPositionIiEE13ContainEntityES3_S3_
FNDA:246,_ZN11BoundingBoxIiEC2ERK5PointIiES4_
FNDA:2685,_ZNK6OctreeIiP10IContainer17ContainerPositionIiEE14checkCollisionES1_S3_St6vectorISt4pairIS3_S1_ESaIS7_EE
FNDA:29882,_ZNK11BoundingBoxIiE8containsER5PointIiE
FNDA:0,_ZNK6OctreeIiP10IContainer17ContainerPositionIiEE6numberB5cxx11ERK5PointIiE
FNDA:256,_ZN6OctreeIiP10IContainer17ContainerPositionIiEE4NodeC2ER11BoundingBoxIiEi
FNDA:0,_ZN6OctreeIiP10IContainer17ContainerPositionIiEE4NodeD2Ev
FNDA:0,_ZNK6OctreeIiP10IContainer17ContainerPositionIiEE4Node6isLeafEv
FNF:43
FNH:31
DA:55,246
DA:57,29882
DA:58,29882
DA:80,256
DA:81,0
DA:82,0
DA:83,0
DA:85,0
DA:86,0
DA:88,0
DA:90,0
DA:91,0
DA:114,0
DA:115,0
DA:116,0
DA:118,0
DA:120,0
DA:121,0
DA:125,0
DA:126,0
DA:127,0
DA:128,0
DA:129,0
DA:130,0
DA:131,0
DA:134,0
DA:138,0
DA:139,0
DA:147,24
DA:148,24
DA:149,24
DA:150,24
DA:153,0
DA:154,0
DA:155,0
DA:163,0
DA:164,0
DA:167,0
DA:168,0
DA:172,170
DA:173,170
DA:174,0
DA:176,170
DA:177,170
DA:178,29
DA:180,170
DA:184,29
DA:185,29
DA:186,29
DA:188,29
DA:189,29
DA:190,29
DA:192,29
DA:193,29
DA:194,29
DA:195,29
DA:196,29
DA:199,29
DA:200,29
DA:201,29
DA:202,29
DA:203,29
DA:206,29
DA:207,29
DA:208,29
DA:209,29
DA:210,29
DA:213,29
DA:214,29
DA:215,29
DA:216,29
DA:217,29
DA:220,29
DA:221,29
DA:222,29
DA:223,29
DA:224,29
DA:227,29
DA:228,29
DA:229,29
DA:230,29
DA:231,29
DA:234,29
DA:235,29
DA:236,29
DA:237,29
DA:238,29
DA:241,29
DA:242,29
DA:243,29
DA:244,29
DA:245,29
DA:248,66
DA:249,78
DA:250,113
DA:251,75
DA:252,71
DA:253,68
DA:254,68
DA:255,68
DA:256,147
DA:257,34
DA:258,34
DA:259,34
DA:260,34
DA:264,29
DA:267,10
DA:268,10
DA:269,10
DA:274,12
DA:275,12
DA:276,12
DA:277,12
DA:278,0
DA:280,12
DA:281,12
DA:285,15
DA:286,15
DA:287,15
DA:288,15
DA:292,0
DA:293,0
DA:294,0
DA:295,0
DA:299,76
DA:300,76
DA:301,76
DA:302,76
DA:303,0
DA:306,5805
DA:307,5805
DA:308,5805
DA:309,5805
DA:310,5765
DA:311,5791
DA:312,5792
DA:320,24836
DA:322,24836
DA:326,23141
DA:328,23141
DA:332,22615
DA:334,22615
DA:338,22471
DA:340,22471
DA:344,22322
DA:346,22322
DA:350,22259
DA:352,22259
DA:356,175
DA:358,175
DA:361,134
DA:363,134
DA:367,117
DA:369,117
DA:373,105
DA:375,105
DA:380,26
DA:382,26
DA:386,72
DA:388,72
DA:397,117
DA:400,117
DA:401,117
DA:402,117
DA:403,117
DA:404,117
DA:405,117
DA:406,117
DA:413,27294
DA:414,27294
DA:415,24332
DA:417,2962
DA:418,2627
DA:420,27850
DA:421,24747
DA:426,0
DA:427,0
DA:428,0
DA:430,0
DA:431,0
DA:432,0
DA:433,0
DA:434,0
DA:438,0
DA:439,0
DA:440,0
DA:446,14508
DA:447,14508
DA:448,12704
DA:450,1804
DA:451,184
DA:453,16236
DA:454,14432
DA:459,6716
DA:460,6716
DA:461,0
DA:463,12608
DA:464,3130
DA:465,2854
DA:466,12618
DA:467,3969
DA:469,2793
DA:470,2664
DA:472,2765
DA:473,1080
DA:474,960
DA:477,2764
DA:479,2663
DA:481,2686
DA:482,176
DA:483,176
DA:485,2521
DA:486,2521
DA:488,101
DA:489,60
DA:491,41
DA:495,367
DA:496,367
DA:497,0
DA:499,367
DA:500,94
DA:501,60
DA:502,12
DA:503,12
DA:507,355
DA:508,396
DA:509,352
DA:515,228
DA:516,228
DA:517,0
DA:519,228
DA:520,68
DA:522,160
DA:523,59
DA:524,40
DA:525,12
DA:526,12
DA:527,12
DA:528,12
DA:532,148
DA:533,243
DA:534,216
DA:541,13602
DA:543,13602
DA:544,12586
DA:545,12276
DA:546,12225
DA:547,12228
DA:548,12227
DA:551,12281
DA:552,12290
DA:553,12236
DA:554,12250
DA:555,12274
DA:556,12241
DA:559,9888
DA:560,25134
DA:561,15246
DA:565,2685
DA:566,12923
DA:567,12805
DA:568,2455
DA:571,176
DA:586,0
DA:587,0
LF:265
LH:211
end_of_record
TN:
SF:/mnt/c/л3/Lab3OOP/Octree/Point.hpp
FN:17,17,_ZN5PointIiEC2Eiii
FN:18,18,_ZN5PointIiEC2Ev
FN:9,11,_ZNK5PointIiEeqERKS0_
FNDA:554,_ZN5PointIiEC2Eiii
FNDA:0,_ZN5PointIiEC2Ev
FNDA:455,_ZNK5PointIiEeqERKS0_
FNF:3
FNH:2
DA:9,455
DA:10,455
DA:17,554
DA:18,0
LF:4
LH:3
end_of_record
TN:
SF:/mnt/c/л3/Lab3OOP/Storage/Storage.cpp
FN:105,120,_ZN7Storage7getSizeEiii
FN:125,167,_ZN7Storage26calculateContainerPositionEiiiiii
FN:13,24,_ZN7Storage14calculateDepthEv
FN:14,21,_ZZN7Storage14calculateDepthEvENKUliE_clEi
FN:170,193,_ZN7Storage20searchUnderContainerER17ContainerPositionIiE
FN:196,219,_ZN7Storage20searchUpperContainerER17ContainerPositionIiE
FN:223,231,_ZN7Storage13calculatemassESt6vectorISt4pairI17ContainerPositionIiEP10IContainerESaIS6_EEm
FN:234,259,_ZN7Storage12checkSupportER17ContainerPositionIiESt6vectorISt4pairIS1_P10IContainerESaIS7_EE
FN:261,273,_ZN7Storage12addContainerEP10IContaineriii
FN:27,29,_ZN7Storage24addExternalCheckFunctionERKSt8functionIFvRS_P10IContainer17ContainerPositionIiEEE
FN:278,282,_ZNK7Storage19getInfoAboutStorageB5cxx11Ev
FN:286,307,_ZN7Storage7isNoTopERK17ContainerPositionIiE
FN:311,341,_ZN7Storage13moveContainerENSt7__cxx1112basic_stringIcSt11char_traitsIcESaIcEEEiii
FN:32,44,_ZN7Storage5checkEv
FN:345,385,_ZN7Storage15rotateContainerENSt7__cxx1112basic_stringIcSt11char_traitsIcESaIcEEEi
FN:388,409,_ZN7Storage10multitreadEP10IContaineriii
FN:411,428,_ZN7Storage13addContainerREP10IContainerii
FN:430,445,_ZN7Storage12addContainerB5cxx11EP10IContainer
FN:448,507,_ZN7Storage15removeContainerENSt7__cxx1112basic_stringIcSt11char_traitsIcESaIcEEE
FN:47,61,_ZN7StorageC2Eiiiid
FN:510,524,_ZNK7Storage7getInfoB5cxx11Ev
FN:527,543,_ZN7Storage9howContaiEP10IContainerRSt6vectorImSaImEEm
FN:546,556,_ZN7Storage12howContainerEP10IContainer
FN:55,57,_ZZN7StorageC4EiiiidENKUlRS_P10IContainer17ContainerPositionIiEE_clES0_S2_S4_
FN:555,555,_ZZN7Storage12howContainerEP10IContainerENKUliiE_clEii
FN:559,569,_ZNK7Storage17getListContainersB5cxx11Ev
FN:572,579,_ZN7Storage16checkTemperatureERS_P10IContainer17ContainerPositionIiE
FN:58,60,_ZZN7StorageC4EiiiidENKUlRS_P10IContainer17ContainerPositionIiEE0_clES0_S2_S4_
FN:582,598,_ZN7Storage13checkPressureERS_P10IContainer17ContainerPositionIiE
FN:64,66,_ZN7Storage15comparePositionERSt4pairI17ContainerPositionIiEP10IContainerES6_
FN:69,71,_ZN7Storage22comparePositionReverseERSt4pairI17ContainerPositionIiEP10IContainerES6_
FN:74,90,_ZN7StorageaSERKS_
FN:93,102,_ZN7StorageC2ERKS_
FNDA:3,_ZN7Storage7getSizeEiii
FNDA:5776,_ZN7Storage26calculateContainerPositionEiiiiii
FNDA:14,_ZN7Storage14calculateDepthEv
FNDA:42,_ZZN7Storage14calculateDepthEvENKUliE_clEi
FNDA:41,_ZN7Storage20searchUnderContainerER17ContainerPositionIiE
FNDA:5,_ZN7Storage20searchUpperContainerER17ContainerPositionIiE
FNDA:24,_ZN7Storage13calculatemassESt6vectorISt4pairI17ContainerPositionIiEP10IContainerESaIS6_EEm
FNDA:40,_ZN7Storage12checkSupportER17ContainerPositionIiESt6vectorISt4pairIS1_P10IContainerESaIS7_EE
FNDA:84,_ZN7Storage12addContainerEP10IContaineriii
FNDA:1,_ZN7Storage24addExternalCheckFunctionERKSt8functionIFvRS_P10IContainer17ContainerPositionIiEEE
FNDA:4,_ZNK7Storage19getInfoAboutStorageB5cxx11Ev
FNDA:6,_ZN7Storage7isNoTopERK17ContainerPositionIiE
FNDA:5,_ZN7Storage13moveContainerENSt7__cxx1112basic_stringIcSt11char_traitsIcESaIcEEEiii
FNDA:0,_ZN7Storage5checkEv
FNDA:5,_ZN7Storage15rotateContainerENSt7__cxx1112basic_stringIcSt11char_traitsIcESaIcEEEi
FNDA:5710,_ZN7Storage10multitreadEP10IContaineriii
FNDA:107,_ZN7Storage13addContainerREP10IContainerii
FNDA:98,_ZN7Storage12addContainerB5cxx11EP10IContainer
FNDA:6,_ZN7Storage15removeContainerENSt7__cxx1112basic_stringIcSt11char_traitsIcESaIcEEE
FNDA:14,_ZN7StorageC2Eiiiid
FNDA:9,_ZNK7Storage7getInfoB5cxx11Ev
FNDA:6,_ZN7Storage9howContaiEP10IContainerRSt6vectorImSaImEEm
FNDA:1,_ZN7Storage12howContainerEP10IContainer
FNDA:80,_ZZN7StorageC4EiiiidENKUlRS_P10IContainer17ContainerPositionIiEE_clES0_S2_S4_
FNDA:6,_ZZN7Storage12howContainerEP10IContainerENKUliiE_clEii
FNDA:3,_ZNK7Storage17getListContainersB5cxx11Ev
FNDA:80,_ZN7Storage16checkTemperatureERS_P10IContainer17ContainerPositionIiE
FNDA:78,_ZZN7StorageC4EiiiidENKUlRS_P10IContainer17ContainerPositionIiEE0_clES0_S2_S4_
FNDA:78,_ZN7Storage13checkPressureERS_P10IContainer17ContainerPositionIiE
FNDA:95,_ZN7Storage15comparePositionERSt4pairI17ContainerPositionIiEP10IContainerES6_
FNDA:4,_ZN7Storage22comparePositionReverseERSt4pairI17ContainerPositionIiEP10IContainerES6_
FNDA:2,_ZN7StorageaSERKS_
FNDA:8,_ZN7StorageC2ERKS_
FNF:33
FNH:32
DA:13,14
DA:14,42
DA:15,42
DA:16,113
DA:17,71
DA:18,71
DA:20,42
DA:22,14
DA:27,1
DA:28,1
DA:29,1
DA:32,0
DA:33,0
DA:34,0
DA:35,0
DA:36,0
DA:38,0
DA:39,0
DA:40,0
DA:43,0
DA:44,0
DA:47,14
DA:48,14
DA:49,14
DA:50,14
DA:51,14
DA:52,14
DA:53,14
DA:54,14
DA:55,14
DA:56,80
DA:57,78
DA:58,14
DA:59,78
DA:60,70
DA:61,14
DA:64,95
DA:65,95
DA:69,4
DA:70,4
DA:74,2
DA:75,2
DA:76,2
DA:77,2
DA:78,2
DA:79,2
DA:80,2
DA:81,2
DA:82,2
DA:83,2
DA:84,12
DA:85,10
DA:87,2
DA:88,2
DA:89,2
DA:93,8
DA:94,8
DA:95,8
DA:96,8
DA:97,8
DA:98,20
DA:99,12
DA:101,8
DA:102,8
DA:105,3
DA:106,3
DA:107,1
DA:109,2
DA:110,2
DA:111,2
DA:112,12
DA:113,10
DA:115,12
DA:116,10
DA:118,2
DA:119,2
DA:120,2
DA:125,5776
DA:126,5776
DA:128,5748
DA:129,5748
DA:130,5748
DA:133,5748
DA:134,5748
DA:135,5748
DA:138,5748
DA:139,5748
DA:140,5748
DA:143,5748
DA:144,5748
DA:145,5748
DA:148,5748
DA:149,5748
DA:150,5748
DA:153,5748
DA:154,5748
DA:155,5748
DA:158,5748
DA:159,5748
DA:160,5748
DA:163,5748
DA:164,5748
DA:165,5748
DA:166,5748
DA:170,41
DA:171,41
DA:172,41
DA:173,41
DA:174,41
DA:175,41
DA:176,41
DA:177,41
DA:178,41
DA:179,41
DA:180,41
DA:181,163
DA:182,122
DA:184,213
DA:185,279
DA:186,66
DA:187,64
DA:188,64
DA:191,41
DA:192,82
DA:193,41
DA:196,5
DA:197,5
DA:198,5
DA:199,5
DA:200,5
DA:201,5
DA:202,5
DA:203,5
DA:204,5
DA:205,5
DA:206,5
DA:207,34
DA:208,29
DA:210,54
DA:211,72
DA:212,18
DA:213,7
DA:214,7
DA:217,5
DA:218,10
DA:219,5
DA:223,24
DA:224,24
DA:225,43
DA:226,19
DA:227,19
DA:230,24
DA:234,40
DA:235,40
DA:236,40
DA:237,40
DA:238,40
DA:239,40
DA:241,45
DA:242,42
DA:243,37
DA:245,42
DA:246,3
DA:248,39
DA:249,34
DA:251,39
DA:252,31
DA:254,39
DA:255,34
DA:258,3
DA:261,84
DA:262,84
DA:263,1
DA:265,83
DA:266,83
DA:267,83
DA:268,3
DA:270,80
DA:271,74
DA:272,74
DA:273,74
DA:278,4
DA:279,8
DA:280,12
DA:281,4
DA:286,6
DA:287,6
DA:288,6
DA:289,6
DA:290,6
DA:291,6
DA:292,6
DA:293,6
DA:294,6
DA:295,6
DA:297,22
DA:298,18
DA:299,30
DA:300,38
DA:301,8
DA:302,2
DA:306,4
DA:307,6
DA:311,5
DA:312,5
DA:313,1
DA:315,4
DA:316,4
DA:317,1
DA:319,3
DA:320,7
DA:321,7
DA:322,3
DA:323,3
DA:324,3
DA:325,3
DA:328,3
DA:329,1
DA:330,1
DA:331,1
DA:334,2
DA:335,1
DA:336,1
DA:337,1
DA:338,1
DA:339,1
DA:340,1
DA:341,1
DA:345,5
DA:346,5
DA:347,5
DA:348,1
DA:350,4
DA:351,5
DA:352,5
DA:353,4
DA:354,4
DA:355,4
DA:356,4
DA:359,4
DA:360,4
DA:361,1
DA:362,1
DA:363,1
DA:365,3
DA:366,3
DA:367,1
DA:368,1
DA:369,1
DA:371,2
DA:372,2
DA:373,2
DA:374,2
DA:376,2
DA:377,1
DA:378,1
DA:379,1
DA:380,1
DA:381,1
DA:382,1
DA:383,1
DA:384,1
DA:385,1
DA:388,5710
DA:389,5710
DA:390,5698
DA:391,5683
DA:392,5730
DA:393,5705
DA:394,5718
DA:395,5623
DA:397,95
DA:398,92
DA:399,92
DA:400,91
DA:401,91
DA:402,91
DA:403,91
DA:405,1
DA:406,1
DA:407,1
DA:409,5725
DA:411,107
DA:412,107
DA:413,327
DA:414,3104
DA:415,8527
DA:417,5741
DA:418,9
DA:420,5716
DA:421,91
DA:422,5645
DA:423,5650
DA:427,9
DA:428,109
DA:430,98
DA:431,98
DA:432,205
DA:433,107
DA:434,107
DA:436,205
DA:437,107
DA:439,98
DA:440,14
DA:442,91
DA:443,91
DA:445,98
DA:448,6
DA:449,6
DA:450,6
DA:451,6
DA:452,1
DA:454,5
DA:455,5
DA:457,1
DA:460,4
DA:461,4
DA:462,4
DA:468,11
DA:469,7
DA:470,7
DA:476,4
DA:477,10
DA:478,7
DA:479,7
DA:482,7
DA:483,1
DA:484,1
DA:485,0
DA:487,1
DA:488,2
DA:489,1
DA:491,1
DA:496,6
DA:500,7
DA:502,9
DA:503,6
DA:505,3
DA:506,5
DA:507,5
DA:510,9
DA:511,9
DA:512,9
DA:513,9
DA:514,0
DA:516,60
DA:517,51
DA:518,102
DA:519,204
DA:520,153
DA:523,9
DA:524,9
DA:527,6
DA:528,6
DA:529,6
DA:530,6
DA:533,90
DA:534,84
DA:535,84
DA:536,84
DA:538,6
DA:539,6
DA:542,6
DA:543,6
DA:546,1
DA:547,1
DA:548,1
DA:549,7
DA:550,6
DA:552,7
DA:553,6
DA:555,8
DA:556,1
DA:559,3
DA:560,3
DA:561,3
DA:562,3
DA:563,0
DA:565,21
DA:566,18
DA:568,6
DA:569,3
DA:572,80
DA:573,80
DA:574,82
DA:575,2
DA:577,2
DA:579,78
DA:582,78
DA:583,78
DA:584,41
DA:585,41
DA:586,1
DA:588,40
DA:589,6
DA:591,90
DA:592,57
DA:593,57
DA:594,1
DA:597,41
DA:598,70
LF:401
LH:388
end_of_record
TN:
SF:/mnt/c/л3/Lab3OOP/Storage/Storage.hpp
FN:40,43,_ZN7StorageD2Ev
FNDA:0,_ZN7StorageD2Ev
FNF:1
FNH:0
DA:40,0
DA:41,0
DA:42,0
DA:43,0
LF:4
LH:0
end_of_record
TN:
SF:/usr/include/c++/13/atomic
FN:103,104,_ZNSt6atomicIbE5storeEbSt12memory_order
FN:111,112,_ZNKSt6atomicIbE4loadESt12memory_order
FN:76,76,_ZNSt6atomicIbEC2Eb
FNDA:182,_ZNSt6atomicIbE5storeEbSt12memory_order
FNDA:5926,_ZNKSt6atomicIbE4loadESt12memory_order
FNDA:22,_ZNSt6atomicIbEC2Eb
FNF:3
FNH:3
DA:76,22
DA:103,182
DA:104,182
DA:111,5926
DA:112,11839
LF:5
LH:5
end_of_record
TN:
SF:/usr/include/c++/13/bit
FN:195,237,_ZSt13__countl_zeroImEiT_
FN:365,369,_ZSt11__bit_widthImEiT_
FNDA:56,_ZSt13__countl_zeroImEiT_
FNDA:56,_ZSt11__bit_widthImEiT_
FNF:2
FNH:2
DA:195,56
DA:198,56
DA:200,56
DA:201,0
DA:203,56
DA:204,56
DA:205,56
DA:214,56
DA:215,56
DA:365,56
DA:367,56
DA:368,56
LF:12
LH:11
end_of_record
TN:
SF:/usr/include/c++/13/bits/alloc_traits.h
FNF:0
FNH:0
DA:482,8559
DA:517,110
DA:540,710
DA:542,710
DA:560,253
DA:562,253
DA:576,17209
DA:588,2759
DA:948,5593
DA:949,5591
LF:10
LH:10
end_of_record
TN:
SF:/usr/include/c++/13/bits/allocator.h
FNF:0
FNH:0
DA:163,6171
DA:168,17248
DA:178,0
DA:184,14494
DA:191,8451
DA:193,0
DA:194,0
DA:195,0
DA:198,8454
DA:205,110
DA:207,0
DA:208,0
DA:210,110
LF:13
LH:7
end_of_record
TN:
SF:/usr/include/c++/13/bits/atomic_base.h
FN:107,110,_ZStanSt12memory_orderSt23__memory_order_modifier
FN:362,362,_ZNSt13__atomic_baseIbEC2Eb
FNDA:6102,_ZStanSt12memory_orderSt23__memory_order_modifier
FNDA:22,_ZNSt13__atomic_baseIbEC2Eb
FNF:2
FNH:2
DA:107,6102
DA:109,6102
DA:362,22
DA:476,182
DA:477,182
DA:478,182
DA:479,182
DA:481,182
DA:482,182
DA:501,5926
DA:502,5918
DA:503,5919
DA:505,5913
LF:13
LH:13
end_of_record
TN:
SF:/usr/include/c++/13/bits/basic_string.h
FN:1071,1072,_ZNKSt7__cxx1112basic_stringIcSt11char_traitsIcESaIcEE4sizeEv
FN:1078,1079,_ZNKSt7__cxx1112basic_stringIcSt11char_traitsIcESaIcEE6lengthEv
FN:1084,1085,_ZNKSt7__cxx1112basic_stringIcSt11char_traitsIcESaIcEE8max_sizeEv
FN:1169,1173,_ZNKSt7__cxx1112basic_stringIcSt11char_traitsIcESaIcEE8capacityEv
FN:124,137,_ZNSt7__cxx1112basic_stringIcSt11char_traitsIcESaIcEE11_S_allocateERS3_m
FN:1254,1262,_ZNSt7__cxx1112basic_stringIcSt11char_traitsIcESaIcEEixEm
FN:1366,1367,_ZNSt7__cxx1112basic_stringIcSt11char_traitsIcESaIcEEpLERKS4_
FN:1424,1425,_ZNSt7__cxx1112basic_stringIcSt11char_traitsIcESaIcEE6appendERKS4_
FN:1455,1460,_ZNSt7__cxx1112basic_stringIcSt11char_traitsIcESaIcEE6appendEPKcm
FN:1469,1475,_ZNSt7__cxx1112basic_stringIcSt11char_traitsIcESaIcEE6appendEPKc
FN:188,189,_ZNSt7__cxx1112basic_stringIcSt11char_traitsIcESaIcEE12_Alloc_hiderC2EPcRKS3_
FN:1894,1896,_ZNSt7__cxx1112basic_stringIcSt11char_traitsIcESaIcEE6insertEmRKS4_
FN:192,193,_ZNSt7__cxx1112basic_stringIcSt11char_traitsIcESaIcEE12_Alloc_hiderC1EPcOS3_
FN:1962,1967,_ZNSt7__cxx1112basic_stringIcSt11char_traitsIcESaIcEE6insertEmPKc
FN:212,213,_ZNSt7__cxx1112basic_stringIcSt11char_traitsIcESaIcEE7_M_dataEPc
FN:217,218,_ZNSt7__cxx1112basic_stringIcSt11char_traitsIcESaIcEE9_M_lengthEm
FN:2204,2210,_ZNSt7__cxx1112basic_stringIcSt11char_traitsIcESaIcEE7replaceEmmPKcm
FN:222,223,_ZNKSt7__cxx1112basic_stringIcSt11char_traitsIcESaIcEE7_M_dataEv
FN:227,234,_ZNSt7__cxx1112basic_stringIcSt11char_traitsIcESaIcEE13_M_local_dataEv
FN:238,245,_ZNKSt7__cxx1112basic_stringIcSt11char_traitsIcESaIcEE13_M_local_dataEv
FN:249,250,_ZNSt7__cxx1112basic_stringIcSt11char_traitsIcESaIcEE11_M_capacityEm
FN:254,258,_ZNSt7__cxx1112basic_stringIcSt11char_traitsIcESaIcEE13_M_set_lengthEm
FN:2595,2596,_ZNKSt7__cxx1112basic_stringIcSt11char_traitsIcESaIcEE5c_strEv
FN:2608,2609,_ZNKSt7__cxx1112basic_stringIcSt11char_traitsIcESaIcEE4dataEv
FN:262,271,_ZNKSt7__cxx1112basic_stringIcSt11char_traitsIcESaIcEE11_M_is_localEv
FN:2629,2630,_ZNKSt7__cxx1112basic_stringIcSt11char_traitsIcESaIcEE13get_allocatorEv
FN:280,284,_ZNSt7__cxx1112basic_stringIcSt11char_traitsIcESaIcEE10_M_disposeEv
FN:288,289,_ZNSt7__cxx1112basic_stringIcSt11char_traitsIcESaIcEE10_M_destroyEm
FN:336,337,_ZNSt7__cxx1112basic_stringIcSt11char_traitsIcESaIcEE16_M_get_allocatorEv
FN:341,342,_ZNKSt7__cxx1112basic_stringIcSt11char_traitsIcESaIcEE16_M_get_allocatorEv
FN:3528,3541,_ZSt12__str_concatINSt7__cxx1112basic_stringIcSt11char_traitsIcESaIcEEEET_PKNS6_10value_typeENS6_9size_typeES9_SA_RKNS6_14allocator_typeE
FN:3571,3579,_ZStplIcSt11char_traitsIcESaIcEENSt7__cxx1112basic_stringIT_T0_T1_EEPKS5_RKS8_
FN:3651,3669,_ZStplIcSt11char_traitsIcESaIcEENSt7__cxx1112basic_stringIT_T0_T1_EEOS8_S9_
FN:3674,3676,_ZStplIcSt11char_traitsIcESaIcEENSt7__cxx1112basic_stringIT_T0_T1_EEPKS5_OS8_
FN:3688,3690,_ZStplIcSt11char_traitsIcESaIcEENSt7__cxx1112basic_stringIT_T0_T1_EEOS8_PKS5_
FN:3710,3716,_ZSteqIcSt11char_traitsIcESaIcEEbRKNSt7__cxx1112basic_stringIT_T0_T1_EESA_
FN:3727,3732,_ZSteqIcSt11char_traitsIcESaIcEEbRKNSt7__cxx1112basic_stringIT_T0_T1_EEPKS5_
FN:386,393,_ZNKSt7__cxx1112basic_stringIcSt11char_traitsIcESaIcEE8_M_checkEmPKc
FN:397,401,_ZNKSt7__cxx1112basic_stringIcSt11char_traitsIcESaIcEE15_M_check_lengthEmmPKc
FN:407,411,_ZNKSt7__cxx1112basic_stringIcSt11char_traitsIcESaIcEE8_M_limitEmm
FN:415,419,_ZNKSt7__cxx1112basic_stringIcSt11char_traitsIcESaIcEE11_M_disjunctEPKc
FN:4162,4173,_ZNSt7__cxx119to_stringEi
FN:425,431,_ZNSt7__cxx1112basic_stringIcSt11char_traitsIcESaIcEE7_S_copyEPcPKcm
FN:4251,4257,_ZNSt7__cxx119to_stringEd
FN:435,441,_ZNSt7__cxx1112basic_stringIcSt11char_traitsIcESaIcEE7_S_moveEPcPKcm
FN:445,451,_ZNSt7__cxx1112basic_stringIcSt11char_traitsIcESaIcEE9_S_assignEPcmc
FN:477,478,_ZNSt7__cxx1112basic_stringIcSt11char_traitsIcESaIcEE13_S_copy_charsEPcS5_S5_
FN:482,484,_ZNSt7__cxx1112basic_stringIcSt11char_traitsIcESaIcEE13_S_copy_charsEPcPKcS7_
FN:522,528,_ZNSt7__cxx1112basic_stringIcSt11char_traitsIcESaIcEEC1Ev
FN:535,540,_ZNSt7__cxx1112basic_stringIcSt11char_traitsIcESaIcEEC2ERKS3_
FN:547,553,_ZNSt7__cxx1112basic_stringIcSt11char_traitsIcESaIcEEC2ERKS4_
FN:641,650,_ZNSt7__cxx1112basic_stringIcSt11char_traitsIcESaIcEEC2IS3_EEPKcRKS3_
FN:664,666,_ZNSt7__cxx1112basic_stringIcSt11char_traitsIcESaIcEEC2IS3_EEmcRKS3_
FN:677,698,_ZNSt7__cxx1112basic_stringIcSt11char_traitsIcESaIcEEC2EOS4_
FN:760,770,_ZNSt7__cxx1112basic_stringIcSt11char_traitsIcESaIcEEC2IPcvEET_S7_RKS3_
FN:803,804,_ZNSt7__cxx1112basic_stringIcSt11char_traitsIcESaIcEED2Ev
FNDA:0,_ZNKSt7__cxx1112basic_stringIcSt11char_traitsIcESaIcEE4sizeEv
FNDA:0,_ZNKSt7__cxx1112basic_stringIcSt11char_traitsIcESaIcEE6lengthEv
FNDA:0,_ZNKSt7__cxx1112basic_stringIcSt11char_traitsIcESaIcEE8max_sizeEv
FNDA:0,_ZNKSt7__cxx1112basic_stringIcSt11char_traitsIcESaIcEE8capacityEv
FNDA:0,_ZNSt7__cxx1112basic_stringIcSt11char_traitsIcESaIcEE11_S_allocateERS3_m
FNDA:0,_ZNSt7__cxx1112basic_stringIcSt11char_traitsIcESaIcEEixEm
FNDA:0,_ZNSt7__cxx1112basic_stringIcSt11char_traitsIcESaIcEEpLERKS4_
FNDA:0,_ZNSt7__cxx1112basic_stringIcSt11char_traitsIcESaIcEE6appendERKS4_
FNDA:0,_ZNSt7__cxx1112basic_stringIcSt11char_traitsIcESaIcEE6appendEPKcm
FNDA:0,_ZNSt7__cxx1112basic_stringIcSt11char_traitsIcESaIcEE6appendEPKc
FNDA:0,_ZNSt7__cxx1112basic_stringIcSt11char_traitsIcESaIcEE12_Alloc_hiderC2EPcRKS3_
FNDA:0,_ZNSt7__cxx1112basic_stringIcSt11char_traitsIcESaIcEE6insertEmRKS4_
FNDA:0,_ZNSt7__cxx1112basic_stringIcSt11char_traitsIcESaIcEE12_Alloc_hiderC1EPcOS3_
FNDA:4,_ZNSt7__cxx1112basic_stringIcSt11char_traitsIcESaIcEE6insertEmPKc
FNDA:0,_ZNSt7__cxx1112basic_stringIcSt11char_traitsIcESaIcEE7_M_dataEPc
FNDA:0,_ZNSt7__cxx1112basic_stringIcSt11char_traitsIcESaIcEE9_M_lengthEm
FNDA:0,_ZNSt7__cxx1112basic_stringIcSt11char_traitsIcESaIcEE7replaceEmmPKcm
FNDA:0,_ZNKSt7__cxx1112basic_stringIcSt11char_traitsIcESaIcEE7_M_dataEv
FNDA:0,_ZNSt7__cxx1112basic_stringIcSt11char_traitsIcESaIcEE13_M_local_dataEv
FNDA:0,_ZNKSt7__cxx1112basic_stringIcSt11char_traitsIcESaIcEE13_M_local_dataEv
FNDA:0,_ZNSt7__cxx1112basic_stringIcSt11char_traitsIcESaIcEE11_M_capacityEm
FNDA:0,_ZNSt7__cxx1112basic_stringIcSt11char_traitsIcESaIcEE13_M_set_lengthEm
FNDA:0,_ZNKSt7__cxx1112basic_stringIcSt11char_traitsIcESaIcEE5c_strEv
FNDA:0,_ZNKSt7__cxx1112basic_stringIcSt11char_traitsIcESaIcEE4dataEv
FNDA:0,_ZNKSt7__cxx1112basic_stringIcSt11char_traitsIcESaIcEE11_M_is_localEv
FNDA:0,_ZNKSt7__cxx1112basic_stringIcSt11char_traitsIcESaIcEE13get_allocatorEv
FNDA:0,_ZNSt7__cxx1112basic_stringIcSt11char_traitsIcESaIcEE10_M_disposeEv
FNDA:0,_ZNSt7__cxx1112basic_stringIcSt11char_traitsIcESaIcEE10_M_destroyEm
FNDA:0,_ZNSt7__cxx1112basic_stringIcSt11char_traitsIcESaIcEE16_M_get_allocatorEv
FNDA:0,_ZNKSt7__cxx1112basic_stringIcSt11char_traitsIcESaIcEE16_M_get_allocatorEv
FNDA:0,_ZSt12__str_concatINSt7__cxx1112basic_stringIcSt11char_traitsIcESaIcEEEET_PKNS6_10value_typeENS6_9size_typeES9_SA_RKNS6_14allocator_typeE
FNDA:0,_ZStplIcSt11char_traitsIcESaIcEENSt7__cxx1112basic_stringIT_T0_T1_EEPKS5_RKS8_
FNDA:0,_ZStplIcSt11char_traitsIcESaIcEENSt7__cxx1112basic_stringIT_T0_T1_EEOS8_S9_
FNDA:4,_ZStplIcSt11char_traitsIcESaIcEENSt7__cxx1112basic_stringIT_T0_T1_EEPKS5_OS8_
FNDA:0,_ZStplIcSt11char_traitsIcESaIcEENSt7__cxx1112basic_stringIT_T0_T1_EEOS8_PKS5_
FNDA:0,_ZSteqIcSt11char_traitsIcESaIcEEbRKNSt7__cxx1112basic_stringIT_T0_T1_EESA_
FNDA:0,_ZSteqIcSt11char_traitsIcESaIcEEbRKNSt7__cxx1112basic_stringIT_T0_T1_EEPKS5_
FNDA:0,_ZNKSt7__cxx1112basic_stringIcSt11char_traitsIcESaIcEE8_M_checkEmPKc
FNDA:0,_ZNKSt7__cxx1112basic_stringIcSt11char_traitsIcESaIcEE15_M_check_lengthEmmPKc
FNDA:0,_ZNKSt7__cxx1112basic_stringIcSt11char_traitsIcESaIcEE8_M_limitEmm
FNDA:0,_ZNKSt7__cxx1112basic_stringIcSt11char_traitsIcESaIcEE11_M_disjunctEPKc
FNDA:0,_ZNSt7__cxx119to_stringEi
FNDA:0,_ZNSt7__cxx1112basic_stringIcSt11char_traitsIcESaIcEE7_S_copyEPcPKcm
FNDA:4,_ZNSt7__cxx119to_stringEd
FNDA:0,_ZNSt7__cxx1112basic_stringIcSt11char_traitsIcESaIcEE7_S_moveEPcPKcm
FNDA:0,_ZNSt7__cxx1112basic_stringIcSt11char_traitsIcESaIcEE9_S_assignEPcmc
FNDA:0,_ZNSt7__cxx1112basic_stringIcSt11char_traitsIcESaIcEE13_S_copy_charsEPcS5_S5_
FNDA:0,_ZNSt7__cxx1112basic_stringIcSt11char_traitsIcESaIcEE13_S_copy_charsEPcPKcS7_
FNDA:0,_ZNSt7__cxx1112basic_stringIcSt11char_traitsIcESaIcEEC1Ev
FNDA:0,_ZNSt7__cxx1112basic_stringIcSt11char_traitsIcESaIcEEC2ERKS3_
FNDA:0,_ZNSt7__cxx1112basic_stringIcSt11char_traitsIcESaIcEEC2ERKS4_
FNDA:0,_ZNSt7__cxx1112basic_stringIcSt11char_traitsIcESaIcEEC2IS3_EEPKcRKS3_
FNDA:0,_ZNSt7__cxx1112basic_stringIcSt11char_traitsIcESaIcEEC2IS3_EEmcRKS3_
FNDA:0,_ZNSt7__cxx1112basic_stringIcSt11char_traitsIcESaIcEEC2EOS4_
FNDA:4,_ZNSt7__cxx1112basic_stringIcSt11char_traitsIcESaIcEEC2IPcvEET_S7_RKS3_
FNDA:0,_ZNSt7__cxx1112basic_stringIcSt11char_traitsIcESaIcEED2Ev
FNF:56
FNH:4
DA:124,0
DA:126,0
DA:136,0
DA:188,0
DA:189,0
DA:192,0
DA:193,0
DA:212,0
DA:213,0
DA:217,0
DA:218,0
DA:222,0
DA:223,0
DA:227,0
DA:230,0
DA:238,0
DA:241,0
DA:249,0
DA:250,0
DA:254,0
DA:256,0
DA:257,0
DA:258,0
DA:262,0
DA:264,0
DA:266,0
DA:267,0
DA:268,0
DA:270,0
DA:280,0
DA:282,0
DA:283,0
DA:284,0
DA:288,0
DA:289,0
DA:336,0
DA:337,0
DA:341,0
DA:342,0
DA:351,0
DA:352,0
DA:353,0
DA:355,0
DA:365,0
DA:386,0
DA:388,0
DA:389,0
DA:392,0
DA:397,0
DA:399,0
DA:400,0
DA:401,0
DA:407,0
DA:409,0
DA:410,0
DA:415,0
DA:417,0
DA:418,0
DA:425,0
DA:427,0
DA:428,0
DA:430,0
DA:431,0
DA:435,0
DA:437,0
DA:438,0
DA:440,0
DA:441,0
DA:445,0
DA:447,0
DA:448,0
DA:450,0
DA:451,0
DA:477,0
DA:478,0
DA:482,0
DA:484,0
DA:522,0
DA:524,0
DA:527,0
DA:528,0
DA:535,0
DA:536,0
DA:539,0
DA:540,0
DA:547,0
DA:548,0
DA:549,0
DA:551,0
DA:553,0
DA:641,0
DA:642,0
DA:645,0
DA:646,0
DA:648,0
DA:649,0
DA:650,0
DA:664,0
DA:665,0
DA:666,0
DA:677,0
DA:678,0
DA:680,0
DA:683,0
DA:684,0
DA:688,0
DA:689,0
DA:695,0
DA:696,0
DA:697,0
DA:698,0
DA:760,4
DA:762,4
DA:765,4
DA:770,4
DA:803,0
DA:804,0
DA:1071,0
DA:1072,0
DA:1078,0
DA:1079,0
DA:1084,0
DA:1085,0
DA:1169,0
DA:1171,0
DA:1172,0
DA:1254,0
DA:1258,0
DA:1261,0
DA:1366,0
DA:1367,0
DA:1424,0
DA:1425,0
DA:1455,0
DA:1458,0
DA:1459,0
DA:1469,0
DA:1472,0
DA:1473,0
DA:1474,0
DA:1894,0
DA:1895,0
DA:1896,0
DA:1962,4
DA:1965,4
DA:1966,4
DA:2204,0
DA:2208,0
DA:2209,0
DA:2595,0
DA:2596,0
DA:2608,0
DA:2609,0
DA:2629,0
DA:2630,0
DA:3528,0
DA:3536,0
DA:3537,0
DA:3538,0
DA:3539,0
DA:3540,0
DA:3541,0
DA:3571,0
DA:3578,0
DA:3651,0
DA:3656,0
DA:3658,0
DA:3661,0
DA:3664,0
DA:3665,0
DA:3666,0
DA:3668,0
DA:3674,4
DA:3676,4
DA:3688,0
DA:3690,0
DA:3710,0
DA:3714,0
DA:3715,0
DA:3727,0
DA:3730,0
DA:3731,0
DA:4162,0
DA:4167,0
DA:4168,0
DA:4169,0
DA:4170,0
DA:4171,0
DA:4172,0
DA:4251,4
DA:4253,4
DA:4256,4
LF:192
LH:12
end_of_record
TN:
SF:/usr/include/c++/13/bits/basic_string.tcc
FN:138,160,_ZNSt7__cxx1112basic_stringIcSt11char_traitsIcESaIcEE9_M_createERmm
FN:221,252,_ZNSt7__cxx1112basic_stringIcSt11char_traitsIcESaIcEE12_M_constructIPKcEEvT_S8_St20forward_iterator_tag
FN:221,252,_ZNSt7__cxx1112basic_stringIcSt11char_traitsIcESaIcEE12_M_constructIPcEEvT_S7_St20forward_iterator_tag
FN:239,239,_ZZNSt7__cxx1112basic_stringIcSt11char_traitsIcESaIcEE12_M_constructIPKcEEvT_S8_St20forward_iterator_tagEN6_GuardC2EPS4_
FN:239,239,_ZZNSt7__cxx1112basic_stringIcSt11char_traitsIcESaIcEE12_M_constructIPcEEvT_S7_St20forward_iterator_tagEN6_GuardC2EPS4_
FN:242,242,_ZZNSt7__cxx1112basic_stringIcSt11char_traitsIcESaIcEE12_M_constructIPKcEEvT_S8_St20forward_iterator_tagEN6_GuardD2Ev
FN:242,242,_ZZNSt7__cxx1112basic_stringIcSt11char_traitsIcESaIcEE12_M_constructIPcEEvT_S7_St20forward_iterator_tagEN6_GuardD2Ev
FN:257,272,_ZNSt7__cxx1112basic_stringIcSt11char_traitsIcESaIcEE12_M_constructEmc
FN:304,320,_ZNSt7__cxx1112basic_stringIcSt11char_traitsIcESaIcEE7reserveEm
FN:325,345,_ZNSt7__cxx1112basic_stringIcSt11char_traitsIcESaIcEE9_M_mutateEmmPKcm
FN:413,428,_ZNSt7__cxx1112basic_stringIcSt11char_traitsIcESaIcEE9_M_appendEPKcm
FN:511,552,_ZNSt7__cxx1112basic_stringIcSt11char_traitsIcESaIcEE10_M_replaceEmmPKcm
FNDA:0,_ZNSt7__cxx1112basic_stringIcSt11char_traitsIcESaIcEE9_M_createERmm
FNDA:0,_ZNSt7__cxx1112basic_stringIcSt11char_traitsIcESaIcEE12_M_constructIPKcEEvT_S8_St20forward_iterator_tag
FNDA:0,_ZNSt7__cxx1112basic_stringIcSt11char_traitsIcESaIcEE12_M_constructIPcEEvT_S7_St20forward_iterator_tag
FNDA:0,_ZZNSt7__cxx1112basic_stringIcSt11char_traitsIcESaIcEE12_M_constructIPKcEEvT_S8_St20forward_iterator_tagEN6_GuardC2EPS4_
FNDA:0,_ZZNSt7__cxx1112basic_stringIcSt11char_traitsIcESaIcEE12_M_constructIPcEEvT_S7_St20forward_iterator_tagEN6_GuardC2EPS4_
FNDA:0,_ZZNSt7__cxx1112basic_stringIcSt11char_traitsIcESaIcEE12_M_constructIPKcEEvT_S8_St20forward_iterator_tagEN6_GuardD2Ev
FNDA:0,_ZZNSt7__cxx1112basic_stringIcSt11char_traitsIcESaIcEE12_M_constructIPcEEvT_S7_St20forward_iterator_tagEN6_GuardD2Ev
FNDA:0,_ZNSt7__cxx1112basic_stringIcSt11char_traitsIcESaIcEE12_M_constructEmc
FNDA:0,_ZNSt7__cxx1112basic_stringIcSt11char_traitsIcESaIcEE7reserveEm
FNDA:0,_ZNSt7__cxx1112basic_stringIcSt11char_traitsIcESaIcEE9_M_mutateEmmPKcm
FNDA:0,_ZNSt7__cxx1112basic_stringIcSt11char_traitsIcESaIcEE9_M_appendEPKcm
FNDA:0,_ZNSt7__cxx1112basic_stringIcSt11char_traitsIcESaIcEE10_M_replaceEmmPKcm
FNF:12
FNH:0
DA:138,0
DA:143,0
DA:144,0
DA:149,0
DA:151,0
DA:153,0
DA:154,0
DA:159,0
DA:221,0
DA:225,0
DA:227,0
DA:229,0
DA:230,0
DA:239,0
DA:242,0
DA:245,0
DA:247,0
DA:249,0
DA:251,0
DA:252,0
DA:257,0
DA:260,0
DA:262,0
DA:263,0
DA:268,0
DA:269,0
DA:271,0
DA:272,0
DA:304,0
DA:307,0
DA:312,0
DA:313,0
DA:315,0
DA:316,0
DA:317,0
DA:318,0
DA:319,0
DA:325,0
DA:329,0
DA:331,0
DA:332,0
DA:334,0
DA:335,0
DA:336,0
DA:337,0
DA:338,0
DA:339,0
DA:340,0
DA:342,0
DA:343,0
DA:344,0
DA:345,0
DA:413,0
DA:416,0
DA:418,0
DA:420,0
DA:421,0
DA:424,0
DA:426,0
DA:427,0
DA:511,0
DA:515,0
DA:517,0
DA:518,0
DA:520,0
DA:522,0
DA:524,0
DA:526,0
DA:528,0
DA:529,0
DA:530,0
DA:531,0
DA:532,0
DA:533,0
DA:537,0
DA:539,0
DA:540,0
DA:541,0
DA:542,0
DA:545,0
DA:548,0
DA:550,0
DA:551,0
LF:83
LH:0
end_of_record
TN:
SF:/usr/include/c++/13/bits/char_traits.h
FN:136,137,_ZN9__gnu_cxx11char_traitsIcE2eqERKcS3_
FN:199,206,_ZN9__gnu_cxx11char_traitsIcE6lengthEPKc
FN:222,248,_ZN9__gnu_cxx11char_traitsIcE4moveEPcPKcm
FN:253,268,_ZN9__gnu_cxx11char_traitsIcE4copyEPcPKcm
FN:273,300,_ZN9__gnu_cxx11char_traitsIcE6assignEPcmc
FN:351,359,_ZNSt11char_traitsIcE6assignERcRKc
FN:366,371,_ZNSt11char_traitsIcE2ltERKcS2_
FN:374,390,_ZNSt11char_traitsIcE7compareEPKcS2_m
FN:393,400,_ZNSt11char_traitsIcE6lengthEPKc
FN:415,424,_ZNSt11char_traitsIcE4moveEPcPKcm
FN:427,436,_ZNSt11char_traitsIcE4copyEPcPKcm
FN:439,448,_ZNSt11char_traitsIcE6assignEPcmc
FNDA:0,_ZN9__gnu_cxx11char_traitsIcE2eqERKcS3_
FNDA:0,_ZN9__gnu_cxx11char_traitsIcE6lengthEPKc
FNDA:0,_ZN9__gnu_cxx11char_traitsIcE4moveEPcPKcm
FNDA:0,_ZN9__gnu_cxx11char_traitsIcE4copyEPcPKcm
FNDA:0,_ZN9__gnu_cxx11char_traitsIcE6assignEPcmc
FNDA:0,_ZNSt11char_traitsIcE6assignERcRKc
FNDA:0,_ZNSt11char_traitsIcE2ltERKcS2_
FNDA:0,_ZNSt11char_traitsIcE7compareEPKcS2_m
FNDA:0,_ZNSt11char_traitsIcE6lengthEPKc
FNDA:0,_ZNSt11char_traitsIcE4moveEPcPKcm
FNDA:0,_ZNSt11char_traitsIcE4copyEPcPKcm
FNDA:0,_ZNSt11char_traitsIcE6assignEPcmc
FNF:12
FNH:0
DA:136,0
DA:137,0
DA:199,0
DA:202,0
DA:203,0
DA:204,0
DA:205,0
DA:222,0
DA:225,0
DA:226,0
DA:228,0
DA:242,0
DA:243,0
DA:246,0
DA:247,0
DA:253,0
DA:256,0
DA:257,0
DA:259,0
DA:261,0
DA:262,0
DA:263,0
DA:266,0
DA:267,0
DA:273,0
DA:277,0
DA:279,0
DA:280,0
DA:281,0
DA:287,0
DA:290,0
DA:291,0
DA:299,0
DA:351,0
DA:354,0
DA:355,0
DA:358,0
DA:359,0
DA:366,0
DA:369,0
DA:370,0
DA:374,0
DA:376,0
DA:377,0
DA:379,0
DA:381,0
DA:382,0
DA:383,0
DA:384,0
DA:385,0
DA:386,0
DA:389,0
DA:393,0
DA:396,0
DA:397,0
DA:399,0
DA:415,0
DA:417,0
DA:418,0
DA:420,0
DA:421,0
DA:423,0
DA:427,0
DA:429,0
DA:430,0
DA:432,0
DA:433,0
DA:435,0
DA:439,0
DA:441,0
DA:442,0
DA:444,0
DA:445,0
DA:447,0
LF:74
LH:0
end_of_record
TN:
SF:/usr/include/c++/13/bits/charconv.h
FN:55,74,_ZNSt8__detail14__to_chars_lenIjEEjT_i
FN:81,110,_ZNSt8__detail18__to_chars_10_implIjEEvPcjT_
FNDA:0,_ZNSt8__detail14__to_chars_lenIjEEjT_i
FNDA:0,_ZNSt8__detail18__to_chars_10_implIjEEvPcjT_
FNF:2
FNH:0
DA:55,0
DA:61,0
DA:62,0
DA:63,0
DA:64,0
DA:67,0
DA:68,0
DA:69,0
DA:70,0
DA:71,0
DA:72,0
DA:81,0
DA:87,0
DA:93,0
DA:94,0
DA:96,0
DA:97,0
DA:98,0
DA:99,0
DA:100,0
DA:102,0
DA:104,0
DA:105,0
DA:106,0
DA:109,0
DA:110,0
LF:26
LH:0
end_of_record
TN:
SF:/usr/include/c++/13/bits/cpp_type_traits.h
FN:607,608,_ZSt12__miter_baseIN9__gnu_cxx17__normal_iteratorIPSt4pairI17ContainerPositionIiEP10IContainerESt6vectorIS7_SaIS7_EEEEET_SD_
FN:607,608,_ZSt12__miter_baseIPPPN6OctreeIiP10IContainer17ContainerPositionIiEE4NodeEET_SA_
FN:607,608,_ZSt12__miter_baseIPSt4pairI17ContainerPositionIiEP10IContainerEET_S7_
FNDA:76,_ZSt12__miter_baseIN9__gnu_cxx17__normal_iteratorIPSt4pairI17ContainerPositionIiEP10IContainerESt6vectorIS7_SaIS7_EEEEET_SD_
FNDA:0,_ZSt12__miter_baseIPPPN6OctreeIiP10IContainer17ContainerPositionIiEE4NodeEET_SA_
FNDA:0,_ZSt12__miter_baseIPSt4pairI17ContainerPositionIiEP10IContainerEET_S7_
FNF:3
FNH:1
DA:607,76
DA:608,76
LF:2
LH:2
end_of_record
TN:
SF:/usr/include/c++/13/bits/deque.tcc
FN:1201,1224,_ZSt11__equal_ditIPN6OctreeIiP10IContainer17ContainerPositionIiEE4NodeERKS7_PS8_St15_Deque_iteratorIS7_S9_SA_EEbRKSB_IT_T0_T1_ESI_T2_
FN:1237,1240,_ZSt12__equal_aux1IPN6OctreeIiP10IContainer17ContainerPositionIiEE4NodeERKS7_PS8_S7_S9_SA_EbSt15_Deque_iteratorIT_T0_T1_ESF_SB_IT2_T3_T4_E
FN:1245,1265,_ZSt12__equal_aux1IPPN6OctreeIiP10IContainer17ContainerPositionIiEE4NodeES7_RKS7_PS9_EN9__gnu_cxx11__enable_ifIXsrSt23__is_random_access_iterIT_NSt15iterator_traitsISF_E17iterator_categoryEE7__valueEbE6__typeESF_SF_St15_Deque_iteratorIT0_T1_T2_E
FN:484,516,_ZNSt5dequeIPN6OctreeIiP10IContainer17ContainerPositionIiEE4NodeESaIS7_EE16_M_push_back_auxIJRKS7_EEEvDpOT_
FN:560,568,_ZNSt5dequeIPN6OctreeIiP10IContainer17ContainerPositionIiEE4NodeESaIS7_EE15_M_pop_back_auxEv
FN:931,973,_ZNSt5dequeIPN6OctreeIiP10IContainer17ContainerPositionIiEE4NodeESaIS7_EE17_M_reallocate_mapEmb
FNDA:0,_ZSt11__equal_ditIPN6OctreeIiP10IContainer17ContainerPositionIiEE4NodeERKS7_PS8_St15_Deque_iteratorIS7_S9_SA_EEbRKSB_IT_T0_T1_ESI_T2_
FNDA:0,_ZSt12__equal_aux1IPN6OctreeIiP10IContainer17ContainerPositionIiEE4NodeERKS7_PS8_S7_S9_SA_EbSt15_Deque_iteratorIT_T0_T1_ESF_SB_IT2_T3_T4_E
FNDA:0,_ZSt12__equal_aux1IPPN6OctreeIiP10IContainer17ContainerPositionIiEE4NodeES7_RKS7_PS9_EN9__gnu_cxx11__enable_ifIXsrSt23__is_random_access_iterIT_NSt15iterator_traitsISF_E17iterator_categoryEE7__valueEbE6__typeESF_SF_St15_Deque_iteratorIT0_T1_T2_E
FNDA:0,_ZNSt5dequeIPN6OctreeIiP10IContainer17ContainerPositionIiEE4NodeESaIS7_EE16_M_push_back_auxIJRKS7_EEEvDpOT_
FNDA:0,_ZNSt5dequeIPN6OctreeIiP10IContainer17ContainerPositionIiEE4NodeESaIS7_EE15_M_pop_back_auxEv
FNDA:0,_ZNSt5dequeIPN6OctreeIiP10IContainer17ContainerPositionIiEE4NodeESaIS7_EE17_M_reallocate_mapEmb
FNF:6
FNH:0
DA:484,0
DA:492,0
DA:493,0
DA:496,0
DA:497,0
DA:501,0
DA:507,0
DA:509,0
DA:516,0
DA:560,0
DA:563,0
DA:564,0
DA:565,0
DA:566,0
DA:568,0
DA:931,0
DA:934,0
DA:935,0
DA:936,0
DA:939,0
DA:941,0
DA:942,0
DA:943,0
DA:944,0
DA:945,0
DA:946,0
DA:949,0
DA:950,0
DA:951,0
DA:955,0
DA:956,0
DA:959,0
DA:960,0
DA:961,0
DA:962,0
DA:963,0
DA:965,0
DA:967,0
DA:968,0
DA:971,0
DA:972,0
DA:973,0
DA:1201,0
DA:1207,0
DA:1209,0
DA:1210,0
DA:1212,0
DA:1213,0
DA:1214,0
DA:1215,0
DA:1216,0
DA:1218,0
DA:1220,0
DA:1223,0
DA:1237,0
DA:1240,0
DA:1245,0
DA:1251,0
DA:1252,0
DA:1254,0
DA:1255,0
DA:1256,0
DA:1257,0
DA:1259,0
DA:1260,0
DA:1261,0
DA:1264,0
LF:67
LH:0
end_of_record
TN:
SF:/usr/include/c++/13/bits/invoke.h
FN:104,117,_ZSt10__invoke_rIvRZN7StorageC4EiiiidEUlRS0_P10IContainer17ContainerPositionIiEE0_JS1_S3_S5_EENSt9enable_ifIX16is_invocable_r_vIT_T0_DpT1_EES9_E4typeEOSA_DpOSB_
FN:104,117,_ZSt10__invoke_rIvRZN7StorageC4EiiiidEUlRS0_P10IContainer17ContainerPositionIiEE_JS1_S3_S5_EENSt9enable_ifIX16is_invocable_r_vIT_T0_DpT1_EES9_E4typeEOSA_DpOSB_
FN:60,61,_ZSt13__invoke_implIvRZN7StorageC4EiiiidEUlRS0_P10IContainer17ContainerPositionIiEE0_JS1_S3_S5_EET_St14__invoke_otherOT0_DpOT1_
FN:60,61,_ZSt13__invoke_implIvRZN7StorageC4EiiiidEUlRS0_P10IContainer17ContainerPositionIiEE_JS1_S3_S5_EET_St14__invoke_otherOT0_DpOT1_
FN:71,75,_ZSt13__invoke_implIbM7StorageFbP10IContaineriiEPS0_JS2_iiEET_St21__invoke_memfun_derefOT0_OT1_DpOT2_
FN:71,75,_ZSt13__invoke_implIvM7StorageFvP10IContainerRSt6vectorImSaImEEmEPS0_JS2_St17reference_wrapperIS5_EmEET_St21__invoke_memfun_derefOT0_OT1_DpOT2_
FN:90,98,_ZSt8__invokeIM7StorageFbP10IContaineriiEJPS0_S2_iiEENSt15__invoke_resultIT_JDpT0_EE4typeEOS7_DpOS8_
FN:90,98,_ZSt8__invokeIM7StorageFvP10IContainerRSt6vectorImSaImEEmEJPS0_S2_St17reference_wrapperIS5_EmEENSt15__invoke_resultIT_JDpT0_EE4typeEOSD_DpOSE_
FNDA:78,_ZSt10__invoke_rIvRZN7StorageC4EiiiidEUlRS0_P10IContainer17ContainerPositionIiEE0_JS1_S3_S5_EENSt9enable_ifIX16is_invocable_r_vIT_T0_DpT1_EES9_E4typeEOSA_DpOSB_
FNDA:80,_ZSt10__invoke_rIvRZN7StorageC4EiiiidEUlRS0_P10IContainer17ContainerPositionIiEE_JS1_S3_S5_EENSt9enable_ifIX16is_invocable_r_vIT_T0_DpT1_EES9_E4typeEOSA_DpOSB_
FNDA:78,_ZSt13__invoke_implIvRZN7StorageC4EiiiidEUlRS0_P10IContainer17ContainerPositionIiEE0_JS1_S3_S5_EET_St14__invoke_otherOT0_DpOT1_
FNDA:80,_ZSt13__invoke_implIvRZN7StorageC4EiiiidEUlRS0_P10IContainer17ContainerPositionIiEE_JS1_S3_S5_EET_St14__invoke_otherOT0_DpOT1_
FNDA:107,_ZSt13__invoke_implIbM7StorageFbP10IContaineriiEPS0_JS2_iiEET_St21__invoke_memfun_derefOT0_OT1_DpOT2_
FNDA:6,_ZSt13__invoke_implIvM7StorageFvP10IContainerRSt6vectorImSaImEEmEPS0_JS2_St17reference_wrapperIS5_EmEET_St21__invoke_memfun_derefOT0_OT1_DpOT2_
FNDA:107,_ZSt8__invokeIM7StorageFbP10IContaineriiEJPS0_S2_iiEENSt15__invoke_resultIT_JDpT0_EE4typeEOS7_DpOS8_
FNDA:6,_ZSt8__invokeIM7StorageFvP10IContainerRSt6vectorImSaImEEmEJPS0_S2_St17reference_wrapperIS5_EmEENSt15__invoke_resultIT_JDpT0_EE4typeEOSD_DpOSE_
FNF:8
FNH:8
DA:60,158
DA:61,158
DA:71,113
DA:74,113
DA:90,113
DA:96,113
DA:97,113
DA:104,158
DA:111,158
DA:117,148
LF:10
LH:10
end_of_record
TN:
SF:/usr/include/c++/13/bits/iterator_concepts.h
FN:145,154,_ZNKSt6ranges12__cust_imove6_IMoveclIRKPSt4pairI17ContainerPositionIiEP10IContainerEEENS1_8__resultIT_E4typeEOSD_
FNDA:26432,_ZNKSt6ranges12__cust_imove6_IMoveclIRKPSt4pairI17ContainerPositionIiEP10IContainerEEENS1_8__resultIT_E4typeEOSD_
FNF:1
FNH:1
DA:145,26432
DA:151,26432
LF:2
LH:2
end_of_record
TN:
SF:/usr/include/c++/13/bits/move.h
FN:138,139,_ZSt9addressofIKcEPT_RS1_
FN:138,139,_ZSt9addressofIcEPT_RS0_
FN:189,200,_ZSt4swapI17ContainerPositionIiEENSt9enable_ifIXsrSt6__and_IJSt6__not_ISt15__is_tuple_likeIT_EESt21is_move_constructibleIS6_ESt18is_move_assignableIS6_EEE5valueEvE4typeERS6_SG_
FN:189,200,_ZSt4swapINSt6thread2idEENSt9enable_ifIXsrSt6__and_IJSt6__not_ISt15__is_tuple_likeIT_EESt21is_move_constructibleIS6_ESt18is_move_assignableIS6_EEE5valueEvE4typeERS6_SG_
FN:189,200,_ZSt4swapIP10IContainerENSt9enable_ifIXsrSt6__and_IJSt6__not_ISt15__is_tuple_likeIT_EESt21is_move_constructibleIS6_ESt18is_move_assignableIS6_EEE5valueEvE4typeERS6_SG_
FN:51,52,_ZSt11__addressofIKZN7StorageC4EiiiidEUlRS0_P10IContainer17ContainerPositionIiEE0_EPT_RS8_
FN:51,52,_ZSt11__addressofIKZN7StorageC4EiiiidEUlRS0_P10IContainer17ContainerPositionIiEE_EPT_RS8_
FN:51,52,_ZSt11__addressofIKcEPT_RS1_
FN:51,52,_ZSt11__addressofINSt7__cxx1112basic_stringIcSt11char_traitsIcESaIcEEEEPT_RS6_
FN:51,52,_ZSt11__addressofISt4pairI17ContainerPositionIiEP10IContainerEEPT_RS6_
FN:51,52,_ZSt11__addressofISt5mutexEPT_RS1_
FN:51,52,_ZSt11__addressofISt6threadEPT_RS1_
FN:51,52,_ZSt11__addressofISt6vectorImSaImEEEPT_RS3_
FN:51,52,_ZSt11__addressofISt8functionIFvR7StorageP10IContainer17ContainerPositionIiEEEEPT_RS9_
FN:51,52,_ZSt11__addressofIcEPT_RS0_
FN:51,52,_ZSt11__addressofImEPT_RS0_
FN:70,71,_ZSt7forwardI17ContainerPositionIiEEOT_RNSt16remove_referenceIS2_E4typeE
FN:70,71,_ZSt7forwardIDnEOT_RNSt16remove_referenceIS0_E4typeE
FN:70,71,_ZSt7forwardIM7StorageFbP10IContaineriiEEOT_RNSt16remove_referenceIS5_E4typeE
FN:70,71,_ZSt7forwardIM7StorageFvP10IContainerRSt6vectorImSaImEEmEEOT_RNSt16remove_referenceIS9_E4typeE
FN:70,71,_ZSt7forwardINSt7__cxx1112basic_stringIcSt11char_traitsIcESaIcEEEEOT_RNSt16remove_referenceIS6_E4typeE
FN:70,71,_ZSt7forwardIP10IContainerEOT_RNSt16remove_referenceIS2_E4typeE
FN:70,71,_ZSt7forwardIP7StorageEOT_RNSt16remove_referenceIS2_E4typeE
FN:70,71,_ZSt7forwardIR17ContainerPositionIiEEOT_RNSt16remove_referenceIS3_E4typeE
FN:70,71,_ZSt7forwardIR7StorageEOT_RNSt16remove_referenceIS2_E4typeE
FN:70,71,_ZSt7forwardIRKNSt7__cxx1112basic_stringIcSt11char_traitsIcESaIcEEEEOT_RNSt16remove_referenceIS8_E4typeE
FN:70,71,_ZSt7forwardIRKPN6OctreeIiP10IContainer17ContainerPositionIiEE4NodeEEOT_RNSt16remove_referenceISA_E4typeE
FN:70,71,_ZSt7forwardIRKSt4pairI17ContainerPositionIiEP10IContainerEEOT_RNSt16remove_referenceIS8_E4typeE
FN:70,71,_ZSt7forwardIRKSt8functionIFvR7StorageP10IContainer17ContainerPositionIiEEEEOT_RNSt16remove_referenceISB_E4typeE
FN:70,71,_ZSt7forwardIRKZN7StorageC4EiiiidEUlRS0_P10IContainer17ContainerPositionIiEE0_EOT_RNSt16remove_referenceIS9_E4typeE
FN:70,71,_ZSt7forwardIRKZN7StorageC4EiiiidEUlRS0_P10IContainer17ContainerPositionIiEE_EOT_RNSt16remove_referenceIS9_E4typeE
FN:70,71,_ZSt7forwardIRKcEOT_RNSt16remove_referenceIS2_E4typeE
FN:70,71,_ZSt7forwardIRKmEOT_RNSt16remove_referenceIS2_E4typeE
FN:70,71,_ZSt7forwardIRP10IContainerEOT_RNSt16remove_referenceIS3_E4typeE
FN:70,71,_ZSt7forwardIRSt4pairI17ContainerPositionIiEP10IContainerEEOT_RNSt16remove_referenceIS7_E4typeE
FN:70,71,_ZSt7forwardIRSt6vectorImSaImEEEOT_RNSt16remove_referenceIS4_E4typeE
FN:70,71,_ZSt7forwardIRZN7StorageC4EiiiidEUlRS0_P10IContainer17ContainerPositionIiEE0_EOT_RNSt16remove_referenceIS8_E4typeE
FN:70,71,_ZSt7forwardIRZN7StorageC4EiiiidEUlRS0_P10IContainer17ContainerPositionIiEE_EOT_RNSt16remove_referenceIS8_E4typeE
FN:70,71,_ZSt7forwardIRcEOT_RNSt16remove_referenceIS1_E4typeE
FN:70,71,_ZSt7forwardIRiEOT_RNSt16remove_referenceIS1_E4typeE
FN:70,71,_ZSt7forwardIRmEOT_RNSt16remove_referenceIS1_E4typeE
FN:70,71,_ZSt7forwardISt17reference_wrapperISt6vectorImSaImEEEEOT_RNSt16remove_referenceIS5_E4typeE
FN:70,71,_ZSt7forwardISt4pairI17ContainerPositionIiEP10IContainerEEOT_RNSt16remove_referenceIS6_E4typeE
FN:70,71,_ZSt7forwardISt6threadEOT_RNSt16remove_referenceIS1_E4typeE
FN:70,71,_ZSt7forwardISt8functionIFvR7StorageP10IContainer17ContainerPositionIiEEEEOT_RNSt16remove_referenceIS9_E4typeE
FN:70,71,_ZSt7forwardIZN7StorageC4EiiiidEUlRS0_P10IContainer17ContainerPositionIiEE0_EOT_RNSt16remove_referenceIS7_E4typeE
FN:70,71,_ZSt7forwardIZN7StorageC4EiiiidEUlRS0_P10IContainer17ContainerPositionIiEE_EOT_RNSt16remove_referenceIS7_E4typeE
FN:70,71,_ZSt7forwardIiEOT_RNSt16remove_referenceIS0_E4typeE
FN:70,71,_ZSt7forwardImEOT_RNSt16remove_referenceIS0_E4typeE
FN:97,98,_ZSt4moveIR17ContainerPositionIiEEONSt16remove_referenceIT_E4typeEOS4_
FN:97,98,_ZSt4moveIRN9__gnu_cxx5__ops15_Iter_comp_iterIPFbRSt4pairI17ContainerPositionIiEP10IContainerES9_EEEEONSt16remove_referenceIT_E4typeEOSF_
FN:97,98,_ZSt4moveIRNSt6thread2idEEONSt16remove_referenceIT_E4typeEOS4_
FN:97,98,_ZSt4moveIRNSt7__cxx1112basic_stringIcSt11char_traitsIcESaIcEEEEONSt16remove_referenceIT_E4typeEOS8_
FN:97,98,_ZSt4moveIRP10IContainerEONSt16remove_referenceIT_E4typeEOS4_
FN:97,98,_ZSt4moveIRPFbRSt4pairI17ContainerPositionIiEP10IContainerES6_EEONSt16remove_referenceIT_E4typeEOSB_
FN:97,98,_ZSt4moveIRPNSt6thread6_StateEEONSt16remove_referenceIT_E4typeEOS5_
FN:97,98,_ZSt4moveIRPSt4pairI17ContainerPositionIiEP10IContainerEEONSt16remove_referenceIT_E4typeEOS9_
FN:97,98,_ZSt4moveIRSaIcEEONSt16remove_referenceIT_E4typeEOS3_
FN:97,98,_ZSt4moveIRSt4pairI17ContainerPositionIiEP10IContainerEEONSt16remove_referenceIT_E4typeEOS8_
FN:97,98,_ZSt4moveIRSt5tupleIJM7StorageFbP10IContaineriiEPS1_S3_iiEEEONSt16remove_referenceIT_E4typeEOSA_
FN:97,98,_ZSt4moveIRSt5tupleIJM7StorageFvP10IContainerRSt6vectorImSaImEEmEPS1_S3_St17reference_wrapperIS6_EmEEEONSt16remove_referenceIT_E4typeEOSG_
FN:97,98,_ZSt4moveIRSt6threadEONSt16remove_referenceIT_E4typeEOS3_
FN:97,98,_ZSt4moveIRSt8functionIFvR7StorageP10IContainer17ContainerPositionIiEEEEONSt16remove_referenceIT_E4typeEOSB_
FN:97,98,_ZSt4moveIRmEONSt16remove_referenceIT_E4typeEOS2_
FNDA:0,_ZSt9addressofIKcEPT_RS1_
FNDA:0,_ZSt9addressofIcEPT_RS0_
FNDA:0,_ZSt4swapI17ContainerPositionIiEENSt9enable_ifIXsrSt6__and_IJSt6__not_ISt15__is_tuple_likeIT_EESt21is_move_constructibleIS6_ESt18is_move_assignableIS6_EEE5valueEvE4typeERS6_SG_
FNDA:18,_ZSt4swapINSt6thread2idEENSt9enable_ifIXsrSt6__and_IJSt6__not_ISt15__is_tuple_likeIT_EESt21is_move_constructibleIS6_ESt18is_move_assignableIS6_EEE5valueEvE4typeERS6_SG_
FNDA:0,_ZSt4swapIP10IContainerENSt9enable_ifIXsrSt6__and_IJSt6__not_ISt15__is_tuple_likeIT_EESt21is_move_constructibleIS6_ESt18is_move_assignableIS6_EEE5valueEvE4typeERS6_SG_
FNDA:102,_ZSt11__addressofIKZN7StorageC4EiiiidEUlRS0_P10IContainer17ContainerPositionIiEE0_EPT_RS8_
FNDA:104,_ZSt11__addressofIKZN7StorageC4EiiiidEUlRS0_P10IContainer17ContainerPositionIiEE_EPT_RS8_
FNDA:0,_ZSt11__addressofIKcEPT_RS1_
FNDA:0,_ZSt11__addressofINSt7__cxx1112basic_stringIcSt11char_traitsIcESaIcEEEEPT_RS6_
FNDA:0,_ZSt11__addressofISt4pairI17ContainerPositionIiEP10IContainerEEPT_RS6_
FNDA:5865,_ZSt11__addressofISt5mutexEPT_RS1_
FNDA:167,_ZSt11__addressofISt6threadEPT_RS1_
FNDA:6,_ZSt11__addressofISt6vectorImSaImEEEPT_RS3_
FNDA:0,_ZSt11__addressofISt8functionIFvR7StorageP10IContainer17ContainerPositionIiEEEEPT_RS9_
FNDA:0,_ZSt11__addressofIcEPT_RS0_
FNDA:0,_ZSt11__addressofImEPT_RS0_
FNDA:0,_ZSt7forwardI17ContainerPositionIiEEOT_RNSt16remove_referenceIS2_E4typeE
FNDA:0,_ZSt7forwardIDnEOT_RNSt16remove_referenceIS0_E4typeE
FNDA:1280,_ZSt7forwardIM7StorageFbP10IContaineriiEEOT_RNSt16remove_referenceIS5_E4typeE
FNDA:70,_ZSt7forwardIM7StorageFvP10IContainerRSt6vectorImSaImEEmEEOT_RNSt16remove_referenceIS9_E4typeE
FNDA:149,_ZSt7forwardINSt7__cxx1112basic_stringIcSt11char_traitsIcESaIcEEEEOT_RNSt16remove_referenceIS6_E4typeE
FNDA:0,_ZSt7forwardIP10IContainerEOT_RNSt16remove_referenceIS2_E4typeE
FNDA:1575,_ZSt7forwardIP7StorageEOT_RNSt16remove_referenceIS2_E4typeE
FNDA:362,_ZSt7forwardIR17ContainerPositionIiEEOT_RNSt16remove_referenceIS3_E4typeE
FNDA:0,_ZSt7forwardIR7StorageEOT_RNSt16remove_referenceIS2_E4typeE
FNDA:18,_ZSt7forwardIRKNSt7__cxx1112basic_stringIcSt11char_traitsIcESaIcEEEEOT_RNSt16remove_referenceIS8_E4typeE
FNDA:0,_ZSt7forwardIRKPN6OctreeIiP10IContainer17ContainerPositionIiEE4NodeEEOT_RNSt16remove_referenceISA_E4typeE
FNDA:49924,_ZSt7forwardIRKSt4pairI17ContainerPositionIiEP10IContainerEEOT_RNSt16remove_referenceIS8_E4typeE
FNDA:107,_ZSt7forwardIRKSt8functionIFvR7StorageP10IContainer17ContainerPositionIiEEEEOT_RNSt16remove_referenceISB_E4typeE
FNDA:48,_ZSt7forwardIRKZN7StorageC4EiiiidEUlRS0_P10IContainer17ContainerPositionIiEE0_EOT_RNSt16remove_referenceIS9_E4typeE
FNDA:48,_ZSt7forwardIRKZN7StorageC4EiiiidEUlRS0_P10IContainer17ContainerPositionIiEE_EOT_RNSt16remove_referenceIS9_E4typeE
FNDA:0,_ZSt7forwardIRKcEOT_RNSt16remove_referenceIS2_E4typeE
FNDA:0,_ZSt7forwardIRKmEOT_RNSt16remove_referenceIS2_E4typeE
FNDA:1692,_ZSt7forwardIRP10IContainerEOT_RNSt16remove_referenceIS3_E4typeE
FNDA:50636,_ZSt7forwardIRSt4pairI17ContainerPositionIiEP10IContainerEEOT_RNSt16remove_referenceIS7_E4typeE
FNDA:6,_ZSt7forwardIRSt6vectorImSaImEEEOT_RNSt16remove_referenceIS4_E4typeE
FNDA:156,_ZSt7forwardIRZN7StorageC4EiiiidEUlRS0_P10IContainer17ContainerPositionIiEE0_EOT_RNSt16remove_referenceIS8_E4typeE
FNDA:160,_ZSt7forwardIRZN7StorageC4EiiiidEUlRS0_P10IContainer17ContainerPositionIiEE_EOT_RNSt16remove_referenceIS8_E4typeE
FNDA:0,_ZSt7forwardIRcEOT_RNSt16remove_referenceIS1_E4typeE
FNDA:2885,_ZSt7forwardIRiEOT_RNSt16remove_referenceIS1_E4typeE
FNDA:82,_ZSt7forwardIRmEOT_RNSt16remove_referenceIS1_E4typeE
FNDA:94,_ZSt7forwardISt17reference_wrapperISt6vectorImSaImEEEEOT_RNSt16remove_referenceIS5_E4typeE
FNDA:27277,_ZSt7forwardISt4pairI17ContainerPositionIiEP10IContainerEEOT_RNSt16remove_referenceIS6_E4typeE
FNDA:36,_ZSt7forwardISt6threadEOT_RNSt16remove_referenceIS1_E4typeE
FNDA:32,_ZSt7forwardISt8functionIFvR7StorageP10IContainer17ContainerPositionIiEEEEOT_RNSt16remove_referenceIS9_E4typeE
FNDA:42,_ZSt7forwardIZN7StorageC4EiiiidEUlRS0_P10IContainer17ContainerPositionIiEE0_EOT_RNSt16remove_referenceIS7_E4typeE
FNDA:42,_ZSt7forwardIZN7StorageC4EiiiidEUlRS0_P10IContainer17ContainerPositionIiEE_EOT_RNSt16remove_referenceIS7_E4typeE
FNDA:637,_ZSt7forwardIiEOT_RNSt16remove_referenceIS0_E4typeE
FNDA:18,_ZSt7forwardImEOT_RNSt16remove_referenceIS0_E4typeE
FNDA:0,_ZSt4moveIR17ContainerPositionIiEEONSt16remove_referenceIT_E4typeEOS4_
FNDA:45,_ZSt4moveIRN9__gnu_cxx5__ops15_Iter_comp_iterIPFbRSt4pairI17ContainerPositionIiEP10IContainerES9_EEEEONSt16remove_referenceIT_E4typeEOSF_
FNDA:54,_ZSt4moveIRNSt6thread2idEEONSt16remove_referenceIT_E4typeEOS4_
FNDA:0,_ZSt4moveIRNSt7__cxx1112basic_stringIcSt11char_traitsIcESaIcEEEEONSt16remove_referenceIT_E4typeEOS8_
FNDA:0,_ZSt4moveIRP10IContainerEONSt16remove_referenceIT_E4typeEOS4_
FNDA:161,_ZSt4moveIRPFbRSt4pairI17ContainerPositionIiEP10IContainerES6_EEONSt16remove_referenceIT_E4typeEOSB_
FNDA:0,_ZSt4moveIRPNSt6thread6_StateEEONSt16remove_referenceIT_E4typeEOS5_
FNDA:21577,_ZSt4moveIRPSt4pairI17ContainerPositionIiEP10IContainerEEONSt16remove_referenceIT_E4typeEOS9_
FNDA:0,_ZSt4moveIRSaIcEEONSt16remove_referenceIT_E4typeEOS3_
FNDA:496,_ZSt4moveIRSt4pairI17ContainerPositionIiEP10IContainerEEONSt16remove_referenceIT_E4typeEOS8_
FNDA:534,_ZSt4moveIRSt5tupleIJM7StorageFbP10IContaineriiEPS1_S3_iiEEEONSt16remove_referenceIT_E4typeEOSA_
FNDA:30,_ZSt4moveIRSt5tupleIJM7StorageFvP10IContainerRSt6vectorImSaImEEmEPS1_S3_St17reference_wrapperIS6_EmEEEONSt16remove_referenceIT_E4typeEOSG_
FNDA:18,_ZSt4moveIRSt6threadEONSt16remove_referenceIT_E4typeEOS3_
FNDA:16,_ZSt4moveIRSt8functionIFvR7StorageP10IContainer17ContainerPositionIiEEEEONSt16remove_referenceIT_E4typeEOSB_
FNDA:6,_ZSt4moveIRmEONSt16remove_referenceIT_E4typeEOS2_
FNF:64
FNH:41
DA:51,6244
DA:52,6244
DA:70,137376
DA:71,137376
DA:97,22937
DA:98,22937
DA:138,0
DA:139,0
DA:189,18
DA:197,18
DA:198,18
DA:199,18
DA:200,18
LF:13
LH:11
end_of_record
TN:
SF:/usr/include/c++/13/bits/new_allocator.h
FN:126,152,_ZNSt15__new_allocatorINSt7__cxx1112basic_stringIcSt11char_traitsIcESaIcEEEE8allocateEmPKv
FN:126,152,_ZNSt15__new_allocatorIPN6OctreeIiP10IContainer17ContainerPositionIiEE4NodeEE8allocateEmPKv
FN:126,152,_ZNSt15__new_allocatorIPPN6OctreeIiP10IContainer17ContainerPositionIiEE4NodeEE8allocateEmPKv
FN:126,152,_ZNSt15__new_allocatorISt4pairI17ContainerPositionIiEP10IContainerEE8allocateEmPKv
FN:126,152,_ZNSt15__new_allocatorISt6threadE8allocateEmPKv
FN:126,152,_ZNSt15__new_allocatorISt8functionIFvR7StorageP10IContainer17ContainerPositionIiEEEE8allocateEmPKv
FN:126,152,_ZNSt15__new_allocatorIcE8allocateEmPKv
FN:126,152,_ZNSt15__new_allocatorImE8allocateEmPKv
FN:156,173,_ZNSt15__new_allocatorINSt7__cxx1112basic_stringIcSt11char_traitsIcESaIcEEEE10deallocateEPS5_m
FN:156,173,_ZNSt15__new_allocatorIPN6OctreeIiP10IContainer17ContainerPositionIiEE4NodeEE10deallocateEPS7_m
FN:156,173,_ZNSt15__new_allocatorIPPN6OctreeIiP10IContainer17ContainerPositionIiEE4NodeEE10deallocateEPS8_m
FN:156,173,_ZNSt15__new_allocatorISt4pairI17ContainerPositionIiEP10IContainerEE10deallocateEPS5_m
FN:156,173,_ZNSt15__new_allocatorISt6threadE10deallocateEPS0_m
FN:156,173,_ZNSt15__new_allocatorISt8functionIFvR7StorageP10IContainer17ContainerPositionIiEEEE10deallocateEPS8_m
FN:156,173,_ZNSt15__new_allocatorIcE10deallocateEPcm
FN:156,173,_ZNSt15__new_allocatorImE10deallocateEPmm
FNDA:27,_ZNSt15__new_allocatorINSt7__cxx1112basic_stringIcSt11char_traitsIcESaIcEEEE8allocateEmPKv
FNDA:0,_ZNSt15__new_allocatorIPN6OctreeIiP10IContainer17ContainerPositionIiEE4NodeEE8allocateEmPKv
FNDA:0,_ZNSt15__new_allocatorIPPN6OctreeIiP10IContainer17ContainerPositionIiEE4NodeEE8allocateEmPKv
FNDA:8273,_ZNSt15__new_allocatorISt4pairI17ContainerPositionIiEP10IContainerEE8allocateEmPKv
FNDA:109,_ZNSt15__new_allocatorISt6threadE8allocateEmPKv
FNDA:39,_ZNSt15__new_allocatorISt8functionIFvR7StorageP10IContainer17ContainerPositionIiEEEE8allocateEmPKv
FNDA:0,_ZNSt15__new_allocatorIcE8allocateEmPKv
FNDA:1,_ZNSt15__new_allocatorImE8allocateEmPKv
FNDA:0,_ZNSt15__new_allocatorINSt7__cxx1112basic_stringIcSt11char_traitsIcESaIcEEEE10deallocateEPS5_m
FNDA:0,_ZNSt15__new_allocatorIPN6OctreeIiP10IContainer17ContainerPositionIiEE4NodeEE10deallocateEPS7_m
FNDA:0,_ZNSt15__new_allocatorIPPN6OctreeIiP10IContainer17ContainerPositionIiEE4NodeEE10deallocateEPS8_m
FNDA:0,_ZNSt15__new_allocatorISt4pairI17ContainerPositionIiEP10IContainerEE10deallocateEPS5_m
FNDA:109,_ZNSt15__new_allocatorISt6threadE10deallocateEPS0_m
FNDA:0,_ZNSt15__new_allocatorISt8functionIFvR7StorageP10IContainer17ContainerPositionIiEEEE10deallocateEPS8_m
FNDA:0,_ZNSt15__new_allocatorIcE10deallocateEPcm
FNDA:1,_ZNSt15__new_allocatorImE10deallocateEPmm
FNF:16
FNH:7
DA:88,6171
DA:92,17248
DA:126,8449
DA:134,8449
DA:138,0
DA:139,0
DA:140,0
DA:151,8449
DA:156,110
DA:172,110
DA:233,8449
LF:11
LH:8
end_of_record
TN:
SF:/usr/include/c++/13/bits/predefined_ops.h
FN:150,152,_ZN9__gnu_cxx5__ops15_Iter_comp_iterIPFbRSt4pairI17ContainerPositionIiEP10IContainerES8_EEC2ESA_
FN:157,158,_ZN9__gnu_cxx5__ops15_Iter_comp_iterIPFbRSt4pairI17ContainerPositionIiEP10IContainerES8_EEclINS_17__normal_iteratorIPS7_St6vectorIS7_SaIS7_EEEESI_EEbT_T0_
FN:164,165,_ZN9__gnu_cxx5__ops16__iter_comp_iterIPFbRSt4pairI17ContainerPositionIiEP10IContainerES8_EEENS0_15_Iter_comp_iterIT_EESC_
FN:187,189,_ZN9__gnu_cxx5__ops14_Iter_comp_valIPFbRSt4pairI17ContainerPositionIiEP10IContainerES8_EEC2EONS0_15_Iter_comp_iterISA_EE
FN:195,196,_ZN9__gnu_cxx5__ops14_Iter_comp_valIPFbRSt4pairI17ContainerPositionIiEP10IContainerES8_EEclINS_17__normal_iteratorIPS7_St6vectorIS7_SaIS7_EEEES7_EEbT_RT0_
FN:231,233,_ZN9__gnu_cxx5__ops14_Val_comp_iterIPFbRSt4pairI17ContainerPositionIiEP10IContainerES8_EEC2EONS0_15_Iter_comp_iterISA_EE
FN:239,240,_ZN9__gnu_cxx5__ops14_Val_comp_iterIPFbRSt4pairI17ContainerPositionIiEP10IContainerES8_EEclIS7_NS_17__normal_iteratorIPS7_St6vectorIS7_SaIS7_EEEEEEbRT_T0_
FN:252,253,_ZN9__gnu_cxx5__ops15__val_comp_iterIPFbRSt4pairI17ContainerPositionIiEP10IContainerES8_EEENS0_14_Val_comp_iterIT_EENS0_15_Iter_comp_iterISC_EE
FN:262,264,_ZN9__gnu_cxx5__ops16_Iter_equals_valIKSt4pairI17ContainerPositionIiEP10IContainerEEC2ERS8_
FN:269,270,_ZN9__gnu_cxx5__ops16_Iter_equals_valIKSt4pairI17ContainerPositionIiEP10IContainerEEclINS_17__normal_iteratorIPS7_St6vectorIS7_SaIS7_EEEEEEbT_
FN:276,277,_ZN9__gnu_cxx5__ops17__iter_equals_valIKSt4pairI17ContainerPositionIiEP10IContainerEEENS0_16_Iter_equals_valIT_EERSA_
FN:44,45,_ZNK9__gnu_cxx5__ops15_Iter_less_iterclIPKiS4_EEbT_T0_
FN:50,51,_ZN9__gnu_cxx5__ops16__iter_less_iterEv
FNDA:58,_ZN9__gnu_cxx5__ops15_Iter_comp_iterIPFbRSt4pairI17ContainerPositionIiEP10IContainerES8_EEC2ESA_
FNDA:47,_ZN9__gnu_cxx5__ops15_Iter_comp_iterIPFbRSt4pairI17ContainerPositionIiEP10IContainerES8_EEclINS_17__normal_iteratorIPS7_St6vectorIS7_SaIS7_EEEESI_EEbT_T0_
FNDA:58,_ZN9__gnu_cxx5__ops16__iter_comp_iterIPFbRSt4pairI17ContainerPositionIiEP10IContainerES8_EEENS0_15_Iter_comp_iterIT_EESC_
FNDA:0,_ZN9__gnu_cxx5__ops14_Iter_comp_valIPFbRSt4pairI17ContainerPositionIiEP10IContainerES8_EEC2EONS0_15_Iter_comp_iterISA_EE
FNDA:0,_ZN9__gnu_cxx5__ops14_Iter_comp_valIPFbRSt4pairI17ContainerPositionIiEP10IContainerES8_EEclINS_17__normal_iteratorIPS7_St6vectorIS7_SaIS7_EEEES7_EEbT_RT0_
FNDA:45,_ZN9__gnu_cxx5__ops14_Val_comp_iterIPFbRSt4pairI17ContainerPositionIiEP10IContainerES8_EEC2EONS0_15_Iter_comp_iterISA_EE
FNDA:52,_ZN9__gnu_cxx5__ops14_Val_comp_iterIPFbRSt4pairI17ContainerPositionIiEP10IContainerES8_EEclIS7_NS_17__normal_iteratorIPS7_St6vectorIS7_SaIS7_EEEEEEbRT_T0_
FNDA:45,_ZN9__gnu_cxx5__ops15__val_comp_iterIPFbRSt4pairI17ContainerPositionIiEP10IContainerES8_EEENS0_14_Val_comp_iterIT_EENS0_15_Iter_comp_iterISC_EE
FNDA:53,_ZN9__gnu_cxx5__ops16_Iter_equals_valIKSt4pairI17ContainerPositionIiEP10IContainerEEC2ERS8_
FNDA:84,_ZN9__gnu_cxx5__ops16_Iter_equals_valIKSt4pairI17ContainerPositionIiEP10IContainerEEclINS_17__normal_iteratorIPS7_St6vectorIS7_SaIS7_EEEEEEbT_
FNDA:53,_ZN9__gnu_cxx5__ops17__iter_equals_valIKSt4pairI17ContainerPositionIiEP10IContainerEEENS0_16_Iter_equals_valIT_EERSA_
FNDA:537091,_ZNK9__gnu_cxx5__ops15_Iter_less_iterclIPKiS4_EEbT_T0_
FNDA:100588,_ZN9__gnu_cxx5__ops16__iter_less_iterEv
FNF:13
FNH:11
DA:44,537091
DA:45,537091
DA:50,100588
DA:51,100588
DA:150,58
DA:151,58
DA:152,58
DA:157,47
DA:158,47
DA:164,58
DA:165,58
DA:187,0
DA:188,0
DA:189,0
DA:195,0
DA:196,0
DA:231,45
DA:232,45
DA:233,45
DA:239,52
DA:240,52
DA:252,45
DA:253,45
DA:262,53
DA:263,53
DA:264,53
DA:269,84
DA:270,84
DA:276,53
DA:277,53
LF:30
LH:25
end_of_record
TN:
SF:/usr/include/c++/13/bits/ptr_traits.h
FN:141,142,_ZNSt19__ptr_traits_ptr_toIPKcS0_Lb0EE10pointer_toERS0_
FN:141,142,_ZNSt19__ptr_traits_ptr_toIPccLb0EE10pointer_toERc
FNDA:0,_ZNSt19__ptr_traits_ptr_toIPKcS0_Lb0EE10pointer_toERS0_
FNDA:0,_ZNSt19__ptr_traits_ptr_toIPccLb0EE10pointer_toERc
FNF:2
FNH:0
DA:141,0
DA:142,0
LF:2
LH:0
end_of_record
TN:
SF:/usr/include/c++/13/bits/refwrap.h
FN:313,313,_ZNSt17reference_wrapperISt6vectorImSaImEEE6_S_funERS2_
FN:330,333,_ZNSt17reference_wrapperISt6vectorImSaImEEEC2IRS2_vPS2_EEOT_
FN:341,342,_ZNKSt17reference_wrapperISt6vectorImSaImEEEcvRS2_Ev
FN:346,347,_ZNKSt17reference_wrapperISt6vectorImSaImEEE3getEv
FN:374,375,_ZSt3refISt6vectorImSaImEEESt17reference_wrapperIT_ERS4_
FNDA:6,_ZNSt17reference_wrapperISt6vectorImSaImEEE6_S_funERS2_
FNDA:6,_ZNSt17reference_wrapperISt6vectorImSaImEEEC2IRS2_vPS2_EEOT_
FNDA:6,_ZNKSt17reference_wrapperISt6vectorImSaImEEEcvRS2_Ev
FNDA:6,_ZNKSt17reference_wrapperISt6vectorImSaImEEE3getEv
FNDA:6,_ZSt3refISt6vectorImSaImEEESt17reference_wrapperIT_ERS4_
FNF:5
FNH:5
DA:313,6
DA:330,6
DA:332,6
DA:333,6
DA:341,6
DA:342,6
DA:346,6
DA:347,6
DA:374,6
DA:375,6
LF:10
LH:10
end_of_record
TN:
SF:/usr/include/c++/13/bits/std_function.h
FN:134,143,_ZNSt14_Function_base13_Base_managerIZN7StorageC4EiiiidEUlRS1_P10IContainer17ContainerPositionIiEE0_E14_M_get_pointerERKSt9_Any_data
FN:134,143,_ZNSt14_Function_base13_Base_managerIZN7StorageC4EiiiidEUlRS1_P10IContainer17ContainerPositionIiEE_E14_M_get_pointerERKSt9_Any_data
FN:150,153,_ZNSt14_Function_base13_Base_managerIZN7StorageC4EiiiidEUlRS1_P10IContainer17ContainerPositionIiEE0_E9_M_createIRKS7_EEvRSt9_Any_dataOT_St17integral_constantIbLb1EE
FN:150,153,_ZNSt14_Function_base13_Base_managerIZN7StorageC4EiiiidEUlRS1_P10IContainer17ContainerPositionIiEE0_E9_M_createIS7_EEvRSt9_Any_dataOT_St17integral_constantIbLb1EE
FN:150,153,_ZNSt14_Function_base13_Base_managerIZN7StorageC4EiiiidEUlRS1_P10IContainer17ContainerPositionIiEE_E9_M_createIRKS7_EEvRSt9_Any_dataOT_St17integral_constantIbLb1EE
FN:150,153,_ZNSt14_Function_base13_Base_managerIZN7StorageC4EiiiidEUlRS1_P10IContainer17ContainerPositionIiEE_E9_M_createIS7_EEvRSt9_Any_dataOT_St17integral_constantIbLb1EE
FN:166,169,_ZNSt14_Function_base13_Base_managerIZN7StorageC4EiiiidEUlRS1_P10IContainer17ContainerPositionIiEE0_E10_M_destroyERSt9_Any_dataSt17integral_constantIbLb1EE
FN:166,169,_ZNSt14_Function_base13_Base_managerIZN7StorageC4EiiiidEUlRS1_P10IContainer17ContainerPositionIiEE_E10_M_destroyERSt9_Any_dataSt17integral_constantIbLb1EE
FN:180,207,_ZNSt14_Function_base13_Base_managerIZN7StorageC4EiiiidEUlRS1_P10IContainer17ContainerPositionIiEE0_E10_M_managerERSt9_Any_dataRKS9_St18_Manager_operation
FN:180,207,_ZNSt14_Function_base13_Base_managerIZN7StorageC4EiiiidEUlRS1_P10IContainer17ContainerPositionIiEE_E10_M_managerERSt9_Any_dataRKS9_St18_Manager_operation
FN:211,216,_ZNSt14_Function_base13_Base_managerIZN7StorageC4EiiiidEUlRS1_P10IContainer17ContainerPositionIiEE0_E15_M_init_functorIRKS7_EEvRSt9_Any_dataOT_
FN:211,216,_ZNSt14_Function_base13_Base_managerIZN7StorageC4EiiiidEUlRS1_P10IContainer17ContainerPositionIiEE0_E15_M_init_functorIS7_EEvRSt9_Any_dataOT_
FN:211,216,_ZNSt14_Function_base13_Base_managerIZN7StorageC4EiiiidEUlRS1_P10IContainer17ContainerPositionIiEE_E15_M_init_functorIRKS7_EEvRSt9_Any_dataOT_
FN:211,216,_ZNSt14_Function_base13_Base_managerIZN7StorageC4EiiiidEUlRS1_P10IContainer17ContainerPositionIiEE_E15_M_init_functorIS7_EEvRSt9_Any_dataOT_
FN:235,236,_ZNSt14_Function_base13_Base_managerIZN7StorageC4EiiiidEUlRS1_P10IContainer17ContainerPositionIiEE0_E21_M_not_empty_functionIS7_EEbRKT_
FN:235,236,_ZNSt14_Function_base13_Base_managerIZN7StorageC4EiiiidEUlRS1_P10IContainer17ContainerPositionIiEE_E21_M_not_empty_functionIS7_EEbRKT_
FN:239,239,_ZNSt14_Function_baseC2Ev
FN:241,245,_ZNSt14_Function_baseD2Ev
FN:247,247,_ZNKSt14_Function_base8_M_emptyEv
FN:267,285,_ZNSt17_Function_handlerIFvR7StorageP10IContainer17ContainerPositionIiEEZNS0_C4EiiiidEUlS1_S3_S5_E0_E10_M_managerERSt9_Any_dataRKS9_St18_Manager_operation
FN:267,285,_ZNSt17_Function_handlerIFvR7StorageP10IContainer17ContainerPositionIiEEZNS0_C4EiiiidEUlS1_S3_S5_E_E10_M_managerERSt9_Any_dataRKS9_St18_Manager_operation
FN:288,292,_ZNSt17_Function_handlerIFvR7StorageP10IContainer17ContainerPositionIiEEZNS0_C4EiiiidEUlS1_S3_S5_E0_E9_M_invokeERKSt9_Any_dataS1_OS3_OS5_
FN:288,292,_ZNSt17_Function_handlerIFvR7StorageP10IContainer17ContainerPositionIiEEZNS0_C4EiiiidEUlS1_S3_S5_E_E9_M_invokeERKSt9_Any_dataS1_OS3_OS5_
FN:386,395,_ZNSt8functionIFvR7StorageP10IContainer17ContainerPositionIiEEEC2ERKS7_
FN:404,414,_ZNSt8functionIFvR7StorageP10IContainer17ContainerPositionIiEEEC2EOS7_
FN:435,454,_ZNSt8functionIFvR7StorageP10IContainer17ContainerPositionIiEEEC2IZNS0_C4EiiiidEUlS1_S3_S5_E0_vEEOT_
FN:435,454,_ZNSt8functionIFvR7StorageP10IContainer17ContainerPositionIiEEEC2IZNS0_C4EiiiidEUlS1_S3_S5_E_vEEOT_
FN:573,574,_ZNKSt8functionIFvR7StorageP10IContainer17ContainerPositionIiEEEcvbEv
FN:587,592,_ZNKSt8functionIFvR7StorageP10IContainer17ContainerPositionIiEEEclES1_S3_S5_
FN:85,85,_ZNSt9_Any_data9_M_accessEv
FN:86,86,_ZNKSt9_Any_data9_M_accessEv
FN:90,91,_ZNSt9_Any_data9_M_accessIPKSt9type_infoEERT_v
FN:90,91,_ZNSt9_Any_data9_M_accessIPZN7StorageC4EiiiidEUlRS1_P10IContainer17ContainerPositionIiEE0_EERT_v
FN:90,91,_ZNSt9_Any_data9_M_accessIPZN7StorageC4EiiiidEUlRS1_P10IContainer17ContainerPositionIiEE_EERT_v
FN:90,91,_ZNSt9_Any_data9_M_accessIZN7StorageC4EiiiidEUlRS1_P10IContainer17ContainerPositionIiEE0_EERT_v
FN:90,91,_ZNSt9_Any_data9_M_accessIZN7StorageC4EiiiidEUlRS1_P10IContainer17ContainerPositionIiEE_EERT_v
FN:95,96,_ZNKSt9_Any_data9_M_accessIZN7StorageC4EiiiidEUlRS1_P10IContainer17ContainerPositionIiEE0_EERKT_v
FN:95,96,_ZNKSt9_Any_data9_M_accessIZN7StorageC4EiiiidEUlRS1_P10IContainer17ContainerPositionIiEE_EERKT_v
FNDA:102,_ZNSt14_Function_base13_Base_managerIZN7StorageC4EiiiidEUlRS1_P10IContainer17ContainerPositionIiEE0_E14_M_get_pointerERKSt9_Any_data
FNDA:104,_ZNSt14_Function_base13_Base_managerIZN7StorageC4EiiiidEUlRS1_P10IContainer17ContainerPositionIiEE_E14_M_get_pointerERKSt9_Any_data
FNDA:24,_ZNSt14_Function_base13_Base_managerIZN7StorageC4EiiiidEUlRS1_P10IContainer17ContainerPositionIiEE0_E9_M_createIRKS7_EEvRSt9_Any_dataOT_St17integral_constantIbLb1EE
FNDA:14,_ZNSt14_Function_base13_Base_managerIZN7StorageC4EiiiidEUlRS1_P10IContainer17ContainerPositionIiEE0_E9_M_createIS7_EEvRSt9_Any_dataOT_St17integral_constantIbLb1EE
FNDA:24,_ZNSt14_Function_base13_Base_managerIZN7StorageC4EiiiidEUlRS1_P10IContainer17ContainerPositionIiEE_E9_M_createIRKS7_EEvRSt9_Any_dataOT_St17integral_constantIbLb1EE
FNDA:14,_ZNSt14_Function_base13_Base_managerIZN7StorageC4EiiiidEUlRS1_P10IContainer17ContainerPositionIiEE_E9_M_createIS7_EEvRSt9_Any_dataOT_St17integral_constantIbLb1EE
FNDA:38,_ZNSt14_Function_base13_Base_managerIZN7StorageC4EiiiidEUlRS1_P10IContainer17ContainerPositionIiEE0_E10_M_destroyERSt9_Any_dataSt17integral_constantIbLb1EE
FNDA:38,_ZNSt14_Function_base13_Base_managerIZN7StorageC4EiiiidEUlRS1_P10IContainer17ContainerPositionIiEE_E10_M_destroyERSt9_Any_dataSt17integral_constantIbLb1EE
FNDA:62,_ZNSt14_Function_base13_Base_managerIZN7StorageC4EiiiidEUlRS1_P10IContainer17ContainerPositionIiEE0_E10_M_managerERSt9_Any_dataRKS9_St18_Manager_operation
FNDA:62,_ZNSt14_Function_base13_Base_managerIZN7StorageC4EiiiidEUlRS1_P10IContainer17ContainerPositionIiEE_E10_M_managerERSt9_Any_dataRKS9_St18_Manager_operation
FNDA:24,_ZNSt14_Function_base13_Base_managerIZN7StorageC4EiiiidEUlRS1_P10IContainer17ContainerPositionIiEE0_E15_M_init_functorIRKS7_EEvRSt9_Any_dataOT_
FNDA:14,_ZNSt14_Function_base13_Base_managerIZN7StorageC4EiiiidEUlRS1_P10IContainer17ContainerPositionIiEE0_E15_M_init_functorIS7_EEvRSt9_Any_dataOT_
FNDA:24,_ZNSt14_Function_base13_Base_managerIZN7StorageC4EiiiidEUlRS1_P10IContainer17ContainerPositionIiEE_E15_M_init_functorIRKS7_EEvRSt9_Any_dataOT_
FNDA:14,_ZNSt14_Function_base13_Base_managerIZN7StorageC4EiiiidEUlRS1_P10IContainer17ContainerPositionIiEE_E15_M_init_functorIS7_EEvRSt9_Any_dataOT_
FNDA:14,_ZNSt14_Function_base13_Base_managerIZN7StorageC4EiiiidEUlRS1_P10IContainer17ContainerPositionIiEE0_E21_M_not_empty_functionIS7_EEbRKT_
FNDA:14,_ZNSt14_Function_base13_Base_managerIZN7StorageC4EiiiidEUlRS1_P10IContainer17ContainerPositionIiEE_E21_M_not_empty_functionIS7_EEbRKT_
FNDA:0,_ZNSt14_Function_baseC2Ev
FNDA:0,_ZNSt14_Function_baseD2Ev
FNDA:224,_ZNKSt14_Function_base8_M_emptyEv
FNDA:62,_ZNSt17_Function_handlerIFvR7StorageP10IContainer17ContainerPositionIiEEZNS0_C4EiiiidEUlS1_S3_S5_E0_E10_M_managerERSt9_Any_dataRKS9_St18_Manager_operation
FNDA:62,_ZNSt17_Function_handlerIFvR7StorageP10IContainer17ContainerPositionIiEEZNS0_C4EiiiidEUlS1_S3_S5_E_E10_M_managerERSt9_Any_dataRKS9_St18_Manager_operation
FNDA:78,_ZNSt17_Function_handlerIFvR7StorageP10IContainer17ContainerPositionIiEEZNS0_C4EiiiidEUlS1_S3_S5_E0_E9_M_invokeERKSt9_Any_dataS1_OS3_OS5_
FNDA:80,_ZNSt17_Function_handlerIFvR7StorageP10IContainer17ContainerPositionIiEEZNS0_C4EiiiidEUlS1_S3_S5_E_E9_M_invokeERKSt9_Any_dataS1_OS3_OS5_
FNDA:50,_ZNSt8functionIFvR7StorageP10IContainer17ContainerPositionIiEEEC2ERKS7_
FNDA:16,_ZNSt8functionIFvR7StorageP10IContainer17ContainerPositionIiEEEC2EOS7_
FNDA:14,_ZNSt8functionIFvR7StorageP10IContainer17ContainerPositionIiEEEC2IZNS0_C4EiiiidEUlS1_S3_S5_E0_vEEOT_
FNDA:14,_ZNSt8functionIFvR7StorageP10IContainer17ContainerPositionIiEEEC2IZNS0_C4EiiiidEUlS1_S3_S5_E_vEEOT_
FNDA:66,_ZNKSt8functionIFvR7StorageP10IContainer17ContainerPositionIiEEEcvbEv
FNDA:158,_ZNKSt8functionIFvR7StorageP10IContainer17ContainerPositionIiEEEclES1_S3_S5_
FNDA:0,_ZNSt9_Any_data9_M_accessEv
FNDA:0,_ZNKSt9_Any_data9_M_accessEv
FNDA:0,_ZNSt9_Any_data9_M_accessIPKSt9type_infoEERT_v
FNDA:0,_ZNSt9_Any_data9_M_accessIPZN7StorageC4EiiiidEUlRS1_P10IContainer17ContainerPositionIiEE0_EERT_v
FNDA:0,_ZNSt9_Any_data9_M_accessIPZN7StorageC4EiiiidEUlRS1_P10IContainer17ContainerPositionIiEE_EERT_v
FNDA:38,_ZNSt9_Any_data9_M_accessIZN7StorageC4EiiiidEUlRS1_P10IContainer17ContainerPositionIiEE0_EERT_v
FNDA:38,_ZNSt9_Any_data9_M_accessIZN7StorageC4EiiiidEUlRS1_P10IContainer17ContainerPositionIiEE_EERT_v
FNDA:102,_ZNKSt9_Any_data9_M_accessIZN7StorageC4EiiiidEUlRS1_P10IContainer17ContainerPositionIiEE0_EERKT_v
FNDA:104,_ZNKSt9_Any_data9_M_accessIZN7StorageC4EiiiidEUlRS1_P10IContainer17ContainerPositionIiEE_EERKT_v
FNF:38
FNH:31
DA:85,0
DA:86,0
DA:90,76
DA:91,76
DA:95,206
DA:96,206
DA:134,206
DA:138,206
DA:139,206
DA:150,76
DA:152,76
DA:153,76
DA:166,76
DA:168,76
DA:169,76
DA:180,124
DA:183,124
DA:185,0
DA:187,0
DA:191,0
DA:193,0
DA:194,0
DA:195,0
DA:197,48
DA:198,48
DA:199,48
DA:200,48
DA:202,76
DA:203,76
DA:204,76
DA:206,124
DA:211,76
DA:215,76
DA:216,76
DA:235,28
DA:236,28
DA:239,0
DA:241,0
DA:243,0
DA:244,0
DA:245,0
DA:247,224
DA:267,124
DA:270,124
DA:273,0
DA:274,0
DA:275,0
DA:277,0
DA:278,0
DA:279,0
DA:281,124
DA:282,124
DA:284,124
DA:288,158
DA:290,158
DA:291,148
DA:386,50
DA:387,50
DA:389,50
DA:391,50
DA:392,50
DA:393,50
DA:395,50
DA:404,16
DA:405,16
DA:407,16
DA:409,16
DA:410,16
DA:411,16
DA:412,16
DA:414,16
DA:435,28
DA:437,28
DA:447,28
DA:449,28
DA:451,28
DA:452,28
DA:454,28
DA:573,66
DA:574,66
DA:587,158
DA:589,158
DA:590,0
DA:591,158
LF:84
LH:64
end_of_record
TN:
SF:/usr/include/c++/13/bits/std_mutex.h
FN:104,104,_ZNSt5mutexC2Ev
FN:111,118,_ZNSt5mutex4lockEv
FN:129,133,_ZNSt5mutex6unlockEv
FN:67,67,_ZNSt12__mutex_baseC2Ev
FNDA:22,_ZNSt5mutexC2Ev
FNDA:5828,_ZNSt5mutex4lockEv
FNDA:5845,_ZNSt5mutex6unlockEv
FNDA:22,_ZNSt12__mutex_baseC2Ev
FNF:4
FNH:4
DA:67,22
DA:104,22
DA:111,5828
DA:113,5828
DA:116,5879
DA:117,0
DA:118,5879
DA:129,5845
DA:132,5845
DA:133,5867
LF:10
LH:9
end_of_record
TN:
SF:/usr/include/c++/13/bits/std_thread.h
FN:143,148,_ZNSt6thread24_M_thread_deps_never_runEv
FN:154,167,_ZNSt6threadC2IM7StorageFbP10IContaineriiEJPS1_RS3_RiS8_EvEEOT_DpOT0_
FN:154,167,_ZNSt6threadC2IM7StorageFvP10IContainerRSt6vectorImSaImEEmEJPS1_RS3_St17reference_wrapperIS6_ERmEvEEOT_DpOT0_
FN:170,174,_ZNSt6threadD2Ev
FN:178,179,_ZNSt6threadC2EOS_
FN:192,193,_ZNSt6thread4swapERS_
FN:196,197,_ZNKSt6thread8joinableEv
FN:239,241,_ZNSt6thread11_State_implINS_8_InvokerISt5tupleIJM7StorageFbP10IContaineriiEPS3_S5_iiEEEEEC2IJS7_S8_RS5_RiSE_EEEDpOT_
FN:239,241,_ZNSt6thread11_State_implINS_8_InvokerISt5tupleIJM7StorageFvP10IContainerRSt6vectorImSaImEEmEPS3_S5_St17reference_wrapperIS8_EmEEEEEC2IJSB_SC_RS5_SE_RmEEEDpOT_
FN:244,244,_ZNSt6thread11_State_implINS_8_InvokerISt5tupleIJM7StorageFbP10IContaineriiEPS3_S5_iiEEEEE6_M_runEv
FN:244,244,_ZNSt6thread11_State_implINS_8_InvokerISt5tupleIJM7StorageFvP10IContainerRSt6vectorImSaImEEmEPS3_S5_St17reference_wrapperIS8_EmEEEEE6_M_runEv
FN:276,278,_ZNSt6thread8_InvokerISt5tupleIJM7StorageFbP10IContaineriiEPS2_S4_iiEEEC2IJS6_S7_RS4_RiSC_EEEDpOT_
FN:276,278,_ZNSt6thread8_InvokerISt5tupleIJM7StorageFvP10IContainerRSt6vectorImSaImEEmEPS2_S4_St17reference_wrapperIS7_EmEEEC2IJSA_SB_RS4_SD_RmEEEDpOT_
FN:291,292,_ZNSt6thread8_InvokerISt5tupleIJM7StorageFbP10IContaineriiEPS2_S4_iiEEE9_M_invokeIJLm0ELm1ELm2ELm3ELm4EEEEbSt12_Index_tupleIJXspT_EEE
FN:291,292,_ZNSt6thread8_InvokerISt5tupleIJM7StorageFvP10IContainerRSt6vectorImSaImEEmEPS2_S4_St17reference_wrapperIS7_EmEEE9_M_invokeIJLm0ELm1ELm2ELm3ELm4EEEEvSt12_Index_tupleIJXspT_EEE
FN:295,300,_ZNSt6thread8_InvokerISt5tupleIJM7StorageFbP10IContaineriiEPS2_S4_iiEEEclEv
FN:295,300,_ZNSt6thread8_InvokerISt5tupleIJM7StorageFvP10IContainerRSt6vectorImSaImEEmEPS2_S4_St17reference_wrapperIS7_EmEEEclEv
FN:324,331,_ZSteqNSt6thread2idES0_
FN:97,97,_ZNSt6thread2idC2Ev
FNDA:0,_ZNSt6thread24_M_thread_deps_never_runEv
FNDA:107,_ZNSt6threadC2IM7StorageFbP10IContaineriiEJPS1_RS3_RiS8_EvEEOT_DpOT0_
FNDA:6,_ZNSt6threadC2IM7StorageFvP10IContainerRSt6vectorImSaImEEmEJPS1_RS3_St17reference_wrapperIS6_ERmEvEEOT_DpOT0_
FNDA:131,_ZNSt6threadD2Ev
FNDA:18,_ZNSt6threadC2EOS_
FNDA:18,_ZNSt6thread4swapERS_
FNDA:131,_ZNKSt6thread8joinableEv
FNDA:107,_ZNSt6thread11_State_implINS_8_InvokerISt5tupleIJM7StorageFbP10IContaineriiEPS3_S5_iiEEEEEC2IJS7_S8_RS5_RiSE_EEEDpOT_
FNDA:6,_ZNSt6thread11_State_implINS_8_InvokerISt5tupleIJM7StorageFvP10IContainerRSt6vectorImSaImEEmEPS3_S5_St17reference_wrapperIS8_EmEEEEEC2IJSB_SC_RS5_SE_RmEEEDpOT_
FNDA:107,_ZNSt6thread11_State_implINS_8_InvokerISt5tupleIJM7StorageFbP10IContaineriiEPS3_S5_iiEEEEE6_M_runEv
FNDA:6,_ZNSt6thread11_State_implINS_8_InvokerISt5tupleIJM7StorageFvP10IContainerRSt6vectorImSaImEEmEPS3_S5_St17reference_wrapperIS8_EmEEEEE6_M_runEv
FNDA:107,_ZNSt6thread8_InvokerISt5tupleIJM7StorageFbP10IContaineriiEPS2_S4_iiEEEC2IJS6_S7_RS4_RiSC_EEEDpOT_
FNDA:6,_ZNSt6thread8_InvokerISt5tupleIJM7StorageFvP10IContainerRSt6vectorImSaImEEmEPS2_S4_St17reference_wrapperIS7_EmEEEC2IJSA_SB_RS4_SD_RmEEEDpOT_
FNDA:107,_ZNSt6thread8_InvokerISt5tupleIJM7StorageFbP10IContaineriiEPS2_S4_iiEEE9_M_invokeIJLm0ELm1ELm2ELm3ELm4EEEEbSt12_Index_tupleIJXspT_EEE
FNDA:6,_ZNSt6thread8_InvokerISt5tupleIJM7StorageFvP10IContainerRSt6vectorImSaImEEmEPS2_S4_St17reference_wrapperIS7_EmEEE9_M_invokeIJLm0ELm1ELm2ELm3ELm4EEEEvSt12_Index_tupleIJXspT_EEE
FNDA:107,_ZNSt6thread8_InvokerISt5tupleIJM7StorageFbP10IContaineriiEPS2_S4_iiEEEclEv
FNDA:6,_ZNSt6thread8_InvokerISt5tupleIJM7StorageFvP10IContainerRSt6vectorImSaImEEmEPS2_S4_St17reference_wrapperIS7_EmEEEclEv
FNDA:131,_ZSteqNSt6thread2idES0_
FNDA:261,_ZNSt6thread2idC2Ev
FNF:19
FNH:18
DA:97,261
DA:143,0
DA:148,0
DA:154,113
DA:155,113
DA:164,113
DA:167,113
DA:170,131
DA:172,131
DA:174,131
DA:178,18
DA:179,18
DA:192,18
DA:193,18
DA:196,131
DA:197,131
DA:239,113
DA:240,113
DA:241,113
DA:244,113
DA:276,113
DA:277,113
DA:278,113
DA:291,113
DA:292,113
DA:295,113
DA:299,113
DA:324,131
DA:330,131
LF:29
LH:27
end_of_record
TN:
SF:/usr/include/c++/13/bits/stl_algo.h
FN:1631,1639,_ZSt13__heap_selectIN9__gnu_cxx17__normal_iteratorIPSt4pairI17ContainerPositionIiEP10IContainerESt6vectorIS7_SaIS7_EEEENS0_5__ops15_Iter_comp_iterIPFbRS7_SF_EEEEvT_SJ_SJ_T0_
FN:1792,1806,_ZSt25__unguarded_linear_insertIN9__gnu_cxx17__normal_iteratorIPSt4pairI17ContainerPositionIiEP10IContainerESt6vectorIS7_SaIS7_EEEENS0_5__ops14_Val_comp_iterIPFbRS7_SF_EEEEvT_T0_
FN:1812,1830,_ZSt16__insertion_sortIN9__gnu_cxx17__normal_iteratorIPSt4pairI17ContainerPositionIiEP10IContainerESt6vectorIS7_SaIS7_EEEENS0_5__ops15_Iter_comp_iterIPFbRS7_SF_EEEEvT_SJ_T0_
FN:1836,1842,_ZSt26__unguarded_insertion_sortIN9__gnu_cxx17__normal_iteratorIPSt4pairI17ContainerPositionIiEP10IContainerESt6vectorIS7_SaIS7_EEEENS0_5__ops15_Iter_comp_iterIPFbRS7_SF_EEEEvT_SJ_T0_
FN:1854,1865,_ZSt22__final_insertion_sortIN9__gnu_cxx17__normal_iteratorIPSt4pairI17ContainerPositionIiEP10IContainerESt6vectorIS7_SaIS7_EEEENS0_5__ops15_Iter_comp_iterIPFbRS7_SF_EEEEvT_SJ_T0_
FN:1871,1887,_ZSt21__unguarded_partitionIN9__gnu_cxx17__normal_iteratorIPSt4pairI17ContainerPositionIiEP10IContainerESt6vectorIS7_SaIS7_EEEENS0_5__ops15_Iter_comp_iterIPFbRS7_SF_EEEET_SJ_SJ_SJ_T0_
FN:1893,1900,_ZSt27__unguarded_partition_pivotIN9__gnu_cxx17__normal_iteratorIPSt4pairI17ContainerPositionIiEP10IContainerESt6vectorIS7_SaIS7_EEEENS0_5__ops15_Iter_comp_iterIPFbRS7_SF_EEEET_SJ_SJ_T0_
FN:1905,1912,_ZSt14__partial_sortIN9__gnu_cxx17__normal_iteratorIPSt4pairI17ContainerPositionIiEP10IContainerESt6vectorIS7_SaIS7_EEEENS0_5__ops15_Iter_comp_iterIPFbRS7_SF_EEEEvT_SJ_SJ_T0_
FN:1918,1935,_ZSt16__introsort_loopIN9__gnu_cxx17__normal_iteratorIPSt4pairI17ContainerPositionIiEP10IContainerESt6vectorIS7_SaIS7_EEEElNS0_5__ops15_Iter_comp_iterIPFbRS7_SF_EEEEvT_SJ_T0_T1_
FN:1942,1952,_ZSt6__sortIN9__gnu_cxx17__normal_iteratorIPSt4pairI17ContainerPositionIiEP10IContainerESt6vectorIS7_SaIS7_EEEENS0_5__ops15_Iter_comp_iterIPFbRS7_SF_EEEEvT_SJ_T0_
FN:4882,4895,_ZSt4sortIN9__gnu_cxx17__normal_iteratorIPSt4pairI17ContainerPositionIiEP10IContainerESt6vectorIS7_SaIS7_EEEEPFbRS7_SD_EEvT_SG_T0_
FN:5644,5654,_ZSt13__min_elementIPKiN9__gnu_cxx5__ops15_Iter_less_iterEET_S5_S5_T0_
FN:5709,5718,_ZSt13__max_elementIPKiN9__gnu_cxx5__ops15_Iter_less_iterEET_S5_S5_T0_
FN:5775,5780,_ZSt3minIiET_St16initializer_listIS0_E
FN:5795,5800,_ZSt3maxIiET_St16initializer_listIS0_E
[...]
FN:445,524,_ZNSt6vectorISt8functionIFvR7StorageP10IContainer17ContainerPositionIiEEESaIS8_EE17_M_realloc_insertIJRKS8_EEEvN9__gnu_cxx17__normal_iteratorIPS8_SA_EEDpOT_
FN:751,839,_ZNSt6vectorISt4pairI17ContainerPositionIiEP10IContainerESaIS5_EE15_M_range_insertIN9__gnu_cxx17__normal_iteratorIPS5_S7_EEEEvSC_T_SD_St20forward_iterator_tag
FNDA:18,_ZNSt6vectorINSt7__cxx1112basic_stringIcSt11char_traitsIcESaIcEEESaIS5_EE12emplace_backIJS5_EEERS5_DpOT_
FNDA:170,_ZNSt6vectorISt4pairI17ContainerPositionIiEP10IContainerESaIS5_EE12emplace_backIJS5_EEERS5_DpOT_
FNDA:107,_ZNSt6vectorISt6threadSaIS0_EE12emplace_backIJM7StorageFbP10IContaineriiEPS4_RS6_RiSB_EEERS0_DpOT_
FNDA:6,_ZNSt6vectorISt6threadSaIS0_EE12emplace_backIJM7StorageFvP10IContainerRS_ImSaImEEmEPS4_RS6_St17reference_wrapperIS8_ERmEEERS0_DpOT_
FNDA:53,_ZNSt6vectorISt4pairI17ContainerPositionIiEP10IContainerESaIS5_EE8_M_eraseEN9__gnu_cxx17__normal_iteratorIPS5_S7_EESB_
FNDA:7,_ZNSt6vectorISt4pairI17ContainerPositionIiEP10IContainerESaIS5_EE14_M_insert_rvalEN9__gnu_cxx17__normal_iteratorIPKS5_S7_EEOS5_
FNDA:0,_ZNSt6vectorISt4pairI17ContainerPositionIiEP10IContainerESaIS5_EE13_M_insert_auxIS5_EEvN9__gnu_cxx17__normal_iteratorIPS5_S7_EEOT_
FNDA:6,_ZNSt6vectorINSt7__cxx1112basic_stringIcSt11char_traitsIcESaIcEEESaIS5_EE17_M_realloc_insertIJRKS5_EEEvN9__gnu_cxx17__normal_iteratorIPS5_S7_EEDpOT_
FNDA:21,_ZNSt6vectorINSt7__cxx1112basic_stringIcSt11char_traitsIcESaIcEEESaIS5_EE17_M_realloc_insertIJS5_EEEvN9__gnu_cxx17__normal_iteratorIPS5_S7_EEDpOT_
FNDA:103,_ZNSt6vectorISt4pairI17ContainerPositionIiEP10IContainerESaIS5_EE17_M_realloc_insertIJRKS5_EEEvN9__gnu_cxx17__normal_iteratorIPS5_S7_EEDpOT_
FNDA:93,_ZNSt6vectorISt4pairI17ContainerPositionIiEP10IContainerESaIS5_EE17_M_realloc_insertIJS5_EEEvN9__gnu_cxx17__normal_iteratorIPS5_S7_EEDpOT_
FNDA:105,_ZNSt6vectorISt6threadSaIS0_EE17_M_realloc_insertIJM7StorageFbP10IContaineriiEPS4_RS6_RiSB_EEEvN9__gnu_cxx17__normal_iteratorIPS0_S2_EEDpOT_
FNDA:4,_ZNSt6vectorISt6threadSaIS0_EE17_M_realloc_insertIJM7StorageFvP10IContainerRS_ImSaImEEmEPS4_RS6_St17reference_wrapperIS8_ERmEEEvN9__gnu_cxx17__normal_iteratorIPS0_S2_EEDpOT_
FNDA:29,_ZNSt6vectorISt8functionIFvR7StorageP10IContainer17ContainerPositionIiEEESaIS8_EE17_M_realloc_insertIJRKS8_EEEvN9__gnu_cxx17__normal_iteratorIPS8_SA_EEDpOT_
FNDA:5429,_ZNSt6vectorISt4pairI17ContainerPositionIiEP10IContainerESaIS5_EE15_M_range_insertIN9__gnu_cxx17__normal_iteratorIPS5_S7_EEEEvSC_T_SD_St20forward_iterator_tag
FNF:15
FNH:14
DA:111,301
DA:114,301
DA:117,94
DA:119,94
DA:123,207
DA:125,301
DA:195,53
DA:198,53
DA:200,53
DA:201,0
DA:202,53
DA:204,53
DA:356,7
DA:359,7
DA:360,7
DA:361,0
DA:364,0
DA:365,0
DA:366,0
DA:370,0
DA:372,7
DA:374,7
DA:413,0
DA:423,0
DA:424,0
DA:425,0
DA:430,0
DA:436,0
DA:438,0
DA:445,361
DA:455,361
DA:456,361
DA:457,361
DA:458,361
DA:459,361
DA:460,361
DA:468,361
DA:469,361
DA:475,361
DA:480,361
DA:481,361
DA:483,361
DA:485,361
DA:486,361
DA:504,0
DA:506,0
DA:507,0
DA:508,0
DA:510,0
DA:511,0
DA:512,0
DA:519,361
DA:520,361
DA:521,361
DA:522,361
DA:523,361
DA:524,361
DA:751,5429
DA:755,5429
DA:757,5417
DA:758,5417
DA:759,5417
DA:761,36
DA:762,36
DA:763,36
DA:766,0
DA:769,0
DA:770,0
DA:772,0
DA:774,0
DA:778,36
DA:781,36
DA:783,36
DA:784,36
DA:786,36
DA:789,36
DA:790,36
DA:792,36
DA:800,5381
DA:801,5381
DA:804,5381
DA:805,5382
DA:806,5463
DA:811,5457
DA:812,5463
DA:814,5452
DA:816,5456
DA:819,5422
DA:820,5423
DA:822,0
DA:825,0
DA:826,0
DA:827,0
DA:830,5438
DA:832,5438
DA:833,5438
DA:834,5441
DA:835,5441
DA:836,5441
DA:839,5476
LF:100
LH:71
end_of_record
TN:
SF:/usr/include/c++/13/compare
FN:1214,1233,_ZNKSt8__detail10_Synth3wayclIPSt4pairI17ContainerPositionIiEP10IContainerES8_EEDaRKT_RKT0_
FN:292,293,_ZStltSt15strong_orderingNSt9__cmp_cat8__unspecE
FNDA:0,_ZNKSt8__detail10_Synth3wayclIPSt4pairI17ContainerPositionIiEP10IContainerES8_EEDaRKT_RKT0_
FNDA:0,_ZStltSt15strong_orderingNSt9__cmp_cat8__unspecE
FNF:2
FNH:0
DA:292,0
DA:293,0
DA:1214,0
DA:1223,0
LF:4
LH:0
end_of_record
TN:
SF:/usr/include/c++/13/ext/alloc_traits.h
FNF:0
FNH:0
DA:98,2759
LF:1
LH:1
end_of_record
TN:
SF:/usr/include/c++/13/ext/string_conversions.h
FN:101,118,_ZN9__gnu_cxx12__to_xstringINSt7__cxx1112basic_stringIcSt11char_traitsIcESaIcEEEcEET_PFiPT0_mPKS8_P13__va_list_tagEmSB_z
FNDA:4,_ZN9__gnu_cxx12__to_xstringINSt7__cxx1112basic_stringIcSt11char_traitsIcESaIcEEEcEET_PFiPT0_mPKS8_P13__va_list_tagEmSB_z
FNF:1
FNH:1
DA:101,4
DA:107,4
DA:111,4
DA:113,4
DA:115,4
DA:117,8
LF:6
LH:6
end_of_record
TN:
SF:/usr/include/c++/13/initializer_list
FN:69,69,_ZNKSt16initializer_listIiE4sizeEv
FN:73,73,_ZNKSt16initializer_listIiE5beginEv
FN:77,77,_ZNKSt16initializer_listIiE3endEv
FNDA:106925,_ZNKSt16initializer_listIiE4sizeEv
FNDA:173901,_ZNKSt16initializer_listIiE5beginEv
FNDA:101519,_ZNKSt16initializer_listIiE3endEv
FNF:3
FNH:3
DA:69,106925
DA:73,173901
DA:77,101519
LF:3
LH:3
end_of_record
TN:
SF:/usr/include/c++/13/new
FN:174,175,_ZnwmPv
FN:180,180,_ZdlPvS_
FNDA:0,_ZnwmPv
FNDA:0,_ZdlPvS_
FNF:2
FNH:0
DA:174,0
DA:175,0
DA:180,0
LF:3
LH:0
end_of_record
TN:
SF:/usr/include/c++/13/shared_mutex
FN:163,163,_ZNSt22__shared_mutex_pthreadC2Ev
FN:415,415,_ZNSt12shared_mutexC2Ev
FNDA:22,_ZNSt22__shared_mutex_pthreadC2Ev
FNDA:22,_ZNSt12shared_mutexC2Ev
FNF:2
FNH:2
DA:163,22
DA:415,22
LF:2
LH:2
end_of_record
TN:
SF:/usr/include/c++/13/tuple
FN:125,125,_ZNSt10_Head_baseILm1ESt14default_deleteINSt6thread6_StateEELb1EE7_M_headERS4_
FN:1317,1319,_ZNSt5tupleIJPNSt6thread6_StateESt14default_deleteIS1_EEEC2ILb1ELb1EEEv
FN:1787,1788,_ZSt12__get_helperILm0EM7StorageFbP10IContaineriiEJPS0_S2_iiEERT0_RSt11_Tuple_implIXT_EJS6_DpT1_EE
FN:1787,1788,_ZSt12__get_helperILm0EM7StorageFvP10IContainerRSt6vectorImSaImEEmEJPS0_S2_St17reference_wrapperIS5_EmEERT0_RSt11_Tuple_implIXT_EJSC_DpT1_EE
FN:1787,1788,_ZSt12__get_helperILm0EPNSt6thread6_StateEJSt14default_deleteIS1_EEERT0_RSt11_Tuple_implIXT_EJS5_DpT1_EE
FN:1787,1788,_ZSt12__get_helperILm1EP7StorageJP10IContainerSt17reference_wrapperISt6vectorImSaImEEEmEERT0_RSt11_Tuple_implIXT_EJS9_DpT1_EE
FN:1787,1788,_ZSt12__get_helperILm1EP7StorageJP10IContaineriiEERT0_RSt11_Tuple_implIXT_EJS4_DpT1_EE
FN:1787,1788,_ZSt12__get_helperILm1ESt14default_deleteINSt6thread6_StateEEJEERT0_RSt11_Tuple_implIXT_EJS4_DpT1_EE
FN:1787,1788,_ZSt12__get_helperILm2EP10IContainerJSt17reference_wrapperISt6vectorImSaImEEEmEERT0_RSt11_Tuple_implIXT_EJS7_DpT1_EE
FN:1787,1788,_ZSt12__get_helperILm2EP10IContainerJiiEERT0_RSt11_Tuple_implIXT_EJS2_DpT1_EE
FN:1787,1788,_ZSt12__get_helperILm3ESt17reference_wrapperISt6vectorImSaImEEEJmEERT0_RSt11_Tuple_implIXT_EJS5_DpT1_EE
FN:1787,1788,_ZSt12__get_helperILm3EiJiEERT0_RSt11_Tuple_implIXT_EJS0_DpT1_EE
FN:1787,1788,_ZSt12__get_helperILm4EiJEERT0_RSt11_Tuple_implIXT_EJS0_DpT1_EE
FN:1787,1788,_ZSt12__get_helperILm4EmJEERT0_RSt11_Tuple_implIXT_EJS0_DpT1_EE
FN:1803,1804,_ZSt3getILm0EJPNSt6thread6_StateESt14default_deleteIS1_EEERNSt13tuple_elementIXT_ESt5tupleIJDpT0_EEE4typeERS9_
FN:1803,1804,_ZSt3getILm1EJPNSt6thread6_StateESt14default_deleteIS1_EEERNSt13tuple_elementIXT_ESt5tupleIJDpT0_EEE4typeERS9_
FN:1815,1819,_ZSt3getILm0EJM7StorageFbP10IContaineriiEPS0_S2_iiEEONSt13tuple_elementIXT_ESt5tupleIJDpT0_EEE4typeEOSA_
FN:1815,1819,_ZSt3getILm0EJM7StorageFvP10IContainerRSt6vectorImSaImEEmEPS0_S2_St17reference_wrapperIS5_EmEEONSt13tuple_elementIXT_ESt5tupleIJDpT0_EEE4typeEOSG_
FN:1815,1819,_ZSt3getILm1EJM7StorageFbP10IContaineriiEPS0_S2_iiEEONSt13tuple_elementIXT_ESt5tupleIJDpT0_EEE4typeEOSA_
FN:1815,1819,_ZSt3getILm1EJM7StorageFvP10IContainerRSt6vectorImSaImEEmEPS0_S2_St17reference_wrapperIS5_EmEEONSt13tuple_elementIXT_ESt5tupleIJDpT0_EEE4typeEOSG_
FN:1815,1819,_ZSt3getILm2EJM7StorageFbP10IContaineriiEPS0_S2_iiEEONSt13tuple_elementIXT_ESt5tupleIJDpT0_EEE4typeEOSA_
FN:1815,1819,_ZSt3getILm2EJM7StorageFvP10IContainerRSt6vectorImSaImEEmEPS0_S2_St17reference_wrapperIS5_EmEEONSt13tuple_elementIXT_ESt5tupleIJDpT0_EEE4typeEOSG_
FN:1815,1819,_ZSt3getILm3EJM7StorageFbP10IContaineriiEPS0_S2_iiEEONSt13tuple_elementIXT_ESt5tupleIJDpT0_EEE4typeEOSA_
FN:1815,1819,_ZSt3getILm3EJM7StorageFvP10IContainerRSt6vectorImSaImEEmEPS0_S2_St17reference_wrapperIS5_EmEEONSt13tuple_elementIXT_ESt5tupleIJDpT0_EEE4typeEOSG_
FN:1815,1819,_ZSt3getILm4EJM7StorageFbP10IContaineriiEPS0_S2_iiEEONSt13tuple_elementIXT_ESt5tupleIJDpT0_EEE4typeEOSA_
FN:1815,1819,_ZSt3getILm4EJM7StorageFvP10IContainerRSt6vectorImSaImEEmEPS0_S2_St17reference_wrapperIS5_EmEEONSt13tuple_elementIXT_ESt5tupleIJDpT0_EEE4typeEOSG_
FN:190,191,_ZNSt10_Head_baseILm0EPNSt6thread6_StateELb0EEC2Ev
FN:200,201,_ZNSt10_Head_baseILm0EM7StorageFbP10IContaineriiELb0EEC2IS4_EEOT_
FN:200,201,_ZNSt10_Head_baseILm0EM7StorageFvP10IContainerRSt6vectorImSaImEEmELb0EEC2IS8_EEOT_
FN:200,201,_ZNSt10_Head_baseILm1EP7StorageLb0EEC2IS1_EEOT_
FN:200,201,_ZNSt10_Head_baseILm2EP10IContainerLb0EEC2IRS1_EEOT_
FN:200,201,_ZNSt10_Head_baseILm3ESt17reference_wrapperISt6vectorImSaImEEELb0EEC2IS4_EEOT_
FN:200,201,_ZNSt10_Head_baseILm3EiLb0EEC2IRiEEOT_
FN:200,201,_ZNSt10_Head_baseILm4EiLb0EEC2IRiEEOT_
FN:200,201,_ZNSt10_Head_baseILm4EmLb0EEC2IRmEEOT_
FN:234,234,_ZNSt10_Head_baseILm0EM7StorageFbP10IContaineriiELb0EE7_M_headERS5_
FN:234,234,_ZNSt10_Head_baseILm0EM7StorageFvP10IContainerRSt6vectorImSaImEEmELb0EE7_M_headERS9_
FN:234,234,_ZNSt10_Head_baseILm0EPNSt6thread6_StateELb0EE7_M_headERS3_
FN:234,234,_ZNSt10_Head_baseILm1EP7StorageLb0EE7_M_headERS2_
FN:234,234,_ZNSt10_Head_baseILm2EP10IContainerLb0EE7_M_headERS2_
FN:234,234,_ZNSt10_Head_baseILm3ESt17reference_wrapperISt6vectorImSaImEEELb0EE7_M_headERS5_
FN:234,234,_ZNSt10_Head_baseILm3EiLb0EE7_M_headERS0_
FN:234,234,_ZNSt10_Head_baseILm4EiLb0EE7_M_headERS0_
FN:234,234,_ZNSt10_Head_baseILm4EmLb0EE7_M_headERS0_
FN:269,269,_ZNSt11_Tuple_implILm0EJM7StorageFbP10IContaineriiEPS0_S2_iiEE7_M_headERS6_
FN:269,269,_ZNSt11_Tuple_implILm0EJM7StorageFvP10IContainerRSt6vectorImSaImEEmEPS0_S2_St17reference_wrapperIS5_EmEE7_M_headERSC_
FN:269,269,_ZNSt11_Tuple_implILm0EJPNSt6thread6_StateESt14default_deleteIS1_EEE7_M_headERS5_
FN:269,269,_ZNSt11_Tuple_implILm1EJP7StorageP10IContainerSt17reference_wrapperISt6vectorImSaImEEEmEE7_M_headERS9_
FN:269,269,_ZNSt11_Tuple_implILm1EJP7StorageP10IContaineriiEE7_M_headERS4_
FN:269,269,_ZNSt11_Tuple_implILm2EJP10IContainerSt17reference_wrapperISt6vectorImSaImEEEmEE7_M_headERS7_
FN:269,269,_ZNSt11_Tuple_implILm2EJP10IContaineriiEE7_M_headERS2_
FN:269,269,_ZNSt11_Tuple_implILm3EJSt17reference_wrapperISt6vectorImSaImEEEmEE7_M_headERS5_
FN:269,269,_ZNSt11_Tuple_implILm3EJiiEE7_M_headERS0_
FN:280,281,_ZNSt11_Tuple_implILm0EJPNSt6thread6_StateESt14default_deleteIS1_EEEC2Ev
FN:291,294,_ZNSt11_Tuple_implILm0EJM7StorageFbP10IContaineriiEPS0_S2_iiEEC2IS4_JS5_RS2_RiS9_EvEEOT_DpOT0_
FN:291,294,_ZNSt11_Tuple_implILm0EJM7StorageFvP10IContainerRSt6vectorImSaImEEmEPS0_S2_St17reference_wrapperIS5_EmEEC2IS8_JS9_RS2_SB_RmEvEEOT_DpOT0_
FN:291,294,_ZNSt11_Tuple_implILm1EJP7StorageP10IContainerSt17reference_wrapperISt6vectorImSaImEEEmEEC2IS1_JRS3_S8_RmEvEEOT_DpOT0_
FN:291,294,_ZNSt11_Tuple_implILm1EJP7StorageP10IContaineriiEEC2IS1_JRS3_RiS7_EvEEOT_DpOT0_
FN:291,294,_ZNSt11_Tuple_implILm2EJP10IContainerSt17reference_wrapperISt6vectorImSaImEEEmEEC2IRS1_JS6_RmEvEEOT_DpOT0_
FN:291,294,_ZNSt11_Tuple_implILm2EJP10IContaineriiEEC2IRS1_JRiS5_EvEEOT_DpOT0_
FN:291,294,_ZNSt11_Tuple_implILm3EJSt17reference_wrapperISt6vectorImSaImEEEmEEC2IS4_JRmEvEEOT_DpOT0_
FN:291,294,_ZNSt11_Tuple_implILm3EJiiEEC2IRiJS2_EvEEOT_DpOT0_
FN:497,497,_ZNSt11_Tuple_implILm1EJSt14default_deleteINSt6thread6_StateEEEE7_M_headERS4_
FN:497,497,_ZNSt11_Tuple_implILm4EJiEE7_M_headERS0_
FN:497,497,_ZNSt11_Tuple_implILm4EJmEE7_M_headERS0_
FN:503,504,_ZNSt11_Tuple_implILm1EJSt14default_deleteINSt6thread6_StateEEEEC2Ev
FN:513,515,_ZNSt11_Tuple_implILm4EJiEEC2IRiEEOT_
FN:513,515,_ZNSt11_Tuple_implILm4EJmEEC2IRmEEOT_
FN:81,82,_ZNSt10_Head_baseILm1ESt14default_deleteINSt6thread6_StateEELb1EEC2Ev
FN:889,891,_ZNSt5tupleIJM7StorageFbP10IContaineriiEPS0_S2_iiEEC2IJS4_S5_RS2_RiS9_ELb1ELb1EEEDpOT_
FN:889,891,_ZNSt5tupleIJM7StorageFvP10IContainerRSt6vectorImSaImEEmEPS0_S2_St17reference_wrapperIS5_EmEEC2IJS8_S9_RS2_SB_RmELb1ELb1EEEDpOT_
FNDA:0,_ZNSt10_Head_baseILm1ESt14default_deleteINSt6thread6_StateEELb1EE7_M_headERS4_
FNDA:113,_ZNSt5tupleIJPNSt6thread6_StateESt14default_deleteIS1_EEEC2ILb1ELb1EEEv
FNDA:107,_ZSt12__get_helperILm0EM7StorageFbP10IContaineriiEJPS0_S2_iiEERT0_RSt11_Tuple_implIXT_EJS6_DpT1_EE
FNDA:6,_ZSt12__get_helperILm0EM7StorageFvP10IContainerRSt6vectorImSaImEEmEJPS0_S2_St17reference_wrapperIS5_EmEERT0_RSt11_Tuple_implIXT_EJSC_DpT1_EE
FNDA:226,_ZSt12__get_helperILm0EPNSt6thread6_StateEJSt14default_deleteIS1_EEERT0_RSt11_Tuple_implIXT_EJS5_DpT1_EE
FNDA:6,_ZSt12__get_helperILm1EP7StorageJP10IContainerSt17reference_wrapperISt6vectorImSaImEEEmEERT0_RSt11_Tuple_implIXT_EJS9_DpT1_EE
FNDA:107,_ZSt12__get_helperILm1EP7StorageJP10IContaineriiEERT0_RSt11_Tuple_implIXT_EJS4_DpT1_EE
FNDA:0,_ZSt12__get_helperILm1ESt14default_deleteINSt6thread6_StateEEJEERT0_RSt11_Tuple_implIXT_EJS4_DpT1_EE
FNDA:6,_ZSt12__get_helperILm2EP10IContainerJSt17reference_wrapperISt6vectorImSaImEEEmEERT0_RSt11_Tuple_implIXT_EJS7_DpT1_EE
FNDA:107,_ZSt12__get_helperILm2EP10IContainerJiiEERT0_RSt11_Tuple_implIXT_EJS2_DpT1_EE
FNDA:6,_ZSt12__get_helperILm3ESt17reference_wrapperISt6vectorImSaImEEEJmEERT0_RSt11_Tuple_implIXT_EJS5_DpT1_EE
FNDA:107,_ZSt12__get_helperILm3EiJiEERT0_RSt11_Tuple_implIXT_EJS0_DpT1_EE
FNDA:107,_ZSt12__get_helperILm4EiJEERT0_RSt11_Tuple_implIXT_EJS0_DpT1_EE
FNDA:6,_ZSt12__get_helperILm4EmJEERT0_RSt11_Tuple_implIXT_EJS0_DpT1_EE
FNDA:226,_ZSt3getILm0EJPNSt6thread6_StateESt14default_deleteIS1_EEERNSt13tuple_elementIXT_ESt5tupleIJDpT0_EEE4typeERS9_
FNDA:0,_ZSt3getILm1EJPNSt6thread6_StateESt14default_deleteIS1_EEERNSt13tuple_elementIXT_ESt5tupleIJDpT0_EEE4typeERS9_
FNDA:107,_ZSt3getILm0EJM7StorageFbP10IContaineriiEPS0_S2_iiEEONSt13tuple_elementIXT_ESt5tupleIJDpT0_EEE4typeEOSA_
FNDA:6,_ZSt3getILm0EJM7StorageFvP10IContainerRSt6vectorImSaImEEmEPS0_S2_St17reference_wrapperIS5_EmEEONSt13tuple_elementIXT_ESt5tupleIJDpT0_EEE4typeEOSG_
FNDA:107,_ZSt3getILm1EJM7StorageFbP10IContaineriiEPS0_S2_iiEEONSt13tuple_elementIXT_ESt5tupleIJDpT0_EEE4typeEOSA_
FNDA:6,_ZSt3getILm1EJM7StorageFvP10IContainerRSt6vectorImSaImEEmEPS0_S2_St17reference_wrapperIS5_EmEEONSt13tuple_elementIXT_ESt5tupleIJDpT0_EEE4typeEOSG_
FNDA:107,_ZSt3getILm2EJM7StorageFbP10IContaineriiEPS0_S2_iiEEONSt13tuple_elementIXT_ESt5tupleIJDpT0_EEE4typeEOSA_
FNDA:6,_ZSt3getILm2EJM7StorageFvP10IContainerRSt6vectorImSaImEEmEPS0_S2_St17reference_wrapperIS5_EmEEONSt13tuple_elementIXT_ESt5tupleIJDpT0_EEE4typeEOSG_
FNDA:107,_ZSt3getILm3EJM7StorageFbP10IContaineriiEPS0_S2_iiEEONSt13tuple_elementIXT_ESt5tupleIJDpT0_EEE4typeEOSA_
FNDA:6,_ZSt3getILm3EJM7StorageFvP10IContainerRSt6vectorImSaImEEmEPS0_S2_St17reference_wrapperIS5_EmEEONSt13tuple_elementIXT_ESt5tupleIJDpT0_EEE4typeEOSG_
FNDA:107,_ZSt3getILm4EJM7StorageFbP10IContaineriiEPS0_S2_iiEEONSt13tuple_elementIXT_ESt5tupleIJDpT0_EEE4typeEOSA_
FNDA:6,_ZSt3getILm4EJM7StorageFvP10IContainerRSt6vectorImSaImEEmEPS0_S2_St17reference_wrapperIS5_EmEEONSt13tuple_elementIXT_ESt5tupleIJDpT0_EEE4typeEOSG_
FNDA:113,_ZNSt10_Head_baseILm0EPNSt6thread6_StateELb0EEC2Ev
FNDA:107,_ZNSt10_Head_baseILm0EM7StorageFbP10IContaineriiELb0EEC2IS4_EEOT_
FNDA:6,_ZNSt10_Head_baseILm0EM7StorageFvP10IContainerRSt6vectorImSaImEEmELb0EEC2IS8_EEOT_
FNDA:113,_ZNSt10_Head_baseILm1EP7StorageLb0EEC2IS1_EEOT_
FNDA:113,_ZNSt10_Head_baseILm2EP10IContainerLb0EEC2IRS1_EEOT_
FNDA:6,_ZNSt10_Head_baseILm3ESt17reference_wrapperISt6vectorImSaImEEELb0EEC2IS4_EEOT_
FNDA:107,_ZNSt10_Head_baseILm3EiLb0EEC2IRiEEOT_
FNDA:107,_ZNSt10_Head_baseILm4EiLb0EEC2IRiEEOT_
FNDA:6,_ZNSt10_Head_baseILm4EmLb0EEC2IRmEEOT_
FNDA:107,_ZNSt10_Head_baseILm0EM7StorageFbP10IContaineriiELb0EE7_M_headERS5_
FNDA:6,_ZNSt10_Head_baseILm0EM7StorageFvP10IContainerRSt6vectorImSaImEEmELb0EE7_M_headERS9_
FNDA:226,_ZNSt10_Head_baseILm0EPNSt6thread6_StateELb0EE7_M_headERS3_
FNDA:113,_ZNSt10_Head_baseILm1EP7StorageLb0EE7_M_headERS2_
FNDA:113,_ZNSt10_Head_baseILm2EP10IContainerLb0EE7_M_headERS2_
FNDA:6,_ZNSt10_Head_baseILm3ESt17reference_wrapperISt6vectorImSaImEEELb0EE7_M_headERS5_
FNDA:107,_ZNSt10_Head_baseILm3EiLb0EE7_M_headERS0_
FNDA:107,_ZNSt10_Head_baseILm4EiLb0EE7_M_headERS0_
FNDA:6,_ZNSt10_Head_baseILm4EmLb0EE7_M_headERS0_
FNDA:107,_ZNSt11_Tuple_implILm0EJM7StorageFbP10IContaineriiEPS0_S2_iiEE7_M_headERS6_
FNDA:6,_ZNSt11_Tuple_implILm0EJM7StorageFvP10IContainerRSt6vectorImSaImEEmEPS0_S2_St17reference_wrapperIS5_EmEE7_M_headERSC_
FNDA:226,_ZNSt11_Tuple_implILm0EJPNSt6thread6_StateESt14default_deleteIS1_EEE7_M_headERS5_
FNDA:6,_ZNSt11_Tuple_implILm1EJP7StorageP10IContainerSt17reference_wrapperISt6vectorImSaImEEEmEE7_M_headERS9_
FNDA:107,_ZNSt11_Tuple_implILm1EJP7StorageP10IContaineriiEE7_M_headERS4_
FNDA:6,_ZNSt11_Tuple_implILm2EJP10IContainerSt17reference_wrapperISt6vectorImSaImEEEmEE7_M_headERS7_
FNDA:107,_ZNSt11_Tuple_implILm2EJP10IContaineriiEE7_M_headERS2_
FNDA:6,_ZNSt11_Tuple_implILm3EJSt17reference_wrapperISt6vectorImSaImEEEmEE7_M_headERS5_
FNDA:107,_ZNSt11_Tuple_implILm3EJiiEE7_M_headERS0_
FNDA:113,_ZNSt11_Tuple_implILm0EJPNSt6thread6_StateESt14default_deleteIS1_EEEC2Ev
FNDA:107,_ZNSt11_Tuple_implILm0EJM7StorageFbP10IContaineriiEPS0_S2_iiEEC2IS4_JS5_RS2_RiS9_EvEEOT_DpOT0_
FNDA:6,_ZNSt11_Tuple_implILm0EJM7StorageFvP10IContainerRSt6vectorImSaImEEmEPS0_S2_St17reference_wrapperIS5_EmEEC2IS8_JS9_RS2_SB_RmEvEEOT_DpOT0_
FNDA:6,_ZNSt11_Tuple_implILm1EJP7StorageP10IContainerSt17reference_wrapperISt6vectorImSaImEEEmEEC2IS1_JRS3_S8_RmEvEEOT_DpOT0_
FNDA:107,_ZNSt11_Tuple_implILm1EJP7StorageP10IContaineriiEEC2IS1_JRS3_RiS7_EvEEOT_DpOT0_
FNDA:6,_ZNSt11_Tuple_implILm2EJP10IContainerSt17reference_wrapperISt6vectorImSaImEEEmEEC2IRS1_JS6_RmEvEEOT_DpOT0_
FNDA:107,_ZNSt11_Tuple_implILm2EJP10IContaineriiEEC2IRS1_JRiS5_EvEEOT_DpOT0_
FNDA:6,_ZNSt11_Tuple_implILm3EJSt17reference_wrapperISt6vectorImSaImEEEmEEC2IS4_JRmEvEEOT_DpOT0_
FNDA:107,_ZNSt11_Tuple_implILm3EJiiEEC2IRiJS2_EvEEOT_DpOT0_
FNDA:0,_ZNSt11_Tuple_implILm1EJSt14default_deleteINSt6thread6_StateEEEE7_M_headERS4_
FNDA:107,_ZNSt11_Tuple_implILm4EJiEE7_M_headERS0_
FNDA:6,_ZNSt11_Tuple_implILm4EJmEE7_M_headERS0_
FNDA:113,_ZNSt11_Tuple_implILm1EJSt14default_deleteINSt6thread6_StateEEEEC2Ev
FNDA:107,_ZNSt11_Tuple_implILm4EJiEEC2IRiEEOT_
FNDA:6,_ZNSt11_Tuple_implILm4EJmEEC2IRmEEOT_
FNDA:113,_ZNSt10_Head_baseILm1ESt14default_deleteINSt6thread6_StateEELb1EEC2Ev
FNDA:107,_ZNSt5tupleIJM7StorageFbP10IContaineriiEPS0_S2_iiEEC2IJS4_S5_RS2_RiS9_ELb1ELb1EEEDpOT_
FNDA:6,_ZNSt5tupleIJM7StorageFvP10IContainerRSt6vectorImSaImEEmEPS0_S2_St17reference_wrapperIS5_EmEEC2IJS8_S9_RS2_SB_RmELb1ELb1EEEDpOT_
FNF:71
FNH:67
DA:81,113
DA:82,113
DA:125,0
DA:190,113
DA:191,113
DA:200,565
DA:201,565
DA:234,791
DA:269,678
DA:280,113
DA:281,113
DA:291,452
DA:293,452
DA:294,452
DA:497,113
DA:503,113
DA:504,113
DA:513,113
DA:514,113
DA:515,113
DA:889,113
DA:891,113
DA:1317,113
DA:1319,113
DA:1787,791
DA:1788,791
DA:1803,226
DA:1804,226
DA:1815,565
DA:1818,565
LF:30
LH:29
end_of_record
TN:
SF:/usr/include/c++/13/type_traits
FN:3649,3656,_ZSt21is_constant_evaluatedv
FNDA:0,_ZSt21is_constant_evaluatedv
FNF:1
FNH:0
DA:3649,0
DA:3654,0
LF:2
LH:0
end_of_record
TN:
SF:/usr/include/x86_64-linux-gnu/c++/13/bits/c++config.h
FN:540,551,_ZSt23__is_constant_evaluatedv
FNDA:0,_ZSt23__is_constant_evaluatedv
FNF:1
FNH:0
DA:322,0
DA:540,0
DA:547,0
LF:3
LH:0
end_of_record
TN:
SF:/usr/include/x86_64-linux-gnu/c++/13/bits/gthr-default.h
FN:300,303,_ZL18__gthread_active_pv
FN:746,752,_ZL20__gthread_mutex_lockP15pthread_mutex_t
FN:776,782,_ZL22__gthread_mutex_unlockP15pthread_mutex_t
FNDA:11587,_ZL18__gthread_active_pv
FNDA:5825,_ZL20__gthread_mutex_lockP15pthread_mutex_t
FNDA:5843,_ZL22__gthread_mutex_unlockP15pthread_mutex_t
FNF:3
FNH:3
DA:300,11587
DA:302,11587
DA:746,5825
DA:748,5825
DA:749,5832
DA:751,0
DA:776,5843
DA:778,5843
DA:779,5843
DA:781,0
LF:10
LH:8
end_of_record
