TN:
SF:/mnt/c/л3/Lab3OOP/Octree/ContainerPosition.hpp
FN:12,12,_ZN17ContainerPositionIiEC2Ev
FN:18,23,_ZNK17ContainerPositionIiEeqERKS0_
FNDA:13,_ZN17ContainerPositionIiEC2Ev
FNDA:0,_ZNK17ContainerPositionIiEeqERKS0_
FNF:2
FNH:1
DA:12,13
DA:18,0
DA:19,0
DA:20,0
DA:21,0
DA:22,0
LF:6
LH:1
end_of_record
TN:
SF:/mnt/c/л3/Lab3OOP/Octree/Octree.hpp
FN:113,117,_ZN6OctreeIiP10IContainer17ContainerPositionIiEE8iteratorC2EPNS4_4NodeE
FN:119,121,_ZN6OctreeIiP10IContainer17ContainerPositionIiEE8iteratordeEv
FN:124,134,_ZN6OctreeIiP10IContainer17ContainerPositionIiEE8iteratorppEv
FN:137,139,_ZNK6OctreeIiP10IContainer17ContainerPositionIiEE8iteratorneERKS5_
FN:146,150,_ZN6OctreeIiP10IContainer17ContainerPositionIiEEC2ER11BoundingBoxIiEi
FN:153,155,_ZN6OctreeIiP10IContainer17ContainerPositionIiEED2Ev
FN:163,165,_ZN6OctreeIiP10IContainer17ContainerPositionIiEE5beginEv
FN:167,169,_ZN6OctreeIiP10IContainer17ContainerPositionIiEE3endEv
FN:172,178,_ZN6OctreeIiP10IContainer17ContainerPositionIiEE6insertES1_RS3_PNS4_4NodeE
FN:181,184,_ZN6OctreeIiP10IContainer17ContainerPositionIiEE5CloneEv
FN:187,256,_ZN6OctreeIiP10IContainer17ContainerPositionIiEE10createTreeEPNS4_4NodeEi
FN:259,267,_ZN6OctreeIiP10IContainer17ContainerPositionIiEE6removeENSt7__cxx1112basic_stringIcSt11char_traitsIcESaIcEEE
FN:270,274,_ZN6OctreeIiP10IContainer17ContainerPositionIiEE6searchENSt7__cxx1112basic_stringIcSt11char_traitsIcESaIcEEE
FN:277,281,_ZN6OctreeIiP10IContainer17ContainerPositionIiEE5findIENSt7__cxx1112basic_stringIcSt11char_traitsIcESaIcEEE
FN:284,288,_ZN6OctreeIiP10IContainer17ContainerPositionIiEE11searchDepthEv
FN:291,297,_ZN6OctreeIiP10IContainer17ContainerPositionIiEE12SearchInsertES1_S3_
FN:305,308,_ZN6OctreeIiP10IContainer17ContainerPositionIiEE7getMinXERS3_
FN:311,314,_ZN6OctreeIiP10IContainer17ContainerPositionIiEE7getMaxXERS3_
FN:317,320,_ZN6OctreeIiP10IContainer17ContainerPositionIiEE7getMinYERS3_
FN:323,326,_ZN6OctreeIiP10IContainer17ContainerPositionIiEE7getMaxYERS3_
FN:329,332,_ZN6OctreeIiP10IContainer17ContainerPositionIiEE7getMinZERS3_
FN:335,338,_ZN6OctreeIiP10IContainer17ContainerPositionIiEE7getMaxZERS3_
FN:341,344,_ZN6OctreeIiP10IContainer17ContainerPositionIiEE7getMinXERKS3_
FN:346,349,_ZN6OctreeIiP10IContainer17ContainerPositionIiEE7getMaxXERKS3_
FN:352,355,_ZN6OctreeIiP10IContainer17ContainerPositionIiEE7getMinYERKS3_
FN:358,361,_ZN6OctreeIiP10IContainer17ContainerPositionIiEE7getMaxYERKS3_
FN:365,368,_ZN6OctreeIiP10IContainer17ContainerPositionIiEE7getMinZERKS3_
FN:371,374,_ZN6OctreeIiP10IContainer17ContainerPositionIiEE7getMaxZERKS3_
FN:377,387,_ZN6OctreeIiP10IContainer17ContainerPositionIiEE16pointincontainerER5PointIiERS3_
FN:393,403,_ZN6OctreeIiP10IContainer17ContainerPositionIiEE14searchUnderOctEPNS4_4NodeERSt6vectorISt4pairIS3_S1_ESaIS9_EE
FN:406,420,_ZN6OctreeIiP10IContainer17ContainerPositionIiEE5findIENSt7__cxx1112basic_stringIcSt11char_traitsIcESaIcEEEPNS4_4NodeEPSt4pairIS3_S1_E
FN:423,433,_ZN6OctreeIiP10IContainer17ContainerPositionIiEE11searchDepthEPNS4_4NodeERSt6vectorISt4pairIS3_S1_ESaIS9_EE
FN:436,469,_ZN6OctreeIiP10IContainer17ContainerPositionIiEE12SearchInsertES1_S3_PNS4_4NodeEPS6_RSt6vectorISt4pairIS3_S1_ESaISA_EERb
FN:472,486,_ZN6OctreeIiP10IContainer17ContainerPositionIiEE7searchRENSt7__cxx1112basic_stringIcSt11char_traitsIcESaIcEEEPNS4_4NodeEPSC_
FN:489,509,_ZN6OctreeIiP10IContainer17ContainerPositionIiEE7removeRENSt7__cxx1112basic_stringIcSt11char_traitsIcESaIcEEEPNS4_4NodeERb
FN:512,533,_ZNK6OctreeIiP10IContainer17ContainerPositionIiEE13ContainEntityES3_S3_
FN:536,543,_ZNK6OctreeIiP10IContainer17ContainerPositionIiEE14checkCollisionES1_S3_St6vectorISt4pairIS3_S1_ESaIS7_EE
FN:55,55,_ZN11BoundingBoxIiEC2ERK5PointIiES4_
FN:557,559,_ZNK6OctreeIiP10IContainer17ContainerPositionIiEE6numberB5cxx11ERK5PointIiE
FN:57,59,_ZNK11BoundingBoxIiE8containsER5PointIiE
FN:79,79,_ZN6OctreeIiP10IContainer17ContainerPositionIiEE4NodeC2ER11BoundingBoxIiE
FN:80,87,_ZN6OctreeIiP10IContainer17ContainerPositionIiEE4NodeD2Ev
FN:89,91,_ZNK6OctreeIiP10IContainer17ContainerPositionIiEE4Node6isLeafEv
FNDA:0,_ZN6OctreeIiP10IContainer17ContainerPositionIiEE8iteratorC2EPNS4_4NodeE
FNDA:0,_ZN6OctreeIiP10IContainer17ContainerPositionIiEE8iteratordeEv
FNDA:0,_ZN6OctreeIiP10IContainer17ContainerPositionIiEE8iteratorppEv
FNDA:0,_ZNK6OctreeIiP10IContainer17ContainerPositionIiEE8iteratorneERKS5_
FNDA:4,_ZN6OctreeIiP10IContainer17ContainerPositionIiEEC2ER11BoundingBoxIiEi
FNDA:0,_ZN6OctreeIiP10IContainer17ContainerPositionIiEED2Ev
FNDA:0,_ZN6OctreeIiP10IContainer17ContainerPositionIiEE5beginEv
FNDA:0,_ZN6OctreeIiP10IContainer17ContainerPositionIiEE3endEv
FNDA:6,_ZN6OctreeIiP10IContainer17ContainerPositionIiEE6insertES1_RS3_PNS4_4NodeE
FNDA:1,_ZN6OctreeIiP10IContainer17ContainerPositionIiEE5CloneEv
FNDA:292,_ZN6OctreeIiP10IContainer17ContainerPositionIiEE10createTreeEPNS4_4NodeEi
FNDA:0,_ZN6OctreeIiP10IContainer17ContainerPositionIiEE6removeENSt7__cxx1112basic_stringIcSt11char_traitsIcESaIcEEE
FNDA:0,_ZN6OctreeIiP10IContainer17ContainerPositionIiEE6searchENSt7__cxx1112basic_stringIcSt11char_traitsIcESaIcEEE
FNDA:0,_ZN6OctreeIiP10IContainer17ContainerPositionIiEE5findIENSt7__cxx1112basic_stringIcSt11char_traitsIcESaIcEEE
FNDA:7,_ZN6OctreeIiP10IContainer17ContainerPositionIiEE11searchDepthEv
FNDA:13,_ZN6OctreeIiP10IContainer17ContainerPositionIiEE12SearchInsertES1_S3_
FNDA:38,_ZN6OctreeIiP10IContainer17ContainerPositionIiEE7getMinXERS3_
FNDA:38,_ZN6OctreeIiP10IContainer17ContainerPositionIiEE7getMaxXERS3_
FNDA:46,_ZN6OctreeIiP10IContainer17ContainerPositionIiEE7getMinYERS3_
FNDA:46,_ZN6OctreeIiP10IContainer17ContainerPositionIiEE7getMaxYERS3_
FNDA:34,_ZN6OctreeIiP10IContainer17ContainerPositionIiEE7getMinZERS3_
FNDA:31,_ZN6OctreeIiP10IContainer17ContainerPositionIiEE7getMaxZERS3_
FNDA:4,_ZN6OctreeIiP10IContainer17ContainerPositionIiEE7getMinXERKS3_
FNDA:4,_ZN6OctreeIiP10IContainer17ContainerPositionIiEE7getMaxXERKS3_
FNDA:4,_ZN6OctreeIiP10IContainer17ContainerPositionIiEE7getMinYERKS3_
FNDA:4,_ZN6OctreeIiP10IContainer17ContainerPositionIiEE7getMaxYERKS3_
FNDA:0,_ZN6OctreeIiP10IContainer17ContainerPositionIiEE7getMinZERKS3_
FNDA:4,_ZN6OctreeIiP10IContainer17ContainerPositionIiEE7getMaxZERKS3_
FNDA:9,_ZN6OctreeIiP10IContainer17ContainerPositionIiEE16pointincontainerER5PointIiERS3_
FNDA:236,_ZN6OctreeIiP10IContainer17ContainerPositionIiEE14searchUnderOctEPNS4_4NodeERSt6vectorISt4pairIS3_S1_ESaIS9_EE
FNDA:0,_ZN6OctreeIiP10IContainer17ContainerPositionIiEE5findIENSt7__cxx1112basic_stringIcSt11char_traitsIcESaIcEEEPNS4_4NodeEPSt4pairIS3_S1_E
FNDA:4095,_ZN6OctreeIiP10IContainer17ContainerPositionIiEE11searchDepthEPNS4_4NodeERSt6vectorISt4pairIS3_S1_ESaIS9_EE
FNDA:205,_ZN6OctreeIiP10IContainer17ContainerPositionIiEE12SearchInsertES1_S3_PNS4_4NodeEPS6_RSt6vectorISt4pairIS3_S1_ESaISA_EERb
FNDA:0,_ZN6OctreeIiP10IContainer17ContainerPositionIiEE7searchRENSt7__cxx1112basic_stringIcSt11char_traitsIcESaIcEEEPNS4_4NodeEPSC_
FNDA:0,_ZN6OctreeIiP10IContainer17ContainerPositionIiEE7removeRENSt7__cxx1112basic_stringIcSt11char_traitsIcESaIcEEEPNS4_4NodeERb
FNDA:10,_ZNK6OctreeIiP10IContainer17ContainerPositionIiEE13ContainEntityES3_S3_
FNDA:12,_ZNK6OctreeIiP10IContainer17ContainerPositionIiEE14checkCollisionES1_S3_St6vectorISt4pairIS3_S1_ESaIS7_EE
FNDA:291,_ZN11BoundingBoxIiEC2ERK5PointIiES4_
FNDA:0,_ZNK6OctreeIiP10IContainer17ContainerPositionIiEE6numberB5cxx11ERK5PointIiE
FNDA:450,_ZNK11BoundingBoxIiE8containsER5PointIiE
FNDA:292,_ZN6OctreeIiP10IContainer17ContainerPositionIiEE4NodeC2ER11BoundingBoxIiE
FNDA:0,_ZN6OctreeIiP10IContainer17ContainerPositionIiEE4NodeD2Ev
FNDA:34,_ZNK6OctreeIiP10IContainer17ContainerPositionIiEE4Node6isLeafEv
FNF:43
FNH:27
DA:55,291
DA:57,450
DA:58,450
DA:79,292
DA:80,0
DA:81,0
DA:82,0
DA:84,0
DA:85,0
DA:87,0
DA:89,34
DA:90,34
DA:113,0
DA:114,0
DA:115,0
DA:117,0
DA:119,0
DA:120,0
DA:124,0
DA:125,0
DA:126,0
DA:127,0
DA:128,0
DA:129,0
DA:130,0
DA:133,0
DA:137,0
DA:138,0
DA:146,4
DA:147,4
DA:148,4
DA:149,4
DA:150,4
DA:153,0
DA:154,0
DA:155,0
DA:163,0
DA:164,0
DA:167,0
DA:168,0
DA:172,6
DA:173,6
DA:174,0
DA:176,6
DA:177,6
DA:181,1
DA:182,1
DA:183,1
DA:187,292
DA:188,292
DA:190,36
DA:191,36
DA:193,36
DA:194,36
DA:195,36
DA:197,36
DA:198,36
DA:199,36
DA:200,36
DA:201,36
DA:204,36
DA:205,36
DA:206,36
DA:207,36
DA:208,36
DA:211,36
DA:212,36
DA:213,36
DA:214,36
DA:215,36
DA:218,36
DA:219,36
DA:220,36
DA:221,36
DA:222,36
DA:225,36
DA:226,36
DA:227,36
DA:228,36
DA:229,36
DA:232,36
DA:233,36
DA:234,36
DA:235,36
DA:236,36
DA:239,36
DA:240,36
DA:241,36
DA:242,36
DA:243,36
DA:246,36
DA:247,36
DA:248,36
DA:249,36
DA:250,36
DA:253,324
DA:254,288
DA:259,0
DA:260,0
DA:261,0
DA:262,0
DA:263,0
DA:265,0
DA:266,0
DA:270,0
DA:271,0
DA:272,0
DA:273,0
DA:277,0
DA:278,0
DA:279,0
DA:280,0
DA:284,7
DA:285,7
DA:286,7
DA:287,7
DA:288,0
DA:291,13
DA:292,13
DA:293,13
DA:294,13
DA:295,13
DA:296,13
DA:297,13
DA:305,38
DA:307,38
DA:311,38
DA:313,38
DA:317,46
DA:319,46
DA:323,46
DA:325,46
DA:329,34
DA:331,34
DA:335,31
DA:337,31
DA:341,4
DA:343,4
DA:346,4
DA:348,4
DA:352,4
DA:354,4
DA:358,4
DA:360,4
DA:365,0
DA:367,0
DA:371,4
DA:373,4
DA:377,9
DA:380,9
DA:381,9
DA:382,9
DA:383,9
DA:384,9
DA:385,9
DA:386,9
DA:393,236
DA:394,236
DA:395,208
DA:397,28
DA:398,5
DA:400,252
DA:401,224
DA:406,0
DA:407,0
DA:408,0
DA:409,0
DA:410,0
DA:411,0
DA:415,0
DA:416,0
DA:417,0
DA:423,4095
DA:424,4095
DA:425,3584
DA:427,511
DA:428,8
DA:430,4599
DA:431,4088
DA:436,205
DA:437,205
DA:438,0
DA:440,242
DA:441,36
DA:442,35
DA:443,242
DA:444,171
DA:446,34
DA:447,4
DA:449,34
DA:450,216
DA:451,192
DA:454,34
DA:456,12
DA:458,12
DA:459,12
DA:460,12
DA:462,0
DA:463,0
DA:465,22
DA:466,22
DA:468,0
DA:472,0
DA:473,0
DA:474,0
DA:475,0
DA:476,0
DA:477,0
DA:481,0
DA:482,0
DA:483,0
DA:489,0
DA:490,0
DA:491,0
DA:493,0
DA:494,0
DA:495,0
DA:496,0
DA:497,0
DA:498,0
DA:499,0
DA:503,0
DA:504,0
DA:505,0
DA:512,10
DA:514,10
DA:515,10
DA:516,10
DA:517,10
DA:518,10
DA:519,10
DA:522,10
DA:523,10
DA:524,10
DA:525,10
DA:526,10
DA:527,10
DA:530,10
DA:531,28
DA:532,18
DA:536,12
DA:537,22
DA:538,10
DA:539,0
DA:542,12
DA:557,0
DA:558,0
LF:247
LH:161
end_of_record
TN:
SF:/mnt/c/л3/Lab3OOP/Octree/Point.hpp
FN:17,17,_ZN5PointIiEC2Eiii
FN:18,18,_ZN5PointIiEC2Ev
FN:9,11,_ZNK5PointIiEeqERKS0_
FNDA:522,_ZN5PointIiEC2Eiii
FNDA:104,_ZN5PointIiEC2Ev
FNDA:0,_ZNK5PointIiEeqERKS0_
FNF:3
FNH:2
DA:9,0
DA:10,0
DA:17,522
DA:18,104
LF:4
LH:2
end_of_record
TN:
SF:/mnt/c/л3/Lab3OOP/Storage/Storage.cpp
FN:110,152,_ZN7Storage26calculateContainerPositionEiiiiii
FN:13,24,_ZN7Storage14calculateDepthEv
FN:14,21,_ZZN7Storage14calculateDepthEvENKUliE_clEi
FN:155,178,_ZN7Storage20searchUnderContainerER17ContainerPositionIiE
FN:181,204,_ZN7Storage20searchUpperContainerER17ContainerPositionIiE
FN:208,216,_ZN7Storage13calculatemassESt6vectorISt4pairI17ContainerPositionIiEP10IContainerESaIS6_EEm
FN:219,244,_ZN7Storage12checkSupportER17ContainerPositionIiESt6vectorISt4pairIS1_P10IContainerESaIS7_EE
FN:246,283,_ZN7Storage12addContainerEP10IContaineriii
FN:27,39,_ZN7Storage5checkEv
FN:288,292,_ZNK7Storage19getInfoAboutStorageB5cxx11Ev
FN:296,317,_ZN7Storage7isNoTopERK17ContainerPositionIiE
FN:321,351,_ZN7Storage13moveContainerENSt7__cxx1112basic_stringIcSt11char_traitsIcESaIcEEEiii
FN:355,395,_ZN7Storage15rotateContainerENSt7__cxx1112basic_stringIcSt11char_traitsIcESaIcEEEi
FN:398,447,_ZN7Storage10multitreadEP10IContaineriii
FN:42,50,_ZN7StorageC2Eiiiid
FN:449,466,_ZN7Storage13addContainerREP10IContainerii
FN:468,483,_ZN7Storage12addContainerB5cxx11EP10IContainer
FN:486,515,_ZN7Storage15removeContainerENSt7__cxx1112basic_stringIcSt11char_traitsIcESaIcEEE
FN:518,532,_ZNK7Storage7getInfoB5cxx11Ev
FN:53,55,_ZN7Storage15comparePositionERSt4pairI17ContainerPositionIiEP10IContainerES6_
FN:535,556,_ZN7Storage9howContaiEP10IContainerRSt6vectorImSaImEEm
FN:559,569,_ZN7Storage12howContainerEP10IContainer
FN:568,568,_ZZN7Storage12howContainerEP10IContainerENKUliiE_clEii
FN:572,582,_ZNK7Storage17getListContainersB5cxx11Ev
FN:58,60,_ZN7Storage22comparePositionReverseERSt4pairI17ContainerPositionIiEP10IContainerES6_
FN:63,78,_ZN7StorageaSERKS_
FN:81,90,_ZN7StorageC2ERKS_
FN:93,105,_ZN7Storage7getSizeEiii
FNDA:13,_ZN7Storage26calculateContainerPositionEiiiiii
FNDA:3,_ZN7Storage14calculateDepthEv
FNDA:9,_ZZN7Storage14calculateDepthEvENKUliE_clEi
FNDA:5,_ZN7Storage20searchUnderContainerER17ContainerPositionIiE
FNDA:0,_ZN7Storage20searchUpperContainerER17ContainerPositionIiE
FNDA:2,_ZN7Storage13calculatemassESt6vectorISt4pairI17ContainerPositionIiEP10IContainerESaIS6_EEm
FNDA:4,_ZN7Storage12checkSupportER17ContainerPositionIiESt6vectorISt4pairIS1_P10IContainerESaIS7_EE
FNDA:12,_ZN7Storage12addContainerEP10IContaineriii
FNDA:0,_ZN7Storage5checkEv
FNDA:3,_ZNK7Storage19getInfoAboutStorageB5cxx11Ev
FNDA:0,_ZN7Storage7isNoTopERK17ContainerPositionIiE
FNDA:0,_ZN7Storage13moveContainerENSt7__cxx1112basic_stringIcSt11char_traitsIcESaIcEEEiii
FNDA:0,_ZN7Storage15rotateContainerENSt7__cxx1112basic_stringIcSt11char_traitsIcESaIcEEEi
FNDA:2,_ZN7Storage10multitreadEP10IContaineriii
FNDA:3,_ZN7StorageC2Eiiiid
FNDA:6,_ZN7Storage13addContainerREP10IContainerii
FNDA:1,_ZN7Storage12addContainerB5cxx11EP10IContainer
FNDA:0,_ZN7Storage15removeContainerENSt7__cxx1112basic_stringIcSt11char_traitsIcESaIcEEE
FNDA:1,_ZNK7Storage7getInfoB5cxx11Ev
FNDA:0,_ZN7Storage15comparePositionERSt4pairI17ContainerPositionIiEP10IContainerES6_
FNDA:0,_ZN7Storage9howContaiEP10IContainerRSt6vectorImSaImEEm
FNDA:0,_ZN7Storage12howContainerEP10IContainer
FNDA:0,_ZZN7Storage12howContainerEP10IContainerENKUliiE_clEii
FNDA:0,_ZNK7Storage17getListContainersB5cxx11Ev
FNDA:0,_ZN7Storage22comparePositionReverseERSt4pairI17ContainerPositionIiEP10IContainerES6_
FNDA:0,_ZN7StorageaSERKS_
FNDA:1,_ZN7StorageC2ERKS_
FNDA:0,_ZN7Storage7getSizeEiii
FNF:28
FNH:14
DA:13,3
DA:14,9
DA:15,9
DA:16,27
DA:17,18
DA:18,18
DA:20,9
DA:22,3
DA:27,0
DA:28,0
DA:29,0
DA:30,0
DA:31,0
DA:33,0
DA:34,0
DA:35,0
DA:38,0
DA:39,0
DA:42,3
DA:43,3
DA:44,3
DA:45,3
DA:46,3
DA:47,3
DA:48,3
DA:49,3
DA:50,3
DA:53,0
DA:54,0
DA:58,0
DA:59,0
DA:63,0
DA:64,0
DA:65,0
DA:66,0
DA:67,0
DA:68,0
DA:69,0
DA:70,0
DA:71,0
DA:72,0
DA:73,0
DA:74,0
DA:76,0
DA:77,0
DA:81,1
DA:82,1
DA:83,1
DA:84,1
DA:85,1
DA:86,2
DA:88,1
DA:90,1
DA:93,0
DA:94,0
DA:95,0
DA:97,0
DA:98,0
DA:99,0
DA:100,0
DA:101,0
DA:103,0
DA:104,0
DA:105,0
DA:110,13
DA:111,13
DA:113,13
DA:114,13
DA:115,13
DA:118,13
DA:119,13
DA:120,13
DA:123,13
DA:124,13
DA:125,13
DA:128,13
DA:129,13
DA:130,13
DA:133,13
DA:134,13
DA:135,13
DA:138,13
DA:139,13
DA:140,13
DA:143,13
DA:144,13
DA:145,13
DA:148,13
DA:149,13
DA:150,13
DA:151,13
DA:155,5
DA:156,5
DA:157,5
DA:158,5
DA:159,5
DA:160,5
DA:161,5
DA:162,5
DA:163,5
DA:164,5
DA:165,5
DA:166,9
DA:167,4
DA:169,8
DA:170,12
DA:171,4
DA:172,4
DA:173,4
DA:176,5
DA:177,10
DA:178,5
DA:181,0
DA:182,0
DA:183,0
DA:184,0
DA:185,0
DA:186,0
DA:187,0
DA:188,0
DA:189,0
DA:190,0
DA:191,0
DA:192,0
DA:193,0
DA:195,0
DA:196,0
DA:197,0
DA:198,0
DA:199,0
DA:202,0
DA:203,0
DA:204,0
DA:208,2
DA:209,2
DA:210,2
DA:211,0
DA:212,0
DA:215,2
DA:219,4
DA:220,4
DA:221,4
DA:222,4
DA:223,4
DA:224,4
DA:226,5
DA:227,4
DA:228,3
DA:230,4
DA:231,1
DA:233,3
DA:234,2
DA:236,3
DA:237,2
DA:239,3
DA:240,2
DA:243,1
DA:246,12
DA:247,12
DA:248,1
DA:250,11
DA:251,11
DA:252,11
DA:253,1
DA:255,10
DA:256,11
DA:257,1
DA:259,1
DA:261,9
DA:262,5
DA:263,5
DA:264,1
DA:266,4
DA:267,2
DA:269,2
DA:270,3
DA:271,2
DA:272,2
DA:273,2
DA:274,1
DA:277,1
DA:278,0
DA:280,5
DA:281,5
DA:282,5
DA:283,5
DA:288,3
DA:289,6
DA:290,9
DA:291,3
DA:296,0
DA:297,0
DA:298,0
DA:299,0
DA:300,0
DA:301,0
DA:302,0
DA:303,0
DA:304,0
DA:305,0
DA:307,0
DA:308,0
DA:309,0
DA:310,0
DA:311,0
DA:312,0
DA:316,0
DA:317,0
DA:321,0
DA:322,0
DA:323,0
DA:325,0
DA:326,0
DA:327,0
DA:329,0
DA:330,0
DA:331,0
DA:332,0
DA:333,0
DA:334,0
DA:335,0
DA:338,0
DA:339,0
DA:340,0
DA:341,0
DA:344,0
DA:345,0
DA:346,0
DA:347,0
DA:348,0
DA:349,0
DA:350,0
DA:351,0
DA:355,0
DA:356,0
DA:357,0
DA:358,0
DA:360,0
DA:361,0
DA:362,0
DA:363,0
DA:364,0
DA:365,0
DA:366,0
DA:369,0
DA:370,0
DA:371,0
DA:372,0
DA:373,0
DA:375,0
DA:376,0
DA:377,0
DA:378,0
DA:379,0
DA:381,0
DA:382,0
DA:383,0
DA:384,0
DA:386,0
DA:387,0
DA:388,0
DA:389,0
DA:390,0
DA:391,0
DA:392,0
DA:393,0
DA:394,0
DA:395,0
DA:398,2
DA:399,2
DA:400,2
DA:401,0
DA:403,2
DA:404,2
DA:405,2
DA:406,2
DA:407,2
DA:408,0
DA:410,2
DA:411,2
DA:412,0
DA:414,0
DA:416,2
DA:417,0
DA:418,0
DA:419,0
DA:421,0
DA:422,0
DA:423,0
DA:425,0
DA:426,0
DA:427,0
DA:428,0
DA:429,0
DA:432,0
DA:433,0
DA:435,0
DA:436,2
DA:437,2
DA:438,1
DA:439,1
DA:440,1
DA:441,1
DA:443,1
DA:444,1
DA:445,1
DA:447,2
DA:449,6
DA:450,6
DA:451,6
DA:452,6
DA:453,7
DA:455,7
DA:456,5
DA:458,2
DA:459,1
DA:460,1
DA:461,1
DA:465,0
DA:466,6
DA:468,1
DA:469,1
DA:470,7
DA:471,6
DA:472,6
DA:474,7
DA:475,6
DA:477,1
DA:478,0
DA:480,1
DA:481,1
DA:483,1
DA:486,0
DA:487,0
DA:488,0
DA:489,0
DA:490,0
DA:492,0
DA:493,0
DA:494,0
DA:496,0
DA:497,0
DA:498,0
DA:499,0
DA:502,0
DA:503,0
DA:504,0
DA:505,0
DA:506,0
DA:507,0
DA:508,0
DA:509,0
DA:510,0
DA:512,0
DA:513,0
DA:515,0
DA:518,1
DA:519,1
DA:520,1
DA:521,1
DA:522,0
DA:524,5
DA:525,4
DA:526,8
DA:527,16
DA:528,12
DA:531,1
DA:532,1
DA:535,0
DA:536,0
DA:537,0
DA:538,0
DA:542,0
DA:543,0
DA:544,0
DA:545,0
DA:547,0
DA:548,0
DA:550,0
DA:551,0
DA:552,0
DA:553,0
DA:554,0
DA:556,0
DA:559,0
DA:560,0
DA:561,0
DA:562,0
DA:563,0
DA:565,0
DA:566,0
DA:568,0
DA:569,0
DA:572,0
DA:573,0
DA:574,0
DA:575,0
DA:576,0
DA:578,0
DA:579,0
DA:581,0
DA:582,0
LF:402
LH:182
end_of_record
TN:
SF:/mnt/c/л3/Lab3OOP/Storage/Storage.hpp
FN:34,37,_ZN7StorageD2Ev
FNDA:0,_ZN7StorageD2Ev
FNF:1
FNH:0
DA:34,0
DA:35,0
DA:36,0
DA:37,0
LF:4
LH:0
end_of_record
