TN:
SF:/mnt/c/l3/Lab3OOP/Checker/Checker.hpp
FN:25,25,_ZN7CheckerIiEC2Ev
FN:27,28,_ZN7CheckerIiEC2ERKS0_
FN:30,32,_ZN7CheckerIiE16addCheckFunctionESt8functionIFvR7StorageP10IContainer17ContainerPositionIiEEE
FN:43,47,_ZNK7CheckerIiE11applyChecksER7StorageP10IContainer17ContainerPositionIiE
FNDA:102,_ZN7CheckerIiEC2Ev
FNDA:33,_ZN7CheckerIiEC2ERKS0_
FNDA:159,_ZN7CheckerIiE16addCheckFunctionESt8functionIFvR7StorageP10IContainer17ContainerPositionIiEEE
FNDA:869,_ZNK7CheckerIiE11applyChecksER7StorageP10IContainer17ContainerPositionIiE
FNF:4
FNH:4
DA:25,102
DA:27,33
DA:28,33
DA:30,159
DA:31,159
DA:32,159
DA:43,869
DA:44,1863
DA:45,1154
DA:47,709
LF:10
LH:10
end_of_record
TN:
SF:/mnt/c/l3/Lab3OOP/Octree/ContainerPosition.hpp
FN:12,12,_ZN17ContainerPositionIiEC2Ev
FN:18,23,_ZNK17ContainerPositionIiEeqERKS0_
FNDA:18154,_ZN17ContainerPositionIiEC2Ev
FNDA:462,_ZNK17ContainerPositionIiEeqERKS0_
FNF:2
FNH:2
DA:12,18154
DA:18,462
DA:19,670
DA:20,312
DA:21,312
DA:22,670
LF:6
LH:6
end_of_record
TN:
SF:/mnt/c/l3/Lab3OOP/Octree/Octree.hpp
FN:114,118,_ZN6OctreeIiP10IContainer17ContainerPositionIiEE8iteratorC2EPNS4_4NodeE
FN:120,122,_ZN6OctreeIiP10IContainer17ContainerPositionIiEE8iteratordeEv
FN:125,135,_ZN6OctreeIiP10IContainer17ContainerPositionIiEE8iteratorppEv
FN:138,140,_ZNK6OctreeIiP10IContainer17ContainerPositionIiEE8iteratorneERKS5_
FN:147,150,_ZN6OctreeIiP10IContainer17ContainerPositionIiEEC2E11BoundingBoxIiEi
FN:153,155,_ZN6OctreeIiP10IContainer17ContainerPositionIiEED2Ev
FN:163,165,_ZN6OctreeIiP10IContainer17ContainerPositionIiEE5beginEv
FN:167,169,_ZN6OctreeIiP10IContainer17ContainerPositionIiEE3endEv
FN:172,182,_ZN6OctreeIiP10IContainer17ContainerPositionIiEE6insertES1_RS3_PNS4_4NodeE
FN:185,231,_ZN6OctreeIiP10IContainer17ContainerPositionIiEE5splitEPNS4_4NodeE
FN:233,236,_ZN6OctreeIiP10IContainer17ContainerPositionIiEE5CloneEv
FN:240,250,_ZN6OctreeIiP10IContainer17ContainerPositionIiEE6removeENSt7__cxx1112basic_stringIcSt11char_traitsIcESaIcEEE
FN:253,257,_ZN6OctreeIiP10IContainer17ContainerPositionIiEE6searchENSt7__cxx1112basic_stringIcSt11char_traitsIcESaIcEEE
FN:260,264,_ZN6OctreeIiP10IContainer17ContainerPositionIiEE5findIENSt7__cxx1112basic_stringIcSt11char_traitsIcESaIcEEE
FN:267,271,_ZN6OctreeIiP10IContainer17ContainerPositionIiEE11searchDepthEv
FN:274,280,_ZN6OctreeIiP10IContainer17ContainerPositionIiEE12SearchInsertES1_S3_
FN:288,291,_ZN6OctreeIiP10IContainer17ContainerPositionIiEE7getMinXERS3_
FN:294,297,_ZN6OctreeIiP10IContainer17ContainerPositionIiEE7getMaxXERS3_
FN:300,303,_ZN6OctreeIiP10IContainer17ContainerPositionIiEE7getMinYERS3_
FN:306,309,_ZN6OctreeIiP10IContainer17ContainerPositionIiEE7getMaxYERS3_
FN:312,315,_ZN6OctreeIiP10IContainer17ContainerPositionIiEE7getMinZERS3_
FN:318,321,_ZN6OctreeIiP10IContainer17ContainerPositionIiEE7getMaxZERS3_
FN:324,327,_ZN6OctreeIiP10IContainer17ContainerPositionIiEE7getMinXERKS3_
FN:329,332,_ZN6OctreeIiP10IContainer17ContainerPositionIiEE7getMaxXERKS3_
FN:335,338,_ZN6OctreeIiP10IContainer17ContainerPositionIiEE7getMinYERKS3_
FN:341,344,_ZN6OctreeIiP10IContainer17ContainerPositionIiEE7getMaxYERKS3_
FN:348,351,_ZN6OctreeIiP10IContainer17ContainerPositionIiEE7getMinZERKS3_
FN:354,357,_ZN6OctreeIiP10IContainer17ContainerPositionIiEE7getMaxZERKS3_
FN:365,375,_ZN6OctreeIiP10IContainer17ContainerPositionIiEE16pointincontainerER5PointIiERS3_
FN:381,391,_ZN6OctreeIiP10IContainer17ContainerPositionIiEE14searchUnderOctEPNS4_4NodeERSt6vectorISt4pairIS3_S1_ESaIS9_EE
FN:394,411,_ZN6OctreeIiP10IContainer17ContainerPositionIiEE5findIENSt7__cxx1112basic_stringIcSt11char_traitsIcESaIcEEEPNS4_4NodeEPSt4pairIS3_S1_E
FN:414,424,_ZN6OctreeIiP10IContainer17ContainerPositionIiEE11searchDepthEPNS4_4NodeERSt6vectorISt4pairIS3_S1_ESaIS9_EE
FN:427,460,_ZN6OctreeIiP10IContainer17ContainerPositionIiEE12SearchInsertES1_S3_PNS4_4NodeEPS6_RSt6vectorISt4pairIS3_S1_ESaISA_EERb
FN:463,480,_ZN6OctreeIiP10IContainer17ContainerPositionIiEE7searchRENSt7__cxx1112basic_stringIcSt11char_traitsIcESaIcEEEPNS4_4NodeEPSC_
FN:483,518,_ZN6OctreeIiP10IContainer17ContainerPositionIiEE7removeRENSt7__cxx1112basic_stringIcSt11char_traitsIcESaIcEEEPNS4_4NodeERbPSC_
FN:521,529,_ZN6OctreeIiP10IContainer17ContainerPositionIiEE14checkEmptyNodeEPNS4_4NodeE
FN:531,542,_ZN6OctreeIiP10IContainer17ContainerPositionIiEE6meargeEPNS4_4NodeE
FN:544,560,_ZN6OctreeIiP10IContainer17ContainerPositionIiEE17decreaseHightTreeEPNS4_4NodeE
FN:55,55,_ZN11BoundingBoxIiEC2ERK5PointIiES4_
FN:563,573,_ZN6OctreeIiP10IContainer17ContainerPositionIiEE6UpdateEPNS4_4NodeE
FN:57,59,_ZNK11BoundingBoxIiE8containsER5PointIiE
FN:576,597,_ZNK6OctreeIiP10IContainer17ContainerPositionIiEE13ContainEntityES3_S3_
FN:600,607,_ZNK6OctreeIiP10IContainer17ContainerPositionIiEE14checkCollisionES1_S3_St6vectorISt4pairIS3_S1_ESaIS7_EE
FN:621,623,_ZNK6OctreeIiP10IContainer17ContainerPositionIiEE6numberB5cxx11ERK5PointIiE
FN:80,80,_ZN6OctreeIiP10IContainer17ContainerPositionIiEE4NodeC2E11BoundingBoxIiEi
FN:81,88,_ZN6OctreeIiP10IContainer17ContainerPositionIiEE4NodeD2Ev
FN:90,92,_ZNK6OctreeIiP10IContainer17ContainerPositionIiEE4Node6isLeafEv
FNDA:252,_ZN6OctreeIiP10IContainer17ContainerPositionIiEE8iteratorC2EPNS4_4NodeE
FNDA:754,_ZN6OctreeIiP10IContainer17ContainerPositionIiEE8iteratordeEv
FNDA:212,_ZN6OctreeIiP10IContainer17ContainerPositionIiEE8iteratorppEv
FNDA:232,_ZNK6OctreeIiP10IContainer17ContainerPositionIiEE8iteratorneERKS5_
FNDA:111,_ZN6OctreeIiP10IContainer17ContainerPositionIiEEC2E11BoundingBoxIiEi
FNDA:0,_ZN6OctreeIiP10IContainer17ContainerPositionIiEED2Ev
FNDA:20,_ZN6OctreeIiP10IContainer17ContainerPositionIiEE5beginEv
FNDA:232,_ZN6OctreeIiP10IContainer17ContainerPositionIiEE3endEv
FNDA:690,_ZN6OctreeIiP10IContainer17ContainerPositionIiEE6insertES1_RS3_PNS4_4NodeE
FNDA:43,_ZN6OctreeIiP10IContainer17ContainerPositionIiEE5splitEPNS4_4NodeE
FNDA:33,_ZN6OctreeIiP10IContainer17ContainerPositionIiEE5CloneEv
FNDA:83,_ZN6OctreeIiP10IContainer17ContainerPositionIiEE6removeENSt7__cxx1112basic_stringIcSt11char_traitsIcESaIcEEE
FNDA:56,_ZN6OctreeIiP10IContainer17ContainerPositionIiEE6searchENSt7__cxx1112basic_stringIcSt11char_traitsIcESaIcEEE
FNDA:44,_ZN6OctreeIiP10IContainer17ContainerPositionIiEE5findIENSt7__cxx1112basic_stringIcSt11char_traitsIcESaIcEEE
FNDA:505,_ZN6OctreeIiP10IContainer17ContainerPositionIiEE11searchDepthEv
FNDA:18160,_ZN6OctreeIiP10IContainer17ContainerPositionIiEE12SearchInsertES1_S3_
FNDA:84923,_ZN6OctreeIiP10IContainer17ContainerPositionIiEE7getMinXERS3_
FNDA:79683,_ZN6OctreeIiP10IContainer17ContainerPositionIiEE7getMaxXERS3_
FNDA:79349,_ZN6OctreeIiP10IContainer17ContainerPositionIiEE7getMinYERS3_
FNDA:78643,_ZN6OctreeIiP10IContainer17ContainerPositionIiEE7getMaxYERS3_
FNDA:77634,_ZN6OctreeIiP10IContainer17ContainerPositionIiEE7getMinZERS3_
FNDA:77294,_ZN6OctreeIiP10IContainer17ContainerPositionIiEE7getMaxZERS3_
FNDA:4389,_ZN6OctreeIiP10IContainer17ContainerPositionIiEE7getMinXERKS3_
FNDA:3433,_ZN6OctreeIiP10IContainer17ContainerPositionIiEE7getMaxXERKS3_
FNDA:3333,_ZN6OctreeIiP10IContainer17ContainerPositionIiEE7getMinYERKS3_
FNDA:2712,_ZN6OctreeIiP10IContainer17ContainerPositionIiEE7getMaxYERKS3_
FNDA:132,_ZN6OctreeIiP10IContainer17ContainerPositionIiEE7getMinZERKS3_
FNDA:805,_ZN6OctreeIiP10IContainer17ContainerPositionIiEE7getMaxZERKS3_
FNDA:798,_ZN6OctreeIiP10IContainer17ContainerPositionIiEE16pointincontainerER5PointIiERS3_
FNDA:81357,_ZN6OctreeIiP10IContainer17ContainerPositionIiEE14searchUnderOctEPNS4_4NodeERSt6vectorISt4pairIS3_S1_ESaIS9_EE
FNDA:404,_ZN6OctreeIiP10IContainer17ContainerPositionIiEE5findIENSt7__cxx1112basic_stringIcSt11char_traitsIcESaIcEEEPNS4_4NodeEPSt4pairIS3_S1_E
FNDA:42753,_ZN6OctreeIiP10IContainer17ContainerPositionIiEE11searchDepthEPNS4_4NodeERSt6vectorISt4pairIS3_S1_ESaIS9_EE
FNDA:27099,_ZN6OctreeIiP10IContainer17ContainerPositionIiEE12SearchInsertES1_S3_PNS4_4NodeEPS6_RSt6vectorISt4pairIS3_S1_ESaISA_EERb
FNDA:416,_ZN6OctreeIiP10IContainer17ContainerPositionIiEE7searchRENSt7__cxx1112basic_stringIcSt11char_traitsIcESaIcEEEPNS4_4NodeEPSC_
FNDA:899,_ZN6OctreeIiP10IContainer17ContainerPositionIiEE7removeRENSt7__cxx1112basic_stringIcSt11char_traitsIcESaIcEEEPNS4_4NodeERbPSC_
FNDA:7,_ZN6OctreeIiP10IContainer17ContainerPositionIiEE14checkEmptyNodeEPNS4_4NodeE
FNDA:63,_ZN6OctreeIiP10IContainer17ContainerPositionIiEE6meargeEPNS4_4NodeE
FNDA:63,_ZN6OctreeIiP10IContainer17ContainerPositionIiEE17decreaseHightTreeEPNS4_4NodeE
FNDA:422,_ZN11BoundingBoxIiEC2ERK5PointIiES4_
FNDA:83,_ZN6OctreeIiP10IContainer17ContainerPositionIiEE6UpdateEPNS4_4NodeE
FNDA:108203,_ZNK11BoundingBoxIiE8containsER5PointIiE
FNDA:45635,_ZNK6OctreeIiP10IContainer17ContainerPositionIiEE13ContainEntityES3_S3_
FNDA:8702,_ZNK6OctreeIiP10IContainer17ContainerPositionIiEE14checkCollisionES1_S3_St6vectorISt4pairIS3_S1_ESaIS7_EE
FNDA:1198,_ZNK6OctreeIiP10IContainer17ContainerPositionIiEE6numberB5cxx11ERK5PointIiE
FNDA:455,_ZN6OctreeIiP10IContainer17ContainerPositionIiEE4NodeC2E11BoundingBoxIiEi
FNDA:0,_ZN6OctreeIiP10IContainer17ContainerPositionIiEE4NodeD2Ev
FNDA:11245,_ZNK6OctreeIiP10IContainer17ContainerPositionIiEE4Node6isLeafEv
FNF:47
FNH:45
DA:55,422
DA:57,108203
DA:58,108203
DA:80,455
DA:81,0
DA:82,0
DA:83,0
DA:85,0
DA:86,0
DA:88,0
DA:90,11245
DA:91,11245
DA:114,252
DA:115,252
DA:116,20
DA:118,252
DA:120,754
DA:121,754
DA:125,212
DA:126,212
DA:127,212
DA:128,212
DA:129,1908
DA:130,1696
DA:131,192
DA:134,212
DA:138,232
DA:139,232
DA:147,111
DA:148,111
DA:149,111
DA:150,111
DA:153,0
DA:154,0
DA:155,0
DA:163,20
DA:164,20
DA:167,232
DA:168,232
DA:172,690
DA:173,690
DA:174,0
DA:176,690
DA:177,690
DA:178,43
DA:179,43
DA:181,690
DA:185,43
DA:186,43
DA:187,43
DA:189,43
DA:190,43
DA:192,43
DA:193,43
DA:194,43
DA:197,43
DA:198,43
DA:199,43
DA:200,43
DA:201,43
DA:202,43
DA:203,43
DA:204,43
DA:207,264
DA:208,221
DA:210,557
DA:211,758
DA:212,443
DA:213,432
DA:214,432
DA:215,411
DA:216,390
DA:217,953
DA:218,195
DA:219,195
DA:220,195
DA:221,195
DA:225,221
DA:226,195
DA:228,26
DA:233,33
DA:234,33
DA:235,33
DA:240,83
DA:241,83
DA:242,83
DA:243,83
DA:244,83
DA:245,0
DA:247,83
DA:248,83
DA:249,83
DA:253,56
DA:254,56
DA:255,56
DA:256,56
DA:260,44
DA:261,44
DA:262,44
DA:263,44
DA:267,505
DA:268,505
DA:269,505
DA:270,505
DA:271,0
DA:274,18160
DA:275,18160
DA:276,18160
DA:277,18160
DA:278,18071
DA:279,18132
DA:280,18148
DA:288,84923
DA:290,84923
DA:294,79683
DA:296,79683
DA:300,79349
DA:302,79349
DA:306,78643
DA:308,78643
DA:312,77634
DA:314,77634
DA:318,77294
DA:320,77294
DA:324,4389
DA:326,4389
DA:329,3433
DA:331,3433
DA:335,3333
DA:337,3333
DA:341,2712
DA:343,2712
DA:348,132
DA:350,132
DA:354,805
DA:356,805
DA:365,798
DA:368,798
DA:369,798
DA:370,798
DA:371,798
DA:372,798
DA:373,798
DA:374,798
DA:381,81357
DA:382,81357
DA:383,72567
DA:385,8790
DA:386,8672
DA:388,82205
DA:389,73034
DA:394,404
DA:395,404
DA:396,0
DA:398,404
DA:399,382
DA:400,295
DA:401,38
DA:402,38
DA:406,366
DA:407,405
DA:408,360
DA:414,42753
DA:415,42753
DA:416,37472
DA:418,5281
DA:419,1425
DA:421,47529
DA:422,42248
DA:427,27099
DA:428,27099
DA:429,0
DA:431,46332
DA:432,10952
DA:433,10123
DA:434,46326
DA:435,17369
DA:437,9796
DA:438,9003
DA:440,9746
DA:441,10152
DA:442,9024
DA:445,9744
DA:447,8675
DA:449,8683
DA:450,869
DA:451,869
DA:453,7884
DA:454,7884
DA:456,1069
DA:457,479
DA:459,590
DA:463,416
DA:464,416
DA:465,0
DA:467,416
DA:468,321
DA:469,249
DA:470,47
DA:471,47
DA:475,369
DA:476,405
DA:477,360
DA:483,899
DA:484,899
DA:485,0
DA:487,899
DA:488,615
DA:490,284
DA:491,738
DA:492,654
DA:500,83
DA:501,83
DA:502,83
DA:503,83
DA:506,83
DA:507,83
DA:508,83
DA:512,201
DA:513,918
DA:514,816
DA:521,7
DA:522,7
DA:523,63
DA:524,56
DA:525,0
DA:528,7
DA:531,63
DA:532,63
DA:533,63
DA:534,56
DA:535,13
DA:536,13
DA:539,63
DA:540,56
DA:544,63
DA:545,63
DA:546,56
DA:548,63
DA:549,56
DA:551,7
DA:552,63
DA:553,56
DA:554,56
DA:555,56
DA:556,56
DA:563,83
DA:564,83
DA:565,7
DA:566,7
DA:567,7
DA:569,76
DA:570,0
DA:571,0
DA:576,45635
DA:578,45635
DA:579,42834
DA:580,42092
DA:581,41775
DA:582,41893
DA:583,41789
DA:586,41964
DA:587,41805
DA:588,41989
DA:589,41720
DA:590,41951
DA:591,41823
DA:594,33018
DA:595,85377
DA:596,52359
DA:600,8702
DA:601,44193
DA:602,43516
DA:603,7713
DA:606,869
DA:621,1198
DA:622,1198
LF:277
LH:258
end_of_record
TN:
SF:/mnt/c/l3/Lab3OOP/Octree/Point.hpp
FN:17,17,_ZN5PointIiEC2Eiii
FN:18,18,_ZN5PointIiEC2Ev
FN:9,11,_ZNK5PointIiEeqERKS0_
FNDA:1873,_ZN5PointIiEC2Eiii
FNDA:144208,_ZN5PointIiEC2Ev
FNDA:1190,_ZNK5PointIiEeqERKS0_
FNF:3
FNH:3
DA:9,1190
DA:10,1190
DA:17,1873
DA:18,144208
LF:4
LH:4
end_of_record
TN:
SF:/mnt/c/l3/Lab3OOP/Storage/Storage.cpp
FN:110,152,_ZN7Storage26calculateContainerPositionEiiiiii
FN:13,24,_ZN7Storage14calculateDepthEv
FN:14,21,_ZZN7Storage14calculateDepthEvENKUliE_clEi
FN:155,178,_ZN7Storage20searchUnderContainerER17ContainerPositionIiE
FN:181,204,_ZN7Storage20searchUpperContainerER17ContainerPositionIiE
FN:208,216,_ZN7Storage13calculatemassESt6vectorISt4pairI17ContainerPositionIiEP10IContainerESaIS6_EEm
FN:219,244,_ZN7Storage12checkSupportER17ContainerPositionIiESt6vectorISt4pairIS1_P10IContainerESaIS7_EE
FN:246,258,_ZN7Storage12addContainerEP10IContaineriii
FN:263,267,_ZNK7Storage19getInfoAboutStorageB5cxx11Ev
FN:27,29,_ZN7Storage24addExternalCheckFunctionERKSt8functionIFvRS_P10IContainer17ContainerPositionIiEEE
FN:271,292,_ZN7Storage7isNoTopERK17ContainerPositionIiE
FN:296,326,_ZN7Storage13moveContainerENSt7__cxx1112basic_stringIcSt11char_traitsIcESaIcEEEiii
FN:32,46,_ZN7StorageC2Eiiiid
FN:330,370,_ZN7Storage15rotateContainerENSt7__cxx1112basic_stringIcSt11char_traitsIcESaIcEEEi
FN:373,394,_ZN7Storage10multitreadEP10IContaineriii
FN:396,413,_ZN7Storage13addContainerREP10IContainerii
FN:40,42,_ZZN7StorageC4EiiiidENKUlRS_P10IContainer17ContainerPositionIiEE_clES0_S2_S4_
FN:415,430,_ZN7Storage12addContainerB5cxx11EP10IContainer
FN:43,45,_ZZN7StorageC4EiiiidENKUlRS_P10IContainer17ContainerPositionIiEE0_clES0_S2_S4_
FN:433,494,_ZN7Storage15removeContainerENSt7__cxx1112basic_stringIcSt11char_traitsIcESaIcEEE
FN:49,51,_ZN7Storage15comparePositionERSt4pairI17ContainerPositionIiEP10IContainerES6_
FN:497,511,_ZNK7Storage7getInfoB5cxx11Ev
FN:514,530,_ZN7Storage9howContaiEP10IContainerRSt6vectorImSaImEEm
FN:533,543,_ZN7Storage12howContainerEP10IContainer
FN:54,56,_ZN7Storage22comparePositionReverseERSt4pairI17ContainerPositionIiEP10IContainerES6_
FN:542,542,_ZZN7Storage12howContainerEP10IContainerENKUliiE_clEii
FN:546,552,_ZN7Storage4findENSt7__cxx1112basic_stringIcSt11char_traitsIcESaIcEEE
FN:555,569,_ZNK7Storage17getListContainersB5cxx11Ev
FN:572,582,_ZN7Storage16checkTemperatureERS_P10IContainer17ContainerPositionIiE
FN:585,607,_ZN7Storage13checkPressureERS_P10IContainer17ContainerPositionIiE
FN:59,75,_ZN7StorageaSERKS_
FN:78,87,_ZN7StorageC2ERKS_
FN:90,105,_ZN7Storage7getSizeEiii
FNDA:18091,_ZN7Storage26calculateContainerPositionEiiiiii
FNDA:78,_ZN7Storage14calculateDepthEv
FNDA:234,_ZZN7Storage14calculateDepthEvENKUliE_clEi
FNDA:374,_ZN7Storage20searchUnderContainerER17ContainerPositionIiE
FNDA:26,_ZN7Storage20searchUpperContainerER17ContainerPositionIiE
FNDA:79,_ZN7Storage13calculatemassESt6vectorISt4pairI17ContainerPositionIiEP10IContainerESaIS6_EEm
FNDA:371,_ZN7Storage12checkSupportER17ContainerPositionIiESt6vectorISt4pairIS1_P10IContainerESaIS7_EE
FNDA:397,_ZN7Storage12addContainerEP10IContaineriii
FNDA:12,_ZNK7Storage19getInfoAboutStorageB5cxx11Ev
FNDA:3,_ZN7Storage24addExternalCheckFunctionERKSt8functionIFvRS_P10IContainer17ContainerPositionIiEEE
FNDA:18,_ZN7Storage7isNoTopERK17ContainerPositionIiE
FNDA:15,_ZN7Storage13moveContainerENSt7__cxx1112basic_stringIcSt11char_traitsIcESaIcEEEiii
FNDA:78,_ZN7StorageC2Eiiiid
FNDA:15,_ZN7Storage15rotateContainerENSt7__cxx1112basic_stringIcSt11char_traitsIcESaIcEEEi
FNDA:17743,_ZN7Storage10multitreadEP10IContaineriii
FNDA:535,_ZN7Storage13addContainerREP10IContainerii
FNDA:581,_ZZN7StorageC4EiiiidENKUlRS_P10IContainer17ContainerPositionIiEE_clES0_S2_S4_
FNDA:330,_ZN7Storage12addContainerB5cxx11EP10IContainer
FNDA:574,_ZZN7StorageC4EiiiidENKUlRS_P10IContainer17ContainerPositionIiEE0_clES0_S2_S4_
FNDA:29,_ZN7Storage15removeContainerENSt7__cxx1112basic_stringIcSt11char_traitsIcESaIcEEE
FNDA:1045,_ZN7Storage15comparePositionERSt4pairI17ContainerPositionIiEP10IContainerES6_
FNDA:44,_ZNK7Storage7getInfoB5cxx11Ev
FNDA:18,_ZN7Storage9howContaiEP10IContainerRSt6vectorImSaImEEm
FNDA:3,_ZN7Storage12howContainerEP10IContainer
FNDA:63,_ZN7Storage22comparePositionReverseERSt4pairI17ContainerPositionIiEP10IContainerES6_
FNDA:18,_ZZN7Storage12howContainerEP10IContainerENKUliiE_clEii
FNDA:15,_ZN7Storage4findENSt7__cxx1112basic_stringIcSt11char_traitsIcESaIcEEE
FNDA:20,_ZNK7Storage17getListContainersB5cxx11Ev
FNDA:581,_ZN7Storage16checkTemperatureERS_P10IContainer17ContainerPositionIiE
FNDA:574,_ZN7Storage13checkPressureERS_P10IContainer17ContainerPositionIiE
FNDA:9,_ZN7StorageaSERKS_
FNDA:24,_ZN7StorageC2ERKS_
FNDA:12,_ZN7Storage7getSizeEiii
FNF:33
FNH:33
DA:13,78
DA:14,234
DA:15,234
DA:16,615
DA:17,381
DA:18,381
DA:20,234
DA:22,78
DA:27,3
DA:28,3
DA:29,3
DA:32,78
DA:33,78
DA:34,78
DA:35,78
DA:36,78
DA:37,78
DA:38,78
DA:39,78
DA:40,78
DA:41,581
DA:42,573
DA:43,78
DA:44,574
DA:45,421
DA:46,78
DA:49,1045
DA:50,1045
DA:54,63
DA:55,63
DA:59,9
DA:60,9
DA:61,9
DA:62,9
DA:63,9
DA:64,9
DA:65,9
DA:66,9
DA:67,9
DA:68,9
DA:69,39
DA:70,30
DA:72,9
DA:73,9
DA:74,9
DA:78,24
DA:79,24
DA:80,24
DA:81,24
DA:82,24
DA:83,60
DA:84,36
DA:86,24
DA:87,24
DA:90,12
DA:91,12
DA:92,3
DA:94,9
DA:95,9
DA:96,9
DA:97,39
DA:98,30
DA:100,39
DA:101,30
DA:103,9
DA:104,9
DA:105,9
DA:110,18091
DA:111,18091
DA:113,18064
DA:114,18064
DA:115,18064
DA:118,18064
DA:119,18064
DA:120,18064
DA:123,18064
DA:124,18064
DA:125,18064
DA:128,18064
DA:129,18064
DA:130,18064
DA:133,18064
DA:134,18064
DA:135,18064
DA:138,18064
DA:139,18064
DA:140,18064
DA:143,18064
DA:144,18064
DA:145,18064
DA:148,18064
DA:149,18064
DA:150,18064
DA:151,18064
DA:155,374
DA:156,374
DA:157,374
DA:158,374
DA:159,373
DA:160,373
DA:161,373
DA:162,373
DA:163,373
DA:164,375
DA:165,375
DA:166,4465
DA:167,4087
DA:169,7273
DA:170,8064
DA:171,787
DA:172,780
DA:173,780
DA:176,375
DA:177,750
DA:178,375
DA:181,26
DA:182,26
DA:183,26
DA:184,26
DA:185,26
DA:186,26
DA:187,26
DA:188,26
DA:189,26
DA:190,26
DA:191,26
DA:192,256
DA:193,230
DA:195,423
DA:196,531
DA:197,108
DA:198,57
DA:199,57
DA:202,26
DA:203,52
DA:204,26
DA:208,79
DA:209,79
DA:210,148
DA:211,69
DA:212,69
DA:215,79
DA:219,371
DA:220,371
DA:221,371
DA:222,371
DA:223,372
DA:224,372
DA:226,415
DA:227,388
DA:228,345
DA:230,387
DA:231,121
DA:233,266
DA:234,215
DA:236,266
DA:237,169
DA:239,266
DA:240,223
DA:243,27
DA:246,397
DA:247,397
DA:248,3
DA:250,394
DA:251,394
DA:252,394
DA:253,10
DA:255,384
DA:256,366
DA:257,366
DA:258,366
DA:263,12
DA:264,24
DA:265,36
DA:266,12
DA:271,18
DA:272,18
DA:273,18
DA:274,18
DA:275,18
DA:276,18
DA:277,18
DA:278,18
DA:279,18
DA:280,18
DA:282,66
DA:283,54
DA:284,90
DA:285,114
DA:286,24
DA:287,6
DA:291,12
DA:292,18
DA:296,15
DA:297,15
DA:298,3
DA:300,12
DA:301,12
DA:302,3
DA:304,9
DA:305,27
DA:306,27
DA:307,9
DA:308,9
DA:309,9
DA:310,9
DA:313,9
DA:314,3
DA:315,3
DA:316,3
DA:319,6
DA:320,3
DA:321,3
DA:322,3
DA:323,3
DA:324,3
DA:325,3
DA:326,3
DA:330,15
DA:331,15
DA:332,15
DA:333,3
DA:335,12
DA:336,15
DA:337,15
DA:338,12
DA:339,12
DA:340,12
DA:341,12
DA:344,12
DA:345,12
DA:346,3
DA:347,3
DA:348,3
DA:350,9
DA:351,9
DA:352,3
DA:353,3
DA:354,3
DA:356,6
DA:357,6
DA:358,6
DA:359,6
DA:361,6
DA:362,3
DA:363,3
DA:364,3
DA:365,3
DA:366,3
DA:367,3
DA:368,3
DA:369,3
DA:370,3
DA:373,17743
DA:374,17743
DA:375,17717
DA:376,17724
DA:377,17784
DA:378,17721
DA:379,17773
DA:380,17294
DA:382,479
DA:383,343
DA:384,343
DA:385,309
DA:386,309
DA:387,309
DA:388,309
DA:390,34
DA:391,34
DA:392,34
DA:394,17778
DA:396,535
DA:397,535
DA:398,1195
DA:399,9522
DA:400,26349
DA:402,17996
DA:403,207
DA:405,17750
DA:406,309
DA:407,17496
DA:408,17497
DA:412,26
DA:413,542
DA:415,330
DA:416,330
DA:417,867
DA:418,537
DA:419,537
DA:421,867
DA:422,537
DA:424,329
DA:425,42
DA:427,309
DA:428,309
DA:430,330
DA:433,29
DA:434,29
DA:435,29
DA:436,29
DA:437,3
DA:439,26
DA:440,26
DA:442,8
DA:445,18
DA:446,18
DA:452,75
DA:453,57
DA:454,57
DA:456,57
DA:460,18
DA:463,18
DA:464,72
DA:465,57
DA:466,57
DA:469,57
DA:470,3
DA:471,3
DA:472,0
DA:474,3
DA:475,6
DA:476,3
DA:478,3
DA:483,54
DA:487,57
DA:489,69
DA:490,54
DA:492,15
DA:493,21
DA:494,26
DA:497,44
DA:498,44
DA:499,44
DA:500,44
DA:501,6
DA:503,290
DA:504,249
DA:505,498
DA:506,996
DA:507,747
DA:510,41
DA:511,44
DA:514,18
DA:515,18
DA:516,18
DA:517,18
DA:520,270
DA:521,252
DA:522,251
DA:523,251
DA:525,18
DA:526,18
DA:529,18
DA:530,18
DA:533,3
DA:534,3
DA:535,3
DA:536,21
DA:537,18
DA:539,21
DA:540,18
DA:542,24
DA:543,3
DA:546,15
DA:547,15
DA:548,15
DA:549,3
DA:551,12
DA:555,20
DA:556,20
DA:557,232
DA:558,212
DA:559,0
DA:560,0
DA:562,212
DA:563,258
DA:564,186
DA:567,20
DA:568,20
DA:569,0
DA:572,581
DA:573,581
DA:574,581
DA:575,0
DA:577,587
DA:578,6
DA:580,6
DA:582,573
DA:585,574
DA:586,574
DA:587,0
DA:589,574
DA:590,374
DA:591,375
DA:592,3
DA:594,372
DA:595,148
DA:597,806
DA:598,585
DA:599,585
DA:600,0
DA:602,585
DA:603,3
DA:606,375
DA:607,421
LF:406
LH:399
end_of_record
TN:
SF:/mnt/c/l3/Lab3OOP/Terminal/Terminal.cpp
FN:10,16,_ZN8Terminal6removeEi
FN:18,23,_ZN8Terminal14setsizeStorageEiiii
FN:25,32,_ZN8Terminal10getallInfoERSo
FN:3,8,_ZN8Terminal3addEiP7Storage
FN:35,40,_ZN8Terminal4findEi
FN:42,47,_ZN8TerminalD2Ev
FNDA:6,_ZN8Terminal6removeEi
FNDA:6,_ZN8Terminal14setsizeStorageEiiii
FNDA:3,_ZN8Terminal10getallInfoERSo
FNDA:24,_ZN8Terminal3addEiP7Storage
FNDA:6,_ZN8Terminal4findEi
FNDA:27,_ZN8TerminalD2Ev
FNF:6
FNH:6
DA:3,24
DA:4,24
DA:5,3
DA:7,21
DA:8,21
DA:10,6
DA:11,6
DA:12,3
DA:14,3
DA:15,3
DA:16,3
DA:18,6
DA:19,6
DA:20,3
DA:22,3
DA:23,3
DA:25,3
DA:26,6
DA:27,3
DA:28,3
DA:29,3
DA:30,3
DA:32,3
DA:35,6
DA:36,6
DA:37,3
DA:39,3
DA:42,27
DA:43,45
DA:44,18
DA:46,27
DA:47,27
LF:32
LH:32
end_of_record
