TN:
SF:/mnt/c/л3/Lab3OOP/Checker/Checker.hpp
FN:25,25,_ZN7CheckerIiEC2Ev
FN:27,28,_ZN7CheckerIiEC2ERKS0_
FN:30,32,_ZN7CheckerIiE16addCheckFunctionESt8functionIFvR7StorageP10IContainer17ContainerPositionIiEEE
FN:43,47,_ZNK7CheckerIiE11applyChecksER7StorageP10IContainer17ContainerPositionIiE
FNDA:72,_ZN7CheckerIiEC2Ev
FNDA:24,_ZN7CheckerIiEC2ERKS0_
FNDA:120,_ZN7CheckerIiE16addCheckFunctionESt8functionIFvR7StorageP10IContainer17ContainerPositionIiEEE
FNDA:417,_ZNK7CheckerIiE11applyChecksER7StorageP10IContainer17ContainerPositionIiE
FNF:4
FNH:4
DA:25,72
DA:27,24
DA:28,24
DA:30,120
DA:31,120
DA:32,120
DA:43,417
DA:44,1134
DA:45,756
DA:47,378
LF:10
LH:10
end_of_record
TN:
SF:/mnt/c/л3/Lab3OOP/Octree/ContainerPosition.hpp
FN:12,12,_ZN17ContainerPositionIiEC2Ev
FN:18,23,_ZNK17ContainerPositionIiEeqERKS0_
FNDA:0,_ZN17ContainerPositionIiEC2Ev
FNDA:403,_ZNK17ContainerPositionIiEeqERKS0_
FNF:2
FNH:1
DA:12,0
DA:18,403
DA:19,979
DA:20,864
DA:21,864
DA:22,979
LF:6
LH:5
end_of_record
TN:
SF:/mnt/c/л3/Lab3OOP/Octree/Octree.hpp
FN:114,118,_ZN6OctreeIiP10IContainer17ContainerPositionIiEE8iteratorC2EPNS4_4NodeE
FN:120,122,_ZN6OctreeIiP10IContainer17ContainerPositionIiEE8iteratordeEv
FN:125,135,_ZN6OctreeIiP10IContainer17ContainerPositionIiEE8iteratorppEv
FN:138,140,_ZNK6OctreeIiP10IContainer17ContainerPositionIiEE8iteratorneERKS5_
FN:147,151,_ZN6OctreeIiP10IContainer17ContainerPositionIiEEC2ER11BoundingBoxIiEi
FN:154,156,_ZN6OctreeIiP10IContainer17ContainerPositionIiEED2Ev
FN:164,166,_ZN6OctreeIiP10IContainer17ContainerPositionIiEE5beginEv
FN:168,170,_ZN6OctreeIiP10IContainer17ContainerPositionIiEE3endEv
FN:173,182,_ZN6OctreeIiP10IContainer17ContainerPositionIiEE6insertES1_RS3_PNS4_4NodeE
FN:185,265,_ZN6OctreeIiP10IContainer17ContainerPositionIiEE5splitEPNS4_4NodeE
FN:268,271,_ZN6OctreeIiP10IContainer17ContainerPositionIiEE5CloneEv
FN:275,283,_ZN6OctreeIiP10IContainer17ContainerPositionIiEE6removeENSt7__cxx1112basic_stringIcSt11char_traitsIcESaIcEEE
FN:286,290,_ZN6OctreeIiP10IContainer17ContainerPositionIiEE6searchENSt7__cxx1112basic_stringIcSt11char_traitsIcESaIcEEE
FN:293,297,_ZN6OctreeIiP10IContainer17ContainerPositionIiEE5findIENSt7__cxx1112basic_stringIcSt11char_traitsIcESaIcEEE
FN:300,304,_ZN6OctreeIiP10IContainer17ContainerPositionIiEE11searchDepthEv
FN:307,313,_ZN6OctreeIiP10IContainer17ContainerPositionIiEE12SearchInsertES1_S3_
FN:321,324,_ZN6OctreeIiP10IContainer17ContainerPositionIiEE7getMinXERS3_
FN:327,330,_ZN6OctreeIiP10IContainer17ContainerPositionIiEE7getMaxXERS3_
FN:333,336,_ZN6OctreeIiP10IContainer17ContainerPositionIiEE7getMinYERS3_
FN:339,342,_ZN6OctreeIiP10IContainer17ContainerPositionIiEE7getMaxYERS3_
FN:345,348,_ZN6OctreeIiP10IContainer17ContainerPositionIiEE7getMinZERS3_
FN:351,354,_ZN6OctreeIiP10IContainer17ContainerPositionIiEE7getMaxZERS3_
FN:357,360,_ZN6OctreeIiP10IContainer17ContainerPositionIiEE7getMinXERKS3_
FN:362,365,_ZN6OctreeIiP10IContainer17ContainerPositionIiEE7getMaxXERKS3_
FN:368,371,_ZN6OctreeIiP10IContainer17ContainerPositionIiEE7getMinYERKS3_
FN:374,377,_ZN6OctreeIiP10IContainer17ContainerPositionIiEE7getMaxYERKS3_
FN:381,384,_ZN6OctreeIiP10IContainer17ContainerPositionIiEE7getMinZERKS3_
FN:387,390,_ZN6OctreeIiP10IContainer17ContainerPositionIiEE7getMaxZERKS3_
FN:393,403,_ZN6OctreeIiP10IContainer17ContainerPositionIiEE16pointincontainerER5PointIiERS3_
FN:409,419,_ZN6OctreeIiP10IContainer17ContainerPositionIiEE14searchUnderOctEPNS4_4NodeERSt6vectorISt4pairIS3_S1_ESaIS9_EE
FN:422,439,_ZN6OctreeIiP10IContainer17ContainerPositionIiEE5findIENSt7__cxx1112basic_stringIcSt11char_traitsIcESaIcEEEPNS4_4NodeEPSt4pairIS3_S1_E
FN:442,452,_ZN6OctreeIiP10IContainer17ContainerPositionIiEE11searchDepthEPNS4_4NodeERSt6vectorISt4pairIS3_S1_ESaIS9_EE
FN:455,488,_ZN6OctreeIiP10IContainer17ContainerPositionIiEE12SearchInsertES1_S3_PNS4_4NodeEPS6_RSt6vectorISt4pairIS3_S1_ESaISA_EERb
FN:491,508,_ZN6OctreeIiP10IContainer17ContainerPositionIiEE7searchRENSt7__cxx1112basic_stringIcSt11char_traitsIcESaIcEEEPNS4_4NodeEPSC_
FN:511,534,_ZN6OctreeIiP10IContainer17ContainerPositionIiEE7removeRENSt7__cxx1112basic_stringIcSt11char_traitsIcESaIcEEEPNS4_4NodeERb
FN:537,558,_ZNK6OctreeIiP10IContainer17ContainerPositionIiEE13ContainEntityES3_S3_
FN:55,55,_ZN11BoundingBoxIiEC2ERK5PointIiES4_
FN:561,568,_ZNK6OctreeIiP10IContainer17ContainerPositionIiEE14checkCollisionES1_S3_St6vectorISt4pairIS3_S1_ESaIS7_EE
FN:57,59,_ZNK11BoundingBoxIiE8containsER5PointIiE
FN:582,584,_ZNK6OctreeIiP10IContainer17ContainerPositionIiEE6numberB5cxx11ERK5PointIiE
FN:80,80,_ZN6OctreeIiP10IContainer17ContainerPositionIiEE4NodeC2ER11BoundingBoxIiEi
FN:81,88,_ZN6OctreeIiP10IContainer17ContainerPositionIiEE4NodeD2Ev
FN:90,92,_ZNK6OctreeIiP10IContainer17ContainerPositionIiEE4Node6isLeafEv
FNDA:0,_ZN6OctreeIiP10IContainer17ContainerPositionIiEE8iteratorC2EPNS4_4NodeE
FNDA:0,_ZN6OctreeIiP10IContainer17ContainerPositionIiEE8iteratordeEv
FNDA:0,_ZN6OctreeIiP10IContainer17ContainerPositionIiEE8iteratorppEv
FNDA:0,_ZNK6OctreeIiP10IContainer17ContainerPositionIiEE8iteratorneERKS5_
FNDA:84,_ZN6OctreeIiP10IContainer17ContainerPositionIiEEC2ER11BoundingBoxIiEi
FNDA:0,_ZN6OctreeIiP10IContainer17ContainerPositionIiEED2Ev
FNDA:0,_ZN6OctreeIiP10IContainer17ContainerPositionIiEE5beginEv
FNDA:0,_ZN6OctreeIiP10IContainer17ContainerPositionIiEE3endEv
FNDA:402,_ZN6OctreeIiP10IContainer17ContainerPositionIiEE6insertES1_RS3_PNS4_4NodeE
FNDA:175,_ZN6OctreeIiP10IContainer17ContainerPositionIiEE5splitEPNS4_4NodeE
FNDA:24,_ZN6OctreeIiP10IContainer17ContainerPositionIiEE5CloneEv
FNDA:42,_ZN6OctreeIiP10IContainer17ContainerPositionIiEE6removeENSt7__cxx1112basic_stringIcSt11char_traitsIcESaIcEEE
FNDA:78,_ZN6OctreeIiP10IContainer17ContainerPositionIiEE6searchENSt7__cxx1112basic_stringIcSt11char_traitsIcESaIcEEE
FNDA:0,_ZN6OctreeIiP10IContainer17ContainerPositionIiEE5findIENSt7__cxx1112basic_stringIcSt11char_traitsIcESaIcEEE
FNDA:352,_ZN6OctreeIiP10IContainer17ContainerPositionIiEE11searchDepthEv
FNDA:537,_ZN6OctreeIiP10IContainer17ContainerPositionIiEE12SearchInsertES1_S3_
FNDA:3221,_ZN6OctreeIiP10IContainer17ContainerPositionIiEE7getMinXERS3_
FNDA:3221,_ZN6OctreeIiP10IContainer17ContainerPositionIiEE7getMaxXERS3_
FNDA:3605,_ZN6OctreeIiP10IContainer17ContainerPositionIiEE7getMinYERS3_
FNDA:3605,_ZN6OctreeIiP10IContainer17ContainerPositionIiEE7getMaxYERS3_
FNDA:3011,_ZN6OctreeIiP10IContainer17ContainerPositionIiEE7getMinZERS3_
FNDA:2831,_ZN6OctreeIiP10IContainer17ContainerPositionIiEE7getMaxZERS3_
FNDA:885,_ZN6OctreeIiP10IContainer17ContainerPositionIiEE7getMinXERKS3_
FNDA:641,_ZN6OctreeIiP10IContainer17ContainerPositionIiEE7getMaxXERKS3_
FNDA:593,_ZN6OctreeIiP10IContainer17ContainerPositionIiEE7getMinYERKS3_
FNDA:528,_ZN6OctreeIiP10IContainer17ContainerPositionIiEE7getMaxYERKS3_
FNDA:126,_ZN6OctreeIiP10IContainer17ContainerPositionIiEE7getMinZERKS3_
FNDA:362,_ZN6OctreeIiP10IContainer17ContainerPositionIiEE7getMaxZERKS3_
FNDA:531,_ZN6OctreeIiP10IContainer17ContainerPositionIiEE16pointincontainerER5PointIiERS3_
FNDA:20149,_ZN6OctreeIiP10IContainer17ContainerPositionIiEE14searchUnderOctEPNS4_4NodeERSt6vectorISt4pairIS3_S1_ESaIS9_EE
FNDA:0,_ZN6OctreeIiP10IContainer17ContainerPositionIiEE5findIENSt7__cxx1112basic_stringIcSt11char_traitsIcESaIcEEEPNS4_4NodeEPSt4pairIS3_S1_E
FNDA:82720,_ZN6OctreeIiP10IContainer17ContainerPositionIiEE11searchDepthEPNS4_4NodeERSt6vectorISt4pairIS3_S1_ESaIS9_EE
FNDA:5721,_ZN6OctreeIiP10IContainer17ContainerPositionIiEE12SearchInsertES1_S3_PNS4_4NodeEPS6_RSt6vectorISt4pairIS3_S1_ESaISA_EERb
FNDA:2190,_ZN6OctreeIiP10IContainer17ContainerPositionIiEE7searchRENSt7__cxx1112basic_stringIcSt11char_traitsIcESaIcEEEPNS4_4NodeEPSC_
FNDA:1338,_ZN6OctreeIiP10IContainer17ContainerPositionIiEE7removeRENSt7__cxx1112basic_stringIcSt11char_traitsIcESaIcEEEPNS4_4NodeERb
FNDA:1141,_ZNK6OctreeIiP10IContainer17ContainerPositionIiEE13ContainEntityES3_S3_
FNDA:1460,_ZN11BoundingBoxIiEC2ERK5PointIiES4_
FNDA:525,_ZNK6OctreeIiP10IContainer17ContainerPositionIiEE14checkCollisionES1_S3_St6vectorISt4pairIS3_S1_ESaIS7_EE
FNDA:15324,_ZNK11BoundingBoxIiE8containsER5PointIiE
FNDA:0,_ZNK6OctreeIiP10IContainer17ContainerPositionIiEE6numberB5cxx11ERK5PointIiE
FNDA:1484,_ZN6OctreeIiP10IContainer17ContainerPositionIiEE4NodeC2ER11BoundingBoxIiEi
FNDA:0,_ZN6OctreeIiP10IContainer17ContainerPositionIiEE4NodeD2Ev
FNDA:0,_ZNK6OctreeIiP10IContainer17ContainerPositionIiEE4Node6isLeafEv
FNF:43
FNH:31
DA:55,1460
DA:57,15324
DA:58,15324
DA:80,1484
DA:81,0
DA:82,0
DA:83,0
DA:85,0
DA:86,0
DA:88,0
DA:90,0
DA:91,0
DA:114,0
DA:115,0
DA:116,0
DA:118,0
DA:120,0
DA:121,0
DA:125,0
DA:126,0
DA:127,0
DA:128,0
DA:129,0
DA:130,0
DA:131,0
DA:134,0
DA:138,0
DA:139,0
DA:147,84
DA:148,84
DA:149,84
DA:151,84
DA:154,0
DA:155,0
DA:156,0
DA:164,0
DA:165,0
DA:168,0
DA:169,0
DA:173,402
DA:174,402
DA:175,0
DA:177,402
DA:178,402
DA:179,175
DA:181,402
DA:185,175
DA:186,175
DA:187,175
DA:189,175
DA:190,175
DA:191,175
DA:193,175
DA:194,175
DA:195,175
DA:196,175
DA:197,175
DA:200,175
DA:201,175
DA:202,175
DA:203,175
DA:204,175
DA:207,175
DA:208,175
DA:209,175
DA:210,175
DA:211,175
DA:214,175
DA:215,175
DA:216,175
DA:217,175
DA:218,175
DA:221,175
DA:222,175
DA:223,175
DA:224,175
DA:225,175
DA:228,175
DA:229,175
DA:230,175
DA:231,175
DA:232,175
DA:235,175
DA:236,175
DA:237,175
DA:238,175
DA:239,175
DA:242,175
DA:243,175
DA:244,175
DA:245,175
DA:246,175
DA:249,398
DA:250,481
DA:251,692
DA:252,453
DA:253,427
DA:254,408
DA:255,408
DA:256,408
DA:257,896
DA:258,204
DA:259,204
DA:260,204
DA:261,204
DA:265,175
DA:268,24
DA:269,24
DA:270,24
DA:275,42
DA:276,42
DA:277,42
DA:278,42
DA:279,0
DA:281,42
DA:282,42
DA:286,78
DA:287,78
DA:288,78
DA:289,78
DA:293,0
DA:294,0
DA:295,0
DA:296,0
DA:300,352
DA:301,352
DA:302,352
DA:303,352
DA:304,0
DA:307,537
DA:308,537
DA:309,537
DA:310,537
DA:311,537
DA:312,537
DA:313,537
DA:321,3221
DA:323,3221
DA:327,3221
DA:329,3221
DA:333,3605
DA:335,3605
DA:339,3605
DA:341,3605
DA:345,3011
DA:347,3011
DA:351,2831
DA:353,2831
DA:357,885
DA:359,885
DA:362,641
DA:364,641
DA:368,593
DA:370,593
DA:374,528
DA:376,528
DA:381,126
DA:383,126
DA:387,362
DA:389,362
DA:393,531
DA:396,531
DA:397,531
DA:398,531
DA:399,531
DA:400,531
DA:401,531
DA:402,531
DA:409,20149
DA:410,20149
DA:411,17696
DA:413,2453
DA:414,409
DA:416,22077
DA:417,19624
DA:422,0
DA:423,0
DA:424,0
DA:426,0
DA:427,0
DA:428,0
DA:429,0
DA:430,0
DA:434,0
DA:435,0
DA:436,0
DA:442,82720
DA:443,82720
DA:444,72424
DA:446,10296
DA:447,965
DA:449,92664
DA:450,82368
DA:455,5721
DA:456,5721
DA:457,0
DA:459,6933
DA:460,1099
DA:461,1075
DA:462,6933
DA:463,4652
DA:465,1069
DA:466,434
DA:468,1069
DA:469,5832
DA:470,5184
DA:473,1069
DA:475,525
DA:477,525
DA:478,417
DA:479,417
DA:481,108
DA:482,108
DA:484,544
DA:485,356
DA:487,188
DA:491,2190
DA:492,2190
DA:493,0
DA:495,2190
DA:496,540
DA:497,336
DA:498,60
DA:499,60
DA:503,2130
DA:504,2376
DA:505,2112
DA:511,1338
DA:512,1338
DA:513,0
DA:515,1338
DA:516,408
DA:518,930
DA:519,282
DA:520,168
DA:521,42
DA:522,42
DA:523,42
DA:524,42
DA:528,888
DA:529,1458
DA:530,1296
DA:537,1141
DA:539,1141
DA:540,1141
DA:541,1141
DA:542,1141
DA:543,1141
DA:544,1141
DA:547,1141
DA:548,1141
DA:549,1141
DA:550,1141
DA:551,1141
DA:552,1141
DA:555,818
DA:556,2511
DA:557,1693
DA:561,525
DA:562,1558
DA:563,1141
DA:564,108
DA:567,417
DA:582,0
DA:583,0
LF:265
LH:211
end_of_record
TN:
SF:/mnt/c/л3/Lab3OOP/Octree/Point.hpp
FN:17,17,_ZN5PointIiEC2Eiii
FN:18,18,_ZN5PointIiEC2Ev
FN:9,11,_ZNK5PointIiEeqERKS0_
FNDA:3146,_ZN5PointIiEC2Eiii
FNDA:0,_ZN5PointIiEC2Ev
FNDA:2419,_ZNK5PointIiEeqERKS0_
FNF:3
FNH:2
DA:9,2419
DA:10,2419
DA:17,3146
DA:18,0
LF:4
LH:3
end_of_record
TN:
SF:/mnt/c/л3/Lab3OOP/Storage/Storage.cpp
FN:105,120,_ZN7Storage7getSizeEiii
FN:125,167,_ZN7Storage26calculateContainerPositionEiiiiii
FN:13,24,_ZN7Storage14calculateDepthEv
FN:14,21,_ZZN7Storage14calculateDepthEvENKUliE_clEi
FN:170,193,_ZN7Storage20searchUnderContainerER17ContainerPositionIiE
FN:196,219,_ZN7Storage20searchUpperContainerER17ContainerPositionIiE
FN:223,231,_ZN7Storage13calculatemassESt6vectorISt4pairI17ContainerPositionIiEP10IContainerESaIS6_EEm
FN:234,259,_ZN7Storage12checkSupportER17ContainerPositionIiESt6vectorISt4pairIS1_P10IContainerESaIS7_EE
FN:261,273,_ZN7Storage12addContainerEP10IContaineriii
FN:27,29,_ZN7Storage24addExternalCheckFunctionERKSt8functionIFvRS_P10IContainer17ContainerPositionIiEEE
FN:278,282,_ZNK7Storage19getInfoAboutStorageB5cxx11Ev
FN:286,307,_ZN7Storage7isNoTopERK17ContainerPositionIiE
FN:311,341,_ZN7Storage13moveContainerENSt7__cxx1112basic_stringIcSt11char_traitsIcESaIcEEEiii
FN:32,44,_ZN7Storage5checkEv
FN:345,385,_ZN7Storage15rotateContainerENSt7__cxx1112basic_stringIcSt11char_traitsIcESaIcEEEi
FN:388,409,_ZN7Storage10multitreadEP10IContaineriii
FN:411,428,_ZN7Storage13addContainerREP10IContainerii
FN:430,445,_ZN7Storage12addContainerB5cxx11EP10IContainer
FN:448,505,_ZN7Storage15removeContainerENSt7__cxx1112basic_stringIcSt11char_traitsIcESaIcEEE
FN:47,61,_ZN7StorageC2Eiiiid
FN:508,522,_ZNK7Storage7getInfoB5cxx11Ev
FN:525,546,_ZN7Storage9howContaiEP10IContainerRSt6vectorImSaImEEm
FN:549,559,_ZN7Storage12howContainerEP10IContainer
FN:55,57,_ZZN7StorageC4EiiiidENKUlRS_P10IContainer17ContainerPositionIiEE_clES0_S2_S4_
FN:558,558,_ZZN7Storage12howContainerEP10IContainerENKUliiE_clEii
FN:562,572,_ZNK7Storage17getListContainersB5cxx11Ev
FN:575,582,_ZN7Storage16checkTemperatureERS_P10IContainer17ContainerPositionIiE
FN:58,60,_ZZN7StorageC4EiiiidENKUlRS_P10IContainer17ContainerPositionIiEE0_clES0_S2_S4_
FN:585,601,_ZN7Storage13checkPressureERS_P10IContainer17ContainerPositionIiE
FN:64,66,_ZN7Storage15comparePositionERSt4pairI17ContainerPositionIiEP10IContainerES6_
FN:69,71,_ZN7Storage22comparePositionReverseERSt4pairI17ContainerPositionIiEP10IContainerES6_
FN:74,90,_ZN7StorageaSERKS_
FN:93,102,_ZN7StorageC2ERKS_
FNDA:18,_ZN7Storage7getSizeEiii
FNDA:536,_ZN7Storage26calculateContainerPositionEiiiiii
FNDA:60,_ZN7Storage14calculateDepthEv
FNDA:180,_ZZN7Storage14calculateDepthEvENKUliE_clEi
FNDA:198,_ZN7Storage20searchUnderContainerER17ContainerPositionIiE
FNDA:18,_ZN7Storage20searchUpperContainerER17ContainerPositionIiE
FNDA:147,_ZN7Storage13calculatemassESt6vectorISt4pairI17ContainerPositionIiEP10IContainerESaIS6_EEm
FNDA:192,_ZN7Storage12checkSupportER17ContainerPositionIiESt6vectorISt4pairIS1_P10IContainerESaIS7_EE
FNDA:396,_ZN7Storage12addContainerEP10IContaineriii
FNDA:0,_ZN7Storage24addExternalCheckFunctionERKSt8functionIFvRS_P10IContainer17ContainerPositionIiEEE
FNDA:24,_ZNK7Storage19getInfoAboutStorageB5cxx11Ev
FNDA:36,_ZN7Storage7isNoTopERK17ContainerPositionIiE
FNDA:30,_ZN7Storage13moveContainerENSt7__cxx1112basic_stringIcSt11char_traitsIcESaIcEEEiii
FNDA:0,_ZN7Storage5checkEv
FNDA:30,_ZN7Storage15rotateContainerENSt7__cxx1112basic_stringIcSt11char_traitsIcESaIcEEEi
FNDA:147,_ZN7Storage10multitreadEP10IContaineriii
FNDA:84,_ZN7Storage13addContainerREP10IContainerii
FNDA:30,_ZN7Storage12addContainerB5cxx11EP10IContainer
FNDA:24,_ZN7Storage15removeContainerENSt7__cxx1112basic_stringIcSt11char_traitsIcESaIcEEE
FNDA:60,_ZN7StorageC2Eiiiid
FNDA:48,_ZNK7Storage7getInfoB5cxx11Ev
FNDA:0,_ZN7Storage9howContaiEP10IContainerRSt6vectorImSaImEEm
FNDA:0,_ZN7Storage12howContainerEP10IContainer
FNDA:381,_ZZN7StorageC4EiiiidENKUlRS_P10IContainer17ContainerPositionIiEE_clES0_S2_S4_
FNDA:0,_ZZN7Storage12howContainerEP10IContainerENKUliiE_clEii
FNDA:16,_ZNK7Storage17getListContainersB5cxx11Ev
FNDA:381,_ZN7Storage16checkTemperatureERS_P10IContainer17ContainerPositionIiE
FNDA:375,_ZZN7StorageC4EiiiidENKUlRS_P10IContainer17ContainerPositionIiEE0_clES0_S2_S4_
FNDA:375,_ZN7Storage13checkPressureERS_P10IContainer17ContainerPositionIiE
FNDA:534,_ZN7Storage15comparePositionERSt4pairI17ContainerPositionIiEP10IContainerES6_
FNDA:12,_ZN7Storage22comparePositionReverseERSt4pairI17ContainerPositionIiEP10IContainerES6_
FNDA:12,_ZN7StorageaSERKS_
FNDA:12,_ZN7StorageC2ERKS_
FNF:33
FNH:28
DA:13,60
DA:14,180
DA:15,180
DA:16,588
DA:17,408
DA:18,408
DA:20,180
DA:22,60
DA:27,0
DA:28,0
DA:29,0
DA:32,0
DA:33,0
DA:34,0
DA:35,0
DA:36,0
DA:38,0
DA:39,0
DA:40,0
DA:43,0
DA:44,0
DA:47,60
DA:48,60
DA:49,60
DA:50,60
DA:51,60
DA:52,60
DA:53,60
DA:54,60
DA:55,60
DA:56,381
DA:57,375
DA:58,60
DA:59,375
DA:60,342
DA:61,60
DA:64,534
DA:65,534
DA:69,12
DA:70,12
DA:74,12
DA:75,12
DA:76,12
DA:77,12
DA:78,12
DA:79,12
DA:80,12
DA:81,12
DA:82,12
DA:83,12
DA:84,72
DA:85,60
DA:87,12
DA:88,12
DA:89,12
DA:93,12
DA:94,12
DA:95,12
DA:96,12
DA:97,12
DA:98,48
DA:99,36
DA:101,12
DA:102,12
DA:105,18
DA:106,18
DA:107,6
DA:109,12
DA:110,12
DA:111,12
DA:112,72
DA:113,60
DA:115,72
DA:116,60
DA:118,12
DA:119,12
DA:120,12
DA:125,536
DA:126,536
DA:128,537
DA:129,537
DA:130,537
DA:133,537
DA:134,537
DA:135,537
DA:138,537
DA:139,537
DA:140,537
DA:143,537
DA:144,537
DA:145,537
DA:148,537
DA:149,537
DA:150,537
DA:153,537
DA:154,537
DA:155,537
DA:158,537
DA:159,537
DA:160,537
DA:163,537
DA:164,537
DA:165,537
DA:166,537
DA:170,198
DA:171,198
DA:172,198
DA:173,198
DA:174,198
DA:175,198
DA:176,198
DA:177,198
DA:178,198
DA:179,198
DA:180,198
DA:181,813
DA:182,615
DA:184,1046
DA:185,1372
DA:186,326
DA:187,317
DA:188,317
DA:191,198
DA:192,396
DA:193,198
DA:196,18
DA:197,18
DA:198,18
DA:199,18
DA:200,18
DA:201,18
DA:202,18
DA:203,18
DA:204,18
DA:205,18
DA:206,18
DA:207,144
DA:208,126
DA:210,228
DA:211,306
DA:212,78
DA:213,24
DA:214,24
DA:217,18
DA:218,36
DA:219,18
DA:223,147
DA:224,147
DA:225,267
DA:226,120
DA:227,120
DA:230,147
DA:234,192
DA:235,192
DA:236,192
DA:237,192
DA:238,192
DA:239,192
DA:241,198
DA:242,192
DA:243,186
DA:245,192
DA:246,15
DA:248,177
DA:249,171
DA:251,177
DA:252,155
DA:254,177
DA:255,171
DA:258,6
DA:261,396
DA:262,396
DA:263,6
DA:265,390
DA:266,390
DA:267,390
DA:268,18
DA:270,372
DA:271,342
DA:272,342
DA:273,342
DA:278,24
DA:279,48
DA:280,72
DA:281,24
DA:286,36
DA:287,36
DA:288,36
DA:289,36
DA:290,36
DA:291,36
DA:292,36
DA:293,36
DA:294,36
DA:295,36
DA:297,132
DA:298,108
DA:299,180
DA:300,228
DA:301,48
DA:302,12
DA:306,24
DA:307,36
DA:311,30
DA:312,30
DA:313,6
DA:315,24
DA:316,24
DA:317,6
DA:319,18
DA:320,42
DA:321,42
DA:322,18
DA:323,18
DA:324,18
DA:325,18
DA:328,18
DA:329,6
DA:330,6
DA:331,6
DA:334,12
DA:335,6
DA:336,6
DA:337,6
DA:338,6
DA:339,6
DA:340,6
DA:341,6
DA:345,30
DA:346,30
DA:347,30
DA:348,6
DA:350,24
DA:351,30
DA:352,30
DA:353,24
DA:354,24
DA:355,24
DA:356,24
DA:359,24
DA:360,24
DA:361,6
DA:362,6
DA:363,6
DA:365,18
DA:366,18
DA:367,6
DA:368,6
DA:369,6
DA:371,12
DA:372,12
DA:373,12
DA:374,12
DA:376,12
DA:377,6
DA:378,6
DA:379,6
DA:380,6
DA:381,6
DA:382,6
DA:383,6
DA:384,6
DA:385,6
DA:388,147
DA:389,147
DA:390,147
DA:391,147
DA:392,147
DA:393,147
DA:394,147
DA:395,102
DA:397,45
DA:398,36
DA:399,36
DA:400,30
DA:401,30
DA:402,30
DA:403,30
DA:405,6
DA:406,6
DA:407,6
DA:409,147
DA:411,84
DA:412,84
DA:413,84
DA:414,84
DA:415,201
DA:417,201
DA:418,54
DA:420,147
DA:421,30
DA:422,117
DA:423,117
DA:427,0
DA:428,84
DA:430,30
DA:431,30
DA:432,114
DA:433,84
DA:434,84
DA:436,114
DA:437,84
DA:439,30
DA:440,0
DA:442,30
DA:443,30
DA:445,30
DA:448,24
DA:449,24
DA:450,24
DA:451,24
DA:452,6
DA:454,18
DA:455,18
DA:457,6
DA:460,12
DA:461,12
DA:462,12
DA:468,36
DA:469,24
DA:470,24
DA:476,12
DA:477,36
DA:478,24
DA:481,24
DA:482,0
DA:483,0
DA:485,0
DA:486,0
DA:487,0
DA:489,0
DA:494,24
DA:498,24
DA:500,36
DA:501,24
DA:503,12
DA:504,12
DA:505,18
DA:508,48
DA:509,48
DA:510,48
DA:511,48
DA:512,0
DA:514,312
DA:515,264
DA:516,528
DA:517,1056
DA:518,792
DA:521,48
DA:522,48
DA:525,0
DA:526,0
DA:527,0
DA:528,0
DA:532,0
DA:533,0
DA:534,0
DA:535,0
DA:537,0
DA:538,0
DA:540,0
DA:541,0
DA:542,0
DA:543,0
DA:544,0
DA:546,0
DA:549,0
DA:550,0
DA:551,0
DA:552,0
DA:553,0
DA:555,0
DA:556,0
DA:558,0
DA:559,0
DA:562,16
DA:563,16
DA:564,16
DA:565,16
DA:566,0
DA:568,114
DA:569,98
DA:571,32
DA:572,16
DA:575,381
DA:576,381
DA:577,387
DA:578,6
DA:580,6
DA:582,375
DA:585,375
DA:586,375
DA:587,198
DA:588,198
DA:589,6
DA:591,192
DA:592,21
DA:594,459
DA:595,294
DA:596,294
DA:597,6
DA:600,198
DA:601,342
LF:403
LH:355
end_of_record
TN:
SF:/mnt/c/л3/Lab3OOP/Storage/Storage.hpp
FN:40,43,_ZN7StorageD2Ev
FNDA:0,_ZN7StorageD2Ev
FNF:1
FNH:0
DA:40,0
DA:41,0
DA:42,0
DA:43,0
LF:4
LH:0
end_of_record
