TN:
SF:/mnt/c/Lab3OOP-main/Checker/Checker.hpp
FN:25,25,_ZN7CheckerIiEC2Ev
FN:27,28,_ZN7CheckerIiEC2ERKS0_
FN:30,32,_ZN7CheckerIiE16addCheckFunctionESt8functionIFvR7StorageSt10shared_ptrI10IContainerE17ContainerPositionIiEEE
FN:43,47,_ZNK7CheckerIiE11applyChecksER7StorageSt10shared_ptrI10IContainerE17ContainerPositionIiE
FNDA:34,_ZN7CheckerIiEC2Ev
FNDA:11,_ZN7CheckerIiEC2ERKS0_
FNDA:53,_ZN7CheckerIiE16addCheckFunctionESt8functionIFvR7StorageSt10shared_ptrI10IContainerE17ContainerPositionIiEEE
FNDA:232,_ZNK7CheckerIiE11applyChecksER7StorageSt10shared_ptrI10IContainerE17ContainerPositionIiE
FNF:4
FNH:4
DA:25,34
DA:27,11
DA:28,11
DA:30,53
DA:31,53
DA:32,53
DA:43,232
DA:44,552
DA:45,388
DA:47,198
LF:10
LH:10
end_of_record
TN:
SF:/mnt/c/Lab3OOP-main/Octree/ContainerPosition.hpp
FN:12,12,_ZN17ContainerPositionIiEC2Ev
FN:18,23,_ZNK17ContainerPositionIiEeqERKS0_
FNDA:3404,_ZN17ContainerPositionIiEC2Ev
FNDA:168,_ZNK17ContainerPositionIiEeqERKS0_
FNF:2
FNH:2
DA:12,3404
DA:18,168
DA:19,294
DA:20,189
DA:21,189
DA:22,294
LF:6
LH:6
end_of_record
TN:
SF:/mnt/c/Lab3OOP-main/Octree/Octree.hpp
FN:114,118,_ZN6OctreeIiSt10shared_ptrI10IContainerE17ContainerPositionIiEE8iteratorC2ES0_INS5_4NodeEE
FN:120,122,_ZN6OctreeIiSt10shared_ptrI10IContainerE17ContainerPositionIiEE8iteratordeEv
FN:125,135,_ZN6OctreeIiSt10shared_ptrI10IContainerE17ContainerPositionIiEE8iteratorppEv
FN:138,140,_ZNK6OctreeIiSt10shared_ptrI10IContainerE17ContainerPositionIiEE8iteratorneERKS6_
FN:148,148,_ZN6OctreeIiSt10shared_ptrI10IContainerE17ContainerPositionIiEEC2Ev
FN:149,151,_ZN6OctreeIiSt10shared_ptrI10IContainerE17ContainerPositionIiEEC2E11BoundingBoxIiE
FN:159,161,_ZNK6OctreeIiSt10shared_ptrI10IContainerE17ContainerPositionIiEE5beginEv
FN:163,165,_ZNK6OctreeIiSt10shared_ptrI10IContainerE17ContainerPositionIiEE3endEv
FN:168,178,_ZN6OctreeIiSt10shared_ptrI10IContainerE17ContainerPositionIiEE6insertES2_RS4_S0_INS5_4NodeEE
FN:181,249,_ZN6OctreeIiSt10shared_ptrI10IContainerE17ContainerPositionIiEE5splitES0_INS5_4NodeEE
FN:251,254,_ZNK6OctreeIiSt10shared_ptrI10IContainerE17ContainerPositionIiEE5CloneEv
FN:258,269,_ZN6OctreeIiSt10shared_ptrI10IContainerE17ContainerPositionIiEE6removeENSt7__cxx1112basic_stringIcSt11char_traitsIcESaIcEEE
FN:272,277,_ZNK6OctreeIiSt10shared_ptrI10IContainerE17ContainerPositionIiEE6searchENSt7__cxx1112basic_stringIcSt11char_traitsIcESaIcEEE
FN:280,285,_ZNK6OctreeIiSt10shared_ptrI10IContainerE17ContainerPositionIiEE5findIENSt7__cxx1112basic_stringIcSt11char_traitsIcESaIcEEE
FN:288,292,_ZNK6OctreeIiSt10shared_ptrI10IContainerE17ContainerPositionIiEE11searchDepthEv
FN:295,301,_ZNK6OctreeIiSt10shared_ptrI10IContainerE17ContainerPositionIiEE12SearchInsertES2_S4_
FN:309,312,_ZN6OctreeIiSt10shared_ptrI10IContainerE17ContainerPositionIiEE7getMinXERS4_
FN:315,318,_ZN6OctreeIiSt10shared_ptrI10IContainerE17ContainerPositionIiEE7getMaxXERS4_
FN:321,324,_ZN6OctreeIiSt10shared_ptrI10IContainerE17ContainerPositionIiEE7getMinYERS4_
FN:327,330,_ZN6OctreeIiSt10shared_ptrI10IContainerE17ContainerPositionIiEE7getMaxYERS4_
FN:333,336,_ZN6OctreeIiSt10shared_ptrI10IContainerE17ContainerPositionIiEE7getMinZERS4_
FN:339,342,_ZN6OctreeIiSt10shared_ptrI10IContainerE17ContainerPositionIiEE7getMaxZERS4_
FN:345,348,_ZN6OctreeIiSt10shared_ptrI10IContainerE17ContainerPositionIiEE7getMinXERKS4_
FN:350,353,_ZN6OctreeIiSt10shared_ptrI10IContainerE17ContainerPositionIiEE7getMaxXERKS4_
FN:356,359,_ZN6OctreeIiSt10shared_ptrI10IContainerE17ContainerPositionIiEE7getMinYERKS4_
FN:362,365,_ZN6OctreeIiSt10shared_ptrI10IContainerE17ContainerPositionIiEE7getMaxYERKS4_
FN:369,372,_ZN6OctreeIiSt10shared_ptrI10IContainerE17ContainerPositionIiEE7getMinZERKS4_
FN:375,378,_ZN6OctreeIiSt10shared_ptrI10IContainerE17ContainerPositionIiEE7getMaxZERKS4_
FN:386,396,_ZN6OctreeIiSt10shared_ptrI10IContainerE17ContainerPositionIiEE16pointincontainerER5PointIiERS4_
FN:402,412,_ZNK6OctreeIiSt10shared_ptrI10IContainerE17ContainerPositionIiEE14searchUnderOctES0_INS5_4NodeEERSt6vectorISt4pairIS4_S2_ESaISA_EE
FN:415,435,_ZNK6OctreeIiSt10shared_ptrI10IContainerE17ContainerPositionIiEE5findIENSt7__cxx1112basic_stringIcSt11char_traitsIcESaIcEEES0_INS5_4NodeEEPSt4pairIS4_S2_E5PointIiE
FN:438,448,_ZNK6OctreeIiSt10shared_ptrI10IContainerE17ContainerPositionIiEE11searchDepthES0_INS5_4NodeEERSt6vectorISt4pairIS4_S2_ESaISA_EE
FN:451,484,_ZNK6OctreeIiSt10shared_ptrI10IContainerE17ContainerPositionIiEE12SearchInsertES2_S4_S0_INS5_4NodeEERS7_RSt6vectorISt4pairIS4_S2_ESaISB_EERb
FN:487,507,_ZNK6OctreeIiSt10shared_ptrI10IContainerE17ContainerPositionIiEE7searchRENSt7__cxx1112basic_stringIcSt11char_traitsIcESaIcEEES0_INS5_4NodeEERSD_5PointIiE
FN:510,539,_ZN6OctreeIiSt10shared_ptrI10IContainerE17ContainerPositionIiEE7removeRENSt7__cxx1112basic_stringIcSt11char_traitsIcESaIcEEES0_INS5_4NodeEERbRSD_5PointIiE
FN:542,550,_ZNK6OctreeIiSt10shared_ptrI10IContainerE17ContainerPositionIiEE14checkEmptyNodeES0_INS5_4NodeEE
FN:552,563,_ZN6OctreeIiSt10shared_ptrI10IContainerE17ContainerPositionIiEE6meargeES0_INS5_4NodeEE
FN:565,580,_ZN6OctreeIiSt10shared_ptrI10IContainerE17ContainerPositionIiEE17decreaseHightTreeES0_INS5_4NodeEE
FN:583,594,_ZN6OctreeIiSt10shared_ptrI10IContainerE17ContainerPositionIiEE6UpdateES0_INS5_4NodeEE
FN:597,618,_ZNK6OctreeIiSt10shared_ptrI10IContainerE17ContainerPositionIiEE13ContainEntityES4_S4_
FN:62,62,_ZN11BoundingBoxIiEC2ERK5PointIiES4_
FN:621,628,_ZNK6OctreeIiSt10shared_ptrI10IContainerE17ContainerPositionIiEE14checkCollisionES2_S4_St6vectorISt4pairIS4_S2_ESaIS8_EE
FN:64,66,_ZNK11BoundingBoxIiE8containsER5PointIiE
FN:642,644,_ZN6OctreeIiSt10shared_ptrI10IContainerE17ContainerPositionIiEE6numberB5cxx11ERK5PointIiE
FN:647,661,_ZN6OctreeIiSt10shared_ptrI10IContainerE17ContainerPositionIiEE10parsePointERKNSt7__cxx1112basic_stringIcSt11char_traitsIcESaIcEEE
FN:68,73,_ZNK11BoundingBoxIiE7isValidEi
FN:88,88,_ZN6OctreeIiSt10shared_ptrI10IContainerE17ContainerPositionIiEE4NodeC2E11BoundingBoxIiE
FN:90,92,_ZNK6OctreeIiSt10shared_ptrI10IContainerE17ContainerPositionIiEE4Node6isLeafEv
FN:91,91,_ZZNK6OctreeIiSt10shared_ptrI10IContainerE17ContainerPositionIiEE4Node6isLeafEvENKUlRKS0_IS6_EE_clES9_
FNDA:101,_ZN6OctreeIiSt10shared_ptrI10IContainerE17ContainerPositionIiEE8iteratorC2ES0_INS5_4NodeEE
FNDA:292,_ZN6OctreeIiSt10shared_ptrI10IContainerE17ContainerPositionIiEE8iteratordeEv
FNDA:87,_ZN6OctreeIiSt10shared_ptrI10IContainerE17ContainerPositionIiEE8iteratorppEv
FNDA:94,_ZNK6OctreeIiSt10shared_ptrI10IContainerE17ContainerPositionIiEE8iteratorneERKS6_
FNDA:34,_ZN6OctreeIiSt10shared_ptrI10IContainerE17ContainerPositionIiEEC2Ev
FNDA:37,_ZN6OctreeIiSt10shared_ptrI10IContainerE17ContainerPositionIiEEC2E11BoundingBoxIiE
FNDA:7,_ZNK6OctreeIiSt10shared_ptrI10IContainerE17ContainerPositionIiEE5beginEv
FNDA:94,_ZNK6OctreeIiSt10shared_ptrI10IContainerE17ContainerPositionIiEE3endEv
FNDA:190,_ZN6OctreeIiSt10shared_ptrI10IContainerE17ContainerPositionIiEE6insertES2_RS4_S0_INS5_4NodeEE
FNDA:46,_ZN6OctreeIiSt10shared_ptrI10IContainerE17ContainerPositionIiEE5splitES0_INS5_4NodeEE
FNDA:11,_ZNK6OctreeIiSt10shared_ptrI10IContainerE17ContainerPositionIiEE5CloneEv
FNDA:28,_ZN6OctreeIiSt10shared_ptrI10IContainerE17ContainerPositionIiEE6removeENSt7__cxx1112basic_stringIcSt11char_traitsIcESaIcEEE
FNDA:19,_ZNK6OctreeIiSt10shared_ptrI10IContainerE17ContainerPositionIiEE6searchENSt7__cxx1112basic_stringIcSt11char_traitsIcESaIcEEE
FNDA:15,_ZNK6OctreeIiSt10shared_ptrI10IContainerE17ContainerPositionIiEE5findIENSt7__cxx1112basic_stringIcSt11char_traitsIcESaIcEEE
FNDA:166,_ZNK6OctreeIiSt10shared_ptrI10IContainerE17ContainerPositionIiEE11searchDepthEv
FNDA:3404,_ZNK6OctreeIiSt10shared_ptrI10IContainerE17ContainerPositionIiEE12SearchInsertES2_S4_
FNDA:8990,_ZN6OctreeIiSt10shared_ptrI10IContainerE17ContainerPositionIiEE7getMinXERS4_
FNDA:8931,_ZN6OctreeIiSt10shared_ptrI10IContainerE17ContainerPositionIiEE7getMaxXERS4_
FNDA:9103,_ZN6OctreeIiSt10shared_ptrI10IContainerE17ContainerPositionIiEE7getMinYERS4_
FNDA:9092,_ZN6OctreeIiSt10shared_ptrI10IContainerE17ContainerPositionIiEE7getMaxYERS4_
FNDA:8770,_ZN6OctreeIiSt10shared_ptrI10IContainerE17ContainerPositionIiEE7getMinZERS4_
FNDA:8683,_ZN6OctreeIiSt10shared_ptrI10IContainerE17ContainerPositionIiEE7getMaxZERS4_
FNDA:1405,_ZN6OctreeIiSt10shared_ptrI10IContainerE17ContainerPositionIiEE7getMinXERKS4_
FNDA:1085,_ZN6OctreeIiSt10shared_ptrI10IContainerE17ContainerPositionIiEE7getMaxXERKS4_
FNDA:1034,_ZN6OctreeIiSt10shared_ptrI10IContainerE17ContainerPositionIiEE7getMinYERKS4_
FNDA:797,_ZN6OctreeIiSt10shared_ptrI10IContainerE17ContainerPositionIiEE7getMaxYERKS4_
FNDA:155,_ZN6OctreeIiSt10shared_ptrI10IContainerE17ContainerPositionIiEE7getMinZERKS4_
FNDA:248,_ZN6OctreeIiSt10shared_ptrI10IContainerE17ContainerPositionIiEE7getMaxZERKS4_
FNDA:258,_ZN6OctreeIiSt10shared_ptrI10IContainerE17ContainerPositionIiEE16pointincontainerER5PointIiERS4_
FNDA:16554,_ZNK6OctreeIiSt10shared_ptrI10IContainerE17ContainerPositionIiEE14searchUnderOctES0_INS5_4NodeEERSt6vectorISt4pairIS4_S2_ESaISA_EE
FNDA:119,_ZNK6OctreeIiSt10shared_ptrI10IContainerE17ContainerPositionIiEE5findIENSt7__cxx1112basic_stringIcSt11char_traitsIcESaIcEEES0_INS5_4NodeEEPSt4pairIS4_S2_E5PointIiE
FNDA:18326,_ZNK6OctreeIiSt10shared_ptrI10IContainerE17ContainerPositionIiEE11searchDepthES0_INS5_4NodeEERSt6vectorISt4pairIS4_S2_ESaISA_EE
FNDA:6837,_ZNK6OctreeIiSt10shared_ptrI10IContainerE17ContainerPositionIiEE12SearchInsertES2_S4_S0_INS5_4NodeEERS7_RSt6vectorISt4pairIS4_S2_ESaISB_EERb
FNDA:147,_ZNK6OctreeIiSt10shared_ptrI10IContainerE17ContainerPositionIiEE7searchRENSt7__cxx1112basic_stringIcSt11char_traitsIcESaIcEEES0_INS5_4NodeEERSD_5PointIiE
FNDA:252,_ZN6OctreeIiSt10shared_ptrI10IContainerE17ContainerPositionIiEE7removeRENSt7__cxx1112basic_stringIcSt11char_traitsIcESaIcEEES0_INS5_4NodeEERbRSD_5PointIiE
FNDA:34,_ZNK6OctreeIiSt10shared_ptrI10IContainerE17ContainerPositionIiEE14checkEmptyNodeES0_INS5_4NodeEE
FNDA:85,_ZN6OctreeIiSt10shared_ptrI10IContainerE17ContainerPositionIiEE6meargeES0_INS5_4NodeEE
FNDA:85,_ZN6OctreeIiSt10shared_ptrI10IContainerE17ContainerPositionIiEE17decreaseHightTreeES0_INS5_4NodeEE
FNDA:28,_ZN6OctreeIiSt10shared_ptrI10IContainerE17ContainerPositionIiEE6UpdateES0_INS5_4NodeEE
FNDA:4293,_ZNK6OctreeIiSt10shared_ptrI10IContainerE17ContainerPositionIiEE13ContainEntityES4_S4_
FNDA:394,_ZN11BoundingBoxIiEC2ERK5PointIiES4_
FNDA:1094,_ZNK6OctreeIiSt10shared_ptrI10IContainerE17ContainerPositionIiEE14checkCollisionES2_S4_St6vectorISt4pairIS4_S2_ESaIS8_EE
FNDA:19613,_ZNK11BoundingBoxIiE8containsER5PointIiE
FNDA:269,_ZN6OctreeIiSt10shared_ptrI10IContainerE17ContainerPositionIiEE6numberB5cxx11ERK5PointIiE
FNDA:62,_ZN6OctreeIiSt10shared_ptrI10IContainerE17ContainerPositionIiEE10parsePointERKNSt7__cxx1112basic_stringIcSt11char_traitsIcESaIcEEE
FNDA:193,_ZNK11BoundingBoxIiE7isValidEi
FNDA:205,_ZN6OctreeIiSt10shared_ptrI10IContainerE17ContainerPositionIiEE4NodeC2E11BoundingBoxIiE
FNDA:1773,_ZNK6OctreeIiSt10shared_ptrI10IContainerE17ContainerPositionIiEE4Node6isLeafEv
FNDA:10496,_ZZNK6OctreeIiSt10shared_ptrI10IContainerE17ContainerPositionIiEE4Node6isLeafEvENKUlRKS0_IS6_EE_clES9_
FNF:49
FNH:49
DA:62,394
DA:64,19613
DA:65,19613
DA:68,193
DA:69,193
DA:70,193
DA:71,193
DA:72,193
DA:88,205
DA:90,1773
DA:91,12269
DA:114,101
DA:115,101
DA:116,7
DA:118,101
DA:120,292
DA:121,292
DA:125,87
DA:126,87
DA:127,87
DA:128,87
DA:129,783
DA:130,696
DA:131,80
DA:134,87
DA:135,87
DA:138,94
DA:139,94
DA:148,34
DA:149,37
DA:150,37
DA:151,37
DA:159,7
DA:160,7
DA:163,94
DA:164,94
DA:168,190
DA:169,190
DA:170,0
DA:172,190
DA:173,189
DA:174,46
DA:175,46
DA:177,189
DA:181,46
DA:182,71
DA:183,46
DA:185,46
DA:186,46
DA:188,46
DA:189,46
DA:190,46
DA:192,46
DA:193,46
DA:194,46
DA:195,46
DA:196,46
DA:197,46
DA:198,46
DA:199,46
DA:201,67
DA:202,21
DA:203,21
DA:204,67
DA:205,25
DA:208,21
DA:209,21
DA:210,21
DA:211,21
DA:212,21
DA:213,21
DA:214,21
DA:215,21
DA:216,21
DA:217,21
DA:218,21
DA:219,21
DA:220,21
DA:221,21
DA:222,21
DA:223,21
DA:225,128
DA:226,107
DA:228,286
DA:229,375
DA:230,205
DA:231,195
DA:232,192
DA:233,186
DA:234,180
DA:235,465
DA:236,90
DA:237,90
DA:238,90
DA:239,90
DA:243,107
DA:244,90
DA:246,17
DA:251,11
DA:252,11
DA:253,11
DA:258,28
DA:259,28
DA:260,28
DA:261,28
DA:262,28
DA:263,28
DA:264,0
DA:266,28
DA:267,28
DA:268,28
DA:269,28
DA:272,19
DA:273,19
DA:274,19
DA:275,19
DA:276,19
DA:277,0
DA:280,15
DA:281,15
DA:282,15
DA:283,15
DA:284,15
DA:285,0
DA:288,166
DA:289,166
DA:290,166
DA:291,166
DA:292,0
DA:295,3404
DA:296,3404
DA:297,3404
DA:298,3404
DA:299,3379
DA:300,3383
DA:301,3412
DA:309,8990
DA:311,8990
DA:315,8931
DA:317,8931
DA:321,9103
DA:323,9103
DA:327,9092
DA:329,9092
DA:333,8770
DA:335,8770
DA:339,8683
DA:341,8683
DA:345,1405
DA:347,1405
DA:350,1085
DA:352,1085
DA:356,1034
DA:358,1034
DA:362,797
DA:364,797
DA:369,155
DA:371,155
DA:375,248
DA:377,248
DA:386,258
DA:389,258
DA:390,258
DA:391,258
DA:392,258
DA:393,258
DA:394,258
DA:395,258
DA:402,16554
DA:403,16554
DA:404,14625
DA:406,1926
DA:407,1350
DA:409,17419
DA:410,15482
DA:415,119
DA:416,119
DA:417,0
DA:419,119
DA:420,93
DA:422,26
DA:423,66
DA:424,54
DA:425,13
DA:426,13
DA:430,13
DA:431,117
DA:432,104
DA:438,18326
DA:439,18326
DA:440,16056
DA:442,2270
DA:443,707
DA:445,20430
DA:446,18160
DA:451,6837
DA:452,6837
DA:453,0
DA:455,9352
DA:456,1675
DA:457,1540
DA:458,9342
DA:459,5368
DA:461,1456
DA:462,1367
DA:464,1459
DA:465,3872
DA:466,3440
DA:469,1454
DA:471,1085
DA:473,1094
DA:474,232
DA:475,232
DA:477,861
DA:478,861
DA:480,369
DA:481,136
DA:483,233
DA:487,147
DA:488,147
DA:489,0
DA:491,147
DA:492,113
DA:494,34
DA:495,67
DA:496,56
DA:497,16
DA:498,16
DA:502,18
DA:503,144
DA:504,128
DA:510,252
DA:511,252
DA:512,0
DA:514,252
DA:515,175
DA:517,77
DA:518,21
DA:520,56
DA:521,187
DA:522,159
DA:523,28
DA:524,28
DA:525,28
DA:527,28
DA:528,28
DA:529,28
DA:533,28
DA:534,252
DA:535,224
DA:542,34
DA:543,34
DA:544,85
DA:545,78
DA:546,19
DA:549,7
DA:552,85
DA:553,85
DA:554,81
DA:555,72
DA:556,12
DA:557,12
DA:560,81
DA:561,72
DA:565,85
DA:566,85
DA:567,76
DA:569,81
DA:570,72
DA:572,9
DA:573,45
DA:574,40
DA:575,40
DA:576,40
DA:583,28
DA:584,28
DA:585,28
DA:586,3
DA:587,3
DA:588,3
DA:590,25
DA:591,10
DA:592,10
DA:594,28
DA:597,4293
DA:599,4293
DA:600,4261
DA:601,4244
DA:602,4238
DA:603,4250
DA:604,4239
DA:607,4242
DA:608,4249
DA:609,4243
DA:610,4241
DA:611,4241
DA:612,4243
DA:615,3302
DA:616,8835
DA:617,5533
DA:621,1094
DA:622,8795
DA:623,4294
DA:624,857
DA:627,232
DA:642,269
DA:643,269
DA:647,62
DA:649,62
DA:650,62
DA:651,62
DA:652,62
DA:653,62
DA:654,62
DA:655,62
DA:657,0
DA:660,62
DA:661,62
LF:318
LH:308
end_of_record
TN:
SF:/mnt/c/Lab3OOP-main/Octree/Point.hpp
FN:17,17,_ZN5PointIiEC2Eiii
FN:18,18,_ZN5PointIiEC2Ev
FN:9,11,_ZNK5PointIiEeqERKS0_
FNDA:1002,_ZN5PointIiEC2Eiii
FNDA:27047,_ZN5PointIiEC2Ev
FNDA:609,_ZNK5PointIiEeqERKS0_
FNF:3
FNH:3
DA:9,609
DA:10,609
DA:17,1002
DA:18,27047
LF:4
LH:4
end_of_record
TN:
SF:/mnt/c/Lab3OOP-main/Storage/Storage.cpp
FN:103,145,_ZN7Storage26calculateContainerPositionEiiiiii
FN:13,15,_ZN7Storage24addExternalCheckFunctionERKSt8functionIFvRS_St10shared_ptrI10IContainerE17ContainerPositionIiEEE
FN:148,171,_ZN7Storage20searchUnderContainerER17ContainerPositionIiE
FN:174,197,_ZN7Storage20searchUpperContainerER17ContainerPositionIiE
FN:18,32,_ZN7StorageC2Eiiiid
FN:201,209,_ZN7Storage13calculatemassESt6vectorISt4pairI17ContainerPositionIiESt10shared_ptrI10IContainerEESaIS7_EEm
FN:212,237,_ZN7Storage12checkSupportER17ContainerPositionIiESt6vectorISt4pairIS1_St10shared_ptrI10IContainerEESaIS8_EE
FN:239,251,_ZN7Storage12addContainerESt10shared_ptrI10IContainerEiii
FN:256,260,_ZNK7Storage19getInfoAboutStorageB5cxx11Ev
FN:26,28,_ZZN7StorageC4EiiiidENKUlRS_St10shared_ptrI10IContainerE17ContainerPositionIiEE_clES0_S3_S5_
FN:264,285,_ZN7Storage7isNoTopERK17ContainerPositionIiE
FN:289,319,_ZN7Storage13moveContainerENSt7__cxx1112basic_stringIcSt11char_traitsIcESaIcEEEiii
FN:29,31,_ZZN7StorageC4EiiiidENKUlRS_St10shared_ptrI10IContainerE17ContainerPositionIiEE0_clES0_S3_S5_
FN:323,363,_ZN7Storage15rotateContainerENSt7__cxx1112basic_stringIcSt11char_traitsIcESaIcEEEi
FN:35,37,_ZN7Storage15comparePositionERSt4pairI17ContainerPositionIiESt10shared_ptrI10IContainerEES7_
FN:366,387,_ZN7Storage10multitreadESt10shared_ptrI10IContainerEiii
FN:389,406,_ZN7Storage13addContainerRESt10shared_ptrI10IContainerEii
FN:40,42,_ZN7Storage22comparePositionReverseERSt4pairI17ContainerPositionIiESt10shared_ptrI10IContainerEES7_
FN:408,423,_ZN7Storage12addContainerB5cxx11ESt10shared_ptrI10IContainerE
FN:426,488,_ZN7Storage15removeContainerENSt7__cxx1112basic_stringIcSt11char_traitsIcESaIcEEE
FN:45,61,_ZN7StorageaSERKS_
FN:491,505,_ZNK7Storage7getInfoB5cxx11Ev
FN:508,524,_ZN7Storage9howContaiESt10shared_ptrI10IContainerERSt6vectorImSaImEEm
FN:527,537,_ZN7Storage12howContainerESt10shared_ptrI10IContainerE
FN:536,536,_ZZN7Storage12howContainerESt10shared_ptrI10IContainerEENKUliiE_clEii
FN:540,546,_ZN7Storage4findENSt7__cxx1112basic_stringIcSt11char_traitsIcESaIcEEE
FN:549,563,_ZNK7Storage17getListContainersB5cxx11Ev
FN:566,579,_ZN7Storage16checkTemperatureERS_St10shared_ptrI10IContainerE17ContainerPositionIiE
FN:582,608,_ZN7Storage13checkPressureERS_St10shared_ptrI10IContainerE17ContainerPositionIiE
FN:611,623,_ZN7Storage24searchAllContainersUpperENSt7__cxx114listISt4pairI17ContainerPositionIiESt10shared_ptrI10IContainerEESaIS8_EEE
FN:64,81,_ZN7StorageC2ERKS_
FN:84,98,_ZN7Storage7getSizeEiii
FNDA:3384,_ZN7Storage26calculateContainerPositionEiiiiii
FNDA:1,_ZN7Storage24addExternalCheckFunctionERKSt8functionIFvRS_St10shared_ptrI10IContainerE17ContainerPositionIiEEE
FNDA:103,_ZN7Storage20searchUnderContainerER17ContainerPositionIiE
FNDA:28,_ZN7Storage20searchUpperContainerER17ContainerPositionIiE
FNDA:26,_ZN7StorageC2Eiiiid
FNDA:27,_ZN7Storage13calculatemassESt6vectorISt4pairI17ContainerPositionIiESt10shared_ptrI10IContainerEESaIS7_EEm
FNDA:102,_ZN7Storage12checkSupportER17ContainerPositionIiESt6vectorISt4pairIS1_St10shared_ptrI10IContainerEESaIS8_EE
FNDA:134,_ZN7Storage12addContainerESt10shared_ptrI10IContainerEiii
FNDA:4,_ZNK7Storage19getInfoAboutStorageB5cxx11Ev
FNDA:178,_ZZN7StorageC4EiiiidENKUlRS_St10shared_ptrI10IContainerE17ContainerPositionIiEE_clES0_S3_S5_
FNDA:6,_ZN7Storage7isNoTopERK17ContainerPositionIiE
FNDA:5,_ZN7Storage13moveContainerENSt7__cxx1112basic_stringIcSt11char_traitsIcESaIcEEEiii
FNDA:176,_ZZN7StorageC4EiiiidENKUlRS_St10shared_ptrI10IContainerE17ContainerPositionIiEE0_clES0_S3_S5_
FNDA:5,_ZN7Storage15rotateContainerENSt7__cxx1112basic_stringIcSt11char_traitsIcESaIcEEEi
FNDA:384,_ZN7Storage15comparePositionERSt4pairI17ContainerPositionIiESt10shared_ptrI10IContainerEES7_
FNDA:3280,_ZN7Storage10multitreadESt10shared_ptrI10IContainerEiii
FNDA:122,_ZN7Storage13addContainerRESt10shared_ptrI10IContainerEii
FNDA:74,_ZN7Storage22comparePositionReverseERSt4pairI17ContainerPositionIiESt10shared_ptrI10IContainerEES7_
FNDA:68,_ZN7Storage12addContainerB5cxx11ESt10shared_ptrI10IContainerE
FNDA:10,_ZN7Storage15removeContainerENSt7__cxx1112basic_stringIcSt11char_traitsIcESaIcEEE
FNDA:3,_ZN7StorageaSERKS_
FNDA:15,_ZNK7Storage7getInfoB5cxx11Ev
FNDA:6,_ZN7Storage9howContaiESt10shared_ptrI10IContainerERSt6vectorImSaImEEm
FNDA:1,_ZN7Storage12howContainerESt10shared_ptrI10IContainerE
FNDA:6,_ZZN7Storage12howContainerESt10shared_ptrI10IContainerEENKUliiE_clEii
FNDA:5,_ZN7Storage4findENSt7__cxx1112basic_stringIcSt11char_traitsIcESaIcEEE
FNDA:7,_ZNK7Storage17getListContainersB5cxx11Ev
FNDA:178,_ZN7Storage16checkTemperatureERS_St10shared_ptrI10IContainerE17ContainerPositionIiE
FNDA:176,_ZN7Storage13checkPressureERS_St10shared_ptrI10IContainerE17ContainerPositionIiE
FNDA:6,_ZN7Storage24searchAllContainersUpperENSt7__cxx114listISt4pairI17ContainerPositionIiESt10shared_ptrI10IContainerEESaIS8_EEE
FNDA:8,_ZN7StorageC2ERKS_
FNDA:4,_ZN7Storage7getSizeEiii
FNF:32
FNH:32
DA:13,1
DA:14,1
DA:15,1
DA:18,26
DA:19,26
DA:20,26
DA:21,26
DA:22,26
DA:23,26
DA:24,26
DA:25,26
DA:26,26
DA:27,178
DA:28,176
DA:29,26
DA:30,176
DA:31,144
DA:32,26
DA:35,384
DA:36,384
DA:40,74
DA:41,74
DA:45,3
DA:46,3
DA:47,3
DA:48,3
DA:49,3
DA:50,3
DA:51,3
DA:52,3
DA:53,3
DA:54,3
DA:55,13
DA:56,10
DA:58,3
DA:59,3
DA:60,3
DA:64,8
DA:65,8
DA:66,8
DA:67,8
DA:68,8
DA:69,20
DA:70,12
DA:71,12
DA:72,20
DA:74,12
DA:75,0
DA:76,0
DA:77,0
DA:78,0
DA:80,8
DA:81,8
DA:84,4
DA:85,4
DA:86,1
DA:88,3
DA:89,3
DA:90,3
DA:91,13
DA:92,10
DA:94,13
DA:95,10
DA:97,3
DA:98,3
DA:103,3384
DA:104,3384
DA:106,3371
DA:107,3371
DA:108,3371
DA:111,3371
DA:112,3371
DA:113,3371
DA:116,3371
DA:117,3371
DA:118,3371
DA:121,3371
DA:122,3371
DA:123,3371
DA:126,3371
DA:127,3371
DA:128,3371
DA:131,3371
DA:132,3371
DA:133,3371
DA:136,3371
DA:137,3371
DA:138,3371
DA:141,3371
DA:142,3371
DA:143,3371
DA:144,3371
DA:148,103
DA:149,103
DA:150,103
DA:151,103
DA:152,103
DA:153,103
DA:154,103
DA:155,103
DA:156,103
DA:157,103
DA:158,103
DA:159,1137
DA:160,1034
DA:162,1819
DA:163,2061
DA:164,242
DA:165,241
DA:166,241
DA:169,103
DA:170,103
DA:171,103
DA:174,28
DA:175,28
DA:176,28
DA:177,28
DA:178,28
DA:179,28
DA:180,28
DA:181,28
DA:182,28
DA:183,28
DA:184,28
DA:185,375
DA:186,347
DA:188,629
DA:189,776
DA:190,147
DA:191,47
DA:192,47
DA:195,28
DA:196,28
DA:197,28
DA:201,27
DA:202,27
DA:203,52
DA:204,25
DA:205,25
DA:208,27
DA:212,102
DA:213,102
DA:214,102
DA:215,102
DA:216,102
DA:217,102
DA:219,117
DA:220,108
DA:221,93
DA:223,107
DA:224,21
DA:226,86
DA:227,66
DA:229,86
DA:230,56
DA:232,86
DA:233,71
DA:236,9
DA:239,134
DA:240,134
DA:241,1
DA:243,133
DA:244,133
DA:245,133
DA:246,3
DA:248,136
DA:249,124
DA:250,124
DA:251,133
DA:256,4
DA:257,8
DA:258,12
DA:259,4
DA:264,6
DA:265,6
DA:266,6
DA:267,6
DA:268,6
DA:269,6
DA:270,6
DA:271,6
DA:272,6
DA:273,6
DA:275,22
DA:276,18
DA:277,30
DA:278,38
DA:279,8
DA:280,2
DA:282,18
DA:284,4
DA:285,6
DA:289,5
DA:290,5
DA:291,1
DA:293,4
DA:294,4
DA:295,1
DA:297,3
DA:298,9
DA:299,9
DA:300,3
DA:301,3
DA:302,3
DA:303,3
DA:306,3
DA:307,1
DA:308,1
DA:309,1
DA:312,3
DA:313,1
DA:314,1
DA:315,1
DA:316,1
DA:317,1
DA:318,1
DA:319,6
DA:323,5
DA:324,5
DA:325,5
DA:326,1
DA:328,4
DA:329,5
DA:330,5
DA:331,4
DA:332,4
DA:333,4
DA:334,4
DA:337,4
DA:338,4
DA:339,1
DA:340,1
DA:341,1
DA:343,3
DA:344,3
DA:345,1
DA:346,1
DA:347,1
DA:349,2
DA:350,2
DA:351,2
DA:352,2
DA:354,3
DA:355,1
DA:356,1
DA:357,1
DA:358,1
DA:359,1
DA:360,1
DA:361,1
DA:362,1
DA:363,12
DA:366,3280
DA:367,3280
DA:368,3271
DA:369,3246
DA:370,3277
DA:371,3270
DA:372,3268
DA:373,3165
DA:375,130
DA:376,74
DA:377,74
DA:378,61
DA:379,61
DA:380,61
DA:381,61
DA:383,13
DA:384,13
DA:385,13
DA:387,6543
DA:389,122
DA:390,122
DA:391,203
DA:392,1179
DA:393,4314
DA:395,3332
DA:396,56
DA:398,6490
DA:399,61
DA:400,3219
DA:401,3219
DA:405,6
DA:406,123
DA:408,68
DA:409,68
DA:410,191
DA:411,124
DA:412,124
DA:414,191
DA:415,123
DA:417,68
DA:418,14
DA:420,61
DA:421,61
DA:423,68
DA:426,10
DA:427,10
DA:428,10
DA:429,10
DA:430,1
DA:432,9
DA:433,9
DA:435,3
DA:438,6
DA:439,6
DA:440,6
DA:441,6
DA:442,6
DA:447,25
DA:448,19
DA:449,19
DA:450,19
DA:454,6
DA:457,6
DA:458,24
DA:459,19
DA:460,19
DA:463,19
DA:464,1
DA:465,1
DA:466,0
DA:468,1
DA:469,2
DA:470,1
DA:472,1
DA:477,18
DA:481,20
DA:483,23
DA:484,18
DA:486,5
DA:487,9
DA:488,13
DA:491,15
DA:492,15
DA:493,15
DA:494,15
DA:495,2
DA:497,99
DA:498,85
DA:499,170
DA:500,340
DA:501,255
DA:504,14
DA:505,15
DA:508,6
DA:509,6
DA:510,6
DA:511,6
DA:514,48
DA:515,42
DA:516,42
DA:517,42
DA:519,6
DA:520,6
DA:523,6
DA:524,6
DA:527,1
DA:528,1
DA:529,1
DA:530,7
DA:531,6
DA:533,7
DA:534,6
DA:536,8
DA:537,1
DA:540,5
DA:541,5
DA:542,5
DA:543,1
DA:545,4
DA:546,1
DA:549,7
DA:550,7
DA:551,94
DA:552,87
DA:553,0
DA:554,0
DA:556,87
DA:557,91
DA:558,64
DA:561,7
DA:562,7
DA:563,0
DA:566,178
DA:567,178
DA:568,178
DA:569,176
DA:571,2
DA:572,0
DA:574,4
DA:575,2
DA:577,2
DA:579,178
DA:582,176
DA:583,176
DA:584,0
DA:586,176
DA:587,103
DA:588,103
DA:589,1
DA:591,102
DA:592,30
DA:594,274
DA:595,203
DA:596,203
DA:597,176
DA:599,203
DA:600,203
DA:601,176
DA:603,27
DA:604,1
DA:606,203
DA:607,103
DA:608,144
DA:611,6
DA:612,25
DA:613,19
DA:614,19
DA:615,40
DA:616,28
DA:617,0
DA:621,19
DA:622,6
LF:424
LH:413
end_of_record
TN:
SF:/mnt/c/Lab3OOP-main/Terminal/Terminal.cpp
FN:10,16,_ZN8Terminal6removeEi
FN:18,23,_ZN8Terminal14setsizeStorageEiiii
FN:25,32,_ZN8Terminal10getallInfoERSo
FN:3,8,_ZN8Terminal3addEiP7Storage
FN:35,40,_ZN8Terminal4findEi
FN:42,47,_ZN8TerminalD2Ev
FNDA:2,_ZN8Terminal6removeEi
FNDA:2,_ZN8Terminal14setsizeStorageEiiii
FNDA:1,_ZN8Terminal10getallInfoERSo
FNDA:8,_ZN8Terminal3addEiP7Storage
FNDA:2,_ZN8Terminal4findEi
FNDA:9,_ZN8TerminalD2Ev
FNF:6
FNH:6
DA:3,8
DA:4,8
DA:5,1
DA:7,7
DA:8,7
DA:10,2
DA:11,2
DA:12,1
DA:14,1
DA:15,1
DA:16,1
DA:18,2
DA:19,2
DA:20,1
DA:22,1
DA:23,1
DA:25,1
DA:26,2
DA:27,1
DA:28,1
DA:29,1
DA:30,1
DA:32,1
DA:35,2
DA:36,2
DA:37,1
DA:39,1
DA:42,9
DA:43,15
DA:44,6
DA:46,9
DA:47,9
LF:32
LH:32
end_of_record
