TN:
SF:/mnt/c/л3/Lab3OOP/Checker/Checker.hpp
FN:25,25,_ZN7CheckerIiEC2Ev
FN:27,28,_ZN7CheckerIiEC2ERKS0_
FN:30,32,_ZN7CheckerIiE16addCheckFunctionESt8functionIFvR7StorageP10IContainer17ContainerPositionIiEEE
FN:43,47,_ZNK7CheckerIiE11applyChecksER7StorageP10IContainer17ContainerPositionIiE
FNDA:8,_ZN7CheckerIiEC2Ev
FNDA:3,_ZN7CheckerIiEC2ERKS0_
FNDA:12,_ZN7CheckerIiE16addCheckFunctionESt8functionIFvR7StorageP10IContainer17ContainerPositionIiEEE
FNDA:37,_ZNK7CheckerIiE11applyChecksER7StorageP10IContainer17ContainerPositionIiE
FNF:4
FNH:4
DA:25,8
DA:27,3
DA:28,3
DA:30,12
DA:31,12
DA:32,12
DA:43,37
DA:44,93
DA:45,61
DA:47,32
LF:10
LH:10
end_of_record
TN:
SF:/mnt/c/л3/Lab3OOP/Octree/ContainerPosition.hpp
FN:12,12,_ZN17ContainerPositionIiEC2Ev
FN:18,23,_ZNK17ContainerPositionIiEeqERKS0_
FNDA:44,_ZN17ContainerPositionIiEC2Ev
FNDA:27,_ZNK17ContainerPositionIiEeqERKS0_
FNF:2
FNH:2
DA:12,44
DA:18,27
DA:19,63
DA:20,54
DA:21,54
DA:22,63
LF:6
LH:6
end_of_record
TN:
SF:/mnt/c/л3/Lab3OOP/Octree/Octree.hpp
FN:114,118,_ZN6OctreeIiP10IContainer17ContainerPositionIiEE8iteratorC2EPNS4_4NodeE
FN:120,122,_ZN6OctreeIiP10IContainer17ContainerPositionIiEE8iteratordeEv
FN:125,135,_ZN6OctreeIiP10IContainer17ContainerPositionIiEE8iteratorppEv
FN:138,140,_ZNK6OctreeIiP10IContainer17ContainerPositionIiEE8iteratorneERKS5_
FN:147,151,_ZN6OctreeIiP10IContainer17ContainerPositionIiEEC2ER11BoundingBoxIiEi
FN:154,156,_ZN6OctreeIiP10IContainer17ContainerPositionIiEED2Ev
FN:164,166,_ZN6OctreeIiP10IContainer17ContainerPositionIiEE5beginEv
FN:168,170,_ZN6OctreeIiP10IContainer17ContainerPositionIiEE3endEv
FN:173,182,_ZN6OctreeIiP10IContainer17ContainerPositionIiEE6insertES1_RS3_PNS4_4NodeE
FN:185,265,_ZN6OctreeIiP10IContainer17ContainerPositionIiEE5splitEPNS4_4NodeE
FN:268,271,_ZN6OctreeIiP10IContainer17ContainerPositionIiEE5CloneEv
FN:275,283,_ZN6OctreeIiP10IContainer17ContainerPositionIiEE6removeENSt7__cxx1112basic_stringIcSt11char_traitsIcESaIcEEE
FN:286,290,_ZN6OctreeIiP10IContainer17ContainerPositionIiEE6searchENSt7__cxx1112basic_stringIcSt11char_traitsIcESaIcEEE
FN:293,297,_ZN6OctreeIiP10IContainer17ContainerPositionIiEE5findIENSt7__cxx1112basic_stringIcSt11char_traitsIcESaIcEEE
FN:300,304,_ZN6OctreeIiP10IContainer17ContainerPositionIiEE11searchDepthEv
FN:307,313,_ZN6OctreeIiP10IContainer17ContainerPositionIiEE12SearchInsertES1_S3_
FN:321,324,_ZN6OctreeIiP10IContainer17ContainerPositionIiEE7getMinXERS3_
FN:327,330,_ZN6OctreeIiP10IContainer17ContainerPositionIiEE7getMaxXERS3_
FN:333,336,_ZN6OctreeIiP10IContainer17ContainerPositionIiEE7getMinYERS3_
FN:339,342,_ZN6OctreeIiP10IContainer17ContainerPositionIiEE7getMaxYERS3_
FN:345,348,_ZN6OctreeIiP10IContainer17ContainerPositionIiEE7getMinZERS3_
FN:351,354,_ZN6OctreeIiP10IContainer17ContainerPositionIiEE7getMaxZERS3_
FN:357,360,_ZN6OctreeIiP10IContainer17ContainerPositionIiEE7getMinXERKS3_
FN:362,365,_ZN6OctreeIiP10IContainer17ContainerPositionIiEE7getMaxXERKS3_
FN:368,371,_ZN6OctreeIiP10IContainer17ContainerPositionIiEE7getMinYERKS3_
FN:374,377,_ZN6OctreeIiP10IContainer17ContainerPositionIiEE7getMaxYERKS3_
FN:381,384,_ZN6OctreeIiP10IContainer17ContainerPositionIiEE7getMinZERKS3_
FN:387,390,_ZN6OctreeIiP10IContainer17ContainerPositionIiEE7getMaxZERKS3_
FN:393,403,_ZN6OctreeIiP10IContainer17ContainerPositionIiEE16pointincontainerER5PointIiERS3_
FN:409,419,_ZN6OctreeIiP10IContainer17ContainerPositionIiEE14searchUnderOctEPNS4_4NodeERSt6vectorISt4pairIS3_S1_ESaIS9_EE
FN:422,439,_ZN6OctreeIiP10IContainer17ContainerPositionIiEE5findIENSt7__cxx1112basic_stringIcSt11char_traitsIcESaIcEEEPNS4_4NodeEPSt4pairIS3_S1_E
FN:442,452,_ZN6OctreeIiP10IContainer17ContainerPositionIiEE11searchDepthEPNS4_4NodeERSt6vectorISt4pairIS3_S1_ESaIS9_EE
FN:455,488,_ZN6OctreeIiP10IContainer17ContainerPositionIiEE12SearchInsertES1_S3_PNS4_4NodeEPS6_RSt6vectorISt4pairIS3_S1_ESaISA_EERb
FN:491,508,_ZN6OctreeIiP10IContainer17ContainerPositionIiEE7searchRENSt7__cxx1112basic_stringIcSt11char_traitsIcESaIcEEEPNS4_4NodeEPSC_
FN:511,534,_ZN6OctreeIiP10IContainer17ContainerPositionIiEE7removeRENSt7__cxx1112basic_stringIcSt11char_traitsIcESaIcEEEPNS4_4NodeERb
FN:537,558,_ZNK6OctreeIiP10IContainer17ContainerPositionIiEE13ContainEntityES3_S3_
FN:55,55,_ZN11BoundingBoxIiEC2ERK5PointIiES4_
FN:561,568,_ZNK6OctreeIiP10IContainer17ContainerPositionIiEE14checkCollisionES1_S3_St6vectorISt4pairIS3_S1_ESaIS7_EE
FN:57,59,_ZNK11BoundingBoxIiE8containsER5PointIiE
FN:582,584,_ZNK6OctreeIiP10IContainer17ContainerPositionIiEE6numberB5cxx11ERK5PointIiE
FN:80,80,_ZN6OctreeIiP10IContainer17ContainerPositionIiEE4NodeC2ER11BoundingBoxIiEi
FN:81,88,_ZN6OctreeIiP10IContainer17ContainerPositionIiEE4NodeD2Ev
FN:90,92,_ZNK6OctreeIiP10IContainer17ContainerPositionIiEE4Node6isLeafEv
FNDA:0,_ZN6OctreeIiP10IContainer17ContainerPositionIiEE8iteratorC2EPNS4_4NodeE
FNDA:0,_ZN6OctreeIiP10IContainer17ContainerPositionIiEE8iteratordeEv
FNDA:0,_ZN6OctreeIiP10IContainer17ContainerPositionIiEE8iteratorppEv
FNDA:0,_ZNK6OctreeIiP10IContainer17ContainerPositionIiEE8iteratorneERKS5_
FNDA:9,_ZN6OctreeIiP10IContainer17ContainerPositionIiEEC2ER11BoundingBoxIiEi
FNDA:0,_ZN6OctreeIiP10IContainer17ContainerPositionIiEED2Ev
FNDA:0,_ZN6OctreeIiP10IContainer17ContainerPositionIiEE5beginEv
FNDA:0,_ZN6OctreeIiP10IContainer17ContainerPositionIiEE3endEv
FNDA:35,_ZN6OctreeIiP10IContainer17ContainerPositionIiEE6insertES1_RS3_PNS4_4NodeE
FNDA:12,_ZN6OctreeIiP10IContainer17ContainerPositionIiEE5splitEPNS4_4NodeE
FNDA:3,_ZN6OctreeIiP10IContainer17ContainerPositionIiEE5CloneEv
FNDA:0,_ZN6OctreeIiP10IContainer17ContainerPositionIiEE6removeENSt7__cxx1112basic_stringIcSt11char_traitsIcESaIcEEE
FNDA:4,_ZN6OctreeIiP10IContainer17ContainerPositionIiEE6searchENSt7__cxx1112basic_stringIcSt11char_traitsIcESaIcEEE
FNDA:0,_ZN6OctreeIiP10IContainer17ContainerPositionIiEE5findIENSt7__cxx1112basic_stringIcSt11char_traitsIcESaIcEEE
FNDA:25,_ZN6OctreeIiP10IContainer17ContainerPositionIiEE11searchDepthEv
FNDA:41,_ZN6OctreeIiP10IContainer17ContainerPositionIiEE12SearchInsertES1_S3_
FNDA:253,_ZN6OctreeIiP10IContainer17ContainerPositionIiEE7getMinXERS3_
FNDA:253,_ZN6OctreeIiP10IContainer17ContainerPositionIiEE7getMaxXERS3_
FNDA:279,_ZN6OctreeIiP10IContainer17ContainerPositionIiEE7getMinYERS3_
FNDA:279,_ZN6OctreeIiP10IContainer17ContainerPositionIiEE7getMaxYERS3_
FNDA:240,_ZN6OctreeIiP10IContainer17ContainerPositionIiEE7getMinZERS3_
FNDA:226,_ZN6OctreeIiP10IContainer17ContainerPositionIiEE7getMaxZERS3_
FNDA:46,_ZN6OctreeIiP10IContainer17ContainerPositionIiEE7getMinXERKS3_
FNDA:27,_ZN6OctreeIiP10IContainer17ContainerPositionIiEE7getMaxXERKS3_
FNDA:27,_ZN6OctreeIiP10IContainer17ContainerPositionIiEE7getMinYERKS3_
FNDA:27,_ZN6OctreeIiP10IContainer17ContainerPositionIiEE7getMaxYERKS3_
FNDA:6,_ZN6OctreeIiP10IContainer17ContainerPositionIiEE7getMinZERKS3_
FNDA:21,_ZN6OctreeIiP10IContainer17ContainerPositionIiEE7getMaxZERKS3_
FNDA:36,_ZN6OctreeIiP10IContainer17ContainerPositionIiEE16pointincontainerER5PointIiERS3_
FNDA:552,_ZN6OctreeIiP10IContainer17ContainerPositionIiEE14searchUnderOctEPNS4_4NodeERSt6vectorISt4pairIS3_S1_ESaIS9_EE
FNDA:0,_ZN6OctreeIiP10IContainer17ContainerPositionIiEE5findIENSt7__cxx1112basic_stringIcSt11char_traitsIcESaIcEEEPNS4_4NodeEPSt4pairIS3_S1_E
FNDA:2465,_ZN6OctreeIiP10IContainer17ContainerPositionIiEE11searchDepthEPNS4_4NodeERSt6vectorISt4pairIS3_S1_ESaIS9_EE
FNDA:233,_ZN6OctreeIiP10IContainer17ContainerPositionIiEE12SearchInsertES1_S3_PNS4_4NodeEPS6_RSt6vectorISt4pairIS3_S1_ESaISA_EERb
FNDA:100,_ZN6OctreeIiP10IContainer17ContainerPositionIiEE7searchRENSt7__cxx1112basic_stringIcSt11char_traitsIcESaIcEEEPNS4_4NodeEPSC_
FNDA:0,_ZN6OctreeIiP10IContainer17ContainerPositionIiEE7removeRENSt7__cxx1112basic_stringIcSt11char_traitsIcESaIcEEEPNS4_4NodeERb
FNDA:95,_ZNK6OctreeIiP10IContainer17ContainerPositionIiEE13ContainEntityES3_S3_
FNDA:102,_ZN11BoundingBoxIiEC2ERK5PointIiES4_
FNDA:40,_ZNK6OctreeIiP10IContainer17ContainerPositionIiEE14checkCollisionES1_S3_St6vectorISt4pairIS3_S1_ESaIS7_EE
FNDA:797,_ZNK11BoundingBoxIiE8containsER5PointIiE
FNDA:18,_ZNK6OctreeIiP10IContainer17ContainerPositionIiEE6numberB5cxx11ERK5PointIiE
FNDA:105,_ZN6OctreeIiP10IContainer17ContainerPositionIiEE4NodeC2ER11BoundingBoxIiEi
FNDA:0,_ZN6OctreeIiP10IContainer17ContainerPositionIiEE4NodeD2Ev
FNDA:193,_ZNK6OctreeIiP10IContainer17ContainerPositionIiEE4Node6isLeafEv
FNF:43
FNH:31
DA:55,102
DA:57,797
DA:58,797
DA:80,105
DA:81,0
DA:82,0
DA:83,0
DA:85,0
DA:86,0
DA:88,0
DA:90,193
DA:91,193
DA:114,0
DA:115,0
DA:116,0
DA:118,0
DA:120,0
DA:121,0
DA:125,0
DA:126,0
DA:127,0
DA:128,0
DA:129,0
DA:130,0
DA:131,0
DA:134,0
DA:138,0
DA:139,0
DA:147,9
DA:148,9
DA:149,9
DA:151,9
DA:154,0
DA:155,0
DA:156,0
DA:164,0
DA:165,0
DA:168,0
DA:169,0
DA:173,35
DA:174,35
DA:175,0
DA:177,35
DA:178,35
DA:179,12
DA:181,35
DA:185,12
DA:186,12
DA:187,12
DA:189,12
DA:190,12
DA:191,12
DA:193,12
DA:194,12
DA:195,12
DA:196,12
DA:197,12
DA:200,12
DA:201,12
DA:202,12
DA:203,12
DA:204,12
DA:207,12
DA:208,12
DA:209,12
DA:210,12
DA:211,12
DA:214,12
DA:215,12
DA:216,12
DA:217,12
DA:218,12
DA:221,12
DA:222,12
DA:223,12
DA:224,12
DA:225,12
DA:228,12
DA:229,12
DA:230,12
DA:231,12
DA:232,12
DA:235,12
DA:236,12
DA:237,12
DA:238,12
DA:239,12
DA:242,12
DA:243,12
DA:244,12
DA:245,12
DA:246,12
DA:249,27
DA:250,25
DA:251,40
DA:252,30
DA:253,30
DA:254,30
DA:255,30
DA:256,30
DA:257,55
DA:258,15
DA:259,15
DA:260,15
DA:261,15
DA:265,12
DA:268,3
DA:269,3
DA:270,3
DA:275,0
DA:276,0
DA:277,0
DA:278,0
DA:279,0
DA:281,0
DA:282,0
DA:286,4
DA:287,4
DA:288,4
DA:289,4
DA:293,0
DA:294,0
DA:295,0
DA:296,0
DA:300,25
DA:301,25
DA:302,25
DA:303,25
DA:304,0
DA:307,41
DA:308,41
DA:309,41
DA:310,41
DA:311,41
DA:312,41
DA:313,41
DA:321,253
DA:323,253
DA:327,253
DA:329,253
DA:333,279
DA:335,279
DA:339,279
DA:341,279
DA:345,240
DA:347,240
DA:351,226
DA:353,226
DA:357,46
DA:359,46
DA:362,27
DA:364,27
DA:368,27
DA:370,27
DA:374,27
DA:376,27
DA:381,6
DA:383,6
DA:387,21
DA:389,21
DA:393,36
DA:396,36
DA:397,36
DA:398,36
DA:399,36
DA:400,36
DA:401,36
DA:402,36
DA:409,552
DA:410,552
DA:411,488
DA:413,64
DA:414,25
DA:416,576
DA:417,512
DA:422,0
DA:423,0
DA:424,0
DA:426,0
DA:427,0
DA:428,0
DA:429,0
DA:430,0
DA:434,0
DA:435,0
DA:436,0
DA:442,2465
DA:443,2465
DA:444,2160
DA:446,305
DA:447,43
DA:449,2745
DA:450,2440
DA:455,233
DA:456,233
DA:457,0
DA:459,298
DA:460,64
DA:461,61
DA:462,298
DA:463,172
DA:465,61
DA:466,26
DA:468,61
DA:469,216
DA:470,192
DA:473,61
DA:475,40
DA:477,40
DA:478,39
DA:479,39
DA:481,1
DA:482,1
DA:484,21
DA:485,19
DA:487,2
DA:491,100
DA:492,100
DA:493,0
DA:495,100
DA:496,27
DA:497,18
DA:498,3
DA:499,3
DA:503,97
DA:504,108
DA:505,96
DA:511,0
DA:512,0
DA:513,0
DA:515,0
DA:516,0
DA:518,0
DA:519,0
DA:520,0
DA:521,0
DA:522,0
DA:523,0
DA:524,0
DA:528,0
DA:529,0
DA:530,0
DA:537,95
DA:539,95
DA:540,95
DA:541,95
DA:542,95
DA:543,95
DA:544,95
DA:547,95
DA:548,95
DA:549,95
DA:550,95
DA:551,95
DA:552,95
DA:555,61
DA:556,199
DA:557,138
DA:561,40
DA:562,134
DA:563,95
DA:564,1
DA:567,39
DA:582,18
DA:583,18
LF:265
LH:195
end_of_record
TN:
SF:/mnt/c/л3/Lab3OOP/Octree/Point.hpp
FN:17,17,_ZN5PointIiEC2Eiii
FN:18,18,_ZN5PointIiEC2Ev
FN:9,11,_ZNK5PointIiEeqERKS0_
FNDA:219,_ZN5PointIiEC2Eiii
FNDA:352,_ZN5PointIiEC2Ev
FNDA:153,_ZNK5PointIiEeqERKS0_
FNF:3
FNH:3
DA:9,153
DA:10,153
DA:17,219
DA:18,352
LF:4
LH:4
end_of_record
TN:
SF:/mnt/c/л3/Lab3OOP/Storage/Storage.cpp
FN:105,117,_ZN7Storage7getSizeEiii
FN:122,164,_ZN7Storage26calculateContainerPositionEiiiiii
FN:13,24,_ZN7Storage14calculateDepthEv
FN:14,21,_ZZN7Storage14calculateDepthEvENKUliE_clEi
FN:167,190,_ZN7Storage20searchUnderContainerER17ContainerPositionIiE
FN:193,216,_ZN7Storage20searchUpperContainerER17ContainerPositionIiE
FN:220,228,_ZN7Storage13calculatemassESt6vectorISt4pairI17ContainerPositionIiEP10IContainerESaIS6_EEm
FN:231,256,_ZN7Storage12checkSupportER17ContainerPositionIiESt6vectorISt4pairIS1_P10IContainerESaIS7_EE
FN:258,270,_ZN7Storage12addContainerEP10IContaineriii
FN:27,29,_ZN7Storage24addExternalCheckFunctionERKSt8functionIFvRS_P10IContainer17ContainerPositionIiEEE
FN:275,279,_ZNK7Storage19getInfoAboutStorageB5cxx11Ev
FN:283,304,_ZN7Storage7isNoTopERK17ContainerPositionIiE
FN:308,338,_ZN7Storage13moveContainerENSt7__cxx1112basic_stringIcSt11char_traitsIcESaIcEEEiii
FN:32,44,_ZN7Storage5checkEv
FN:342,382,_ZN7Storage15rotateContainerENSt7__cxx1112basic_stringIcSt11char_traitsIcESaIcEEEi
FN:385,434,_ZN7Storage10multitreadEP10IContaineriii
FN:436,453,_ZN7Storage13addContainerREP10IContainerii
FN:455,470,_ZN7Storage12addContainerB5cxx11EP10IContainer
FN:47,61,_ZN7StorageC2Eiiiid
FN:473,502,_ZN7Storage15removeContainerENSt7__cxx1112basic_stringIcSt11char_traitsIcESaIcEEE
FN:505,519,_ZNK7Storage7getInfoB5cxx11Ev
FN:522,543,_ZN7Storage9howContaiEP10IContainerRSt6vectorImSaImEEm
FN:546,556,_ZN7Storage12howContainerEP10IContainer
FN:55,57,_ZZN7StorageC4EiiiidENKUlRS_P10IContainer17ContainerPositionIiEE_clES0_S2_S4_
FN:555,555,_ZZN7Storage12howContainerEP10IContainerENKUliiE_clEii
FN:559,569,_ZNK7Storage17getListContainersB5cxx11Ev
FN:572,579,_ZN7Storage16checkTemperatureERS_P10IContainer17ContainerPositionIiE
FN:58,60,_ZZN7StorageC4EiiiidENKUlRS_P10IContainer17ContainerPositionIiEE0_clES0_S2_S4_
FN:582,598,_ZN7Storage13checkPressureERS_P10IContainer17ContainerPositionIiE
FN:64,66,_ZN7Storage15comparePositionERSt4pairI17ContainerPositionIiEP10IContainerES6_
FN:69,71,_ZN7Storage22comparePositionReverseERSt4pairI17ContainerPositionIiEP10IContainerES6_
FN:74,90,_ZN7StorageaSERKS_
FN:93,102,_ZN7StorageC2ERKS_
FNDA:2,_ZN7Storage7getSizeEiii
FNDA:41,_ZN7Storage26calculateContainerPositionEiiiiii
FNDA:6,_ZN7Storage14calculateDepthEv
FNDA:18,_ZZN7Storage14calculateDepthEvENKUliE_clEi
FNDA:14,_ZN7Storage20searchUnderContainerER17ContainerPositionIiE
FNDA:0,_ZN7Storage20searchUpperContainerER17ContainerPositionIiE
FNDA:11,_ZN7Storage13calculatemassESt6vectorISt4pairI17ContainerPositionIiEP10IContainerESaIS6_EEm
FNDA:13,_ZN7Storage12checkSupportER17ContainerPositionIiESt6vectorISt4pairIS1_P10IContainerESaIS7_EE
FNDA:40,_ZN7Storage12addContainerEP10IContaineriii
FNDA:0,_ZN7Storage24addExternalCheckFunctionERKSt8functionIFvRS_P10IContainer17ContainerPositionIiEEE
FNDA:4,_ZNK7Storage19getInfoAboutStorageB5cxx11Ev
FNDA:3,_ZN7Storage7isNoTopERK17ContainerPositionIiE
FNDA:5,_ZN7Storage13moveContainerENSt7__cxx1112basic_stringIcSt11char_traitsIcESaIcEEEiii
FNDA:0,_ZN7Storage5checkEv
FNDA:0,_ZN7Storage15rotateContainerENSt7__cxx1112basic_stringIcSt11char_traitsIcESaIcEEEi
FNDA:2,_ZN7Storage10multitreadEP10IContaineriii
FNDA:6,_ZN7Storage13addContainerREP10IContainerii
FNDA:1,_ZN7Storage12addContainerB5cxx11EP10IContainer
FNDA:6,_ZN7StorageC2Eiiiid
FNDA:0,_ZN7Storage15removeContainerENSt7__cxx1112basic_stringIcSt11char_traitsIcESaIcEEE
FNDA:4,_ZNK7Storage7getInfoB5cxx11Ev
FNDA:0,_ZN7Storage9howContaiEP10IContainerRSt6vectorImSaImEEm
FNDA:0,_ZN7Storage12howContainerEP10IContainer
FNDA:31,_ZZN7StorageC4EiiiidENKUlRS_P10IContainer17ContainerPositionIiEE_clES0_S2_S4_
FNDA:0,_ZZN7Storage12howContainerEP10IContainerENKUliiE_clEii
FNDA:0,_ZNK7Storage17getListContainersB5cxx11Ev
FNDA:31,_ZN7Storage16checkTemperatureERS_P10IContainer17ContainerPositionIiE
FNDA:30,_ZZN7StorageC4EiiiidENKUlRS_P10IContainer17ContainerPositionIiEE0_clES0_S2_S4_
FNDA:30,_ZN7Storage13checkPressureERS_P10IContainer17ContainerPositionIiE
FNDA:36,_ZN7Storage15comparePositionERSt4pairI17ContainerPositionIiEP10IContainerES6_
FNDA:0,_ZN7Storage22comparePositionReverseERSt4pairI17ContainerPositionIiEP10IContainerES6_
FNDA:1,_ZN7StorageaSERKS_
FNDA:2,_ZN7StorageC2ERKS_
FNF:33
FNH:23
DA:13,6
DA:14,18
DA:15,18
DA:16,52
DA:17,34
DA:18,34
DA:20,18
DA:22,6
DA:27,0
DA:28,0
DA:29,0
DA:32,0
DA:33,0
DA:34,0
DA:35,0
DA:36,0
DA:38,0
DA:39,0
DA:40,0
DA:43,0
DA:44,0
DA:47,6
DA:48,6
DA:49,6
DA:50,6
DA:51,6
DA:52,6
DA:53,6
DA:54,6
DA:55,6
DA:56,31
DA:57,30
DA:58,6
DA:59,30
DA:60,26
DA:61,6
DA:64,36
DA:65,36
DA:69,0
DA:70,0
DA:74,1
DA:75,1
DA:76,1
DA:77,1
DA:78,1
DA:79,1
DA:80,1
DA:81,1
DA:82,1
DA:83,1
DA:84,6
DA:85,5
DA:87,1
DA:88,1
DA:89,1
DA:93,2
DA:94,2
DA:95,2
DA:96,2
DA:97,2
DA:98,8
DA:99,6
DA:101,2
DA:102,2
DA:105,2
DA:106,2
DA:107,1
DA:109,1
DA:110,1
DA:111,1
DA:112,6
DA:113,5
DA:115,1
DA:116,1
DA:117,1
DA:122,41
DA:123,41
DA:125,41
DA:126,41
DA:127,41
DA:130,41
DA:131,41
DA:132,41
DA:135,41
DA:136,41
DA:137,41
DA:140,41
DA:141,41
DA:142,41
DA:145,41
DA:146,41
DA:147,41
DA:150,41
DA:151,41
DA:152,41
DA:155,41
DA:156,41
DA:157,41
DA:160,41
DA:161,41
DA:162,41
DA:163,41
DA:167,14
DA:168,14
DA:169,14
DA:170,14
DA:171,14
DA:172,14
DA:173,14
DA:174,14
DA:175,14
DA:176,14
DA:177,14
DA:178,46
DA:179,32
DA:181,50
DA:182,68
DA:183,18
DA:184,18
DA:185,18
DA:188,14
DA:189,28
DA:190,14
DA:193,0
DA:194,0
DA:195,0
DA:196,0
DA:197,0
DA:198,0
DA:199,0
DA:200,0
DA:201,0
DA:202,0
DA:203,0
DA:204,0
DA:205,0
DA:207,0
DA:208,0
DA:209,0
DA:210,0
DA:211,0
DA:214,0
DA:215,0
DA:216,0
DA:220,11
DA:221,11
DA:222,16
DA:223,5
DA:224,5
DA:227,11
DA:231,13
DA:232,13
DA:233,13
DA:234,13
DA:235,13
DA:236,13
DA:238,14
DA:239,13
DA:240,12
DA:242,13
DA:243,1
DA:245,12
DA:246,11
DA:248,12
DA:249,11
DA:251,12
DA:252,11
DA:255,1
DA:258,40
DA:259,40
DA:260,1
DA:262,39
DA:263,39
DA:264,39
DA:265,2
DA:267,37
DA:268,32
DA:269,32
DA:270,32
DA:275,4
DA:276,8
DA:277,12
DA:278,4
DA:283,3
DA:284,3
DA:285,3
DA:286,3
DA:287,3
DA:288,3
DA:289,3
DA:290,3
DA:291,3
DA:292,3
DA:294,13
DA:295,11
DA:296,17
DA:297,23
DA:298,6
DA:299,1
DA:303,2
DA:304,3
DA:308,5
DA:309,5
DA:310,1
DA:312,4
DA:313,4
DA:314,1
DA:316,3
DA:317,7
DA:318,7
DA:319,3
DA:320,3
DA:321,3
DA:322,3
DA:325,3
DA:326,1
DA:327,1
DA:328,1
DA:331,2
DA:332,1
DA:333,1
DA:334,1
DA:335,1
DA:336,1
DA:337,1
DA:338,1
DA:342,0
DA:343,0
DA:344,0
DA:345,0
DA:347,0
DA:348,0
DA:349,0
DA:350,0
DA:351,0
DA:352,0
DA:353,0
DA:356,0
DA:357,0
DA:358,0
DA:359,0
DA:360,0
DA:362,0
DA:363,0
DA:364,0
DA:365,0
DA:366,0
DA:368,0
DA:369,0
DA:370,0
DA:371,0
DA:373,0
DA:374,0
DA:375,0
DA:376,0
DA:377,0
DA:378,0
DA:379,0
DA:380,0
DA:381,0
DA:382,0
DA:385,2
DA:386,2
DA:387,2
DA:388,0
DA:390,2
DA:391,2
DA:392,2
DA:393,2
DA:394,2
DA:395,0
DA:397,2
DA:398,2
DA:399,0
DA:401,0
DA:403,2
DA:404,0
DA:405,0
DA:406,0
DA:408,0
DA:409,0
DA:410,0
DA:412,0
DA:413,0
DA:414,0
DA:415,0
DA:416,0
DA:419,0
DA:420,0
DA:422,0
DA:423,2
DA:424,2
DA:425,1
DA:426,1
DA:427,1
DA:428,1
DA:430,1
DA:431,1
DA:432,1
DA:434,2
DA:436,6
DA:437,6
DA:438,6
DA:439,6
DA:440,7
DA:442,7
DA:443,5
DA:445,2
DA:446,1
DA:447,1
DA:448,1
DA:452,0
DA:453,6
DA:455,1
DA:456,1
DA:457,7
DA:458,6
DA:459,6
DA:461,7
DA:462,6
DA:464,1
DA:465,0
DA:467,1
DA:468,1
DA:470,1
DA:473,0
DA:474,0
DA:475,0
DA:476,0
DA:477,0
DA:479,0
DA:480,0
DA:481,0
DA:483,0
DA:484,0
DA:485,0
DA:486,0
DA:489,0
DA:490,0
DA:491,0
DA:492,0
DA:493,0
DA:494,0
DA:495,0
DA:496,0
DA:497,0
DA:499,0
DA:500,0
DA:502,0
DA:505,4
DA:506,4
DA:507,4
DA:508,4
DA:509,0
DA:511,24
DA:512,20
DA:513,40
DA:514,80
DA:515,60
DA:518,4
DA:519,4
DA:522,0
DA:523,0
DA:524,0
DA:525,0
DA:529,0
DA:530,0
DA:531,0
DA:532,0
DA:534,0
DA:535,0
DA:537,0
DA:538,0
DA:539,0
DA:540,0
DA:541,0
DA:543,0
DA:546,0
DA:547,0
DA:548,0
DA:549,0
DA:550,0
DA:552,0
DA:553,0
DA:555,0
DA:556,0
DA:559,0
DA:560,0
DA:561,0
DA:562,0
DA:563,0
DA:565,0
DA:566,0
DA:568,0
DA:569,0
DA:572,31
DA:573,31
DA:574,32
DA:575,1
DA:577,1
DA:579,30
DA:582,30
DA:583,30
DA:584,14
DA:585,14
DA:586,1
DA:588,13
DA:589,2
DA:591,26
DA:592,16
DA:593,16
DA:594,1
DA:597,14
DA:598,26
LF:414
LH:264
end_of_record
TN:
SF:/mnt/c/л3/Lab3OOP/Storage/Storage.hpp
FN:40,43,_ZN7StorageD2Ev
FNDA:0,_ZN7StorageD2Ev
FNF:1
FNH:0
DA:40,0
DA:41,0
DA:42,0
DA:43,0
LF:4
LH:0
end_of_record
