TN:
SF:/mnt/c/л3/Lab3OOP/Checker/Checker.hpp
FN:25,25,_ZN7CheckerIiEC2Ev
FN:27,28,_ZN7CheckerIiEC2ERKS0_
FN:30,32,_ZN7CheckerIiE16addCheckFunctionESt8functionIFvR7StorageP10IContainer17ContainerPositionIiEEE
FN:43,47,_ZNK7CheckerIiE11applyChecksER7StorageP10IContainer17ContainerPositionIiE
FNDA:8,_ZN7CheckerIiEC2Ev
FNDA:3,_ZN7CheckerIiEC2ERKS0_
FNDA:12,_ZN7CheckerIiE16addCheckFunctionESt8functionIFvR7StorageP10IContainer17ContainerPositionIiEEE
FNDA:37,_ZNK7CheckerIiE11applyChecksER7StorageP10IContainer17ContainerPositionIiE
FNF:4
FNH:4
DA:25,8
DA:27,3
DA:28,3
DA:30,12
DA:31,12
DA:32,12
DA:43,37
DA:44,93
DA:45,61
DA:47,32
LF:10
LH:10
end_of_record
TN:
SF:/mnt/c/л3/Lab3OOP/Octree/ContainerPosition.hpp
FN:12,12,_ZN17ContainerPositionIiEC2Ev
FN:18,23,_ZNK17ContainerPositionIiEeqERKS0_
FNDA:44,_ZN17ContainerPositionIiEC2Ev
FNDA:27,_ZNK17ContainerPositionIiEeqERKS0_
FNF:2
FNH:2
DA:12,44
DA:18,27
DA:19,63
DA:20,54
DA:21,54
DA:22,63
LF:6
LH:6
end_of_record
TN:
SF:/mnt/c/л3/Lab3OOP/Octree/Octree.hpp
FN:114,118,_ZN6OctreeIiP10IContainer17ContainerPositionIiEE8iteratorC2EPNS4_4NodeE
FN:120,122,_ZN6OctreeIiP10IContainer17ContainerPositionIiEE8iteratordeEv
FN:125,135,_ZN6OctreeIiP10IContainer17ContainerPositionIiEE8iteratorppEv
FN:138,140,_ZNK6OctreeIiP10IContainer17ContainerPositionIiEE8iteratorneERKS5_
FN:147,151,_ZN6OctreeIiP10IContainer17ContainerPositionIiEEC2ER11BoundingBoxIiEi
FN:154,156,_ZN6OctreeIiP10IContainer17ContainerPositionIiEED2Ev
FN:164,166,_ZN6OctreeIiP10IContainer17ContainerPositionIiEE5beginEv
FN:168,170,_ZN6OctreeIiP10IContainer17ContainerPositionIiEE3endEv
FN:173,182,_ZN6OctreeIiP10IContainer17ContainerPositionIiEE6insertES1_RS3_PNS4_4NodeE
FN:185,265,_ZN6OctreeIiP10IContainer17ContainerPositionIiEE5splitEPNS4_4NodeE
FN:268,271,_ZN6OctreeIiP10IContainer17ContainerPositionIiEE5CloneEv
FN:275,283,_ZN6OctreeIiP10IContainer17ContainerPositionIiEE6removeENSt7__cxx1112basic_stringIcSt11char_traitsIcESaIcEEE
FN:286,290,_ZN6OctreeIiP10IContainer17ContainerPositionIiEE6searchENSt7__cxx1112basic_stringIcSt11char_traitsIcESaIcEEE
FN:293,297,_ZN6OctreeIiP10IContainer17ContainerPositionIiEE5findIENSt7__cxx1112basic_stringIcSt11char_traitsIcESaIcEEE
FN:300,304,_ZN6OctreeIiP10IContainer17ContainerPositionIiEE11searchDepthEv
FN:307,313,_ZN6OctreeIiP10IContainer17ContainerPositionIiEE12SearchInsertES1_S3_
FN:321,324,_ZN6OctreeIiP10IContainer17ContainerPositionIiEE7getMinXERS3_
FN:327,330,_ZN6OctreeIiP10IContainer17ContainerPositionIiEE7getMaxXERS3_
FN:333,336,_ZN6OctreeIiP10IContainer17ContainerPositionIiEE7getMinYERS3_
FN:339,342,_ZN6OctreeIiP10IContainer17ContainerPositionIiEE7getMaxYERS3_
FN:345,348,_ZN6OctreeIiP10IContainer17ContainerPositionIiEE7getMinZERS3_
FN:351,354,_ZN6OctreeIiP10IContainer17ContainerPositionIiEE7getMaxZERS3_
FN:357,360,_ZN6OctreeIiP10IContainer17ContainerPositionIiEE7getMinXERKS3_
FN:362,365,_ZN6OctreeIiP10IContainer17ContainerPositionIiEE7getMaxXERKS3_
FN:368,371,_ZN6OctreeIiP10IContainer17ContainerPositionIiEE7getMinYERKS3_
FN:374,377,_ZN6OctreeIiP10IContainer17ContainerPositionIiEE7getMaxYERKS3_
FN:381,384,_ZN6OctreeIiP10IContainer17ContainerPositionIiEE7getMinZERKS3_
FN:387,390,_ZN6OctreeIiP10IContainer17ContainerPositionIiEE7getMaxZERKS3_
FN:393,403,_ZN6OctreeIiP10IContainer17ContainerPositionIiEE16pointincontainerER5PointIiERS3_
FN:409,419,_ZN6OctreeIiP10IContainer17ContainerPositionIiEE14searchUnderOctEPNS4_4NodeERSt6vectorISt4pairIS3_S1_ESaIS9_EE
FN:422,439,_ZN6OctreeIiP10IContainer17ContainerPositionIiEE5findIENSt7__cxx1112basic_stringIcSt11char_traitsIcESaIcEEEPNS4_4NodeEPSt4pairIS3_S1_E
FN:442,452,_ZN6OctreeIiP10IContainer17ContainerPositionIiEE11searchDepthEPNS4_4NodeERSt6vectorISt4pairIS3_S1_ESaIS9_EE
FN:455,488,_ZN6OctreeIiP10IContainer17ContainerPositionIiEE12SearchInsertES1_S3_PNS4_4NodeEPS6_RSt6vectorISt4pairIS3_S1_ESaISA_EERb
FN:491,508,_ZN6OctreeIiP10IContainer17ContainerPositionIiEE7searchRENSt7__cxx1112basic_stringIcSt11char_traitsIcESaIcEEEPNS4_4NodeEPSC_
FN:511,534,_ZN6OctreeIiP10IContainer17ContainerPositionIiEE7removeRENSt7__cxx1112basic_stringIcSt11char_traitsIcESaIcEEEPNS4_4NodeERb
FN:537,558,_ZNK6OctreeIiP10IContainer17ContainerPositionIiEE13ContainEntityES3_S3_
FN:55,55,_ZN11BoundingBoxIiEC2ERK5PointIiES4_
FN:561,568,_ZNK6OctreeIiP10IContainer17ContainerPositionIiEE14checkCollisionES1_S3_St6vectorISt4pairIS3_S1_ESaIS7_EE
FN:57,59,_ZNK11BoundingBoxIiE8containsER5PointIiE
FN:582,584,_ZNK6OctreeIiP10IContainer17ContainerPositionIiEE6numberB5cxx11ERK5PointIiE
FN:80,80,_ZN6OctreeIiP10IContainer17ContainerPositionIiEE4NodeC2ER11BoundingBoxIiEi
FN:81,88,_ZN6OctreeIiP10IContainer17ContainerPositionIiEE4NodeD2Ev
FN:90,92,_ZNK6OctreeIiP10IContainer17ContainerPositionIiEE4Node6isLeafEv
FNDA:0,_ZN6OctreeIiP10IContainer17ContainerPositionIiEE8iteratorC2EPNS4_4NodeE
FNDA:0,_ZN6OctreeIiP10IContainer17ContainerPositionIiEE8iteratordeEv
FNDA:0,_ZN6OctreeIiP10IContainer17ContainerPositionIiEE8iteratorppEv
FNDA:0,_ZNK6OctreeIiP10IContainer17ContainerPositionIiEE8iteratorneERKS5_
FNDA:9,_ZN6OctreeIiP10IContainer17ContainerPositionIiEEC2ER11BoundingBoxIiEi
FNDA:0,_ZN6OctreeIiP10IContainer17ContainerPositionIiEED2Ev
FNDA:0,_ZN6OctreeIiP10IContainer17ContainerPositionIiEE5beginEv
FNDA:0,_ZN6OctreeIiP10IContainer17ContainerPositionIiEE3endEv
FNDA:35,_ZN6OctreeIiP10IContainer17ContainerPositionIiEE6insertES1_RS3_PNS4_4NodeE
FNDA:12,_ZN6OctreeIiP10IContainer17ContainerPositionIiEE5splitEPNS4_4NodeE
FNDA:3,_ZN6OctreeIiP10IContainer17ContainerPositionIiEE5CloneEv
FNDA:0,_ZN6OctreeIiP10IContainer17ContainerPositionIiEE6removeENSt7__cxx1112basic_stringIcSt11char_traitsIcESaIcEEE
FNDA:4,_ZN6OctreeIiP10IContainer17ContainerPositionIiEE6searchENSt7__cxx1112basic_stringIcSt11char_traitsIcESaIcEEE
FNDA:0,_ZN6OctreeIiP10IContainer17ContainerPositionIiEE5findIENSt7__cxx1112basic_stringIcSt11char_traitsIcESaIcEEE
FNDA:25,_ZN6OctreeIiP10IContainer17ContainerPositionIiEE11searchDepthEv
FNDA:41,_ZN6OctreeIiP10IContainer17ContainerPositionIiEE12SearchInsertES1_S3_
FNDA:253,_ZN6OctreeIiP10IContainer17ContainerPositionIiEE7getMinXERS3_
FNDA:253,_ZN6OctreeIiP10IContainer17ContainerPositionIiEE7getMaxXERS3_
FNDA:279,_ZN6OctreeIiP10IContainer17ContainerPositionIiEE7getMinYERS3_
FNDA:279,_ZN6OctreeIiP10IContainer17ContainerPositionIiEE7getMaxYERS3_
FNDA:240,_ZN6OctreeIiP10IContainer17ContainerPositionIiEE7getMinZERS3_
FNDA:226,_ZN6OctreeIiP10IContainer17ContainerPositionIiEE7getMaxZERS3_
FNDA:46,_ZN6OctreeIiP10IContainer17ContainerPositionIiEE7getMinXERKS3_
FNDA:27,_ZN6OctreeIiP10IContainer17ContainerPositionIiEE7getMaxXERKS3_
FNDA:27,_ZN6OctreeIiP10IContainer17ContainerPositionIiEE7getMinYERKS3_
FNDA:27,_ZN6OctreeIiP10IContainer17ContainerPositionIiEE7getMaxYERKS3_
FNDA:6,_ZN6OctreeIiP10IContainer17ContainerPositionIiEE7getMinZERKS3_
FNDA:21,_ZN6OctreeIiP10IContainer17ContainerPositionIiEE7getMaxZERKS3_
FNDA:36,_ZN6OctreeIiP10IContainer17ContainerPositionIiEE16pointincontainerER5PointIiERS3_
FNDA:552,_ZN6OctreeIiP10IContainer17ContainerPositionIiEE14searchUnderOctEPNS4_4NodeERSt6vectorISt4pairIS3_S1_ESaIS9_EE
FNDA:0,_ZN6OctreeIiP10IContainer17ContainerPositionIiEE5findIENSt7__cxx1112basic_stringIcSt11char_traitsIcESaIcEEEPNS4_4NodeEPSt4pairIS3_S1_E
FNDA:2465,_ZN6OctreeIiP10IContainer17ContainerPositionIiEE11searchDepthEPNS4_4NodeERSt6vectorISt4pairIS3_S1_ESaIS9_EE
FNDA:233,_ZN6OctreeIiP10IContainer17ContainerPositionIiEE12SearchInsertES1_S3_PNS4_4NodeEPS6_RSt6vectorISt4pairIS3_S1_ESaISA_EERb
FNDA:100,_ZN6OctreeIiP10IContainer17ContainerPositionIiEE7searchRENSt7__cxx1112basic_stringIcSt11char_traitsIcESaIcEEEPNS4_4NodeEPSC_
FNDA:0,_ZN6OctreeIiP10IContainer17ContainerPositionIiEE7removeRENSt7__cxx1112basic_stringIcSt11char_traitsIcESaIcEEEPNS4_4NodeERb
FNDA:95,_ZNK6OctreeIiP10IContainer17ContainerPositionIiEE13ContainEntityES3_S3_
FNDA:102,_ZN11BoundingBoxIiEC2ERK5PointIiES4_
FNDA:40,_ZNK6OctreeIiP10IContainer17ContainerPositionIiEE14checkCollisionES1_S3_St6vectorISt4pairIS3_S1_ESaIS7_EE
FNDA:797,_ZNK11BoundingBoxIiE8containsER5PointIiE
FNDA:18,_ZNK6OctreeIiP10IContainer17ContainerPositionIiEE6numberB5cxx11ERK5PointIiE
FNDA:105,_ZN6OctreeIiP10IContainer17ContainerPositionIiEE4NodeC2ER11BoundingBoxIiEi
FNDA:0,_ZN6OctreeIiP10IContainer17ContainerPositionIiEE4NodeD2Ev
FNDA:193,_ZNK6OctreeIiP10IContainer17ContainerPositionIiEE4Node6isLeafEv
FNF:43
FNH:31
DA:55,102
DA:57,797
DA:58,797
DA:80,105
DA:81,0
DA:82,0
DA:83,0
DA:85,0
DA:86,0
DA:88,0
DA:90,193
DA:91,193
DA:114,0
DA:115,0
DA:116,0
DA:118,0
DA:120,0
DA:121,0
DA:125,0
DA:126,0
DA:127,0
DA:128,0
DA:129,0
DA:130,0
DA:131,0
DA:134,0
DA:138,0
DA:139,0
DA:147,9
DA:148,9
DA:149,9
DA:151,9
DA:154,0
DA:155,0
DA:156,0
DA:164,0
DA:165,0
DA:168,0
DA:169,0
DA:173,35
DA:174,35
DA:175,0
DA:177,35
DA:178,35
DA:179,12
DA:181,35
DA:185,12
DA:186,12
DA:187,12
DA:189,12
DA:190,12
DA:191,12
DA:193,12
DA:194,12
DA:195,12
DA:196,12
DA:197,12
DA:200,12
DA:201,12
DA:202,12
DA:203,12
DA:204,12
DA:207,12
DA:208,12
DA:209,12
DA:210,12
DA:211,12
DA:214,12
DA:215,12
DA:216,12
DA:217,12
DA:218,12
DA:221,12
DA:222,12
DA:223,12
DA:224,12
DA:225,12
DA:228,12
DA:229,12
DA:230,12
DA:231,12
DA:232,12
DA:235,12
DA:236,12
DA:237,12
DA:238,12
DA:239,12
DA:242,12
DA:243,12
DA:244,12
DA:245,12
DA:246,12
DA:249,27
DA:250,25
DA:251,40
DA:252,30
DA:253,30
DA:254,30
DA:255,30
DA:256,30
DA:257,55
DA:258,15
DA:259,15
DA:260,15
DA:261,15
DA:265,12
DA:268,3
DA:269,3
DA:270,3
DA:275,0
DA:276,0
DA:277,0
DA:278,0
DA:279,0
DA:281,0
DA:282,0
DA:286,4
DA:287,4
DA:288,4
DA:289,4
DA:293,0
DA:294,0
DA:295,0
DA:296,0
DA:300,25
DA:301,25
DA:302,25
DA:303,25
DA:304,0
DA:307,41
DA:308,41
DA:309,41
DA:310,41
DA:311,41
DA:312,41
DA:313,41
DA:321,253
DA:323,253
DA:327,253
DA:329,253
DA:333,279
DA:335,279
DA:339,279
DA:341,279
DA:345,240
DA:347,240
DA:351,226
DA:353,226
DA:357,46
DA:359,46
DA:362,27
DA:364,27
DA:368,27
DA:370,27
DA:374,27
DA:376,27
DA:381,6
DA:383,6
DA:387,21
DA:389,21
DA:393,36
DA:396,36
DA:397,36
DA:398,36
DA:399,36
DA:400,36
DA:401,36
DA:402,36
DA:409,552
DA:410,552
DA:411,488
DA:413,64
DA:414,25
DA:416,576
DA:417,512
DA:422,0
DA:423,0
DA:424,0
DA:426,0
DA:427,0
DA:428,0
DA:429,0
DA:430,0
DA:434,0
DA:435,0
DA:436,0
DA:442,2465
DA:443,2465
DA:444,2160
DA:446,305
DA:447,43
DA:449,2745
DA:450,2440
DA:455,233
DA:456,233
DA:457,0
DA:459,298
DA:460,64
DA:461,61
DA:462,298
DA:463,172
DA:465,61
DA:466,26
DA:468,61
DA:469,216
DA:470,192
DA:473,61
DA:475,40
DA:477,40
DA:478,39
DA:479,39
DA:481,1
DA:482,1
DA:484,21
DA:485,19
DA:487,2
DA:491,100
DA:492,100
DA:493,0
DA:495,100
DA:496,27
DA:497,18
DA:498,3
DA:499,3
DA:503,97
DA:504,108
DA:505,96
DA:511,0
DA:512,0
DA:513,0
DA:515,0
DA:516,0
DA:518,0
DA:519,0
DA:520,0
DA:521,0
DA:522,0
DA:523,0
DA:524,0
DA:528,0
DA:529,0
DA:530,0
DA:537,95
DA:539,95
DA:540,95
DA:541,95
DA:542,95
DA:543,95
DA:544,95
DA:547,95
DA:548,95
DA:549,95
DA:550,95
DA:551,95
DA:552,95
DA:555,61
DA:556,199
DA:557,138
DA:561,40
DA:562,134
DA:563,95
DA:564,1
DA:567,39
DA:582,18
DA:583,18
LF:265
LH:195
end_of_record
TN:
SF:/mnt/c/л3/Lab3OOP/Octree/Point.hpp
FN:17,17,_ZN5PointIiEC2Eiii
FN:18,18,_ZN5PointIiEC2Ev
FN:9,11,_ZNK5PointIiEeqERKS0_
FNDA:219,_ZN5PointIiEC2Eiii
FNDA:352,_ZN5PointIiEC2Ev
FNDA:153,_ZNK5PointIiEeqERKS0_
FNF:3
FNH:3
DA:9,153
DA:10,153
DA:17,219
DA:18,352
LF:4
LH:4
end_of_record
TN:
SF:/mnt/c/л3/Lab3OOP/Storage/Storage.cpp
FN:105,117,_ZN7Storage7getSizeEiii
FN:122,164,_ZN7Storage26calculateContainerPositionEiiiiii
FN:13,24,_ZN7Storage14calculateDepthEv
FN:14,21,_ZZN7Storage14calculateDepthEvENKUliE_clEi
FN:167,190,_ZN7Storage20searchUnderContainerER17ContainerPositionIiE
FN:193,216,_ZN7Storage20searchUpperContainerER17ContainerPositionIiE
FN:220,228,_ZN7Storage13calculatemassESt6vectorISt4pairI17ContainerPositionIiEP10IContainerESaIS6_EEm
FN:231,256,_ZN7Storage12checkSupportER17ContainerPositionIiESt6vectorISt4pairIS1_P10IContainerESaIS7_EE
FN:258,270,_ZN7Storage12addContainerEP10IContaineriii
FN:27,29,_ZN7Storage24addExternalCheckFunctionERKSt8functionIFvRS_P10IContainer17ContainerPositionIiEEE
FN:275,279,_ZNK7Storage19getInfoAboutStorageB5cxx11Ev
FN:283,304,_ZN7Storage7isNoTopERK17ContainerPositionIiE
FN:308,338,_ZN7Storage13moveContainerENSt7__cxx1112basic_stringIcSt11char_traitsIcESaIcEEEiii
FN:32,44,_ZN7Storage5checkEv
FN:342,382,_ZN7Storage15rotateContainerENSt7__cxx1112basic_stringIcSt11char_traitsIcESaIcEEEi
FN:385,434,_ZN7Storage10multitreadEP10IContaineriii
FN:436,453,_ZN7Storage13addContainerREP10IContainerii
FN:455,470,_ZN7Storage12addContainerB5cxx11EP10IContainer
FN:47,61,_ZN7StorageC2Eiiiid
FN:473,502,_ZN7Storage15removeContainerENSt7__cxx1112basic_stringIcSt11char_traitsIcESaIcEEE
FN:505,519,_ZNK7Storage7getInfoB5cxx11Ev
FN:522,543,_ZN7Storage9howContaiEP10IContainerRSt6vectorImSaImEEm
FN:546,556,_ZN7Storage12howContainerEP10IContainer
FN:55,57,_ZZN7StorageC4EiiiidENKUlRS_P10IContainer17ContainerPositionIiEE_clES0_S2_S4_
FN:555,555,_ZZN7Storage12howContainerEP10IContainerENKUliiE_clEii
FN:559,569,_ZNK7Storage17getListContainersB5cxx11Ev
FN:572,579,_ZN7Storage16checkTemperatureERS_P10IContainer17ContainerPositionIiE
FN:58,60,_ZZN7StorageC4EiiiidENKUlRS_P10IContainer17ContainerPositionIiEE0_clES0_S2_S4_
FN:582,598,_ZN7Storage13checkPressureERS_P10IContainer17ContainerPositionIiE
FN:64,66,_ZN7Storage15comparePositionERSt4pairI17ContainerPositionIiEP10IContainerES6_
FN:69,71,_ZN7Storage22comparePositionReverseERSt4pairI17ContainerPositionIiEP10IContainerES6_
FN:74,90,_ZN7StorageaSERKS_
FN:93,102,_ZN7StorageC2ERKS_
FNDA:2,_ZN7Storage7getSizeEiii
FNDA:41,_ZN7Storage26calculateContainerPositionEiiiiii
FNDA:6,_ZN7Storage14calculateDepthEv
FNDA:18,_ZZN7Storage14calculateDepthEvENKUliE_clEi
FNDA:14,_ZN7Storage20searchUnderContainerER17ContainerPositionIiE
FNDA:0,_ZN7Storage20searchUpperContainerER17ContainerPositionIiE
FNDA:11,_ZN7Storage13calculatemassESt6vectorISt4pairI17ContainerPositionIiEP10IContainerESaIS6_EEm
FNDA:13,_ZN7Storage12checkSupportER17ContainerPositionIiESt6vectorISt4pairIS1_P10IContainerESaIS7_EE
FNDA:40,_ZN7Storage12addContainerEP10IContaineriii
FNDA:0,_ZN7Storage24addExternalCheckFunctionERKSt8functionIFvRS_P10IContainer17ContainerPositionIiEEE
FNDA:4,_ZNK7Storage19getInfoAboutStorageB5cxx11Ev
FNDA:3,_ZN7Storage7isNoTopERK17ContainerPositionIiE
FNDA:5,_ZN7Storage13moveContainerENSt7__cxx1112basic_stringIcSt11char_traitsIcESaIcEEEiii
FNDA:0,_ZN7Storage5checkEv
FNDA:0,_ZN7Storage15rotateContainerENSt7__cxx1112basic_stringIcSt11char_traitsIcESaIcEEEi
FNDA:2,_ZN7Storage10multitreadEP10IContaineriii
FNDA:6,_ZN7Storage13addContainerREP10IContainerii
FNDA:1,_ZN7Storage12addContainerB5cxx11EP10IContainer
FNDA:6,_ZN7StorageC2Eiiiid
FNDA:0,_ZN7Storage15removeContainerENSt7__cxx1112basic_stringIcSt11char_traitsIcESaIcEEE
FNDA:4,_ZNK7Storage7getInfoB5cxx11Ev
FNDA:0,_ZN7Storage9howContaiEP10IContainerRSt6vectorImSaImEEm
FNDA:0,_ZN7Storage12howContainerEP10IContainer
FNDA:31,_ZZN7StorageC4EiiiidENKUlRS_P10IContainer17ContainerPositionIiEE_clES0_S2_S4_
FNDA:0,_ZZN7Storage12howContainerEP10IContainerENKUliiE_clEii
FNDA:0,_ZNK7Storage17getListContainersB5cxx11Ev
FNDA:31,_ZN7Storage16checkTemperatureERS_P10IContainer17ContainerPositionIiE
FNDA:30,_ZZN7StorageC4EiiiidENKUlRS_P10IContainer17ContainerPositionIiEE0_clES0_S2_S4_
FNDA:30,_ZN7Storage13checkPressureERS_P10IContainer17ContainerPositionIiE
FNDA:36,_ZN7Storage15comparePositionERSt4pairI17ContainerPositionIiEP10IContainerES6_
FNDA:0,_ZN7Storage22comparePositionReverseERSt4pairI17ContainerPositionIiEP10IContainerES6_
FNDA:1,_ZN7StorageaSERKS_
FNDA:2,_ZN7StorageC2ERKS_
FNF:33
FNH:23
DA:13,6
DA:14,18
DA:15,18
DA:16,52
DA:17,34
DA:18,34
DA:20,18
DA:22,6
DA:27,0
DA:28,0
DA:29,0
DA:32,0
DA:33,0
DA:34,0
DA:35,0
DA:36,0
DA:38,0
DA:39,0
DA:40,0
DA:43,0
DA:44,0
DA:47,6
DA:48,6
DA:49,6
DA:50,6
DA:51,6
DA:52,6
DA:53,6
DA:54,6
DA:55,6
DA:56,31
DA:57,30
DA:58,6
DA:59,30
DA:60,26
DA:61,6
DA:64,36
DA:65,36
DA:69,0
DA:70,0
DA:74,1
DA:75,1
DA:76,1
DA:77,1
DA:78,1
DA:79,1
DA:80,1
DA:81,1
DA:82,1
DA:83,1
DA:84,6
DA:85,5
DA:87,1
DA:88,1
DA:89,1
DA:93,2
DA:94,2
DA:95,2
DA:96,2
DA:97,2
DA:98,8
DA:99,6
DA:101,2
DA:102,2
DA:105,2
DA:106,2
DA:107,1
DA:109,1
DA:110,1
DA:111,1
DA:112,6
DA:113,5
DA:115,1
DA:116,1
DA:117,1
DA:122,41
DA:123,41
DA:125,41
DA:126,41
DA:127,41
DA:130,41
DA:131,41
DA:132,41
DA:135,41
DA:136,41
DA:137,41
DA:140,41
DA:141,41
DA:142,41
DA:145,41
DA:146,41
DA:147,41
DA:150,41
DA:151,41
DA:152,41
DA:155,41
DA:156,41
DA:157,41
DA:160,41
DA:161,41
DA:162,41
DA:163,41
DA:167,14
DA:168,14
DA:169,14
DA:170,14
DA:171,14
DA:172,14
DA:173,14
DA:174,14
DA:175,14
DA:176,14
DA:177,14
DA:178,46
DA:179,32
DA:181,50
DA:182,68
DA:183,18
DA:184,18
DA:185,18
DA:188,14
DA:189,28
DA:190,14
DA:193,0
DA:194,0
DA:195,0
DA:196,0
DA:197,0
DA:198,0
DA:199,0
DA:200,0
DA:201,0
DA:202,0
DA:203,0
DA:204,0
DA:205,0
DA:207,0
DA:208,0
DA:209,0
DA:210,0
DA:211,0
DA:214,0
DA:215,0
DA:216,0
DA:220,11
DA:221,11
DA:222,16
DA:223,5
DA:224,5
DA:227,11
DA:231,13
DA:232,13
DA:233,13
DA:234,13
DA:235,13
DA:236,13
DA:238,14
DA:239,13
DA:240,12
DA:242,13
DA:243,1
DA:245,12
DA:246,11
DA:248,12
DA:249,11
DA:251,12
DA:252,11
DA:255,1
DA:258,40
DA:259,40
DA:260,1
DA:262,39
DA:263,39
DA:264,39
DA:265,2
DA:267,37
DA:268,32
DA:269,32
DA:270,32
DA:275,4
DA:276,8
DA:277,12
DA:278,4
DA:283,3
DA:284,3
DA:285,3
DA:286,3
DA:287,3
DA:288,3
DA:289,3
DA:290,3
DA:291,3
DA:292,3
DA:294,13
DA:295,11
DA:296,17
DA:297,23
DA:298,6
DA:299,1
DA:303,2
DA:304,3
DA:308,5
DA:309,5
DA:310,1
DA:312,4
DA:313,4
DA:314,1
DA:316,3
DA:317,7
DA:318,7
DA:319,3
DA:320,3
DA:321,3
DA:322,3
DA:325,3
DA:326,1
DA:327,1
DA:328,1
DA:331,2
DA:332,1
DA:333,1
DA:334,1
DA:335,1
DA:336,1
DA:337,1
DA:338,1
DA:342,0
DA:343,0
DA:344,0
DA:345,0
DA:347,0
DA:348,0
DA:349,0
DA:350,0
DA:351,0
DA:352,0
DA:353,0
DA:356,0
DA:357,0
DA:358,0
DA:359,0
DA:360,0
DA:362,0
DA:363,0
DA:364,0
DA:365,0
DA:366,0
DA:368,0
DA:369,0
DA:370,0
DA:371,0
DA:373,0
DA:374,0
DA:375,0
DA:376,0
DA:377,0
DA:378,0
DA:379,0
DA:380,0
DA:381,0
DA:382,0
DA:385,2
DA:386,2
DA:387,2
DA:388,0
DA:390,2
DA:391,2
DA:392,2
DA:393,2
DA:394,2
DA:395,0
DA:397,2
DA:398,2
DA:399,0
DA:401,0
DA:403,2
DA:404,0
DA:405,0
DA:406,0
DA:408,0
DA:409,0
DA:410,0
DA:412,0
DA:413,0
DA:414,0
DA:415,0
DA:416,0
DA:419,0
DA:420,0
DA:422,0
DA:423,2
DA:424,2
DA:425,1
DA:426,1
DA:427,1
DA:428,1
DA:430,1
DA:431,1
DA:432,1
DA:434,2
DA:436,6
DA:437,6
DA:438,6
DA:439,6
DA:440,7
DA:442,7
DA:443,5
DA:445,2
DA:446,1
DA:447,1
DA:448,1
DA:452,0
DA:453,6
DA:455,1
DA:456,1
DA:457,7
DA:458,6
DA:459,6
DA:461,7
DA:462,6
DA:464,1
DA:465,0
DA:467,1
DA:468,1
DA:470,1
DA:473,0
DA:474,0
DA:475,0
DA:476,0
DA:477,0
DA:479,0
DA:480,0
DA:481,0
DA:483,0
DA:484,0
DA:485,0
DA:486,0
DA:489,0
DA:490,0
DA:491,0
DA:492,0
DA:493,0
DA:494,0
DA:495,0
DA:496,0
DA:497,0
DA:499,0
DA:500,0
DA:502,0
DA:505,4
DA:506,4
DA:507,4
DA:508,4
DA:509,0
DA:511,24
DA:512,20
DA:513,40
DA:514,80
DA:515,60
DA:518,4
DA:519,4
DA:522,0
DA:523,0
DA:524,0
DA:525,0
DA:529,0
DA:530,0
DA:531,0
DA:532,0
DA:534,0
DA:535,0
DA:537,0
DA:538,0
DA:539,0
DA:540,0
DA:541,0
DA:543,0
DA:546,0
DA:547,0
DA:548,0
DA:549,0
DA:550,0
DA:552,0
DA:553,0
DA:555,0
DA:556,0
DA:559,0
DA:560,0
DA:561,0
DA:562,0
DA:563,0
DA:565,0
DA:566,0
DA:568,0
DA:569,0
DA:572,31
DA:573,31
DA:574,32
DA:575,1
DA:577,1
DA:579,30
DA:582,30
DA:583,30
DA:584,14
DA:585,14
DA:586,1
DA:588,13
DA:589,2
DA:591,26
DA:592,16
DA:593,16
DA:594,1
DA:597,14
DA:598,26
LF:414
LH:264
end_of_record
TN:
SF:/mnt/c/л3/Lab3OOP/Storage/Storage.hpp
FN:40,43,_ZN7StorageD2Ev
FNDA:0,_ZN7StorageD2Ev
FNF:1
FNH:0
DA:40,0
DA:41,0
DA:42,0
DA:43,0
LF:4
LH:0
end_of_record
TN:
SF:/usr/include/c++/13/atomic
FN:103,104,_ZNSt6atomicIbE5storeEbSt12memory_order
FN:111,112,_ZNKSt6atomicIbE4loadESt12memory_order
FN:76,76,_ZNSt6atomicIbEC2Eb
FNDA:2,_ZNSt6atomicIbE5storeEbSt12memory_order
FNDA:11,_ZNKSt6atomicIbE4loadESt12memory_order
FNDA:8,_ZNSt6atomicIbEC2Eb
FNF:3
FNH:3
DA:76,8
DA:103,2
DA:104,2
DA:111,11
DA:112,22
LF:5
LH:5
end_of_record
TN:
SF:/usr/include/c++/13/bit
FN:195,237,_ZSt13__countl_zeroImEiT_
FN:365,369,_ZSt11__bit_widthImEiT_
FNDA:17,_ZSt13__countl_zeroImEiT_
FNDA:17,_ZSt11__bit_widthImEiT_
FNF:2
FNH:2
DA:195,17
DA:198,17
DA:200,17
DA:201,0
DA:203,17
DA:204,17
DA:205,17
DA:214,17
DA:215,17
DA:365,17
DA:367,17
DA:368,17
LF:12
LH:11
end_of_record
TN:
SF:/usr/include/c++/13/bits/alloc_traits.h
FNF:0
FNH:0
DA:482,230
DA:517,18
DA:540,149
DA:542,149
DA:560,54
DA:562,54
DA:576,422
DA:588,67
DA:948,126
DA:949,126
LF:10
LH:10
end_of_record
TN:
SF:/usr/include/c++/13/bits/allocator.h
FNF:0
FNH:0
DA:163,183
DA:168,266
DA:178,0
DA:184,203
DA:191,230
DA:193,0
DA:194,0
DA:195,0
DA:198,230
DA:205,18
DA:207,0
DA:208,0
DA:210,18
LF:13
LH:7
end_of_record
TN:
SF:/usr/include/c++/13/bits/atomic_base.h
FN:107,110,_ZStanSt12memory_orderSt23__memory_order_modifier
FN:362,362,_ZNSt13__atomic_baseIbEC2Eb
FNDA:13,_ZStanSt12memory_orderSt23__memory_order_modifier
FNDA:8,_ZNSt13__atomic_baseIbEC2Eb
FNF:2
FNH:2
DA:107,13
DA:109,13
DA:362,8
DA:476,2
DA:477,2
DA:478,2
DA:479,2
DA:481,2
DA:482,2
DA:501,11
DA:502,11
DA:503,11
DA:505,11
LF:13
LH:13
end_of_record
TN:
SF:/usr/include/c++/13/bits/basic_string.h
FN:1071,1072,_ZNKSt7__cxx1112basic_stringIcSt11char_traitsIcESaIcEE4sizeEv
FN:1078,1079,_ZNKSt7__cxx1112basic_stringIcSt11char_traitsIcESaIcEE6lengthEv
FN:1084,1085,_ZNKSt7__cxx1112basic_stringIcSt11char_traitsIcESaIcEE8max_sizeEv
FN:1169,1173,_ZNKSt7__cxx1112basic_stringIcSt11char_traitsIcESaIcEE8capacityEv
FN:124,137,_ZNSt7__cxx1112basic_stringIcSt11char_traitsIcESaIcEE11_S_allocateERS3_m
FN:1254,1262,_ZNSt7__cxx1112basic_stringIcSt11char_traitsIcESaIcEEixEm
FN:1366,1367,_ZNSt7__cxx1112basic_stringIcSt11char_traitsIcESaIcEEpLERKS4_
FN:1424,1425,_ZNSt7__cxx1112basic_stringIcSt11char_traitsIcESaIcEE6appendERKS4_
FN:1455,1460,_ZNSt7__cxx1112basic_stringIcSt11char_traitsIcESaIcEE6appendEPKcm
FN:1469,1475,_ZNSt7__cxx1112basic_stringIcSt11char_traitsIcESaIcEE6appendEPKc
FN:188,189,_ZNSt7__cxx1112basic_stringIcSt11char_traitsIcESaIcEE12_Alloc_hiderC2EPcRKS3_
FN:1894,1896,_ZNSt7__cxx1112basic_stringIcSt11char_traitsIcESaIcEE6insertEmRKS4_
FN:192,193,_ZNSt7__cxx1112basic_stringIcSt11char_traitsIcESaIcEE12_Alloc_hiderC1EPcOS3_
FN:1962,1967,_ZNSt7__cxx1112basic_stringIcSt11char_traitsIcESaIcEE6insertEmPKc
FN:212,213,_ZNSt7__cxx1112basic_stringIcSt11char_traitsIcESaIcEE7_M_dataEPc
FN:217,218,_ZNSt7__cxx1112basic_stringIcSt11char_traitsIcESaIcEE9_M_lengthEm
FN:2204,2210,_ZNSt7__cxx1112basic_stringIcSt11char_traitsIcESaIcEE7replaceEmmPKcm
FN:222,223,_ZNKSt7__cxx1112basic_stringIcSt11char_traitsIcESaIcEE7_M_dataEv
FN:227,234,_ZNSt7__cxx1112basic_stringIcSt11char_traitsIcESaIcEE13_M_local_dataEv
FN:238,245,_ZNKSt7__cxx1112basic_stringIcSt11char_traitsIcESaIcEE13_M_local_dataEv
FN:249,250,_ZNSt7__cxx1112basic_stringIcSt11char_traitsIcESaIcEE11_M_capacityEm
FN:254,258,_ZNSt7__cxx1112basic_stringIcSt11char_traitsIcESaIcEE13_M_set_lengthEm
FN:2595,2596,_ZNKSt7__cxx1112basic_stringIcSt11char_traitsIcESaIcEE5c_strEv
FN:2608,2609,_ZNKSt7__cxx1112basic_stringIcSt11char_traitsIcESaIcEE4dataEv
FN:262,271,_ZNKSt7__cxx1112basic_stringIcSt11char_traitsIcESaIcEE11_M_is_localEv
FN:2629,2630,_ZNKSt7__cxx1112basic_stringIcSt11char_traitsIcESaIcEE13get_allocatorEv
FN:280,284,_ZNSt7__cxx1112basic_stringIcSt11char_traitsIcESaIcEE10_M_disposeEv
FN:288,289,_ZNSt7__cxx1112basic_stringIcSt11char_traitsIcESaIcEE10_M_destroyEm
FN:336,337,_ZNSt7__cxx1112basic_stringIcSt11char_traitsIcESaIcEE16_M_get_allocatorEv
FN:341,342,_ZNKSt7__cxx1112basic_stringIcSt11char_traitsIcESaIcEE16_M_get_allocatorEv
FN:3528,3541,_ZSt12__str_concatINSt7__cxx1112basic_stringIcSt11char_traitsIcESaIcEEEET_PKNS6_10value_typeENS6_9size_typeES9_SA_RKNS6_14allocator_typeE
FN:3571,3579,_ZStplIcSt11char_traitsIcESaIcEENSt7__cxx1112basic_stringIT_T0_T1_EEPKS5_RKS8_
FN:3651,3669,_ZStplIcSt11char_traitsIcESaIcEENSt7__cxx1112basic_stringIT_T0_T1_EEOS8_S9_
FN:3674,3676,_ZStplIcSt11char_traitsIcESaIcEENSt7__cxx1112basic_stringIT_T0_T1_EEPKS5_OS8_
FN:3688,3690,_ZStplIcSt11char_traitsIcESaIcEENSt7__cxx1112basic_stringIT_T0_T1_EEOS8_PKS5_
FN:3710,3716,_ZSteqIcSt11char_traitsIcESaIcEEbRKNSt7__cxx1112basic_stringIT_T0_T1_EESA_
FN:3727,3732,_ZSteqIcSt11char_traitsIcESaIcEEbRKNSt7__cxx1112basic_stringIT_T0_T1_EEPKS5_
FN:386,393,_ZNKSt7__cxx1112basic_stringIcSt11char_traitsIcESaIcEE8_M_checkEmPKc
FN:397,401,_ZNKSt7__cxx1112basic_stringIcSt11char_traitsIcESaIcEE15_M_check_lengthEmmPKc
FN:407,411,_ZNKSt7__cxx1112basic_stringIcSt11char_traitsIcESaIcEE8_M_limitEmm
FN:415,419,_ZNKSt7__cxx1112basic_stringIcSt11char_traitsIcESaIcEE11_M_disjunctEPKc
FN:4162,4173,_ZNSt7__cxx119to_stringEi
FN:425,431,_ZNSt7__cxx1112basic_stringIcSt11char_traitsIcESaIcEE7_S_copyEPcPKcm
FN:4251,4257,_ZNSt7__cxx119to_stringEd
FN:435,441,_ZNSt7__cxx1112basic_stringIcSt11char_traitsIcESaIcEE7_S_moveEPcPKcm
FN:445,451,_ZNSt7__cxx1112basic_stringIcSt11char_traitsIcESaIcEE9_S_assignEPcmc
FN:477,478,_ZNSt7__cxx1112basic_stringIcSt11char_traitsIcESaIcEE13_S_copy_charsEPcS5_S5_
FN:482,484,_ZNSt7__cxx1112basic_stringIcSt11char_traitsIcESaIcEE13_S_copy_charsEPcPKcS7_
FN:522,528,_ZNSt7__cxx1112basic_stringIcSt11char_traitsIcESaIcEEC1Ev
FN:535,540,_ZNSt7__cxx1112basic_stringIcSt11char_traitsIcESaIcEEC2ERKS3_
FN:547,553,_ZNSt7__cxx1112basic_stringIcSt11char_traitsIcESaIcEEC2ERKS4_
FN:641,650,_ZNSt7__cxx1112basic_stringIcSt11char_traitsIcESaIcEEC2IS3_EEPKcRKS3_
FN:664,666,_ZNSt7__cxx1112basic_stringIcSt11char_traitsIcESaIcEEC2IS3_EEmcRKS3_
FN:677,698,_ZNSt7__cxx1112basic_stringIcSt11char_traitsIcESaIcEEC2EOS4_
FN:760,770,_ZNSt7__cxx1112basic_stringIcSt11char_traitsIcESaIcEEC2IPcvEET_S7_RKS3_
FN:803,804,_ZNSt7__cxx1112basic_stringIcSt11char_traitsIcESaIcEED2Ev
FNDA:0,_ZNKSt7__cxx1112basic_stringIcSt11char_traitsIcESaIcEE4sizeEv
FNDA:0,_ZNKSt7__cxx1112basic_stringIcSt11char_traitsIcESaIcEE6lengthEv
FNDA:0,_ZNKSt7__cxx1112basic_stringIcSt11char_traitsIcESaIcEE8max_sizeEv
FNDA:0,_ZNKSt7__cxx1112basic_stringIcSt11char_traitsIcESaIcEE8capacityEv
FNDA:0,_ZNSt7__cxx1112basic_stringIcSt11char_traitsIcESaIcEE11_S_allocateERS3_m
FNDA:0,_ZNSt7__cxx1112basic_stringIcSt11char_traitsIcESaIcEEixEm
FNDA:0,_ZNSt7__cxx1112basic_stringIcSt11char_traitsIcESaIcEEpLERKS4_
FNDA:0,_ZNSt7__cxx1112basic_stringIcSt11char_traitsIcESaIcEE6appendERKS4_
FNDA:0,_ZNSt7__cxx1112basic_stringIcSt11char_traitsIcESaIcEE6appendEPKcm
FNDA:0,_ZNSt7__cxx1112basic_stringIcSt11char_traitsIcESaIcEE6appendEPKc
FNDA:0,_ZNSt7__cxx1112basic_stringIcSt11char_traitsIcESaIcEE12_Alloc_hiderC2EPcRKS3_
FNDA:0,_ZNSt7__cxx1112basic_stringIcSt11char_traitsIcESaIcEE6insertEmRKS4_
FNDA:0,_ZNSt7__cxx1112basic_stringIcSt11char_traitsIcESaIcEE12_Alloc_hiderC1EPcOS3_
FNDA:4,_ZNSt7__cxx1112basic_stringIcSt11char_traitsIcESaIcEE6insertEmPKc
FNDA:0,_ZNSt7__cxx1112basic_stringIcSt11char_traitsIcESaIcEE7_M_dataEPc
FNDA:0,_ZNSt7__cxx1112basic_stringIcSt11char_traitsIcESaIcEE9_M_lengthEm
FNDA:0,_ZNSt7__cxx1112basic_stringIcSt11char_traitsIcESaIcEE7replaceEmmPKcm
FNDA:0,_ZNKSt7__cxx1112basic_stringIcSt11char_traitsIcESaIcEE7_M_dataEv
FNDA:0,_ZNSt7__cxx1112basic_stringIcSt11char_traitsIcESaIcEE13_M_local_dataEv
FNDA:0,_ZNKSt7__cxx1112basic_stringIcSt11char_traitsIcESaIcEE13_M_local_dataEv
FNDA:0,_ZNSt7__cxx1112basic_stringIcSt11char_traitsIcESaIcEE11_M_capacityEm
FNDA:0,_ZNSt7__cxx1112basic_stringIcSt11char_traitsIcESaIcEE13_M_set_lengthEm
FNDA:0,_ZNKSt7__cxx1112basic_stringIcSt11char_traitsIcESaIcEE5c_strEv
FNDA:0,_ZNKSt7__cxx1112basic_stringIcSt11char_traitsIcESaIcEE4dataEv
FNDA:0,_ZNKSt7__cxx1112basic_stringIcSt11char_traitsIcESaIcEE11_M_is_localEv
FNDA:0,_ZNKSt7__cxx1112basic_stringIcSt11char_traitsIcESaIcEE13get_allocatorEv
FNDA:0,_ZNSt7__cxx1112basic_stringIcSt11char_traitsIcESaIcEE10_M_disposeEv
FNDA:0,_ZNSt7__cxx1112basic_stringIcSt11char_traitsIcESaIcEE10_M_destroyEm
FNDA:0,_ZNSt7__cxx1112basic_stringIcSt11char_traitsIcESaIcEE16_M_get_allocatorEv
FNDA:0,_ZNKSt7__cxx1112basic_stringIcSt11char_traitsIcESaIcEE16_M_get_allocatorEv
FNDA:0,_ZSt12__str_concatINSt7__cxx1112basic_stringIcSt11char_traitsIcESaIcEEEET_PKNS6_10value_typeENS6_9size_typeES9_SA_RKNS6_14allocator_typeE
FNDA:0,_ZStplIcSt11char_traitsIcESaIcEENSt7__cxx1112basic_stringIT_T0_T1_EEPKS5_RKS8_
FNDA:0,_ZStplIcSt11char_traitsIcESaIcEENSt7__cxx1112basic_stringIT_T0_T1_EEOS8_S9_
FNDA:4,_ZStplIcSt11char_traitsIcESaIcEENSt7__cxx1112basic_stringIT_T0_T1_EEPKS5_OS8_
FNDA:0,_ZStplIcSt11char_traitsIcESaIcEENSt7__cxx1112basic_stringIT_T0_T1_EEOS8_PKS5_
FNDA:0,_ZSteqIcSt11char_traitsIcESaIcEEbRKNSt7__cxx1112basic_stringIT_T0_T1_EESA_
FNDA:0,_ZSteqIcSt11char_traitsIcESaIcEEbRKNSt7__cxx1112basic_stringIT_T0_T1_EEPKS5_
FNDA:0,_ZNKSt7__cxx1112basic_stringIcSt11char_traitsIcESaIcEE8_M_checkEmPKc
FNDA:0,_ZNKSt7__cxx1112basic_stringIcSt11char_traitsIcESaIcEE15_M_check_lengthEmmPKc
FNDA:0,_ZNKSt7__cxx1112basic_stringIcSt11char_traitsIcESaIcEE8_M_limitEmm
FNDA:0,_ZNKSt7__cxx1112basic_stringIcSt11char_traitsIcESaIcEE11_M_disjunctEPKc
FNDA:0,_ZNSt7__cxx119to_stringEi
FNDA:0,_ZNSt7__cxx1112basic_stringIcSt11char_traitsIcESaIcEE7_S_copyEPcPKcm
FNDA:4,_ZNSt7__cxx119to_stringEd
FNDA:0,_ZNSt7__cxx1112basic_stringIcSt11char_traitsIcESaIcEE7_S_moveEPcPKcm
FNDA:0,_ZNSt7__cxx1112basic_stringIcSt11char_traitsIcESaIcEE9_S_assignEPcmc
FNDA:0,_ZNSt7__cxx1112basic_stringIcSt11char_traitsIcESaIcEE13_S_copy_charsEPcS5_S5_
FNDA:0,_ZNSt7__cxx1112basic_stringIcSt11char_traitsIcESaIcEE13_S_copy_charsEPcPKcS7_
FNDA:0,_ZNSt7__cxx1112basic_stringIcSt11char_traitsIcESaIcEEC1Ev
FNDA:0,_ZNSt7__cxx1112basic_stringIcSt11char_traitsIcESaIcEEC2ERKS3_
FNDA:0,_ZNSt7__cxx1112basic_stringIcSt11char_traitsIcESaIcEEC2ERKS4_
FNDA:0,_ZNSt7__cxx1112basic_stringIcSt11char_traitsIcESaIcEEC2IS3_EEPKcRKS3_
FNDA:0,_ZNSt7__cxx1112basic_stringIcSt11char_traitsIcESaIcEEC2IS3_EEmcRKS3_
FNDA:0,_ZNSt7__cxx1112basic_stringIcSt11char_traitsIcESaIcEEC2EOS4_
FNDA:4,_ZNSt7__cxx1112basic_stringIcSt11char_traitsIcESaIcEEC2IPcvEET_S7_RKS3_
FNDA:0,_ZNSt7__cxx1112basic_stringIcSt11char_traitsIcESaIcEED2Ev
FNF:56
FNH:4
DA:124,0
DA:126,0
DA:136,0
DA:188,0
DA:189,0
DA:192,0
DA:193,0
DA:212,0
DA:213,0
DA:217,0
DA:218,0
DA:222,0
DA:223,0
DA:227,0
DA:230,0
DA:238,0
DA:241,0
DA:249,0
DA:250,0
DA:254,0
DA:256,0
DA:257,0
DA:258,0
DA:262,0
DA:264,0
DA:266,0
DA:267,0
DA:268,0
DA:270,0
DA:280,0
DA:282,0
DA:283,0
DA:284,0
DA:288,0
DA:289,0
DA:336,0
DA:337,0
DA:341,0
DA:342,0
DA:351,0
DA:352,0
DA:353,0
DA:355,0
DA:365,0
DA:386,0
DA:388,0
DA:389,0
DA:392,0
DA:397,0
DA:399,0
DA:400,0
DA:401,0
DA:407,0
DA:409,0
DA:410,0
DA:415,0
DA:417,0
DA:418,0
DA:425,0
DA:427,0
DA:428,0
DA:430,0
DA:431,0
DA:435,0
DA:437,0
DA:438,0
DA:440,0
DA:441,0
DA:445,0
DA:447,0
DA:448,0
DA:450,0
DA:451,0
DA:477,0
DA:478,0
DA:482,0
DA:484,0
DA:522,0
DA:524,0
DA:527,0
DA:528,0
DA:535,0
DA:536,0
DA:539,0
DA:540,0
DA:547,0
DA:548,0
DA:549,0
DA:551,0
DA:553,0
DA:641,0
DA:642,0
DA:645,0
DA:646,0
DA:648,0
DA:649,0
DA:650,0
DA:664,0
DA:665,0
DA:666,0
DA:677,0
DA:678,0
DA:680,0
DA:683,0
DA:684,0
DA:688,0
DA:689,0
DA:695,0
DA:696,0
DA:697,0
DA:698,0
DA:760,4
DA:762,4
DA:765,4
DA:770,4
DA:803,0
DA:804,0
DA:1071,0
DA:1072,0
DA:1078,0
DA:1079,0
DA:1084,0
DA:1085,0
DA:1169,0
DA:1171,0
DA:1172,0
DA:1254,0
DA:1258,0
DA:1261,0
DA:1366,0
DA:1367,0
DA:1424,0
DA:1425,0
DA:1455,0
DA:1458,0
DA:1459,0
DA:1469,0
DA:1472,0
DA:1473,0
DA:1474,0
DA:1894,0
DA:1895,0
DA:1896,0
DA:1962,4
DA:1965,4
DA:1966,4
DA:2204,0
DA:2208,0
DA:2209,0
DA:2595,0
DA:2596,0
DA:2608,0
DA:2609,0
DA:2629,0
DA:2630,0
DA:3528,0
DA:3536,0
DA:3537,0
DA:3538,0
DA:3539,0
DA:3540,0
DA:3541,0
DA:3571,0
DA:3578,0
DA:3651,0
DA:3656,0
DA:3658,0
DA:3661,0
DA:3664,0
DA:3665,0
DA:3666,0
DA:3668,0
DA:3674,4
DA:3676,4
DA:3688,0
DA:3690,0
DA:3710,0
DA:3714,0
DA:3715,0
DA:3727,0
DA:3730,0
DA:3731,0
DA:4162,0
DA:4167,0
DA:4168,0
DA:4169,0
DA:4170,0
DA:4171,0
DA:4172,0
DA:4251,4
DA:4253,4
DA:4256,4
LF:192
LH:12
end_of_record
TN:
SF:/usr/include/c++/13/bits/basic_string.tcc
FN:138,160,_ZNSt7__cxx1112basic_stringIcSt11char_traitsIcESaIcEE9_M_createERmm
FN:221,252,_ZNSt7__cxx1112basic_stringIcSt11char_traitsIcESaIcEE12_M_constructIPKcEEvT_S8_St20forward_iterator_tag
FN:221,252,_ZNSt7__cxx1112basic_stringIcSt11char_traitsIcESaIcEE12_M_constructIPcEEvT_S7_St20forward_iterator_tag
FN:239,239,_ZZNSt7__cxx1112basic_stringIcSt11char_traitsIcESaIcEE12_M_constructIPKcEEvT_S8_St20forward_iterator_tagEN6_GuardC2EPS4_
FN:239,239,_ZZNSt7__cxx1112basic_stringIcSt11char_traitsIcESaIcEE12_M_constructIPcEEvT_S7_St20forward_iterator_tagEN6_GuardC2EPS4_
FN:242,242,_ZZNSt7__cxx1112basic_stringIcSt11char_traitsIcESaIcEE12_M_constructIPKcEEvT_S8_St20forward_iterator_tagEN6_GuardD2Ev
FN:242,242,_ZZNSt7__cxx1112basic_stringIcSt11char_traitsIcESaIcEE12_M_constructIPcEEvT_S7_St20forward_iterator_tagEN6_GuardD2Ev
FN:257,272,_ZNSt7__cxx1112basic_stringIcSt11char_traitsIcESaIcEE12_M_constructEmc
FN:304,320,_ZNSt7__cxx1112basic_stringIcSt11char_traitsIcESaIcEE7reserveEm
FN:325,345,_ZNSt7__cxx1112basic_stringIcSt11char_traitsIcESaIcEE9_M_mutateEmmPKcm
FN:413,428,_ZNSt7__cxx1112basic_stringIcSt11char_traitsIcESaIcEE9_M_appendEPKcm
FN:511,552,_ZNSt7__cxx1112basic_stringIcSt11char_traitsIcESaIcEE10_M_replaceEmmPKcm
FNDA:0,_ZNSt7__cxx1112basic_stringIcSt11char_traitsIcESaIcEE9_M_createERmm
FNDA:0,_ZNSt7__cxx1112basic_stringIcSt11char_traitsIcESaIcEE12_M_constructIPKcEEvT_S8_St20forward_iterator_tag
FNDA:0,_ZNSt7__cxx1112basic_stringIcSt11char_traitsIcESaIcEE12_M_constructIPcEEvT_S7_St20forward_iterator_tag
FNDA:0,_ZZNSt7__cxx1112basic_stringIcSt11char_traitsIcESaIcEE12_M_constructIPKcEEvT_S8_St20forward_iterator_tagEN6_GuardC2EPS4_
FNDA:0,_ZZNSt7__cxx1112basic_stringIcSt11char_traitsIcESaIcEE12_M_constructIPcEEvT_S7_St20forward_iterator_tagEN6_GuardC2EPS4_
FNDA:0,_ZZNSt7__cxx1112basic_stringIcSt11char_traitsIcESaIcEE12_M_constructIPKcEEvT_S8_St20forward_iterator_tagEN6_GuardD2Ev
FNDA:0,_ZZNSt7__cxx1112basic_stringIcSt11char_traitsIcESaIcEE12_M_constructIPcEEvT_S7_St20forward_iterator_tagEN6_GuardD2Ev
FNDA:0,_ZNSt7__cxx1112basic_stringIcSt11char_traitsIcESaIcEE12_M_constructEmc
FNDA:91,_ZNSt7__cxx1112basic_stringIcSt11char_traitsIcESaIcEE7reserveEm
FNDA:0,_ZNSt7__cxx1112basic_stringIcSt11char_traitsIcESaIcEE9_M_mutateEmmPKcm
FNDA:0,_ZNSt7__cxx1112basic_stringIcSt11char_traitsIcESaIcEE9_M_appendEPKcm
FNDA:0,_ZNSt7__cxx1112basic_stringIcSt11char_traitsIcESaIcEE10_M_replaceEmmPKcm
FNF:12
FNH:1
DA:138,0
DA:143,0
DA:144,0
DA:149,0
DA:151,0
DA:153,0
DA:154,0
DA:159,0
DA:221,0
DA:225,0
DA:227,0
DA:229,0
DA:230,0
DA:239,0
DA:242,0
DA:245,0
DA:247,0
DA:249,0
DA:251,0
DA:252,0
DA:257,0
DA:260,0
DA:262,0
DA:263,0
DA:268,0
DA:269,0
DA:271,0
DA:272,0
DA:304,91
DA:307,91
DA:312,91
DA:313,22
DA:315,69
DA:316,69
DA:317,69
DA:318,69
DA:319,69
DA:325,0
DA:329,0
DA:331,0
DA:332,0
DA:334,0
DA:335,0
DA:336,0
DA:337,0
DA:338,0
DA:339,0
DA:340,0
DA:342,0
DA:343,0
DA:344,0
DA:345,0
DA:413,0
DA:416,0
DA:418,0
DA:420,0
DA:421,0
DA:424,0
DA:426,0
DA:427,0
DA:511,0
DA:515,0
DA:517,0
DA:518,0
DA:520,0
DA:522,0
DA:524,0
DA:526,0
DA:528,0
DA:529,0
DA:530,0
DA:531,0
DA:532,0
DA:533,0
DA:537,0
DA:539,0
DA:540,0
DA:541,0
DA:542,0
DA:545,0
DA:548,0
DA:550,0
DA:551,0
LF:83
LH:9
end_of_record
TN:
SF:/usr/include/c++/13/bits/char_traits.h
FN:136,137,_ZN9__gnu_cxx11char_traitsIcE2eqERKcS3_
FN:199,206,_ZN9__gnu_cxx11char_traitsIcE6lengthEPKc
FN:222,248,_ZN9__gnu_cxx11char_traitsIcE4moveEPcPKcm
FN:253,268,_ZN9__gnu_cxx11char_traitsIcE4copyEPcPKcm
FN:273,300,_ZN9__gnu_cxx11char_traitsIcE6assignEPcmc
FN:351,359,_ZNSt11char_traitsIcE6assignERcRKc
FN:366,371,_ZNSt11char_traitsIcE2ltERKcS2_
FN:374,390,_ZNSt11char_traitsIcE7compareEPKcS2_m
FN:393,400,_ZNSt11char_traitsIcE6lengthEPKc
FN:415,424,_ZNSt11char_traitsIcE4moveEPcPKcm
FN:427,436,_ZNSt11char_traitsIcE4copyEPcPKcm
FN:439,448,_ZNSt11char_traitsIcE6assignEPcmc
FNDA:0,_ZN9__gnu_cxx11char_traitsIcE2eqERKcS3_
FNDA:0,_ZN9__gnu_cxx11char_traitsIcE6lengthEPKc
FNDA:0,_ZN9__gnu_cxx11char_traitsIcE4moveEPcPKcm
FNDA:0,_ZN9__gnu_cxx11char_traitsIcE4copyEPcPKcm
FNDA:0,_ZN9__gnu_cxx11char_traitsIcE6assignEPcmc
FNDA:0,_ZNSt11char_traitsIcE6assignERcRKc
FNDA:0,_ZNSt11char_traitsIcE2ltERKcS2_
FNDA:0,_ZNSt11char_traitsIcE7compareEPKcS2_m
FNDA:0,_ZNSt11char_traitsIcE6lengthEPKc
FNDA:0,_ZNSt11char_traitsIcE4moveEPcPKcm
FNDA:0,_ZNSt11char_traitsIcE4copyEPcPKcm
FNDA:0,_ZNSt11char_traitsIcE6assignEPcmc
FNF:12
FNH:0
DA:136,0
DA:137,0
DA:199,0
DA:202,0
DA:203,0
DA:204,0
DA:205,0
DA:222,0
DA:225,0
DA:226,0
DA:228,0
DA:242,0
DA:243,0
DA:246,0
DA:247,0
DA:253,0
DA:256,0
DA:257,0
DA:259,0
DA:261,0
DA:262,0
DA:263,0
DA:266,0
DA:267,0
DA:273,0
DA:277,0
DA:279,0
DA:280,0
DA:281,0
DA:287,0
DA:290,0
DA:291,0
DA:299,0
DA:351,0
DA:354,0
DA:355,0
DA:358,0
DA:359,0
DA:366,0
DA:369,0
DA:370,0
DA:374,0
DA:376,0
DA:377,0
DA:379,0
DA:381,0
DA:382,0
DA:383,0
DA:384,0
DA:385,0
DA:386,0
DA:389,0
DA:393,0
DA:396,0
DA:397,0
DA:399,0
DA:415,0
DA:417,0
DA:418,0
DA:420,0
DA:421,0
DA:423,0
DA:427,0
DA:429,0
DA:430,0
DA:432,0
DA:433,0
DA:435,0
DA:439,0
DA:441,0
DA:442,0
DA:444,0
DA:445,0
DA:447,0
LF:74
LH:0
end_of_record
TN:
SF:/usr/include/c++/13/bits/charconv.h
FN:55,74,_ZNSt8__detail14__to_chars_lenIjEEjT_i
FN:81,110,_ZNSt8__detail18__to_chars_10_implIjEEvPcjT_
FNDA:0,_ZNSt8__detail14__to_chars_lenIjEEjT_i
FNDA:0,_ZNSt8__detail18__to_chars_10_implIjEEvPcjT_
FNF:2
FNH:0
DA:55,0
DA:61,0
DA:62,0
DA:63,0
DA:64,0
DA:67,0
DA:68,0
DA:69,0
DA:70,0
DA:71,0
DA:72,0
DA:81,0
DA:87,0
DA:93,0
DA:94,0
DA:96,0
DA:97,0
DA:98,0
DA:99,0
DA:100,0
DA:102,0
DA:104,0
DA:105,0
DA:106,0
DA:109,0
DA:110,0
LF:26
LH:0
end_of_record
TN:
SF:/usr/include/c++/13/bits/cpp_type_traits.h
FN:607,608,_ZSt12__miter_baseIN9__gnu_cxx17__normal_iteratorIPSt4pairI17ContainerPositionIiEP10IContainerESt6vectorIS7_SaIS7_EEEEET_SD_
FN:607,608,_ZSt12__miter_baseIPPPN6OctreeIiP10IContainer17ContainerPositionIiEE4NodeEET_SA_
FN:607,608,_ZSt12__miter_baseIPSt4pairI17ContainerPositionIiEP10IContainerEET_S7_
FNDA:2,_ZSt12__miter_baseIN9__gnu_cxx17__normal_iteratorIPSt4pairI17ContainerPositionIiEP10IContainerESt6vectorIS7_SaIS7_EEEEET_SD_
FNDA:0,_ZSt12__miter_baseIPPPN6OctreeIiP10IContainer17ContainerPositionIiEE4NodeEET_SA_
FNDA:0,_ZSt12__miter_baseIPSt4pairI17ContainerPositionIiEP10IContainerEET_S7_
FNF:3
FNH:1
DA:607,2
DA:608,2
LF:2
LH:2
end_of_record
TN:
SF:/usr/include/c++/13/bits/deque.tcc
FN:1201,1224,_ZSt11__equal_ditIPN6OctreeIiP10IContainer17ContainerPositionIiEE4NodeERKS7_PS8_St15_Deque_iteratorIS7_S9_SA_EEbRKSB_IT_T0_T1_ESI_T2_
FN:1237,1240,_ZSt12__equal_aux1IPN6OctreeIiP10IContainer17ContainerPositionIiEE4NodeERKS7_PS8_S7_S9_SA_EbSt15_Deque_iteratorIT_T0_T1_ESF_SB_IT2_T3_T4_E
FN:1245,1265,_ZSt12__equal_aux1IPPN6OctreeIiP10IContainer17ContainerPositionIiEE4NodeES7_RKS7_PS9_EN9__gnu_cxx11__enable_ifIXsrSt23__is_random_access_iterIT_NSt15iterator_traitsISF_E17iterator_categoryEE7__valueEbE6__typeESF_SF_St15_Deque_iteratorIT0_T1_T2_E
FN:484,516,_ZNSt5dequeIPN6OctreeIiP10IContainer17ContainerPositionIiEE4NodeESaIS7_EE16_M_push_back_auxIJRKS7_EEEvDpOT_
FN:560,568,_ZNSt5dequeIPN6OctreeIiP10IContainer17ContainerPositionIiEE4NodeESaIS7_EE15_M_pop_back_auxEv
FN:931,973,_ZNSt5dequeIPN6OctreeIiP10IContainer17ContainerPositionIiEE4NodeESaIS7_EE17_M_reallocate_mapEmb
FNDA:0,_ZSt11__equal_ditIPN6OctreeIiP10IContainer17ContainerPositionIiEE4NodeERKS7_PS8_St15_Deque_iteratorIS7_S9_SA_EEbRKSB_IT_T0_T1_ESI_T2_
FNDA:0,_ZSt12__equal_aux1IPN6OctreeIiP10IContainer17ContainerPositionIiEE4NodeERKS7_PS8_S7_S9_SA_EbSt15_Deque_iteratorIT_T0_T1_ESF_SB_IT2_T3_T4_E
FNDA:0,_ZSt12__equal_aux1IPPN6OctreeIiP10IContainer17ContainerPositionIiEE4NodeES7_RKS7_PS9_EN9__gnu_cxx11__enable_ifIXsrSt23__is_random_access_iterIT_NSt15iterator_traitsISF_E17iterator_categoryEE7__valueEbE6__typeESF_SF_St15_Deque_iteratorIT0_T1_T2_E
FNDA:0,_ZNSt5dequeIPN6OctreeIiP10IContainer17ContainerPositionIiEE4NodeESaIS7_EE16_M_push_back_auxIJRKS7_EEEvDpOT_
FNDA:0,_ZNSt5dequeIPN6OctreeIiP10IContainer17ContainerPositionIiEE4NodeESaIS7_EE15_M_pop_back_auxEv
FNDA:0,_ZNSt5dequeIPN6OctreeIiP10IContainer17ContainerPositionIiEE4NodeESaIS7_EE17_M_reallocate_mapEmb
FNF:6
FNH:0
DA:484,0
DA:492,0
DA:493,0
DA:496,0
DA:497,0
DA:501,0
DA:507,0
DA:509,0
DA:516,0
DA:560,0
DA:563,0
DA:564,0
DA:565,0
DA:566,0
DA:568,0
DA:931,0
DA:934,0
DA:935,0
DA:936,0
DA:939,0
DA:941,0
DA:942,0
DA:943,0
DA:944,0
DA:945,0
DA:946,0
DA:949,0
DA:950,0
DA:951,0
DA:955,0
DA:956,0
DA:959,0
DA:960,0
DA:961,0
DA:962,0
DA:963,0
DA:965,0
DA:967,0
DA:968,0
DA:971,0
DA:972,0
DA:973,0
DA:1201,0
DA:1207,0
DA:1209,0
DA:1210,0
DA:1212,0
DA:1213,0
DA:1214,0
DA:1215,0
DA:1216,0
DA:1218,0
DA:1220,0
DA:1223,0
DA:1237,0
DA:1240,0
DA:1245,0
DA:1251,0
DA:1252,0
DA:1254,0
DA:1255,0
DA:1256,0
DA:1257,0
DA:1259,0
DA:1260,0
DA:1261,0
DA:1264,0
LF:67
LH:0
end_of_record
TN:
SF:/usr/include/c++/13/bits/invoke.h
FN:104,117,_ZSt10__invoke_rIvRZN7StorageC4EiiiidEUlRS0_P10IContainer17ContainerPositionIiEE0_JS1_S3_S5_EENSt9enable_ifIX16is_invocable_r_vIT_T0_DpT1_EES9_E4typeEOSA_DpOSB_
FN:104,117,_ZSt10__invoke_rIvRZN7StorageC4EiiiidEUlRS0_P10IContainer17ContainerPositionIiEE_JS1_S3_S5_EENSt9enable_ifIX16is_invocable_r_vIT_T0_DpT1_EES9_E4typeEOSA_DpOSB_
FN:60,61,_ZSt13__invoke_implIvRZN7StorageC4EiiiidEUlRS0_P10IContainer17ContainerPositionIiEE0_JS1_S3_S5_EET_St14__invoke_otherOT0_DpOT1_
FN:60,61,_ZSt13__invoke_implIvRZN7StorageC4EiiiidEUlRS0_P10IContainer17ContainerPositionIiEE_JS1_S3_S5_EET_St14__invoke_otherOT0_DpOT1_
FN:71,75,_ZSt13__invoke_implIbM7StorageFbP10IContaineriiEPS0_JS2_iiEET_St21__invoke_memfun_derefOT0_OT1_DpOT2_
FN:71,75,_ZSt13__invoke_implIvM7StorageFvP10IContainerRSt6vectorImSaImEEmEPS0_JS2_St17reference_wrapperIS5_EmEET_St21__invoke_memfun_derefOT0_OT1_DpOT2_
FN:90,98,_ZSt8__invokeIM7StorageFbP10IContaineriiEJPS0_S2_iiEENSt15__invoke_resultIT_JDpT0_EE4typeEOS7_DpOS8_
FN:90,98,_ZSt8__invokeIM7StorageFvP10IContainerRSt6vectorImSaImEEmEJPS0_S2_St17reference_wrapperIS5_EmEENSt15__invoke_resultIT_JDpT0_EE4typeEOSD_DpOSE_
FNDA:30,_ZSt10__invoke_rIvRZN7StorageC4EiiiidEUlRS0_P10IContainer17ContainerPositionIiEE0_JS1_S3_S5_EENSt9enable_ifIX16is_invocable_r_vIT_T0_DpT1_EES9_E4typeEOSA_DpOSB_
FNDA:31,_ZSt10__invoke_rIvRZN7StorageC4EiiiidEUlRS0_P10IContainer17ContainerPositionIiEE_JS1_S3_S5_EENSt9enable_ifIX16is_invocable_r_vIT_T0_DpT1_EES9_E4typeEOSA_DpOSB_
FNDA:30,_ZSt13__invoke_implIvRZN7StorageC4EiiiidEUlRS0_P10IContainer17ContainerPositionIiEE0_JS1_S3_S5_EET_St14__invoke_otherOT0_DpOT1_
FNDA:31,_ZSt13__invoke_implIvRZN7StorageC4EiiiidEUlRS0_P10IContainer17ContainerPositionIiEE_JS1_S3_S5_EET_St14__invoke_otherOT0_DpOT1_
FNDA:6,_ZSt13__invoke_implIbM7StorageFbP10IContaineriiEPS0_JS2_iiEET_St21__invoke_memfun_derefOT0_OT1_DpOT2_
FNDA:0,_ZSt13__invoke_implIvM7StorageFvP10IContainerRSt6vectorImSaImEEmEPS0_JS2_St17reference_wrapperIS5_EmEET_St21__invoke_memfun_derefOT0_OT1_DpOT2_
FNDA:6,_ZSt8__invokeIM7StorageFbP10IContaineriiEJPS0_S2_iiEENSt15__invoke_resultIT_JDpT0_EE4typeEOS7_DpOS8_
FNDA:0,_ZSt8__invokeIM7StorageFvP10IContainerRSt6vectorImSaImEEmEJPS0_S2_St17reference_wrapperIS5_EmEENSt15__invoke_resultIT_JDpT0_EE4typeEOSD_DpOSE_
FNF:8
FNH:6
DA:60,61
DA:61,61
DA:71,6
DA:74,6
DA:90,6
DA:96,6
DA:97,6
DA:104,61
DA:111,61
DA:117,56
LF:10
LH:10
end_of_record
TN:
SF:/usr/include/c++/13/bits/iterator_concepts.h
FN:145,154,_ZNKSt6ranges12__cust_imove6_IMoveclIRKPSt4pairI17ContainerPositionIiEP10IContainerEEENS1_8__resultIT_E4typeEOSD_
FNDA:90,_ZNKSt6ranges12__cust_imove6_IMoveclIRKPSt4pairI17ContainerPositionIiEP10IContainerEEENS1_8__resultIT_E4typeEOSD_
FNF:1
FNH:1
DA:145,90
DA:151,90
LF:2
LH:2
end_of_record
TN:
SF:/usr/include/c++/13/bits/move.h
FN:138,139,_ZSt9addressofIKcEPT_RS1_
FN:138,139,_ZSt9addressofIcEPT_RS0_
FN:189,200,_ZSt4swapI17ContainerPositionIiEENSt9enable_ifIXsrSt6__and_IJSt6__not_ISt15__is_tuple_likeIT_EESt21is_move_constructibleIS6_ESt18is_move_assignableIS6_EEE5valueEvE4typeERS6_SG_
FN:189,200,_ZSt4swapINSt6thread2idEENSt9enable_ifIXsrSt6__and_IJSt6__not_ISt15__is_tuple_likeIT_EESt21is_move_constructibleIS6_ESt18is_move_assignableIS6_EEE5valueEvE4typeERS6_SG_
FN:189,200,_ZSt4swapIP10IContainerENSt9enable_ifIXsrSt6__and_IJSt6__not_ISt15__is_tuple_likeIT_EESt21is_move_constructibleIS6_ESt18is_move_assignableIS6_EEE5valueEvE4typeERS6_SG_
FN:51,52,_ZSt11__addressofIKZN7StorageC4EiiiidEUlRS0_P10IContainer17ContainerPositionIiEE0_EPT_RS8_
FN:51,52,_ZSt11__addressofIKZN7StorageC4EiiiidEUlRS0_P10IContainer17ContainerPositionIiEE_EPT_RS8_
FN:51,52,_ZSt11__addressofIKcEPT_RS1_
FN:51,52,_ZSt11__addressofINSt7__cxx1112basic_stringIcSt11char_traitsIcESaIcEEEEPT_RS6_
FN:51,52,_ZSt11__addressofISt4pairI17ContainerPositionIiEP10IContainerEEPT_RS6_
FN:51,52,_ZSt11__addressofISt5mutexEPT_RS1_
FN:51,52,_ZSt11__addressofISt6threadEPT_RS1_
FN:51,52,_ZSt11__addressofISt6vectorImSaImEEEPT_RS3_
FN:51,52,_ZSt11__addressofISt8functionIFvR7StorageP10IContainer17ContainerPositionIiEEEEPT_RS9_
FN:51,52,_ZSt11__addressofIcEPT_RS0_
FN:51,52,_ZSt11__addressofImEPT_RS0_
FN:70,71,_ZSt7forwardI17ContainerPositionIiEEOT_RNSt16remove_referenceIS2_E4typeE
FN:70,71,_ZSt7forwardIDnEOT_RNSt16remove_referenceIS0_E4typeE
FN:70,71,_ZSt7forwardIM7StorageFbP10IContaineriiEEOT_RNSt16remove_referenceIS5_E4typeE
FN:70,71,_ZSt7forwardIM7StorageFvP10IContainerRSt6vectorImSaImEEmEEOT_RNSt16remove_referenceIS9_E4typeE
FN:70,71,_ZSt7forwardINSt7__cxx1112basic_stringIcSt11char_traitsIcESaIcEEEEOT_RNSt16remove_referenceIS6_E4typeE
FN:70,71,_ZSt7forwardIP10IContainerEOT_RNSt16remove_referenceIS2_E4typeE
FN:70,71,_ZSt7forwardIP7StorageEOT_RNSt16remove_referenceIS2_E4typeE
FN:70,71,_ZSt7forwardIR17ContainerPositionIiEEOT_RNSt16remove_referenceIS3_E4typeE
FN:70,71,_ZSt7forwardIR7StorageEOT_RNSt16remove_referenceIS2_E4typeE
FN:70,71,_ZSt7forwardIRKPN6OctreeIiP10IContainer17ContainerPositionIiEE4NodeEEOT_RNSt16remove_referenceISA_E4typeE
FN:70,71,_ZSt7forwardIRKSt4pairI17ContainerPositionIiEP10IContainerEEOT_RNSt16remove_referenceIS8_E4typeE
FN:70,71,_ZSt7forwardIRKSt8functionIFvR7StorageP10IContainer17ContainerPositionIiEEEEOT_RNSt16remove_referenceISB_E4typeE
FN:70,71,_ZSt7forwardIRKZN7StorageC4EiiiidEUlRS0_P10IContainer17ContainerPositionIiEE0_EOT_RNSt16remove_referenceIS9_E4typeE
FN:70,71,_ZSt7forwardIRKZN7StorageC4EiiiidEUlRS0_P10IContainer17ContainerPositionIiEE_EOT_RNSt16remove_referenceIS9_E4typeE
FN:70,71,_ZSt7forwardIRKcEOT_RNSt16remove_referenceIS2_E4typeE
FN:70,71,_ZSt7forwardIRKmEOT_RNSt16remove_referenceIS2_E4typeE
FN:70,71,_ZSt7forwardIRP10IContainerEOT_RNSt16remove_referenceIS3_E4typeE
FN:70,71,_ZSt7forwardIRSt4pairI17ContainerPositionIiEP10IContainerEEOT_RNSt16remove_referenceIS7_E4typeE
FN:70,71,_ZSt7forwardIRSt6vectorImSaImEEEOT_RNSt16remove_referenceIS4_E4typeE
FN:70,71,_ZSt7forwardIRZN7StorageC4EiiiidEUlRS0_P10IContainer17ContainerPositionIiEE0_EOT_RNSt16remove_referenceIS8_E4typeE
FN:70,71,_ZSt7forwardIRZN7StorageC4EiiiidEUlRS0_P10IContainer17ContainerPositionIiEE_EOT_RNSt16remove_referenceIS8_E4typeE
FN:70,71,_ZSt7forwardIRcEOT_RNSt16remove_referenceIS1_E4typeE
FN:70,71,_ZSt7forwardIRiEOT_RNSt16remove_referenceIS1_E4typeE
FN:70,71,_ZSt7forwardIRmEOT_RNSt16remove_referenceIS1_E4typeE
FN:70,71,_ZSt7forwardISt17reference_wrapperISt6vectorImSaImEEEEOT_RNSt16remove_referenceIS5_E4typeE
FN:70,71,_ZSt7forwardISt4pairI17ContainerPositionIiEP10IContainerEEOT_RNSt16remove_referenceIS6_E4typeE
FN:70,71,_ZSt7forwardISt6threadEOT_RNSt16remove_referenceIS1_E4typeE
FN:70,71,_ZSt7forwardISt8functionIFvR7StorageP10IContainer17ContainerPositionIiEEEEOT_RNSt16remove_referenceIS9_E4typeE
FN:70,71,_ZSt7forwardIZN7StorageC4EiiiidEUlRS0_P10IContainer17ContainerPositionIiEE0_EOT_RNSt16remove_referenceIS7_E4typeE
FN:70,71,_ZSt7forwardIZN7StorageC4EiiiidEUlRS0_P10IContainer17ContainerPositionIiEE_EOT_RNSt16remove_referenceIS7_E4typeE
FN:70,71,_ZSt7forwardIiEOT_RNSt16remove_referenceIS0_E4typeE
FN:70,71,_ZSt7forwardImEOT_RNSt16remove_referenceIS0_E4typeE
FN:97,98,_ZSt4moveIR17ContainerPositionIiEEONSt16remove_referenceIT_E4typeEOS4_
FN:97,98,_ZSt4moveIRN9__gnu_cxx5__ops15_Iter_comp_iterIPFbRSt4pairI17ContainerPositionIiEP10IContainerES9_EEEEONSt16remove_referenceIT_E4typeEOSF_
FN:97,98,_ZSt4moveIRNSt6thread2idEEONSt16remove_referenceIT_E4typeEOS4_
FN:97,98,_ZSt4moveIRNSt7__cxx1112basic_stringIcSt11char_traitsIcESaIcEEEEONSt16remove_referenceIT_E4typeEOS8_
FN:97,98,_ZSt4moveIRP10IContainerEONSt16remove_referenceIT_E4typeEOS4_
FN:97,98,_ZSt4moveIRPFbRSt4pairI17ContainerPositionIiEP10IContainerES6_EEONSt16remove_referenceIT_E4typeEOSB_
FN:97,98,_ZSt4moveIRPNSt6thread6_StateEEONSt16remove_referenceIT_E4typeEOS5_
FN:97,98,_ZSt4moveIRPSt4pairI17ContainerPositionIiEP10IContainerEEONSt16remove_referenceIT_E4typeEOS9_
FN:97,98,_ZSt4moveIRSaIcEEONSt16remove_referenceIT_E4typeEOS3_
FN:97,98,_ZSt4moveIRSt4pairI17ContainerPositionIiEP10IContainerEEONSt16remove_referenceIT_E4typeEOS8_
FN:97,98,_ZSt4moveIRSt5tupleIJM7StorageFbP10IContaineriiEPS1_S3_iiEEEONSt16remove_referenceIT_E4typeEOSA_
FN:97,98,_ZSt4moveIRSt5tupleIJM7StorageFvP10IContainerRSt6vectorImSaImEEmEPS1_S3_St17reference_wrapperIS6_EmEEEONSt16remove_referenceIT_E4typeEOSG_
FN:97,98,_ZSt4moveIRSt6threadEONSt16remove_referenceIT_E4typeEOS3_
FN:97,98,_ZSt4moveIRSt8functionIFvR7StorageP10IContainer17ContainerPositionIiEEEEONSt16remove_referenceIT_E4typeEOSB_
FN:97,98,_ZSt4moveIRmEONSt16remove_referenceIT_E4typeEOS2_
FNDA:0,_ZSt9addressofIKcEPT_RS1_
FNDA:0,_ZSt9addressofIcEPT_RS0_
FNDA:0,_ZSt4swapI17ContainerPositionIiEENSt9enable_ifIXsrSt6__and_IJSt6__not_ISt15__is_tuple_likeIT_EESt21is_move_constructibleIS6_ESt18is_move_assignableIS6_EEE5valueEvE4typeERS6_SG_
FNDA:7,_ZSt4swapINSt6thread2idEENSt9enable_ifIXsrSt6__and_IJSt6__not_ISt15__is_tuple_likeIT_EESt21is_move_constructibleIS6_ESt18is_move_assignableIS6_EEE5valueEvE4typeERS6_SG_
FNDA:0,_ZSt4swapIP10IContainerENSt9enable_ifIXsrSt6__and_IJSt6__not_ISt15__is_tuple_likeIT_EESt21is_move_constructibleIS6_ESt18is_move_assignableIS6_EEE5valueEvE4typeERS6_SG_
FNDA:39,_ZSt11__addressofIKZN7StorageC4EiiiidEUlRS0_P10IContainer17ContainerPositionIiEE0_EPT_RS8_
FNDA:40,_ZSt11__addressofIKZN7StorageC4EiiiidEUlRS0_P10IContainer17ContainerPositionIiEE_EPT_RS8_
FNDA:0,_ZSt11__addressofIKcEPT_RS1_
FNDA:0,_ZSt11__addressofINSt7__cxx1112basic_stringIcSt11char_traitsIcESaIcEEEEPT_RS6_
FNDA:0,_ZSt11__addressofISt4pairI17ContainerPositionIiEP10IContainerEEPT_RS6_
FNDA:25,_ZSt11__addressofISt5mutexEPT_RS1_
FNDA:27,_ZSt11__addressofISt6threadEPT_RS1_
FNDA:0,_ZSt11__addressofISt6vectorImSaImEEEPT_RS3_
FNDA:0,_ZSt11__addressofISt8functionIFvR7StorageP10IContainer17ContainerPositionIiEEEEPT_RS9_
FNDA:0,_ZSt11__addressofIcEPT_RS0_
FNDA:0,_ZSt11__addressofImEPT_RS0_
FNDA:268,_ZSt7forwardI17ContainerPositionIiEEOT_RNSt16remove_referenceIS2_E4typeE
FNDA:0,_ZSt7forwardIDnEOT_RNSt16remove_referenceIS0_E4typeE
FNDA:70,_ZSt7forwardIM7StorageFbP10IContaineriiEEOT_RNSt16remove_referenceIS5_E4typeE
FNDA:0,_ZSt7forwardIM7StorageFvP10IContainerRSt6vectorImSaImEEmEEOT_RNSt16remove_referenceIS9_E4typeE
FNDA:33,_ZSt7forwardINSt7__cxx1112basic_stringIcSt11char_traitsIcESaIcEEEEOT_RNSt16remove_referenceIS6_E4typeE
FNDA:286,_ZSt7forwardIP10IContainerEOT_RNSt16remove_referenceIS2_E4typeE
FNDA:82,_ZSt7forwardIP7StorageEOT_RNSt16remove_referenceIS2_E4typeE
FNDA:70,_ZSt7forwardIR17ContainerPositionIiEEOT_RNSt16remove_referenceIS3_E4typeE
FNDA:244,_ZSt7forwardIR7StorageEOT_RNSt16remove_referenceIS2_E4typeE
FNDA:0,_ZSt7forwardIRKPN6OctreeIiP10IContainer17ContainerPositionIiEE4NodeEEOT_RNSt16remove_referenceISA_E4typeE
FNDA:231,_ZSt7forwardIRKSt4pairI17ContainerPositionIiEP10IContainerEEOT_RNSt16remove_referenceIS8_E4typeE
FNDA:42,_ZSt7forwardIRKSt8functionIFvR7StorageP10IContainer17ContainerPositionIiEEEEOT_RNSt16remove_referenceISB_E4typeE
FNDA:18,_ZSt7forwardIRKZN7StorageC4EiiiidEUlRS0_P10IContainer17ContainerPositionIiEE0_EOT_RNSt16remove_referenceIS9_E4typeE
FNDA:18,_ZSt7forwardIRKZN7StorageC4EiiiidEUlRS0_P10IContainer17ContainerPositionIiEE_EOT_RNSt16remove_referenceIS9_E4typeE
FNDA:0,_ZSt7forwardIRKcEOT_RNSt16remove_referenceIS2_E4typeE
FNDA:0,_ZSt7forwardIRKmEOT_RNSt16remove_referenceIS2_E4typeE
FNDA:140,_ZSt7forwardIRP10IContainerEOT_RNSt16remove_referenceIS3_E4typeE
FNDA:178,_ZSt7forwardIRSt4pairI17ContainerPositionIiEP10IContainerEEOT_RNSt16remove_referenceIS7_E4typeE
FNDA:0,_ZSt7forwardIRSt6vectorImSaImEEEOT_RNSt16remove_referenceIS4_E4typeE
FNDA:60,_ZSt7forwardIRZN7StorageC4EiiiidEUlRS0_P10IContainer17ContainerPositionIiEE0_EOT_RNSt16remove_referenceIS8_E4typeE
FNDA:62,_ZSt7forwardIRZN7StorageC4EiiiidEUlRS0_P10IContainer17ContainerPositionIiEE_EOT_RNSt16remove_referenceIS8_E4typeE
FNDA:0,_ZSt7forwardIRcEOT_RNSt16remove_referenceIS1_E4typeE
FNDA:158,_ZSt7forwardIRiEOT_RNSt16remove_referenceIS1_E4typeE
FNDA:0,_ZSt7forwardIRmEOT_RNSt16remove_referenceIS1_E4typeE
FNDA:0,_ZSt7forwardISt17reference_wrapperISt6vectorImSaImEEEEOT_RNSt16remove_referenceIS5_E4typeE
FNDA:298,_ZSt7forwardISt4pairI17ContainerPositionIiEP10IContainerEEOT_RNSt16remove_referenceIS6_E4typeE
FNDA:14,_ZSt7forwardISt6threadEOT_RNSt16remove_referenceIS1_E4typeE
FNDA:12,_ZSt7forwardISt8functionIFvR7StorageP10IContainer17ContainerPositionIiEEEEOT_RNSt16remove_referenceIS9_E4typeE
FNDA:18,_ZSt7forwardIZN7StorageC4EiiiidEUlRS0_P10IContainer17ContainerPositionIiEE0_EOT_RNSt16remove_referenceIS7_E4typeE
FNDA:18,_ZSt7forwardIZN7StorageC4EiiiidEUlRS0_P10IContainer17ContainerPositionIiEE_EOT_RNSt16remove_referenceIS7_E4typeE
FNDA:36,_ZSt7forwardIiEOT_RNSt16remove_referenceIS0_E4typeE
FNDA:0,_ZSt7forwardImEOT_RNSt16remove_referenceIS0_E4typeE
FNDA:0,_ZSt4moveIR17ContainerPositionIiEEONSt16remove_referenceIT_E4typeEOS4_
FNDA:17,_ZSt4moveIRN9__gnu_cxx5__ops15_Iter_comp_iterIPFbRSt4pairI17ContainerPositionIiEP10IContainerES9_EEEEONSt16remove_referenceIT_E4typeEOSF_
FNDA:21,_ZSt4moveIRNSt6thread2idEEONSt16remove_referenceIT_E4typeEOS4_
FNDA:0,_ZSt4moveIRNSt7__cxx1112basic_stringIcSt11char_traitsIcESaIcEEEEONSt16remove_referenceIT_E4typeEOS8_
FNDA:0,_ZSt4moveIRP10IContainerEONSt16remove_referenceIT_E4typeEOS4_
FNDA:53,_ZSt4moveIRPFbRSt4pairI17ContainerPositionIiEP10IContainerES6_EEONSt16remove_referenceIT_E4typeEOSB_
FNDA:0,_ZSt4moveIRPNSt6thread6_StateEEONSt16remove_referenceIT_E4typeEOS5_
FNDA:376,_ZSt4moveIRPSt4pairI17ContainerPositionIiEP10IContainerEEONSt16remove_referenceIT_E4typeEOS9_
FNDA:0,_ZSt4moveIRSaIcEEONSt16remove_referenceIT_E4typeEOS3_
FNDA:114,_ZSt4moveIRSt4pairI17ContainerPositionIiEP10IContainerEEONSt16remove_referenceIT_E4typeEOS8_
FNDA:30,_ZSt4moveIRSt5tupleIJM7StorageFbP10IContaineriiEPS1_S3_iiEEEONSt16remove_referenceIT_E4typeEOSA_
FNDA:0,_ZSt4moveIRSt5tupleIJM7StorageFvP10IContainerRSt6vectorImSaImEEmEPS1_S3_St17reference_wrapperIS6_EmEEEONSt16remove_referenceIT_E4typeEOSG_
FNDA:7,_ZSt4moveIRSt6threadEONSt16remove_referenceIT_E4typeEOS3_
FNDA:6,_ZSt4moveIRSt8functionIFvR7StorageP10IContainer17ContainerPositionIiEEEEONSt16remove_referenceIT_E4typeEOSB_
FNDA:0,_ZSt4moveIRmEONSt16remove_referenceIT_E4typeEOS2_
FNF:63
FNH:35
DA:51,131
DA:52,131
DA:70,2356
DA:71,2356
DA:97,624
DA:98,624
DA:138,0
DA:139,0
DA:189,7
DA:197,7
DA:198,7
DA:199,7
DA:200,7
LF:13
LH:11
end_of_record
TN:
SF:/usr/include/c++/13/bits/new_allocator.h
FN:126,152,_ZNSt15__new_allocatorINSt7__cxx1112basic_stringIcSt11char_traitsIcESaIcEEEE8allocateEmPKv
FN:126,152,_ZNSt15__new_allocatorIPN6OctreeIiP10IContainer17ContainerPositionIiEE4NodeEE8allocateEmPKv
FN:126,152,_ZNSt15__new_allocatorIPPN6OctreeIiP10IContainer17ContainerPositionIiEE4NodeEE8allocateEmPKv
FN:126,152,_ZNSt15__new_allocatorISt4pairI17ContainerPositionIiEP10IContainerEE8allocateEmPKv
FN:126,152,_ZNSt15__new_allocatorISt6threadE8allocateEmPKv
FN:126,152,_ZNSt15__new_allocatorISt8functionIFvR7StorageP10IContainer17ContainerPositionIiEEEE8allocateEmPKv
FN:126,152,_ZNSt15__new_allocatorIcE8allocateEmPKv
FN:126,152,_ZNSt15__new_allocatorImE8allocateEmPKv
FN:156,173,_ZNSt15__new_allocatorINSt7__cxx1112basic_stringIcSt11char_traitsIcESaIcEEEE10deallocateEPS5_m
FN:156,173,_ZNSt15__new_allocatorIPN6OctreeIiP10IContainer17ContainerPositionIiEE4NodeEE10deallocateEPS7_m
FN:156,173,_ZNSt15__new_allocatorIPPN6OctreeIiP10IContainer17ContainerPositionIiEE4NodeEE10deallocateEPS8_m
FN:156,173,_ZNSt15__new_allocatorISt4pairI17ContainerPositionIiEP10IContainerEE10deallocateEPS5_m
FN:156,173,_ZNSt15__new_allocatorISt6threadE10deallocateEPS0_m
FN:156,173,_ZNSt15__new_allocatorISt8functionIFvR7StorageP10IContainer17ContainerPositionIiEEEE10deallocateEPS8_m
FN:156,173,_ZNSt15__new_allocatorIcE10deallocateEPcm
FN:156,173,_ZNSt15__new_allocatorImE10deallocateEPmm
FNDA:9,_ZNSt15__new_allocatorINSt7__cxx1112basic_stringIcSt11char_traitsIcESaIcEEEE8allocateEmPKv
FNDA:0,_ZNSt15__new_allocatorIPN6OctreeIiP10IContainer17ContainerPositionIiEE4NodeEE8allocateEmPKv
FNDA:0,_ZNSt15__new_allocatorIPPN6OctreeIiP10IContainer17ContainerPositionIiEE4NodeEE8allocateEmPKv
FNDA:202,_ZNSt15__new_allocatorISt4pairI17ContainerPositionIiEP10IContainerEE8allocateEmPKv
FNDA:4,_ZNSt15__new_allocatorISt6threadE8allocateEmPKv
FNDA:15,_ZNSt15__new_allocatorISt8functionIFvR7StorageP10IContainer17ContainerPositionIiEEEE8allocateEmPKv
FNDA:0,_ZNSt15__new_allocatorIcE8allocateEmPKv
FNDA:0,_ZNSt15__new_allocatorImE8allocateEmPKv
FNDA:14,_ZNSt15__new_allocatorINSt7__cxx1112basic_stringIcSt11char_traitsIcESaIcEEEE10deallocateEPS5_m
FNDA:0,_ZNSt15__new_allocatorIPN6OctreeIiP10IContainer17ContainerPositionIiEE4NodeEE10deallocateEPS7_m
FNDA:0,_ZNSt15__new_allocatorIPPN6OctreeIiP10IContainer17ContainerPositionIiEE4NodeEE10deallocateEPS8_m
FNDA:0,_ZNSt15__new_allocatorISt4pairI17ContainerPositionIiEP10IContainerEE10deallocateEPS5_m
FNDA:4,_ZNSt15__new_allocatorISt6threadE10deallocateEPS0_m
FNDA:0,_ZNSt15__new_allocatorISt8functionIFvR7StorageP10IContainer17ContainerPositionIiEEEE10deallocateEPS8_m
FNDA:0,_ZNSt15__new_allocatorIcE10deallocateEPcm
FNDA:0,_ZNSt15__new_allocatorImE10deallocateEPmm
FNF:16
FNH:6
DA:88,183
DA:92,266
DA:126,230
DA:134,230
DA:138,0
DA:139,0
DA:140,0
DA:151,230
DA:156,18
DA:172,18
DA:233,230
LF:11
LH:8
end_of_record
TN:
SF:/usr/include/c++/13/bits/predefined_ops.h
FN:150,152,_ZN9__gnu_cxx5__ops15_Iter_comp_iterIPFbRSt4pairI17ContainerPositionIiEP10IContainerES8_EEC2ESA_
FN:157,158,_ZN9__gnu_cxx5__ops15_Iter_comp_iterIPFbRSt4pairI17ContainerPositionIiEP10IContainerES8_EEclINS_17__normal_iteratorIPS7_St6vectorIS7_SaIS7_EEEESI_EEbT_T0_
FN:164,165,_ZN9__gnu_cxx5__ops16__iter_comp_iterIPFbRSt4pairI17ContainerPositionIiEP10IContainerES8_EEENS0_15_Iter_comp_iterIT_EESC_
FN:187,189,_ZN9__gnu_cxx5__ops14_Iter_comp_valIPFbRSt4pairI17ContainerPositionIiEP10IContainerES8_EEC2EONS0_15_Iter_comp_iterISA_EE
FN:195,196,_ZN9__gnu_cxx5__ops14_Iter_comp_valIPFbRSt4pairI17ContainerPositionIiEP10IContainerES8_EEclINS_17__normal_iteratorIPS7_St6vectorIS7_SaIS7_EEEES7_EEbT_RT0_
FN:231,233,_ZN9__gnu_cxx5__ops14_Val_comp_iterIPFbRSt4pairI17ContainerPositionIiEP10IContainerES8_EEC2EONS0_15_Iter_comp_iterISA_EE
FN:239,240,_ZN9__gnu_cxx5__ops14_Val_comp_iterIPFbRSt4pairI17ContainerPositionIiEP10IContainerES8_EEclIS7_NS_17__normal_iteratorIPS7_St6vectorIS7_SaIS7_EEEEEEbRT_T0_
FN:252,253,_ZN9__gnu_cxx5__ops15__val_comp_iterIPFbRSt4pairI17ContainerPositionIiEP10IContainerES8_EEENS0_14_Val_comp_iterIT_EENS0_15_Iter_comp_iterISC_EE
FN:262,264,_ZN9__gnu_cxx5__ops16_Iter_equals_valIKSt4pairI17ContainerPositionIiEP10IContainerEEC2ERS8_
FN:269,270,_ZN9__gnu_cxx5__ops16_Iter_equals_valIKSt4pairI17ContainerPositionIiEP10IContainerEEclINS_17__normal_iteratorIPS7_St6vectorIS7_SaIS7_EEEEEEbT_
FN:276,277,_ZN9__gnu_cxx5__ops17__iter_equals_valIKSt4pairI17ContainerPositionIiEP10IContainerEEENS0_16_Iter_equals_valIT_EERSA_
FN:44,45,_ZNK9__gnu_cxx5__ops15_Iter_less_iterclIPKiS4_EEbT_T0_
FN:50,51,_ZN9__gnu_cxx5__ops16__iter_less_iterEv
FNDA:18,_ZN9__gnu_cxx5__ops15_Iter_comp_iterIPFbRSt4pairI17ContainerPositionIiEP10IContainerES8_EEC2ESA_
FNDA:17,_ZN9__gnu_cxx5__ops15_Iter_comp_iterIPFbRSt4pairI17ContainerPositionIiEP10IContainerES8_EEclINS_17__normal_iteratorIPS7_St6vectorIS7_SaIS7_EEEESI_EEbT_T0_
FNDA:18,_ZN9__gnu_cxx5__ops16__iter_comp_iterIPFbRSt4pairI17ContainerPositionIiEP10IContainerES8_EEENS0_15_Iter_comp_iterIT_EESC_
FNDA:0,_ZN9__gnu_cxx5__ops14_Iter_comp_valIPFbRSt4pairI17ContainerPositionIiEP10IContainerES8_EEC2EONS0_15_Iter_comp_iterISA_EE
FNDA:0,_ZN9__gnu_cxx5__ops14_Iter_comp_valIPFbRSt4pairI17ContainerPositionIiEP10IContainerES8_EEclINS_17__normal_iteratorIPS7_St6vectorIS7_SaIS7_EEEES7_EEbT_RT0_
FNDA:17,_ZN9__gnu_cxx5__ops14_Val_comp_iterIPFbRSt4pairI17ContainerPositionIiEP10IContainerES8_EEC2EONS0_15_Iter_comp_iterISA_EE
FNDA:19,_ZN9__gnu_cxx5__ops14_Val_comp_iterIPFbRSt4pairI17ContainerPositionIiEP10IContainerES8_EEclIS7_NS_17__normal_iteratorIPS7_St6vectorIS7_SaIS7_EEEEEEbRT_T0_
FNDA:17,_ZN9__gnu_cxx5__ops15__val_comp_iterIPFbRSt4pairI17ContainerPositionIiEP10IContainerES8_EEENS0_14_Val_comp_iterIT_EENS0_15_Iter_comp_iterISC_EE
FNDA:18,_ZN9__gnu_cxx5__ops16_Iter_equals_valIKSt4pairI17ContainerPositionIiEP10IContainerEEC2ERS8_
FNDA:27,_ZN9__gnu_cxx5__ops16_Iter_equals_valIKSt4pairI17ContainerPositionIiEP10IContainerEEclINS_17__normal_iteratorIPS7_St6vectorIS7_SaIS7_EEEEEEbT_
FNDA:18,_ZN9__gnu_cxx5__ops17__iter_equals_valIKSt4pairI17ContainerPositionIiEP10IContainerEEENS0_16_Iter_equals_valIT_EERSA_
FNDA:11800,_ZNK9__gnu_cxx5__ops15_Iter_less_iterclIPKiS4_EEbT_T0_
FNDA:1690,_ZN9__gnu_cxx5__ops16__iter_less_iterEv
FNF:13
FNH:11
DA:44,11800
DA:45,11800
DA:50,1690
DA:51,1690
DA:150,18
DA:151,18
DA:152,18
DA:157,17
DA:158,17
DA:164,18
DA:165,18
DA:187,0
DA:188,0
DA:189,0
DA:195,0
DA:196,0
DA:231,17
DA:232,17
DA:233,17
DA:239,19
DA:240,19
DA:252,17
DA:253,17
DA:262,18
DA:263,18
DA:264,18
DA:269,27
DA:270,27
DA:276,18
DA:277,18
LF:30
LH:25
end_of_record
TN:
SF:/usr/include/c++/13/bits/ptr_traits.h
FN:141,142,_ZNSt19__ptr_traits_ptr_toIPKcS0_Lb0EE10pointer_toERS0_
FN:141,142,_ZNSt19__ptr_traits_ptr_toIPccLb0EE10pointer_toERc
FNDA:0,_ZNSt19__ptr_traits_ptr_toIPKcS0_Lb0EE10pointer_toERS0_
FNDA:0,_ZNSt19__ptr_traits_ptr_toIPccLb0EE10pointer_toERc
FNF:2
FNH:0
DA:141,0
DA:142,0
LF:2
LH:0
end_of_record
TN:
SF:/usr/include/c++/13/bits/refwrap.h
FN:313,313,_ZNSt17reference_wrapperISt6vectorImSaImEEE6_S_funERS2_
FN:330,333,_ZNSt17reference_wrapperISt6vectorImSaImEEEC2IRS2_vPS2_EEOT_
FN:341,342,_ZNKSt17reference_wrapperISt6vectorImSaImEEEcvRS2_Ev
FN:346,347,_ZNKSt17reference_wrapperISt6vectorImSaImEEE3getEv
FN:374,375,_ZSt3refISt6vectorImSaImEEESt17reference_wrapperIT_ERS4_
FNDA:0,_ZNSt17reference_wrapperISt6vectorImSaImEEE6_S_funERS2_
FNDA:0,_ZNSt17reference_wrapperISt6vectorImSaImEEEC2IRS2_vPS2_EEOT_
FNDA:0,_ZNKSt17reference_wrapperISt6vectorImSaImEEEcvRS2_Ev
FNDA:0,_ZNKSt17reference_wrapperISt6vectorImSaImEEE3getEv
FNDA:0,_ZSt3refISt6vectorImSaImEEESt17reference_wrapperIT_ERS4_
FNF:5
FNH:0
DA:313,0
DA:330,0
DA:332,0
DA:333,0
DA:341,0
DA:342,0
DA:346,0
DA:347,0
DA:374,0
DA:375,0
LF:10
LH:0
end_of_record
TN:
SF:/usr/include/c++/13/bits/std_function.h
FN:134,143,_ZNSt14_Function_base13_Base_managerIZN7StorageC4EiiiidEUlRS1_P10IContainer17ContainerPositionIiEE0_E14_M_get_pointerERKSt9_Any_data
FN:134,143,_ZNSt14_Function_base13_Base_managerIZN7StorageC4EiiiidEUlRS1_P10IContainer17ContainerPositionIiEE_E14_M_get_pointerERKSt9_Any_data
FN:150,153,_ZNSt14_Function_base13_Base_managerIZN7StorageC4EiiiidEUlRS1_P10IContainer17ContainerPositionIiEE0_E9_M_createIRKS7_EEvRSt9_Any_dataOT_St17integral_constantIbLb1EE
FN:150,153,_ZNSt14_Function_base13_Base_managerIZN7StorageC4EiiiidEUlRS1_P10IContainer17ContainerPositionIiEE0_E9_M_createIS7_EEvRSt9_Any_dataOT_St17integral_constantIbLb1EE
FN:150,153,_ZNSt14_Function_base13_Base_managerIZN7StorageC4EiiiidEUlRS1_P10IContainer17ContainerPositionIiEE_E9_M_createIRKS7_EEvRSt9_Any_dataOT_St17integral_constantIbLb1EE
FN:150,153,_ZNSt14_Function_base13_Base_managerIZN7StorageC4EiiiidEUlRS1_P10IContainer17ContainerPositionIiEE_E9_M_createIS7_EEvRSt9_Any_dataOT_St17integral_constantIbLb1EE
FN:166,169,_ZNSt14_Function_base13_Base_managerIZN7StorageC4EiiiidEUlRS1_P10IContainer17ContainerPositionIiEE0_E10_M_destroyERSt9_Any_dataSt17integral_constantIbLb1EE
FN:166,169,_ZNSt14_Function_base13_Base_managerIZN7StorageC4EiiiidEUlRS1_P10IContainer17ContainerPositionIiEE_E10_M_destroyERSt9_Any_dataSt17integral_constantIbLb1EE
FN:180,207,_ZNSt14_Function_base13_Base_managerIZN7StorageC4EiiiidEUlRS1_P10IContainer17ContainerPositionIiEE0_E10_M_managerERSt9_Any_dataRKS9_St18_Manager_operation
FN:180,207,_ZNSt14_Function_base13_Base_managerIZN7StorageC4EiiiidEUlRS1_P10IContainer17ContainerPositionIiEE_E10_M_managerERSt9_Any_dataRKS9_St18_Manager_operation
FN:211,216,_ZNSt14_Function_base13_Base_managerIZN7StorageC4EiiiidEUlRS1_P10IContainer17ContainerPositionIiEE0_E15_M_init_functorIRKS7_EEvRSt9_Any_dataOT_
FN:211,216,_ZNSt14_Function_base13_Base_managerIZN7StorageC4EiiiidEUlRS1_P10IContainer17ContainerPositionIiEE0_E15_M_init_functorIS7_EEvRSt9_Any_dataOT_
FN:211,216,_ZNSt14_Function_base13_Base_managerIZN7StorageC4EiiiidEUlRS1_P10IContainer17ContainerPositionIiEE_E15_M_init_functorIRKS7_EEvRSt9_Any_dataOT_
FN:211,216,_ZNSt14_Function_base13_Base_managerIZN7StorageC4EiiiidEUlRS1_P10IContainer17ContainerPositionIiEE_E15_M_init_functorIS7_EEvRSt9_Any_dataOT_
FN:235,236,_ZNSt14_Function_base13_Base_managerIZN7StorageC4EiiiidEUlRS1_P10IContainer17ContainerPositionIiEE0_E21_M_not_empty_functionIS7_EEbRKT_
FN:235,236,_ZNSt14_Function_base13_Base_managerIZN7StorageC4EiiiidEUlRS1_P10IContainer17ContainerPositionIiEE_E21_M_not_empty_functionIS7_EEbRKT_
FN:239,239,_ZNSt14_Function_baseC2Ev
FN:241,245,_ZNSt14_Function_baseD2Ev
FN:247,247,_ZNKSt14_Function_base8_M_emptyEv
FN:267,285,_ZNSt17_Function_handlerIFvR7StorageP10IContainer17ContainerPositionIiEEZNS0_C4EiiiidEUlS1_S3_S5_E0_E10_M_managerERSt9_Any_dataRKS9_St18_Manager_operation
FN:267,285,_ZNSt17_Function_handlerIFvR7StorageP10IContainer17ContainerPositionIiEEZNS0_C4EiiiidEUlS1_S3_S5_E_E10_M_managerERSt9_Any_dataRKS9_St18_Manager_operation
FN:288,292,_ZNSt17_Function_handlerIFvR7StorageP10IContainer17ContainerPositionIiEEZNS0_C4EiiiidEUlS1_S3_S5_E0_E9_M_invokeERKSt9_Any_dataS1_OS3_OS5_
FN:288,292,_ZNSt17_Function_handlerIFvR7StorageP10IContainer17ContainerPositionIiEEZNS0_C4EiiiidEUlS1_S3_S5_E_E9_M_invokeERKSt9_Any_dataS1_OS3_OS5_
FN:386,395,_ZNSt8functionIFvR7StorageP10IContainer17ContainerPositionIiEEEC2ERKS7_
FN:404,414,_ZNSt8functionIFvR7StorageP10IContainer17ContainerPositionIiEEEC2EOS7_
FN:435,454,_ZNSt8functionIFvR7StorageP10IContainer17ContainerPositionIiEEEC2IZNS0_C4EiiiidEUlS1_S3_S5_E0_vEEOT_
FN:435,454,_ZNSt8functionIFvR7StorageP10IContainer17ContainerPositionIiEEEC2IZNS0_C4EiiiidEUlS1_S3_S5_E_vEEOT_
FN:573,574,_ZNKSt8functionIFvR7StorageP10IContainer17ContainerPositionIiEEEcvbEv
FN:587,592,_ZNKSt8functionIFvR7StorageP10IContainer17ContainerPositionIiEEEclES1_S3_S5_
FN:85,85,_ZNSt9_Any_data9_M_accessEv
FN:86,86,_ZNKSt9_Any_data9_M_accessEv
FN:90,91,_ZNSt9_Any_data9_M_accessIPKSt9type_infoEERT_v
FN:90,91,_ZNSt9_Any_data9_M_accessIPZN7StorageC4EiiiidEUlRS1_P10IContainer17ContainerPositionIiEE0_EERT_v
FN:90,91,_ZNSt9_Any_data9_M_accessIPZN7StorageC4EiiiidEUlRS1_P10IContainer17ContainerPositionIiEE_EERT_v
FN:90,91,_ZNSt9_Any_data9_M_accessIZN7StorageC4EiiiidEUlRS1_P10IContainer17ContainerPositionIiEE0_EERT_v
FN:90,91,_ZNSt9_Any_data9_M_accessIZN7StorageC4EiiiidEUlRS1_P10IContainer17ContainerPositionIiEE_EERT_v
FN:95,96,_ZNKSt9_Any_data9_M_accessIZN7StorageC4EiiiidEUlRS1_P10IContainer17ContainerPositionIiEE0_EERKT_v
FN:95,96,_ZNKSt9_Any_data9_M_accessIZN7StorageC4EiiiidEUlRS1_P10IContainer17ContainerPositionIiEE_EERKT_v
FNDA:39,_ZNSt14_Function_base13_Base_managerIZN7StorageC4EiiiidEUlRS1_P10IContainer17ContainerPositionIiEE0_E14_M_get_pointerERKSt9_Any_data
FNDA:40,_ZNSt14_Function_base13_Base_managerIZN7StorageC4EiiiidEUlRS1_P10IContainer17ContainerPositionIiEE_E14_M_get_pointerERKSt9_Any_data
FNDA:9,_ZNSt14_Function_base13_Base_managerIZN7StorageC4EiiiidEUlRS1_P10IContainer17ContainerPositionIiEE0_E9_M_createIRKS7_EEvRSt9_Any_dataOT_St17integral_constantIbLb1EE
FNDA:6,_ZNSt14_Function_base13_Base_managerIZN7StorageC4EiiiidEUlRS1_P10IContainer17ContainerPositionIiEE0_E9_M_createIS7_EEvRSt9_Any_dataOT_St17integral_constantIbLb1EE
FNDA:9,_ZNSt14_Function_base13_Base_managerIZN7StorageC4EiiiidEUlRS1_P10IContainer17ContainerPositionIiEE_E9_M_createIRKS7_EEvRSt9_Any_dataOT_St17integral_constantIbLb1EE
FNDA:6,_ZNSt14_Function_base13_Base_managerIZN7StorageC4EiiiidEUlRS1_P10IContainer17ContainerPositionIiEE_E9_M_createIS7_EEvRSt9_Any_dataOT_St17integral_constantIbLb1EE
FNDA:15,_ZNSt14_Function_base13_Base_managerIZN7StorageC4EiiiidEUlRS1_P10IContainer17ContainerPositionIiEE0_E10_M_destroyERSt9_Any_dataSt17integral_constantIbLb1EE
FNDA:15,_ZNSt14_Function_base13_Base_managerIZN7StorageC4EiiiidEUlRS1_P10IContainer17ContainerPositionIiEE_E10_M_destroyERSt9_Any_dataSt17integral_constantIbLb1EE
FNDA:24,_ZNSt14_Function_base13_Base_managerIZN7StorageC4EiiiidEUlRS1_P10IContainer17ContainerPositionIiEE0_E10_M_managerERSt9_Any_dataRKS9_St18_Manager_operation
FNDA:24,_ZNSt14_Function_base13_Base_managerIZN7StorageC4EiiiidEUlRS1_P10IContainer17ContainerPositionIiEE_E10_M_managerERSt9_Any_dataRKS9_St18_Manager_operation
FNDA:9,_ZNSt14_Function_base13_Base_managerIZN7StorageC4EiiiidEUlRS1_P10IContainer17ContainerPositionIiEE0_E15_M_init_functorIRKS7_EEvRSt9_Any_dataOT_
FNDA:6,_ZNSt14_Function_base13_Base_managerIZN7StorageC4EiiiidEUlRS1_P10IContainer17ContainerPositionIiEE0_E15_M_init_functorIS7_EEvRSt9_Any_dataOT_
FNDA:9,_ZNSt14_Function_base13_Base_managerIZN7StorageC4EiiiidEUlRS1_P10IContainer17ContainerPositionIiEE_E15_M_init_functorIRKS7_EEvRSt9_Any_dataOT_
FNDA:6,_ZNSt14_Function_base13_Base_managerIZN7StorageC4EiiiidEUlRS1_P10IContainer17ContainerPositionIiEE_E15_M_init_functorIS7_EEvRSt9_Any_dataOT_
FNDA:6,_ZNSt14_Function_base13_Base_managerIZN7StorageC4EiiiidEUlRS1_P10IContainer17ContainerPositionIiEE0_E21_M_not_empty_functionIS7_EEbRKT_
FNDA:6,_ZNSt14_Function_base13_Base_managerIZN7StorageC4EiiiidEUlRS1_P10IContainer17ContainerPositionIiEE_E21_M_not_empty_functionIS7_EEbRKT_
FNDA:36,_ZNSt14_Function_baseC2Ev
FNDA:0,_ZNSt14_Function_baseD2Ev
FNDA:85,_ZNKSt14_Function_base8_M_emptyEv
FNDA:24,_ZNSt17_Function_handlerIFvR7StorageP10IContainer17ContainerPositionIiEEZNS0_C4EiiiidEUlS1_S3_S5_E0_E10_M_managerERSt9_Any_dataRKS9_St18_Manager_operation
FNDA:24,_ZNSt17_Function_handlerIFvR7StorageP10IContainer17ContainerPositionIiEEZNS0_C4EiiiidEUlS1_S3_S5_E_E10_M_managerERSt9_Any_dataRKS9_St18_Manager_operation
FNDA:30,_ZNSt17_Function_handlerIFvR7StorageP10IContainer17ContainerPositionIiEEZNS0_C4EiiiidEUlS1_S3_S5_E0_E9_M_invokeERKSt9_Any_dataS1_OS3_OS5_
FNDA:31,_ZNSt17_Function_handlerIFvR7StorageP10IContainer17ContainerPositionIiEEZNS0_C4EiiiidEUlS1_S3_S5_E_E9_M_invokeERKSt9_Any_dataS1_OS3_OS5_
FNDA:18,_ZNSt8functionIFvR7StorageP10IContainer17ContainerPositionIiEEEC2ERKS7_
FNDA:6,_ZNSt8functionIFvR7StorageP10IContainer17ContainerPositionIiEEEC2EOS7_
FNDA:6,_ZNSt8functionIFvR7StorageP10IContainer17ContainerPositionIiEEEC2IZNS0_C4EiiiidEUlS1_S3_S5_E0_vEEOT_
FNDA:6,_ZNSt8functionIFvR7StorageP10IContainer17ContainerPositionIiEEEC2IZNS0_C4EiiiidEUlS1_S3_S5_E_vEEOT_
FNDA:24,_ZNKSt8functionIFvR7StorageP10IContainer17ContainerPositionIiEEEcvbEv
FNDA:61,_ZNKSt8functionIFvR7StorageP10IContainer17ContainerPositionIiEEEclES1_S3_S5_
FNDA:60,_ZNSt9_Any_data9_M_accessEv
FNDA:79,_ZNKSt9_Any_data9_M_accessEv
FNDA:0,_ZNSt9_Any_data9_M_accessIPKSt9type_infoEERT_v
FNDA:0,_ZNSt9_Any_data9_M_accessIPZN7StorageC4EiiiidEUlRS1_P10IContainer17ContainerPositionIiEE0_EERT_v
FNDA:0,_ZNSt9_Any_data9_M_accessIPZN7StorageC4EiiiidEUlRS1_P10IContainer17ContainerPositionIiEE_EERT_v
FNDA:15,_ZNSt9_Any_data9_M_accessIZN7StorageC4EiiiidEUlRS1_P10IContainer17ContainerPositionIiEE0_EERT_v
FNDA:15,_ZNSt9_Any_data9_M_accessIZN7StorageC4EiiiidEUlRS1_P10IContainer17ContainerPositionIiEE_EERT_v
FNDA:39,_ZNKSt9_Any_data9_M_accessIZN7StorageC4EiiiidEUlRS1_P10IContainer17ContainerPositionIiEE0_EERKT_v
FNDA:40,_ZNKSt9_Any_data9_M_accessIZN7StorageC4EiiiidEUlRS1_P10IContainer17ContainerPositionIiEE_EERKT_v
FNF:38
FNH:34
DA:85,60
DA:86,79
DA:90,30
DA:91,30
DA:95,79
DA:96,79
DA:134,79
DA:138,79
DA:139,79
DA:150,30
DA:152,30
DA:153,30
DA:166,30
DA:168,30
DA:169,30
DA:180,48
DA:183,48
DA:185,0
DA:187,0
DA:191,0
DA:193,0
DA:194,0
DA:195,0
DA:197,18
DA:198,18
DA:199,18
DA:200,18
DA:202,30
DA:203,30
DA:204,30
DA:206,48
DA:211,30
DA:215,30
DA:216,30
DA:235,12
DA:236,12
DA:239,36
DA:241,0
DA:243,0
DA:244,0
DA:245,0
DA:247,85
DA:267,48
DA:270,48
DA:273,0
DA:274,0
DA:275,0
DA:277,0
DA:278,0
DA:279,0
DA:281,48
DA:282,48
DA:284,48
DA:288,61
DA:290,61
DA:291,56
DA:386,18
DA:387,18
DA:389,18
DA:391,18
DA:392,18
DA:393,18
DA:395,18
DA:404,6
DA:405,6
DA:407,6
DA:409,6
DA:410,6
DA:411,6
DA:412,6
DA:414,6
DA:435,12
DA:437,12
DA:447,12
DA:449,12
DA:451,12
DA:452,12
DA:454,12
DA:573,24
DA:574,24
DA:587,61
DA:589,61
DA:590,0
DA:591,61
LF:84
LH:67
end_of_record
TN:
SF:/usr/include/c++/13/bits/std_mutex.h
FN:104,104,_ZNSt5mutexC2Ev
FN:111,118,_ZNSt5mutex4lockEv
FN:129,133,_ZNSt5mutex6unlockEv
FN:67,67,_ZNSt12__mutex_baseC2Ev
FNDA:8,_ZNSt5mutexC2Ev
FNDA:21,_ZNSt5mutex4lockEv
FNDA:21,_ZNSt5mutex6unlockEv
FNDA:8,_ZNSt12__mutex_baseC2Ev
FNF:4
FNH:4
DA:67,8
DA:104,8
DA:111,21
DA:113,21
DA:116,21
DA:117,0
DA:118,21
DA:129,21
DA:132,21
DA:133,21
LF:10
LH:9
end_of_record
TN:
SF:/usr/include/c++/13/bits/std_thread.h
FN:143,148,_ZNSt6thread24_M_thread_deps_never_runEv
FN:154,167,_ZNSt6threadC2IM7StorageFbP10IContaineriiEJPS1_RS3_RiS8_EvEEOT_DpOT0_
FN:154,167,_ZNSt6threadC2IM7StorageFvP10IContainerRSt6vectorImSaImEEmEJPS1_RS3_St17reference_wrapperIS6_ERmEvEEOT_DpOT0_
FN:170,174,_ZNSt6threadD2Ev
FN:178,179,_ZNSt6threadC2EOS_
FN:192,193,_ZNSt6thread4swapERS_
FN:196,197,_ZNKSt6thread8joinableEv
FN:239,241,_ZNSt6thread11_State_implINS_8_InvokerISt5tupleIJM7StorageFbP10IContaineriiEPS3_S5_iiEEEEEC2IJS7_S8_RS5_RiSE_EEEDpOT_
FN:239,241,_ZNSt6thread11_State_implINS_8_InvokerISt5tupleIJM7StorageFvP10IContainerRSt6vectorImSaImEEmEPS3_S5_St17reference_wrapperIS8_EmEEEEEC2IJSB_SC_RS5_SE_RmEEEDpOT_
FN:244,244,_ZNSt6thread11_State_implINS_8_InvokerISt5tupleIJM7StorageFbP10IContaineriiEPS3_S5_iiEEEEE6_M_runEv
FN:244,244,_ZNSt6thread11_State_implINS_8_InvokerISt5tupleIJM7StorageFvP10IContainerRSt6vectorImSaImEEmEPS3_S5_St17reference_wrapperIS8_EmEEEEE6_M_runEv
FN:276,278,_ZNSt6thread8_InvokerISt5tupleIJM7StorageFbP10IContaineriiEPS2_S4_iiEEEC2IJS6_S7_RS4_RiSC_EEEDpOT_
FN:276,278,_ZNSt6thread8_InvokerISt5tupleIJM7StorageFvP10IContainerRSt6vectorImSaImEEmEPS2_S4_St17reference_wrapperIS7_EmEEEC2IJSA_SB_RS4_SD_RmEEEDpOT_
FN:291,292,_ZNSt6thread8_InvokerISt5tupleIJM7StorageFbP10IContaineriiEPS2_S4_iiEEE9_M_invokeIJLm0ELm1ELm2ELm3ELm4EEEEbSt12_Index_tupleIJXspT_EEE
FN:291,292,_ZNSt6thread8_InvokerISt5tupleIJM7StorageFvP10IContainerRSt6vectorImSaImEEmEPS2_S4_St17reference_wrapperIS7_EmEEE9_M_invokeIJLm0ELm1ELm2ELm3ELm4EEEEvSt12_Index_tupleIJXspT_EEE
FN:295,300,_ZNSt6thread8_InvokerISt5tupleIJM7StorageFbP10IContaineriiEPS2_S4_iiEEEclEv
FN:295,300,_ZNSt6thread8_InvokerISt5tupleIJM7StorageFvP10IContainerRSt6vectorImSaImEEmEPS2_S4_St17reference_wrapperIS7_EmEEEclEv
FN:324,331,_ZSteqNSt6thread2idES0_
FN:97,97,_ZNSt6thread2idC2Ev
FNDA:0,_ZNSt6thread24_M_thread_deps_never_runEv
FNDA:6,_ZNSt6threadC2IM7StorageFbP10IContaineriiEJPS1_RS3_RiS8_EvEEOT_DpOT0_
FNDA:0,_ZNSt6threadC2IM7StorageFvP10IContainerRSt6vectorImSaImEEmEJPS1_RS3_St17reference_wrapperIS6_ERmEvEEOT_DpOT0_
FNDA:13,_ZNSt6threadD2Ev
FNDA:7,_ZNSt6threadC2EOS_
FNDA:7,_ZNSt6thread4swapERS_
FNDA:13,_ZNKSt6thread8joinableEv
FNDA:6,_ZNSt6thread11_State_implINS_8_InvokerISt5tupleIJM7StorageFbP10IContaineriiEPS3_S5_iiEEEEEC2IJS7_S8_RS5_RiSE_EEEDpOT_
FNDA:0,_ZNSt6thread11_State_implINS_8_InvokerISt5tupleIJM7StorageFvP10IContainerRSt6vectorImSaImEEmEPS3_S5_St17reference_wrapperIS8_EmEEEEEC2IJSB_SC_RS5_SE_RmEEEDpOT_
FNDA:6,_ZNSt6thread11_State_implINS_8_InvokerISt5tupleIJM7StorageFbP10IContaineriiEPS3_S5_iiEEEEE6_M_runEv
FNDA:0,_ZNSt6thread11_State_implINS_8_InvokerISt5tupleIJM7StorageFvP10IContainerRSt6vectorImSaImEEmEPS3_S5_St17reference_wrapperIS8_EmEEEEE6_M_runEv
FNDA:6,_ZNSt6thread8_InvokerISt5tupleIJM7StorageFbP10IContaineriiEPS2_S4_iiEEEC2IJS6_S7_RS4_RiSC_EEEDpOT_
FNDA:0,_ZNSt6thread8_InvokerISt5tupleIJM7StorageFvP10IContainerRSt6vectorImSaImEEmEPS2_S4_St17reference_wrapperIS7_EmEEEC2IJSA_SB_RS4_SD_RmEEEDpOT_
FNDA:6,_ZNSt6thread8_InvokerISt5tupleIJM7StorageFbP10IContaineriiEPS2_S4_iiEEE9_M_invokeIJLm0ELm1ELm2ELm3ELm4EEEEbSt12_Index_tupleIJXspT_EEE
FNDA:0,_ZNSt6thread8_InvokerISt5tupleIJM7StorageFvP10IContainerRSt6vectorImSaImEEmEPS2_S4_St17reference_wrapperIS7_EmEEE9_M_invokeIJLm0ELm1ELm2ELm3ELm4EEEEvSt12_Index_tupleIJXspT_EEE
FNDA:6,_ZNSt6thread8_InvokerISt5tupleIJM7StorageFbP10IContaineriiEPS2_S4_iiEEEclEv
FNDA:0,_ZNSt6thread8_InvokerISt5tupleIJM7StorageFvP10IContainerRSt6vectorImSaImEEmEPS2_S4_St17reference_wrapperIS7_EmEEEclEv
FNDA:13,_ZSteqNSt6thread2idES0_
FNDA:26,_ZNSt6thread2idC2Ev
FNF:19
FNH:12
DA:97,26
DA:143,0
DA:148,0
DA:154,6
DA:155,6
DA:164,6
DA:167,6
DA:170,13
DA:172,13
DA:174,13
DA:178,7
DA:179,7
DA:192,7
DA:193,7
DA:196,13
DA:197,13
DA:239,6
DA:240,6
DA:241,6
DA:244,6
DA:276,6
DA:277,6
DA:278,6
DA:291,6
DA:292,6
DA:295,6
DA:299,6
DA:324,13
DA:330,13
LF:29
LH:27
end_of_record
TN:
SF:/usr/include/c++/13/bits/stl_algo.h
FN:1631,1639,_ZSt13__heap_selectIN9__gnu_cxx17__normal_iteratorIPSt4pairI17ContainerPositionIiEP10IContainerESt6vectorIS7_SaIS7_EEEENS0_5__ops15_Iter_comp_iterIPFbRS7_SF_EEEEvT_SJ_SJ_T0_
FN:1792,1806,_ZSt25__unguarded_linear_insertIN9__gnu_cxx17__normal_iteratorIPSt4pairI17ContainerPositionIiEP10IContainerESt6vectorIS7_SaIS7_EEEENS0_5__ops14_Val_comp_iterIPFbRS7_SF_EEEEvT_T0_
FN:1812,1830,_ZSt16__insertion_sortIN9__gnu_cxx17__normal_iteratorIPSt4pairI17ContainerPositionIiEP10IContainerESt6vectorIS7_SaIS7_EEEENS0_5__ops15_Iter_comp_iterIPFbRS7_SF_EEEEvT_SJ_T0_
FN:1836,1842,_ZSt26__unguarded_insertion_sortIN9__gnu_cxx17__normal_iteratorIPSt4pairI17ContainerPositionIiEP10IContainerESt6vectorIS7_SaIS7_EEEENS0_5__ops15_Iter_comp_iterIPFbRS7_SF_EEEEvT_SJ_T0_
FN:1854,1865,_ZSt22__final_insertion_sortIN9__gnu_cxx17__normal_iteratorIPSt4pairI17ContainerPositionIiEP10IContainerESt6vectorIS7_SaIS7_EEEENS0_5__ops15_Iter_comp_iterIPFbRS7_SF_EEEEvT_SJ_T0_
FN:1871,1887,_ZSt21__unguarded_partitionIN9__gnu_cxx17__normal_iteratorIPSt4pairI17ContainerPositionIiEP10IContainerESt6vectorIS7_SaIS7_EEEENS0_5__ops15_Iter_comp_iterIPFbRS7_SF_EEEET_SJ_SJ_SJ_T0_
FN:1893,1900,_ZSt27__unguarded_partition_pivotIN9__gnu_cxx17__normal_iteratorIPSt4pairI17ContainerPositionIiEP10IContainerESt6vectorIS7_SaIS7_EEEENS0_5__ops15_Iter_comp_iterIPFbRS7_SF_EEEET_SJ_SJ_T0_
FN:1905,1912,_ZSt14__partial_sortIN9__gnu_cxx17__normal_iteratorIPSt4pairI17ContainerPositionIiEP10IContainerESt6vectorIS7_SaIS7_EEEENS0_5__ops15_Iter_comp_iterIPFbRS7_SF_EEEEvT_SJ_SJ_T0_
FN:1918,1935,_ZSt16__introsort_loopIN9__gnu_cxx17__normal_iteratorIPSt4pairI17ContainerPositionIiEP10IContainerESt6vectorIS7_SaIS7_EEEElNS0_5__ops15_Iter_comp_iterIPFbRS7_SF_EEEEvT_SJ_T0_T1_
FN:1942,1952,_ZSt6__sortIN9__gnu_cxx17__normal_iteratorIPSt4pairI17ContainerPositionIiEP10IContainerESt6vectorIS7_SaIS7_EEEENS0_5__ops15_Iter_comp_iterIPFbRS7_SF_EEEEvT_SJ_T0_
FN:4882,4895,_ZSt4sortIN9__gnu_cxx17__normal_iteratorIPSt4pairI17ContainerPositionIiEP10IContainerESt6vectorIS7_SaIS7_EEEEPFbRS7_SD_EEvT_SG_T0_
FN:5644,5654,_ZSt13__min_elementIPKiN9__gnu_cxx5__ops15_Iter_less_iterEET_S5_S5_T0_
FN:5709,5718,_ZSt13__max_elementIPKiN9__gnu_cxx5__ops15_Iter_less_iterEET_S5_S5_T0_
FN:5775,5780,_ZSt3minIiET_St16initializer_listIS0_E
FN:5795,5800,_ZSt3maxIiET_St16initializer_listIS0_E
FN:836,848,_ZSt6removeIN9__gnu_cxx17__normal_iteratorIPSt4pairI17ContainerPositionIiEP10IContainerESt6vectorIS7_SaIS7_EEEES7_ET_SD_SD_RKT0_
FN:85,103,_ZSt22__move_median_to_firstIN9__gnu_cxx17__normal_iteratorIPSt4pairI17ContainerPositionIiEP10IContainerESt6vectorIS7_SaIS7_EEEENS0_5__ops15_Iter_comp_iterIPFbRS7_SF_EEEEvT_SJ_SJ_SJ_T0_
FNDA:0,_ZSt13__heap_selectIN9__gnu_cxx17__normal_iteratorIPSt4pairI17ContainerPositionIiEP10IContainerESt6vectorIS7_SaIS7_EEEENS0_5__ops15_Iter_comp_iterIPFbRS7_SF_EEEEvT_SJ_SJ_T0_
FNDA:17,_ZSt25__unguarded_linear_insertIN9__gnu_cxx17__normal_iteratorIPSt4pairI17ContainerPositionIiEP10IContainerESt6vectorIS7_SaIS7_EEEENS0_5__ops14_Val_comp_iterIPFbRS7_SF_EEEEvT_T0_
FNDA:17,_ZSt16__insertion_sortIN9__gnu_cxx17__normal_iteratorIPSt4pairI17ContainerPositionIiEP10IContainerESt6vectorIS7_SaIS7_EEEENS0_5__ops15_Iter_comp_iterIPFbRS7_SF_EEEEvT_SJ_T0_
[...]
FN:195,205,_ZNSt6vectorISt4pairI17ContainerPositionIiEP10IContainerESaIS5_EE8_M_eraseEN9__gnu_cxx17__normal_iteratorIPS5_S7_EESB_
FN:445,524,_ZNSt6vectorINSt7__cxx1112basic_stringIcSt11char_traitsIcESaIcEEESaIS5_EE17_M_realloc_insertIJS5_EEEvN9__gnu_cxx17__normal_iteratorIPS5_S7_EEDpOT_
FN:445,524,_ZNSt6vectorISt4pairI17ContainerPositionIiEP10IContainerESaIS5_EE17_M_realloc_insertIJRKS5_EEEvN9__gnu_cxx17__normal_iteratorIPS5_S7_EEDpOT_
FN:445,524,_ZNSt6vectorISt4pairI17ContainerPositionIiEP10IContainerESaIS5_EE17_M_realloc_insertIJS5_EEEvN9__gnu_cxx17__normal_iteratorIPS5_S7_EEDpOT_
FN:445,524,_ZNSt6vectorISt6threadSaIS0_EE17_M_realloc_insertIJM7StorageFbP10IContaineriiEPS4_RS6_RiSB_EEEvN9__gnu_cxx17__normal_iteratorIPS0_S2_EEDpOT_
FN:445,524,_ZNSt6vectorISt6threadSaIS0_EE17_M_realloc_insertIJM7StorageFvP10IContainerRS_ImSaImEEmEPS4_RS6_St17reference_wrapperIS8_ERmEEEvN9__gnu_cxx17__normal_iteratorIPS0_S2_EEDpOT_
FN:445,524,_ZNSt6vectorISt8functionIFvR7StorageP10IContainer17ContainerPositionIiEEESaIS8_EE17_M_realloc_insertIJRKS8_EEEvN9__gnu_cxx17__normal_iteratorIPS8_SA_EEDpOT_
FN:751,839,_ZNSt6vectorISt4pairI17ContainerPositionIiEP10IContainerESaIS5_EE15_M_range_insertIN9__gnu_cxx17__normal_iteratorIPS5_S7_EEEEvSC_T_SD_St20forward_iterator_tag
FNDA:0,_ZNSt6vectorINSt7__cxx1112basic_stringIcSt11char_traitsIcESaIcEEESaIS5_EE12emplace_backIJS5_EEERS5_DpOT_
FNDA:35,_ZNSt6vectorISt4pairI17ContainerPositionIiEP10IContainerESaIS5_EE12emplace_backIJS5_EEERS5_DpOT_
FNDA:6,_ZNSt6vectorISt6threadSaIS0_EE12emplace_backIJM7StorageFbP10IContaineriiEPS4_RS6_RiSB_EEERS0_DpOT_
FNDA:0,_ZNSt6vectorISt6threadSaIS0_EE12emplace_backIJM7StorageFvP10IContainerRS_ImSaImEEmEPS4_RS6_St17reference_wrapperIS8_ERmEEERS0_DpOT_
FNDA:18,_ZNSt6vectorISt4pairI17ContainerPositionIiEP10IContainerESaIS5_EE8_M_eraseEN9__gnu_cxx17__normal_iteratorIPS5_S7_EESB_
FNDA:9,_ZNSt6vectorINSt7__cxx1112basic_stringIcSt11char_traitsIcESaIcEEESaIS5_EE17_M_realloc_insertIJS5_EEEvN9__gnu_cxx17__normal_iteratorIPS5_S7_EEDpOT_
FNDA:33,_ZNSt6vectorISt4pairI17ContainerPositionIiEP10IContainerESaIS5_EE17_M_realloc_insertIJRKS5_EEEvN9__gnu_cxx17__normal_iteratorIPS5_S7_EEDpOT_
FNDA:27,_ZNSt6vectorISt4pairI17ContainerPositionIiEP10IContainerESaIS5_EE17_M_realloc_insertIJS5_EEEvN9__gnu_cxx17__normal_iteratorIPS5_S7_EEDpOT_
FNDA:4,_ZNSt6vectorISt6threadSaIS0_EE17_M_realloc_insertIJM7StorageFbP10IContaineriiEPS4_RS6_RiSB_EEEvN9__gnu_cxx17__normal_iteratorIPS0_S2_EEDpOT_
FNDA:0,_ZNSt6vectorISt6threadSaIS0_EE17_M_realloc_insertIJM7StorageFvP10IContainerRS_ImSaImEEmEPS4_RS6_St17reference_wrapperIS8_ERmEEEvN9__gnu_cxx17__normal_iteratorIPS0_S2_EEDpOT_
FNDA:12,_ZNSt6vectorISt8functionIFvR7StorageP10IContainer17ContainerPositionIiEEESaIS8_EE17_M_realloc_insertIJRKS8_EEEvN9__gnu_cxx17__normal_iteratorIPS8_SA_EEDpOT_
FNDA:94,_ZNSt6vectorISt4pairI17ContainerPositionIiEP10IContainerESaIS5_EE15_M_range_insertIN9__gnu_cxx17__normal_iteratorIPS5_S7_EEEEvSC_T_SD_St20forward_iterator_tag
FNF:12
FNH:9
DA:111,41
DA:114,41
DA:117,10
DA:119,10
DA:123,31
DA:125,41
DA:195,18
DA:198,18
DA:200,18
DA:201,0
DA:202,18
DA:204,18
DA:445,85
DA:455,85
DA:456,85
DA:457,85
DA:458,85
DA:459,85
DA:460,85
DA:468,85
DA:469,85
DA:475,85
DA:480,85
DA:481,85
DA:483,85
DA:485,85
DA:486,85
DA:504,0
DA:506,0
DA:507,0
DA:508,0
DA:510,0
DA:511,0
DA:512,0
DA:519,85
DA:520,85
DA:521,85
DA:522,85
DA:523,85
DA:524,85
DA:751,94
DA:755,94
DA:757,94
DA:758,94
DA:759,94
DA:761,1
DA:762,1
DA:763,1
DA:766,0
DA:769,0
DA:770,0
DA:772,0
DA:774,0
DA:778,1
DA:781,1
DA:783,1
DA:784,1
DA:786,1
DA:789,1
DA:790,1
DA:792,1
DA:800,93
DA:801,93
DA:804,93
DA:805,93
DA:806,93
DA:811,93
DA:812,93
DA:814,93
DA:816,93
DA:819,93
DA:820,93
DA:822,0
DA:825,0
DA:826,0
DA:827,0
DA:830,93
DA:832,93
DA:833,93
DA:834,93
DA:835,93
DA:836,93
DA:839,94
LF:83
LH:66
end_of_record
TN:
SF:/usr/include/c++/13/compare
FN:1214,1233,_ZNKSt8__detail10_Synth3wayclIPSt4pairI17ContainerPositionIiEP10IContainerES8_EEDaRKT_RKT0_
FN:292,293,_ZStltSt15strong_orderingNSt9__cmp_cat8__unspecE
FNDA:0,_ZNKSt8__detail10_Synth3wayclIPSt4pairI17ContainerPositionIiEP10IContainerES8_EEDaRKT_RKT0_
FNDA:0,_ZStltSt15strong_orderingNSt9__cmp_cat8__unspecE
FNF:2
FNH:0
DA:292,0
DA:293,0
DA:1214,0
DA:1223,0
LF:4
LH:0
end_of_record
TN:
SF:/usr/include/c++/13/ext/alloc_traits.h
FNF:0
FNH:0
DA:98,67
LF:1
LH:1
end_of_record
TN:
SF:/usr/include/c++/13/ext/string_conversions.h
FN:101,118,_ZN9__gnu_cxx12__to_xstringINSt7__cxx1112basic_stringIcSt11char_traitsIcESaIcEEEcEET_PFiPT0_mPKS8_P13__va_list_tagEmSB_z
FNDA:4,_ZN9__gnu_cxx12__to_xstringINSt7__cxx1112basic_stringIcSt11char_traitsIcESaIcEEEcEET_PFiPT0_mPKS8_P13__va_list_tagEmSB_z
FNF:1
FNH:1
DA:101,4
DA:107,4
DA:111,4
DA:113,4
DA:115,4
DA:117,8
LF:6
LH:6
end_of_record
TN:
SF:/usr/include/c++/13/initializer_list
FN:69,69,_ZNKSt16initializer_listIiE4sizeEv
FN:73,73,_ZNKSt16initializer_listIiE5beginEv
FN:77,77,_ZNKSt16initializer_listIiE3endEv
FNDA:1690,_ZNKSt16initializer_listIiE4sizeEv
FNDA:3380,_ZNKSt16initializer_listIiE5beginEv
FNDA:1690,_ZNKSt16initializer_listIiE3endEv
FNF:3
FNH:3
DA:69,1690
DA:73,3380
DA:77,1690
LF:3
LH:3
end_of_record
TN:
SF:/usr/include/c++/13/new
FN:174,175,_ZnwmPv
FN:180,180,_ZdlPvS_
FNDA:0,_ZnwmPv
FNDA:0,_ZdlPvS_
FNF:2
FNH:0
DA:174,0
DA:175,0
DA:180,0
LF:3
LH:0
end_of_record
TN:
SF:/usr/include/c++/13/shared_mutex
FN:163,163,_ZNSt22__shared_mutex_pthreadC2Ev
FN:415,415,_ZNSt12shared_mutexC2Ev
FNDA:8,_ZNSt22__shared_mutex_pthreadC2Ev
FNDA:8,_ZNSt12shared_mutexC2Ev
FNF:2
FNH:2
DA:163,8
DA:415,8
LF:2
LH:2
end_of_record
TN:
SF:/usr/include/c++/13/tuple
FN:125,125,_ZNSt10_Head_baseILm1ESt14default_deleteINSt6thread6_StateEELb1EE7_M_headERS4_
FN:1317,1319,_ZNSt5tupleIJPNSt6thread6_StateESt14default_deleteIS1_EEEC2ILb1ELb1EEEv
FN:1787,1788,_ZSt12__get_helperILm0EM7StorageFbP10IContaineriiEJPS0_S2_iiEERT0_RSt11_Tuple_implIXT_EJS6_DpT1_EE
FN:1787,1788,_ZSt12__get_helperILm0EM7StorageFvP10IContainerRSt6vectorImSaImEEmEJPS0_S2_St17reference_wrapperIS5_EmEERT0_RSt11_Tuple_implIXT_EJSC_DpT1_EE
FN:1787,1788,_ZSt12__get_helperILm0EPNSt6thread6_StateEJSt14default_deleteIS1_EEERT0_RSt11_Tuple_implIXT_EJS5_DpT1_EE
FN:1787,1788,_ZSt12__get_helperILm1EP7StorageJP10IContainerSt17reference_wrapperISt6vectorImSaImEEEmEERT0_RSt11_Tuple_implIXT_EJS9_DpT1_EE
FN:1787,1788,_ZSt12__get_helperILm1EP7StorageJP10IContaineriiEERT0_RSt11_Tuple_implIXT_EJS4_DpT1_EE
FN:1787,1788,_ZSt12__get_helperILm1ESt14default_deleteINSt6thread6_StateEEJEERT0_RSt11_Tuple_implIXT_EJS4_DpT1_EE
FN:1787,1788,_ZSt12__get_helperILm2EP10IContainerJSt17reference_wrapperISt6vectorImSaImEEEmEERT0_RSt11_Tuple_implIXT_EJS7_DpT1_EE
FN:1787,1788,_ZSt12__get_helperILm2EP10IContainerJiiEERT0_RSt11_Tuple_implIXT_EJS2_DpT1_EE
FN:1787,1788,_ZSt12__get_helperILm3ESt17reference_wrapperISt6vectorImSaImEEEJmEERT0_RSt11_Tuple_implIXT_EJS5_DpT1_EE
FN:1787,1788,_ZSt12__get_helperILm3EiJiEERT0_RSt11_Tuple_implIXT_EJS0_DpT1_EE
FN:1787,1788,_ZSt12__get_helperILm4EiJEERT0_RSt11_Tuple_implIXT_EJS0_DpT1_EE
FN:1787,1788,_ZSt12__get_helperILm4EmJEERT0_RSt11_Tuple_implIXT_EJS0_DpT1_EE
FN:1803,1804,_ZSt3getILm0EJPNSt6thread6_StateESt14default_deleteIS1_EEERNSt13tuple_elementIXT_ESt5tupleIJDpT0_EEE4typeERS9_
FN:1803,1804,_ZSt3getILm1EJPNSt6thread6_StateESt14default_deleteIS1_EEERNSt13tuple_elementIXT_ESt5tupleIJDpT0_EEE4typeERS9_
FN:1815,1819,_ZSt3getILm0EJM7StorageFbP10IContaineriiEPS0_S2_iiEEONSt13tuple_elementIXT_ESt5tupleIJDpT0_EEE4typeEOSA_
FN:1815,1819,_ZSt3getILm0EJM7StorageFvP10IContainerRSt6vectorImSaImEEmEPS0_S2_St17reference_wrapperIS5_EmEEONSt13tuple_elementIXT_ESt5tupleIJDpT0_EEE4typeEOSG_
FN:1815,1819,_ZSt3getILm1EJM7StorageFbP10IContaineriiEPS0_S2_iiEEONSt13tuple_elementIXT_ESt5tupleIJDpT0_EEE4typeEOSA_
FN:1815,1819,_ZSt3getILm1EJM7StorageFvP10IContainerRSt6vectorImSaImEEmEPS0_S2_St17reference_wrapperIS5_EmEEONSt13tuple_elementIXT_ESt5tupleIJDpT0_EEE4typeEOSG_
FN:1815,1819,_ZSt3getILm2EJM7StorageFbP10IContaineriiEPS0_S2_iiEEONSt13tuple_elementIXT_ESt5tupleIJDpT0_EEE4typeEOSA_
FN:1815,1819,_ZSt3getILm2EJM7StorageFvP10IContainerRSt6vectorImSaImEEmEPS0_S2_St17reference_wrapperIS5_EmEEONSt13tuple_elementIXT_ESt5tupleIJDpT0_EEE4typeEOSG_
FN:1815,1819,_ZSt3getILm3EJM7StorageFbP10IContaineriiEPS0_S2_iiEEONSt13tuple_elementIXT_ESt5tupleIJDpT0_EEE4typeEOSA_
FN:1815,1819,_ZSt3getILm3EJM7StorageFvP10IContainerRSt6vectorImSaImEEmEPS0_S2_St17reference_wrapperIS5_EmEEONSt13tuple_elementIXT_ESt5tupleIJDpT0_EEE4typeEOSG_
FN:1815,1819,_ZSt3getILm4EJM7StorageFbP10IContaineriiEPS0_S2_iiEEONSt13tuple_elementIXT_ESt5tupleIJDpT0_EEE4typeEOSA_
FN:1815,1819,_ZSt3getILm4EJM7StorageFvP10IContainerRSt6vectorImSaImEEmEPS0_S2_St17reference_wrapperIS5_EmEEONSt13tuple_elementIXT_ESt5tupleIJDpT0_EEE4typeEOSG_
FN:190,191,_ZNSt10_Head_baseILm0EPNSt6thread6_StateELb0EEC2Ev
FN:200,201,_ZNSt10_Head_baseILm0EM7StorageFbP10IContaineriiELb0EEC2IS4_EEOT_
FN:200,201,_ZNSt10_Head_baseILm0EM7StorageFvP10IContainerRSt6vectorImSaImEEmELb0EEC2IS8_EEOT_
FN:200,201,_ZNSt10_Head_baseILm1EP7StorageLb0EEC2IS1_EEOT_
FN:200,201,_ZNSt10_Head_baseILm2EP10IContainerLb0EEC2IRS1_EEOT_
FN:200,201,_ZNSt10_Head_baseILm3ESt17reference_wrapperISt6vectorImSaImEEELb0EEC2IS4_EEOT_
FN:200,201,_ZNSt10_Head_baseILm3EiLb0EEC2IRiEEOT_
FN:200,201,_ZNSt10_Head_baseILm4EiLb0EEC2IRiEEOT_
FN:200,201,_ZNSt10_Head_baseILm4EmLb0EEC2IRmEEOT_
FN:234,234,_ZNSt10_Head_baseILm0EM7StorageFbP10IContaineriiELb0EE7_M_headERS5_
FN:234,234,_ZNSt10_Head_baseILm0EM7StorageFvP10IContainerRSt6vectorImSaImEEmELb0EE7_M_headERS9_
FN:234,234,_ZNSt10_Head_baseILm0EPNSt6thread6_StateELb0EE7_M_headERS3_
FN:234,234,_ZNSt10_Head_baseILm1EP7StorageLb0EE7_M_headERS2_
FN:234,234,_ZNSt10_Head_baseILm2EP10IContainerLb0EE7_M_headERS2_
FN:234,234,_ZNSt10_Head_baseILm3ESt17reference_wrapperISt6vectorImSaImEEELb0EE7_M_headERS5_
FN:234,234,_ZNSt10_Head_baseILm3EiLb0EE7_M_headERS0_
FN:234,234,_ZNSt10_Head_baseILm4EiLb0EE7_M_headERS0_
FN:234,234,_ZNSt10_Head_baseILm4EmLb0EE7_M_headERS0_
FN:269,269,_ZNSt11_Tuple_implILm0EJM7StorageFbP10IContaineriiEPS0_S2_iiEE7_M_headERS6_
FN:269,269,_ZNSt11_Tuple_implILm0EJM7StorageFvP10IContainerRSt6vectorImSaImEEmEPS0_S2_St17reference_wrapperIS5_EmEE7_M_headERSC_
FN:269,269,_ZNSt11_Tuple_implILm0EJPNSt6thread6_StateESt14default_deleteIS1_EEE7_M_headERS5_
FN:269,269,_ZNSt11_Tuple_implILm1EJP7StorageP10IContainerSt17reference_wrapperISt6vectorImSaImEEEmEE7_M_headERS9_
FN:269,269,_ZNSt11_Tuple_implILm1EJP7StorageP10IContaineriiEE7_M_headERS4_
FN:269,269,_ZNSt11_Tuple_implILm2EJP10IContainerSt17reference_wrapperISt6vectorImSaImEEEmEE7_M_headERS7_
FN:269,269,_ZNSt11_Tuple_implILm2EJP10IContaineriiEE7_M_headERS2_
FN:269,269,_ZNSt11_Tuple_implILm3EJSt17reference_wrapperISt6vectorImSaImEEEmEE7_M_headERS5_
FN:269,269,_ZNSt11_Tuple_implILm3EJiiEE7_M_headERS0_
FN:280,281,_ZNSt11_Tuple_implILm0EJPNSt6thread6_StateESt14default_deleteIS1_EEEC2Ev
FN:291,294,_ZNSt11_Tuple_implILm0EJM7StorageFbP10IContaineriiEPS0_S2_iiEEC2IS4_JS5_RS2_RiS9_EvEEOT_DpOT0_
FN:291,294,_ZNSt11_Tuple_implILm0EJM7StorageFvP10IContainerRSt6vectorImSaImEEmEPS0_S2_St17reference_wrapperIS5_EmEEC2IS8_JS9_RS2_SB_RmEvEEOT_DpOT0_
FN:291,294,_ZNSt11_Tuple_implILm1EJP7StorageP10IContainerSt17reference_wrapperISt6vectorImSaImEEEmEEC2IS1_JRS3_S8_RmEvEEOT_DpOT0_
FN:291,294,_ZNSt11_Tuple_implILm1EJP7StorageP10IContaineriiEEC2IS1_JRS3_RiS7_EvEEOT_DpOT0_
FN:291,294,_ZNSt11_Tuple_implILm2EJP10IContainerSt17reference_wrapperISt6vectorImSaImEEEmEEC2IRS1_JS6_RmEvEEOT_DpOT0_
FN:291,294,_ZNSt11_Tuple_implILm2EJP10IContaineriiEEC2IRS1_JRiS5_EvEEOT_DpOT0_
FN:291,294,_ZNSt11_Tuple_implILm3EJSt17reference_wrapperISt6vectorImSaImEEEmEEC2IS4_JRmEvEEOT_DpOT0_
FN:291,294,_ZNSt11_Tuple_implILm3EJiiEEC2IRiJS2_EvEEOT_DpOT0_
FN:497,497,_ZNSt11_Tuple_implILm1EJSt14default_deleteINSt6thread6_StateEEEE7_M_headERS4_
FN:497,497,_ZNSt11_Tuple_implILm4EJiEE7_M_headERS0_
FN:497,497,_ZNSt11_Tuple_implILm4EJmEE7_M_headERS0_
FN:503,504,_ZNSt11_Tuple_implILm1EJSt14default_deleteINSt6thread6_StateEEEEC2Ev
FN:513,515,_ZNSt11_Tuple_implILm4EJiEEC2IRiEEOT_
FN:513,515,_ZNSt11_Tuple_implILm4EJmEEC2IRmEEOT_
FN:81,82,_ZNSt10_Head_baseILm1ESt14default_deleteINSt6thread6_StateEELb1EEC2Ev
FN:889,891,_ZNSt5tupleIJM7StorageFbP10IContaineriiEPS0_S2_iiEEC2IJS4_S5_RS2_RiS9_ELb1ELb1EEEDpOT_
FN:889,891,_ZNSt5tupleIJM7StorageFvP10IContainerRSt6vectorImSaImEEmEPS0_S2_St17reference_wrapperIS5_EmEEC2IJS8_S9_RS2_SB_RmELb1ELb1EEEDpOT_
FNDA:0,_ZNSt10_Head_baseILm1ESt14default_deleteINSt6thread6_StateEELb1EE7_M_headERS4_
FNDA:6,_ZNSt5tupleIJPNSt6thread6_StateESt14default_deleteIS1_EEEC2ILb1ELb1EEEv
FNDA:6,_ZSt12__get_helperILm0EM7StorageFbP10IContaineriiEJPS0_S2_iiEERT0_RSt11_Tuple_implIXT_EJS6_DpT1_EE
FNDA:0,_ZSt12__get_helperILm0EM7StorageFvP10IContainerRSt6vectorImSaImEEmEJPS0_S2_St17reference_wrapperIS5_EmEERT0_RSt11_Tuple_implIXT_EJSC_DpT1_EE
FNDA:12,_ZSt12__get_helperILm0EPNSt6thread6_StateEJSt14default_deleteIS1_EEERT0_RSt11_Tuple_implIXT_EJS5_DpT1_EE
FNDA:0,_ZSt12__get_helperILm1EP7StorageJP10IContainerSt17reference_wrapperISt6vectorImSaImEEEmEERT0_RSt11_Tuple_implIXT_EJS9_DpT1_EE
FNDA:6,_ZSt12__get_helperILm1EP7StorageJP10IContaineriiEERT0_RSt11_Tuple_implIXT_EJS4_DpT1_EE
FNDA:0,_ZSt12__get_helperILm1ESt14default_deleteINSt6thread6_StateEEJEERT0_RSt11_Tuple_implIXT_EJS4_DpT1_EE
FNDA:0,_ZSt12__get_helperILm2EP10IContainerJSt17reference_wrapperISt6vectorImSaImEEEmEERT0_RSt11_Tuple_implIXT_EJS7_DpT1_EE
FNDA:6,_ZSt12__get_helperILm2EP10IContainerJiiEERT0_RSt11_Tuple_implIXT_EJS2_DpT1_EE
FNDA:0,_ZSt12__get_helperILm3ESt17reference_wrapperISt6vectorImSaImEEEJmEERT0_RSt11_Tuple_implIXT_EJS5_DpT1_EE
FNDA:6,_ZSt12__get_helperILm3EiJiEERT0_RSt11_Tuple_implIXT_EJS0_DpT1_EE
FNDA:6,_ZSt12__get_helperILm4EiJEERT0_RSt11_Tuple_implIXT_EJS0_DpT1_EE
FNDA:0,_ZSt12__get_helperILm4EmJEERT0_RSt11_Tuple_implIXT_EJS0_DpT1_EE
FNDA:12,_ZSt3getILm0EJPNSt6thread6_StateESt14default_deleteIS1_EEERNSt13tuple_elementIXT_ESt5tupleIJDpT0_EEE4typeERS9_
FNDA:0,_ZSt3getILm1EJPNSt6thread6_StateESt14default_deleteIS1_EEERNSt13tuple_elementIXT_ESt5tupleIJDpT0_EEE4typeERS9_
FNDA:6,_ZSt3getILm0EJM7StorageFbP10IContaineriiEPS0_S2_iiEEONSt13tuple_elementIXT_ESt5tupleIJDpT0_EEE4typeEOSA_
FNDA:0,_ZSt3getILm0EJM7StorageFvP10IContainerRSt6vectorImSaImEEmEPS0_S2_St17reference_wrapperIS5_EmEEONSt13tuple_elementIXT_ESt5tupleIJDpT0_EEE4typeEOSG_
FNDA:6,_ZSt3getILm1EJM7StorageFbP10IContaineriiEPS0_S2_iiEEONSt13tuple_elementIXT_ESt5tupleIJDpT0_EEE4typeEOSA_
FNDA:0,_ZSt3getILm1EJM7StorageFvP10IContainerRSt6vectorImSaImEEmEPS0_S2_St17reference_wrapperIS5_EmEEONSt13tuple_elementIXT_ESt5tupleIJDpT0_EEE4typeEOSG_
FNDA:6,_ZSt3getILm2EJM7StorageFbP10IContaineriiEPS0_S2_iiEEONSt13tuple_elementIXT_ESt5tupleIJDpT0_EEE4typeEOSA_
FNDA:0,_ZSt3getILm2EJM7StorageFvP10IContainerRSt6vectorImSaImEEmEPS0_S2_St17reference_wrapperIS5_EmEEONSt13tuple_elementIXT_ESt5tupleIJDpT0_EEE4typeEOSG_
FNDA:6,_ZSt3getILm3EJM7StorageFbP10IContaineriiEPS0_S2_iiEEONSt13tuple_elementIXT_ESt5tupleIJDpT0_EEE4typeEOSA_
FNDA:0,_ZSt3getILm3EJM7StorageFvP10IContainerRSt6vectorImSaImEEmEPS0_S2_St17reference_wrapperIS5_EmEEONSt13tuple_elementIXT_ESt5tupleIJDpT0_EEE4typeEOSG_
FNDA:6,_ZSt3getILm4EJM7StorageFbP10IContaineriiEPS0_S2_iiEEONSt13tuple_elementIXT_ESt5tupleIJDpT0_EEE4typeEOSA_
FNDA:0,_ZSt3getILm4EJM7StorageFvP10IContainerRSt6vectorImSaImEEmEPS0_S2_St17reference_wrapperIS5_EmEEONSt13tuple_elementIXT_ESt5tupleIJDpT0_EEE4typeEOSG_
FNDA:6,_ZNSt10_Head_baseILm0EPNSt6thread6_StateELb0EEC2Ev
FNDA:6,_ZNSt10_Head_baseILm0EM7StorageFbP10IContaineriiELb0EEC2IS4_EEOT_
FNDA:0,_ZNSt10_Head_baseILm0EM7StorageFvP10IContainerRSt6vectorImSaImEEmELb0EEC2IS8_EEOT_
FNDA:6,_ZNSt10_Head_baseILm1EP7StorageLb0EEC2IS1_EEOT_
FNDA:6,_ZNSt10_Head_baseILm2EP10IContainerLb0EEC2IRS1_EEOT_
FNDA:0,_ZNSt10_Head_baseILm3ESt17reference_wrapperISt6vectorImSaImEEELb0EEC2IS4_EEOT_
FNDA:6,_ZNSt10_Head_baseILm3EiLb0EEC2IRiEEOT_
FNDA:6,_ZNSt10_Head_baseILm4EiLb0EEC2IRiEEOT_
FNDA:0,_ZNSt10_Head_baseILm4EmLb0EEC2IRmEEOT_
FNDA:6,_ZNSt10_Head_baseILm0EM7StorageFbP10IContaineriiELb0EE7_M_headERS5_
FNDA:0,_ZNSt10_Head_baseILm0EM7StorageFvP10IContainerRSt6vectorImSaImEEmELb0EE7_M_headERS9_
FNDA:12,_ZNSt10_Head_baseILm0EPNSt6thread6_StateELb0EE7_M_headERS3_
FNDA:6,_ZNSt10_Head_baseILm1EP7StorageLb0EE7_M_headERS2_
FNDA:6,_ZNSt10_Head_baseILm2EP10IContainerLb0EE7_M_headERS2_
FNDA:0,_ZNSt10_Head_baseILm3ESt17reference_wrapperISt6vectorImSaImEEELb0EE7_M_headERS5_
FNDA:6,_ZNSt10_Head_baseILm3EiLb0EE7_M_headERS0_
FNDA:6,_ZNSt10_Head_baseILm4EiLb0EE7_M_headERS0_
FNDA:0,_ZNSt10_Head_baseILm4EmLb0EE7_M_headERS0_
FNDA:6,_ZNSt11_Tuple_implILm0EJM7StorageFbP10IContaineriiEPS0_S2_iiEE7_M_headERS6_
FNDA:0,_ZNSt11_Tuple_implILm0EJM7StorageFvP10IContainerRSt6vectorImSaImEEmEPS0_S2_St17reference_wrapperIS5_EmEE7_M_headERSC_
FNDA:12,_ZNSt11_Tuple_implILm0EJPNSt6thread6_StateESt14default_deleteIS1_EEE7_M_headERS5_
FNDA:0,_ZNSt11_Tuple_implILm1EJP7StorageP10IContainerSt17reference_wrapperISt6vectorImSaImEEEmEE7_M_headERS9_
FNDA:6,_ZNSt11_Tuple_implILm1EJP7StorageP10IContaineriiEE7_M_headERS4_
FNDA:0,_ZNSt11_Tuple_implILm2EJP10IContainerSt17reference_wrapperISt6vectorImSaImEEEmEE7_M_headERS7_
FNDA:6,_ZNSt11_Tuple_implILm2EJP10IContaineriiEE7_M_headERS2_
FNDA:0,_ZNSt11_Tuple_implILm3EJSt17reference_wrapperISt6vectorImSaImEEEmEE7_M_headERS5_
FNDA:6,_ZNSt11_Tuple_implILm3EJiiEE7_M_headERS0_
FNDA:6,_ZNSt11_Tuple_implILm0EJPNSt6thread6_StateESt14default_deleteIS1_EEEC2Ev
FNDA:6,_ZNSt11_Tuple_implILm0EJM7StorageFbP10IContaineriiEPS0_S2_iiEEC2IS4_JS5_RS2_RiS9_EvEEOT_DpOT0_
FNDA:0,_ZNSt11_Tuple_implILm0EJM7StorageFvP10IContainerRSt6vectorImSaImEEmEPS0_S2_St17reference_wrapperIS5_EmEEC2IS8_JS9_RS2_SB_RmEvEEOT_DpOT0_
FNDA:0,_ZNSt11_Tuple_implILm1EJP7StorageP10IContainerSt17reference_wrapperISt6vectorImSaImEEEmEEC2IS1_JRS3_S8_RmEvEEOT_DpOT0_
FNDA:6,_ZNSt11_Tuple_implILm1EJP7StorageP10IContaineriiEEC2IS1_JRS3_RiS7_EvEEOT_DpOT0_
FNDA:0,_ZNSt11_Tuple_implILm2EJP10IContainerSt17reference_wrapperISt6vectorImSaImEEEmEEC2IRS1_JS6_RmEvEEOT_DpOT0_
FNDA:6,_ZNSt11_Tuple_implILm2EJP10IContaineriiEEC2IRS1_JRiS5_EvEEOT_DpOT0_
FNDA:0,_ZNSt11_Tuple_implILm3EJSt17reference_wrapperISt6vectorImSaImEEEmEEC2IS4_JRmEvEEOT_DpOT0_
FNDA:6,_ZNSt11_Tuple_implILm3EJiiEEC2IRiJS2_EvEEOT_DpOT0_
FNDA:0,_ZNSt11_Tuple_implILm1EJSt14default_deleteINSt6thread6_StateEEEE7_M_headERS4_
FNDA:6,_ZNSt11_Tuple_implILm4EJiEE7_M_headERS0_
FNDA:0,_ZNSt11_Tuple_implILm4EJmEE7_M_headERS0_
FNDA:6,_ZNSt11_Tuple_implILm1EJSt14default_deleteINSt6thread6_StateEEEEC2Ev
FNDA:6,_ZNSt11_Tuple_implILm4EJiEEC2IRiEEOT_
FNDA:0,_ZNSt11_Tuple_implILm4EJmEEC2IRmEEOT_
FNDA:6,_ZNSt10_Head_baseILm1ESt14default_deleteINSt6thread6_StateEELb1EEC2Ev
FNDA:6,_ZNSt5tupleIJM7StorageFbP10IContaineriiEPS0_S2_iiEEC2IJS4_S5_RS2_RiS9_ELb1ELb1EEEDpOT_
FNDA:0,_ZNSt5tupleIJM7StorageFvP10IContainerRSt6vectorImSaImEEmEPS0_S2_St17reference_wrapperIS5_EmEEC2IJS8_S9_RS2_SB_RmELb1ELb1EEEDpOT_
FNF:71
FNH:40
DA:81,6
DA:82,6
DA:125,0
DA:190,6
DA:191,6
DA:200,30
DA:201,30
DA:234,42
DA:269,36
DA:280,6
DA:281,6
DA:291,24
DA:293,24
DA:294,24
DA:497,6
DA:503,6
DA:504,6
DA:513,6
DA:514,6
DA:515,6
DA:889,6
DA:891,6
DA:1317,6
DA:1319,6
DA:1787,42
DA:1788,42
DA:1803,12
DA:1804,12
DA:1815,30
DA:1818,30
LF:30
LH:29
end_of_record
TN:
SF:/usr/include/c++/13/type_traits
FN:3649,3656,_ZSt21is_constant_evaluatedv
FNDA:0,_ZSt21is_constant_evaluatedv
FNF:1
FNH:0
DA:3649,0
DA:3654,0
LF:2
LH:0
end_of_record
TN:
SF:/usr/include/x86_64-linux-gnu/c++/13/bits/c++config.h
FN:540,551,_ZSt23__is_constant_evaluatedv
FNDA:0,_ZSt23__is_constant_evaluatedv
FNF:1
FNH:0
DA:322,0
DA:540,0
DA:547,0
LF:3
LH:0
end_of_record
TN:
SF:/usr/include/x86_64-linux-gnu/c++/13/bits/gthr-default.h
FN:300,303,_ZL18__gthread_active_pv
FN:746,752,_ZL20__gthread_mutex_lockP15pthread_mutex_t
FN:776,782,_ZL22__gthread_mutex_unlockP15pthread_mutex_t
FNDA:42,_ZL18__gthread_active_pv
FNDA:21,_ZL20__gthread_mutex_lockP15pthread_mutex_t
FNDA:21,_ZL22__gthread_mutex_unlockP15pthread_mutex_t
FNF:3
FNH:3
DA:300,42
DA:302,42
DA:746,21
DA:748,21
DA:749,21
DA:751,0
DA:776,21
DA:778,21
DA:779,21
DA:781,0
LF:10
LH:8
end_of_record
