TN:
SF:/mnt/c/l3/Lab3OOP/Checker/Checker.hpp
FN:25,25,_ZN7CheckerIiEC2Ev
FN:27,28,_ZN7CheckerIiEC2ERKS0_
FN:30,32,_ZN7CheckerIiE16addCheckFunctionESt8functionIFvR7StorageP10IContainer17ContainerPositionIiEEE
FN:43,47,_ZNK7CheckerIiE11applyChecksER7StorageP10IContainer17ContainerPositionIiE
FNDA:75,_ZN7CheckerIiEC2Ev
FNDA:30,_ZN7CheckerIiEC2ERKS0_
FNDA:105,_ZN7CheckerIiE16addCheckFunctionESt8functionIFvR7StorageP10IContainer17ContainerPositionIiEEE
FNDA:1084,_ZNK7CheckerIiE11applyChecksER7StorageP10IContainer17ContainerPositionIiE
FNF:4
FNH:4
DA:25,75
DA:27,30
DA:28,30
DA:30,105
DA:31,105
DA:32,105
DA:43,1084
DA:44,2238
DA:45,1586
DA:47,652
LF:10
LH:10
end_of_record
TN:
SF:/mnt/c/l3/Lab3OOP/Octree/ContainerPosition.hpp
FN:12,12,_ZN17ContainerPositionIiEC2Ev
FN:18,23,_ZNK17ContainerPositionIiEeqERKS0_
FNDA:37752,_ZN17ContainerPositionIiEC2Ev
FNDA:324,_ZNK17ContainerPositionIiEeqERKS0_
FNF:2
FNH:2
DA:12,37752
DA:18,324
DA:19,504
DA:20,270
DA:21,270
DA:22,504
LF:6
LH:6
end_of_record
TN:
SF:/mnt/c/l3/Lab3OOP/Octree/Octree.hpp
FN:114,118,_ZN6OctreeIiP10IContainer17ContainerPositionIiEE8iteratorC2EPNS4_4NodeE
FN:120,122,_ZN6OctreeIiP10IContainer17ContainerPositionIiEE8iteratordeEv
FN:125,135,_ZN6OctreeIiP10IContainer17ContainerPositionIiEE8iteratorppEv
FN:138,140,_ZNK6OctreeIiP10IContainer17ContainerPositionIiEE8iteratorneERKS5_
FN:147,150,_ZN6OctreeIiP10IContainer17ContainerPositionIiEEC2E11BoundingBoxIiEi
FN:153,155,_ZN6OctreeIiP10IContainer17ContainerPositionIiEED2Ev
FN:163,165,_ZN6OctreeIiP10IContainer17ContainerPositionIiEE5beginEv
FN:167,169,_ZN6OctreeIiP10IContainer17ContainerPositionIiEE3endEv
FN:172,181,_ZN6OctreeIiP10IContainer17ContainerPositionIiEE6insertES1_RS3_PNS4_4NodeE
FN:184,230,_ZN6OctreeIiP10IContainer17ContainerPositionIiEE5splitEPNS4_4NodeE
FN:232,235,_ZN6OctreeIiP10IContainer17ContainerPositionIiEE5CloneEv
FN:239,249,_ZN6OctreeIiP10IContainer17ContainerPositionIiEE6removeENSt7__cxx1112basic_stringIcSt11char_traitsIcESaIcEEE
FN:252,256,_ZN6OctreeIiP10IContainer17ContainerPositionIiEE6searchENSt7__cxx1112basic_stringIcSt11char_traitsIcESaIcEEE
FN:259,263,_ZN6OctreeIiP10IContainer17ContainerPositionIiEE5findIENSt7__cxx1112basic_stringIcSt11char_traitsIcESaIcEEE
FN:266,270,_ZN6OctreeIiP10IContainer17ContainerPositionIiEE11searchDepthEv
FN:273,279,_ZN6OctreeIiP10IContainer17ContainerPositionIiEE12SearchInsertES1_S3_
FN:287,290,_ZN6OctreeIiP10IContainer17ContainerPositionIiEE7getMinXERS3_
FN:293,296,_ZN6OctreeIiP10IContainer17ContainerPositionIiEE7getMaxXERS3_
FN:299,302,_ZN6OctreeIiP10IContainer17ContainerPositionIiEE7getMinYERS3_
FN:305,308,_ZN6OctreeIiP10IContainer17ContainerPositionIiEE7getMaxYERS3_
FN:311,314,_ZN6OctreeIiP10IContainer17ContainerPositionIiEE7getMinZERS3_
FN:317,320,_ZN6OctreeIiP10IContainer17ContainerPositionIiEE7getMaxZERS3_
FN:323,326,_ZN6OctreeIiP10IContainer17ContainerPositionIiEE7getMinXERKS3_
FN:328,331,_ZN6OctreeIiP10IContainer17ContainerPositionIiEE7getMaxXERKS3_
FN:334,337,_ZN6OctreeIiP10IContainer17ContainerPositionIiEE7getMinYERKS3_
FN:340,343,_ZN6OctreeIiP10IContainer17ContainerPositionIiEE7getMaxYERKS3_
FN:347,350,_ZN6OctreeIiP10IContainer17ContainerPositionIiEE7getMinZERKS3_
FN:353,356,_ZN6OctreeIiP10IContainer17ContainerPositionIiEE7getMaxZERKS3_
FN:364,374,_ZN6OctreeIiP10IContainer17ContainerPositionIiEE16pointincontainerER5PointIiERS3_
FN:380,390,_ZN6OctreeIiP10IContainer17ContainerPositionIiEE14searchUnderOctEPNS4_4NodeERSt6vectorISt4pairIS3_S1_ESaIS9_EE
FN:393,410,_ZN6OctreeIiP10IContainer17ContainerPositionIiEE5findIENSt7__cxx1112basic_stringIcSt11char_traitsIcESaIcEEEPNS4_4NodeEPSt4pairIS3_S1_E
FN:413,423,_ZN6OctreeIiP10IContainer17ContainerPositionIiEE11searchDepthEPNS4_4NodeERSt6vectorISt4pairIS3_S1_ESaIS9_EE
FN:426,459,_ZN6OctreeIiP10IContainer17ContainerPositionIiEE12SearchInsertES1_S3_PNS4_4NodeEPS6_RSt6vectorISt4pairIS3_S1_ESaISA_EERb
FN:462,479,_ZN6OctreeIiP10IContainer17ContainerPositionIiEE7searchRENSt7__cxx1112basic_stringIcSt11char_traitsIcESaIcEEEPNS4_4NodeEPSC_
FN:482,517,_ZN6OctreeIiP10IContainer17ContainerPositionIiEE7removeRENSt7__cxx1112basic_stringIcSt11char_traitsIcESaIcEEEPNS4_4NodeERbPSC_
FN:520,528,_ZN6OctreeIiP10IContainer17ContainerPositionIiEE14checkEmptyNodeEPNS4_4NodeE
FN:530,541,_ZN6OctreeIiP10IContainer17ContainerPositionIiEE6meargeEPNS4_4NodeE
FN:543,559,_ZN6OctreeIiP10IContainer17ContainerPositionIiEE17decreaseHightTreeEPNS4_4NodeE
FN:55,55,_ZN11BoundingBoxIiEC2ERK5PointIiES4_
FN:562,572,_ZN6OctreeIiP10IContainer17ContainerPositionIiEE6UpdateEPNS4_4NodeE
FN:57,59,_ZNK11BoundingBoxIiE8containsER5PointIiE
FN:575,596,_ZNK6OctreeIiP10IContainer17ContainerPositionIiEE13ContainEntityES3_S3_
FN:599,606,_ZNK6OctreeIiP10IContainer17ContainerPositionIiEE14checkCollisionES1_S3_St6vectorISt4pairIS3_S1_ESaIS7_EE
FN:620,622,_ZNK6OctreeIiP10IContainer17ContainerPositionIiEE6numberB5cxx11ERK5PointIiE
FN:80,80,_ZN6OctreeIiP10IContainer17ContainerPositionIiEE4NodeC2E11BoundingBoxIiEi
FN:81,88,_ZN6OctreeIiP10IContainer17ContainerPositionIiEE4NodeD2Ev
FN:90,92,_ZNK6OctreeIiP10IContainer17ContainerPositionIiEE4Node6isLeafEv
FNDA:203,_ZN6OctreeIiP10IContainer17ContainerPositionIiEE8iteratorC2EPNS4_4NodeE
FNDA:598,_ZN6OctreeIiP10IContainer17ContainerPositionIiEE8iteratordeEv
FNDA:169,_ZN6OctreeIiP10IContainer17ContainerPositionIiEE8iteratorppEv
FNDA:186,_ZNK6OctreeIiP10IContainer17ContainerPositionIiEE8iteratorneERKS5_
FNDA:81,_ZN6OctreeIiP10IContainer17ContainerPositionIiEEC2E11BoundingBoxIiEi
FNDA:0,_ZN6OctreeIiP10IContainer17ContainerPositionIiEED2Ev
FNDA:17,_ZN6OctreeIiP10IContainer17ContainerPositionIiEE5beginEv
FNDA:186,_ZN6OctreeIiP10IContainer17ContainerPositionIiEE3endEv
FNDA:657,_ZN6OctreeIiP10IContainer17ContainerPositionIiEE6insertES1_RS3_PNS4_4NodeE
FNDA:33,_ZN6OctreeIiP10IContainer17ContainerPositionIiEE5splitEPNS4_4NodeE
FNDA:30,_ZN6OctreeIiP10IContainer17ContainerPositionIiEE5CloneEv
FNDA:69,_ZN6OctreeIiP10IContainer17ContainerPositionIiEE6removeENSt7__cxx1112basic_stringIcSt11char_traitsIcESaIcEEE
FNDA:54,_ZN6OctreeIiP10IContainer17ContainerPositionIiEE6searchENSt7__cxx1112basic_stringIcSt11char_traitsIcESaIcEEE
FNDA:42,_ZN6OctreeIiP10IContainer17ContainerPositionIiEE5findIENSt7__cxx1112basic_stringIcSt11char_traitsIcESaIcEEE
FNDA:735,_ZN6OctreeIiP10IContainer17ContainerPositionIiEE11searchDepthEv
FNDA:37706,_ZN6OctreeIiP10IContainer17ContainerPositionIiEE12SearchInsertES1_S3_
FNDA:90834,_ZN6OctreeIiP10IContainer17ContainerPositionIiEE7getMinXERS3_
FNDA:89477,_ZN6OctreeIiP10IContainer17ContainerPositionIiEE7getMaxXERS3_
FNDA:90600,_ZN6OctreeIiP10IContainer17ContainerPositionIiEE7getMinYERS3_
FNDA:90129,_ZN6OctreeIiP10IContainer17ContainerPositionIiEE7getMaxYERS3_
FNDA:88581,_ZN6OctreeIiP10IContainer17ContainerPositionIiEE7getMinZERS3_
FNDA:87685,_ZN6OctreeIiP10IContainer17ContainerPositionIiEE7getMaxZERS3_
FNDA:8701,_ZN6OctreeIiP10IContainer17ContainerPositionIiEE7getMinXERKS3_
FNDA:7662,_ZN6OctreeIiP10IContainer17ContainerPositionIiEE7getMaxXERKS3_
FNDA:6450,_ZN6OctreeIiP10IContainer17ContainerPositionIiEE7getMinYERKS3_
FNDA:5218,_ZN6OctreeIiP10IContainer17ContainerPositionIiEE7getMaxYERKS3_
FNDA:117,_ZN6OctreeIiP10IContainer17ContainerPositionIiEE7getMinZERKS3_
FNDA:1667,_ZN6OctreeIiP10IContainer17ContainerPositionIiEE7getMaxZERKS3_
FNDA:717,_ZN6OctreeIiP10IContainer17ContainerPositionIiEE16pointincontainerER5PointIiERS3_
FNDA:80073,_ZN6OctreeIiP10IContainer17ContainerPositionIiEE14searchUnderOctEPNS4_4NodeERSt6vectorISt4pairIS3_S1_ESaIS9_EE
FNDA:354,_ZN6OctreeIiP10IContainer17ContainerPositionIiEE5findIENSt7__cxx1112basic_stringIcSt11char_traitsIcESaIcEEEPNS4_4NodeEPSt4pairIS3_S1_E
FNDA:76503,_ZN6OctreeIiP10IContainer17ContainerPositionIiEE11searchDepthEPNS4_4NodeERSt6vectorISt4pairIS3_S1_ESaIS9_EE
FNDA:47539,_ZN6OctreeIiP10IContainer17ContainerPositionIiEE12SearchInsertES1_S3_PNS4_4NodeEPS6_RSt6vectorISt4pairIS3_S1_ESaISA_EERb
FNDA:366,_ZN6OctreeIiP10IContainer17ContainerPositionIiEE7searchRENSt7__cxx1112basic_stringIcSt11char_traitsIcESaIcEEEPNS4_4NodeEPSC_
FNDA:573,_ZN6OctreeIiP10IContainer17ContainerPositionIiEE7removeRENSt7__cxx1112basic_stringIcSt11char_traitsIcESaIcEEEPNS4_4NodeERbPSC_
FNDA:12,_ZN6OctreeIiP10IContainer17ContainerPositionIiEE14checkEmptyNodeEPNS4_4NodeE
FNDA:0,_ZN6OctreeIiP10IContainer17ContainerPositionIiEE6meargeEPNS4_4NodeE
FNDA:0,_ZN6OctreeIiP10IContainer17ContainerPositionIiEE17decreaseHightTreeEPNS4_4NodeE
FNDA:315,_ZN11BoundingBoxIiEC2ERK5PointIiES4_
FNDA:69,_ZN6OctreeIiP10IContainer17ContainerPositionIiEE6UpdateEPNS4_4NodeE
FNDA:204126,_ZNK11BoundingBoxIiE8containsER5PointIiE
FNDA:45484,_ZNK6OctreeIiP10IContainer17ContainerPositionIiEE13ContainEntityES3_S3_
FNDA:8810,_ZNK6OctreeIiP10IContainer17ContainerPositionIiEE14checkCollisionES1_S3_St6vectorISt4pairIS3_S1_ESaIS7_EE
FNDA:924,_ZNK6OctreeIiP10IContainer17ContainerPositionIiEE6numberB5cxx11ERK5PointIiE
FNDA:345,_ZN6OctreeIiP10IContainer17ContainerPositionIiEE4NodeC2E11BoundingBoxIiEi
FNDA:0,_ZN6OctreeIiP10IContainer17ContainerPositionIiEE4NodeD2Ev
FNDA:11148,_ZNK6OctreeIiP10IContainer17ContainerPositionIiEE4Node6isLeafEv
FNF:47
FNH:43
DA:55,315
DA:57,204126
DA:58,204126
DA:80,345
DA:81,0
DA:82,0
DA:83,0
DA:85,0
DA:86,0
DA:88,0
DA:90,11148
DA:91,11148
DA:114,203
DA:115,203
DA:116,17
DA:118,203
DA:120,598
DA:121,598
DA:125,169
DA:126,169
DA:127,169
DA:128,169
DA:129,1521
DA:130,1352
DA:131,152
DA:134,169
DA:138,186
DA:139,186
DA:147,81
DA:148,81
DA:149,81
DA:150,81
DA:153,0
DA:154,0
DA:155,0
DA:163,17
DA:164,17
DA:167,186
DA:168,186
DA:172,657
DA:173,657
DA:174,0
DA:176,657
DA:177,657
DA:178,33
DA:180,657
DA:184,33
DA:185,33
DA:186,33
DA:188,33
DA:189,33
DA:191,33
DA:192,33
DA:193,33
DA:196,33
DA:197,33
DA:198,33
DA:199,33
DA:200,33
DA:201,33
DA:202,33
DA:203,33
DA:206,204
DA:207,171
DA:209,393
DA:210,549
DA:211,348
DA:212,342
DA:213,342
DA:214,321
DA:215,300
DA:216,699
DA:217,150
DA:218,150
DA:219,150
DA:220,150
DA:224,171
DA:225,150
DA:227,21
DA:232,30
DA:233,30
DA:234,30
DA:239,69
DA:240,69
DA:241,69
DA:242,69
DA:243,69
DA:244,0
DA:246,69
DA:247,69
DA:248,69
DA:252,54
DA:253,54
DA:254,54
DA:255,54
DA:259,42
DA:260,42
DA:261,42
DA:262,42
DA:266,735
DA:267,735
DA:268,735
DA:269,735
DA:270,0
DA:273,37706
DA:274,37706
DA:275,37706
DA:276,37706
DA:277,37660
DA:278,37686
DA:279,37701
DA:287,90834
DA:289,90834
DA:293,89477
DA:295,89477
DA:299,90600
DA:301,90600
DA:305,90129
DA:307,90129
DA:311,88581
DA:313,88581
DA:317,87685
DA:319,87685
DA:323,8701
DA:325,8701
DA:328,7662
DA:330,7662
DA:334,6450
DA:336,6450
DA:340,5218
DA:342,5218
DA:347,117
DA:349,117
DA:353,1667
DA:355,1667
DA:364,717
DA:367,717
DA:368,717
DA:369,717
DA:370,717
DA:371,717
DA:372,717
DA:373,717
DA:380,80073
DA:381,80073
DA:382,71236
DA:384,8837
DA:385,8408
DA:387,80301
DA:388,71368
DA:393,354
DA:394,354
DA:395,0
DA:397,354
DA:398,338
DA:399,264
DA:400,37
DA:401,37
DA:405,317
DA:406,351
DA:407,312
DA:413,76503
DA:414,76503
DA:415,67032
DA:417,9471
DA:418,2555
DA:420,85239
DA:421,75768
DA:426,47539
DA:427,47539
DA:428,0
DA:430,86489
DA:431,29981
DA:432,28164
DA:433,86492
DA:434,37527
DA:436,10041
DA:437,8857
DA:439,10013
DA:440,11106
DA:441,9872
DA:444,10010
DA:446,8799
DA:448,8816
DA:449,1084
DA:450,1084
DA:452,7748
DA:453,7748
DA:455,1211
DA:456,785
DA:458,426
DA:462,366
DA:463,366
DA:464,0
DA:466,366
DA:467,279
DA:468,216
DA:469,45
DA:470,45
DA:474,321
DA:475,351
DA:476,312
DA:482,573
DA:483,573
DA:484,0
DA:486,573
DA:487,363
DA:489,210
DA:490,501
DA:491,444
DA:499,69
DA:500,69
DA:501,69
DA:502,69
DA:505,69
DA:506,69
DA:507,69
DA:511,141
DA:512,567
DA:513,504
DA:520,12
DA:521,12
DA:522,12
DA:523,12
DA:524,12
DA:527,0
DA:530,0
DA:531,0
DA:532,0
DA:533,0
DA:534,0
DA:535,0
DA:538,0
DA:539,0
DA:543,0
DA:544,0
DA:545,0
DA:547,0
DA:548,0
DA:550,0
DA:551,0
DA:552,0
DA:553,0
DA:554,0
DA:555,0
DA:562,69
DA:563,69
DA:564,0
DA:565,0
DA:566,0
DA:568,69
DA:569,0
DA:570,0
DA:575,45484
DA:577,45484
DA:578,44738
DA:579,44604
DA:580,44457
DA:581,44539
DA:582,44465
DA:585,44526
DA:586,44450
DA:587,44555
DA:588,44431
DA:589,44551
DA:590,44430
DA:593,34741
DA:594,88538
DA:595,53797
DA:599,8810
DA:600,45979
DA:601,44821
DA:602,7711
DA:605,1084
DA:620,924
DA:621,924
LF:276
LH:235
end_of_record
TN:
SF:/mnt/c/l3/Lab3OOP/Octree/Point.hpp
FN:17,17,_ZN5PointIiEC2Eiii
FN:18,18,_ZN5PointIiEC2Ev
FN:9,11,_ZNK5PointIiEeqERKS0_
FNDA:2427,_ZN5PointIiEC2Eiii
FNDA:301505,_ZN5PointIiEC2Ev
FNDA:954,_ZNK5PointIiEeqERKS0_
FNF:3
FNH:3
DA:9,954
DA:10,954
DA:17,2427
DA:18,301505
LF:4
LH:4
end_of_record
TN:
SF:/mnt/c/l3/Lab3OOP/Storage/Storage.cpp
FN:110,152,_ZN7Storage26calculateContainerPositionEiiiiii
FN:13,24,_ZN7Storage14calculateDepthEv
FN:14,21,_ZZN7Storage14calculateDepthEvENKUliE_clEi
FN:155,178,_ZN7Storage20searchUnderContainerER17ContainerPositionIiE
FN:181,204,_ZN7Storage20searchUpperContainerER17ContainerPositionIiE
FN:208,216,_ZN7Storage13calculatemassESt6vectorISt4pairI17ContainerPositionIiEP10IContainerESaIS6_EEm
FN:219,244,_ZN7Storage12checkSupportER17ContainerPositionIiESt6vectorISt4pairIS1_P10IContainerESaIS7_EE
FN:246,258,_ZN7Storage12addContainerEP10IContaineriii
FN:263,267,_ZNK7Storage19getInfoAboutStorageB5cxx11Ev
FN:27,29,_ZN7Storage24addExternalCheckFunctionERKSt8functionIFvRS_P10IContainer17ContainerPositionIiEEE
FN:271,292,_ZN7Storage7isNoTopERK17ContainerPositionIiE
FN:296,326,_ZN7Storage13moveContainerENSt7__cxx1112basic_stringIcSt11char_traitsIcESaIcEEEiii
FN:32,46,_ZN7StorageC2Eiiiid
FN:330,370,_ZN7Storage15rotateContainerENSt7__cxx1112basic_stringIcSt11char_traitsIcESaIcEEEi
FN:373,394,_ZN7Storage10multitreadEP10IContaineriii
FN:396,413,_ZN7Storage13addContainerREP10IContainerii
FN:40,42,_ZZN7StorageC4EiiiidENKUlRS_P10IContainer17ContainerPositionIiEE_clES0_S2_S4_
FN:415,430,_ZN7Storage12addContainerB5cxx11EP10IContainer
FN:43,45,_ZZN7StorageC4EiiiidENKUlRS_P10IContainer17ContainerPositionIiEE0_clES0_S2_S4_
FN:433,494,_ZN7Storage15removeContainerENSt7__cxx1112basic_stringIcSt11char_traitsIcESaIcEEE
FN:49,51,_ZN7Storage15comparePositionERSt4pairI17ContainerPositionIiEP10IContainerES6_
FN:497,511,_ZNK7Storage7getInfoB5cxx11Ev
FN:514,530,_ZN7Storage9howContaiEP10IContainerRSt6vectorImSaImEEm
FN:533,543,_ZN7Storage12howContainerEP10IContainer
FN:54,56,_ZN7Storage22comparePositionReverseERSt4pairI17ContainerPositionIiEP10IContainerES6_
FN:542,542,_ZZN7Storage12howContainerEP10IContainerENKUliiE_clEii
FN:546,552,_ZN7Storage4findENSt7__cxx1112basic_stringIcSt11char_traitsIcESaIcEEE
FN:555,569,_ZNK7Storage17getListContainersB5cxx11Ev
FN:572,582,_ZN7Storage16checkTemperatureERS_P10IContainer17ContainerPositionIiE
FN:585,607,_ZN7Storage13checkPressureERS_P10IContainer17ContainerPositionIiE
FN:59,75,_ZN7StorageaSERKS_
FN:78,87,_ZN7StorageC2ERKS_
FN:90,105,_ZN7Storage7getSizeEiii
FNDA:37688,_ZN7Storage26calculateContainerPositionEiiiiii
FNDA:51,_ZN7Storage14calculateDepthEv
FNDA:153,_ZZN7Storage14calculateDepthEvENKUliE_clEi
FNDA:624,_ZN7Storage20searchUnderContainerER17ContainerPositionIiE
FNDA:24,_ZN7Storage20searchUpperContainerER17ContainerPositionIiE
FNDA:69,_ZN7Storage13calculatemassESt6vectorISt4pairI17ContainerPositionIiEP10IContainerESaIS6_EEm
FNDA:621,_ZN7Storage12checkSupportER17ContainerPositionIiESt6vectorISt4pairIS1_P10IContainerESaIS7_EE
FNDA:375,_ZN7Storage12addContainerEP10IContaineriii
FNDA:12,_ZNK7Storage19getInfoAboutStorageB5cxx11Ev
FNDA:3,_ZN7Storage24addExternalCheckFunctionERKSt8functionIFvRS_P10IContainer17ContainerPositionIiEEE
FNDA:18,_ZN7Storage7isNoTopERK17ContainerPositionIiE
FNDA:15,_ZN7Storage13moveContainerENSt7__cxx1112basic_stringIcSt11char_traitsIcESaIcEEEiii
FNDA:51,_ZN7StorageC2Eiiiid
FNDA:15,_ZN7Storage15rotateContainerENSt7__cxx1112basic_stringIcSt11char_traitsIcESaIcEEEi
FNDA:37331,_ZN7Storage10multitreadEP10IContaineriii
FNDA:464,_ZN7Storage13addContainerREP10IContainerii
FNDA:796,_ZZN7StorageC4EiiiidENKUlRS_P10IContainer17ContainerPositionIiEE_clES0_S2_S4_
FNDA:318,_ZN7Storage12addContainerB5cxx11EP10IContainer
FNDA:790,_ZZN7StorageC4EiiiidENKUlRS_P10IContainer17ContainerPositionIiEE0_clES0_S2_S4_
FNDA:27,_ZN7Storage15removeContainerENSt7__cxx1112basic_stringIcSt11char_traitsIcESaIcEEE
FNDA:2266,_ZN7Storage15comparePositionERSt4pairI17ContainerPositionIiEP10IContainerES6_
FNDA:33,_ZNK7Storage7getInfoB5cxx11Ev
FNDA:18,_ZN7Storage9howContaiEP10IContainerRSt6vectorImSaImEEm
FNDA:3,_ZN7Storage12howContainerEP10IContainer
FNDA:36,_ZN7Storage22comparePositionReverseERSt4pairI17ContainerPositionIiEP10IContainerES6_
FNDA:18,_ZZN7Storage12howContainerEP10IContainerENKUliiE_clEii
FNDA:15,_ZN7Storage4findENSt7__cxx1112basic_stringIcSt11char_traitsIcESaIcEEE
FNDA:17,_ZNK7Storage17getListContainersB5cxx11Ev
FNDA:796,_ZN7Storage16checkTemperatureERS_P10IContainer17ContainerPositionIiE
FNDA:790,_ZN7Storage13checkPressureERS_P10IContainer17ContainerPositionIiE
FNDA:6,_ZN7StorageaSERKS_
FNDA:24,_ZN7StorageC2ERKS_
FNDA:9,_ZN7Storage7getSizeEiii
FNF:33
FNH:33
DA:13,51
DA:14,153
DA:15,153
DA:16,447
DA:17,294
DA:18,294
DA:20,153
DA:22,51
DA:27,3
DA:28,3
DA:29,3
DA:32,51
DA:33,51
DA:34,51
DA:35,51
DA:36,51
DA:37,51
DA:38,51
DA:39,51
DA:40,51
DA:41,796
DA:42,790
DA:43,51
DA:44,790
DA:45,364
DA:46,51
DA:49,2266
DA:50,2266
DA:54,36
DA:55,36
DA:59,6
DA:60,6
DA:61,6
DA:62,6
DA:63,6
DA:64,6
DA:65,6
DA:66,6
DA:67,6
DA:68,6
DA:69,36
DA:70,30
DA:72,6
DA:73,6
DA:74,6
DA:78,24
DA:79,24
DA:80,24
DA:81,24
DA:82,24
DA:83,60
DA:84,36
DA:86,24
DA:87,24
DA:90,9
DA:91,9
DA:92,3
DA:94,6
DA:95,6
DA:96,6
DA:97,36
DA:98,30
DA:100,36
DA:101,30
DA:103,6
DA:104,6
DA:105,6
DA:110,37688
DA:111,37688
DA:113,37662
DA:114,37662
DA:115,37662
DA:118,37662
DA:119,37662
DA:120,37662
DA:123,37662
DA:124,37662
DA:125,37662
DA:128,37662
DA:129,37662
DA:130,37662
DA:133,37662
DA:134,37662
DA:135,37662
DA:138,37662
DA:139,37662
DA:140,37662
DA:143,37662
DA:144,37662
DA:145,37662
DA:148,37662
DA:149,37662
DA:150,37662
DA:151,37662
DA:155,624
DA:156,624
DA:157,624
DA:158,624
DA:159,624
DA:160,624
DA:161,624
DA:162,624
DA:163,624
DA:164,624
DA:165,624
DA:166,9043
DA:167,8419
DA:169,15841
DA:170,17490
DA:171,1649
DA:172,1646
DA:173,1646
DA:176,624
DA:177,1248
DA:178,624
DA:181,24
DA:182,24
DA:183,24
DA:184,24
DA:185,24
DA:186,24
DA:187,24
DA:188,24
DA:189,24
DA:190,24
DA:191,24
DA:192,234
DA:193,210
DA:195,396
DA:196,489
DA:197,93
DA:198,45
DA:199,45
DA:202,24
DA:203,48
DA:204,24
DA:208,69
DA:209,69
DA:210,123
DA:211,54
DA:212,54
DA:215,69
DA:219,621
DA:220,621
DA:221,621
DA:222,621
DA:223,621
DA:224,621
DA:226,661
DA:227,639
DA:228,599
DA:230,637
DA:231,398
DA:233,239
DA:234,183
DA:236,239
DA:237,148
DA:239,239
DA:240,199
DA:243,22
DA:246,375
DA:247,375
DA:248,3
DA:250,372
DA:251,372
DA:252,372
DA:253,9
DA:255,363
DA:256,345
DA:257,345
DA:258,345
DA:263,12
DA:264,24
DA:265,36
DA:266,12
DA:271,18
DA:272,18
DA:273,18
DA:274,18
DA:275,18
DA:276,18
DA:277,18
DA:278,18
DA:279,18
DA:280,18
DA:282,66
DA:283,54
DA:284,90
DA:285,114
DA:286,24
DA:287,6
DA:291,12
DA:292,18
DA:296,15
DA:297,15
DA:298,3
DA:300,12
DA:301,12
DA:302,3
DA:304,9
DA:305,27
DA:306,27
DA:307,9
DA:308,9
DA:309,9
DA:310,9
DA:313,9
DA:314,3
DA:315,3
DA:316,3
DA:319,6
DA:320,3
DA:321,3
DA:322,3
DA:323,3
DA:324,3
DA:325,3
DA:326,3
DA:330,15
DA:331,15
DA:332,15
DA:333,3
DA:335,12
DA:336,15
DA:337,15
DA:338,12
DA:339,12
DA:340,12
DA:341,12
DA:344,12
DA:345,12
DA:346,3
DA:347,3
DA:348,3
DA:350,9
DA:351,9
DA:352,3
DA:353,3
DA:354,3
DA:356,6
DA:357,6
DA:358,6
DA:359,6
DA:361,6
DA:362,3
DA:363,3
DA:364,3
DA:365,3
DA:366,3
DA:367,3
DA:368,3
DA:369,3
DA:370,3
DA:373,37331
DA:374,37331
DA:375,37318
DA:376,37297
DA:377,37344
DA:378,37315
DA:379,37340
DA:380,36622
DA:382,718
DA:383,307
DA:384,307
DA:385,297
DA:386,297
DA:387,297
DA:388,297
DA:390,10
DA:391,10
DA:392,10
DA:394,37341
DA:396,464
DA:397,464
DA:398,1125
DA:399,10059
DA:400,46448
DA:402,37486
DA:403,142
DA:405,37335
DA:406,297
DA:407,37057
DA:408,37053
DA:412,28
DA:413,467
DA:415,318
DA:416,318
DA:417,783
DA:418,465
DA:419,465
DA:421,783
DA:422,465
DA:424,318
DA:425,42
DA:427,297
DA:428,297
DA:430,317
DA:433,27
DA:434,27
DA:435,27
DA:436,27
DA:437,3
DA:439,24
DA:440,24
DA:442,3
DA:445,21
DA:446,21
DA:452,66
DA:453,45
DA:454,45
DA:456,45
DA:460,21
DA:463,21
DA:464,63
DA:465,45
DA:466,45
DA:469,45
DA:470,3
DA:471,3
DA:472,0
DA:474,3
DA:475,6
DA:476,3
DA:478,3
DA:483,42
DA:487,45
DA:489,60
DA:490,42
DA:492,18
DA:493,24
DA:494,24
DA:497,33
DA:498,33
DA:499,33
DA:500,33
DA:501,0
DA:503,246
DA:504,213
DA:505,426
DA:506,852
DA:507,639
DA:510,33
DA:511,33
DA:514,18
DA:515,18
DA:516,18
DA:517,18
DA:520,270
DA:521,252
DA:522,251
DA:523,252
DA:525,18
DA:526,18
DA:529,18
DA:530,18
DA:533,3
DA:534,3
DA:535,3
DA:536,21
DA:537,18
DA:539,21
DA:540,18
DA:542,24
DA:543,3
DA:546,15
DA:547,15
DA:548,15
DA:549,2
DA:551,13
DA:555,17
DA:556,17
DA:557,186
DA:558,169
DA:559,0
DA:560,0
DA:562,169
DA:563,205
DA:564,150
DA:567,17
DA:568,17
DA:569,0
DA:572,796
DA:573,796
DA:574,796
DA:575,0
DA:577,802
DA:578,6
DA:580,6
DA:582,790
DA:585,790
DA:586,790
DA:587,0
DA:589,790
DA:590,624
DA:591,624
DA:592,3
DA:594,621
DA:595,420
DA:597,734
DA:598,536
DA:599,536
DA:600,0
DA:602,536
DA:603,3
DA:606,624
DA:607,364
LF:406
LH:398
end_of_record
TN:
SF:/mnt/c/l3/Lab3OOP/Storage/Storage.hpp
FN:40,43,_ZN7StorageD2Ev
FNDA:0,_ZN7StorageD2Ev
FNF:1
FNH:0
DA:40,0
DA:41,0
DA:42,0
DA:43,0
LF:4
LH:0
end_of_record
TN:
SF:/usr/include/c++/13/atomic
FN:103,104,_ZNSt6atomicIbE5storeEbSt12memory_order
FN:111,112,_ZNKSt6atomicIbE4loadESt12memory_order
FN:76,76,_ZNSt6atomicIbEC2Eb
FNDA:594,_ZNSt6atomicIbE5storeEbSt12memory_order
FNDA:38079,_ZNKSt6atomicIbE4loadESt12memory_order
FNDA:75,_ZNSt6atomicIbEC2Eb
FNF:3
FNH:3
DA:76,75
DA:103,594
DA:104,594
DA:111,38079
DA:112,76191
LF:5
LH:5
end_of_record
TN:
SF:/usr/include/c++/13/bit
FN:195,237,_ZSt13__countl_zeroImEiT_
FN:365,369,_ZSt11__bit_widthImEiT_
FNDA:678,_ZSt13__countl_zeroImEiT_
FNDA:678,_ZSt11__bit_widthImEiT_
FNF:2
FNH:2
DA:195,678
DA:198,678
DA:200,678
DA:201,0
DA:203,678
DA:204,678
DA:205,678
DA:214,678
DA:215,678
DA:365,678
DA:367,678
DA:368,678
LF:12
LH:11
end_of_record
TN:
SF:/usr/include/c++/13/bits/alloc_traits.h
FNF:0
FNH:0
DA:482,30895
DA:517,832
DA:540,6063
DA:542,6062
DA:560,2857
DA:562,2857
DA:576,80671
DA:588,9533
DA:948,19276
DA:949,19272
LF:10
LH:10
end_of_record
TN:
SF:/usr/include/c++/13/bits/allocator.h
FNF:0
FNH:0
DA:163,39100
DA:168,95920
DA:178,406
DA:184,86788
DA:191,30777
DA:193,0
DA:194,0
DA:195,0
DA:198,30780
DA:205,831
DA:207,0
DA:208,0
DA:210,831
LF:13
LH:8
end_of_record
TN:
SF:/usr/include/c++/13/bits/atomic_base.h
FN:107,110,_ZStanSt12memory_orderSt23__memory_order_modifier
FN:362,362,_ZNSt13__atomic_baseIbEC2Eb
FNDA:38707,_ZStanSt12memory_orderSt23__memory_order_modifier
FNDA:75,_ZNSt13__atomic_baseIbEC2Eb
FNF:2
FNH:2
DA:107,38707
DA:109,38707
DA:362,75
DA:476,594
DA:477,594
DA:478,594
DA:479,594
DA:481,594
DA:482,594
DA:501,38079
DA:502,38116
DA:503,38111
DA:505,38112
LF:13
LH:13
end_of_record
TN:
SF:/usr/include/c++/13/bits/basic_string.h
FN:1071,1072,_ZNKSt7__cxx1112basic_stringIcSt11char_traitsIcESaIcEE4sizeEv
FN:1078,1079,_ZNKSt7__cxx1112basic_stringIcSt11char_traitsIcESaIcEE6lengthEv
FN:1084,1085,_ZNKSt7__cxx1112basic_stringIcSt11char_traitsIcESaIcEE8max_sizeEv
FN:1169,1173,_ZNKSt7__cxx1112basic_stringIcSt11char_traitsIcESaIcEE8capacityEv
FN:124,137,_ZNSt7__cxx1112basic_stringIcSt11char_traitsIcESaIcEE11_S_allocateERS3_m
FN:1254,1262,_ZNSt7__cxx1112basic_stringIcSt11char_traitsIcESaIcEEixEm
FN:1366,1367,_ZNSt7__cxx1112basic_stringIcSt11char_traitsIcESaIcEEpLERKS4_
FN:1424,1425,_ZNSt7__cxx1112basic_stringIcSt11char_traitsIcESaIcEE6appendERKS4_
FN:1455,1460,_ZNSt7__cxx1112basic_stringIcSt11char_traitsIcESaIcEE6appendEPKcm
FN:1469,1475,_ZNSt7__cxx1112basic_stringIcSt11char_traitsIcESaIcEE6appendEPKc
FN:188,189,_ZNSt7__cxx1112basic_stringIcSt11char_traitsIcESaIcEE12_Alloc_hiderC2EPcRKS3_
FN:1894,1896,_ZNSt7__cxx1112basic_stringIcSt11char_traitsIcESaIcEE6insertEmRKS4_
FN:192,193,_ZNSt7__cxx1112basic_stringIcSt11char_traitsIcESaIcEE12_Alloc_hiderC1EPcOS3_
FN:1962,1967,_ZNSt7__cxx1112basic_stringIcSt11char_traitsIcESaIcEE6insertEmPKc
FN:212,213,_ZNSt7__cxx1112basic_stringIcSt11char_traitsIcESaIcEE7_M_dataEPc
FN:217,218,_ZNSt7__cxx1112basic_stringIcSt11char_traitsIcESaIcEE9_M_lengthEm
FN:2204,2210,_ZNSt7__cxx1112basic_stringIcSt11char_traitsIcESaIcEE7replaceEmmPKcm
FN:222,223,_ZNKSt7__cxx1112basic_stringIcSt11char_traitsIcESaIcEE7_M_dataEv
FN:227,234,_ZNSt7__cxx1112basic_stringIcSt11char_traitsIcESaIcEE13_M_local_dataEv
FN:238,245,_ZNKSt7__cxx1112basic_stringIcSt11char_traitsIcESaIcEE13_M_local_dataEv
FN:249,250,_ZNSt7__cxx1112basic_stringIcSt11char_traitsIcESaIcEE11_M_capacityEm
FN:254,258,_ZNSt7__cxx1112basic_stringIcSt11char_traitsIcESaIcEE13_M_set_lengthEm
FN:2595,2596,_ZNKSt7__cxx1112basic_stringIcSt11char_traitsIcESaIcEE5c_strEv
FN:2608,2609,_ZNKSt7__cxx1112basic_stringIcSt11char_traitsIcESaIcEE4dataEv
FN:262,271,_ZNKSt7__cxx1112basic_stringIcSt11char_traitsIcESaIcEE11_M_is_localEv
FN:2629,2630,_ZNKSt7__cxx1112basic_stringIcSt11char_traitsIcESaIcEE13get_allocatorEv
FN:280,284,_ZNSt7__cxx1112basic_stringIcSt11char_traitsIcESaIcEE10_M_disposeEv
FN:288,289,_ZNSt7__cxx1112basic_stringIcSt11char_traitsIcESaIcEE10_M_destroyEm
FN:336,337,_ZNSt7__cxx1112basic_stringIcSt11char_traitsIcESaIcEE16_M_get_allocatorEv
FN:341,342,_ZNKSt7__cxx1112basic_stringIcSt11char_traitsIcESaIcEE16_M_get_allocatorEv
FN:3528,3541,_ZSt12__str_concatINSt7__cxx1112basic_stringIcSt11char_traitsIcESaIcEEEET_PKNS6_10value_typeENS6_9size_typeES9_SA_RKNS6_14allocator_typeE
FN:3571,3579,_ZStplIcSt11char_traitsIcESaIcEENSt7__cxx1112basic_stringIT_T0_T1_EEPKS5_RKS8_
FN:3651,3669,_ZStplIcSt11char_traitsIcESaIcEENSt7__cxx1112basic_stringIT_T0_T1_EEOS8_S9_
FN:3674,3676,_ZStplIcSt11char_traitsIcESaIcEENSt7__cxx1112basic_stringIT_T0_T1_EEPKS5_OS8_
FN:3688,3690,_ZStplIcSt11char_traitsIcESaIcEENSt7__cxx1112basic_stringIT_T0_T1_EEOS8_PKS5_
FN:3710,3716,_ZSteqIcSt11char_traitsIcESaIcEEbRKNSt7__cxx1112basic_stringIT_T0_T1_EESA_
FN:3727,3732,_ZSteqIcSt11char_traitsIcESaIcEEbRKNSt7__cxx1112basic_stringIT_T0_T1_EEPKS5_
FN:386,393,_ZNKSt7__cxx1112basic_stringIcSt11char_traitsIcESaIcEE8_M_checkEmPKc
FN:397,401,_ZNKSt7__cxx1112basic_stringIcSt11char_traitsIcESaIcEE15_M_check_lengthEmmPKc
FN:407,411,_ZNKSt7__cxx1112basic_stringIcSt11char_traitsIcESaIcEE8_M_limitEmm
FN:415,419,_ZNKSt7__cxx1112basic_stringIcSt11char_traitsIcESaIcEE11_M_disjunctEPKc
FN:4162,4173,_ZNSt7__cxx119to_stringEi
FN:425,431,_ZNSt7__cxx1112basic_stringIcSt11char_traitsIcESaIcEE7_S_copyEPcPKcm
FN:4251,4257,_ZNSt7__cxx119to_stringEd
FN:435,441,_ZNSt7__cxx1112basic_stringIcSt11char_traitsIcESaIcEE7_S_moveEPcPKcm
FN:445,451,_ZNSt7__cxx1112basic_stringIcSt11char_traitsIcESaIcEE9_S_assignEPcmc
FN:477,478,_ZNSt7__cxx1112basic_stringIcSt11char_traitsIcESaIcEE13_S_copy_charsEPcS5_S5_
FN:482,484,_ZNSt7__cxx1112basic_stringIcSt11char_traitsIcESaIcEE13_S_copy_charsEPcPKcS7_
FN:522,528,_ZNSt7__cxx1112basic_stringIcSt11char_traitsIcESaIcEEC1Ev
FN:535,540,_ZNSt7__cxx1112basic_stringIcSt11char_traitsIcESaIcEEC2ERKS3_
FN:547,553,_ZNSt7__cxx1112basic_stringIcSt11char_traitsIcESaIcEEC2ERKS4_
FN:641,650,_ZNSt7__cxx1112basic_stringIcSt11char_traitsIcESaIcEEC2IS3_EEPKcRKS3_
FN:664,666,_ZNSt7__cxx1112basic_stringIcSt11char_traitsIcESaIcEEC2IS3_EEmcRKS3_
FN:677,698,_ZNSt7__cxx1112basic_stringIcSt11char_traitsIcESaIcEEC2EOS4_
FN:760,770,_ZNSt7__cxx1112basic_stringIcSt11char_traitsIcESaIcEEC2IPcvEET_S7_RKS3_
FN:803,804,_ZNSt7__cxx1112basic_stringIcSt11char_traitsIcESaIcEED2Ev
FNDA:0,_ZNKSt7__cxx1112basic_stringIcSt11char_traitsIcESaIcEE4sizeEv
FNDA:0,_ZNKSt7__cxx1112basic_stringIcSt11char_traitsIcESaIcEE6lengthEv
FNDA:0,_ZNKSt7__cxx1112basic_stringIcSt11char_traitsIcESaIcEE8max_sizeEv
FNDA:0,_ZNKSt7__cxx1112basic_stringIcSt11char_traitsIcESaIcEE8capacityEv
FNDA:0,_ZNSt7__cxx1112basic_stringIcSt11char_traitsIcESaIcEE11_S_allocateERS3_m
FNDA:0,_ZNSt7__cxx1112basic_stringIcSt11char_traitsIcESaIcEEixEm
FNDA:0,_ZNSt7__cxx1112basic_stringIcSt11char_traitsIcESaIcEEpLERKS4_
FNDA:0,_ZNSt7__cxx1112basic_stringIcSt11char_traitsIcESaIcEE6appendERKS4_
FNDA:0,_ZNSt7__cxx1112basic_stringIcSt11char_traitsIcESaIcEE6appendEPKcm
FNDA:0,_ZNSt7__cxx1112basic_stringIcSt11char_traitsIcESaIcEE6appendEPKc
FNDA:0,_ZNSt7__cxx1112basic_stringIcSt11char_traitsIcESaIcEE12_Alloc_hiderC2EPcRKS3_
FNDA:0,_ZNSt7__cxx1112basic_stringIcSt11char_traitsIcESaIcEE6insertEmRKS4_
FNDA:0,_ZNSt7__cxx1112basic_stringIcSt11char_traitsIcESaIcEE12_Alloc_hiderC1EPcOS3_
FNDA:12,_ZNSt7__cxx1112basic_stringIcSt11char_traitsIcESaIcEE6insertEmPKc
FNDA:0,_ZNSt7__cxx1112basic_stringIcSt11char_traitsIcESaIcEE7_M_dataEPc
FNDA:0,_ZNSt7__cxx1112basic_stringIcSt11char_traitsIcESaIcEE9_M_lengthEm
FNDA:0,_ZNSt7__cxx1112basic_stringIcSt11char_traitsIcESaIcEE7replaceEmmPKcm
FNDA:0,_ZNKSt7__cxx1112basic_stringIcSt11char_traitsIcESaIcEE7_M_dataEv
FNDA:0,_ZNSt7__cxx1112basic_stringIcSt11char_traitsIcESaIcEE13_M_local_dataEv
FNDA:0,_ZNKSt7__cxx1112basic_stringIcSt11char_traitsIcESaIcEE13_M_local_dataEv
FNDA:0,_ZNSt7__cxx1112basic_stringIcSt11char_traitsIcESaIcEE11_M_capacityEm
FNDA:0,_ZNSt7__cxx1112basic_stringIcSt11char_traitsIcESaIcEE13_M_set_lengthEm
FNDA:0,_ZNKSt7__cxx1112basic_stringIcSt11char_traitsIcESaIcEE5c_strEv
FNDA:0,_ZNKSt7__cxx1112basic_stringIcSt11char_traitsIcESaIcEE4dataEv
FNDA:0,_ZNKSt7__cxx1112basic_stringIcSt11char_traitsIcESaIcEE11_M_is_localEv
FNDA:0,_ZNKSt7__cxx1112basic_stringIcSt11char_traitsIcESaIcEE13get_allocatorEv
FNDA:0,_ZNSt7__cxx1112basic_stringIcSt11char_traitsIcESaIcEE10_M_disposeEv
FNDA:0,_ZNSt7__cxx1112basic_stringIcSt11char_traitsIcESaIcEE10_M_destroyEm
FNDA:0,_ZNSt7__cxx1112basic_stringIcSt11char_traitsIcESaIcEE16_M_get_allocatorEv
FNDA:0,_ZNKSt7__cxx1112basic_stringIcSt11char_traitsIcESaIcEE16_M_get_allocatorEv
FNDA:0,_ZSt12__str_concatINSt7__cxx1112basic_stringIcSt11char_traitsIcESaIcEEEET_PKNS6_10value_typeENS6_9size_typeES9_SA_RKNS6_14allocator_typeE
FNDA:0,_ZStplIcSt11char_traitsIcESaIcEENSt7__cxx1112basic_stringIT_T0_T1_EEPKS5_RKS8_
FNDA:0,_ZStplIcSt11char_traitsIcESaIcEENSt7__cxx1112basic_stringIT_T0_T1_EEOS8_S9_
FNDA:12,_ZStplIcSt11char_traitsIcESaIcEENSt7__cxx1112basic_stringIT_T0_T1_EEPKS5_OS8_
FNDA:0,_ZStplIcSt11char_traitsIcESaIcEENSt7__cxx1112basic_stringIT_T0_T1_EEOS8_PKS5_
FNDA:0,_ZSteqIcSt11char_traitsIcESaIcEEbRKNSt7__cxx1112basic_stringIT_T0_T1_EESA_
FNDA:0,_ZSteqIcSt11char_traitsIcESaIcEEbRKNSt7__cxx1112basic_stringIT_T0_T1_EEPKS5_
FNDA:0,_ZNKSt7__cxx1112basic_stringIcSt11char_traitsIcESaIcEE8_M_checkEmPKc
FNDA:0,_ZNKSt7__cxx1112basic_stringIcSt11char_traitsIcESaIcEE15_M_check_lengthEmmPKc
FNDA:0,_ZNKSt7__cxx1112basic_stringIcSt11char_traitsIcESaIcEE8_M_limitEmm
FNDA:0,_ZNKSt7__cxx1112basic_stringIcSt11char_traitsIcESaIcEE11_M_disjunctEPKc
FNDA:0,_ZNSt7__cxx119to_stringEi
FNDA:0,_ZNSt7__cxx1112basic_stringIcSt11char_traitsIcESaIcEE7_S_copyEPcPKcm
FNDA:12,_ZNSt7__cxx119to_stringEd
FNDA:0,_ZNSt7__cxx1112basic_stringIcSt11char_traitsIcESaIcEE7_S_moveEPcPKcm
FNDA:0,_ZNSt7__cxx1112basic_stringIcSt11char_traitsIcESaIcEE9_S_assignEPcmc
FNDA:0,_ZNSt7__cxx1112basic_stringIcSt11char_traitsIcESaIcEE13_S_copy_charsEPcS5_S5_
FNDA:0,_ZNSt7__cxx1112basic_stringIcSt11char_traitsIcESaIcEE13_S_copy_charsEPcPKcS7_
FNDA:0,_ZNSt7__cxx1112basic_stringIcSt11char_traitsIcESaIcEEC1Ev
FNDA:0,_ZNSt7__cxx1112basic_stringIcSt11char_traitsIcESaIcEEC2ERKS3_
FNDA:0,_ZNSt7__cxx1112basic_stringIcSt11char_traitsIcESaIcEEC2ERKS4_
FNDA:0,_ZNSt7__cxx1112basic_stringIcSt11char_traitsIcESaIcEEC2IS3_EEPKcRKS3_
FNDA:0,_ZNSt7__cxx1112basic_stringIcSt11char_traitsIcESaIcEEC2IS3_EEmcRKS3_
FNDA:0,_ZNSt7__cxx1112basic_stringIcSt11char_traitsIcESaIcEEC2EOS4_
FNDA:12,_ZNSt7__cxx1112basic_stringIcSt11char_traitsIcESaIcEEC2IPcvEET_S7_RKS3_
FNDA:0,_ZNSt7__cxx1112basic_stringIcSt11char_traitsIcESaIcEED2Ev
FNF:56
FNH:4
DA:124,0
DA:126,0
DA:136,0
DA:188,0
DA:189,0
DA:192,0
DA:193,0
DA:212,0
DA:213,0
DA:217,0
DA:218,0
DA:222,0
DA:223,0
DA:227,0
DA:230,0
DA:238,0
DA:241,0
DA:249,0
DA:250,0
DA:254,0
DA:256,0
DA:257,0
DA:258,0
DA:262,0
DA:264,0
DA:266,0
DA:267,0
DA:268,0
DA:270,0
DA:280,0
DA:282,0
DA:283,0
DA:284,0
DA:288,0
DA:289,0
DA:336,0
DA:337,0
DA:341,0
DA:342,0
DA:351,0
DA:352,0
DA:353,0
DA:355,0
DA:365,0
DA:386,0
DA:388,0
DA:389,0
DA:392,0
DA:397,0
DA:399,0
DA:400,0
DA:401,0
DA:407,0
DA:409,0
DA:410,0
DA:415,0
DA:417,0
DA:418,0
DA:425,0
DA:427,0
DA:428,0
DA:430,0
DA:431,0
DA:435,0
DA:437,0
DA:438,0
DA:440,0
DA:441,0
DA:445,0
DA:447,0
DA:448,0
DA:450,0
DA:451,0
DA:477,0
DA:478,0
DA:482,0
DA:484,0
DA:522,0
DA:524,0
DA:527,0
DA:528,0
DA:535,0
DA:536,0
DA:539,0
DA:540,0
DA:547,0
DA:548,0
DA:549,0
DA:551,0
DA:553,0
DA:641,0
DA:642,0
DA:645,0
DA:646,0
DA:648,0
DA:649,0
DA:650,0
DA:664,0
DA:665,0
DA:666,0
DA:677,0
DA:678,0
DA:680,0
DA:683,0
DA:684,0
DA:688,0
DA:689,0
DA:695,0
DA:696,0
DA:697,0
DA:698,0
DA:760,12
DA:762,12
DA:765,12
DA:770,12
DA:803,0
DA:804,0
DA:1071,0
DA:1072,0
DA:1078,0
DA:1079,0
DA:1084,0
DA:1085,0
DA:1169,0
DA:1171,0
DA:1172,0
DA:1254,0
DA:1258,0
DA:1261,0
DA:1366,0
DA:1367,0
DA:1424,0
DA:1425,0
DA:1455,0
DA:1458,0
DA:1459,0
DA:1469,0
DA:1472,0
DA:1473,0
DA:1474,0
DA:1894,0
DA:1895,0
DA:1896,0
DA:1962,12
DA:1965,12
DA:1966,12
DA:2204,0
DA:2208,0
DA:2209,0
DA:2595,0
DA:2596,0
DA:2608,0
DA:2609,0
DA:2629,0
DA:2630,0
DA:3528,0
DA:3536,0
DA:3537,0
DA:3538,0
DA:3539,0
DA:3540,0
DA:3541,0
DA:3571,0
DA:3578,0
DA:3651,0
DA:3656,0
DA:3658,0
DA:3661,0
DA:3664,0
DA:3665,0
DA:3666,0
DA:3668,0
DA:3674,12
DA:3676,12
DA:3688,0
DA:3690,0
DA:3710,0
DA:3714,0
DA:3715,0
DA:3727,0
DA:3730,0
DA:3731,0
DA:4162,0
DA:4167,0
DA:4168,0
DA:4169,0
DA:4170,0
DA:4171,0
DA:4172,0
DA:4251,12
DA:4253,12
DA:4256,12
LF:192
LH:12
end_of_record
TN:
SF:/usr/include/c++/13/bits/basic_string.tcc
FN:138,160,_ZNSt7__cxx1112basic_stringIcSt11char_traitsIcESaIcEE9_M_createERmm
FN:221,252,_ZNSt7__cxx1112basic_stringIcSt11char_traitsIcESaIcEE12_M_constructIPKcEEvT_S8_St20forward_iterator_tag
FN:221,252,_ZNSt7__cxx1112basic_stringIcSt11char_traitsIcESaIcEE12_M_constructIPcEEvT_S7_St20forward_iterator_tag
FN:239,239,_ZZNSt7__cxx1112basic_stringIcSt11char_traitsIcESaIcEE12_M_constructIPKcEEvT_S8_St20forward_iterator_tagEN6_GuardC2EPS4_
FN:239,239,_ZZNSt7__cxx1112basic_stringIcSt11char_traitsIcESaIcEE12_M_constructIPcEEvT_S7_St20forward_iterator_tagEN6_GuardC2EPS4_
FN:242,242,_ZZNSt7__cxx1112basic_stringIcSt11char_traitsIcESaIcEE12_M_constructIPKcEEvT_S8_St20forward_iterator_tagEN6_GuardD2Ev
FN:242,242,_ZZNSt7__cxx1112basic_stringIcSt11char_traitsIcESaIcEE12_M_constructIPcEEvT_S7_St20forward_iterator_tagEN6_GuardD2Ev
FN:257,272,_ZNSt7__cxx1112basic_stringIcSt11char_traitsIcESaIcEE12_M_constructEmc
FN:304,320,_ZNSt7__cxx1112basic_stringIcSt11char_traitsIcESaIcEE7reserveEm
FN:325,345,_ZNSt7__cxx1112basic_stringIcSt11char_traitsIcESaIcEE9_M_mutateEmmPKcm
FN:413,428,_ZNSt7__cxx1112basic_stringIcSt11char_traitsIcESaIcEE9_M_appendEPKcm
FN:511,552,_ZNSt7__cxx1112basic_stringIcSt11char_traitsIcESaIcEE10_M_replaceEmmPKcm
FNDA:0,_ZNSt7__cxx1112basic_stringIcSt11char_traitsIcESaIcEE9_M_createERmm
FNDA:0,_ZNSt7__cxx1112basic_stringIcSt11char_traitsIcESaIcEE12_M_constructIPKcEEvT_S8_St20forward_iterator_tag
FNDA:0,_ZNSt7__cxx1112basic_stringIcSt11char_traitsIcESaIcEE12_M_constructIPcEEvT_S7_St20forward_iterator_tag
FNDA:0,_ZZNSt7__cxx1112basic_stringIcSt11char_traitsIcESaIcEE12_M_constructIPKcEEvT_S8_St20forward_iterator_tagEN6_GuardC2EPS4_
FNDA:0,_ZZNSt7__cxx1112basic_stringIcSt11char_traitsIcESaIcEE12_M_constructIPcEEvT_S7_St20forward_iterator_tagEN6_GuardC2EPS4_
FNDA:0,_ZZNSt7__cxx1112basic_stringIcSt11char_traitsIcESaIcEE12_M_constructIPKcEEvT_S8_St20forward_iterator_tagEN6_GuardD2Ev
FNDA:0,_ZZNSt7__cxx1112basic_stringIcSt11char_traitsIcESaIcEE12_M_constructIPcEEvT_S7_St20forward_iterator_tagEN6_GuardD2Ev
FNDA:0,_ZNSt7__cxx1112basic_stringIcSt11char_traitsIcESaIcEE12_M_constructEmc
FNDA:0,_ZNSt7__cxx1112basic_stringIcSt11char_traitsIcESaIcEE7reserveEm
FNDA:0,_ZNSt7__cxx1112basic_stringIcSt11char_traitsIcESaIcEE9_M_mutateEmmPKcm
FNDA:0,_ZNSt7__cxx1112basic_stringIcSt11char_traitsIcESaIcEE9_M_appendEPKcm
FNDA:0,_ZNSt7__cxx1112basic_stringIcSt11char_traitsIcESaIcEE10_M_replaceEmmPKcm
FNF:12
FNH:0
DA:138,0
DA:143,0
DA:144,0
DA:149,0
DA:151,0
DA:153,0
DA:154,0
DA:159,0
DA:221,0
DA:225,0
DA:227,0
DA:229,0
DA:230,0
DA:239,0
DA:242,0
DA:245,0
DA:247,0
DA:249,0
DA:251,0
DA:252,0
DA:257,0
DA:260,0
DA:262,0
DA:263,0
DA:268,0
DA:269,0
DA:271,0
DA:272,0
DA:304,0
DA:307,0
DA:312,0
DA:313,0
DA:315,0
DA:316,0
DA:317,0
DA:318,0
DA:319,0
DA:325,0
DA:329,0
DA:331,0
DA:332,0
DA:334,0
DA:335,0
DA:336,0
DA:337,0
DA:338,0
DA:339,0
DA:340,0
DA:342,0
DA:343,0
DA:344,0
DA:345,0
DA:413,0
DA:416,0
DA:418,0
DA:420,0
DA:421,0
DA:424,0
DA:426,0
DA:427,0
DA:511,0
DA:515,0
DA:517,0
DA:518,0
DA:520,0
DA:522,0
DA:524,0
DA:526,0
DA:528,0
DA:529,0
DA:530,0
DA:531,0
DA:532,0
DA:533,0
DA:537,0
DA:539,0
DA:540,0
DA:541,0
DA:542,0
DA:545,0
DA:548,0
DA:550,0
DA:551,0
LF:83
LH:0
end_of_record
TN:
SF:/usr/include/c++/13/bits/char_traits.h
FN:136,137,_ZN9__gnu_cxx11char_traitsIcE2eqERKcS3_
FN:199,206,_ZN9__gnu_cxx11char_traitsIcE6lengthEPKc
FN:222,248,_ZN9__gnu_cxx11char_traitsIcE4moveEPcPKcm
FN:253,268,_ZN9__gnu_cxx11char_traitsIcE4copyEPcPKcm
FN:273,300,_ZN9__gnu_cxx11char_traitsIcE6assignEPcmc
FN:351,359,_ZNSt11char_traitsIcE6assignERcRKc
FN:366,371,_ZNSt11char_traitsIcE2ltERKcS2_
FN:374,390,_ZNSt11char_traitsIcE7compareEPKcS2_m
FN:393,400,_ZNSt11char_traitsIcE6lengthEPKc
FN:415,424,_ZNSt11char_traitsIcE4moveEPcPKcm
FN:427,436,_ZNSt11char_traitsIcE4copyEPcPKcm
FN:439,448,_ZNSt11char_traitsIcE6assignEPcmc
FNDA:0,_ZN9__gnu_cxx11char_traitsIcE2eqERKcS3_
FNDA:0,_ZN9__gnu_cxx11char_traitsIcE6lengthEPKc
FNDA:0,_ZN9__gnu_cxx11char_traitsIcE4moveEPcPKcm
FNDA:0,_ZN9__gnu_cxx11char_traitsIcE4copyEPcPKcm
FNDA:0,_ZN9__gnu_cxx11char_traitsIcE6assignEPcmc
FNDA:0,_ZNSt11char_traitsIcE6assignERcRKc
FNDA:0,_ZNSt11char_traitsIcE2ltERKcS2_
FNDA:0,_ZNSt11char_traitsIcE7compareEPKcS2_m
FNDA:0,_ZNSt11char_traitsIcE6lengthEPKc
FNDA:0,_ZNSt11char_traitsIcE4moveEPcPKcm
FNDA:0,_ZNSt11char_traitsIcE4copyEPcPKcm
FNDA:0,_ZNSt11char_traitsIcE6assignEPcmc
FNF:12
FNH:0
DA:136,0
DA:137,0
DA:199,0
DA:202,0
DA:203,0
DA:204,0
DA:205,0
DA:222,0
DA:225,0
DA:226,0
DA:228,0
DA:242,0
DA:243,0
DA:246,0
DA:247,0
DA:253,0
DA:256,0
DA:257,0
DA:259,0
DA:261,0
DA:262,0
DA:263,0
DA:266,0
DA:267,0
DA:273,0
DA:277,0
DA:279,0
DA:280,0
DA:281,0
DA:287,0
DA:290,0
DA:291,0
DA:299,0
DA:351,0
DA:354,0
DA:355,0
DA:358,0
DA:359,0
DA:366,0
DA:369,0
DA:370,0
DA:374,0
DA:376,0
DA:377,0
DA:379,0
DA:381,0
DA:382,0
DA:383,0
DA:384,0
DA:385,0
DA:386,0
DA:389,0
DA:393,0
DA:396,0
DA:397,0
DA:399,0
DA:415,0
DA:417,0
DA:418,0
DA:420,0
DA:421,0
DA:423,0
DA:427,0
DA:429,0
DA:430,0
DA:432,0
DA:433,0
DA:435,0
DA:439,0
DA:441,0
DA:442,0
DA:444,0
DA:445,0
DA:447,0
LF:74
LH:0
end_of_record
TN:
SF:/usr/include/c++/13/bits/charconv.h
FN:55,74,_ZNSt8__detail14__to_chars_lenIjEEjT_i
FN:81,110,_ZNSt8__detail18__to_chars_10_implIjEEvPcjT_
FNDA:0,_ZNSt8__detail14__to_chars_lenIjEEjT_i
FNDA:0,_ZNSt8__detail18__to_chars_10_implIjEEvPcjT_
FNF:2
FNH:0
DA:55,0
DA:61,0
DA:62,0
DA:63,0
DA:64,0
DA:67,0
DA:68,0
DA:69,0
DA:70,0
DA:71,0
DA:72,0
DA:81,0
DA:87,0
DA:93,0
DA:94,0
DA:96,0
DA:97,0
DA:98,0
DA:99,0
DA:100,0
DA:102,0
DA:104,0
DA:105,0
DA:106,0
DA:109,0
DA:110,0
LF:26
LH:0
end_of_record
TN:
SF:/usr/include/c++/13/bits/cpp_type_traits.h
FN:607,608,_ZSt12__miter_baseIN9__gnu_cxx17__normal_iteratorIPSt4pairI17ContainerPositionIiEP10IContainerESt6vectorIS7_SaIS7_EEEEET_SD_
FN:607,608,_ZSt12__miter_baseIPPPN6OctreeIiP10IContainer17ContainerPositionIiEE4NodeEET_SA_
FN:607,608,_ZSt12__miter_baseIPSt4pairI17ContainerPositionIiEP10IContainerEET_S7_
FNDA:2130,_ZSt12__miter_baseIN9__gnu_cxx17__normal_iteratorIPSt4pairI17ContainerPositionIiEP10IContainerESt6vectorIS7_SaIS7_EEEEET_SD_
FNDA:0,_ZSt12__miter_baseIPPPN6OctreeIiP10IContainer17ContainerPositionIiEE4NodeEET_SA_
FNDA:12,_ZSt12__miter_baseIPSt4pairI17ContainerPositionIiEP10IContainerEET_S7_
FNF:3
FNH:2
DA:607,2142
DA:608,2142
LF:2
LH:2
end_of_record
TN:
SF:/usr/include/c++/13/bits/deque.tcc
FN:1201,1224,_ZSt11__equal_ditIPN6OctreeIiP10IContainer17ContainerPositionIiEE4NodeERKS7_PS8_St15_Deque_iteratorIS7_S9_SA_EEbRKSB_IT_T0_T1_ESI_T2_
FN:1237,1240,_ZSt12__equal_aux1IPN6OctreeIiP10IContainer17ContainerPositionIiEE4NodeERKS7_PS8_S7_S9_SA_EbSt15_Deque_iteratorIT_T0_T1_ESF_SB_IT2_T3_T4_E
FN:1245,1265,_ZSt12__equal_aux1IPPN6OctreeIiP10IContainer17ContainerPositionIiEE4NodeES7_RKS7_PS9_EN9__gnu_cxx11__enable_ifIXsrSt23__is_random_access_iterIT_NSt15iterator_traitsISF_E17iterator_categoryEE7__valueEbE6__typeESF_SF_St15_Deque_iteratorIT0_T1_T2_E
FN:484,516,_ZNSt5dequeIPN6OctreeIiP10IContainer17ContainerPositionIiEE4NodeESaIS7_EE16_M_push_back_auxIJRKS7_EEEvDpOT_
FN:560,568,_ZNSt5dequeIPN6OctreeIiP10IContainer17ContainerPositionIiEE4NodeESaIS7_EE15_M_pop_back_auxEv
FN:931,973,_ZNSt5dequeIPN6OctreeIiP10IContainer17ContainerPositionIiEE4NodeESaIS7_EE17_M_reallocate_mapEmb
FNDA:17,_ZSt11__equal_ditIPN6OctreeIiP10IContainer17ContainerPositionIiEE4NodeERKS7_PS8_St15_Deque_iteratorIS7_S9_SA_EEbRKSB_IT_T0_T1_ESI_T2_
FNDA:17,_ZSt12__equal_aux1IPN6OctreeIiP10IContainer17ContainerPositionIiEE4NodeERKS7_PS8_S7_S9_SA_EbSt15_Deque_iteratorIT_T0_T1_ESF_SB_IT2_T3_T4_E
FNDA:17,_ZSt12__equal_aux1IPPN6OctreeIiP10IContainer17ContainerPositionIiEE4NodeES7_RKS7_PS9_EN9__gnu_cxx11__enable_ifIXsrSt23__is_random_access_iterIT_NSt15iterator_traitsISF_E17iterator_categoryEE7__valueEbE6__typeESF_SF_St15_Deque_iteratorIT0_T1_T2_E
FNDA:0,_ZNSt5dequeIPN6OctreeIiP10IContainer17ContainerPositionIiEE4NodeESaIS7_EE16_M_push_back_auxIJRKS7_EEEvDpOT_
FNDA:0,_ZNSt5dequeIPN6OctreeIiP10IContainer17ContainerPositionIiEE4NodeESaIS7_EE15_M_pop_back_auxEv
FNDA:0,_ZNSt5dequeIPN6OctreeIiP10IContainer17ContainerPositionIiEE4NodeESaIS7_EE17_M_reallocate_mapEmb
FNF:6
FNH:3
DA:484,0
DA:492,0
DA:493,0
DA:496,0
DA:497,0
DA:501,0
DA:507,0
DA:509,0
DA:516,0
DA:560,0
DA:563,0
DA:564,0
DA:565,0
DA:566,0
DA:568,0
DA:931,0
DA:934,0
DA:935,0
DA:936,0
DA:939,0
DA:941,0
DA:942,0
DA:943,0
DA:944,0
DA:945,0
DA:946,0
DA:949,0
DA:950,0
DA:951,0
DA:955,0
DA:956,0
DA:959,0
DA:960,0
DA:961,0
DA:962,0
DA:963,0
DA:965,0
DA:967,0
DA:968,0
DA:971,0
DA:972,0
DA:973,0
DA:1201,17
DA:1207,17
DA:1209,0
DA:1210,0
DA:1212,0
DA:1213,0
DA:1214,0
DA:1215,0
DA:1216,0
DA:1218,0
DA:1220,0
DA:1223,17
DA:1237,17
DA:1240,17
DA:1245,17
DA:1251,17
DA:1252,17
DA:1254,0
DA:1255,0
DA:1256,0
DA:1257,0
DA:1259,0
DA:1260,0
DA:1261,0
DA:1264,17
LF:67
LH:9
end_of_record
TN:
SF:/usr/include/c++/13/bits/invoke.h
FN:104,117,_ZSt10__invoke_rIvRZN7StorageC4EiiiidEUlRS0_P10IContainer17ContainerPositionIiEE0_JS1_S3_S5_EENSt9enable_ifIX16is_invocable_r_vIT_T0_DpT1_EES9_E4typeEOSA_DpOSB_
FN:104,117,_ZSt10__invoke_rIvRZN7StorageC4EiiiidEUlRS0_P10IContainer17ContainerPositionIiEE_JS1_S3_S5_EENSt9enable_ifIX16is_invocable_r_vIT_T0_DpT1_EES9_E4typeEOSA_DpOSB_
FN:60,61,_ZSt13__invoke_implIvRZN7StorageC4EiiiidEUlRS0_P10IContainer17ContainerPositionIiEE0_JS1_S3_S5_EET_St14__invoke_otherOT0_DpOT1_
FN:60,61,_ZSt13__invoke_implIvRZN7StorageC4EiiiidEUlRS0_P10IContainer17ContainerPositionIiEE_JS1_S3_S5_EET_St14__invoke_otherOT0_DpOT1_
FN:71,75,_ZSt13__invoke_implIbM7StorageFbP10IContaineriiEPS0_JS2_iiEET_St21__invoke_memfun_derefOT0_OT1_DpOT2_
FN:71,75,_ZSt13__invoke_implIvM7StorageFvP10IContainerRSt6vectorImSaImEEmEPS0_JS2_St17reference_wrapperIS5_EmEET_St21__invoke_memfun_derefOT0_OT1_DpOT2_
FN:90,98,_ZSt8__invokeIM7StorageFbP10IContaineriiEJPS0_S2_iiEENSt15__invoke_resultIT_JDpT0_EE4typeEOS7_DpOS8_
FN:90,98,_ZSt8__invokeIM7StorageFvP10IContainerRSt6vectorImSaImEEmEJPS0_S2_St17reference_wrapperIS5_EmEENSt15__invoke_resultIT_JDpT0_EE4typeEOSD_DpOSE_
FNDA:790,_ZSt10__invoke_rIvRZN7StorageC4EiiiidEUlRS0_P10IContainer17ContainerPositionIiEE0_JS1_S3_S5_EENSt9enable_ifIX16is_invocable_r_vIT_T0_DpT1_EES9_E4typeEOSA_DpOSB_
FNDA:796,_ZSt10__invoke_rIvRZN7StorageC4EiiiidEUlRS0_P10IContainer17ContainerPositionIiEE_JS1_S3_S5_EENSt9enable_ifIX16is_invocable_r_vIT_T0_DpT1_EES9_E4typeEOSA_DpOSB_
FNDA:790,_ZSt13__invoke_implIvRZN7StorageC4EiiiidEUlRS0_P10IContainer17ContainerPositionIiEE0_JS1_S3_S5_EET_St14__invoke_otherOT0_DpOT1_
FNDA:796,_ZSt13__invoke_implIvRZN7StorageC4EiiiidEUlRS0_P10IContainer17ContainerPositionIiEE_JS1_S3_S5_EET_St14__invoke_otherOT0_DpOT1_
FNDA:464,_ZSt13__invoke_implIbM7StorageFbP10IContaineriiEPS0_JS2_iiEET_St21__invoke_memfun_derefOT0_OT1_DpOT2_
FNDA:18,_ZSt13__invoke_implIvM7StorageFvP10IContainerRSt6vectorImSaImEEmEPS0_JS2_St17reference_wrapperIS5_EmEET_St21__invoke_memfun_derefOT0_OT1_DpOT2_
FNDA:465,_ZSt8__invokeIM7StorageFbP10IContaineriiEJPS0_S2_iiEENSt15__invoke_resultIT_JDpT0_EE4typeEOS7_DpOS8_
FNDA:18,_ZSt8__invokeIM7StorageFvP10IContainerRSt6vectorImSaImEEmEJPS0_S2_St17reference_wrapperIS5_EmEENSt15__invoke_resultIT_JDpT0_EE4typeEOSD_DpOSE_
FNF:8
FNH:8
DA:60,1586
DA:61,1586
DA:71,482
DA:74,482
DA:90,483
DA:96,483
DA:97,482
DA:104,1586
DA:111,1586
DA:117,1154
LF:10
LH:10
end_of_record
TN:
SF:/usr/include/c++/13/bits/iterator_concepts.h
FN:145,154,_ZNKSt6ranges12__cust_imove6_IMoveclIRKPSt4pairI17ContainerPositionIiEP10IContainerEEENS1_8__resultIT_E4typeEOSD_
FNDA:91040,_ZNKSt6ranges12__cust_imove6_IMoveclIRKPSt4pairI17ContainerPositionIiEP10IContainerEEENS1_8__resultIT_E4typeEOSD_
FNF:1
FNH:1
DA:145,91040
DA:151,91040
LF:2
LH:2
end_of_record
TN:
SF:/usr/include/c++/13/bits/move.h
FN:138,139,_ZSt9addressofIKcEPT_RS1_
FN:138,139,_ZSt9addressofIcEPT_RS0_
FN:189,200,_ZSt4swapI17ContainerPositionIiEENSt9enable_ifIXsrSt6__and_IJSt6__not_ISt15__is_tuple_likeIT_EESt21is_move_constructibleIS6_ESt18is_move_assignableIS6_EEE5valueEvE4typeERS6_SG_
FN:189,200,_ZSt4swapINSt6thread2idEENSt9enable_ifIXsrSt6__and_IJSt6__not_ISt15__is_tuple_likeIT_EESt21is_move_constructibleIS6_ESt18is_move_assignableIS6_EEE5valueEvE4typeERS6_SG_
FN:189,200,_ZSt4swapIP10IContainerENSt9enable_ifIXsrSt6__and_IJSt6__not_ISt15__is_tuple_likeIT_EESt21is_move_constructibleIS6_ESt18is_move_assignableIS6_EEE5valueEvE4typeERS6_SG_
FN:51,52,_ZSt11__addressofIKZN7StorageC4EiiiidEUlRS0_P10IContainer17ContainerPositionIiEE0_EPT_RS8_
FN:51,52,_ZSt11__addressofIKZN7StorageC4EiiiidEUlRS0_P10IContainer17ContainerPositionIiEE_EPT_RS8_
FN:51,52,_ZSt11__addressofIKcEPT_RS1_
FN:51,52,_ZSt11__addressofINSt7__cxx1112basic_stringIcSt11char_traitsIcESaIcEEEEPT_RS6_
FN:51,52,_ZSt11__addressofISt4pairI17ContainerPositionIiEP10IContainerEEPT_RS6_
FN:51,52,_ZSt11__addressofISt5mutexEPT_RS1_
FN:51,52,_ZSt11__addressofISt6threadEPT_RS1_
FN:51,52,_ZSt11__addressofISt6vectorImSaImEEEPT_RS3_
FN:51,52,_ZSt11__addressofISt8functionIFvR7StorageP10IContainer17ContainerPositionIiEEEEPT_RS9_
FN:51,52,_ZSt11__addressofIcEPT_RS0_
FN:51,52,_ZSt11__addressofImEPT_RS0_
FN:70,71,_ZSt7forwardI17ContainerPositionIiEEOT_RNSt16remove_referenceIS2_E4typeE
FN:70,71,_ZSt7forwardIDnEOT_RNSt16remove_referenceIS0_E4typeE
FN:70,71,_ZSt7forwardIM7StorageFbP10IContaineriiEEOT_RNSt16remove_referenceIS5_E4typeE
FN:70,71,_ZSt7forwardIM7StorageFvP10IContainerRSt6vectorImSaImEEmEEOT_RNSt16remove_referenceIS9_E4typeE
FN:70,71,_ZSt7forwardINSt7__cxx1112basic_stringIcSt11char_traitsIcESaIcEEEEOT_RNSt16remove_referenceIS6_E4typeE
FN:70,71,_ZSt7forwardIP10IContainerEOT_RNSt16remove_referenceIS2_E4typeE
FN:70,71,_ZSt7forwardIP7StorageEOT_RNSt16remove_referenceIS2_E4typeE
FN:70,71,_ZSt7forwardIR17ContainerPositionIiEEOT_RNSt16remove_referenceIS3_E4typeE
FN:70,71,_ZSt7forwardIR7StorageEOT_RNSt16remove_referenceIS2_E4typeE
FN:70,71,_ZSt7forwardIRKNSt7__cxx1112basic_stringIcSt11char_traitsIcESaIcEEEEOT_RNSt16remove_referenceIS8_E4typeE
FN:70,71,_ZSt7forwardIRKPN6OctreeIiP10IContainer17ContainerPositionIiEE4NodeEEOT_RNSt16remove_referenceISA_E4typeE
FN:70,71,_ZSt7forwardIRKSt4pairI17ContainerPositionIiEP10IContainerEEOT_RNSt16remove_referenceIS8_E4typeE
FN:70,71,_ZSt7forwardIRKSt8functionIFvR7StorageP10IContainer17ContainerPositionIiEEEEOT_RNSt16remove_referenceISB_E4typeE
FN:70,71,_ZSt7forwardIRKZN7StorageC4EiiiidEUlRS0_P10IContainer17ContainerPositionIiEE0_EOT_RNSt16remove_referenceIS9_E4typeE
FN:70,71,_ZSt7forwardIRKZN7StorageC4EiiiidEUlRS0_P10IContainer17ContainerPositionIiEE_EOT_RNSt16remove_referenceIS9_E4typeE
FN:70,71,_ZSt7forwardIRKcEOT_RNSt16remove_referenceIS2_E4typeE
FN:70,71,_ZSt7forwardIRKmEOT_RNSt16remove_referenceIS2_E4typeE
FN:70,71,_ZSt7forwardIRP10IContainerEOT_RNSt16remove_referenceIS3_E4typeE
FN:70,71,_ZSt7forwardIRSt4pairI17ContainerPositionIiEP10IContainerEEOT_RNSt16remove_referenceIS7_E4typeE
FN:70,71,_ZSt7forwardIRSt6vectorImSaImEEEOT_RNSt16remove_referenceIS4_E4typeE
FN:70,71,_ZSt7forwardIRZN7StorageC4EiiiidEUlRS0_P10IContainer17ContainerPositionIiEE0_EOT_RNSt16remove_referenceIS8_E4typeE
FN:70,71,_ZSt7forwardIRZN7StorageC4EiiiidEUlRS0_P10IContainer17ContainerPositionIiEE_EOT_RNSt16remove_referenceIS8_E4typeE
FN:70,71,_ZSt7forwardIRcEOT_RNSt16remove_referenceIS1_E4typeE
FN:70,71,_ZSt7forwardIRiEOT_RNSt16remove_referenceIS1_E4typeE
FN:70,71,_ZSt7forwardIRmEOT_RNSt16remove_referenceIS1_E4typeE
FN:70,71,_ZSt7forwardISt17reference_wrapperISt6vectorImSaImEEEEOT_RNSt16remove_referenceIS5_E4typeE
FN:70,71,_ZSt7forwardISt4pairI17ContainerPositionIiEP10IContainerEEOT_RNSt16remove_referenceIS6_E4typeE
FN:70,71,_ZSt7forwardISt6threadEOT_RNSt16remove_referenceIS1_E4typeE
FN:70,71,_ZSt7forwardISt8functionIFvR7StorageP10IContainer17ContainerPositionIiEEEEOT_RNSt16remove_referenceIS9_E4typeE
FN:70,71,_ZSt7forwardIZN7StorageC4EiiiidEUlRS0_P10IContainer17ContainerPositionIiEE0_EOT_RNSt16remove_referenceIS7_E4typeE
FN:70,71,_ZSt7forwardIZN7StorageC4EiiiidEUlRS0_P10IContainer17ContainerPositionIiEE_EOT_RNSt16remove_referenceIS7_E4typeE
FN:70,71,_ZSt7forwardIiEOT_RNSt16remove_referenceIS0_E4typeE
FN:70,71,_ZSt7forwardImEOT_RNSt16remove_referenceIS0_E4typeE
FN:97,98,_ZSt4moveIR17ContainerPositionIiEEONSt16remove_referenceIT_E4typeEOS4_
FN:97,98,_ZSt4moveIRN9__gnu_cxx5__ops15_Iter_comp_iterIPFbRSt4pairI17ContainerPositionIiEP10IContainerES9_EEEEONSt16remove_referenceIT_E4typeEOSF_
FN:97,98,_ZSt4moveIRNSt6thread2idEEONSt16remove_referenceIT_E4typeEOS4_
FN:97,98,_ZSt4moveIRNSt7__cxx1112basic_stringIcSt11char_traitsIcESaIcEEEEONSt16remove_referenceIT_E4typeEOS8_
FN:97,98,_ZSt4moveIRP10IContainerEONSt16remove_referenceIT_E4typeEOS4_
FN:97,98,_ZSt4moveIRPFbRSt4pairI17ContainerPositionIiEP10IContainerES6_EEONSt16remove_referenceIT_E4typeEOSB_
FN:97,98,_ZSt4moveIRPNSt6thread6_StateEEONSt16remove_referenceIT_E4typeEOS5_
FN:97,98,_ZSt4moveIRPSt4pairI17ContainerPositionIiEP10IContainerEEONSt16remove_referenceIT_E4typeEOS9_
FN:97,98,_ZSt4moveIRSaIcEEONSt16remove_referenceIT_E4typeEOS3_
FN:97,98,_ZSt4moveIRSt4pairI17ContainerPositionIiEP10IContainerEEONSt16remove_referenceIT_E4typeEOS8_
FN:97,98,_ZSt4moveIRSt5tupleIJM7StorageFbP10IContaineriiEPS1_S3_iiEEEONSt16remove_referenceIT_E4typeEOSA_
FN:97,98,_ZSt4moveIRSt5tupleIJM7StorageFvP10IContainerRSt6vectorImSaImEEmEPS1_S3_St17reference_wrapperIS6_EmEEEONSt16remove_referenceIT_E4typeEOSG_
FN:97,98,_ZSt4moveIRSt6threadEONSt16remove_referenceIT_E4typeEOS3_
FN:97,98,_ZSt4moveIRSt8functionIFvR7StorageP10IContainer17ContainerPositionIiEEEEONSt16remove_referenceIT_E4typeEOSB_
FN:97,98,_ZSt4moveIRmEONSt16remove_referenceIT_E4typeEOS2_
FNDA:0,_ZSt9addressofIKcEPT_RS1_
FNDA:0,_ZSt9addressofIcEPT_RS0_
FNDA:0,_ZSt4swapI17ContainerPositionIiEENSt9enable_ifIXsrSt6__and_IJSt6__not_ISt15__is_tuple_likeIT_EESt21is_move_constructibleIS6_ESt18is_move_assignableIS6_EEE5valueEvE4typeERS6_SG_
FNDA:222,_ZSt4swapINSt6thread2idEENSt9enable_ifIXsrSt6__and_IJSt6__not_ISt15__is_tuple_likeIT_EESt21is_move_constructibleIS6_ESt18is_move_assignableIS6_EEE5valueEvE4typeERS6_SG_
FNDA:0,_ZSt4swapIP10IContainerENSt9enable_ifIXsrSt6__and_IJSt6__not_ISt15__is_tuple_likeIT_EESt21is_move_constructibleIS6_ESt18is_move_assignableIS6_EEE5valueEvE4typeERS6_SG_
FNDA:871,_ZSt11__addressofIKZN7StorageC4EiiiidEUlRS0_P10IContainer17ContainerPositionIiEE0_EPT_RS8_
FNDA:877,_ZSt11__addressofIKZN7StorageC4EiiiidEUlRS0_P10IContainer17ContainerPositionIiEE_EPT_RS8_
FNDA:0,_ZSt11__addressofIKcEPT_RS1_
FNDA:0,_ZSt11__addressofINSt7__cxx1112basic_stringIcSt11char_traitsIcESaIcEEEEPT_RS6_
FNDA:0,_ZSt11__addressofISt4pairI17ContainerPositionIiEP10IContainerEEPT_RS6_
FNDA:38451,_ZSt11__addressofISt5mutexEPT_RS1_
FNDA:1149,_ZSt11__addressofISt6threadEPT_RS1_
FNDA:18,_ZSt11__addressofISt6vectorImSaImEEEPT_RS3_
FNDA:0,_ZSt11__addressofISt8functionIFvR7StorageP10IContainer17ContainerPositionIiEEEEPT_RS9_
FNDA:0,_ZSt11__addressofIcEPT_RS0_
FNDA:0,_ZSt11__addressofImEPT_RS0_
FNDA:0,_ZSt7forwardI17ContainerPositionIiEEOT_RNSt16remove_referenceIS2_E4typeE
FNDA:126,_ZSt7forwardIDnEOT_RNSt16remove_referenceIS0_E4typeE
FNDA:5524,_ZSt7forwardIM7StorageFbP10IContaineriiEEOT_RNSt16remove_referenceIS5_E4typeE
FNDA:210,_ZSt7forwardIM7StorageFvP10IContainerRSt6vectorImSaImEEmEEOT_RNSt16remove_referenceIS9_E4typeE
FNDA:1153,_ZSt7forwardINSt7__cxx1112basic_stringIcSt11char_traitsIcESaIcEEEEOT_RNSt16remove_referenceIS6_E4typeE
FNDA:0,_ZSt7forwardIP10IContainerEOT_RNSt16remove_referenceIS2_E4typeE
FNDA:6699,_ZSt7forwardIP7StorageEOT_RNSt16remove_referenceIS2_E4typeE
FNDA:1446,_ZSt7forwardIR17ContainerPositionIiEEOT_RNSt16remove_referenceIS3_E4typeE
FNDA:0,_ZSt7forwardIR7StorageEOT_RNSt16remove_referenceIS2_E4typeE
FNDA:120,_ZSt7forwardIRKNSt7__cxx1112basic_stringIcSt11char_traitsIcESaIcEEEEOT_RNSt16remove_referenceIS8_E4typeE
FNDA:338,_ZSt7forwardIRKPN6OctreeIiP10IContainer17ContainerPositionIiEE4NodeEEOT_RNSt16remove_referenceISA_E4typeE
FNDA:170384,_ZSt7forwardIRKSt4pairI17ContainerPositionIiEP10IContainerEEOT_RNSt16remove_referenceIS8_E4typeE
FNDA:375,_ZSt7forwardIRKSt8functionIFvR7StorageP10IContainer17ContainerPositionIiEEEEOT_RNSt16remove_referenceISB_E4typeE
FNDA:162,_ZSt7forwardIRKZN7StorageC4EiiiidEUlRS0_P10IContainer17ContainerPositionIiEE0_EOT_RNSt16remove_referenceIS9_E4typeE
FNDA:162,_ZSt7forwardIRKZN7StorageC4EiiiidEUlRS0_P10IContainer17ContainerPositionIiEE_EOT_RNSt16remove_referenceIS9_E4typeE
FNDA:0,_ZSt7forwardIRKcEOT_RNSt16remove_referenceIS2_E4typeE
FNDA:0,_ZSt7forwardIRKmEOT_RNSt16remove_referenceIS2_E4typeE
FNDA:7050,_ZSt7forwardIRP10IContainerEOT_RNSt16remove_referenceIS3_E4typeE
FNDA:172382,_ZSt7forwardIRSt4pairI17ContainerPositionIiEP10IContainerEEOT_RNSt16remove_referenceIS7_E4typeE
FNDA:18,_ZSt7forwardIRSt6vectorImSaImEEEOT_RNSt16remove_referenceIS4_E4typeE
FNDA:1580,_ZSt7forwardIRZN7StorageC4EiiiidEUlRS0_P10IContainer17ContainerPositionIiEE0_EOT_RNSt16remove_referenceIS8_E4typeE
FNDA:1592,_ZSt7forwardIRZN7StorageC4EiiiidEUlRS0_P10IContainer17ContainerPositionIiEE_EOT_RNSt16remove_referenceIS8_E4typeE
FNDA:0,_ZSt7forwardIRcEOT_RNSt16remove_referenceIS1_E4typeE
FNDA:12447,_ZSt7forwardIRiEOT_RNSt16remove_referenceIS1_E4typeE
FNDA:246,_ZSt7forwardIRmEOT_RNSt16remove_referenceIS1_E4typeE
FNDA:282,_ZSt7forwardISt17reference_wrapperISt6vectorImSaImEEEEOT_RNSt16remove_referenceIS5_E4typeE
FNDA:97366,_ZSt7forwardISt4pairI17ContainerPositionIiEP10IContainerEEOT_RNSt16remove_referenceIS6_E4typeE
FNDA:444,_ZSt7forwardISt6threadEOT_RNSt16remove_referenceIS1_E4typeE
FNDA:114,_ZSt7forwardISt8functionIFvR7StorageP10IContainer17ContainerPositionIiEEEEOT_RNSt16remove_referenceIS9_E4typeE
FNDA:153,_ZSt7forwardIZN7StorageC4EiiiidEUlRS0_P10IContainer17ContainerPositionIiEE0_EOT_RNSt16remove_referenceIS7_E4typeE
FNDA:153,_ZSt7forwardIZN7StorageC4EiiiidEUlRS0_P10IContainer17ContainerPositionIiEE_EOT_RNSt16remove_referenceIS7_E4typeE
FNDA:2786,_ZSt7forwardIiEOT_RNSt16remove_referenceIS0_E4typeE
FNDA:54,_ZSt7forwardImEOT_RNSt16remove_referenceIS0_E4typeE
FNDA:0,_ZSt4moveIR17ContainerPositionIiEEONSt16remove_referenceIT_E4typeEOS4_
FNDA:1087,_ZSt4moveIRN9__gnu_cxx5__ops15_Iter_comp_iterIPFbRSt4pairI17ContainerPositionIiEP10IContainerES9_EEEEONSt16remove_referenceIT_E4typeEOSF_
FNDA:666,_ZSt4moveIRNSt6thread2idEEONSt16remove_referenceIT_E4typeEOS4_
FNDA:0,_ZSt4moveIRNSt7__cxx1112basic_stringIcSt11char_traitsIcESaIcEEEEONSt16remove_referenceIT_E4typeEOS8_
FNDA:0,_ZSt4moveIRP10IContainerEONSt16remove_referenceIT_E4typeEOS4_
FNDA:2455,_ZSt4moveIRPFbRSt4pairI17ContainerPositionIiEP10IContainerES6_EEONSt16remove_referenceIT_E4typeEOSB_
FNDA:0,_ZSt4moveIRPNSt6thread6_StateEEONSt16remove_referenceIT_E4typeEOS5_
FNDA:78868,_ZSt4moveIRPSt4pairI17ContainerPositionIiEP10IContainerEEONSt16remove_referenceIT_E4typeEOS9_
FNDA:0,_ZSt4moveIRSaIcEEONSt16remove_referenceIT_E4typeEOS3_
FNDA:5524,_ZSt4moveIRSt4pairI17ContainerPositionIiEP10IContainerEEONSt16remove_referenceIT_E4typeEOS8_
FNDA:2322,_ZSt4moveIRSt5tupleIJM7StorageFbP10IContaineriiEPS1_S3_iiEEEONSt16remove_referenceIT_E4typeEOSA_
FNDA:90,_ZSt4moveIRSt5tupleIJM7StorageFvP10IContainerRSt6vectorImSaImEEmEPS1_S3_St17reference_wrapperIS6_EmEEEONSt16remove_referenceIT_E4typeEOSG_
FNDA:222,_ZSt4moveIRSt6threadEONSt16remove_referenceIT_E4typeEOS3_
FNDA:57,_ZSt4moveIRSt8functionIFvR7StorageP10IContainer17ContainerPositionIiEEEEONSt16remove_referenceIT_E4typeEOSB_
FNDA:18,_ZSt4moveIRmEONSt16remove_referenceIT_E4typeEOS2_
FNF:64
FNH:43
DA:51,41366
DA:52,41366
DA:70,483366
DA:71,483366
DA:97,91309
DA:98,91309
DA:138,0
DA:139,0
DA:189,222
DA:197,222
DA:198,222
DA:199,222
DA:200,222
LF:13
LH:11
end_of_record
TN:
SF:/usr/include/c++/13/bits/new_allocator.h
FN:126,152,_ZNSt15__new_allocatorINSt7__cxx1112basic_stringIcSt11char_traitsIcESaIcEEEE8allocateEmPKv
FN:126,152,_ZNSt15__new_allocatorIPN6OctreeIiP10IContainer17ContainerPositionIiEE4NodeEE8allocateEmPKv
FN:126,152,_ZNSt15__new_allocatorIPPN6OctreeIiP10IContainer17ContainerPositionIiEE4NodeEE8allocateEmPKv
FN:126,152,_ZNSt15__new_allocatorISt4pairI17ContainerPositionIiEP10IContainerEE8allocateEmPKv
FN:126,152,_ZNSt15__new_allocatorISt6threadE8allocateEmPKv
FN:126,152,_ZNSt15__new_allocatorISt8functionIFvR7StorageP10IContainer17ContainerPositionIiEEEE8allocateEmPKv
FN:126,152,_ZNSt15__new_allocatorIcE8allocateEmPKv
FN:126,152,_ZNSt15__new_allocatorImE8allocateEmPKv
FN:156,173,_ZNSt15__new_allocatorINSt7__cxx1112basic_stringIcSt11char_traitsIcESaIcEEEE10deallocateEPS5_m
FN:156,173,_ZNSt15__new_allocatorIPN6OctreeIiP10IContainer17ContainerPositionIiEE4NodeEE10deallocateEPS7_m
FN:156,173,_ZNSt15__new_allocatorIPPN6OctreeIiP10IContainer17ContainerPositionIiEE4NodeEE10deallocateEPS8_m
FN:156,173,_ZNSt15__new_allocatorISt4pairI17ContainerPositionIiEP10IContainerEE10deallocateEPS5_m
FN:156,173,_ZNSt15__new_allocatorISt6threadE10deallocateEPS0_m
FN:156,173,_ZNSt15__new_allocatorISt8functionIFvR7StorageP10IContainer17ContainerPositionIiEEEE10deallocateEPS8_m
FN:156,173,_ZNSt15__new_allocatorIcE10deallocateEPcm
FN:156,173,_ZNSt15__new_allocatorImE10deallocateEPmm
FNDA:141,_ZNSt15__new_allocatorINSt7__cxx1112basic_stringIcSt11char_traitsIcESaIcEEEE8allocateEmPKv
FNDA:203,_ZNSt15__new_allocatorIPN6OctreeIiP10IContainer17ContainerPositionIiEE4NodeEE8allocateEmPKv
FNDA:203,_ZNSt15__new_allocatorIPPN6OctreeIiP10IContainer17ContainerPositionIiEE4NodeEE8allocateEmPKv
FNDA:29669,_ZNSt15__new_allocatorISt4pairI17ContainerPositionIiEP10IContainerEE8allocateEmPKv
FNDA:423,_ZNSt15__new_allocatorISt6threadE8allocateEmPKv
FNDA:135,_ZNSt15__new_allocatorISt8functionIFvR7StorageP10IContainer17ContainerPositionIiEEEE8allocateEmPKv
FNDA:0,_ZNSt15__new_allocatorIcE8allocateEmPKv
FNDA:3,_ZNSt15__new_allocatorImE8allocateEmPKv
FNDA:0,_ZNSt15__new_allocatorINSt7__cxx1112basic_stringIcSt11char_traitsIcESaIcEEEE10deallocateEPS5_m
FNDA:203,_ZNSt15__new_allocatorIPN6OctreeIiP10IContainer17ContainerPositionIiEE4NodeEE10deallocateEPS7_m
FNDA:203,_ZNSt15__new_allocatorIPPN6OctreeIiP10IContainer17ContainerPositionIiEE4NodeEE10deallocateEPS8_m
FNDA:0,_ZNSt15__new_allocatorISt4pairI17ContainerPositionIiEP10IContainerEE10deallocateEPS5_m
FNDA:422,_ZNSt15__new_allocatorISt6threadE10deallocateEPS0_m
FNDA:0,_ZNSt15__new_allocatorISt8functionIFvR7StorageP10IContainer17ContainerPositionIiEEEE10deallocateEPS8_m
FNDA:0,_ZNSt15__new_allocatorIcE10deallocateEPcm
FNDA:3,_ZNSt15__new_allocatorImE10deallocateEPmm
FNF:16
FNH:11
DA:88,39506
DA:92,95920
DA:126,30777
DA:134,30777
DA:138,0
DA:139,0
DA:140,0
DA:151,30777
DA:156,831
DA:172,831
DA:233,30777
LF:11
LH:8
end_of_record
TN:
SF:/usr/include/c++/13/bits/predefined_ops.h
FN:150,152,_ZN9__gnu_cxx5__ops15_Iter_comp_iterIPFbRSt4pairI17ContainerPositionIiEP10IContainerES8_EEC2ESA_
FN:157,158,_ZN9__gnu_cxx5__ops15_Iter_comp_iterIPFbRSt4pairI17ContainerPositionIiEP10IContainerES8_EEclINS_17__normal_iteratorIPS7_St6vectorIS7_SaIS7_EEEESI_EEbT_T0_
FN:164,165,_ZN9__gnu_cxx5__ops16__iter_comp_iterIPFbRSt4pairI17ContainerPositionIiEP10IContainerES8_EEENS0_15_Iter_comp_iterIT_EESC_
FN:187,189,_ZN9__gnu_cxx5__ops14_Iter_comp_valIPFbRSt4pairI17ContainerPositionIiEP10IContainerES8_EEC2EONS0_15_Iter_comp_iterISA_EE
FN:195,196,_ZN9__gnu_cxx5__ops14_Iter_comp_valIPFbRSt4pairI17ContainerPositionIiEP10IContainerES8_EEclINS_17__normal_iteratorIPS7_St6vectorIS7_SaIS7_EEEES7_EEbT_RT0_
FN:231,233,_ZN9__gnu_cxx5__ops14_Val_comp_iterIPFbRSt4pairI17ContainerPositionIiEP10IContainerES8_EEC2EONS0_15_Iter_comp_iterISA_EE
FN:239,240,_ZN9__gnu_cxx5__ops14_Val_comp_iterIPFbRSt4pairI17ContainerPositionIiEP10IContainerES8_EEclIS7_NS_17__normal_iteratorIPS7_St6vectorIS7_SaIS7_EEEEEEbRT_T0_
FN:252,253,_ZN9__gnu_cxx5__ops15__val_comp_iterIPFbRSt4pairI17ContainerPositionIiEP10IContainerES8_EEENS0_14_Val_comp_iterIT_EENS0_15_Iter_comp_iterISC_EE
FN:262,264,_ZN9__gnu_cxx5__ops16_Iter_equals_valIKSt4pairI17ContainerPositionIiEP10IContainerEEC2ERS8_
FN:269,270,_ZN9__gnu_cxx5__ops16_Iter_equals_valIKSt4pairI17ContainerPositionIiEP10IContainerEEclINS_17__normal_iteratorIPS7_St6vectorIS7_SaIS7_EEEEEEbT_
FN:276,277,_ZN9__gnu_cxx5__ops17__iter_equals_valIKSt4pairI17ContainerPositionIiEP10IContainerEEENS0_16_Iter_equals_valIT_EERSA_
FN:44,45,_ZNK9__gnu_cxx5__ops15_Iter_less_iterclIPKiS4_EEbT_T0_
FN:50,51,_ZN9__gnu_cxx5__ops16__iter_less_iterEv
FNDA:684,_ZN9__gnu_cxx5__ops15_Iter_comp_iterIPFbRSt4pairI17ContainerPositionIiEP10IContainerES8_EEC2ESA_
FNDA:1109,_ZN9__gnu_cxx5__ops15_Iter_comp_iterIPFbRSt4pairI17ContainerPositionIiEP10IContainerES8_EEclINS_17__normal_iteratorIPS7_St6vectorIS7_SaIS7_EEEESI_EEbT_T0_
FNDA:684,_ZN9__gnu_cxx5__ops16__iter_comp_iterIPFbRSt4pairI17ContainerPositionIiEP10IContainerES8_EEENS0_15_Iter_comp_iterIT_EESC_
FNDA:0,_ZN9__gnu_cxx5__ops14_Iter_comp_valIPFbRSt4pairI17ContainerPositionIiEP10IContainerES8_EEC2EONS0_15_Iter_comp_iterISA_EE
FNDA:0,_ZN9__gnu_cxx5__ops14_Iter_comp_valIPFbRSt4pairI17ContainerPositionIiEP10IContainerES8_EEclINS_17__normal_iteratorIPS7_St6vectorIS7_SaIS7_EEEES7_EEbT_RT0_
FNDA:1087,_ZN9__gnu_cxx5__ops14_Val_comp_iterIPFbRSt4pairI17ContainerPositionIiEP10IContainerES8_EEC2EONS0_15_Iter_comp_iterISA_EE
FNDA:1193,_ZN9__gnu_cxx5__ops14_Val_comp_iterIPFbRSt4pairI17ContainerPositionIiEP10IContainerES8_EEclIS7_NS_17__normal_iteratorIPS7_St6vectorIS7_SaIS7_EEEEEEbRT_T0_
FNDA:1087,_ZN9__gnu_cxx5__ops15__val_comp_iterIPFbRSt4pairI17ContainerPositionIiEP10IContainerES8_EEENS0_14_Val_comp_iterIT_EENS0_15_Iter_comp_iterISC_EE
FNDA:90,_ZN9__gnu_cxx5__ops16_Iter_equals_valIKSt4pairI17ContainerPositionIiEP10IContainerEEC2ERS8_
FNDA:324,_ZN9__gnu_cxx5__ops16_Iter_equals_valIKSt4pairI17ContainerPositionIiEP10IContainerEEclINS_17__normal_iteratorIPS7_St6vectorIS7_SaIS7_EEEEEEbT_
FNDA:90,_ZN9__gnu_cxx5__ops17__iter_equals_valIKSt4pairI17ContainerPositionIiEP10IContainerEEENS0_16_Iter_equals_valIT_EERSA_
FNDA:3516287,_ZNK9__gnu_cxx5__ops15_Iter_less_iterclIPKiS4_EEbT_T0_
FNDA:526500,_ZN9__gnu_cxx5__ops16__iter_less_iterEv
FNF:13
FNH:11
DA:44,3516287
DA:45,3516287
DA:50,526500
DA:51,526500
DA:150,684
DA:151,684
DA:152,684
DA:157,1109
DA:158,1109
DA:164,684
DA:165,684
DA:187,0
DA:188,0
DA:189,0
DA:195,0
DA:196,0
DA:231,1087
DA:232,1087
DA:233,1087
DA:239,1193
DA:240,1193
DA:252,1087
DA:253,1087
DA:262,90
DA:263,90
DA:264,90
DA:269,324
DA:270,324
DA:276,90
DA:277,90
LF:30
LH:25
end_of_record
TN:
SF:/usr/include/c++/13/bits/ptr_traits.h
FN:141,142,_ZNSt19__ptr_traits_ptr_toIPKcS0_Lb0EE10pointer_toERS0_
FN:141,142,_ZNSt19__ptr_traits_ptr_toIPccLb0EE10pointer_toERc
FNDA:0,_ZNSt19__ptr_traits_ptr_toIPKcS0_Lb0EE10pointer_toERS0_
FNDA:0,_ZNSt19__ptr_traits_ptr_toIPccLb0EE10pointer_toERc
FNF:2
FNH:0
DA:141,0
DA:142,0
LF:2
LH:0
end_of_record
TN:
SF:/usr/include/c++/13/bits/refwrap.h
FN:313,313,_ZNSt17reference_wrapperISt6vectorImSaImEEE6_S_funERS2_
FN:330,333,_ZNSt17reference_wrapperISt6vectorImSaImEEEC2IRS2_vPS2_EEOT_
FN:341,342,_ZNKSt17reference_wrapperISt6vectorImSaImEEEcvRS2_Ev
FN:346,347,_ZNKSt17reference_wrapperISt6vectorImSaImEEE3getEv
FN:374,375,_ZSt3refISt6vectorImSaImEEESt17reference_wrapperIT_ERS4_
FNDA:18,_ZNSt17reference_wrapperISt6vectorImSaImEEE6_S_funERS2_
FNDA:18,_ZNSt17reference_wrapperISt6vectorImSaImEEEC2IRS2_vPS2_EEOT_
FNDA:18,_ZNKSt17reference_wrapperISt6vectorImSaImEEEcvRS2_Ev
FNDA:18,_ZNKSt17reference_wrapperISt6vectorImSaImEEE3getEv
FNDA:18,_ZSt3refISt6vectorImSaImEEESt17reference_wrapperIT_ERS4_
FNF:5
FNH:5
DA:313,18
DA:330,18
DA:332,18
DA:333,18
DA:341,18
DA:342,18
DA:346,18
DA:347,18
DA:374,18
DA:375,18
LF:10
LH:10
end_of_record
TN:
SF:/usr/include/c++/13/bits/std_function.h
FN:134,143,_ZNSt14_Function_base13_Base_managerIZN7StorageC4EiiiidEUlRS1_P10IContainer17ContainerPositionIiEE0_E14_M_get_pointerERKSt9_Any_data
FN:134,143,_ZNSt14_Function_base13_Base_managerIZN7StorageC4EiiiidEUlRS1_P10IContainer17ContainerPositionIiEE_E14_M_get_pointerERKSt9_Any_data
FN:150,153,_ZNSt14_Function_base13_Base_managerIZN7StorageC4EiiiidEUlRS1_P10IContainer17ContainerPositionIiEE0_E9_M_createIRKS7_EEvRSt9_Any_dataOT_St17integral_constantIbLb1EE
FN:150,153,_ZNSt14_Function_base13_Base_managerIZN7StorageC4EiiiidEUlRS1_P10IContainer17ContainerPositionIiEE0_E9_M_createIS7_EEvRSt9_Any_dataOT_St17integral_constantIbLb1EE
FN:150,153,_ZNSt14_Function_base13_Base_managerIZN7StorageC4EiiiidEUlRS1_P10IContainer17ContainerPositionIiEE_E9_M_createIRKS7_EEvRSt9_Any_dataOT_St17integral_constantIbLb1EE
FN:150,153,_ZNSt14_Function_base13_Base_managerIZN7StorageC4EiiiidEUlRS1_P10IContainer17ContainerPositionIiEE_E9_M_createIS7_EEvRSt9_Any_dataOT_St17integral_constantIbLb1EE
FN:166,169,_ZNSt14_Function_base13_Base_managerIZN7StorageC4EiiiidEUlRS1_P10IContainer17ContainerPositionIiEE0_E10_M_destroyERSt9_Any_dataSt17integral_constantIbLb1EE
FN:166,169,_ZNSt14_Function_base13_Base_managerIZN7StorageC4EiiiidEUlRS1_P10IContainer17ContainerPositionIiEE_E10_M_destroyERSt9_Any_dataSt17integral_constantIbLb1EE
FN:180,207,_ZNSt14_Function_base13_Base_managerIZN7StorageC4EiiiidEUlRS1_P10IContainer17ContainerPositionIiEE0_E10_M_managerERSt9_Any_dataRKS9_St18_Manager_operation
FN:180,207,_ZNSt14_Function_base13_Base_managerIZN7StorageC4EiiiidEUlRS1_P10IContainer17ContainerPositionIiEE_E10_M_managerERSt9_Any_dataRKS9_St18_Manager_operation
FN:211,216,_ZNSt14_Function_base13_Base_managerIZN7StorageC4EiiiidEUlRS1_P10IContainer17ContainerPositionIiEE0_E15_M_init_functorIRKS7_EEvRSt9_Any_dataOT_
FN:211,216,_ZNSt14_Function_base13_Base_managerIZN7StorageC4EiiiidEUlRS1_P10IContainer17ContainerPositionIiEE0_E15_M_init_functorIS7_EEvRSt9_Any_dataOT_
FN:211,216,_ZNSt14_Function_base13_Base_managerIZN7StorageC4EiiiidEUlRS1_P10IContainer17ContainerPositionIiEE_E15_M_init_functorIRKS7_EEvRSt9_Any_dataOT_
FN:211,216,_ZNSt14_Function_base13_Base_managerIZN7StorageC4EiiiidEUlRS1_P10IContainer17ContainerPositionIiEE_E15_M_init_functorIS7_EEvRSt9_Any_dataOT_
FN:235,236,_ZNSt14_Function_base13_Base_managerIZN7StorageC4EiiiidEUlRS1_P10IContainer17ContainerPositionIiEE0_E21_M_not_empty_functionIS7_EEbRKT_
FN:235,236,_ZNSt14_Function_base13_Base_managerIZN7StorageC4EiiiidEUlRS1_P10IContainer17ContainerPositionIiEE_E21_M_not_empty_functionIS7_EEbRKT_
FN:239,239,_ZNSt14_Function_baseC2Ev
FN:241,245,_ZNSt14_Function_baseD2Ev
FN:247,247,_ZNKSt14_Function_base8_M_emptyEv
FN:267,285,_ZNSt17_Function_handlerIFvR7StorageP10IContainer17ContainerPositionIiEEZNS0_C4EiiiidEUlS1_S3_S5_E0_E10_M_managerERSt9_Any_dataRKS9_St18_Manager_operation
FN:267,285,_ZNSt17_Function_handlerIFvR7StorageP10IContainer17ContainerPositionIiEEZNS0_C4EiiiidEUlS1_S3_S5_E_E10_M_managerERSt9_Any_dataRKS9_St18_Manager_operation
FN:288,292,_ZNSt17_Function_handlerIFvR7StorageP10IContainer17ContainerPositionIiEEZNS0_C4EiiiidEUlS1_S3_S5_E0_E9_M_invokeERKSt9_Any_dataS1_OS3_OS5_
FN:288,292,_ZNSt17_Function_handlerIFvR7StorageP10IContainer17ContainerPositionIiEEZNS0_C4EiiiidEUlS1_S3_S5_E_E9_M_invokeERKSt9_Any_dataS1_OS3_OS5_
FN:386,395,_ZNSt8functionIFvR7StorageP10IContainer17ContainerPositionIiEEEC2ERKS7_
FN:404,414,_ZNSt8functionIFvR7StorageP10IContainer17ContainerPositionIiEEEC2EOS7_
FN:435,454,_ZNSt8functionIFvR7StorageP10IContainer17ContainerPositionIiEEEC2IZNS0_C4EiiiidEUlS1_S3_S5_E0_vEEOT_
FN:435,454,_ZNSt8functionIFvR7StorageP10IContainer17ContainerPositionIiEEEC2IZNS0_C4EiiiidEUlS1_S3_S5_E_vEEOT_
FN:573,574,_ZNKSt8functionIFvR7StorageP10IContainer17ContainerPositionIiEEEcvbEv
FN:587,592,_ZNKSt8functionIFvR7StorageP10IContainer17ContainerPositionIiEEEclES1_S3_S5_
FN:85,85,_ZNSt9_Any_data9_M_accessEv
FN:86,86,_ZNKSt9_Any_data9_M_accessEv
FN:90,91,_ZNSt9_Any_data9_M_accessIPKSt9type_infoEERT_v
FN:90,91,_ZNSt9_Any_data9_M_accessIPZN7StorageC4EiiiidEUlRS1_P10IContainer17ContainerPositionIiEE0_EERT_v
FN:90,91,_ZNSt9_Any_data9_M_accessIPZN7StorageC4EiiiidEUlRS1_P10IContainer17ContainerPositionIiEE_EERT_v
FN:90,91,_ZNSt9_Any_data9_M_accessIZN7StorageC4EiiiidEUlRS1_P10IContainer17ContainerPositionIiEE0_EERT_v
FN:90,91,_ZNSt9_Any_data9_M_accessIZN7StorageC4EiiiidEUlRS1_P10IContainer17ContainerPositionIiEE_EERT_v
FN:95,96,_ZNKSt9_Any_data9_M_accessIZN7StorageC4EiiiidEUlRS1_P10IContainer17ContainerPositionIiEE0_EERKT_v
FN:95,96,_ZNKSt9_Any_data9_M_accessIZN7StorageC4EiiiidEUlRS1_P10IContainer17ContainerPositionIiEE_EERKT_v
FNDA:871,_ZNSt14_Function_base13_Base_managerIZN7StorageC4EiiiidEUlRS1_P10IContainer17ContainerPositionIiEE0_E14_M_get_pointerERKSt9_Any_data
FNDA:877,_ZNSt14_Function_base13_Base_managerIZN7StorageC4EiiiidEUlRS1_P10IContainer17ContainerPositionIiEE_E14_M_get_pointerERKSt9_Any_data
FNDA:81,_ZNSt14_Function_base13_Base_managerIZN7StorageC4EiiiidEUlRS1_P10IContainer17ContainerPositionIiEE0_E9_M_createIRKS7_EEvRSt9_Any_dataOT_St17integral_constantIbLb1EE
FNDA:51,_ZNSt14_Function_base13_Base_managerIZN7StorageC4EiiiidEUlRS1_P10IContainer17ContainerPositionIiEE0_E9_M_createIS7_EEvRSt9_Any_dataOT_St17integral_constantIbLb1EE
FNDA:81,_ZNSt14_Function_base13_Base_managerIZN7StorageC4EiiiidEUlRS1_P10IContainer17ContainerPositionIiEE_E9_M_createIRKS7_EEvRSt9_Any_dataOT_St17integral_constantIbLb1EE
FNDA:51,_ZNSt14_Function_base13_Base_managerIZN7StorageC4EiiiidEUlRS1_P10IContainer17ContainerPositionIiEE_E9_M_createIS7_EEvRSt9_Any_dataOT_St17integral_constantIbLb1EE
FNDA:132,_ZNSt14_Function_base13_Base_managerIZN7StorageC4EiiiidEUlRS1_P10IContainer17ContainerPositionIiEE0_E10_M_destroyERSt9_Any_dataSt17integral_constantIbLb1EE
FNDA:132,_ZNSt14_Function_base13_Base_managerIZN7StorageC4EiiiidEUlRS1_P10IContainer17ContainerPositionIiEE_E10_M_destroyERSt9_Any_dataSt17integral_constantIbLb1EE
FNDA:213,_ZNSt14_Function_base13_Base_managerIZN7StorageC4EiiiidEUlRS1_P10IContainer17ContainerPositionIiEE0_E10_M_managerERSt9_Any_dataRKS9_St18_Manager_operation
FNDA:213,_ZNSt14_Function_base13_Base_managerIZN7StorageC4EiiiidEUlRS1_P10IContainer17ContainerPositionIiEE_E10_M_managerERSt9_Any_dataRKS9_St18_Manager_operation
FNDA:81,_ZNSt14_Function_base13_Base_managerIZN7StorageC4EiiiidEUlRS1_P10IContainer17ContainerPositionIiEE0_E15_M_init_functorIRKS7_EEvRSt9_Any_dataOT_
FNDA:51,_ZNSt14_Function_base13_Base_managerIZN7StorageC4EiiiidEUlRS1_P10IContainer17ContainerPositionIiEE0_E15_M_init_functorIS7_EEvRSt9_Any_dataOT_
FNDA:81,_ZNSt14_Function_base13_Base_managerIZN7StorageC4EiiiidEUlRS1_P10IContainer17ContainerPositionIiEE_E15_M_init_functorIRKS7_EEvRSt9_Any_dataOT_
FNDA:51,_ZNSt14_Function_base13_Base_managerIZN7StorageC4EiiiidEUlRS1_P10IContainer17ContainerPositionIiEE_E15_M_init_functorIS7_EEvRSt9_Any_dataOT_
FNDA:51,_ZNSt14_Function_base13_Base_managerIZN7StorageC4EiiiidEUlRS1_P10IContainer17ContainerPositionIiEE0_E21_M_not_empty_functionIS7_EEbRKT_
FNDA:51,_ZNSt14_Function_base13_Base_managerIZN7StorageC4EiiiidEUlRS1_P10IContainer17ContainerPositionIiEE_E21_M_not_empty_functionIS7_EEbRKT_
FNDA:0,_ZNSt14_Function_baseC2Ev
FNDA:0,_ZNSt14_Function_baseD2Ev
FNDA:1811,_ZNKSt14_Function_base8_M_emptyEv
FNDA:213,_ZNSt17_Function_handlerIFvR7StorageP10IContainer17ContainerPositionIiEEZNS0_C4EiiiidEUlS1_S3_S5_E0_E10_M_managerERSt9_Any_dataRKS9_St18_Manager_operation
FNDA:213,_ZNSt17_Function_handlerIFvR7StorageP10IContainer17ContainerPositionIiEEZNS0_C4EiiiidEUlS1_S3_S5_E_E10_M_managerERSt9_Any_dataRKS9_St18_Manager_operation
FNDA:790,_ZNSt17_Function_handlerIFvR7StorageP10IContainer17ContainerPositionIiEEZNS0_C4EiiiidEUlS1_S3_S5_E0_E9_M_invokeERKSt9_Any_dataS1_OS3_OS5_
FNDA:796,_ZNSt17_Function_handlerIFvR7StorageP10IContainer17ContainerPositionIiEEZNS0_C4EiiiidEUlS1_S3_S5_E_E9_M_invokeERKSt9_Any_dataS1_OS3_OS5_
FNDA:168,_ZNSt8functionIFvR7StorageP10IContainer17ContainerPositionIiEEEC2ERKS7_
FNDA:57,_ZNSt8functionIFvR7StorageP10IContainer17ContainerPositionIiEEEC2EOS7_
FNDA:51,_ZNSt8functionIFvR7StorageP10IContainer17ContainerPositionIiEEEC2IZNS0_C4EiiiidEUlS1_S3_S5_E0_vEEOT_
FNDA:51,_ZNSt8functionIFvR7StorageP10IContainer17ContainerPositionIiEEEC2IZNS0_C4EiiiidEUlS1_S3_S5_E_vEEOT_
FNDA:225,_ZNKSt8functionIFvR7StorageP10IContainer17ContainerPositionIiEEEcvbEv
FNDA:1586,_ZNKSt8functionIFvR7StorageP10IContainer17ContainerPositionIiEEEclES1_S3_S5_
FNDA:0,_ZNSt9_Any_data9_M_accessEv
FNDA:0,_ZNKSt9_Any_data9_M_accessEv
FNDA:0,_ZNSt9_Any_data9_M_accessIPKSt9type_infoEERT_v
FNDA:0,_ZNSt9_Any_data9_M_accessIPZN7StorageC4EiiiidEUlRS1_P10IContainer17ContainerPositionIiEE0_EERT_v
FNDA:0,_ZNSt9_Any_data9_M_accessIPZN7StorageC4EiiiidEUlRS1_P10IContainer17ContainerPositionIiEE_EERT_v
FNDA:132,_ZNSt9_Any_data9_M_accessIZN7StorageC4EiiiidEUlRS1_P10IContainer17ContainerPositionIiEE0_EERT_v
FNDA:132,_ZNSt9_Any_data9_M_accessIZN7StorageC4EiiiidEUlRS1_P10IContainer17ContainerPositionIiEE_EERT_v
FNDA:871,_ZNKSt9_Any_data9_M_accessIZN7StorageC4EiiiidEUlRS1_P10IContainer17ContainerPositionIiEE0_EERKT_v
FNDA:877,_ZNKSt9_Any_data9_M_accessIZN7StorageC4EiiiidEUlRS1_P10IContainer17ContainerPositionIiEE_EERKT_v
FNF:38
FNH:31
DA:85,0
DA:86,0
DA:90,264
DA:91,264
DA:95,1748
DA:96,1748
DA:134,1748
DA:138,1748
DA:139,1748
DA:150,264
DA:152,264
DA:153,264
DA:166,264
DA:168,264
DA:169,264
DA:180,426
DA:183,426
DA:185,0
DA:187,0
DA:191,0
DA:193,0
DA:194,0
DA:195,0
DA:197,162
DA:198,162
DA:199,162
DA:200,162
DA:202,264
DA:203,264
DA:204,264
DA:206,426
DA:211,264
DA:215,264
DA:216,264
DA:235,102
DA:236,102
DA:239,0
DA:241,0
DA:243,0
DA:244,0
DA:245,0
DA:247,1811
DA:267,426
DA:270,426
DA:273,0
DA:274,0
DA:275,0
DA:277,0
DA:278,0
DA:279,0
DA:281,426
DA:282,426
DA:284,426
DA:288,1586
DA:290,1586
DA:291,1154
DA:386,168
DA:387,168
DA:389,168
DA:391,168
DA:392,168
DA:393,168
DA:395,168
DA:404,57
DA:405,57
DA:407,57
DA:409,57
DA:410,57
DA:411,57
DA:412,57
DA:414,57
DA:435,102
DA:437,102
DA:447,102
DA:449,102
DA:451,102
DA:452,102
DA:454,102
DA:573,225
DA:574,225
DA:587,1586
DA:589,1586
DA:590,0
DA:591,1586
LF:84
LH:64
end_of_record
TN:
SF:/usr/include/c++/13/bits/std_mutex.h
FN:104,104,_ZNSt5mutexC2Ev
FN:111,118,_ZNSt5mutex4lockEv
FN:129,133,_ZNSt5mutex6unlockEv
FN:67,67,_ZNSt12__mutex_baseC2Ev
FNDA:75,_ZNSt5mutexC2Ev
FNDA:38266,_ZNSt5mutex4lockEv
FNDA:38283,_ZNSt5mutex6unlockEv
FNDA:75,_ZNSt12__mutex_baseC2Ev
FNF:4
FNH:4
DA:67,75
DA:104,75
DA:111,38266
DA:113,38266
DA:116,38322
DA:117,0
DA:118,38322
DA:129,38283
DA:132,38283
DA:133,38316
LF:10
LH:9
end_of_record
TN:
SF:/usr/include/c++/13/bits/std_thread.h
FN:143,148,_ZNSt6thread24_M_thread_deps_never_runEv
FN:154,167,_ZNSt6threadC2IM7StorageFbP10IContaineriiEJPS1_RS3_RiS8_EvEEOT_DpOT0_
FN:154,167,_ZNSt6threadC2IM7StorageFvP10IContainerRSt6vectorImSaImEEmEJPS1_RS3_St17reference_wrapperIS6_ERmEvEEOT_DpOT0_
FN:170,174,_ZNSt6threadD2Ev
FN:178,179,_ZNSt6threadC2EOS_
FN:192,193,_ZNSt6thread4swapERS_
FN:196,197,_ZNKSt6thread8joinableEv
FN:239,241,_ZNSt6thread11_State_implINS_8_InvokerISt5tupleIJM7StorageFbP10IContaineriiEPS3_S5_iiEEEEEC2IJS7_S8_RS5_RiSE_EEEDpOT_
FN:239,241,_ZNSt6thread11_State_implINS_8_InvokerISt5tupleIJM7StorageFvP10IContainerRSt6vectorImSaImEEmEPS3_S5_St17reference_wrapperIS8_EmEEEEEC2IJSB_SC_RS5_SE_RmEEEDpOT_
FN:244,244,_ZNSt6thread11_State_implINS_8_InvokerISt5tupleIJM7StorageFbP10IContaineriiEPS3_S5_iiEEEEE6_M_runEv
FN:244,244,_ZNSt6thread11_State_implINS_8_InvokerISt5tupleIJM7StorageFvP10IContainerRSt6vectorImSaImEEmEPS3_S5_St17reference_wrapperIS8_EmEEEEE6_M_runEv
FN:276,278,_ZNSt6thread8_InvokerISt5tupleIJM7StorageFbP10IContaineriiEPS2_S4_iiEEEC2IJS6_S7_RS4_RiSC_EEEDpOT_
FN:276,278,_ZNSt6thread8_InvokerISt5tupleIJM7StorageFvP10IContainerRSt6vectorImSaImEEmEPS2_S4_St17reference_wrapperIS7_EmEEEC2IJSA_SB_RS4_SD_RmEEEDpOT_
FN:291,292,_ZNSt6thread8_InvokerISt5tupleIJM7StorageFbP10IContaineriiEPS2_S4_iiEEE9_M_invokeIJLm0ELm1ELm2ELm3ELm4EEEEbSt12_Index_tupleIJXspT_EEE
FN:291,292,_ZNSt6thread8_InvokerISt5tupleIJM7StorageFvP10IContainerRSt6vectorImSaImEEmEPS2_S4_St17reference_wrapperIS7_EmEEE9_M_invokeIJLm0ELm1ELm2ELm3ELm4EEEEvSt12_Index_tupleIJXspT_EEE
FN:295,300,_ZNSt6thread8_InvokerISt5tupleIJM7StorageFbP10IContaineriiEPS2_S4_iiEEEclEv
FN:295,300,_ZNSt6thread8_InvokerISt5tupleIJM7StorageFvP10IContainerRSt6vectorImSaImEEmEPS2_S4_St17reference_wrapperIS7_EmEEEclEv
FN:324,331,_ZSteqNSt6thread2idES0_
FN:97,97,_ZNSt6thread2idC2Ev
FNDA:0,_ZNSt6thread24_M_thread_deps_never_runEv
FNDA:465,_ZNSt6threadC2IM7StorageFbP10IContaineriiEJPS1_RS3_RiS8_EvEEOT_DpOT0_
FNDA:18,_ZNSt6threadC2IM7StorageFvP10IContainerRSt6vectorImSaImEEmEJPS1_RS3_St17reference_wrapperIS6_ERmEvEEOT_DpOT0_
FNDA:704,_ZNSt6threadD2Ev
FNDA:222,_ZNSt6threadC2EOS_
FNDA:222,_ZNSt6thread4swapERS_
FNDA:704,_ZNKSt6thread8joinableEv
FNDA:465,_ZNSt6thread11_State_implINS_8_InvokerISt5tupleIJM7StorageFbP10IContaineriiEPS3_S5_iiEEEEEC2IJS7_S8_RS5_RiSE_EEEDpOT_
FNDA:18,_ZNSt6thread11_State_implINS_8_InvokerISt5tupleIJM7StorageFvP10IContainerRSt6vectorImSaImEEmEPS3_S5_St17reference_wrapperIS8_EmEEEEEC2IJSB_SC_RS5_SE_RmEEEDpOT_
FNDA:465,_ZNSt6thread11_State_implINS_8_InvokerISt5tupleIJM7StorageFbP10IContaineriiEPS3_S5_iiEEEEE6_M_runEv
FNDA:18,_ZNSt6thread11_State_implINS_8_InvokerISt5tupleIJM7StorageFvP10IContainerRSt6vectorImSaImEEmEPS3_S5_St17reference_wrapperIS8_EmEEEEE6_M_runEv
FNDA:465,_ZNSt6thread8_InvokerISt5tupleIJM7StorageFbP10IContaineriiEPS2_S4_iiEEEC2IJS6_S7_RS4_RiSC_EEEDpOT_
FNDA:18,_ZNSt6thread8_InvokerISt5tupleIJM7StorageFvP10IContainerRSt6vectorImSaImEEmEPS2_S4_St17reference_wrapperIS7_EmEEEC2IJSA_SB_RS4_SD_RmEEEDpOT_
FNDA:465,_ZNSt6thread8_InvokerISt5tupleIJM7StorageFbP10IContaineriiEPS2_S4_iiEEE9_M_invokeIJLm0ELm1ELm2ELm3ELm4EEEEbSt12_Index_tupleIJXspT_EEE
FNDA:18,_ZNSt6thread8_InvokerISt5tupleIJM7StorageFvP10IContainerRSt6vectorImSaImEEmEPS2_S4_St17reference_wrapperIS7_EmEEE9_M_invokeIJLm0ELm1ELm2ELm3ELm4EEEEvSt12_Index_tupleIJXspT_EEE
FNDA:465,_ZNSt6thread8_InvokerISt5tupleIJM7StorageFbP10IContaineriiEPS2_S4_iiEEEclEv
FNDA:18,_ZNSt6thread8_InvokerISt5tupleIJM7StorageFvP10IContainerRSt6vectorImSaImEEmEPS2_S4_St17reference_wrapperIS7_EmEEEclEv
FNDA:704,_ZSteqNSt6thread2idES0_
FNDA:1409,_ZNSt6thread2idC2Ev
FNF:19
FNH:18
DA:97,1409
DA:143,0
DA:148,0
DA:154,483
DA:155,483
DA:164,483
DA:167,483
DA:170,704
DA:172,704
DA:174,704
DA:178,222
DA:179,222
DA:192,222
DA:193,222
DA:196,704
DA:197,704
DA:239,483
DA:240,483
DA:241,483
DA:244,483
DA:276,483
DA:277,483
DA:278,483
DA:291,483
DA:292,483
DA:295,483
DA:299,483
DA:324,704
DA:330,704
LF:29
LH:27
end_of_record
TN:
SF:/usr/include/c++/13/bits/stl_algo.h
FN:1631,1639,_ZSt13__heap_selectIN9__gnu_cxx17__normal_iteratorIPSt4pairI17ContainerPositionIiEP10IContainerESt6vectorIS7_SaIS7_EEEENS0_5__ops15_Iter_comp_iterIPFbRS7_SF_EEEEvT_SJ_SJ_T0_
FN:1792,1806,_ZSt25__unguarded_linear_insertIN9__gnu_cxx17__normal_iteratorIPSt4pairI17ContainerPositionIiEP10IContainerESt6vectorIS7_SaIS7_EEEENS0_5__ops14_Val_comp_iterIPFbRS7_SF_EEEEvT_T0_
FN:1812,1830,_ZSt16__insertion_sortIN9__gnu_cxx17__normal_iteratorIPSt4pairI17ContainerPositionIiEP10IContainerESt6vectorIS7_SaIS7_EEEENS0_5__ops15_Iter_comp_iterIPFbRS7_SF_EEEEvT_SJ_T0_
[...]
FNDA:150,_ZNSt6vectorINSt7__cxx1112basic_stringIcSt11char_traitsIcESaIcEEESaIS5_EE12emplace_backIJS5_EEERS5_DpOT_
FNDA:657,_ZNSt6vectorISt4pairI17ContainerPositionIiEP10IContainerESaIS5_EE12emplace_backIJS5_EEERS5_DpOT_
FNDA:465,_ZNSt6vectorISt6threadSaIS0_EE12emplace_backIJM7StorageFbP10IContaineriiEPS4_RS6_RiSB_EEERS0_DpOT_
FNDA:18,_ZNSt6vectorISt6threadSaIS0_EE12emplace_backIJM7StorageFvP10IContainerRS_ImSaImEEmEPS4_RS6_St17reference_wrapperIS8_ERmEEERS0_DpOT_
FNDA:150,_ZNSt6vectorISt4pairI17ContainerPositionIiEP10IContainerESaIS5_EE8_M_eraseEN9__gnu_cxx17__normal_iteratorIPS5_S7_EE
FNDA:90,_ZNSt6vectorISt4pairI17ContainerPositionIiEP10IContainerESaIS5_EE8_M_eraseEN9__gnu_cxx17__normal_iteratorIPS5_S7_EESB_
FNDA:45,_ZNSt6vectorISt4pairI17ContainerPositionIiEP10IContainerESaIS5_EE14_M_insert_rvalEN9__gnu_cxx17__normal_iteratorIPKS5_S7_EEOS5_
FNDA:6,_ZNSt6vectorISt4pairI17ContainerPositionIiEP10IContainerESaIS5_EE13_M_insert_auxIS5_EEvN9__gnu_cxx17__normal_iteratorIPS5_S7_EEOT_
FNDA:36,_ZNSt6vectorINSt7__cxx1112basic_stringIcSt11char_traitsIcESaIcEEESaIS5_EE17_M_realloc_insertIJRKS5_EEEvN9__gnu_cxx17__normal_iteratorIPS5_S7_EEDpOT_
FNDA:105,_ZNSt6vectorINSt7__cxx1112basic_stringIcSt11char_traitsIcESaIcEEESaIS5_EE17_M_realloc_insertIJS5_EEEvN9__gnu_cxx17__normal_iteratorIPS5_S7_EEDpOT_
FNDA:1334,_ZNSt6vectorISt4pairI17ContainerPositionIiEP10IContainerESaIS5_EE17_M_realloc_insertIJRKS5_EEEvN9__gnu_cxx17__normal_iteratorIPS5_S7_EEDpOT_
FNDA:374,_ZNSt6vectorISt4pairI17ContainerPositionIiEP10IContainerESaIS5_EE17_M_realloc_insertIJS5_EEEvN9__gnu_cxx17__normal_iteratorIPS5_S7_EEDpOT_
FNDA:411,_ZNSt6vectorISt6threadSaIS0_EE17_M_realloc_insertIJM7StorageFbP10IContaineriiEPS4_RS6_RiSB_EEEvN9__gnu_cxx17__normal_iteratorIPS0_S2_EEDpOT_
FNDA:12,_ZNSt6vectorISt6threadSaIS0_EE17_M_realloc_insertIJM7StorageFvP10IContainerRS_ImSaImEEmEPS4_RS6_St17reference_wrapperIS8_ERmEEEvN9__gnu_cxx17__normal_iteratorIPS0_S2_EEDpOT_
FNDA:105,_ZNSt6vectorISt8functionIFvR7StorageP10IContainer17ContainerPositionIiEEESaIS8_EE17_M_realloc_insertIJRKS8_EEEvN9__gnu_cxx17__normal_iteratorIPS8_SA_EEDpOT_
FNDA:19763,_ZNSt6vectorISt4pairI17ContainerPositionIiEP10IContainerESaIS5_EE15_M_range_insertIN9__gnu_cxx17__normal_iteratorIPS5_S7_EEEEvSC_T_SD_St20forward_iterator_tag
FNF:16
FNH:16
DA:111,1290
DA:114,1290
DA:117,460
DA:119,460
DA:123,830
DA:125,1290
DA:181,150
DA:184,150
DA:185,123
DA:186,150
DA:187,150
DA:189,150
DA:195,90
DA:198,90
DA:200,90
DA:201,0
DA:202,90
DA:204,90
DA:356,45
DA:359,45
DA:360,45
DA:361,6
DA:364,0
DA:365,0
DA:366,0
DA:370,6
DA:372,39
DA:374,45
DA:413,6
DA:423,6
DA:424,6
DA:425,6
DA:430,6
DA:436,6
DA:438,6
DA:445,2377
DA:455,2377
DA:456,2377
DA:457,2377
DA:458,2377
DA:459,2377
DA:460,2377
DA:468,2377
DA:469,2377
DA:475,2376
DA:480,2377
DA:481,2376
DA:483,2377
DA:485,2377
DA:486,2377
DA:504,0
DA:506,0
DA:507,0
DA:508,0
DA:510,0
DA:511,0
DA:512,0
DA:519,2377
DA:520,2377
DA:521,2377
DA:522,2377
DA:523,2377
DA:524,2377
DA:751,19763
DA:755,19763
DA:757,19757
DA:758,19757
DA:759,19757
DA:761,920
DA:762,920
DA:763,920
DA:766,0
DA:769,0
DA:770,0
DA:772,0
DA:774,0
DA:778,920
DA:781,920
DA:783,920
DA:784,920
DA:786,920
DA:789,920
DA:790,920
DA:792,920
DA:800,18837
DA:801,18837
DA:804,18837
DA:805,18823
DA:806,18903
DA:811,18903
DA:812,18903
DA:814,18885
DA:816,18885
DA:819,18864
DA:820,18862
DA:822,0
DA:825,0
DA:826,0
DA:827,0
DA:830,18864
DA:832,18859
DA:833,18859
DA:834,18873
DA:835,18873
DA:836,18873
DA:839,19789
LF:106
LH:86
end_of_record
TN:
SF:/usr/include/c++/13/compare
FN:1214,1233,_ZNKSt8__detail10_Synth3wayclIPSt4pairI17ContainerPositionIiEP10IContainerES8_EEDaRKT_RKT0_
FN:292,293,_ZStltSt15strong_orderingNSt9__cmp_cat8__unspecE
FNDA:0,_ZNKSt8__detail10_Synth3wayclIPSt4pairI17ContainerPositionIiEP10IContainerES8_EEDaRKT_RKT0_
FNDA:0,_ZStltSt15strong_orderingNSt9__cmp_cat8__unspecE
FNF:2
FNH:0
DA:292,0
DA:293,0
DA:1214,0
DA:1223,0
LF:4
LH:0
end_of_record
TN:
SF:/usr/include/c++/13/ext/alloc_traits.h
FNF:0
FNH:0
DA:98,9533
LF:1
LH:1
end_of_record
TN:
SF:/usr/include/c++/13/ext/string_conversions.h
FN:101,118,_ZN9__gnu_cxx12__to_xstringINSt7__cxx1112basic_stringIcSt11char_traitsIcESaIcEEEcEET_PFiPT0_mPKS8_P13__va_list_tagEmSB_z
FNDA:12,_ZN9__gnu_cxx12__to_xstringINSt7__cxx1112basic_stringIcSt11char_traitsIcESaIcEEEcEET_PFiPT0_mPKS8_P13__va_list_tagEmSB_z
FNF:1
FNH:1
DA:101,12
DA:107,12
DA:111,12
DA:113,12
DA:115,12
DA:117,24
LF:6
LH:6
end_of_record
TN:
SF:/usr/include/c++/13/initializer_list
FN:69,69,_ZNKSt16initializer_listIiE4sizeEv
FN:73,73,_ZNKSt16initializer_listIiE5beginEv
FN:77,77,_ZNKSt16initializer_listIiE3endEv
FNDA:527521,_ZNKSt16initializer_listIiE4sizeEv
FNDA:1029754,_ZNKSt16initializer_listIiE5beginEv
FNDA:525911,_ZNKSt16initializer_listIiE3endEv
FNF:3
FNH:3
DA:69,527521
DA:73,1029754
DA:77,525911
LF:3
LH:3
end_of_record
TN:
SF:/usr/include/c++/13/new
FN:174,175,_ZnwmPv
FN:180,180,_ZdlPvS_
FNDA:0,_ZnwmPv
FNDA:0,_ZdlPvS_
FNF:2
FNH:0
DA:174,0
DA:175,0
DA:180,0
LF:3
LH:0
end_of_record
TN:
SF:/usr/include/c++/13/shared_mutex
FN:163,163,_ZNSt22__shared_mutex_pthreadC2Ev
FN:415,415,_ZNSt12shared_mutexC2Ev
FNDA:75,_ZNSt22__shared_mutex_pthreadC2Ev
FNDA:75,_ZNSt12shared_mutexC2Ev
FNF:2
FNH:2
DA:163,75
DA:415,75
LF:2
LH:2
end_of_record
TN:
SF:/usr/include/c++/13/tuple
FN:125,125,_ZNSt10_Head_baseILm1ESt14default_deleteINSt6thread6_StateEELb1EE7_M_headERS4_
FN:1317,1319,_ZNSt5tupleIJPNSt6thread6_StateESt14default_deleteIS1_EEEC2ILb1ELb1EEEv
FN:1787,1788,_ZSt12__get_helperILm0EM7StorageFbP10IContaineriiEJPS0_S2_iiEERT0_RSt11_Tuple_implIXT_EJS6_DpT1_EE
FN:1787,1788,_ZSt12__get_helperILm0EM7StorageFvP10IContainerRSt6vectorImSaImEEmEJPS0_S2_St17reference_wrapperIS5_EmEERT0_RSt11_Tuple_implIXT_EJSC_DpT1_EE
FN:1787,1788,_ZSt12__get_helperILm0EPNSt6thread6_StateEJSt14default_deleteIS1_EEERT0_RSt11_Tuple_implIXT_EJS5_DpT1_EE
FN:1787,1788,_ZSt12__get_helperILm1EP7StorageJP10IContainerSt17reference_wrapperISt6vectorImSaImEEEmEERT0_RSt11_Tuple_implIXT_EJS9_DpT1_EE
FN:1787,1788,_ZSt12__get_helperILm1EP7StorageJP10IContaineriiEERT0_RSt11_Tuple_implIXT_EJS4_DpT1_EE
FN:1787,1788,_ZSt12__get_helperILm1ESt14default_deleteINSt6thread6_StateEEJEERT0_RSt11_Tuple_implIXT_EJS4_DpT1_EE
FN:1787,1788,_ZSt12__get_helperILm2EP10IContainerJSt17reference_wrapperISt6vectorImSaImEEEmEERT0_RSt11_Tuple_implIXT_EJS7_DpT1_EE
FN:1787,1788,_ZSt12__get_helperILm2EP10IContainerJiiEERT0_RSt11_Tuple_implIXT_EJS2_DpT1_EE
FN:1787,1788,_ZSt12__get_helperILm3ESt17reference_wrapperISt6vectorImSaImEEEJmEERT0_RSt11_Tuple_implIXT_EJS5_DpT1_EE
FN:1787,1788,_ZSt12__get_helperILm3EiJiEERT0_RSt11_Tuple_implIXT_EJS0_DpT1_EE
FN:1787,1788,_ZSt12__get_helperILm4EiJEERT0_RSt11_Tuple_implIXT_EJS0_DpT1_EE
FN:1787,1788,_ZSt12__get_helperILm4EmJEERT0_RSt11_Tuple_implIXT_EJS0_DpT1_EE
FN:1803,1804,_ZSt3getILm0EJPNSt6thread6_StateESt14default_deleteIS1_EEERNSt13tuple_elementIXT_ESt5tupleIJDpT0_EEE4typeERS9_
FN:1803,1804,_ZSt3getILm1EJPNSt6thread6_StateESt14default_deleteIS1_EEERNSt13tuple_elementIXT_ESt5tupleIJDpT0_EEE4typeERS9_
FN:1815,1819,_ZSt3getILm0EJM7StorageFbP10IContaineriiEPS0_S2_iiEEONSt13tuple_elementIXT_ESt5tupleIJDpT0_EEE4typeEOSA_
FN:1815,1819,_ZSt3getILm0EJM7StorageFvP10IContainerRSt6vectorImSaImEEmEPS0_S2_St17reference_wrapperIS5_EmEEONSt13tuple_elementIXT_ESt5tupleIJDpT0_EEE4typeEOSG_
FN:1815,1819,_ZSt3getILm1EJM7StorageFbP10IContaineriiEPS0_S2_iiEEONSt13tuple_elementIXT_ESt5tupleIJDpT0_EEE4typeEOSA_
FN:1815,1819,_ZSt3getILm1EJM7StorageFvP10IContainerRSt6vectorImSaImEEmEPS0_S2_St17reference_wrapperIS5_EmEEONSt13tuple_elementIXT_ESt5tupleIJDpT0_EEE4typeEOSG_
FN:1815,1819,_ZSt3getILm2EJM7StorageFbP10IContaineriiEPS0_S2_iiEEONSt13tuple_elementIXT_ESt5tupleIJDpT0_EEE4typeEOSA_
FN:1815,1819,_ZSt3getILm2EJM7StorageFvP10IContainerRSt6vectorImSaImEEmEPS0_S2_St17reference_wrapperIS5_EmEEONSt13tuple_elementIXT_ESt5tupleIJDpT0_EEE4typeEOSG_
FN:1815,1819,_ZSt3getILm3EJM7StorageFbP10IContaineriiEPS0_S2_iiEEONSt13tuple_elementIXT_ESt5tupleIJDpT0_EEE4typeEOSA_
FN:1815,1819,_ZSt3getILm3EJM7StorageFvP10IContainerRSt6vectorImSaImEEmEPS0_S2_St17reference_wrapperIS5_EmEEONSt13tuple_elementIXT_ESt5tupleIJDpT0_EEE4typeEOSG_
FN:1815,1819,_ZSt3getILm4EJM7StorageFbP10IContaineriiEPS0_S2_iiEEONSt13tuple_elementIXT_ESt5tupleIJDpT0_EEE4typeEOSA_
FN:1815,1819,_ZSt3getILm4EJM7StorageFvP10IContainerRSt6vectorImSaImEEmEPS0_S2_St17reference_wrapperIS5_EmEEONSt13tuple_elementIXT_ESt5tupleIJDpT0_EEE4typeEOSG_
FN:190,191,_ZNSt10_Head_baseILm0EPNSt6thread6_StateELb0EEC2Ev
FN:200,201,_ZNSt10_Head_baseILm0EM7StorageFbP10IContaineriiELb0EEC2IS4_EEOT_
FN:200,201,_ZNSt10_Head_baseILm0EM7StorageFvP10IContainerRSt6vectorImSaImEEmELb0EEC2IS8_EEOT_
FN:200,201,_ZNSt10_Head_baseILm1EP7StorageLb0EEC2IS1_EEOT_
FN:200,201,_ZNSt10_Head_baseILm2EP10IContainerLb0EEC2IRS1_EEOT_
FN:200,201,_ZNSt10_Head_baseILm3ESt17reference_wrapperISt6vectorImSaImEEELb0EEC2IS4_EEOT_
FN:200,201,_ZNSt10_Head_baseILm3EiLb0EEC2IRiEEOT_
FN:200,201,_ZNSt10_Head_baseILm4EiLb0EEC2IRiEEOT_
FN:200,201,_ZNSt10_Head_baseILm4EmLb0EEC2IRmEEOT_
FN:234,234,_ZNSt10_Head_baseILm0EM7StorageFbP10IContaineriiELb0EE7_M_headERS5_
FN:234,234,_ZNSt10_Head_baseILm0EM7StorageFvP10IContainerRSt6vectorImSaImEEmELb0EE7_M_headERS9_
FN:234,234,_ZNSt10_Head_baseILm0EPNSt6thread6_StateELb0EE7_M_headERS3_
FN:234,234,_ZNSt10_Head_baseILm1EP7StorageLb0EE7_M_headERS2_
FN:234,234,_ZNSt10_Head_baseILm2EP10IContainerLb0EE7_M_headERS2_
FN:234,234,_ZNSt10_Head_baseILm3ESt17reference_wrapperISt6vectorImSaImEEELb0EE7_M_headERS5_
FN:234,234,_ZNSt10_Head_baseILm3EiLb0EE7_M_headERS0_
FN:234,234,_ZNSt10_Head_baseILm4EiLb0EE7_M_headERS0_
FN:234,234,_ZNSt10_Head_baseILm4EmLb0EE7_M_headERS0_
FN:269,269,_ZNSt11_Tuple_implILm0EJM7StorageFbP10IContaineriiEPS0_S2_iiEE7_M_headERS6_
FN:269,269,_ZNSt11_Tuple_implILm0EJM7StorageFvP10IContainerRSt6vectorImSaImEEmEPS0_S2_St17reference_wrapperIS5_EmEE7_M_headERSC_
FN:269,269,_ZNSt11_Tuple_implILm0EJPNSt6thread6_StateESt14default_deleteIS1_EEE7_M_headERS5_
FN:269,269,_ZNSt11_Tuple_implILm1EJP7StorageP10IContainerSt17reference_wrapperISt6vectorImSaImEEEmEE7_M_headERS9_
FN:269,269,_ZNSt11_Tuple_implILm1EJP7StorageP10IContaineriiEE7_M_headERS4_
FN:269,269,_ZNSt11_Tuple_implILm2EJP10IContainerSt17reference_wrapperISt6vectorImSaImEEEmEE7_M_headERS7_
FN:269,269,_ZNSt11_Tuple_implILm2EJP10IContaineriiEE7_M_headERS2_
FN:269,269,_ZNSt11_Tuple_implILm3EJSt17reference_wrapperISt6vectorImSaImEEEmEE7_M_headERS5_
FN:269,269,_ZNSt11_Tuple_implILm3EJiiEE7_M_headERS0_
FN:280,281,_ZNSt11_Tuple_implILm0EJPNSt6thread6_StateESt14default_deleteIS1_EEEC2Ev
FN:291,294,_ZNSt11_Tuple_implILm0EJM7StorageFbP10IContaineriiEPS0_S2_iiEEC2IS4_JS5_RS2_RiS9_EvEEOT_DpOT0_
FN:291,294,_ZNSt11_Tuple_implILm0EJM7StorageFvP10IContainerRSt6vectorImSaImEEmEPS0_S2_St17reference_wrapperIS5_EmEEC2IS8_JS9_RS2_SB_RmEvEEOT_DpOT0_
FN:291,294,_ZNSt11_Tuple_implILm1EJP7StorageP10IContainerSt17reference_wrapperISt6vectorImSaImEEEmEEC2IS1_JRS3_S8_RmEvEEOT_DpOT0_
FN:291,294,_ZNSt11_Tuple_implILm1EJP7StorageP10IContaineriiEEC2IS1_JRS3_RiS7_EvEEOT_DpOT0_
FN:291,294,_ZNSt11_Tuple_implILm2EJP10IContainerSt17reference_wrapperISt6vectorImSaImEEEmEEC2IRS1_JS6_RmEvEEOT_DpOT0_
FN:291,294,_ZNSt11_Tuple_implILm2EJP10IContaineriiEEC2IRS1_JRiS5_EvEEOT_DpOT0_
FN:291,294,_ZNSt11_Tuple_implILm3EJSt17reference_wrapperISt6vectorImSaImEEEmEEC2IS4_JRmEvEEOT_DpOT0_
FN:291,294,_ZNSt11_Tuple_implILm3EJiiEEC2IRiJS2_EvEEOT_DpOT0_
FN:497,497,_ZNSt11_Tuple_implILm1EJSt14default_deleteINSt6thread6_StateEEEE7_M_headERS4_
FN:497,497,_ZNSt11_Tuple_implILm4EJiEE7_M_headERS0_
FN:497,497,_ZNSt11_Tuple_implILm4EJmEE7_M_headERS0_
FN:503,504,_ZNSt11_Tuple_implILm1EJSt14default_deleteINSt6thread6_StateEEEEC2Ev
FN:513,515,_ZNSt11_Tuple_implILm4EJiEEC2IRiEEOT_
FN:513,515,_ZNSt11_Tuple_implILm4EJmEEC2IRmEEOT_
FN:81,82,_ZNSt10_Head_baseILm1ESt14default_deleteINSt6thread6_StateEELb1EEC2Ev
FN:889,891,_ZNSt5tupleIJM7StorageFbP10IContaineriiEPS0_S2_iiEEC2IJS4_S5_RS2_RiS9_ELb1ELb1EEEDpOT_
FN:889,891,_ZNSt5tupleIJM7StorageFvP10IContainerRSt6vectorImSaImEEmEPS0_S2_St17reference_wrapperIS5_EmEEC2IJS8_S9_RS2_SB_RmELb1ELb1EEEDpOT_
FNDA:0,_ZNSt10_Head_baseILm1ESt14default_deleteINSt6thread6_StateEELb1EE7_M_headERS4_
FNDA:483,_ZNSt5tupleIJPNSt6thread6_StateESt14default_deleteIS1_EEEC2ILb1ELb1EEEv
FNDA:465,_ZSt12__get_helperILm0EM7StorageFbP10IContaineriiEJPS0_S2_iiEERT0_RSt11_Tuple_implIXT_EJS6_DpT1_EE
FNDA:18,_ZSt12__get_helperILm0EM7StorageFvP10IContainerRSt6vectorImSaImEEmEJPS0_S2_St17reference_wrapperIS5_EmEERT0_RSt11_Tuple_implIXT_EJSC_DpT1_EE
FNDA:966,_ZSt12__get_helperILm0EPNSt6thread6_StateEJSt14default_deleteIS1_EEERT0_RSt11_Tuple_implIXT_EJS5_DpT1_EE
FNDA:18,_ZSt12__get_helperILm1EP7StorageJP10IContainerSt17reference_wrapperISt6vectorImSaImEEEmEERT0_RSt11_Tuple_implIXT_EJS9_DpT1_EE
FNDA:465,_ZSt12__get_helperILm1EP7StorageJP10IContaineriiEERT0_RSt11_Tuple_implIXT_EJS4_DpT1_EE
FNDA:0,_ZSt12__get_helperILm1ESt14default_deleteINSt6thread6_StateEEJEERT0_RSt11_Tuple_implIXT_EJS4_DpT1_EE
FNDA:18,_ZSt12__get_helperILm2EP10IContainerJSt17reference_wrapperISt6vectorImSaImEEEmEERT0_RSt11_Tuple_implIXT_EJS7_DpT1_EE
FNDA:465,_ZSt12__get_helperILm2EP10IContainerJiiEERT0_RSt11_Tuple_implIXT_EJS2_DpT1_EE
FNDA:18,_ZSt12__get_helperILm3ESt17reference_wrapperISt6vectorImSaImEEEJmEERT0_RSt11_Tuple_implIXT_EJS5_DpT1_EE
FNDA:465,_ZSt12__get_helperILm3EiJiEERT0_RSt11_Tuple_implIXT_EJS0_DpT1_EE
FNDA:465,_ZSt12__get_helperILm4EiJEERT0_RSt11_Tuple_implIXT_EJS0_DpT1_EE
FNDA:18,_ZSt12__get_helperILm4EmJEERT0_RSt11_Tuple_implIXT_EJS0_DpT1_EE
FNDA:966,_ZSt3getILm0EJPNSt6thread6_StateESt14default_deleteIS1_EEERNSt13tuple_elementIXT_ESt5tupleIJDpT0_EEE4typeERS9_
FNDA:0,_ZSt3getILm1EJPNSt6thread6_StateESt14default_deleteIS1_EEERNSt13tuple_elementIXT_ESt5tupleIJDpT0_EEE4typeERS9_
FNDA:465,_ZSt3getILm0EJM7StorageFbP10IContaineriiEPS0_S2_iiEEONSt13tuple_elementIXT_ESt5tupleIJDpT0_EEE4typeEOSA_
FNDA:18,_ZSt3getILm0EJM7StorageFvP10IContainerRSt6vectorImSaImEEmEPS0_S2_St17reference_wrapperIS5_EmEEONSt13tuple_elementIXT_ESt5tupleIJDpT0_EEE4typeEOSG_
FNDA:465,_ZSt3getILm1EJM7StorageFbP10IContaineriiEPS0_S2_iiEEONSt13tuple_elementIXT_ESt5tupleIJDpT0_EEE4typeEOSA_
FNDA:18,_ZSt3getILm1EJM7StorageFvP10IContainerRSt6vectorImSaImEEmEPS0_S2_St17reference_wrapperIS5_EmEEONSt13tuple_elementIXT_ESt5tupleIJDpT0_EEE4typeEOSG_
FNDA:465,_ZSt3getILm2EJM7StorageFbP10IContaineriiEPS0_S2_iiEEONSt13tuple_elementIXT_ESt5tupleIJDpT0_EEE4typeEOSA_
FNDA:18,_ZSt3getILm2EJM7StorageFvP10IContainerRSt6vectorImSaImEEmEPS0_S2_St17reference_wrapperIS5_EmEEONSt13tuple_elementIXT_ESt5tupleIJDpT0_EEE4typeEOSG_
FNDA:465,_ZSt3getILm3EJM7StorageFbP10IContaineriiEPS0_S2_iiEEONSt13tuple_elementIXT_ESt5tupleIJDpT0_EEE4typeEOSA_
FNDA:18,_ZSt3getILm3EJM7StorageFvP10IContainerRSt6vectorImSaImEEmEPS0_S2_St17reference_wrapperIS5_EmEEONSt13tuple_elementIXT_ESt5tupleIJDpT0_EEE4typeEOSG_
FNDA:465,_ZSt3getILm4EJM7StorageFbP10IContaineriiEPS0_S2_iiEEONSt13tuple_elementIXT_ESt5tupleIJDpT0_EEE4typeEOSA_
FNDA:18,_ZSt3getILm4EJM7StorageFvP10IContainerRSt6vectorImSaImEEmEPS0_S2_St17reference_wrapperIS5_EmEEONSt13tuple_elementIXT_ESt5tupleIJDpT0_EEE4typeEOSG_
FNDA:483,_ZNSt10_Head_baseILm0EPNSt6thread6_StateELb0EEC2Ev
FNDA:465,_ZNSt10_Head_baseILm0EM7StorageFbP10IContaineriiELb0EEC2IS4_EEOT_
FNDA:18,_ZNSt10_Head_baseILm0EM7StorageFvP10IContainerRSt6vectorImSaImEEmELb0EEC2IS8_EEOT_
FNDA:483,_ZNSt10_Head_baseILm1EP7StorageLb0EEC2IS1_EEOT_
FNDA:483,_ZNSt10_Head_baseILm2EP10IContainerLb0EEC2IRS1_EEOT_
FNDA:18,_ZNSt10_Head_baseILm3ESt17reference_wrapperISt6vectorImSaImEEELb0EEC2IS4_EEOT_
FNDA:465,_ZNSt10_Head_baseILm3EiLb0EEC2IRiEEOT_
FNDA:465,_ZNSt10_Head_baseILm4EiLb0EEC2IRiEEOT_
FNDA:18,_ZNSt10_Head_baseILm4EmLb0EEC2IRmEEOT_
FNDA:465,_ZNSt10_Head_baseILm0EM7StorageFbP10IContaineriiELb0EE7_M_headERS5_
FNDA:18,_ZNSt10_Head_baseILm0EM7StorageFvP10IContainerRSt6vectorImSaImEEmELb0EE7_M_headERS9_
FNDA:966,_ZNSt10_Head_baseILm0EPNSt6thread6_StateELb0EE7_M_headERS3_
FNDA:483,_ZNSt10_Head_baseILm1EP7StorageLb0EE7_M_headERS2_
FNDA:482,_ZNSt10_Head_baseILm2EP10IContainerLb0EE7_M_headERS2_
FNDA:18,_ZNSt10_Head_baseILm3ESt17reference_wrapperISt6vectorImSaImEEELb0EE7_M_headERS5_
FNDA:465,_ZNSt10_Head_baseILm3EiLb0EE7_M_headERS0_
FNDA:465,_ZNSt10_Head_baseILm4EiLb0EE7_M_headERS0_
FNDA:18,_ZNSt10_Head_baseILm4EmLb0EE7_M_headERS0_
FNDA:465,_ZNSt11_Tuple_implILm0EJM7StorageFbP10IContaineriiEPS0_S2_iiEE7_M_headERS6_
FNDA:18,_ZNSt11_Tuple_implILm0EJM7StorageFvP10IContainerRSt6vectorImSaImEEmEPS0_S2_St17reference_wrapperIS5_EmEE7_M_headERSC_
FNDA:966,_ZNSt11_Tuple_implILm0EJPNSt6thread6_StateESt14default_deleteIS1_EEE7_M_headERS5_
FNDA:18,_ZNSt11_Tuple_implILm1EJP7StorageP10IContainerSt17reference_wrapperISt6vectorImSaImEEEmEE7_M_headERS9_
FNDA:465,_ZNSt11_Tuple_implILm1EJP7StorageP10IContaineriiEE7_M_headERS4_
FNDA:18,_ZNSt11_Tuple_implILm2EJP10IContainerSt17reference_wrapperISt6vectorImSaImEEEmEE7_M_headERS7_
FNDA:464,_ZNSt11_Tuple_implILm2EJP10IContaineriiEE7_M_headERS2_
FNDA:18,_ZNSt11_Tuple_implILm3EJSt17reference_wrapperISt6vectorImSaImEEEmEE7_M_headERS5_
FNDA:465,_ZNSt11_Tuple_implILm3EJiiEE7_M_headERS0_
FNDA:483,_ZNSt11_Tuple_implILm0EJPNSt6thread6_StateESt14default_deleteIS1_EEEC2Ev
FNDA:465,_ZNSt11_Tuple_implILm0EJM7StorageFbP10IContaineriiEPS0_S2_iiEEC2IS4_JS5_RS2_RiS9_EvEEOT_DpOT0_
FNDA:18,_ZNSt11_Tuple_implILm0EJM7StorageFvP10IContainerRSt6vectorImSaImEEmEPS0_S2_St17reference_wrapperIS5_EmEEC2IS8_JS9_RS2_SB_RmEvEEOT_DpOT0_
FNDA:18,_ZNSt11_Tuple_implILm1EJP7StorageP10IContainerSt17reference_wrapperISt6vectorImSaImEEEmEEC2IS1_JRS3_S8_RmEvEEOT_DpOT0_
FNDA:465,_ZNSt11_Tuple_implILm1EJP7StorageP10IContaineriiEEC2IS1_JRS3_RiS7_EvEEOT_DpOT0_
FNDA:18,_ZNSt11_Tuple_implILm2EJP10IContainerSt17reference_wrapperISt6vectorImSaImEEEmEEC2IRS1_JS6_RmEvEEOT_DpOT0_
FNDA:465,_ZNSt11_Tuple_implILm2EJP10IContaineriiEEC2IRS1_JRiS5_EvEEOT_DpOT0_
FNDA:18,_ZNSt11_Tuple_implILm3EJSt17reference_wrapperISt6vectorImSaImEEEmEEC2IS4_JRmEvEEOT_DpOT0_
FNDA:465,_ZNSt11_Tuple_implILm3EJiiEEC2IRiJS2_EvEEOT_DpOT0_
FNDA:0,_ZNSt11_Tuple_implILm1EJSt14default_deleteINSt6thread6_StateEEEE7_M_headERS4_
FNDA:465,_ZNSt11_Tuple_implILm4EJiEE7_M_headERS0_
FNDA:18,_ZNSt11_Tuple_implILm4EJmEE7_M_headERS0_
FNDA:483,_ZNSt11_Tuple_implILm1EJSt14default_deleteINSt6thread6_StateEEEEC2Ev
FNDA:465,_ZNSt11_Tuple_implILm4EJiEEC2IRiEEOT_
FNDA:18,_ZNSt11_Tuple_implILm4EJmEEC2IRmEEOT_
FNDA:483,_ZNSt10_Head_baseILm1ESt14default_deleteINSt6thread6_StateEELb1EEC2Ev
FNDA:465,_ZNSt5tupleIJM7StorageFbP10IContaineriiEPS0_S2_iiEEC2IJS4_S5_RS2_RiS9_ELb1ELb1EEEDpOT_
FNDA:18,_ZNSt5tupleIJM7StorageFvP10IContainerRSt6vectorImSaImEEmEPS0_S2_St17reference_wrapperIS5_EmEEC2IJS8_S9_RS2_SB_RmELb1ELb1EEEDpOT_
FNF:71
FNH:67
DA:81,483
DA:82,483
DA:125,0
DA:190,483
DA:191,483
DA:200,2415
DA:201,2415
DA:234,3380
DA:269,2897
DA:280,483
DA:281,483
DA:291,1932
DA:293,1932
DA:294,1932
DA:497,483
DA:503,483
DA:504,483
DA:513,483
DA:514,483
DA:515,483
DA:889,483
DA:891,483
DA:1317,483
DA:1319,483
DA:1787,3381
DA:1788,3381
DA:1803,966
DA:1804,966
DA:1815,2415
DA:1818,2415
LF:30
LH:29
end_of_record
TN:
SF:/usr/include/c++/13/type_traits
FN:3649,3656,_ZSt21is_constant_evaluatedv
FNDA:0,_ZSt21is_constant_evaluatedv
FNF:1
FNH:0
DA:3649,0
DA:3654,0
LF:2
LH:0
end_of_record
TN:
SF:/usr/include/x86_64-linux-gnu/c++/13/bits/c++config.h
FN:540,551,_ZSt23__is_constant_evaluatedv
FNDA:0,_ZSt23__is_constant_evaluatedv
FNF:1
FNH:0
DA:322,0
DA:540,0
DA:547,0
LF:3
LH:0
end_of_record
TN:
SF:/usr/include/x86_64-linux-gnu/c++/13/bits/gthr-default.h
FN:300,303,_ZL18__gthread_active_pv
FN:746,752,_ZL20__gthread_mutex_lockP15pthread_mutex_t
FN:776,782,_ZL22__gthread_mutex_unlockP15pthread_mutex_t
FNDA:76503,_ZL18__gthread_active_pv
FNDA:38266,_ZL20__gthread_mutex_lockP15pthread_mutex_t
FNDA:38282,_ZL22__gthread_mutex_unlockP15pthread_mutex_t
FNF:3
FNH:3
DA:300,76503
DA:302,76503
DA:746,38266
DA:748,38266
DA:749,38267
DA:751,0
DA:776,38282
DA:778,38282
DA:779,38282
DA:781,0
LF:10
LH:8
end_of_record
