TN:
SF:/mnt/c/OOP/nw3/Lab3OOP/Checker/Checker.hpp
FN:25,25,_ZN7CheckerIiEC2Ev
FN:27,28,_ZN7CheckerIiEC2ERKS0_
FN:30,32,_ZN7CheckerIiE16addCheckFunctionESt8functionIFvR7StorageSt10shared_ptrI10IContainerE17ContainerPositionIiEEE
FN:43,47,_ZNK7CheckerIiE11applyChecksER7StorageSt10shared_ptrI10IContainerE17ContainerPositionIiE
FNDA:34,_ZN7CheckerIiEC2Ev
FNDA:11,_ZN7CheckerIiEC2ERKS0_
FNDA:53,_ZN7CheckerIiE16addCheckFunctionESt8functionIFvR7StorageSt10shared_ptrI10IContainerE17ContainerPositionIiEEE
FNDA:228,_ZNK7CheckerIiE11applyChecksER7StorageSt10shared_ptrI10IContainerE17ContainerPositionIiE
FNF:4
FNH:4
DA:25,34
DA:27,11
DA:28,11
DA:30,53
DA:31,53
DA:32,53
DA:43,228
DA:44,545
DA:45,375
DA:47,199
LF:10
LH:10
end_of_record
TN:
SF:/mnt/c/OOP/nw3/Lab3OOP/Octree/ContainerPosition.hpp
FN:12,12,_ZN17ContainerPositionIiEC2Ev
FN:18,23,_ZNK17ContainerPositionIiEeqERKS0_
FNDA:3372,_ZN17ContainerPositionIiEC2Ev
FNDA:201,_ZNK17ContainerPositionIiEeqERKS0_
FNF:2
FNH:2
DA:12,3372
DA:18,201
DA:19,327
DA:20,189
DA:21,189
DA:22,327
LF:6
LH:6
end_of_record
TN:
SF:/mnt/c/OOP/nw3/Lab3OOP/Octree/Octree.hpp
FN:112,116,_ZN6OctreeIiSt10shared_ptrI10IContainerE17ContainerPositionIiEE8iteratorC2ES0_INS5_4NodeEE
FN:118,120,_ZN6OctreeIiSt10shared_ptrI10IContainerE17ContainerPositionIiEE8iteratordeEv
FN:123,133,_ZN6OctreeIiSt10shared_ptrI10IContainerE17ContainerPositionIiEE8iteratorppEv
FN:136,138,_ZNK6OctreeIiSt10shared_ptrI10IContainerE17ContainerPositionIiEE8iteratorneERKS6_
FN:145,148,_ZN6OctreeIiSt10shared_ptrI10IContainerE17ContainerPositionIiEEC2E11BoundingBoxIiEi
FN:156,158,_ZN6OctreeIiSt10shared_ptrI10IContainerE17ContainerPositionIiEE5beginEv
FN:160,162,_ZN6OctreeIiSt10shared_ptrI10IContainerE17ContainerPositionIiEE3endEv
FN:165,175,_ZN6OctreeIiSt10shared_ptrI10IContainerE17ContainerPositionIiEE6insertES2_RS4_S0_INS5_4NodeEE
FN:178,231,_ZN6OctreeIiSt10shared_ptrI10IContainerE17ContainerPositionIiEE5splitES0_INS5_4NodeEE
FN:233,236,_ZN6OctreeIiSt10shared_ptrI10IContainerE17ContainerPositionIiEE5CloneEv
FN:240,250,_ZN6OctreeIiSt10shared_ptrI10IContainerE17ContainerPositionIiEE6removeENSt7__cxx1112basic_stringIcSt11char_traitsIcESaIcEEE
FN:253,257,_ZN6OctreeIiSt10shared_ptrI10IContainerE17ContainerPositionIiEE6searchENSt7__cxx1112basic_stringIcSt11char_traitsIcESaIcEEE
FN:260,264,_ZN6OctreeIiSt10shared_ptrI10IContainerE17ContainerPositionIiEE5findIENSt7__cxx1112basic_stringIcSt11char_traitsIcESaIcEEE
FN:267,271,_ZN6OctreeIiSt10shared_ptrI10IContainerE17ContainerPositionIiEE11searchDepthEv
FN:274,280,_ZN6OctreeIiSt10shared_ptrI10IContainerE17ContainerPositionIiEE12SearchInsertES2_S4_
FN:288,291,_ZN6OctreeIiSt10shared_ptrI10IContainerE17ContainerPositionIiEE7getMinXERS4_
FN:294,297,_ZN6OctreeIiSt10shared_ptrI10IContainerE17ContainerPositionIiEE7getMaxXERS4_
FN:300,303,_ZN6OctreeIiSt10shared_ptrI10IContainerE17ContainerPositionIiEE7getMinYERS4_
FN:306,309,_ZN6OctreeIiSt10shared_ptrI10IContainerE17ContainerPositionIiEE7getMaxYERS4_
FN:312,315,_ZN6OctreeIiSt10shared_ptrI10IContainerE17ContainerPositionIiEE7getMinZERS4_
FN:318,321,_ZN6OctreeIiSt10shared_ptrI10IContainerE17ContainerPositionIiEE7getMaxZERS4_
FN:324,327,_ZN6OctreeIiSt10shared_ptrI10IContainerE17ContainerPositionIiEE7getMinXERKS4_
FN:329,332,_ZN6OctreeIiSt10shared_ptrI10IContainerE17ContainerPositionIiEE7getMaxXERKS4_
FN:335,338,_ZN6OctreeIiSt10shared_ptrI10IContainerE17ContainerPositionIiEE7getMinYERKS4_
FN:341,344,_ZN6OctreeIiSt10shared_ptrI10IContainerE17ContainerPositionIiEE7getMaxYERKS4_
FN:348,351,_ZN6OctreeIiSt10shared_ptrI10IContainerE17ContainerPositionIiEE7getMinZERKS4_
FN:354,357,_ZN6OctreeIiSt10shared_ptrI10IContainerE17ContainerPositionIiEE7getMaxZERKS4_
FN:365,375,_ZN6OctreeIiSt10shared_ptrI10IContainerE17ContainerPositionIiEE16pointincontainerER5PointIiERS4_
FN:381,391,_ZN6OctreeIiSt10shared_ptrI10IContainerE17ContainerPositionIiEE14searchUnderOctES0_INS5_4NodeEERSt6vectorISt4pairIS4_S2_ESaISA_EE
FN:394,411,_ZN6OctreeIiSt10shared_ptrI10IContainerE17ContainerPositionIiEE5findIENSt7__cxx1112basic_stringIcSt11char_traitsIcESaIcEEES0_INS5_4NodeEEPSt4pairIS4_S2_E
FN:414,424,_ZN6OctreeIiSt10shared_ptrI10IContainerE17ContainerPositionIiEE11searchDepthES0_INS5_4NodeEERSt6vectorISt4pairIS4_S2_ESaISA_EE
FN:427,460,_ZN6OctreeIiSt10shared_ptrI10IContainerE17ContainerPositionIiEE12SearchInsertES2_S4_S0_INS5_4NodeEERS7_RSt6vectorISt4pairIS4_S2_ESaISB_EERb
FN:463,480,_ZN6OctreeIiSt10shared_ptrI10IContainerE17ContainerPositionIiEE7searchRENSt7__cxx1112basic_stringIcSt11char_traitsIcESaIcEEES0_INS5_4NodeEERSD_
FN:483,510,_ZN6OctreeIiSt10shared_ptrI10IContainerE17ContainerPositionIiEE7removeRENSt7__cxx1112basic_stringIcSt11char_traitsIcESaIcEEES0_INS5_4NodeEERbRSD_
FN:513,521,_ZN6OctreeIiSt10shared_ptrI10IContainerE17ContainerPositionIiEE14checkEmptyNodeES0_INS5_4NodeEE
FN:523,534,_ZN6OctreeIiSt10shared_ptrI10IContainerE17ContainerPositionIiEE6meargeES0_INS5_4NodeEE
FN:536,551,_ZN6OctreeIiSt10shared_ptrI10IContainerE17ContainerPositionIiEE17decreaseHightTreeES0_INS5_4NodeEE
FN:554,565,_ZN6OctreeIiSt10shared_ptrI10IContainerE17ContainerPositionIiEE6UpdateES0_INS5_4NodeEE
FN:568,589,_ZNK6OctreeIiSt10shared_ptrI10IContainerE17ContainerPositionIiEE13ContainEntityES4_S4_
FN:592,599,_ZNK6OctreeIiSt10shared_ptrI10IContainerE17ContainerPositionIiEE14checkCollisionES2_S4_St6vectorISt4pairIS4_S2_ESaIS8_EE
FN:61,61,_ZN11BoundingBoxIiEC2ERK5PointIiES4_
FN:613,615,_ZNK6OctreeIiSt10shared_ptrI10IContainerE17ContainerPositionIiEE6numberB5cxx11ERK5PointIiE
FN:63,65,_ZNK11BoundingBoxIiE8containsER5PointIiE
FN:86,86,_ZN6OctreeIiSt10shared_ptrI10IContainerE17ContainerPositionIiEE4NodeC2E11BoundingBoxIiEi
FN:88,90,_ZNK6OctreeIiSt10shared_ptrI10IContainerE17ContainerPositionIiEE4Node6isLeafEv
FN:89,89,_ZZNK6OctreeIiSt10shared_ptrI10IContainerE17ContainerPositionIiEE4Node6isLeafEvENKUlRKS0_IS6_EE_clES9_
FNDA:93,_ZN6OctreeIiSt10shared_ptrI10IContainerE17ContainerPositionIiEE8iteratorC2ES0_INS5_4NodeEE
FNDA:268,_ZN6OctreeIiSt10shared_ptrI10IContainerE17ContainerPositionIiEE8iteratordeEv
FNDA:79,_ZN6OctreeIiSt10shared_ptrI10IContainerE17ContainerPositionIiEE8iteratorppEv
FNDA:86,_ZNK6OctreeIiSt10shared_ptrI10IContainerE17ContainerPositionIiEE8iteratorneERKS6_
FNDA:37,_ZN6OctreeIiSt10shared_ptrI10IContainerE17ContainerPositionIiEEC2E11BoundingBoxIiEi
FNDA:7,_ZN6OctreeIiSt10shared_ptrI10IContainerE17ContainerPositionIiEE5beginEv
FNDA:86,_ZN6OctreeIiSt10shared_ptrI10IContainerE17ContainerPositionIiEE3endEv
FNDA:190,_ZN6OctreeIiSt10shared_ptrI10IContainerE17ContainerPositionIiEE6insertES2_RS4_S0_INS5_4NodeEE
FNDA:17,_ZN6OctreeIiSt10shared_ptrI10IContainerE17ContainerPositionIiEE5splitES0_INS5_4NodeEE
FNDA:11,_ZN6OctreeIiSt10shared_ptrI10IContainerE17ContainerPositionIiEE5CloneEv
FNDA:28,_ZN6OctreeIiSt10shared_ptrI10IContainerE17ContainerPositionIiEE6removeENSt7__cxx1112basic_stringIcSt11char_traitsIcESaIcEEE
FNDA:19,_ZN6OctreeIiSt10shared_ptrI10IContainerE17ContainerPositionIiEE6searchENSt7__cxx1112basic_stringIcSt11char_traitsIcESaIcEEE
FNDA:15,_ZN6OctreeIiSt10shared_ptrI10IContainerE17ContainerPositionIiEE5findIENSt7__cxx1112basic_stringIcSt11char_traitsIcESaIcEEE
FNDA:162,_ZN6OctreeIiSt10shared_ptrI10IContainerE17ContainerPositionIiEE11searchDepthEv
FNDA:3359,_ZN6OctreeIiSt10shared_ptrI10IContainerE17ContainerPositionIiEE12SearchInsertES2_S4_
FNDA:8837,_ZN6OctreeIiSt10shared_ptrI10IContainerE17ContainerPositionIiEE7getMinXERS4_
FNDA:8788,_ZN6OctreeIiSt10shared_ptrI10IContainerE17ContainerPositionIiEE7getMaxXERS4_
FNDA:9010,_ZN6OctreeIiSt10shared_ptrI10IContainerE17ContainerPositionIiEE7getMinYERS4_
FNDA:8974,_ZN6OctreeIiSt10shared_ptrI10IContainerE17ContainerPositionIiEE7getMaxYERS4_
FNDA:8667,_ZN6OctreeIiSt10shared_ptrI10IContainerE17ContainerPositionIiEE7getMinZERS4_
FNDA:8581,_ZN6OctreeIiSt10shared_ptrI10IContainerE17ContainerPositionIiEE7getMaxZERS4_
FNDA:1308,_ZN6OctreeIiSt10shared_ptrI10IContainerE17ContainerPositionIiEE7getMinXERKS4_
FNDA:1020,_ZN6OctreeIiSt10shared_ptrI10IContainerE17ContainerPositionIiEE7getMaxXERKS4_
FNDA:969,_ZN6OctreeIiSt10shared_ptrI10IContainerE17ContainerPositionIiEE7getMinYERKS4_
FNDA:775,_ZN6OctreeIiSt10shared_ptrI10IContainerE17ContainerPositionIiEE7getMaxYERKS4_
FNDA:155,_ZN6OctreeIiSt10shared_ptrI10IContainerE17ContainerPositionIiEE7getMinZERKS4_
FNDA:234,_ZN6OctreeIiSt10shared_ptrI10IContainerE17ContainerPositionIiEE7getMaxZERKS4_
FNDA:261,_ZN6OctreeIiSt10shared_ptrI10IContainerE17ContainerPositionIiEE16pointincontainerER5PointIiERS4_
FNDA:13045,_ZN6OctreeIiSt10shared_ptrI10IContainerE17ContainerPositionIiEE14searchUnderOctES0_INS5_4NodeEERSt6vectorISt4pairIS4_S2_ESaISA_EE
FNDA:143,_ZN6OctreeIiSt10shared_ptrI10IContainerE17ContainerPositionIiEE5findIENSt7__cxx1112basic_stringIcSt11char_traitsIcESaIcEEES0_INS5_4NodeEEPSt4pairIS4_S2_E
FNDA:13042,_ZN6OctreeIiSt10shared_ptrI10IContainerE17ContainerPositionIiEE11searchDepthES0_INS5_4NodeEERSt6vectorISt4pairIS4_S2_ESaISA_EE
FNDA:5857,_ZN6OctreeIiSt10shared_ptrI10IContainerE17ContainerPositionIiEE12SearchInsertES2_S4_S0_INS5_4NodeEERS7_RSt6vectorISt4pairIS4_S2_ESaISB_EERb
FNDA:147,_ZN6OctreeIiSt10shared_ptrI10IContainerE17ContainerPositionIiEE7searchRENSt7__cxx1112basic_stringIcSt11char_traitsIcESaIcEEES0_INS5_4NodeEERSD_
FNDA:212,_ZN6OctreeIiSt10shared_ptrI10IContainerE17ContainerPositionIiEE7removeRENSt7__cxx1112basic_stringIcSt11char_traitsIcESaIcEEES0_INS5_4NodeEERbRSD_
FNDA:33,_ZN6OctreeIiSt10shared_ptrI10IContainerE17ContainerPositionIiEE14checkEmptyNodeES0_INS5_4NodeEE
FNDA:79,_ZN6OctreeIiSt10shared_ptrI10IContainerE17ContainerPositionIiEE6meargeES0_INS5_4NodeEE
FNDA:79,_ZN6OctreeIiSt10shared_ptrI10IContainerE17ContainerPositionIiEE17decreaseHightTreeES0_INS5_4NodeEE
FNDA:28,_ZN6OctreeIiSt10shared_ptrI10IContainerE17ContainerPositionIiEE6UpdateES0_INS5_4NodeEE
FNDA:4196,_ZNK6OctreeIiSt10shared_ptrI10IContainerE17ContainerPositionIiEE13ContainEntityES4_S4_
FNDA:1060,_ZNK6OctreeIiSt10shared_ptrI10IContainerE17ContainerPositionIiEE14checkCollisionES2_S4_St6vectorISt4pairIS4_S2_ESaIS8_EE
FNDA:162,_ZN11BoundingBoxIiEC2ERK5PointIiES4_
FNDA:378,_ZNK6OctreeIiSt10shared_ptrI10IContainerE17ContainerPositionIiEE6numberB5cxx11ERK5PointIiE
FNDA:17152,_ZNK11BoundingBoxIiE8containsER5PointIiE
FNDA:173,_ZN6OctreeIiSt10shared_ptrI10IContainerE17ContainerPositionIiEE4NodeC2E11BoundingBoxIiEi
FNDA:1870,_ZNK6OctreeIiSt10shared_ptrI10IContainerE17ContainerPositionIiEE4Node6isLeafEv
FNDA:12055,_ZZNK6OctreeIiSt10shared_ptrI10IContainerE17ContainerPositionIiEE4Node6isLeafEvENKUlRKS0_IS6_EE_clES9_
FNF:46
FNH:46
DA:61,162
DA:63,17152
DA:64,17152
DA:86,173
DA:88,1870
DA:89,13925
DA:112,93
DA:113,93
DA:114,7
DA:116,93
DA:118,268
DA:119,268
DA:123,79
DA:124,79
DA:125,79
DA:126,79
DA:127,711
DA:128,632
DA:129,72
DA:132,79
DA:133,79
DA:136,86
DA:137,86
DA:145,37
DA:146,37
DA:147,37
DA:148,37
DA:156,7
DA:157,7
DA:160,86
DA:161,86
DA:165,190
DA:166,190
DA:167,0
DA:169,190
DA:170,190
DA:171,17
DA:172,17
DA:174,190
DA:178,17
DA:179,17
DA:180,17
DA:182,17
DA:183,17
DA:185,17
DA:186,17
DA:187,17
DA:190,17
DA:191,17
DA:192,17
DA:193,17
DA:194,17
DA:195,17
DA:196,17
DA:197,17
DA:198,17
DA:199,17
DA:200,17
DA:201,17
DA:202,17
DA:203,17
DA:204,17
DA:205,17
DA:207,107
DA:208,90
DA:210,234
DA:211,311
DA:212,176
DA:213,171
DA:214,170
DA:215,162
DA:216,154
DA:217,388
DA:218,77
DA:219,77
DA:220,77
DA:221,77
DA:225,90
DA:226,77
DA:228,13
DA:233,11
DA:234,11
DA:235,11
DA:240,28
DA:241,28
DA:242,28
DA:243,28
DA:244,28
DA:245,0
DA:247,28
DA:248,28
DA:249,28
DA:250,28
DA:253,19
DA:254,19
DA:255,19
DA:256,19
DA:257,0
DA:260,15
DA:261,15
DA:262,15
DA:263,15
DA:264,0
DA:267,162
DA:268,162
DA:269,162
DA:270,162
DA:271,0
DA:274,3359
DA:275,3359
DA:276,3359
DA:277,3349
DA:278,3337
DA:279,6720
DA:280,3370
DA:288,8837
DA:290,8837
DA:294,8788
DA:296,8788
DA:300,9010
DA:302,9010
DA:306,8974
DA:308,8974
DA:312,8667
DA:314,8667
DA:318,8581
DA:320,8581
DA:324,1308
DA:326,1308
DA:329,1020
DA:331,1020
DA:335,969
DA:337,969
DA:341,775
DA:343,775
DA:348,155
DA:350,155
DA:354,234
DA:356,234
DA:365,261
DA:368,261
DA:369,261
DA:370,261
DA:371,261
DA:372,261
DA:373,261
DA:374,261
DA:381,13045
DA:382,13045
DA:383,11560
DA:385,1494
DA:386,1126
DA:388,13521
DA:389,12012
DA:394,143
DA:395,143
DA:396,0
DA:398,143
DA:399,132
DA:400,104
DA:401,13
DA:402,13
DA:406,130
DA:407,144
DA:408,128
DA:414,13042
DA:415,13042
DA:416,11432
DA:418,1610
DA:419,413
DA:421,14490
DA:422,12880
DA:427,5857
DA:428,5857
DA:429,0
DA:431,8218
DA:432,1540
DA:433,1405
DA:434,8205
DA:435,4520
DA:437,1309
DA:438,1187
DA:440,1320
DA:441,2816
DA:442,2504
DA:445,1316
DA:447,1050
DA:449,1060
DA:450,228
DA:451,228
DA:453,830
DA:454,830
DA:456,265
DA:457,106
DA:459,159
DA:463,147
DA:464,147
DA:465,0
DA:467,147
DA:468,107
DA:469,84
DA:470,16
DA:471,16
DA:475,131
DA:476,144
DA:477,128
DA:483,212
DA:484,212
DA:485,0
DA:487,212
DA:488,148
DA:490,64
DA:491,216
DA:492,190
DA:493,28
DA:494,28
DA:496,28
DA:498,28
DA:499,28
DA:500,28
DA:504,36
DA:505,207
DA:506,184
DA:513,33
DA:514,33
DA:515,80
DA:516,73
DA:517,16
DA:520,7
DA:523,79
DA:524,79
DA:525,72
DA:526,64
DA:527,9
DA:528,9
DA:531,72
DA:532,64
DA:536,79
DA:537,79
DA:538,71
DA:540,72
DA:541,64
DA:543,8
DA:544,45
DA:545,40
DA:546,40
DA:547,40
DA:554,28
DA:555,28
DA:556,28
DA:557,3
DA:558,3
DA:559,3
DA:561,25
DA:562,12
DA:563,12
DA:565,28
DA:568,4196
DA:570,4196
DA:571,4174
DA:572,4180
DA:573,4167
DA:574,4167
DA:575,4160
DA:578,4168
DA:579,4160
DA:580,4174
DA:581,4163
DA:582,4176
DA:583,4168
DA:586,3326
DA:587,8727
DA:588,5401
DA:592,1060
DA:593,8616
DA:594,4202
DA:595,831
DA:598,228
DA:613,378
DA:614,378
LF:280
LH:271
end_of_record
TN:
SF:/mnt/c/OOP/nw3/Lab3OOP/Octree/Point.hpp
FN:17,17,_ZN5PointIiEC2Eiii
FN:18,18,_ZN5PointIiEC2Ev
FN:9,11,_ZNK5PointIiEeqERKS0_
FNDA:584,_ZN5PointIiEC2Eiii
FNDA:26690,_ZN5PointIiEC2Ev
FNDA:642,_ZNK5PointIiEeqERKS0_
FNF:3
FNH:3
DA:9,642
DA:10,642
DA:17,584
DA:18,26690
LF:4
LH:4
end_of_record
TN:
SF:/mnt/c/OOP/nw3/Lab3OOP/Storage/Storage.cpp
FN:118,160,_ZN7Storage26calculateContainerPositionEiiiiii
FN:13,24,_ZN7Storage14calculateDepthEv
FN:14,21,_ZZN7Storage14calculateDepthEvENKUliE_clEi
FN:163,186,_ZN7Storage20searchUnderContainerER17ContainerPositionIiE
FN:189,212,_ZN7Storage20searchUpperContainerER17ContainerPositionIiE
FN:216,224,_ZN7Storage13calculatemassESt6vectorISt4pairI17ContainerPositionIiESt10shared_ptrI10IContainerEESaIS7_EEm
FN:227,252,_ZN7Storage12checkSupportER17ContainerPositionIiESt6vectorISt4pairIS1_St10shared_ptrI10IContainerEESaIS8_EE
FN:254,266,_ZN7Storage12addContainerESt10shared_ptrI10IContainerEiii
FN:27,29,_ZN7Storage24addExternalCheckFunctionERKSt8functionIFvRS_St10shared_ptrI10IContainerE17ContainerPositionIiEEE
FN:271,275,_ZNK7Storage19getInfoAboutStorageB5cxx11Ev
FN:279,300,_ZN7Storage7isNoTopERK17ContainerPositionIiE
FN:304,334,_ZN7Storage13moveContainerENSt7__cxx1112basic_stringIcSt11char_traitsIcESaIcEEEiii
FN:32,46,_ZN7StorageC2Eiiiid
FN:338,378,_ZN7Storage15rotateContainerENSt7__cxx1112basic_stringIcSt11char_traitsIcESaIcEEEi
FN:381,402,_ZN7Storage10multitreadESt10shared_ptrI10IContainerEiii
FN:40,42,_ZZN7StorageC4EiiiidENKUlRS_St10shared_ptrI10IContainerE17ContainerPositionIiEE_clES0_S3_S5_
FN:404,421,_ZN7Storage13addContainerRESt10shared_ptrI10IContainerEii
FN:423,438,_ZN7Storage12addContainerB5cxx11ESt10shared_ptrI10IContainerE
FN:43,45,_ZZN7StorageC4EiiiidENKUlRS_St10shared_ptrI10IContainerE17ContainerPositionIiEE0_clES0_S3_S5_
FN:441,503,_ZN7Storage15removeContainerENSt7__cxx1112basic_stringIcSt11char_traitsIcESaIcEEE
FN:49,51,_ZN7Storage15comparePositionERSt4pairI17ContainerPositionIiESt10shared_ptrI10IContainerEES7_
FN:506,520,_ZNK7Storage7getInfoB5cxx11Ev
FN:523,539,_ZN7Storage9howContaiESt10shared_ptrI10IContainerERSt6vectorImSaImEEm
FN:54,56,_ZN7Storage22comparePositionReverseERSt4pairI17ContainerPositionIiESt10shared_ptrI10IContainerEES7_
FN:542,552,_ZN7Storage12howContainerESt10shared_ptrI10IContainerE
FN:551,551,_ZZN7Storage12howContainerESt10shared_ptrI10IContainerEENKUliiE_clEii
FN:555,561,_ZN7Storage4findENSt7__cxx1112basic_stringIcSt11char_traitsIcESaIcEEE
FN:564,578,_ZNK7Storage17getListContainersB5cxx11Ev
FN:581,594,_ZN7Storage16checkTemperatureERS_St10shared_ptrI10IContainerE17ContainerPositionIiE
FN:59,75,_ZN7StorageaSERKS_
FN:597,623,_ZN7Storage13checkPressureERS_St10shared_ptrI10IContainerE17ContainerPositionIiE
FN:626,638,_ZN7Storage24searchAllContainersUpperENSt7__cxx114listISt4pairI17ContainerPositionIiESt10shared_ptrI10IContainerEESaIS8_EEE
FN:78,95,_ZN7StorageC2ERKS_
FN:98,113,_ZN7Storage7getSizeEiii
FNDA:3346,_ZN7Storage26calculateContainerPositionEiiiiii
FNDA:26,_ZN7Storage14calculateDepthEv
FNDA:78,_ZZN7Storage14calculateDepthEvENKUliE_clEi
FNDA:99,_ZN7Storage20searchUnderContainerER17ContainerPositionIiE
FNDA:28,_ZN7Storage20searchUpperContainerER17ContainerPositionIiE
FNDA:25,_ZN7Storage13calculatemassESt6vectorISt4pairI17ContainerPositionIiESt10shared_ptrI10IContainerEESaIS7_EEm
FNDA:98,_ZN7Storage12checkSupportER17ContainerPositionIiESt6vectorISt4pairIS1_St10shared_ptrI10IContainerEESaIS8_EE
FNDA:134,_ZN7Storage12addContainerESt10shared_ptrI10IContainerEiii
FNDA:1,_ZN7Storage24addExternalCheckFunctionERKSt8functionIFvRS_St10shared_ptrI10IContainerE17ContainerPositionIiEEE
FNDA:4,_ZNK7Storage19getInfoAboutStorageB5cxx11Ev
FNDA:6,_ZN7Storage7isNoTopERK17ContainerPositionIiE
FNDA:5,_ZN7Storage13moveContainerENSt7__cxx1112basic_stringIcSt11char_traitsIcESaIcEEEiii
FNDA:26,_ZN7StorageC2Eiiiid
FNDA:5,_ZN7Storage15rotateContainerENSt7__cxx1112basic_stringIcSt11char_traitsIcESaIcEEEi
FNDA:3240,_ZN7Storage10multitreadESt10shared_ptrI10IContainerEiii
FNDA:174,_ZZN7StorageC4EiiiidENKUlRS_St10shared_ptrI10IContainerE17ContainerPositionIiEE_clES0_S3_S5_
FNDA:123,_ZN7Storage13addContainerRESt10shared_ptrI10IContainerEii
FNDA:68,_ZN7Storage12addContainerB5cxx11ESt10shared_ptrI10IContainerE
FNDA:172,_ZZN7StorageC4EiiiidENKUlRS_St10shared_ptrI10IContainerE17ContainerPositionIiEE0_clES0_S3_S5_
FNDA:10,_ZN7Storage15removeContainerENSt7__cxx1112basic_stringIcSt11char_traitsIcESaIcEEE
FNDA:350,_ZN7Storage15comparePositionERSt4pairI17ContainerPositionIiESt10shared_ptrI10IContainerEES7_
FNDA:15,_ZNK7Storage7getInfoB5cxx11Ev
FNDA:6,_ZN7Storage9howContaiESt10shared_ptrI10IContainerERSt6vectorImSaImEEm
FNDA:68,_ZN7Storage22comparePositionReverseERSt4pairI17ContainerPositionIiESt10shared_ptrI10IContainerEES7_
FNDA:1,_ZN7Storage12howContainerESt10shared_ptrI10IContainerE
FNDA:6,_ZZN7Storage12howContainerESt10shared_ptrI10IContainerEENKUliiE_clEii
FNDA:5,_ZN7Storage4findENSt7__cxx1112basic_stringIcSt11char_traitsIcESaIcEEE
FNDA:7,_ZNK7Storage17getListContainersB5cxx11Ev
FNDA:174,_ZN7Storage16checkTemperatureERS_St10shared_ptrI10IContainerE17ContainerPositionIiE
FNDA:3,_ZN7StorageaSERKS_
FNDA:172,_ZN7Storage13checkPressureERS_St10shared_ptrI10IContainerE17ContainerPositionIiE
FNDA:6,_ZN7Storage24searchAllContainersUpperENSt7__cxx114listISt4pairI17ContainerPositionIiESt10shared_ptrI10IContainerEESaIS8_EEE
FNDA:8,_ZN7StorageC2ERKS_
FNDA:4,_ZN7Storage7getSizeEiii
FNF:34
FNH:34
DA:13,26
DA:14,78
DA:15,78
DA:16,206
DA:17,128
DA:18,128
DA:20,78
DA:22,26
DA:27,1
DA:28,1
DA:29,1
DA:32,26
DA:33,26
DA:34,26
DA:35,26
DA:36,26
DA:37,26
DA:38,26
DA:39,26
DA:40,26
DA:41,174
DA:42,172
DA:43,26
DA:44,172
DA:45,145
DA:46,26
DA:49,350
DA:50,350
DA:54,68
DA:55,68
DA:59,3
DA:60,3
DA:61,3
DA:62,3
DA:63,3
DA:64,3
DA:65,3
DA:66,3
DA:67,3
DA:68,3
DA:69,13
DA:70,10
DA:72,3
DA:73,3
DA:74,3
DA:78,8
DA:79,8
DA:80,8
DA:81,8
DA:82,8
DA:83,20
DA:84,12
DA:85,12
DA:86,20
DA:88,12
DA:89,0
DA:90,0
DA:91,0
DA:92,0
DA:94,8
DA:95,8
DA:98,4
DA:99,4
DA:100,1
DA:102,3
DA:103,3
DA:104,3
DA:105,13
DA:106,10
DA:108,13
DA:109,10
DA:112,3
DA:113,3
DA:118,3346
DA:119,3346
DA:121,3339
DA:122,3339
DA:123,3339
DA:126,3339
DA:127,3339
DA:128,3339
DA:131,3339
DA:132,3339
DA:133,3339
DA:136,3339
DA:137,3339
DA:138,3339
DA:141,3339
DA:142,3339
DA:143,3339
DA:146,3339
DA:147,3339
DA:148,3339
DA:151,3339
DA:152,3339
DA:153,3339
DA:156,3339
DA:157,3339
DA:158,3339
DA:159,3339
DA:163,99
DA:164,99
DA:165,99
DA:166,99
DA:167,99
DA:168,99
DA:169,99
DA:170,99
DA:171,99
DA:172,99
DA:173,99
DA:174,1036
DA:175,937
DA:177,1657
DA:178,1885
DA:179,228
DA:180,228
DA:181,228
DA:184,99
DA:185,198
DA:186,99
DA:189,28
DA:190,28
DA:191,28
DA:192,28
DA:193,28
DA:194,28
DA:195,28
DA:196,28
DA:197,28
DA:198,28
DA:199,28
DA:200,375
DA:201,347
DA:203,629
DA:204,776
DA:205,147
DA:206,47
DA:207,47
DA:210,28
DA:211,56
DA:212,28
DA:216,25
DA:217,25
DA:218,44
DA:219,19
DA:220,19
DA:223,25
DA:227,98
DA:228,98
DA:229,98
DA:230,98
DA:231,98
DA:232,98
DA:234,112
DA:235,103
DA:236,89
DA:238,103
DA:239,16
DA:241,87
DA:242,70
DA:244,87
DA:245,52
DA:247,87
DA:248,73
DA:251,9
DA:254,134
DA:255,134
DA:256,1
DA:258,133
DA:259,133
DA:260,133
DA:261,3
DA:263,136
DA:264,124
DA:265,124
DA:266,133
DA:271,4
DA:272,8
DA:273,12
DA:274,4
DA:279,6
DA:280,6
DA:281,6
DA:282,6
DA:283,6
DA:284,6
DA:285,6
DA:286,6
DA:287,6
DA:288,6
DA:290,22
DA:291,18
DA:292,30
DA:293,38
DA:294,8
DA:295,2
DA:297,18
DA:299,4
DA:300,6
DA:304,5
DA:305,5
DA:306,1
DA:308,4
DA:309,4
DA:310,1
DA:312,3
DA:313,9
DA:314,9
DA:315,3
DA:316,3
DA:317,3
DA:318,3
DA:321,3
DA:322,1
DA:323,1
DA:324,1
DA:327,3
DA:328,1
DA:329,1
DA:330,1
DA:331,1
DA:332,1
DA:333,1
DA:334,6
DA:338,5
DA:339,5
DA:340,5
DA:341,1
DA:343,4
DA:344,5
DA:345,5
DA:346,4
DA:347,4
DA:348,4
DA:349,4
DA:352,4
DA:353,4
DA:354,1
DA:355,1
DA:356,1
DA:358,3
DA:359,3
DA:360,1
DA:361,1
DA:362,1
DA:364,2
DA:365,2
DA:366,2
DA:367,2
DA:369,3
DA:370,1
DA:371,1
DA:372,1
DA:373,1
DA:374,1
DA:375,1
DA:376,1
DA:377,1
DA:378,12
DA:381,3240
DA:382,3240
DA:383,3235
DA:384,3214
DA:385,3245
DA:386,3236
DA:387,3221
DA:388,3124
DA:390,119
DA:391,75
DA:392,75
DA:393,61
DA:394,61
DA:395,61
DA:396,61
DA:398,14
DA:399,14
DA:400,14
DA:402,6494
DA:404,123
DA:405,123
DA:406,205
DA:407,1179
DA:408,4282
DA:410,3301
DA:411,56
DA:413,6421
DA:414,61
DA:415,3184
DA:416,3184
DA:420,7
DA:421,124
DA:423,68
DA:424,68
DA:425,192
DA:426,124
DA:427,124
DA:429,192
DA:430,124
DA:432,68
DA:433,14
DA:435,61
DA:436,61
DA:438,68
DA:441,10
DA:442,10
DA:443,10
DA:444,10
DA:445,1
DA:447,9
DA:448,9
DA:450,3
DA:453,6
DA:454,6
DA:455,6
DA:456,6
DA:457,6
DA:462,25
DA:463,19
DA:464,19
DA:465,19
DA:469,6
DA:472,6
DA:473,24
DA:474,19
DA:475,19
DA:478,19
DA:479,1
DA:480,1
DA:481,0
DA:483,1
DA:484,2
DA:485,1
DA:487,1
DA:492,18
DA:496,20
DA:498,23
DA:499,18
DA:501,5
DA:502,9
DA:503,13
DA:506,15
DA:507,15
DA:508,15
DA:509,15
DA:510,2
DA:512,99
DA:513,85
DA:514,170
DA:515,340
DA:516,255
DA:519,14
DA:520,15
DA:523,6
DA:524,6
DA:525,6
DA:526,6
DA:529,48
DA:530,42
DA:531,42
DA:532,42
DA:534,6
DA:535,6
DA:538,6
DA:539,6
DA:542,1
DA:543,1
DA:544,1
DA:545,7
DA:546,6
DA:548,7
DA:549,6
DA:551,8
DA:552,1
DA:555,5
DA:556,5
DA:557,5
DA:558,1
DA:560,4
DA:561,1
DA:564,7
DA:565,7
DA:566,86
DA:567,79
DA:568,0
DA:569,0
DA:571,79
DA:572,87
DA:573,64
DA:576,7
DA:577,7
DA:578,0
DA:581,174
DA:582,174
DA:583,174
DA:584,172
DA:586,2
DA:587,0
DA:589,4
DA:590,2
DA:592,2
DA:594,174
DA:597,172
DA:598,172
DA:599,0
DA:601,172
DA:602,99
DA:603,99
DA:604,1
DA:606,98
DA:607,25
DA:609,257
DA:610,185
DA:611,185
DA:612,160
DA:614,185
DA:615,185
DA:616,160
DA:618,25
DA:619,1
DA:621,185
DA:622,99
DA:623,145
DA:626,6
DA:627,25
DA:628,19
DA:629,19
DA:630,40
DA:631,28
DA:632,0
DA:636,19
DA:637,6
LF:432
LH:421
end_of_record
TN:
SF:/mnt/c/OOP/nw3/Lab3OOP/Storage/Storage.hpp
FN:51,52,_ZN7StorageD2Ev
FNDA:0,_ZN7StorageD2Ev
FNF:1
FNH:0
DA:51,0
DA:52,0
LF:2
LH:0
end_of_record
TN:
SF:/mnt/c/OOP/nw3/Lab3OOP/Terminal/Terminal.cpp
FN:10,16,_ZN8Terminal6removeEi
FN:18,23,_ZN8Terminal14setsizeStorageEiiii
FN:25,32,_ZN8Terminal10getallInfoERSo
FN:3,8,_ZN8Terminal3addEiP7Storage
FN:35,40,_ZN8Terminal4findEi
FN:42,47,_ZN8TerminalD2Ev
FNDA:2,_ZN8Terminal6removeEi
FNDA:2,_ZN8Terminal14setsizeStorageEiiii
FNDA:1,_ZN8Terminal10getallInfoERSo
FNDA:8,_ZN8Terminal3addEiP7Storage
FNDA:2,_ZN8Terminal4findEi
FNDA:9,_ZN8TerminalD2Ev
FNF:6
FNH:6
DA:3,8
DA:4,8
DA:5,1
DA:7,7
DA:8,7
DA:10,2
DA:11,2
DA:12,1
DA:14,1
DA:15,1
DA:16,1
DA:18,2
DA:19,2
DA:20,1
DA:22,1
DA:23,1
DA:25,1
DA:26,2
DA:27,1
DA:28,1
DA:29,1
DA:30,1
DA:32,1
DA:35,2
DA:36,2
DA:37,1
DA:39,1
DA:42,9
DA:43,15
DA:44,6
DA:46,9
DA:47,9
LF:32
LH:32
end_of_record
TN:
SF:/usr/include/c++/13/array
FN:131,132,_ZNKSt5arrayISt10shared_ptrIN6OctreeIiS0_I10IContainerE17ContainerPositionIiEE4NodeEELm8EE5beginEv
FN:141,142,_ZNKSt5arrayISt10shared_ptrIN6OctreeIiS0_I10IContainerE17ContainerPositionIiEE4NodeEELm8EE3endEv
FN:200,204,_ZNSt5arrayISt10shared_ptrIN6OctreeIiS0_I10IContainerE17ContainerPositionIiEE4NodeEELm8EEixEm
FN:281,282,_ZNKSt5arrayISt10shared_ptrIN6OctreeIiS0_I10IContainerE17ContainerPositionIiEE4NodeEELm8EE4dataEv
FNDA:1870,_ZNKSt5arrayISt10shared_ptrIN6OctreeIiS0_I10IContainerE17ContainerPositionIiEE4NodeEELm8EE5beginEv
FNDA:1870,_ZNKSt5arrayISt10shared_ptrIN6OctreeIiS0_I10IContainerE17ContainerPositionIiEE4NodeEELm8EE3endEv
FNDA:30298,_ZNSt5arrayISt10shared_ptrIN6OctreeIiS0_I10IContainerE17ContainerPositionIiEE4NodeEELm8EEixEm
FNDA:3733,_ZNKSt5arrayISt10shared_ptrIN6OctreeIiS0_I10IContainerE17ContainerPositionIiEE4NodeEELm8EE4dataEv
FNF:4
FNH:4
DA:131,1870
DA:132,1870
DA:141,1870
DA:142,1870
DA:200,30298
DA:203,30298
DA:281,3733
DA:282,3733
LF:8
LH:8
end_of_record
TN:
SF:/usr/include/c++/13/atomic
FN:103,104,_ZNSt6atomicIbE5storeEbSt12memory_order
FN:111,112,_ZNKSt6atomicIbE4loadESt12memory_order
FN:76,76,_ZNSt6atomicIbEC2Eb
FNDA:122,_ZNSt6atomicIbE5storeEbSt12memory_order
FNDA:3454,_ZNKSt6atomicIbE4loadESt12memory_order
FNDA:34,_ZNSt6atomicIbEC2Eb
FNF:3
FNH:3
DA:76,34
DA:103,122
DA:104,122
DA:111,3454
DA:112,6905
LF:5
LH:5
end_of_record
TN:
SF:/usr/include/c++/13/bit
FN:195,237,_ZSt13__countl_zeroImEiT_
FN:365,369,_ZSt11__bit_widthImEiT_
FNDA:128,_ZSt13__countl_zeroImEiT_
FNDA:128,_ZSt11__bit_widthImEiT_
FNF:2
FNH:2
DA:195,128
DA:198,128
DA:200,128
DA:201,0
DA:203,128
DA:204,128
DA:205,128
DA:214,128
DA:215,128
DA:365,128
DA:367,128
DA:368,128
LF:12
LH:11
end_of_record
TN:
SF:/usr/include/c++/13/bits/alloc_traits.h
FNF:0
FNH:0
DA:482,4787
DA:517,4675
DA:540,1670
DA:542,1670
DA:560,919
DA:562,919
DA:576,9773
DA:588,1200
DA:661,210
DA:675,210
DA:755,6
DA:759,6
DA:948,7744
DA:949,7734
LF:14
LH:14
end_of_record
TN:
SF:/usr/include/c++/13/bits/allocated_ptr.h
FN:53,55,_ZNSt15__allocated_ptrISaISt10_List_nodeISt4pairI17ContainerPositionIiESt10shared_ptrI10IContainerEEEEEC2ERS9_PS8_
FN:53,55,_ZNSt15__allocated_ptrISaISt23_Sp_counted_ptr_inplaceI6OctreeIiSt10shared_ptrI10IContainerE17ContainerPositionIiEESaIvELN9__gnu_cxx12_Lock_policyE2EEEEC2ERSC_PSB_
FN:53,55,_ZNSt15__allocated_ptrISaISt23_Sp_counted_ptr_inplaceIN6OctreeIiSt10shared_ptrI10IContainerE17ContainerPositionIiEE4NodeESaIvELN9__gnu_cxx12_Lock_policyE2EEEEC2ERSD_PSC_
FN:71,75,_ZNSt15__allocated_ptrISaISt10_List_nodeISt4pairI17ContainerPositionIiESt10shared_ptrI10IContainerEEEEED2Ev
FN:71,75,_ZNSt15__allocated_ptrISaISt23_Sp_counted_ptr_inplaceI6OctreeIiSt10shared_ptrI10IContainerE17ContainerPositionIiEESaIvELN9__gnu_cxx12_Lock_policyE2EEEED2Ev
FN:71,75,_ZNSt15__allocated_ptrISaISt23_Sp_counted_ptr_inplaceIN6OctreeIiSt10shared_ptrI10IContainerE17ContainerPositionIiEE4NodeESaIvELN9__gnu_cxx12_Lock_policyE2EEEED2Ev
FN:79,83,_ZNSt15__allocated_ptrISaISt10_List_nodeISt4pairI17ContainerPositionIiESt10shared_ptrI10IContainerEEEEEaSEDn
FN:79,83,_ZNSt15__allocated_ptrISaISt23_Sp_counted_ptr_inplaceI6OctreeIiSt10shared_ptrI10IContainerE17ContainerPositionIiEESaIvELN9__gnu_cxx12_Lock_policyE2EEEEaSEDn
FN:79,83,_ZNSt15__allocated_ptrISaISt23_Sp_counted_ptr_inplaceIN6OctreeIiSt10shared_ptrI10IContainerE17ContainerPositionIiEE4NodeESaIvELN9__gnu_cxx12_Lock_policyE2EEEEaSEDn
FN:86,86,_ZNSt15__allocated_ptrISaISt23_Sp_counted_ptr_inplaceI6OctreeIiSt10shared_ptrI10IContainerE17ContainerPositionIiEESaIvELN9__gnu_cxx12_Lock_policyE2EEEE3getEv
FN:86,86,_ZNSt15__allocated_ptrISaISt23_Sp_counted_ptr_inplaceIN6OctreeIiSt10shared_ptrI10IContainerE17ContainerPositionIiEE4NodeESaIvELN9__gnu_cxx12_Lock_policyE2EEEE3getEv
FN:96,99,_ZSt18__allocate_guardedISaISt23_Sp_counted_ptr_inplaceI6OctreeIiSt10shared_ptrI10IContainerE17ContainerPositionIiEESaIvELN9__gnu_cxx12_Lock_policyE2EEEESt15__allocated_ptrIT_ERSE_
FN:96,99,_ZSt18__allocate_guardedISaISt23_Sp_counted_ptr_inplaceIN6OctreeIiSt10shared_ptrI10IContainerE17ContainerPositionIiEE4NodeESaIvELN9__gnu_cxx12_Lock_policyE2EEEESt15__allocated_ptrIT_ERSF_
FNDA:57,_ZNSt15__allocated_ptrISaISt10_List_nodeISt4pairI17ContainerPositionIiESt10shared_ptrI10IContainerEEEEEC2ERS9_PS8_
FNDA:74,_ZNSt15__allocated_ptrISaISt23_Sp_counted_ptr_inplaceI6OctreeIiSt10shared_ptrI10IContainerE17ContainerPositionIiEESaIvELN9__gnu_cxx12_Lock_policyE2EEEEC2ERSC_PSB_
FNDA:346,_ZNSt15__allocated_ptrISaISt23_Sp_counted_ptr_inplaceIN6OctreeIiSt10shared_ptrI10IContainerE17ContainerPositionIiEE4NodeESaIvELN9__gnu_cxx12_Lock_policyE2EEEEC2ERSD_PSC_
FNDA:57,_ZNSt15__allocated_ptrISaISt10_List_nodeISt4pairI17ContainerPositionIiESt10shared_ptrI10IContainerEEEEED2Ev
FNDA:74,_ZNSt15__allocated_ptrISaISt23_Sp_counted_ptr_inplaceI6OctreeIiSt10shared_ptrI10IContainerE17ContainerPositionIiEESaIvELN9__gnu_cxx12_Lock_policyE2EEEED2Ev
FNDA:346,_ZNSt15__allocated_ptrISaISt23_Sp_counted_ptr_inplaceIN6OctreeIiSt10shared_ptrI10IContainerE17ContainerPositionIiEE4NodeESaIvELN9__gnu_cxx12_Lock_policyE2EEEED2Ev
FNDA:57,_ZNSt15__allocated_ptrISaISt10_List_nodeISt4pairI17ContainerPositionIiESt10shared_ptrI10IContainerEEEEEaSEDn
FNDA:37,_ZNSt15__allocated_ptrISaISt23_Sp_counted_ptr_inplaceI6OctreeIiSt10shared_ptrI10IContainerE17ContainerPositionIiEESaIvELN9__gnu_cxx12_Lock_policyE2EEEEaSEDn
FNDA:173,_ZNSt15__allocated_ptrISaISt23_Sp_counted_ptr_inplaceIN6OctreeIiSt10shared_ptrI10IContainerE17ContainerPositionIiEE4NodeESaIvELN9__gnu_cxx12_Lock_policyE2EEEEaSEDn
FNDA:37,_ZNSt15__allocated_ptrISaISt23_Sp_counted_ptr_inplaceI6OctreeIiSt10shared_ptrI10IContainerE17ContainerPositionIiEESaIvELN9__gnu_cxx12_Lock_policyE2EEEE3getEv
FNDA:173,_ZNSt15__allocated_ptrISaISt23_Sp_counted_ptr_inplaceIN6OctreeIiSt10shared_ptrI10IContainerE17ContainerPositionIiEE4NodeESaIvELN9__gnu_cxx12_Lock_policyE2EEEE3getEv
FNDA:37,_ZSt18__allocate_guardedISaISt23_Sp_counted_ptr_inplaceI6OctreeIiSt10shared_ptrI10IContainerE17ContainerPositionIiEESaIvELN9__gnu_cxx12_Lock_policyE2EEEESt15__allocated_ptrIT_ERSE_
FNDA:173,_ZSt18__allocate_guardedISaISt23_Sp_counted_ptr_inplaceIN6OctreeIiSt10shared_ptrI10IContainerE17ContainerPositionIiEE4NodeESaIvELN9__gnu_cxx12_Lock_policyE2EEEESt15__allocated_ptrIT_ERSF_
FNF:13
FNH:13
DA:53,477
DA:54,477
DA:55,477
DA:71,477
DA:73,477
DA:74,210
DA:75,477
DA:79,267
DA:81,267
DA:82,267
DA:86,210
DA:96,210
DA:98,210
LF:13
LH:13
end_of_record
TN:
SF:/usr/include/c++/13/bits/allocator.h
FNF:0
FNH:0
DA:163,3836
DA:168,9418
DA:178,618
DA:184,8836
DA:191,4778
DA:193,0
DA:194,0
DA:195,0
DA:198,4777
DA:205,4677
DA:207,0
DA:208,0
DA:210,4675
DA:217,6
LF:14
LH:9
end_of_record
TN:
SF:/usr/include/c++/13/bits/atomic_base.h
FN:107,110,_ZStanSt12memory_orderSt23__memory_order_modifier
FN:362,362,_ZNSt13__atomic_baseIbEC2Eb
FNDA:3575,_ZStanSt12memory_orderSt23__memory_order_modifier
FNDA:34,_ZNSt13__atomic_baseIbEC2Eb
FNF:2
FNH:2
DA:107,3575
DA:109,3575
DA:362,34
DA:476,122
DA:477,122
DA:478,122
DA:479,122
DA:481,122
DA:482,122
DA:501,3454
DA:502,3455
DA:503,3456
DA:505,3451
LF:13
LH:13
end_of_record
TN:
SF:/usr/include/c++/13/bits/basic_string.h
FN:1071,1072,_ZNKSt7__cxx1112basic_stringIcSt11char_traitsIcESaIcEE4sizeEv
FN:1078,1079,_ZNKSt7__cxx1112basic_stringIcSt11char_traitsIcESaIcEE6lengthEv
FN:1084,1085,_ZNKSt7__cxx1112basic_stringIcSt11char_traitsIcESaIcEE8max_sizeEv
FN:1169,1173,_ZNKSt7__cxx1112basic_stringIcSt11char_traitsIcESaIcEE8capacityEv
FN:124,137,_ZNSt7__cxx1112basic_stringIcSt11char_traitsIcESaIcEE11_S_allocateERS3_m
FN:1254,1262,_ZNSt7__cxx1112basic_stringIcSt11char_traitsIcESaIcEEixEm
FN:1366,1367,_ZNSt7__cxx1112basic_stringIcSt11char_traitsIcESaIcEEpLERKS4_
FN:1424,1425,_ZNSt7__cxx1112basic_stringIcSt11char_traitsIcESaIcEE6appendERKS4_
FN:1455,1460,_ZNSt7__cxx1112basic_stringIcSt11char_traitsIcESaIcEE6appendEPKcm
FN:1469,1475,_ZNSt7__cxx1112basic_stringIcSt11char_traitsIcESaIcEE6appendEPKc
FN:188,189,_ZNSt7__cxx1112basic_stringIcSt11char_traitsIcESaIcEE12_Alloc_hiderC2EPcRKS3_
FN:1894,1896,_ZNSt7__cxx1112basic_stringIcSt11char_traitsIcESaIcEE6insertEmRKS4_
FN:192,193,_ZNSt7__cxx1112basic_stringIcSt11char_traitsIcESaIcEE12_Alloc_hiderC1EPcOS3_
FN:1962,1967,_ZNSt7__cxx1112basic_stringIcSt11char_traitsIcESaIcEE6insertEmPKc
FN:212,213,_ZNSt7__cxx1112basic_stringIcSt11char_traitsIcESaIcEE7_M_dataEPc
FN:217,218,_ZNSt7__cxx1112basic_stringIcSt11char_traitsIcESaIcEE9_M_lengthEm
FN:2204,2210,_ZNSt7__cxx1112basic_stringIcSt11char_traitsIcESaIcEE7replaceEmmPKcm
FN:222,223,_ZNKSt7__cxx1112basic_stringIcSt11char_traitsIcESaIcEE7_M_dataEv
FN:227,234,_ZNSt7__cxx1112basic_stringIcSt11char_traitsIcESaIcEE13_M_local_dataEv
FN:238,245,_ZNKSt7__cxx1112basic_stringIcSt11char_traitsIcESaIcEE13_M_local_dataEv
FN:249,250,_ZNSt7__cxx1112basic_stringIcSt11char_traitsIcESaIcEE11_M_capacityEm
FN:254,258,_ZNSt7__cxx1112basic_stringIcSt11char_traitsIcESaIcEE13_M_set_lengthEm
FN:2595,2596,_ZNKSt7__cxx1112basic_stringIcSt11char_traitsIcESaIcEE5c_strEv
FN:2608,2609,_ZNKSt7__cxx1112basic_stringIcSt11char_traitsIcESaIcEE4dataEv
FN:262,271,_ZNKSt7__cxx1112basic_stringIcSt11char_traitsIcESaIcEE11_M_is_localEv
FN:2629,2630,_ZNKSt7__cxx1112basic_stringIcSt11char_traitsIcESaIcEE13get_allocatorEv
FN:280,284,_ZNSt7__cxx1112basic_stringIcSt11char_traitsIcESaIcEE10_M_disposeEv
FN:288,289,_ZNSt7__cxx1112basic_stringIcSt11char_traitsIcESaIcEE10_M_destroyEm
FN:336,337,_ZNSt7__cxx1112basic_stringIcSt11char_traitsIcESaIcEE16_M_get_allocatorEv
FN:341,342,_ZNKSt7__cxx1112basic_stringIcSt11char_traitsIcESaIcEE16_M_get_allocatorEv
FN:3528,3541,_ZSt12__str_concatINSt7__cxx1112basic_stringIcSt11char_traitsIcESaIcEEEET_PKNS6_10value_typeENS6_9size_typeES9_SA_RKNS6_14allocator_typeE
FN:3571,3579,_ZStplIcSt11char_traitsIcESaIcEENSt7__cxx1112basic_stringIT_T0_T1_EEPKS5_RKS8_
FN:3651,3669,_ZStplIcSt11char_traitsIcESaIcEENSt7__cxx1112basic_stringIT_T0_T1_EEOS8_S9_
FN:3674,3676,_ZStplIcSt11char_traitsIcESaIcEENSt7__cxx1112basic_stringIT_T0_T1_EEPKS5_OS8_
FN:3688,3690,_ZStplIcSt11char_traitsIcESaIcEENSt7__cxx1112basic_stringIT_T0_T1_EEOS8_PKS5_
FN:3710,3716,_ZSteqIcSt11char_traitsIcESaIcEEbRKNSt7__cxx1112basic_stringIT_T0_T1_EESA_
FN:3727,3732,_ZSteqIcSt11char_traitsIcESaIcEEbRKNSt7__cxx1112basic_stringIT_T0_T1_EEPKS5_
FN:386,393,_ZNKSt7__cxx1112basic_stringIcSt11char_traitsIcESaIcEE8_M_checkEmPKc
FN:397,401,_ZNKSt7__cxx1112basic_stringIcSt11char_traitsIcESaIcEE15_M_check_lengthEmmPKc
FN:407,411,_ZNKSt7__cxx1112basic_stringIcSt11char_traitsIcESaIcEE8_M_limitEmm
FN:415,419,_ZNKSt7__cxx1112basic_stringIcSt11char_traitsIcESaIcEE11_M_disjunctEPKc
FN:4162,4173,_ZNSt7__cxx119to_stringEi
FN:425,431,_ZNSt7__cxx1112basic_stringIcSt11char_traitsIcESaIcEE7_S_copyEPcPKcm
FN:4251,4257,_ZNSt7__cxx119to_stringEd
FN:435,441,_ZNSt7__cxx1112basic_stringIcSt11char_traitsIcESaIcEE7_S_moveEPcPKcm
FN:445,451,_ZNSt7__cxx1112basic_stringIcSt11char_traitsIcESaIcEE9_S_assignEPcmc
FN:477,478,_ZNSt7__cxx1112basic_stringIcSt11char_traitsIcESaIcEE13_S_copy_charsEPcS5_S5_
FN:482,484,_ZNSt7__cxx1112basic_stringIcSt11char_traitsIcESaIcEE13_S_copy_charsEPcPKcS7_
FN:522,528,_ZNSt7__cxx1112basic_stringIcSt11char_traitsIcESaIcEEC1Ev
FN:535,540,_ZNSt7__cxx1112basic_stringIcSt11char_traitsIcESaIcEEC2ERKS3_
FN:547,553,_ZNSt7__cxx1112basic_stringIcSt11char_traitsIcESaIcEEC2ERKS4_
FN:641,650,_ZNSt7__cxx1112basic_stringIcSt11char_traitsIcESaIcEEC2IS3_EEPKcRKS3_
FN:664,666,_ZNSt7__cxx1112basic_stringIcSt11char_traitsIcESaIcEEC2IS3_EEmcRKS3_
FN:677,698,_ZNSt7__cxx1112basic_stringIcSt11char_traitsIcESaIcEEC2EOS4_
FN:760,770,_ZNSt7__cxx1112basic_stringIcSt11char_traitsIcESaIcEEC2IPcvEET_S7_RKS3_
FN:803,804,_ZNSt7__cxx1112basic_stringIcSt11char_traitsIcESaIcEED2Ev
FNDA:0,_ZNKSt7__cxx1112basic_stringIcSt11char_traitsIcESaIcEE4sizeEv
FNDA:0,_ZNKSt7__cxx1112basic_stringIcSt11char_traitsIcESaIcEE6lengthEv
FNDA:0,_ZNKSt7__cxx1112basic_stringIcSt11char_traitsIcESaIcEE8max_sizeEv
FNDA:0,_ZNKSt7__cxx1112basic_stringIcSt11char_traitsIcESaIcEE8capacityEv
FNDA:0,_ZNSt7__cxx1112basic_stringIcSt11char_traitsIcESaIcEE11_S_allocateERS3_m
FNDA:0,_ZNSt7__cxx1112basic_stringIcSt11char_traitsIcESaIcEEixEm
FNDA:0,_ZNSt7__cxx1112basic_stringIcSt11char_traitsIcESaIcEEpLERKS4_
FNDA:0,_ZNSt7__cxx1112basic_stringIcSt11char_traitsIcESaIcEE6appendERKS4_
FNDA:0,_ZNSt7__cxx1112basic_stringIcSt11char_traitsIcESaIcEE6appendEPKcm
FNDA:0,_ZNSt7__cxx1112basic_stringIcSt11char_traitsIcESaIcEE6appendEPKc
FNDA:0,_ZNSt7__cxx1112basic_stringIcSt11char_traitsIcESaIcEE12_Alloc_hiderC2EPcRKS3_
FNDA:0,_ZNSt7__cxx1112basic_stringIcSt11char_traitsIcESaIcEE6insertEmRKS4_
FNDA:0,_ZNSt7__cxx1112basic_stringIcSt11char_traitsIcESaIcEE12_Alloc_hiderC1EPcOS3_
FNDA:4,_ZNSt7__cxx1112basic_stringIcSt11char_traitsIcESaIcEE6insertEmPKc
FNDA:0,_ZNSt7__cxx1112basic_stringIcSt11char_traitsIcESaIcEE7_M_dataEPc
FNDA:0,_ZNSt7__cxx1112basic_stringIcSt11char_traitsIcESaIcEE9_M_lengthEm
FNDA:0,_ZNSt7__cxx1112basic_stringIcSt11char_traitsIcESaIcEE7replaceEmmPKcm
FNDA:0,_ZNKSt7__cxx1112basic_stringIcSt11char_traitsIcESaIcEE7_M_dataEv
FNDA:0,_ZNSt7__cxx1112basic_stringIcSt11char_traitsIcESaIcEE13_M_local_dataEv
FNDA:0,_ZNKSt7__cxx1112basic_stringIcSt11char_traitsIcESaIcEE13_M_local_dataEv
FNDA:0,_ZNSt7__cxx1112basic_stringIcSt11char_traitsIcESaIcEE11_M_capacityEm
FNDA:0,_ZNSt7__cxx1112basic_stringIcSt11char_traitsIcESaIcEE13_M_set_lengthEm
FNDA:0,_ZNKSt7__cxx1112basic_stringIcSt11char_traitsIcESaIcEE5c_strEv
FNDA:0,_ZNKSt7__cxx1112basic_stringIcSt11char_traitsIcESaIcEE4dataEv
FNDA:0,_ZNKSt7__cxx1112basic_stringIcSt11char_traitsIcESaIcEE11_M_is_localEv
FNDA:0,_ZNKSt7__cxx1112basic_stringIcSt11char_traitsIcESaIcEE13get_allocatorEv
FNDA:0,_ZNSt7__cxx1112basic_stringIcSt11char_traitsIcESaIcEE10_M_disposeEv
FNDA:0,_ZNSt7__cxx1112basic_stringIcSt11char_traitsIcESaIcEE10_M_destroyEm
FNDA:0,_ZNSt7__cxx1112basic_stringIcSt11char_traitsIcESaIcEE16_M_get_allocatorEv
FNDA:0,_ZNKSt7__cxx1112basic_stringIcSt11char_traitsIcESaIcEE16_M_get_allocatorEv
FNDA:0,_ZSt12__str_concatINSt7__cxx1112basic_stringIcSt11char_traitsIcESaIcEEEET_PKNS6_10value_typeENS6_9size_typeES9_SA_RKNS6_14allocator_typeE
FNDA:0,_ZStplIcSt11char_traitsIcESaIcEENSt7__cxx1112basic_stringIT_T0_T1_EEPKS5_RKS8_
FNDA:0,_ZStplIcSt11char_traitsIcESaIcEENSt7__cxx1112basic_stringIT_T0_T1_EEOS8_S9_
FNDA:4,_ZStplIcSt11char_traitsIcESaIcEENSt7__cxx1112basic_stringIT_T0_T1_EEPKS5_OS8_
FNDA:0,_ZStplIcSt11char_traitsIcESaIcEENSt7__cxx1112basic_stringIT_T0_T1_EEOS8_PKS5_
FNDA:0,_ZSteqIcSt11char_traitsIcESaIcEEbRKNSt7__cxx1112basic_stringIT_T0_T1_EESA_
FNDA:0,_ZSteqIcSt11char_traitsIcESaIcEEbRKNSt7__cxx1112basic_stringIT_T0_T1_EEPKS5_
FNDA:0,_ZNKSt7__cxx1112basic_stringIcSt11char_traitsIcESaIcEE8_M_checkEmPKc
FNDA:0,_ZNKSt7__cxx1112basic_stringIcSt11char_traitsIcESaIcEE15_M_check_lengthEmmPKc
FNDA:0,_ZNKSt7__cxx1112basic_stringIcSt11char_traitsIcESaIcEE8_M_limitEmm
FNDA:0,_ZNKSt7__cxx1112basic_stringIcSt11char_traitsIcESaIcEE11_M_disjunctEPKc
FNDA:0,_ZNSt7__cxx119to_stringEi
FNDA:0,_ZNSt7__cxx1112basic_stringIcSt11char_traitsIcESaIcEE7_S_copyEPcPKcm
FNDA:4,_ZNSt7__cxx119to_stringEd
FNDA:0,_ZNSt7__cxx1112basic_stringIcSt11char_traitsIcESaIcEE7_S_moveEPcPKcm
FNDA:0,_ZNSt7__cxx1112basic_stringIcSt11char_traitsIcESaIcEE9_S_assignEPcmc
FNDA:0,_ZNSt7__cxx1112basic_stringIcSt11char_traitsIcESaIcEE13_S_copy_charsEPcS5_S5_
FNDA:0,_ZNSt7__cxx1112basic_stringIcSt11char_traitsIcESaIcEE13_S_copy_charsEPcPKcS7_
FNDA:0,_ZNSt7__cxx1112basic_stringIcSt11char_traitsIcESaIcEEC1Ev
FNDA:0,_ZNSt7__cxx1112basic_stringIcSt11char_traitsIcESaIcEEC2ERKS3_
FNDA:0,_ZNSt7__cxx1112basic_stringIcSt11char_traitsIcESaIcEEC2ERKS4_
FNDA:0,_ZNSt7__cxx1112basic_stringIcSt11char_traitsIcESaIcEEC2IS3_EEPKcRKS3_
FNDA:0,_ZNSt7__cxx1112basic_stringIcSt11char_traitsIcESaIcEEC2IS3_EEmcRKS3_
FNDA:0,_ZNSt7__cxx1112basic_stringIcSt11char_traitsIcESaIcEEC2EOS4_
FNDA:4,_ZNSt7__cxx1112basic_stringIcSt11char_traitsIcESaIcEEC2IPcvEET_S7_RKS3_
FNDA:0,_ZNSt7__cxx1112basic_stringIcSt11char_traitsIcESaIcEED2Ev
FNF:56
FNH:4
DA:124,0
DA:126,0
DA:136,0
DA:188,0
DA:189,0
DA:192,0
DA:193,0
DA:212,0
DA:213,0
DA:217,0
DA:218,0
DA:222,0
DA:223,0
DA:227,0
DA:230,0
DA:238,0
DA:241,0
DA:249,0
DA:250,0
DA:254,0
DA:256,0
DA:257,0
DA:258,0
DA:262,0
DA:264,0
DA:266,0
DA:267,0
DA:268,0
DA:270,0
DA:280,0
DA:282,0
DA:283,0
DA:284,0
DA:288,0
DA:289,0
DA:336,0
DA:337,0
DA:341,0
DA:342,0
DA:351,0
DA:352,0
DA:353,0
DA:355,0
DA:365,0
DA:386,0
DA:388,0
DA:389,0
DA:392,0
DA:397,0
DA:399,0
DA:400,0
DA:401,0
DA:407,0
DA:409,0
DA:410,0
DA:415,0
DA:417,0
DA:418,0
DA:425,0
DA:427,0
DA:428,0
DA:430,0
DA:431,0
DA:435,0
DA:437,0
DA:438,0
DA:440,0
DA:441,0
DA:445,0
DA:447,0
DA:448,0
DA:450,0
DA:451,0
DA:477,0
DA:478,0
DA:482,0
DA:484,0
DA:522,0
DA:524,0
DA:527,0
DA:528,0
DA:535,0
DA:536,0
DA:539,0
DA:540,0
DA:547,0
DA:548,0
DA:549,0
DA:551,0
DA:553,0
DA:641,0
DA:642,0
DA:645,0
DA:646,0
DA:648,0
DA:649,0
DA:650,0
DA:664,0
DA:665,0
DA:666,0
DA:677,0
DA:678,0
DA:680,0
DA:683,0
DA:684,0
DA:688,0
DA:689,0
DA:695,0
DA:696,0
DA:697,0
DA:698,0
DA:760,4
DA:762,4
DA:765,4
DA:770,4
DA:803,0
DA:804,0
DA:1071,0
DA:1072,0
DA:1078,0
DA:1079,0
DA:1084,0
DA:1085,0
DA:1169,0
DA:1171,0
DA:1172,0
DA:1254,0
DA:1258,0
DA:1261,0
DA:1366,0
DA:1367,0
DA:1424,0
DA:1425,0
DA:1455,0
DA:1458,0
DA:1459,0
DA:1469,0
DA:1472,0
DA:1473,0
DA:1474,0
DA:1894,0
DA:1895,0
DA:1896,0
DA:1962,4
DA:1965,4
DA:1966,4
DA:2204,0
DA:2208,0
DA:2209,0
DA:2595,0
DA:2596,0
DA:2608,0
DA:2609,0
DA:2629,0
DA:2630,0
DA:3528,0
DA:3536,0
DA:3537,0
DA:3538,0
DA:3539,0
DA:3540,0
DA:3541,0
DA:3571,0
DA:3578,0
DA:3651,0
DA:3656,0
DA:3658,0
DA:3661,0
DA:3664,0
DA:3665,0
DA:3666,0
DA:3668,0
DA:3674,4
DA:3676,4
DA:3688,0
DA:3690,0
DA:3710,0
DA:3714,0
DA:3715,0
DA:3727,0
DA:3730,0
DA:3731,0
DA:4162,0
DA:4167,0
DA:4168,0
DA:4169,0
DA:4170,0
DA:4171,0
DA:4172,0
DA:4251,4
DA:4253,4
DA:4256,4
LF:192
LH:12
end_of_record
TN:
SF:/usr/include/c++/13/bits/basic_string.tcc
FN:138,160,_ZNSt7__cxx1112basic_stringIcSt11char_traitsIcESaIcEE9_M_createERmm
FN:221,252,_ZNSt7__cxx1112basic_stringIcSt11char_traitsIcESaIcEE12_M_constructIPKcEEvT_S8_St20forward_iterator_tag
FN:221,252,_ZNSt7__cxx1112basic_stringIcSt11char_traitsIcESaIcEE12_M_constructIPcEEvT_S7_St20forward_iterator_tag
FN:239,239,_ZZNSt7__cxx1112basic_stringIcSt11char_traitsIcESaIcEE12_M_constructIPKcEEvT_S8_St20forward_iterator_tagEN6_GuardC2EPS4_
FN:239,239,_ZZNSt7__cxx1112basic_stringIcSt11char_traitsIcESaIcEE12_M_constructIPcEEvT_S7_St20forward_iterator_tagEN6_GuardC2EPS4_
FN:242,242,_ZZNSt7__cxx1112basic_stringIcSt11char_traitsIcESaIcEE12_M_constructIPKcEEvT_S8_St20forward_iterator_tagEN6_GuardD2Ev
FN:242,242,_ZZNSt7__cxx1112basic_stringIcSt11char_traitsIcESaIcEE12_M_constructIPcEEvT_S7_St20forward_iterator_tagEN6_GuardD2Ev
FN:257,272,_ZNSt7__cxx1112basic_stringIcSt11char_traitsIcESaIcEE12_M_constructEmc
FN:304,320,_ZNSt7__cxx1112basic_stringIcSt11char_traitsIcESaIcEE7reserveEm
FN:325,345,_ZNSt7__cxx1112basic_stringIcSt11char_traitsIcESaIcEE9_M_mutateEmmPKcm
FN:413,428,_ZNSt7__cxx1112basic_stringIcSt11char_traitsIcESaIcEE9_M_appendEPKcm
FN:511,552,_ZNSt7__cxx1112basic_stringIcSt11char_traitsIcESaIcEE10_M_replaceEmmPKcm
FNDA:0,_ZNSt7__cxx1112basic_stringIcSt11char_traitsIcESaIcEE9_M_createERmm
FNDA:0,_ZNSt7__cxx1112basic_stringIcSt11char_traitsIcESaIcEE12_M_constructIPKcEEvT_S8_St20forward_iterator_tag
FNDA:0,_ZNSt7__cxx1112basic_stringIcSt11char_traitsIcESaIcEE12_M_constructIPcEEvT_S7_St20forward_iterator_tag
FNDA:0,_ZZNSt7__cxx1112basic_stringIcSt11char_traitsIcESaIcEE12_M_constructIPKcEEvT_S8_St20forward_iterator_tagEN6_GuardC2EPS4_
FNDA:0,_ZZNSt7__cxx1112basic_stringIcSt11char_traitsIcESaIcEE12_M_constructIPcEEvT_S7_St20forward_iterator_tagEN6_GuardC2EPS4_
FNDA:0,_ZZNSt7__cxx1112basic_stringIcSt11char_traitsIcESaIcEE12_M_constructIPKcEEvT_S8_St20forward_iterator_tagEN6_GuardD2Ev
FNDA:0,_ZZNSt7__cxx1112basic_stringIcSt11char_traitsIcESaIcEE12_M_constructIPcEEvT_S7_St20forward_iterator_tagEN6_GuardD2Ev
FNDA:0,_ZNSt7__cxx1112basic_stringIcSt11char_traitsIcESaIcEE12_M_constructEmc
FNDA:0,_ZNSt7__cxx1112basic_stringIcSt11char_traitsIcESaIcEE7reserveEm
FNDA:0,_ZNSt7__cxx1112basic_stringIcSt11char_traitsIcESaIcEE9_M_mutateEmmPKcm
FNDA:0,_ZNSt7__cxx1112basic_stringIcSt11char_traitsIcESaIcEE9_M_appendEPKcm
FNDA:0,_ZNSt7__cxx1112basic_stringIcSt11char_traitsIcESaIcEE10_M_replaceEmmPKcm
FNF:12
FNH:0
DA:138,0
DA:143,0
DA:144,0
DA:149,0
DA:151,0
DA:153,0
DA:154,0
DA:159,0
DA:221,0
DA:225,0
DA:227,0
DA:229,0
DA:230,0
DA:239,0
DA:242,0
DA:245,0
DA:247,0
DA:249,0
DA:251,0
DA:252,0
DA:257,0
DA:260,0
DA:262,0
DA:263,0
DA:268,0
DA:269,0
DA:271,0
DA:272,0
DA:304,0
DA:307,0
DA:312,0
DA:313,0
DA:315,0
DA:316,0
DA:317,0
DA:318,0
DA:319,0
DA:325,0
DA:329,0
DA:331,0
DA:332,0
DA:334,0
DA:335,0
DA:336,0
DA:337,0
DA:338,0
DA:339,0
DA:340,0
DA:342,0
DA:343,0
DA:344,0
DA:345,0
DA:413,0
DA:416,0
DA:418,0
DA:420,0
DA:421,0
DA:424,0
DA:426,0
DA:427,0
DA:511,0
DA:515,0
DA:517,0
DA:518,0
DA:520,0
DA:522,0
DA:524,0
DA:526,0
DA:528,0
DA:529,0
DA:530,0
DA:531,0
DA:532,0
DA:533,0
DA:537,0
DA:539,0
DA:540,0
DA:541,0
DA:542,0
DA:545,0
DA:548,0
DA:550,0
DA:551,0
LF:83
LH:0
end_of_record
TN:
SF:/usr/include/c++/13/bits/char_traits.h
FN:136,137,_ZN9__gnu_cxx11char_traitsIcE2eqERKcS3_
FN:199,206,_ZN9__gnu_cxx11char_traitsIcE6lengthEPKc
FN:222,248,_ZN9__gnu_cxx11char_traitsIcE4moveEPcPKcm
FN:253,268,_ZN9__gnu_cxx11char_traitsIcE4copyEPcPKcm
FN:273,300,_ZN9__gnu_cxx11char_traitsIcE6assignEPcmc
FN:351,359,_ZNSt11char_traitsIcE6assignERcRKc
FN:366,371,_ZNSt11char_traitsIcE2ltERKcS2_
FN:374,390,_ZNSt11char_traitsIcE7compareEPKcS2_m
FN:393,400,_ZNSt11char_traitsIcE6lengthEPKc
FN:415,424,_ZNSt11char_traitsIcE4moveEPcPKcm
FN:427,436,_ZNSt11char_traitsIcE4copyEPcPKcm
FN:439,448,_ZNSt11char_traitsIcE6assignEPcmc
FNDA:0,_ZN9__gnu_cxx11char_traitsIcE2eqERKcS3_
FNDA:0,_ZN9__gnu_cxx11char_traitsIcE6lengthEPKc
FNDA:0,_ZN9__gnu_cxx11char_traitsIcE4moveEPcPKcm
FNDA:0,_ZN9__gnu_cxx11char_traitsIcE4copyEPcPKcm
FNDA:0,_ZN9__gnu_cxx11char_traitsIcE6assignEPcmc
FNDA:0,_ZNSt11char_traitsIcE6assignERcRKc
FNDA:0,_ZNSt11char_traitsIcE2ltERKcS2_
FNDA:0,_ZNSt11char_traitsIcE7compareEPKcS2_m
FNDA:0,_ZNSt11char_traitsIcE6lengthEPKc
FNDA:0,_ZNSt11char_traitsIcE4moveEPcPKcm
FNDA:0,_ZNSt11char_traitsIcE4copyEPcPKcm
FNDA:0,_ZNSt11char_traitsIcE6assignEPcmc
FNF:12
FNH:0
DA:136,0
DA:137,0
DA:199,0
DA:202,0
DA:203,0
DA:204,0
DA:205,0
DA:222,0
DA:225,0
DA:226,0
DA:228,0
DA:242,0
DA:243,0
DA:246,0
DA:247,0
DA:253,0
DA:256,0
DA:257,0
DA:259,0
DA:261,0
DA:262,0
DA:263,0
DA:266,0
DA:267,0
DA:273,0
DA:277,0
DA:279,0
DA:280,0
DA:281,0
DA:287,0
DA:290,0
DA:291,0
DA:299,0
DA:351,0
DA:354,0
DA:355,0
DA:358,0
DA:359,0
DA:366,0
DA:369,0
DA:370,0
DA:374,0
DA:376,0
DA:377,0
DA:379,0
DA:381,0
DA:382,0
DA:383,0
DA:384,0
DA:385,0
DA:386,0
DA:389,0
DA:393,0
DA:396,0
DA:397,0
DA:399,0
DA:415,0
DA:417,0
DA:418,0
DA:420,0
DA:421,0
DA:423,0
DA:427,0
DA:429,0
DA:430,0
DA:432,0
DA:433,0
DA:435,0
DA:439,0
DA:441,0
DA:442,0
DA:444,0
DA:445,0
DA:447,0
LF:74
LH:0
end_of_record
TN:
SF:/usr/include/c++/13/bits/charconv.h
FN:55,74,_ZNSt8__detail14__to_chars_lenIjEEjT_i
FN:81,110,_ZNSt8__detail18__to_chars_10_implIjEEvPcjT_
FNDA:0,_ZNSt8__detail14__to_chars_lenIjEEjT_i
FNDA:0,_ZNSt8__detail18__to_chars_10_implIjEEvPcjT_
FNF:2
FNH:0
DA:55,0
DA:61,0
DA:62,0
DA:63,0
DA:64,0
DA:67,0
DA:68,0
DA:69,0
DA:70,0
DA:71,0
DA:72,0
DA:81,0
DA:87,0
DA:93,0
DA:94,0
DA:96,0
DA:97,0
DA:98,0
DA:99,0
DA:100,0
DA:102,0
DA:104,0
DA:105,0
DA:106,0
DA:109,0
DA:110,0
LF:26
LH:0
end_of_record
TN:
SF:/usr/include/c++/13/bits/cpp_type_traits.h
FN:607,608,_ZSt12__miter_baseIN9__gnu_cxx17__normal_iteratorIPSt4pairI17ContainerPositionIiESt10shared_ptrI10IContainerEESt6vectorIS8_SaIS8_EEEEET_SE_
FN:607,608,_ZSt12__miter_baseIPPSt10shared_ptrIN6OctreeIiS0_I10IContainerE17ContainerPositionIiEE4NodeEEET_SB_
FN:607,608,_ZSt12__miter_baseIPSt4pairI17ContainerPositionIiESt10shared_ptrI10IContainerEEET_S8_
FNDA:544,_ZSt12__miter_baseIN9__gnu_cxx17__normal_iteratorIPSt4pairI17ContainerPositionIiESt10shared_ptrI10IContainerEESt6vectorIS8_SaIS8_EEEEET_SE_
FNDA:0,_ZSt12__miter_baseIPPSt10shared_ptrIN6OctreeIiS0_I10IContainerE17ContainerPositionIiEE4NodeEEET_SB_
FNDA:0,_ZSt12__miter_baseIPSt4pairI17ContainerPositionIiESt10shared_ptrI10IContainerEEET_S8_
FNF:3
FNH:1
DA:607,544
DA:608,544
LF:2
LH:2
end_of_record
TN:
SF:/usr/include/c++/13/bits/deque.tcc
FN:1201,1224,_ZSt11__equal_ditISt10shared_ptrIN6OctreeIiS0_I10IContainerE17ContainerPositionIiEE4NodeEERKS8_PS9_St15_Deque_iteratorIS8_SA_SB_EEbRKSC_IT_T0_T1_ESJ_T2_
FN:1237,1240,_ZSt12__equal_aux1ISt10shared_ptrIN6OctreeIiS0_I10IContainerE17ContainerPositionIiEE4NodeEERKS8_PS9_S8_SA_SB_EbSt15_Deque_iteratorIT_T0_T1_ESG_SC_IT2_T3_T4_E
FN:1245,1265,_ZSt12__equal_aux1IPSt10shared_ptrIN6OctreeIiS0_I10IContainerE17ContainerPositionIiEE4NodeEES8_RKS8_PSA_EN9__gnu_cxx11__enable_ifIXsrSt23__is_random_access_iterIT_NSt15iterator_traitsISG_E17iterator_categoryEE7__valueEbE6__typeESG_SG_St15_Deque_iteratorIT0_T1_T2_E
FN:484,516,_ZNSt5dequeISt10shared_ptrIN6OctreeIiS0_I10IContainerE17ContainerPositionIiEE4NodeEESaIS8_EE16_M_push_back_auxIJRKS8_EEEvDpOT_
FN:560,568,_ZNSt5dequeISt10shared_ptrIN6OctreeIiS0_I10IContainerE17ContainerPositionIiEE4NodeEESaIS8_EE15_M_pop_back_auxEv
FN:859,877,_ZNSt5dequeISt10shared_ptrIN6OctreeIiS0_I10IContainerE17ContainerPositionIiEE4NodeEESaIS8_EE19_M_destroy_data_auxESt15_Deque_iteratorIS8_RS8_PS8_ESE_
FN:931,973,_ZNSt5dequeISt10shared_ptrIN6OctreeIiS0_I10IContainerE17ContainerPositionIiEE4NodeEESaIS8_EE17_M_reallocate_mapEmb
FNDA:7,_ZSt11__equal_ditISt10shared_ptrIN6OctreeIiS0_I10IContainerE17ContainerPositionIiEE4NodeEERKS8_PS9_St15_Deque_iteratorIS8_SA_SB_EEbRKSC_IT_T0_T1_ESJ_T2_
FNDA:7,_ZSt12__equal_aux1ISt10shared_ptrIN6OctreeIiS0_I10IContainerE17ContainerPositionIiEE4NodeEERKS8_PS9_S8_SA_SB_EbSt15_Deque_iteratorIT_T0_T1_ESG_SC_IT2_T3_T4_E
FNDA:7,_ZSt12__equal_aux1IPSt10shared_ptrIN6OctreeIiS0_I10IContainerE17ContainerPositionIiEE4NodeEES8_RKS8_PSA_EN9__gnu_cxx11__enable_ifIXsrSt23__is_random_access_iterIT_NSt15iterator_traitsISG_E17iterator_categoryEE7__valueEbE6__typeESG_SG_St15_Deque_iteratorIT0_T1_T2_E
FNDA:0,_ZNSt5dequeISt10shared_ptrIN6OctreeIiS0_I10IContainerE17ContainerPositionIiEE4NodeEESaIS8_EE16_M_push_back_auxIJRKS8_EEEvDpOT_
FNDA:0,_ZNSt5dequeISt10shared_ptrIN6OctreeIiS0_I10IContainerE17ContainerPositionIiEE4NodeEESaIS8_EE15_M_pop_back_auxEv
FNDA:93,_ZNSt5dequeISt10shared_ptrIN6OctreeIiS0_I10IContainerE17ContainerPositionIiEE4NodeEESaIS8_EE19_M_destroy_data_auxESt15_Deque_iteratorIS8_RS8_PS8_ESE_
FNDA:0,_ZNSt5dequeISt10shared_ptrIN6OctreeIiS0_I10IContainerE17ContainerPositionIiEE4NodeEESaIS8_EE17_M_reallocate_mapEmb
FNF:7
FNH:4
DA:484,0
DA:492,0
DA:493,0
DA:496,0
DA:497,0
DA:501,0
DA:507,0
DA:509,0
DA:516,0
DA:560,0
DA:563,0
DA:564,0
DA:565,0
DA:566,0
DA:568,0
DA:859,93
DA:862,93
DA:863,93
DA:864,0
DA:865,0
DA:867,93
DA:869,0
DA:870,0
DA:871,0
DA:872,0
DA:875,93
DA:876,93
DA:877,93
DA:931,0
DA:934,0
DA:935,0
DA:936,0
DA:939,0
DA:941,0
DA:942,0
DA:943,0
DA:944,0
DA:945,0
DA:946,0
DA:949,0
DA:950,0
DA:951,0
DA:955,0
DA:956,0
DA:959,0
DA:960,0
DA:961,0
DA:962,0
DA:963,0
DA:965,0
DA:967,0
DA:968,0
DA:971,0
DA:972,0
DA:973,0
DA:1201,7
DA:1207,7
DA:1209,0
DA:1210,0
DA:1212,0
DA:1213,0
DA:1214,0
DA:1215,0
DA:1216,0
DA:1218,0
DA:1220,0
DA:1223,7
DA:1237,7
DA:1240,7
DA:1245,7
DA:1251,7
DA:1252,7
DA:1254,0
DA:1255,0
DA:1256,0
DA:1257,0
DA:1259,0
DA:1260,0
DA:1261,0
DA:1264,7
LF:80
LH:16
end_of_record
TN:
SF:/usr/include/c++/13/bits/invoke.h
FN:104,117,_ZSt10__invoke_rIvRZN7StorageC4EiiiidEUlRS0_St10shared_ptrI10IContainerE17ContainerPositionIiEE0_JS1_S4_S6_EENSt9enable_ifIX16is_invocable_r_vIT_T0_DpT1_EESA_E4typeEOSB_DpOSC_
FN:104,117,_ZSt10__invoke_rIvRZN7StorageC4EiiiidEUlRS0_St10shared_ptrI10IContainerE17ContainerPositionIiEE_JS1_S4_S6_EENSt9enable_ifIX16is_invocable_r_vIT_T0_DpT1_EESA_E4typeEOSB_DpOSC_
FN:60,61,_ZSt13__invoke_implIvRZN7StorageC4EiiiidEUlRS0_St10shared_ptrI10IContainerE17ContainerPositionIiEE0_JS1_S4_S6_EET_St14__invoke_otherOT0_DpOT1_
FN:60,61,_ZSt13__invoke_implIvRZN7StorageC4EiiiidEUlRS0_St10shared_ptrI10IContainerE17ContainerPositionIiEE_JS1_S4_S6_EET_St14__invoke_otherOT0_DpOT1_
FN:71,75,_ZSt13__invoke_implIbM7StorageFbSt10shared_ptrI10IContainerEiiEPS0_JS3_iiEET_St21__invoke_memfun_derefOT0_OT1_DpOT2_
FN:71,75,_ZSt13__invoke_implIvM7StorageFvSt10shared_ptrI10IContainerERSt6vectorImSaImEEmEPS0_JS3_St17reference_wrapperIS6_EmEET_St21__invoke_memfun_derefOT0_OT1_DpOT2_
FN:90,98,_ZSt8__invokeIM7StorageFbSt10shared_ptrI10IContainerEiiEJPS0_S3_iiEENSt15__invoke_resultIT_JDpT0_EE4typeEOS8_DpOS9_
FN:90,98,_ZSt8__invokeIM7StorageFvSt10shared_ptrI10IContainerERSt6vectorImSaImEEmEJPS0_S3_St17reference_wrapperIS6_EmEENSt15__invoke_resultIT_JDpT0_EE4typeEOSE_DpOSF_
FNDA:172,_ZSt10__invoke_rIvRZN7StorageC4EiiiidEUlRS0_St10shared_ptrI10IContainerE17ContainerPositionIiEE0_JS1_S4_S6_EENSt9enable_ifIX16is_invocable_r_vIT_T0_DpT1_EESA_E4typeEOSB_DpOSC_
FNDA:174,_ZSt10__invoke_rIvRZN7StorageC4EiiiidEUlRS0_St10shared_ptrI10IContainerE17ContainerPositionIiEE_JS1_S4_S6_EENSt9enable_ifIX16is_invocable_r_vIT_T0_DpT1_EESA_E4typeEOSB_DpOSC_
FNDA:172,_ZSt13__invoke_implIvRZN7StorageC4EiiiidEUlRS0_St10shared_ptrI10IContainerE17ContainerPositionIiEE0_JS1_S4_S6_EET_St14__invoke_otherOT0_DpOT1_
FNDA:174,_ZSt13__invoke_implIvRZN7StorageC4EiiiidEUlRS0_St10shared_ptrI10IContainerE17ContainerPositionIiEE_JS1_S4_S6_EET_St14__invoke_otherOT0_DpOT1_
FNDA:124,_ZSt13__invoke_implIbM7StorageFbSt10shared_ptrI10IContainerEiiEPS0_JS3_iiEET_St21__invoke_memfun_derefOT0_OT1_DpOT2_
FNDA:6,_ZSt13__invoke_implIvM7StorageFvSt10shared_ptrI10IContainerERSt6vectorImSaImEEmEPS0_JS3_St17reference_wrapperIS6_EmEET_St21__invoke_memfun_derefOT0_OT1_DpOT2_
FNDA:124,_ZSt8__invokeIM7StorageFbSt10shared_ptrI10IContainerEiiEJPS0_S3_iiEENSt15__invoke_resultIT_JDpT0_EE4typeEOS8_DpOS9_
FNDA:6,_ZSt8__invokeIM7StorageFvSt10shared_ptrI10IContainerERSt6vectorImSaImEEmEJPS0_S3_St17reference_wrapperIS6_EmEENSt15__invoke_resultIT_JDpT0_EE4typeEOSE_DpOSF_
FNF:8
FNH:8
DA:60,346
DA:61,346
DA:71,130
DA:74,130
DA:90,130
DA:96,130
DA:97,129
DA:104,346
DA:111,346
DA:117,317
LF:10
LH:10
end_of_record
TN:
SF:/usr/include/c++/13/bits/iterator_concepts.h
FN:145,154,_ZNKSt6ranges12__cust_imove6_IMoveclIRKPSt4pairI17ContainerPositionIiESt10shared_ptrI10IContainerEEEENS1_8__resultIT_E4typeEOSE_
FNDA:7629,_ZNKSt6ranges12__cust_imove6_IMoveclIRKPSt4pairI17ContainerPositionIiESt10shared_ptrI10IContainerEEEENS1_8__resultIT_E4typeEOSE_
FNF:1
FNH:1
DA:145,7629
DA:151,7629
LF:2
LH:2
end_of_record
TN:
SF:/usr/include/c++/13/bits/list.tcc
FN:133,145,_ZNSt7__cxx114listISt4pairI17ContainerPositionIiESt10shared_ptrI10IContainerEESaIS7_EE6insertIN9__gnu_cxx17__normal_iteratorIPS7_St6vectorIS7_S8_EEEvEESt14_List_iteratorIS7_ESt20_List_const_iteratorIS7_ET_SL_
FN:66,83,_ZNSt7__cxx1110_List_baseISt4pairI17ContainerPositionIiESt10shared_ptrI10IContainerEESaIS7_EE8_M_clearEv
FN:89,96,_ZNSt7__cxx114listISt4pairI17ContainerPositionIiESt10shared_ptrI10IContainerEESaIS7_EE7emplaceIJS7_EEESt14_List_iteratorIS7_ESt20_List_const_iteratorIS7_EDpOT_
FNDA:6,_ZNSt7__cxx114listISt4pairI17ContainerPositionIiESt10shared_ptrI10IContainerEESaIS7_EE6insertIN9__gnu_cxx17__normal_iteratorIPS7_St6vectorIS7_S8_EEEvEESt14_List_iteratorIS7_ESt20_List_const_iteratorIS7_ET_SL_
FNDA:36,_ZNSt7__cxx1110_List_baseISt4pairI17ContainerPositionIiESt10shared_ptrI10IContainerEESaIS7_EE8_M_clearEv
FNDA:19,_ZNSt7__cxx114listISt4pairI17ContainerPositionIiESt10shared_ptrI10IContainerEESaIS7_EE7emplaceIJS7_EEESt14_List_iteratorIS7_ESt20_List_const_iteratorIS7_EDpOT_
FNF:3
FNH:3
DA:66,36
DA:70,36
DA:71,93
DA:73,57
DA:74,57
DA:75,57
DA:77,57
DA:81,57
DA:83,36
DA:89,19
DA:92,19
DA:93,19
DA:94,19
DA:95,19
DA:133,6
DA:137,6
DA:138,6
DA:140,6
DA:141,6
DA:142,6
DA:144,0
DA:145,6
LF:22
LH:21
end_of_record
TN:
SF:/usr/include/c++/13/bits/move.h
FN:138,139,_ZSt9addressofIKcEPT_RS1_
FN:138,139,_ZSt9addressofIcEPT_RS0_
FN:189,200,_ZSt4swapI17ContainerPositionIiEENSt9enable_ifIXsrSt6__and_IJSt6__not_ISt15__is_tuple_likeIT_EESt21is_move_constructibleIS6_ESt18is_move_assignableIS6_EEE5valueEvE4typeERS6_SG_
FN:189,200,_ZSt4swapINSt6thread2idEENSt9enable_ifIXsrSt6__and_IJSt6__not_ISt15__is_tuple_likeIT_EESt21is_move_constructibleIS6_ESt18is_move_assignableIS6_EEE5valueEvE4typeERS6_SG_
FN:189,200,_ZSt4swapIP10IContainerENSt9enable_ifIXsrSt6__and_IJSt6__not_ISt15__is_tuple_likeIT_EESt21is_move_constructibleIS6_ESt18is_move_assignableIS6_EEE5valueEvE4typeERS6_SG_
FN:189,200,_ZSt4swapIP6OctreeIiSt10shared_ptrI10IContainerE17ContainerPositionIiEEENSt9enable_ifIXsrSt6__and_IJSt6__not_ISt15__is_tuple_likeIT_EESt21is_move_constructibleISC_ESt18is_move_assignableISC_EEE5valueEvE4typeERSC_SM_
FN:189,200,_ZSt4swapIPN6OctreeIiSt10shared_ptrI10IContainerE17ContainerPositionIiEE4NodeEENSt9enable_ifIXsrSt6__and_IJSt6__not_ISt15__is_tuple_likeIT_EESt21is_move_constructibleISD_ESt18is_move_assignableISD_EEE5valueEvE4typeERSD_SN_
FN:51,52,_ZSt11__addressofIKZN7StorageC4EiiiidEUlRS0_St10shared_ptrI10IContainerE17ContainerPositionIiEE0_EPT_RS9_
FN:51,52,_ZSt11__addressofIKZN7StorageC4EiiiidEUlRS0_St10shared_ptrI10IContainerE17ContainerPositionIiEE_EPT_RS9_
FN:51,52,_ZSt11__addressofIKcEPT_RS1_
FN:51,52,_ZSt11__addressofINSt7__cxx1112basic_stringIcSt11char_traitsIcESaIcEEEEPT_RS6_
FN:51,52,_ZSt11__addressofISaISt10_List_nodeISt4pairI17ContainerPositionIiESt10shared_ptrI10IContainerEEEEEPT_RSA_
FN:51,52,_ZSt11__addressofISaISt23_Sp_counted_ptr_inplaceI6OctreeIiSt10shared_ptrI10IContainerE17ContainerPositionIiEESaIvELN9__gnu_cxx12_Lock_policyE2EEEEPT_RSD_
FN:51,52,_ZSt11__addressofISaISt23_Sp_counted_ptr_inplaceIN6OctreeIiSt10shared_ptrI10IContainerE17ContainerPositionIiEE4NodeESaIvELN9__gnu_cxx12_Lock_policyE2EEEEPT_RSE_
FN:51,52,_ZSt11__addressofISt10shared_ptrIN6OctreeIiS0_I10IContainerE17ContainerPositionIiEE4NodeEEEPT_RS9_
FN:51,52,_ZSt11__addressofISt4pairI17ContainerPositionIiESt10shared_ptrI10IContainerEEEPT_RS7_
FN:51,52,_ZSt11__addressofISt5mutexEPT_RS1_
FN:51,52,_ZSt11__addressofISt6threadEPT_RS1_
FN:51,52,_ZSt11__addressofISt6vectorImSaImEEEPT_RS3_
FN:51,52,_ZSt11__addressofISt8functionIFvR7StorageSt10shared_ptrI10IContainerE17ContainerPositionIiEEEEPT_RSA_
FN:51,52,_ZSt11__addressofIcEPT_RS0_
FN:51,52,_ZSt11__addressofImEPT_RS0_
FN:70,71,_ZSt7forwardI11BoundingBoxIiEEOT_RNSt16remove_referenceIS2_E4typeE
FN:70,71,_ZSt7forwardI17ContainerPositionIiEEOT_RNSt16remove_referenceIS2_E4typeE
FN:70,71,_ZSt7forwardIDnEOT_RNSt16remove_referenceIS0_E4typeE
FN:70,71,_ZSt7forwardIM7StorageFbSt10shared_ptrI10IContainerEiiEEOT_RNSt16remove_referenceIS6_E4typeE
FN:70,71,_ZSt7forwardIM7StorageFvSt10shared_ptrI10IContainerERSt6vectorImSaImEEmEEOT_RNSt16remove_referenceISA_E4typeE
FN:70,71,_ZSt7forwardINSt7__cxx1112basic_stringIcSt11char_traitsIcESaIcEEEEOT_RNSt16remove_referenceIS6_E4typeE
FN:70,71,_ZSt7forwardIP7StorageEOT_RNSt16remove_referenceIS2_E4typeE
FN:70,71,_ZSt7forwardIR11BoundingBoxIiEEOT_RNSt16remove_referenceIS3_E4typeE
FN:70,71,_ZSt7forwardIR17ContainerPositionIiEEOT_RNSt16remove_referenceIS3_E4typeE
FN:70,71,_ZSt7forwardIR7StorageEOT_RNSt16remove_referenceIS2_E4typeE
FN:70,71,_ZSt7forwardIRKNSt7__cxx1112basic_stringIcSt11char_traitsIcESaIcEEEEOT_RNSt16remove_referenceIS8_E4typeE
FN:70,71,_ZSt7forwardIRKSt10shared_ptrIN6OctreeIiS0_I10IContainerE17ContainerPositionIiEE4NodeEEEOT_RNSt16remove_referenceISB_E4typeE
FN:70,71,_ZSt7forwardIRKSt21piecewise_construct_tEOT_RNSt16remove_referenceIS3_E4typeE
FN:70,71,_ZSt7forwardIRKSt4pairI17ContainerPositionIiESt10shared_ptrI10IContainerEEEOT_RNSt16remove_referenceIS9_E4typeE
FN:70,71,_ZSt7forwardIRKSt8functionIFvR7StorageSt10shared_ptrI10IContainerE17ContainerPositionIiEEEEOT_RNSt16remove_referenceISC_E4typeE
FN:70,71,_ZSt7forwardIRKZN7StorageC4EiiiidEUlRS0_St10shared_ptrI10IContainerE17ContainerPositionIiEE0_EOT_RNSt16remove_referenceISA_E4typeE
FN:70,71,_ZSt7forwardIRKZN7StorageC4EiiiidEUlRS0_St10shared_ptrI10IContainerE17ContainerPositionIiEE_EOT_RNSt16remove_referenceISA_E4typeE
FN:70,71,_ZSt7forwardIRKcEOT_RNSt16remove_referenceIS2_E4typeE
FN:70,71,_ZSt7forwardIRKiEOT_RNSt16remove_referenceIS2_E4typeE
FN:70,71,_ZSt7forwardIRKmEOT_RNSt16remove_referenceIS2_E4typeE
FN:70,71,_ZSt7forwardIRPSt13_Rb_tree_nodeISt4pairIKiP7StorageEEEOT_RNSt16remove_referenceIS9_E4typeE
FN:70,71,_ZSt7forwardIRPSt18_Rb_tree_node_baseEOT_RNSt16remove_referenceIS3_E4typeE
FN:70,71,_ZSt7forwardIRSt10shared_ptrI10IContainerEEOT_RNSt16remove_referenceIS4_E4typeE
FN:70,71,_ZSt7forwardIRSt4pairI17ContainerPositionIiESt10shared_ptrI10IContainerEEEOT_RNSt16remove_referenceIS8_E4typeE
FN:70,71,_ZSt7forwardIRSt6vectorImSaImEEEOT_RNSt16remove_referenceIS4_E4typeE
FN:70,71,_ZSt7forwardIRZN7StorageC4EiiiidEUlRS0_St10shared_ptrI10IContainerE17ContainerPositionIiEE0_EOT_RNSt16remove_referenceIS9_E4typeE
FN:70,71,_ZSt7forwardIRZN7StorageC4EiiiidEUlRS0_St10shared_ptrI10IContainerE17ContainerPositionIiEE_EOT_RNSt16remove_referenceIS9_E4typeE
FN:70,71,_ZSt7forwardIRcEOT_RNSt16remove_referenceIS1_E4typeE
FN:70,71,_ZSt7forwardIRiEOT_RNSt16remove_referenceIS1_E4typeE
FN:70,71,_ZSt7forwardIRmEOT_RNSt16remove_referenceIS1_E4typeE
FN:70,71,_ZSt7forwardISt10shared_ptrI10IContainerEEOT_RNSt16remove_referenceIS3_E4typeE
FN:70,71,_ZSt7forwardISt17_Rb_tree_iteratorISt4pairIKiP7StorageEEEOT_RNSt16remove_referenceIS7_E4typeE
FN:70,71,_ZSt7forwardISt17reference_wrapperISt6vectorImSaImEEEEOT_RNSt16remove_referenceIS5_E4typeE
FN:70,71,_ZSt7forwardISt4pairI17ContainerPositionIiESt10shared_ptrI10IContainerEEEOT_RNSt16remove_referenceIS7_E4typeE
FN:70,71,_ZSt7forwardISt5tupleIJEEEOT_RNSt16remove_referenceIS2_E4typeE
FN:70,71,_ZSt7forwardISt5tupleIJRKiEEEOT_RNSt16remove_referenceIS4_E4typeE
FN:70,71,_ZSt7forwardISt6threadEOT_RNSt16remove_referenceIS1_E4typeE
FN:70,71,_ZSt7forwardISt8functionIFvR7StorageSt10shared_ptrI10IContainerE17ContainerPositionIiEEEEOT_RNSt16remove_referenceISA_E4typeE
FN:70,71,_ZSt7forwardIZN7StorageC4EiiiidEUlRS0_St10shared_ptrI10IContainerE17ContainerPositionIiEE0_EOT_RNSt16remove_referenceIS8_E4typeE
FN:70,71,_ZSt7forwardIZN7StorageC4EiiiidEUlRS0_St10shared_ptrI10IContainerE17ContainerPositionIiEE_EOT_RNSt16remove_referenceIS8_E4typeE
FN:70,71,_ZSt7forwardIiEOT_RNSt16remove_referenceIS0_E4typeE
FN:70,71,_ZSt7forwardImEOT_RNSt16remove_referenceIS0_E4typeE
FN:97,98,_ZSt4moveIR17ContainerPositionIiEEONSt16remove_referenceIT_E4typeEOS4_
FN:97,98,_ZSt4moveIRN9__gnu_cxx5__ops15_Iter_comp_iterIPFbRSt4pairI17ContainerPositionIiESt10shared_ptrI10IContainerEESA_EEEEONSt16remove_referenceIT_E4typeEOSG_
FN:97,98,_ZSt4moveIRNSt6thread2idEEONSt16remove_referenceIT_E4typeEOS4_
FN:97,98,_ZSt4moveIRNSt7__cxx1112basic_stringIcSt11char_traitsIcESaIcEEEEONSt16remove_referenceIT_E4typeEOS8_
FN:97,98,_ZSt4moveIRNSt7__cxx114listISt4pairI17ContainerPositionIiESt10shared_ptrI10IContainerEESaIS8_EEEEONSt16remove_referenceIT_E4typeEOSD_
FN:97,98,_ZSt4moveIRNSt8__detail17_List_node_headerEEONSt16remove_referenceIT_E4typeEOS4_
FN:97,98,_ZSt4moveIRP10IContainerEONSt16remove_referenceIT_E4typeEOS4_
FN:97,98,_ZSt4moveIRP6OctreeIiSt10shared_ptrI10IContainerE17ContainerPositionIiEEEONSt16remove_referenceIT_E4typeEOSA_
FN:97,98,_ZSt4moveIRPFbRSt4pairI17ContainerPositionIiESt10shared_ptrI10IContainerEES7_EEONSt16remove_referenceIT_E4typeEOSC_
FN:97,98,_ZSt4moveIRPN6OctreeIiSt10shared_ptrI10IContainerE17ContainerPositionIiEE4NodeEEONSt16remove_referenceIT_E4typeEOSB_
FN:97,98,_ZSt4moveIRPNSt6thread6_StateEEONSt16remove_referenceIT_E4typeEOS5_
FN:97,98,_ZSt4moveIRPSt4pairI17ContainerPositionIiESt10shared_ptrI10IContainerEEEONSt16remove_referenceIT_E4typeEOSA_
FN:97,98,_ZSt4moveIRSaISt10_List_nodeISt4pairI17ContainerPositionIiESt10shared_ptrI10IContainerEEEEEONSt16remove_referenceIT_E4typeEOSC_
FN:97,98,_ZSt4moveIRSaIcEEONSt16remove_referenceIT_E4typeEOS3_
FN:97,98,_ZSt4moveIRSt10shared_ptrI10IContainerEEONSt16remove_referenceIT_E4typeEOS5_
FN:97,98,_ZSt4moveIRSt10shared_ptrI6OctreeIiS0_I10IContainerE17ContainerPositionIiEEEEONSt16remove_referenceIT_E4typeEOSA_
FN:97,98,_ZSt4moveIRSt10shared_ptrIN6OctreeIiS0_I10IContainerE17ContainerPositionIiEE4NodeEEEONSt16remove_referenceIT_E4typeEOSB_
FN:97,98,_ZSt4moveIRSt12__shared_ptrI10IContainerLN9__gnu_cxx12_Lock_policyE2EEEONSt16remove_referenceIT_E4typeEOS7_
FN:97,98,_ZSt4moveIRSt12__shared_ptrI6OctreeIiSt10shared_ptrI10IContainerE17ContainerPositionIiEELN9__gnu_cxx12_Lock_policyE2EEEONSt16remove_referenceIT_E4typeEOSD_
FN:97,98,_ZSt4moveIRSt12__shared_ptrIN6OctreeIiSt10shared_ptrI10IContainerE17ContainerPositionIiEE4NodeELN9__gnu_cxx12_Lock_policyE2EEEONSt16remove_referenceIT_E4typeEOSE_
FN:97,98,_ZSt4moveIRSt4pairI17ContainerPositionIiESt10shared_ptrI10IContainerEEEONSt16remove_referenceIT_E4typeEOS9_
FN:97,98,_ZSt4moveIRSt5tupleIJM7StorageFbSt10shared_ptrI10IContainerEiiEPS1_S4_iiEEEONSt16remove_referenceIT_E4typeEOSB_
FN:97,98,_ZSt4moveIRSt5tupleIJM7StorageFvSt10shared_ptrI10IContainerERSt6vectorImSaImEEmEPS1_S4_St17reference_wrapperIS7_EmEEEONSt16remove_referenceIT_E4typeEOSH_
FN:97,98,_ZSt4moveIRSt6threadEONSt16remove_referenceIT_E4typeEOS3_
FN:97,98,_ZSt4moveIRSt8functionIFvR7StorageSt10shared_ptrI10IContainerE17ContainerPositionIiEEEEONSt16remove_referenceIT_E4typeEOSC_
FN:97,98,_ZSt4moveIRZNK6OctreeIiSt10shared_ptrI10IContainerE17ContainerPositionIiEE4Node6isLeafEvEUlRKS1_IS7_EE_EONSt16remove_referenceIT_E4typeEOSE_
FN:97,98,_ZSt4moveIRmEONSt16remove_referenceIT_E4typeEOS2_
FNDA:0,_ZSt9addressofIKcEPT_RS1_
FNDA:0,_ZSt9addressofIcEPT_RS0_
FNDA:0,_ZSt4swapI17ContainerPositionIiEENSt9enable_ifIXsrSt6__and_IJSt6__not_ISt15__is_tuple_likeIT_EESt21is_move_constructibleIS6_ESt18is_move_assignableIS6_EEE5valueEvE4typeERS6_SG_
FNDA:102,_ZSt4swapINSt6thread2idEENSt9enable_ifIXsrSt6__and_IJSt6__not_ISt15__is_tuple_likeIT_EESt21is_move_constructibleIS6_ESt18is_move_assignableIS6_EEE5valueEvE4typeERS6_SG_
FNDA:0,_ZSt4swapIP10IContainerENSt9enable_ifIXsrSt6__and_IJSt6__not_ISt15__is_tuple_likeIT_EESt21is_move_constructibleIS6_ESt18is_move_assignableIS6_EEE5valueEvE4typeERS6_SG_
FNDA:37,_ZSt4swapIP6OctreeIiSt10shared_ptrI10IContainerE17ContainerPositionIiEEENSt9enable_ifIXsrSt6__and_IJSt6__not_ISt15__is_tuple_likeIT_EESt21is_move_constructibleISC_ESt18is_move_assignableISC_EEE5valueEvE4typeERSC_SM_
FNDA:253,_ZSt4swapIPN6OctreeIiSt10shared_ptrI10IContainerE17ContainerPositionIiEE4NodeEENSt9enable_ifIXsrSt6__and_IJSt6__not_ISt15__is_tuple_likeIT_EESt21is_move_constructibleISD_ESt18is_move_assignableISD_EEE5valueEvE4typeERSD_SN_
FNDA:209,_ZSt11__addressofIKZN7StorageC4EiiiidEUlRS0_St10shared_ptrI10IContainerE17ContainerPositionIiEE0_EPT_RS9_
FNDA:211,_ZSt11__addressofIKZN7StorageC4EiiiidEUlRS0_St10shared_ptrI10IContainerE17ContainerPositionIiEE_EPT_RS9_
FNDA:0,_ZSt11__addressofIKcEPT_RS1_
FNDA:0,_ZSt11__addressofINSt7__cxx1112basic_stringIcSt11char_traitsIcESaIcEEEEPT_RS6_
FNDA:57,_ZSt11__addressofISaISt10_List_nodeISt4pairI17ContainerPositionIiESt10shared_ptrI10IContainerEEEEEPT_RSA_
FNDA:74,_ZSt11__addressofISaISt23_Sp_counted_ptr_inplaceI6OctreeIiSt10shared_ptrI10IContainerE17ContainerPositionIiEESaIvELN9__gnu_cxx12_Lock_policyE2EEEEPT_RSD_
FNDA:346,_ZSt11__addressofISaISt23_Sp_counted_ptr_inplaceIN6OctreeIiSt10shared_ptrI10IContainerE17ContainerPositionIiEE4NodeESaIvELN9__gnu_cxx12_Lock_policyE2EEEEPT_RSE_
FNDA:0,_ZSt11__addressofISt10shared_ptrIN6OctreeIiS0_I10IContainerE17ContainerPositionIiEE4NodeEEEPT_RS9_
FNDA:63241,_ZSt11__addressofISt4pairI17ContainerPositionIiESt10shared_ptrI10IContainerEEEPT_RS7_
FNDA:3490,_ZSt11__addressofISt5mutexEPT_RS1_
FNDA:436,_ZSt11__addressofISt6threadEPT_RS1_
FNDA:6,_ZSt11__addressofISt6vectorImSaImEEEPT_RS3_
FNDA:0,_ZSt11__addressofISt8functionIFvR7StorageSt10shared_ptrI10IContainerE17ContainerPositionIiEEEEPT_RSA_
FNDA:0,_ZSt11__addressofIcEPT_RS0_
FNDA:0,_ZSt11__addressofImEPT_RS0_
FNDA:952,_ZSt7forwardI11BoundingBoxIiEEOT_RNSt16remove_referenceIS2_E4typeE
FNDA:0,_ZSt7forwardI17ContainerPositionIiEEOT_RNSt16remove_referenceIS2_E4typeE
FNDA:45,_ZSt7forwardIDnEOT_RNSt16remove_referenceIS0_E4typeE
FNDA:1474,_ZSt7forwardIM7StorageFbSt10shared_ptrI10IContainerEiiEEOT_RNSt16remove_referenceIS6_E4typeE
FNDA:70,_ZSt7forwardIM7StorageFvSt10shared_ptrI10IContainerERSt6vectorImSaImEEmEEOT_RNSt16remove_referenceISA_E4typeE
FNDA:526,_ZSt7forwardINSt7__cxx1112basic_stringIcSt11char_traitsIcESaIcEEEEOT_RNSt16remove_referenceIS6_E4typeE
FNDA:1803,_ZSt7forwardIP7StorageEOT_RNSt16remove_referenceIS2_E4typeE
FNDA:518,_ZSt7forwardIR11BoundingBoxIiEEOT_RNSt16remove_referenceIS3_E4typeE
FNDA:430,_ZSt7forwardIR17ContainerPositionIiEEOT_RNSt16remove_referenceIS3_E4typeE
FNDA:0,_ZSt7forwardIR7StorageEOT_RNSt16remove_referenceIS2_E4typeE
FNDA:50,_ZSt7forwardIRKNSt7__cxx1112basic_stringIcSt11char_traitsIcESaIcEEEEOT_RNSt16remove_referenceIS8_E4typeE
FNDA:158,_ZSt7forwardIRKSt10shared_ptrIN6OctreeIiS0_I10IContainerE17ContainerPositionIiEE4NodeEEEOT_RNSt16remove_referenceISB_E4typeE
FNDA:42,_ZSt7forwardIRKSt21piecewise_construct_tEOT_RNSt16remove_referenceIS3_E4typeE
FNDA:12294,_ZSt7forwardIRKSt4pairI17ContainerPositionIiESt10shared_ptrI10IContainerEEEOT_RNSt16remove_referenceIS9_E4typeE
FNDA:181,_ZSt7forwardIRKSt8functionIFvR7StorageSt10shared_ptrI10IContainerE17ContainerPositionIiEEEEOT_RNSt16remove_referenceISC_E4typeE
FNDA:74,_ZSt7forwardIRKZN7StorageC4EiiiidEUlRS0_St10shared_ptrI10IContainerE17ContainerPositionIiEE0_EOT_RNSt16remove_referenceISA_E4typeE
FNDA:74,_ZSt7forwardIRKZN7StorageC4EiiiidEUlRS0_St10shared_ptrI10IContainerE17ContainerPositionIiEE_EOT_RNSt16remove_referenceISA_E4typeE
FNDA:0,_ZSt7forwardIRKcEOT_RNSt16remove_referenceIS2_E4typeE
FNDA:7,_ZSt7forwardIRKiEOT_RNSt16remove_referenceIS2_E4typeE
FNDA:0,_ZSt7forwardIRKmEOT_RNSt16remove_referenceIS2_E4typeE
FNDA:7,_ZSt7forwardIRPSt13_Rb_tree_nodeISt4pairIKiP7StorageEEEOT_RNSt16remove_referenceIS9_E4typeE
FNDA:7,_ZSt7forwardIRPSt18_Rb_tree_node_baseEOT_RNSt16remove_referenceIS3_E4typeE
FNDA:1925,_ZSt7forwardIRSt10shared_ptrI10IContainerEEOT_RNSt16remove_referenceIS4_E4typeE
FNDA:12454,_ZSt7forwardIRSt4pairI17ContainerPositionIiESt10shared_ptrI10IContainerEEEOT_RNSt16remove_referenceIS8_E4typeE
FNDA:6,_ZSt7forwardIRSt6vectorImSaImEEEOT_RNSt16remove_referenceIS4_E4typeE
FNDA:344,_ZSt7forwardIRZN7StorageC4EiiiidEUlRS0_St10shared_ptrI10IContainerE17ContainerPositionIiEE0_EOT_RNSt16remove_referenceIS9_E4typeE
FNDA:348,_ZSt7forwardIRZN7StorageC4EiiiidEUlRS0_St10shared_ptrI10IContainerE17ContainerPositionIiEE_EOT_RNSt16remove_referenceIS9_E4typeE
FNDA:0,_ZSt7forwardIRcEOT_RNSt16remove_referenceIS1_E4typeE
FNDA:0,_ZSt7forwardIRiEOT_RNSt16remove_referenceIS1_E4typeE
FNDA:82,_ZSt7forwardIRmEOT_RNSt16remove_referenceIS1_E4typeE
FNDA:0,_ZSt7forwardISt10shared_ptrI10IContainerEEOT_RNSt16remove_referenceIS3_E4typeE
FNDA:2,_ZSt7forwardISt17_Rb_tree_iteratorISt4pairIKiP7StorageEEEOT_RNSt16remove_referenceIS7_E4typeE
FNDA:94,_ZSt7forwardISt17reference_wrapperISt6vectorImSaImEEEEOT_RNSt16remove_referenceIS5_E4typeE
FNDA:9306,_ZSt7forwardISt4pairI17ContainerPositionIiESt10shared_ptrI10IContainerEEEOT_RNSt16remove_referenceIS7_E4typeE
FNDA:42,_ZSt7forwardISt5tupleIJEEEOT_RNSt16remove_referenceIS2_E4typeE
FNDA:42,_ZSt7forwardISt5tupleIJRKiEEEOT_RNSt16remove_referenceIS4_E4typeE
FNDA:204,_ZSt7forwardISt6threadEOT_RNSt16remove_referenceIS1_E4typeE
FNDA:56,_ZSt7forwardISt8functionIFvR7StorageSt10shared_ptrI10IContainerE17ContainerPositionIiEEEEOT_RNSt16remove_referenceISA_E4typeE
FNDA:78,_ZSt7forwardIZN7StorageC4EiiiidEUlRS0_St10shared_ptrI10IContainerE17ContainerPositionIiEE0_EOT_RNSt16remove_referenceIS8_E4typeE
FNDA:78,_ZSt7forwardIZN7StorageC4EiiiidEUlRS0_St10shared_ptrI10IContainerE17ContainerPositionIiEE_EOT_RNSt16remove_referenceIS8_E4typeE
FNDA:0,_ZSt7forwardIiEOT_RNSt16remove_referenceIS0_E4typeE
FNDA:18,_ZSt7forwardImEOT_RNSt16remove_referenceIS0_E4typeE
FNDA:0,_ZSt4moveIR17ContainerPositionIiEEONSt16remove_referenceIT_E4typeEOS4_
FNDA:168,_ZSt4moveIRN9__gnu_cxx5__ops15_Iter_comp_iterIPFbRSt4pairI17ContainerPositionIiESt10shared_ptrI10IContainerEESA_EEEEONSt16remove_referenceIT_E4typeEOSG_
FNDA:306,_ZSt4moveIRNSt6thread2idEEONSt16remove_referenceIT_E4typeEOS4_
FNDA:0,_ZSt4moveIRNSt7__cxx1112basic_stringIcSt11char_traitsIcESaIcEEEEONSt16remove_referenceIT_E4typeEOS8_
FNDA:18,_ZSt4moveIRNSt7__cxx114listISt4pairI17ContainerPositionIiESt10shared_ptrI10IContainerEESaIS8_EEEEONSt16remove_referenceIT_E4typeEOSD_
FNDA:6,_ZSt4moveIRNSt8__detail17_List_node_headerEEONSt16remove_referenceIT_E4typeEOS4_
FNDA:0,_ZSt4moveIRP10IContainerEONSt16remove_referenceIT_E4typeEOS4_
FNDA:111,_ZSt4moveIRP6OctreeIiSt10shared_ptrI10IContainerE17ContainerPositionIiEEEONSt16remove_referenceIT_E4typeEOSA_
FNDA:450,_ZSt4moveIRPFbRSt4pairI17ContainerPositionIiESt10shared_ptrI10IContainerEES7_EEONSt16remove_referenceIT_E4typeEOSC_
FNDA:759,_ZSt4moveIRPN6OctreeIiSt10shared_ptrI10IContainerE17ContainerPositionIiEE4NodeEEONSt16remove_referenceIT_E4typeEOSB_
FNDA:0,_ZSt4moveIRPNSt6thread6_StateEEONSt16remove_referenceIT_E4typeEOS5_
FNDA:10850,_ZSt4moveIRPSt4pairI17ContainerPositionIiESt10shared_ptrI10IContainerEEEONSt16remove_referenceIT_E4typeEOSA_
FNDA:30,_ZSt4moveIRSaISt10_List_nodeISt4pairI17ContainerPositionIiESt10shared_ptrI10IContainerEEEEEONSt16remove_referenceIT_E4typeEOSC_
FNDA:0,_ZSt4moveIRSaIcEEONSt16remove_referenceIT_E4typeEOS3_
FNDA:0,_ZSt4moveIRSt10shared_ptrI10IContainerEEONSt16remove_referenceIT_E4typeEOS5_
FNDA:37,_ZSt4moveIRSt10shared_ptrI6OctreeIiS0_I10IContainerE17ContainerPositionIiEEEEONSt16remove_referenceIT_E4typeEOSA_
FNDA:213,_ZSt4moveIRSt10shared_ptrIN6OctreeIiS0_I10IContainerE17ContainerPositionIiEE4NodeEEEONSt16remove_referenceIT_E4typeEOSB_
FNDA:0,_ZSt4moveIRSt12__shared_ptrI10IContainerLN9__gnu_cxx12_Lock_policyE2EEEONSt16remove_referenceIT_E4typeEOS7_
FNDA:37,_ZSt4moveIRSt12__shared_ptrI6OctreeIiSt10shared_ptrI10IContainerE17ContainerPositionIiEELN9__gnu_cxx12_Lock_policyE2EEEONSt16remove_referenceIT_E4typeEOSD_
FNDA:213,_ZSt4moveIRSt12__shared_ptrIN6OctreeIiSt10shared_ptrI10IContainerE17ContainerPositionIiEE4NodeELN9__gnu_cxx12_Lock_policyE2EEEONSt16remove_referenceIT_E4typeEOSE_
FNDA:1306,_ZSt4moveIRSt4pairI17ContainerPositionIiESt10shared_ptrI10IContainerEEEONSt16remove_referenceIT_E4typeEOS9_
FNDA:618,_ZSt4moveIRSt5tupleIJM7StorageFbSt10shared_ptrI10IContainerEiiEPS1_S4_iiEEEONSt16remove_referenceIT_E4typeEOSB_
FNDA:30,_ZSt4moveIRSt5tupleIJM7StorageFvSt10shared_ptrI10IContainerERSt6vectorImSaImEEmEPS1_S4_St17reference_wrapperIS7_EmEEEONSt16remove_referenceIT_E4typeEOSH_
FNDA:102,_ZSt4moveIRSt6threadEONSt16remove_referenceIT_E4typeEOS3_
FNDA:28,_ZSt4moveIRSt8functionIFvR7StorageSt10shared_ptrI10IContainerE17ContainerPositionIiEEEEONSt16remove_referenceIT_E4typeEOSC_
FNDA:7457,_ZSt4moveIRZNK6OctreeIiSt10shared_ptrI10IContainerE17ContainerPositionIiEE4Node6isLeafEvEUlRKS1_IS7_EE_EONSt16remove_referenceIT_E4typeEOSE_
FNDA:6,_ZSt4moveIRmEONSt16remove_referenceIT_E4typeEOS2_
FNF:91
FNH:66
DA:51,68070
DA:52,68070
DA:70,43791
DA:71,43791
DA:97,22745
DA:98,22745
DA:138,0
DA:139,0
DA:189,392
DA:197,392
DA:198,392
DA:199,392
DA:200,392
LF:13
LH:11
end_of_record
TN:
SF:/usr/include/c++/13/bits/new_allocator.h
FN:126,152,_ZNSt15__new_allocatorINSt7__cxx1112basic_stringIcSt11char_traitsIcESaIcEEEE8allocateEmPKv
FN:126,152,_ZNSt15__new_allocatorIPSt10shared_ptrIN6OctreeIiS0_I10IContainerE17ContainerPositionIiEE4NodeEEE8allocateEmPKv
FN:126,152,_ZNSt15__new_allocatorISt10_List_nodeISt4pairI17ContainerPositionIiESt10shared_ptrI10IContainerEEEE8allocateEmPKv
FN:126,152,_ZNSt15__new_allocatorISt10shared_ptrIN6OctreeIiS0_I10IContainerE17ContainerPositionIiEE4NodeEEE8allocateEmPKv
FN:126,152,_ZNSt15__new_allocatorISt13_Rb_tree_nodeISt4pairIKiP7StorageEEE8allocateEmPKv
FN:126,152,_ZNSt15__new_allocatorISt23_Sp_counted_ptr_inplaceI6OctreeIiSt10shared_ptrI10IContainerE17ContainerPositionIiEESaIvELN9__gnu_cxx12_Lock_policyE2EEE8allocateEmPKv
FN:126,152,_ZNSt15__new_allocatorISt23_Sp_counted_ptr_inplaceIN6OctreeIiSt10shared_ptrI10IContainerE17ContainerPositionIiEE4NodeESaIvELN9__gnu_cxx12_Lock_policyE2EEE8allocateEmPKv
FN:126,152,_ZNSt15__new_allocatorISt4pairI17ContainerPositionIiESt10shared_ptrI10IContainerEEE8allocateEmPKv
FN:126,152,_ZNSt15__new_allocatorISt6threadE8allocateEmPKv
FN:126,152,_ZNSt15__new_allocatorISt8functionIFvR7StorageSt10shared_ptrI10IContainerE17ContainerPositionIiEEEE8allocateEmPKv
FN:126,152,_ZNSt15__new_allocatorIcE8allocateEmPKv
FN:126,152,_ZNSt15__new_allocatorImE8allocateEmPKv
FN:156,173,_ZNSt15__new_allocatorINSt7__cxx1112basic_stringIcSt11char_traitsIcESaIcEEEE10deallocateEPS5_m
FN:156,173,_ZNSt15__new_allocatorIPSt10shared_ptrIN6OctreeIiS0_I10IContainerE17ContainerPositionIiEE4NodeEEE10deallocateEPS9_m
FN:156,173,_ZNSt15__new_allocatorISt10_List_nodeISt4pairI17ContainerPositionIiESt10shared_ptrI10IContainerEEEE10deallocateEPS8_m
FN:156,173,_ZNSt15__new_allocatorISt10shared_ptrIN6OctreeIiS0_I10IContainerE17ContainerPositionIiEE4NodeEEE10deallocateEPS8_m
FN:156,173,_ZNSt15__new_allocatorISt13_Rb_tree_nodeISt4pairIKiP7StorageEEE10deallocateEPS6_m
FN:156,173,_ZNSt15__new_allocatorISt23_Sp_counted_ptr_inplaceI6OctreeIiSt10shared_ptrI10IContainerE17ContainerPositionIiEESaIvELN9__gnu_cxx12_Lock_policyE2EEE10deallocateEPSB_m
FN:156,173,_ZNSt15__new_allocatorISt23_Sp_counted_ptr_inplaceIN6OctreeIiSt10shared_ptrI10IContainerE17ContainerPositionIiEE4NodeESaIvELN9__gnu_cxx12_Lock_policyE2EEE10deallocateEPSC_m
FN:156,173,_ZNSt15__new_allocatorISt4pairI17ContainerPositionIiESt10shared_ptrI10IContainerEEE10deallocateEPS6_m
FN:156,173,_ZNSt15__new_allocatorISt6threadE10deallocateEPS0_m
FN:156,173,_ZNSt15__new_allocatorISt8functionIFvR7StorageSt10shared_ptrI10IContainerE17ContainerPositionIiEEEE10deallocateEPS9_m
FN:156,173,_ZNSt15__new_allocatorIcE10deallocateEPcm
FN:156,173,_ZNSt15__new_allocatorImE10deallocateEPmm
FNDA:66,_ZNSt15__new_allocatorINSt7__cxx1112basic_stringIcSt11char_traitsIcESaIcEEEE8allocateEmPKv
FNDA:93,_ZNSt15__new_allocatorIPSt10shared_ptrIN6OctreeIiS0_I10IContainerE17ContainerPositionIiEE4NodeEEE8allocateEmPKv
FNDA:57,_ZNSt15__new_allocatorISt10_List_nodeISt4pairI17ContainerPositionIiESt10shared_ptrI10IContainerEEEE8allocateEmPKv
FNDA:93,_ZNSt15__new_allocatorISt10shared_ptrIN6OctreeIiS0_I10IContainerE17ContainerPositionIiEE4NodeEEE8allocateEmPKv
FNDA:7,_ZNSt15__new_allocatorISt13_Rb_tree_nodeISt4pairIKiP7StorageEEE8allocateEmPKv
FNDA:37,_ZNSt15__new_allocatorISt23_Sp_counted_ptr_inplaceI6OctreeIiSt10shared_ptrI10IContainerE17ContainerPositionIiEESaIvELN9__gnu_cxx12_Lock_policyE2EEE8allocateEmPKv
FNDA:173,_ZNSt15__new_allocatorISt23_Sp_counted_ptr_inplaceIN6OctreeIiSt10shared_ptrI10IContainerE17ContainerPositionIiEE4NodeESaIvELN9__gnu_cxx12_Lock_policyE2EEE8allocateEmPKv
FNDA:4070,_ZNSt15__new_allocatorISt4pairI17ContainerPositionIiESt10shared_ptrI10IContainerEEE8allocateEmPKv
FNDA:115,_ZNSt15__new_allocatorISt6threadE8allocateEmPKv
FNDA:64,_ZNSt15__new_allocatorISt8functionIFvR7StorageSt10shared_ptrI10IContainerE17ContainerPositionIiEEEE8allocateEmPKv
FNDA:0,_ZNSt15__new_allocatorIcE8allocateEmPKv
FNDA:1,_ZNSt15__new_allocatorImE8allocateEmPKv
FNDA:0,_ZNSt15__new_allocatorINSt7__cxx1112basic_stringIcSt11char_traitsIcESaIcEEEE10deallocateEPS5_m
FNDA:93,_ZNSt15__new_allocatorIPSt10shared_ptrIN6OctreeIiS0_I10IContainerE17ContainerPositionIiEE4NodeEEE10deallocateEPS9_m
FNDA:57,_ZNSt15__new_allocatorISt10_List_nodeISt4pairI17ContainerPositionIiESt10shared_ptrI10IContainerEEEE10deallocateEPS8_m
FNDA:93,_ZNSt15__new_allocatorISt10shared_ptrIN6OctreeIiS0_I10IContainerE17ContainerPositionIiEE4NodeEEE10deallocateEPS8_m
FNDA:7,_ZNSt15__new_allocatorISt13_Rb_tree_nodeISt4pairIKiP7StorageEEE10deallocateEPS6_m
FNDA:37,_ZNSt15__new_allocatorISt23_Sp_counted_ptr_inplaceI6OctreeIiSt10shared_ptrI10IContainerE17ContainerPositionIiEESaIvELN9__gnu_cxx12_Lock_policyE2EEE10deallocateEPSB_m
FNDA:173,_ZNSt15__new_allocatorISt23_Sp_counted_ptr_inplaceIN6OctreeIiSt10shared_ptrI10IContainerE17ContainerPositionIiEE4NodeESaIvELN9__gnu_cxx12_Lock_policyE2EEE10deallocateEPSC_m
FNDA:4098,_ZNSt15__new_allocatorISt4pairI17ContainerPositionIiESt10shared_ptrI10IContainerEEE10deallocateEPS6_m
FNDA:115,_ZNSt15__new_allocatorISt6threadE10deallocateEPS0_m
[...]
FNDA:519,_ZN9__gnu_cxx16__aligned_bufferIN6OctreeIiSt10shared_ptrI10IContainerE17ContainerPositionIiEE4NodeEE6_M_ptrEv
FNDA:287,_ZN9__gnu_cxx16__aligned_membufISt4pairI17ContainerPositionIiESt10shared_ptrI10IContainerEEE7_M_addrEv
FNDA:34,_ZN9__gnu_cxx16__aligned_membufISt4pairIKiP7StorageEE7_M_addrEv
FNDA:19,_ZNK9__gnu_cxx16__aligned_membufISt4pairI17ContainerPositionIiESt10shared_ptrI10IContainerEEE7_M_addrEv
FNDA:21,_ZNK9__gnu_cxx16__aligned_membufISt4pairIKiP7StorageEE7_M_addrEv
FNDA:287,_ZN9__gnu_cxx16__aligned_membufISt4pairI17ContainerPositionIiESt10shared_ptrI10IContainerEEE6_M_ptrEv
FNDA:34,_ZN9__gnu_cxx16__aligned_membufISt4pairIKiP7StorageEE6_M_ptrEv
FNDA:19,_ZNK9__gnu_cxx16__aligned_membufISt4pairI17ContainerPositionIiESt10shared_ptrI10IContainerEEE6_M_ptrEv
FNDA:21,_ZNK9__gnu_cxx16__aligned_membufISt4pairIKiP7StorageEE6_M_ptrEv
FNF:12
FNH:12
DA:64,321
DA:65,321
DA:68,40
DA:69,40
DA:72,321
DA:73,321
DA:76,40
DA:77,40
DA:104,630
DA:106,630
DA:116,630
DA:117,630
LF:12
LH:12
end_of_record
TN:
SF:/usr/include/c++/13/ext/alloc_traits.h
FNF:0
FNH:0
DA:98,1200
LF:1
LH:1
end_of_record
TN:
SF:/usr/include/c++/13/ext/atomicity.h
FNF:0
FNH:0
DA:52,272
DA:66,136
DA:71,136
DA:84,0
DA:85,0
DA:86,0
DA:92,0
DA:98,136
DA:99,0
DA:101,136
DA:108,136
DA:112,136
LF:12
LH:7
end_of_record
TN:
SF:/usr/include/c++/13/ext/string_conversions.h
FN:101,118,_ZN9__gnu_cxx12__to_xstringINSt7__cxx1112basic_stringIcSt11char_traitsIcESaIcEEEcEET_PFiPT0_mPKS8_P13__va_list_tagEmSB_z
FNDA:4,_ZN9__gnu_cxx12__to_xstringINSt7__cxx1112basic_stringIcSt11char_traitsIcESaIcEEEcEET_PFiPT0_mPKS8_P13__va_list_tagEmSB_z
FNF:1
FNH:1
DA:101,4
DA:107,4
DA:111,4
DA:113,4
DA:115,4
DA:117,8
LF:6
LH:6
end_of_record
TN:
SF:/usr/include/c++/13/initializer_list
FN:69,69,_ZNKSt16initializer_listIiE4sizeEv
FN:73,73,_ZNKSt16initializer_listIiE5beginEv
FN:77,77,_ZNKSt16initializer_listIiE3endEv
FNDA:56589,_ZNKSt16initializer_listIiE4sizeEv
FNDA:112382,_ZNKSt16initializer_listIiE5beginEv
FNDA:56496,_ZNKSt16initializer_listIiE3endEv
FNF:3
FNH:3
DA:69,56589
DA:73,112382
DA:77,56496
LF:3
LH:3
end_of_record
TN:
SF:/usr/include/c++/13/new
FN:174,175,_ZnwmPv
FN:180,180,_ZdlPvS_
FNDA:0,_ZnwmPv
FNDA:0,_ZdlPvS_
FNF:2
FNH:0
DA:174,0
DA:175,0
DA:180,0
LF:3
LH:0
end_of_record
TN:
SF:/usr/include/c++/13/shared_mutex
FN:163,163,_ZNSt22__shared_mutex_pthreadC2Ev
FN:415,415,_ZNSt12shared_mutexC2Ev
FNDA:34,_ZNSt22__shared_mutex_pthreadC2Ev
FNDA:34,_ZNSt12shared_mutexC2Ev
FNF:2
FNH:2
DA:163,34
DA:415,34
LF:2
LH:2
end_of_record
TN:
SF:/usr/include/c++/13/tuple
FN:125,125,_ZNSt10_Head_baseILm1ESt14default_deleteINSt6thread6_StateEELb1EE7_M_headERS4_
FN:1317,1319,_ZNSt5tupleIJPNSt6thread6_StateESt14default_deleteIS1_EEEC2ILb1ELb1EEEv
FN:1787,1788,_ZSt12__get_helperILm0EM7StorageFbSt10shared_ptrI10IContainerEiiEJPS0_S3_iiEERT0_RSt11_Tuple_implIXT_EJS7_DpT1_EE
FN:1787,1788,_ZSt12__get_helperILm0EM7StorageFvSt10shared_ptrI10IContainerERSt6vectorImSaImEEmEJPS0_S3_St17reference_wrapperIS6_EmEERT0_RSt11_Tuple_implIXT_EJSD_DpT1_EE
FN:1787,1788,_ZSt12__get_helperILm0EPNSt6thread6_StateEJSt14default_deleteIS1_EEERT0_RSt11_Tuple_implIXT_EJS5_DpT1_EE
FN:1787,1788,_ZSt12__get_helperILm0ERKiJEERT0_RSt11_Tuple_implIXT_EJS2_DpT1_EE
FN:1787,1788,_ZSt12__get_helperILm1EP7StorageJSt10shared_ptrI10IContainerESt17reference_wrapperISt6vectorImSaImEEEmEERT0_RSt11_Tuple_implIXT_EJSA_DpT1_EE
FN:1787,1788,_ZSt12__get_helperILm1EP7StorageJSt10shared_ptrI10IContainerEiiEERT0_RSt11_Tuple_implIXT_EJS5_DpT1_EE
FN:1787,1788,_ZSt12__get_helperILm1ESt14default_deleteINSt6thread6_StateEEJEERT0_RSt11_Tuple_implIXT_EJS4_DpT1_EE
FN:1787,1788,_ZSt12__get_helperILm2ESt10shared_ptrI10IContainerEJSt17reference_wrapperISt6vectorImSaImEEEmEERT0_RSt11_Tuple_implIXT_EJS8_DpT1_EE
FN:1787,1788,_ZSt12__get_helperILm2ESt10shared_ptrI10IContainerEJiiEERT0_RSt11_Tuple_implIXT_EJS3_DpT1_EE
FN:1787,1788,_ZSt12__get_helperILm3ESt17reference_wrapperISt6vectorImSaImEEEJmEERT0_RSt11_Tuple_implIXT_EJS5_DpT1_EE
FN:1787,1788,_ZSt12__get_helperILm3EiJiEERT0_RSt11_Tuple_implIXT_EJS0_DpT1_EE
FN:1787,1788,_ZSt12__get_helperILm4EiJEERT0_RSt11_Tuple_implIXT_EJS0_DpT1_EE
FN:1787,1788,_ZSt12__get_helperILm4EmJEERT0_RSt11_Tuple_implIXT_EJS0_DpT1_EE
FN:1803,1804,_ZSt3getILm0EJPNSt6thread6_StateESt14default_deleteIS1_EEERNSt13tuple_elementIXT_ESt5tupleIJDpT0_EEE4typeERS9_
FN:1803,1804,_ZSt3getILm0EJRKiEERNSt13tuple_elementIXT_ESt5tupleIJDpT0_EEE4typeERS6_
FN:1803,1804,_ZSt3getILm1EJPNSt6thread6_StateESt14default_deleteIS1_EEERNSt13tuple_elementIXT_ESt5tupleIJDpT0_EEE4typeERS9_
FN:1815,1819,_ZSt3getILm0EJM7StorageFbSt10shared_ptrI10IContainerEiiEPS0_S3_iiEEONSt13tuple_elementIXT_ESt5tupleIJDpT0_EEE4typeEOSB_
FN:1815,1819,_ZSt3getILm0EJM7StorageFvSt10shared_ptrI10IContainerERSt6vectorImSaImEEmEPS0_S3_St17reference_wrapperIS6_EmEEONSt13tuple_elementIXT_ESt5tupleIJDpT0_EEE4typeEOSH_
FN:1815,1819,_ZSt3getILm1EJM7StorageFbSt10shared_ptrI10IContainerEiiEPS0_S3_iiEEONSt13tuple_elementIXT_ESt5tupleIJDpT0_EEE4typeEOSB_
FN:1815,1819,_ZSt3getILm1EJM7StorageFvSt10shared_ptrI10IContainerERSt6vectorImSaImEEmEPS0_S3_St17reference_wrapperIS6_EmEEONSt13tuple_elementIXT_ESt5tupleIJDpT0_EEE4typeEOSH_
FN:1815,1819,_ZSt3getILm2EJM7StorageFbSt10shared_ptrI10IContainerEiiEPS0_S3_iiEEONSt13tuple_elementIXT_ESt5tupleIJDpT0_EEE4typeEOSB_
FN:1815,1819,_ZSt3getILm2EJM7StorageFvSt10shared_ptrI10IContainerERSt6vectorImSaImEEmEPS0_S3_St17reference_wrapperIS6_EmEEONSt13tuple_elementIXT_ESt5tupleIJDpT0_EEE4typeEOSH_
FN:1815,1819,_ZSt3getILm3EJM7StorageFbSt10shared_ptrI10IContainerEiiEPS0_S3_iiEEONSt13tuple_elementIXT_ESt5tupleIJDpT0_EEE4typeEOSB_
FN:1815,1819,_ZSt3getILm3EJM7StorageFvSt10shared_ptrI10IContainerERSt6vectorImSaImEEmEPS0_S3_St17reference_wrapperIS6_EmEEONSt13tuple_elementIXT_ESt5tupleIJDpT0_EEE4typeEOSH_
FN:1815,1819,_ZSt3getILm4EJM7StorageFbSt10shared_ptrI10IContainerEiiEPS0_S3_iiEEONSt13tuple_elementIXT_ESt5tupleIJDpT0_EEE4typeEOSB_
FN:1815,1819,_ZSt3getILm4EJM7StorageFvSt10shared_ptrI10IContainerERSt6vectorImSaImEEmEPS0_S3_St17reference_wrapperIS6_EmEEONSt13tuple_elementIXT_ESt5tupleIJDpT0_EEE4typeEOSH_
FN:190,191,_ZNSt10_Head_baseILm0EPNSt6thread6_StateELb0EEC2Ev
FN:193,194,_ZNSt10_Head_baseILm0ERKiLb0EEC2ES1_
FN:200,201,_ZNSt10_Head_baseILm0EM7StorageFbSt10shared_ptrI10IContainerEiiELb0EEC2IS5_EEOT_
FN:200,201,_ZNSt10_Head_baseILm0EM7StorageFvSt10shared_ptrI10IContainerERSt6vectorImSaImEEmELb0EEC2IS9_EEOT_
FN:200,201,_ZNSt10_Head_baseILm1EP7StorageLb0EEC2IS1_EEOT_
FN:200,201,_ZNSt10_Head_baseILm2ESt10shared_ptrI10IContainerELb0EEC2IRS2_EEOT_
FN:200,201,_ZNSt10_Head_baseILm3ESt17reference_wrapperISt6vectorImSaImEEELb0EEC2IS4_EEOT_
FN:200,201,_ZNSt10_Head_baseILm3EiLb0EEC2IRiEEOT_
FN:200,201,_ZNSt10_Head_baseILm4EiLb0EEC2IRiEEOT_
FN:200,201,_ZNSt10_Head_baseILm4EmLb0EEC2IRmEEOT_
FN:2252,2258,_ZNSt4pairIKiP7StorageEC2IJRS0_EJEEESt21piecewise_construct_tSt5tupleIJDpT_EES7_IJDpT0_EE
FN:2264,2269,_ZNSt4pairIKiP7StorageEC2IJRS0_EJLm0EEJEJEEERSt5tupleIJDpT_EERS6_IJDpT1_EESt12_Index_tupleIJXspT0_EEESF_IJXspT2_EEE
FN:234,234,_ZNSt10_Head_baseILm0EM7StorageFbSt10shared_ptrI10IContainerEiiELb0EE7_M_headERS6_
FN:234,234,_ZNSt10_Head_baseILm0EM7StorageFvSt10shared_ptrI10IContainerERSt6vectorImSaImEEmELb0EE7_M_headERSA_
FN:234,234,_ZNSt10_Head_baseILm0EPNSt6thread6_StateELb0EE7_M_headERS3_
FN:234,234,_ZNSt10_Head_baseILm0ERKiLb0EE7_M_headERS2_
FN:234,234,_ZNSt10_Head_baseILm1EP7StorageLb0EE7_M_headERS2_
FN:234,234,_ZNSt10_Head_baseILm2ESt10shared_ptrI10IContainerELb0EE7_M_headERS3_
FN:234,234,_ZNSt10_Head_baseILm3ESt17reference_wrapperISt6vectorImSaImEEELb0EE7_M_headERS5_
FN:234,234,_ZNSt10_Head_baseILm3EiLb0EE7_M_headERS0_
FN:234,234,_ZNSt10_Head_baseILm4EiLb0EE7_M_headERS0_
FN:234,234,_ZNSt10_Head_baseILm4EmLb0EE7_M_headERS0_
FN:269,269,_ZNSt11_Tuple_implILm0EJM7StorageFbSt10shared_ptrI10IContainerEiiEPS0_S3_iiEE7_M_headERS7_
FN:269,269,_ZNSt11_Tuple_implILm0EJM7StorageFvSt10shared_ptrI10IContainerERSt6vectorImSaImEEmEPS0_S3_St17reference_wrapperIS6_EmEE7_M_headERSD_
FN:269,269,_ZNSt11_Tuple_implILm0EJPNSt6thread6_StateESt14default_deleteIS1_EEE7_M_headERS5_
FN:269,269,_ZNSt11_Tuple_implILm1EJP7StorageSt10shared_ptrI10IContainerESt17reference_wrapperISt6vectorImSaImEEEmEE7_M_headERSA_
FN:269,269,_ZNSt11_Tuple_implILm1EJP7StorageSt10shared_ptrI10IContainerEiiEE7_M_headERS5_
FN:269,269,_ZNSt11_Tuple_implILm2EJSt10shared_ptrI10IContainerESt17reference_wrapperISt6vectorImSaImEEEmEE7_M_headERS8_
FN:269,269,_ZNSt11_Tuple_implILm2EJSt10shared_ptrI10IContainerEiiEE7_M_headERS3_
FN:269,269,_ZNSt11_Tuple_implILm3EJSt17reference_wrapperISt6vectorImSaImEEEmEE7_M_headERS5_
FN:269,269,_ZNSt11_Tuple_implILm3EJiiEE7_M_headERS0_
FN:280,281,_ZNSt11_Tuple_implILm0EJPNSt6thread6_StateESt14default_deleteIS1_EEEC2Ev
FN:291,294,_ZNSt11_Tuple_implILm0EJM7StorageFbSt10shared_ptrI10IContainerEiiEPS0_S3_iiEEC2IS5_JS6_RS3_RiSA_EvEEOT_DpOT0_
FN:291,294,_ZNSt11_Tuple_implILm0EJM7StorageFvSt10shared_ptrI10IContainerERSt6vectorImSaImEEmEPS0_S3_St17reference_wrapperIS6_EmEEC2IS9_JSA_RS3_SC_RmEvEEOT_DpOT0_
FN:291,294,_ZNSt11_Tuple_implILm1EJP7StorageSt10shared_ptrI10IContainerESt17reference_wrapperISt6vectorImSaImEEEmEEC2IS1_JRS4_S9_RmEvEEOT_DpOT0_
FN:291,294,_ZNSt11_Tuple_implILm1EJP7StorageSt10shared_ptrI10IContainerEiiEEC2IS1_JRS4_RiS8_EvEEOT_DpOT0_
FN:291,294,_ZNSt11_Tuple_implILm2EJSt10shared_ptrI10IContainerESt17reference_wrapperISt6vectorImSaImEEEmEEC2IRS2_JS7_RmEvEEOT_DpOT0_
FN:291,294,_ZNSt11_Tuple_implILm2EJSt10shared_ptrI10IContainerEiiEEC2IRS2_JRiS6_EvEEOT_DpOT0_
FN:291,294,_ZNSt11_Tuple_implILm3EJSt17reference_wrapperISt6vectorImSaImEEEmEEC2IS4_JRmEvEEOT_DpOT0_
FN:291,294,_ZNSt11_Tuple_implILm3EJiiEEC2IRiJS2_EvEEOT_DpOT0_
FN:497,497,_ZNSt11_Tuple_implILm0EJRKiEE7_M_headERS2_
FN:497,497,_ZNSt11_Tuple_implILm1EJSt14default_deleteINSt6thread6_StateEEEE7_M_headERS4_
FN:497,497,_ZNSt11_Tuple_implILm4EJiEE7_M_headERS0_
FN:497,497,_ZNSt11_Tuple_implILm4EJmEE7_M_headERS0_
FN:503,504,_ZNSt11_Tuple_implILm1EJSt14default_deleteINSt6thread6_StateEEEEC2Ev
FN:507,509,_ZNSt11_Tuple_implILm0EJRKiEEC2ES1_
FN:513,515,_ZNSt11_Tuple_implILm4EJiEEC2IRiEEOT_
FN:513,515,_ZNSt11_Tuple_implILm4EJmEEC2IRmEEOT_
FN:527,530,_ZNSt11_Tuple_implILm0EJRKiEEC2EOS2_
FN:81,82,_ZNSt10_Head_baseILm1ESt14default_deleteINSt6thread6_StateEELb1EEC2Ev
FN:874,876,_ZNSt5tupleIJRKiEEC2ILb1ELb1EEES1_
FN:889,891,_ZNSt5tupleIJM7StorageFbSt10shared_ptrI10IContainerEiiEPS0_S3_iiEEC2IJS5_S6_RS3_RiSA_ELb1ELb1EEEDpOT_
FN:889,891,_ZNSt5tupleIJM7StorageFvSt10shared_ptrI10IContainerERSt6vectorImSaImEEmEPS0_S3_St17reference_wrapperIS6_EmEEC2IJS9_SA_RS3_SC_RmELb1ELb1EEEDpOT_
FN:903,903,_ZNSt5tupleIJRKiEEC2EOS2_
FNDA:0,_ZNSt10_Head_baseILm1ESt14default_deleteINSt6thread6_StateEELb1EE7_M_headERS4_
FNDA:130,_ZNSt5tupleIJPNSt6thread6_StateESt14default_deleteIS1_EEEC2ILb1ELb1EEEv
FNDA:124,_ZSt12__get_helperILm0EM7StorageFbSt10shared_ptrI10IContainerEiiEJPS0_S3_iiEERT0_RSt11_Tuple_implIXT_EJS7_DpT1_EE
FNDA:6,_ZSt12__get_helperILm0EM7StorageFvSt10shared_ptrI10IContainerERSt6vectorImSaImEEmEJPS0_S3_St17reference_wrapperIS6_EmEERT0_RSt11_Tuple_implIXT_EJSD_DpT1_EE
FNDA:260,_ZSt12__get_helperILm0EPNSt6thread6_StateEJSt14default_deleteIS1_EEERT0_RSt11_Tuple_implIXT_EJS5_DpT1_EE
FNDA:7,_ZSt12__get_helperILm0ERKiJEERT0_RSt11_Tuple_implIXT_EJS2_DpT1_EE
FNDA:6,_ZSt12__get_helperILm1EP7StorageJSt10shared_ptrI10IContainerESt17reference_wrapperISt6vectorImSaImEEEmEERT0_RSt11_Tuple_implIXT_EJSA_DpT1_EE
FNDA:124,_ZSt12__get_helperILm1EP7StorageJSt10shared_ptrI10IContainerEiiEERT0_RSt11_Tuple_implIXT_EJS5_DpT1_EE
FNDA:0,_ZSt12__get_helperILm1ESt14default_deleteINSt6thread6_StateEEJEERT0_RSt11_Tuple_implIXT_EJS4_DpT1_EE
FNDA:6,_ZSt12__get_helperILm2ESt10shared_ptrI10IContainerEJSt17reference_wrapperISt6vectorImSaImEEEmEERT0_RSt11_Tuple_implIXT_EJS8_DpT1_EE
FNDA:124,_ZSt12__get_helperILm2ESt10shared_ptrI10IContainerEJiiEERT0_RSt11_Tuple_implIXT_EJS3_DpT1_EE
FNDA:6,_ZSt12__get_helperILm3ESt17reference_wrapperISt6vectorImSaImEEEJmEERT0_RSt11_Tuple_implIXT_EJS5_DpT1_EE
FNDA:124,_ZSt12__get_helperILm3EiJiEERT0_RSt11_Tuple_implIXT_EJS0_DpT1_EE
FNDA:124,_ZSt12__get_helperILm4EiJEERT0_RSt11_Tuple_implIXT_EJS0_DpT1_EE
FNDA:6,_ZSt12__get_helperILm4EmJEERT0_RSt11_Tuple_implIXT_EJS0_DpT1_EE
FNDA:260,_ZSt3getILm0EJPNSt6thread6_StateESt14default_deleteIS1_EEERNSt13tuple_elementIXT_ESt5tupleIJDpT0_EEE4typeERS9_
FNDA:7,_ZSt3getILm0EJRKiEERNSt13tuple_elementIXT_ESt5tupleIJDpT0_EEE4typeERS6_
FNDA:0,_ZSt3getILm1EJPNSt6thread6_StateESt14default_deleteIS1_EEERNSt13tuple_elementIXT_ESt5tupleIJDpT0_EEE4typeERS9_
FNDA:124,_ZSt3getILm0EJM7StorageFbSt10shared_ptrI10IContainerEiiEPS0_S3_iiEEONSt13tuple_elementIXT_ESt5tupleIJDpT0_EEE4typeEOSB_
FNDA:6,_ZSt3getILm0EJM7StorageFvSt10shared_ptrI10IContainerERSt6vectorImSaImEEmEPS0_S3_St17reference_wrapperIS6_EmEEONSt13tuple_elementIXT_ESt5tupleIJDpT0_EEE4typeEOSH_
FNDA:124,_ZSt3getILm1EJM7StorageFbSt10shared_ptrI10IContainerEiiEPS0_S3_iiEEONSt13tuple_elementIXT_ESt5tupleIJDpT0_EEE4typeEOSB_
FNDA:6,_ZSt3getILm1EJM7StorageFvSt10shared_ptrI10IContainerERSt6vectorImSaImEEmEPS0_S3_St17reference_wrapperIS6_EmEEONSt13tuple_elementIXT_ESt5tupleIJDpT0_EEE4typeEOSH_
FNDA:124,_ZSt3getILm2EJM7StorageFbSt10shared_ptrI10IContainerEiiEPS0_S3_iiEEONSt13tuple_elementIXT_ESt5tupleIJDpT0_EEE4typeEOSB_
FNDA:6,_ZSt3getILm2EJM7StorageFvSt10shared_ptrI10IContainerERSt6vectorImSaImEEmEPS0_S3_St17reference_wrapperIS6_EmEEONSt13tuple_elementIXT_ESt5tupleIJDpT0_EEE4typeEOSH_
FNDA:124,_ZSt3getILm3EJM7StorageFbSt10shared_ptrI10IContainerEiiEPS0_S3_iiEEONSt13tuple_elementIXT_ESt5tupleIJDpT0_EEE4typeEOSB_
FNDA:6,_ZSt3getILm3EJM7StorageFvSt10shared_ptrI10IContainerERSt6vectorImSaImEEmEPS0_S3_St17reference_wrapperIS6_EmEEONSt13tuple_elementIXT_ESt5tupleIJDpT0_EEE4typeEOSH_
FNDA:124,_ZSt3getILm4EJM7StorageFbSt10shared_ptrI10IContainerEiiEPS0_S3_iiEEONSt13tuple_elementIXT_ESt5tupleIJDpT0_EEE4typeEOSB_
FNDA:6,_ZSt3getILm4EJM7StorageFvSt10shared_ptrI10IContainerERSt6vectorImSaImEEmEPS0_S3_St17reference_wrapperIS6_EmEEONSt13tuple_elementIXT_ESt5tupleIJDpT0_EEE4typeEOSH_
FNDA:130,_ZNSt10_Head_baseILm0EPNSt6thread6_StateELb0EEC2Ev
FNDA:7,_ZNSt10_Head_baseILm0ERKiLb0EEC2ES1_
FNDA:124,_ZNSt10_Head_baseILm0EM7StorageFbSt10shared_ptrI10IContainerEiiELb0EEC2IS5_EEOT_
FNDA:6,_ZNSt10_Head_baseILm0EM7StorageFvSt10shared_ptrI10IContainerERSt6vectorImSaImEEmELb0EEC2IS9_EEOT_
FNDA:130,_ZNSt10_Head_baseILm1EP7StorageLb0EEC2IS1_EEOT_
FNDA:130,_ZNSt10_Head_baseILm2ESt10shared_ptrI10IContainerELb0EEC2IRS2_EEOT_
FNDA:6,_ZNSt10_Head_baseILm3ESt17reference_wrapperISt6vectorImSaImEEELb0EEC2IS4_EEOT_
FNDA:124,_ZNSt10_Head_baseILm3EiLb0EEC2IRiEEOT_
FNDA:124,_ZNSt10_Head_baseILm4EiLb0EEC2IRiEEOT_
FNDA:6,_ZNSt10_Head_baseILm4EmLb0EEC2IRmEEOT_
FNDA:7,_ZNSt4pairIKiP7StorageEC2IJRS0_EJEEESt21piecewise_construct_tSt5tupleIJDpT_EES7_IJDpT0_EE
FNDA:7,_ZNSt4pairIKiP7StorageEC2IJRS0_EJLm0EEJEJEEERSt5tupleIJDpT_EERS6_IJDpT1_EESt12_Index_tupleIJXspT0_EEESF_IJXspT2_EEE
FNDA:124,_ZNSt10_Head_baseILm0EM7StorageFbSt10shared_ptrI10IContainerEiiELb0EE7_M_headERS6_
FNDA:6,_ZNSt10_Head_baseILm0EM7StorageFvSt10shared_ptrI10IContainerERSt6vectorImSaImEEmELb0EE7_M_headERSA_
FNDA:260,_ZNSt10_Head_baseILm0EPNSt6thread6_StateELb0EE7_M_headERS3_
FNDA:7,_ZNSt10_Head_baseILm0ERKiLb0EE7_M_headERS2_
FNDA:130,_ZNSt10_Head_baseILm1EP7StorageLb0EE7_M_headERS2_
FNDA:130,_ZNSt10_Head_baseILm2ESt10shared_ptrI10IContainerELb0EE7_M_headERS3_
FNDA:6,_ZNSt10_Head_baseILm3ESt17reference_wrapperISt6vectorImSaImEEELb0EE7_M_headERS5_
FNDA:124,_ZNSt10_Head_baseILm3EiLb0EE7_M_headERS0_
FNDA:124,_ZNSt10_Head_baseILm4EiLb0EE7_M_headERS0_
FNDA:6,_ZNSt10_Head_baseILm4EmLb0EE7_M_headERS0_
FNDA:124,_ZNSt11_Tuple_implILm0EJM7StorageFbSt10shared_ptrI10IContainerEiiEPS0_S3_iiEE7_M_headERS7_
FNDA:6,_ZNSt11_Tuple_implILm0EJM7StorageFvSt10shared_ptrI10IContainerERSt6vectorImSaImEEmEPS0_S3_St17reference_wrapperIS6_EmEE7_M_headERSD_
FNDA:260,_ZNSt11_Tuple_implILm0EJPNSt6thread6_StateESt14default_deleteIS1_EEE7_M_headERS5_
FNDA:6,_ZNSt11_Tuple_implILm1EJP7StorageSt10shared_ptrI10IContainerESt17reference_wrapperISt6vectorImSaImEEEmEE7_M_headERSA_
FNDA:124,_ZNSt11_Tuple_implILm1EJP7StorageSt10shared_ptrI10IContainerEiiEE7_M_headERS5_
FNDA:6,_ZNSt11_Tuple_implILm2EJSt10shared_ptrI10IContainerESt17reference_wrapperISt6vectorImSaImEEEmEE7_M_headERS8_
FNDA:124,_ZNSt11_Tuple_implILm2EJSt10shared_ptrI10IContainerEiiEE7_M_headERS3_
FNDA:6,_ZNSt11_Tuple_implILm3EJSt17reference_wrapperISt6vectorImSaImEEEmEE7_M_headERS5_
FNDA:124,_ZNSt11_Tuple_implILm3EJiiEE7_M_headERS0_
FNDA:130,_ZNSt11_Tuple_implILm0EJPNSt6thread6_StateESt14default_deleteIS1_EEEC2Ev
FNDA:124,_ZNSt11_Tuple_implILm0EJM7StorageFbSt10shared_ptrI10IContainerEiiEPS0_S3_iiEEC2IS5_JS6_RS3_RiSA_EvEEOT_DpOT0_
FNDA:6,_ZNSt11_Tuple_implILm0EJM7StorageFvSt10shared_ptrI10IContainerERSt6vectorImSaImEEmEPS0_S3_St17reference_wrapperIS6_EmEEC2IS9_JSA_RS3_SC_RmEvEEOT_DpOT0_
FNDA:6,_ZNSt11_Tuple_implILm1EJP7StorageSt10shared_ptrI10IContainerESt17reference_wrapperISt6vectorImSaImEEEmEEC2IS1_JRS4_S9_RmEvEEOT_DpOT0_
FNDA:124,_ZNSt11_Tuple_implILm1EJP7StorageSt10shared_ptrI10IContainerEiiEEC2IS1_JRS4_RiS8_EvEEOT_DpOT0_
FNDA:6,_ZNSt11_Tuple_implILm2EJSt10shared_ptrI10IContainerESt17reference_wrapperISt6vectorImSaImEEEmEEC2IRS2_JS7_RmEvEEOT_DpOT0_
FNDA:124,_ZNSt11_Tuple_implILm2EJSt10shared_ptrI10IContainerEiiEEC2IRS2_JRiS6_EvEEOT_DpOT0_
FNDA:6,_ZNSt11_Tuple_implILm3EJSt17reference_wrapperISt6vectorImSaImEEEmEEC2IS4_JRmEvEEOT_DpOT0_
FNDA:124,_ZNSt11_Tuple_implILm3EJiiEEC2IRiJS2_EvEEOT_DpOT0_
FNDA:7,_ZNSt11_Tuple_implILm0EJRKiEE7_M_headERS2_
FNDA:0,_ZNSt11_Tuple_implILm1EJSt14default_deleteINSt6thread6_StateEEEE7_M_headERS4_
FNDA:124,_ZNSt11_Tuple_implILm4EJiEE7_M_headERS0_
FNDA:6,_ZNSt11_Tuple_implILm4EJmEE7_M_headERS0_
FNDA:130,_ZNSt11_Tuple_implILm1EJSt14default_deleteINSt6thread6_StateEEEEC2Ev
FNDA:7,_ZNSt11_Tuple_implILm0EJRKiEEC2ES1_
FNDA:124,_ZNSt11_Tuple_implILm4EJiEEC2IRiEEOT_
FNDA:6,_ZNSt11_Tuple_implILm4EJmEEC2IRmEEOT_
FNDA:7,_ZNSt11_Tuple_implILm0EJRKiEEC2EOS2_
FNDA:130,_ZNSt10_Head_baseILm1ESt14default_deleteINSt6thread6_StateEELb1EEC2Ev
FNDA:7,_ZNSt5tupleIJRKiEEC2ILb1ELb1EEES1_
FNDA:124,_ZNSt5tupleIJM7StorageFbSt10shared_ptrI10IContainerEiiEPS0_S3_iiEEC2IJS5_S6_RS3_RiSA_ELb1ELb1EEEDpOT_
FNDA:6,_ZNSt5tupleIJM7StorageFvSt10shared_ptrI10IContainerERSt6vectorImSaImEEmEPS0_S3_St17reference_wrapperIS6_EmEEC2IJS9_SA_RS3_SC_RmELb1ELb1EEEDpOT_
FNDA:7,_ZNSt5tupleIJRKiEEC2EOS2_
FNF:82
FNH:78
DA:81,130
DA:82,130
DA:125,0
DA:190,130
DA:191,130
DA:193,7
DA:194,7
DA:200,650
DA:201,650
DA:234,917
DA:269,780
DA:280,130
DA:281,130
DA:291,520
DA:293,520
DA:294,520
DA:497,137
DA:503,130
DA:504,130
DA:507,7
DA:508,7
DA:509,7
DA:513,130
DA:514,130
DA:515,130
DA:527,7
DA:529,7
DA:530,7
DA:874,7
DA:876,7
DA:889,130
DA:891,130
DA:903,7
DA:1317,130
DA:1319,130
DA:1787,917
DA:1788,917
DA:1803,267
DA:1804,267
DA:1815,650
DA:1818,650
DA:2252,7
DA:2257,7
DA:2258,7
DA:2264,7
DA:2267,7
DA:2268,7
DA:2269,7
LF:48
LH:47
end_of_record
TN:
SF:/usr/include/c++/13/type_traits
FN:3649,3656,_ZSt21is_constant_evaluatedv
FNDA:0,_ZSt21is_constant_evaluatedv
FNF:1
FNH:0
DA:3649,0
DA:3654,0
LF:2
LH:0
end_of_record
TN:
SF:/usr/include/c++/13/typeinfo
FN:103,104,_ZNKSt9type_info4nameEv
FN:193,210,_ZNKSt9type_infoeqERKS_
FNDA:0,_ZNKSt9type_info4nameEv
FNDA:0,_ZNKSt9type_infoeqERKS_
FNF:2
FNH:0
DA:103,0
DA:104,0
DA:193,0
DA:195,0
DA:196,0
DA:198,0
DA:199,0
DA:206,0
LF:8
LH:0
end_of_record
TN:
SF:/usr/include/x86_64-linux-gnu/c++/13/bits/c++config.h
FN:540,551,_ZSt23__is_constant_evaluatedv
FNDA:0,_ZSt23__is_constant_evaluatedv
FNF:1
FNH:0
DA:322,0
DA:540,0
DA:547,0
LF:3
LH:0
end_of_record
TN:
SF:/usr/include/x86_64-linux-gnu/c++/13/bits/gthr-default.h
FN:300,303,_ZL18__gthread_active_pv
FN:746,752,_ZL20__gthread_mutex_lockP15pthread_mutex_t
FN:776,782,_ZL22__gthread_mutex_unlockP15pthread_mutex_t
FNDA:6808,_ZL18__gthread_active_pv
FNDA:3413,_ZL20__gthread_mutex_lockP15pthread_mutex_t
FNDA:3427,_ZL22__gthread_mutex_unlockP15pthread_mutex_t
FNF:3
FNH:3
DA:300,6808
DA:302,6808
DA:746,3413
DA:748,3413
DA:749,3419
DA:751,0
DA:776,3427
DA:778,3427
DA:779,3425
DA:781,0
LF:10
LH:8
end_of_record
