TN:
SF:/mnt/c/л3/Lab3OOP/Checker/Checker.hpp
FN:25,25,_ZN7CheckerIiEC2Ev
FN:27,28,_ZN7CheckerIiEC2ERKS0_
FN:30,32,_ZN7CheckerIiE16addCheckFunctionESt8functionIFvR7StorageP10IContainer17ContainerPositionIiEEE
FN:43,47,_ZNK7CheckerIiE11applyChecksER7StorageP10IContainer17ContainerPositionIiE
FNDA:48,_ZN7CheckerIiEC2Ev
FNDA:20,_ZN7CheckerIiEC2ERKS0_
FNDA:66,_ZN7CheckerIiE16addCheckFunctionESt8functionIFvR7StorageP10IContainer17ContainerPositionIiEEE
FNDA:393,_ZNK7CheckerIiE11applyChecksER7StorageP10IContainer17ContainerPositionIiE
FNF:4
FNH:4
DA:25,48
DA:27,20
DA:28,20
DA:30,66
DA:31,66
DA:32,66
DA:43,393
DA:44,772
DA:45,398
DA:47,374
LF:10
LH:10
end_of_record
TN:
SF:/mnt/c/л3/Lab3OOP/Octree/ContainerPosition.hpp
FN:12,12,_ZN17ContainerPositionIiEC2Ev
FN:18,23,_ZNK17ContainerPositionIiEeqERKS0_
FNDA:0,_ZN17ContainerPositionIiEC2Ev
FNDA:199,_ZNK17ContainerPositionIiEeqERKS0_
FNF:2
FNH:1
DA:12,0
DA:18,199
DA:19,447
DA:20,372
DA:21,372
DA:22,447
LF:6
LH:5
end_of_record
TN:
SF:/mnt/c/л3/Lab3OOP/Octree/Octree.hpp
FN:115,119,_ZN6OctreeIiP10IContainer17ContainerPositionIiEE8iteratorC2EPNS4_4NodeE
FN:121,123,_ZN6OctreeIiP10IContainer17ContainerPositionIiEE8iteratordeEv
FN:126,136,_ZN6OctreeIiP10IContainer17ContainerPositionIiEE8iteratorppEv
FN:139,141,_ZNK6OctreeIiP10IContainer17ContainerPositionIiEE8iteratorneERKS5_
FN:148,151,_ZN6OctreeIiP10IContainer17ContainerPositionIiEEC2ER11BoundingBoxIiEi
FN:154,156,_ZN6OctreeIiP10IContainer17ContainerPositionIiEED2Ev
FN:164,166,_ZN6OctreeIiP10IContainer17ContainerPositionIiEE5beginEv
FN:168,170,_ZN6OctreeIiP10IContainer17ContainerPositionIiEE3endEv
FN:173,182,_ZN6OctreeIiP10IContainer17ContainerPositionIiEE6insertES1_RS3_PNS4_4NodeE
FN:185,265,_ZN6OctreeIiP10IContainer17ContainerPositionIiEE5splitEPNS4_4NodeE
FN:268,271,_ZN6OctreeIiP10IContainer17ContainerPositionIiEE5CloneEv
FN:275,285,_ZN6OctreeIiP10IContainer17ContainerPositionIiEE6removeENSt7__cxx1112basic_stringIcSt11char_traitsIcESaIcEEE
FN:288,292,_ZN6OctreeIiP10IContainer17ContainerPositionIiEE6searchENSt7__cxx1112basic_stringIcSt11char_traitsIcESaIcEEE
FN:295,299,_ZN6OctreeIiP10IContainer17ContainerPositionIiEE5findIENSt7__cxx1112basic_stringIcSt11char_traitsIcESaIcEEE
FN:302,306,_ZN6OctreeIiP10IContainer17ContainerPositionIiEE11searchDepthEv
FN:309,315,_ZN6OctreeIiP10IContainer17ContainerPositionIiEE12SearchInsertES1_S3_
FN:323,326,_ZN6OctreeIiP10IContainer17ContainerPositionIiEE7getMinXERS3_
FN:329,332,_ZN6OctreeIiP10IContainer17ContainerPositionIiEE7getMaxXERS3_
FN:335,338,_ZN6OctreeIiP10IContainer17ContainerPositionIiEE7getMinYERS3_
FN:341,344,_ZN6OctreeIiP10IContainer17ContainerPositionIiEE7getMaxYERS3_
FN:347,350,_ZN6OctreeIiP10IContainer17ContainerPositionIiEE7getMinZERS3_
FN:353,356,_ZN6OctreeIiP10IContainer17ContainerPositionIiEE7getMaxZERS3_
FN:359,362,_ZN6OctreeIiP10IContainer17ContainerPositionIiEE7getMinXERKS3_
FN:364,367,_ZN6OctreeIiP10IContainer17ContainerPositionIiEE7getMaxXERKS3_
FN:370,373,_ZN6OctreeIiP10IContainer17ContainerPositionIiEE7getMinYERKS3_
FN:376,379,_ZN6OctreeIiP10IContainer17ContainerPositionIiEE7getMaxYERKS3_
FN:383,386,_ZN6OctreeIiP10IContainer17ContainerPositionIiEE7getMinZERKS3_
FN:389,392,_ZN6OctreeIiP10IContainer17ContainerPositionIiEE7getMaxZERKS3_
FN:400,410,_ZN6OctreeIiP10IContainer17ContainerPositionIiEE16pointincontainerER5PointIiERS3_
FN:416,426,_ZN6OctreeIiP10IContainer17ContainerPositionIiEE14searchUnderOctEPNS4_4NodeERSt6vectorISt4pairIS3_S1_ESaIS9_EE
FN:429,446,_ZN6OctreeIiP10IContainer17ContainerPositionIiEE5findIENSt7__cxx1112basic_stringIcSt11char_traitsIcESaIcEEEPNS4_4NodeEPSt4pairIS3_S1_E
FN:449,459,_ZN6OctreeIiP10IContainer17ContainerPositionIiEE11searchDepthEPNS4_4NodeERSt6vectorISt4pairIS3_S1_ESaIS9_EE
FN:462,495,_ZN6OctreeIiP10IContainer17ContainerPositionIiEE12SearchInsertES1_S3_PNS4_4NodeEPS6_RSt6vectorISt4pairIS3_S1_ESaISA_EERb
FN:498,515,_ZN6OctreeIiP10IContainer17ContainerPositionIiEE7searchRENSt7__cxx1112basic_stringIcSt11char_traitsIcESaIcEEEPNS4_4NodeEPSC_
FN:518,542,_ZN6OctreeIiP10IContainer17ContainerPositionIiEE7removeRENSt7__cxx1112basic_stringIcSt11char_traitsIcESaIcEEEPNS4_4NodeERbPSC_
FN:545,554,_ZN6OctreeIiP10IContainer17ContainerPositionIiEE14checkEmptyNodeEPNS4_4NodeE
FN:55,55,_ZN11BoundingBoxIiEC2ERK5PointIiES4_
FN:556,567,_ZN6OctreeIiP10IContainer17ContainerPositionIiEE6meargeEPNS4_4NodeE
FN:57,59,_ZNK11BoundingBoxIiE8containsER5PointIiE
FN:570,584,_ZN6OctreeIiP10IContainer17ContainerPositionIiEE17decreaseHightTreeEPNS4_4NodeE
FN:588,598,_ZN6OctreeIiP10IContainer17ContainerPositionIiEE6UpdateEPNS4_4NodeE
FN:601,622,_ZNK6OctreeIiP10IContainer17ContainerPositionIiEE13ContainEntityES3_S3_
FN:625,632,_ZNK6OctreeIiP10IContainer17ContainerPositionIiEE14checkCollisionES1_S3_St6vectorISt4pairIS3_S1_ESaIS7_EE
FN:646,648,_ZNK6OctreeIiP10IContainer17ContainerPositionIiEE6numberB5cxx11ERK5PointIiE
FN:80,80,_ZN6OctreeIiP10IContainer17ContainerPositionIiEE4NodeC2ER11BoundingBoxIiEi
FN:81,89,_ZN6OctreeIiP10IContainer17ContainerPositionIiEE4NodeD2Ev
FN:91,93,_ZNK6OctreeIiP10IContainer17ContainerPositionIiEE4Node6isLeafEv
FNDA:0,_ZN6OctreeIiP10IContainer17ContainerPositionIiEE8iteratorC2EPNS4_4NodeE
FNDA:0,_ZN6OctreeIiP10IContainer17ContainerPositionIiEE8iteratordeEv
FNDA:0,_ZN6OctreeIiP10IContainer17ContainerPositionIiEE8iteratorppEv
FNDA:0,_ZNK6OctreeIiP10IContainer17ContainerPositionIiEE8iteratorneERKS5_
FNDA:52,_ZN6OctreeIiP10IContainer17ContainerPositionIiEEC2ER11BoundingBoxIiEi
FNDA:0,_ZN6OctreeIiP10IContainer17ContainerPositionIiEED2Ev
FNDA:0,_ZN6OctreeIiP10IContainer17ContainerPositionIiEE5beginEv
FNDA:0,_ZN6OctreeIiP10IContainer17ContainerPositionIiEE3endEv
FNDA:384,_ZN6OctreeIiP10IContainer17ContainerPositionIiEE6insertES1_RS3_PNS4_4NodeE
FNDA:71,_ZN6OctreeIiP10IContainer17ContainerPositionIiEE5splitEPNS4_4NodeE
FNDA:20,_ZN6OctreeIiP10IContainer17ContainerPositionIiEE5CloneEv
FNDA:30,_ZN6OctreeIiP10IContainer17ContainerPositionIiEE6removeENSt7__cxx1112basic_stringIcSt11char_traitsIcESaIcEEE
FNDA:33,_ZN6OctreeIiP10IContainer17ContainerPositionIiEE6searchENSt7__cxx1112basic_stringIcSt11char_traitsIcESaIcEEE
FNDA:0,_ZN6OctreeIiP10IContainer17ContainerPositionIiEE5findIENSt7__cxx1112basic_stringIcSt11char_traitsIcESaIcEEE
FNDA:190,_ZN6OctreeIiP10IContainer17ContainerPositionIiEE11searchDepthEv
FNDA:11701,_ZN6OctreeIiP10IContainer17ContainerPositionIiEE12SearchInsertES1_S3_
FNDA:57791,_ZN6OctreeIiP10IContainer17ContainerPositionIiEE7getMinXERS3_
FNDA:57791,_ZN6OctreeIiP10IContainer17ContainerPositionIiEE7getMaxXERS3_
FNDA:58009,_ZN6OctreeIiP10IContainer17ContainerPositionIiEE7getMinYERS3_
FNDA:58009,_ZN6OctreeIiP10IContainer17ContainerPositionIiEE7getMaxYERS3_
FNDA:57669,_ZN6OctreeIiP10IContainer17ContainerPositionIiEE7getMinZERS3_
FNDA:57571,_ZN6OctreeIiP10IContainer17ContainerPositionIiEE7getMaxZERS3_
FNDA:725,_ZN6OctreeIiP10IContainer17ContainerPositionIiEE7getMinXERKS3_
FNDA:545,_ZN6OctreeIiP10IContainer17ContainerPositionIiEE7getMaxXERKS3_
FNDA:475,_ZN6OctreeIiP10IContainer17ContainerPositionIiEE7getMinYERKS3_
FNDA:418,_ZN6OctreeIiP10IContainer17ContainerPositionIiEE7getMaxYERKS3_
FNDA:58,_ZN6OctreeIiP10IContainer17ContainerPositionIiEE7getMinZERKS3_
FNDA:269,_ZN6OctreeIiP10IContainer17ContainerPositionIiEE7getMaxZERKS3_
FNDA:324,_ZN6OctreeIiP10IContainer17ContainerPositionIiEE16pointincontainerER5PointIiERS3_
FNDA:53476,_ZN6OctreeIiP10IContainer17ContainerPositionIiEE14searchUnderOctEPNS4_4NodeERSt6vectorISt4pairIS3_S1_ESaIS9_EE
FNDA:0,_ZN6OctreeIiP10IContainer17ContainerPositionIiEE5findIENSt7__cxx1112basic_stringIcSt11char_traitsIcESaIcEEEPNS4_4NodeEPSt4pairIS3_S1_E
FNDA:27118,_ZN6OctreeIiP10IContainer17ContainerPositionIiEE11searchDepthEPNS4_4NodeERSt6vectorISt4pairIS3_S1_ESaIS9_EE
FNDA:14125,_ZN6OctreeIiP10IContainer17ContainerPositionIiEE12SearchInsertES1_S3_PNS4_4NodeEPS6_RSt6vectorISt4pairIS3_S1_ESaISA_EERb
FNDA:737,_ZN6OctreeIiP10IContainer17ContainerPositionIiEE7searchRENSt7__cxx1112basic_stringIcSt11char_traitsIcESaIcEEEPNS4_4NodeEPSC_
FNDA:446,_ZN6OctreeIiP10IContainer17ContainerPositionIiEE7removeRENSt7__cxx1112basic_stringIcSt11char_traitsIcESaIcEEEPNS4_4NodeERbPSC_
FNDA:42,_ZN6OctreeIiP10IContainer17ContainerPositionIiEE14checkEmptyNodeEPNS4_4NodeE
FNDA:600,_ZN11BoundingBoxIiEC2ERK5PointIiES4_
FNDA:185,_ZN6OctreeIiP10IContainer17ContainerPositionIiEE6meargeEPNS4_4NodeE
FNDA:62112,_ZNK11BoundingBoxIiE8containsER5PointIiE
FNDA:185,_ZN6OctreeIiP10IContainer17ContainerPositionIiEE17decreaseHightTreeEPNS4_4NodeE
FNDA:30,_ZN6OctreeIiP10IContainer17ContainerPositionIiEE6UpdateEPNS4_4NodeE
FNDA:28617,_ZNK6OctreeIiP10IContainer17ContainerPositionIiEE13ContainEntityES3_S3_
FNDA:5444,_ZNK6OctreeIiP10IContainer17ContainerPositionIiEE14checkCollisionES1_S3_St6vectorISt4pairIS3_S1_ESaIS7_EE
FNDA:0,_ZNK6OctreeIiP10IContainer17ContainerPositionIiEE6numberB5cxx11ERK5PointIiE
FNDA:620,_ZN6OctreeIiP10IContainer17ContainerPositionIiEE4NodeC2ER11BoundingBoxIiEi
FNDA:0,_ZN6OctreeIiP10IContainer17ContainerPositionIiEE4NodeD2Ev
FNDA:0,_ZNK6OctreeIiP10IContainer17ContainerPositionIiEE4Node6isLeafEv
FNF:47
FNH:35
DA:55,600
DA:57,62112
DA:58,62112
DA:80,620
DA:81,0
DA:82,0
DA:84,0
DA:86,0
DA:87,0
DA:89,0
DA:91,0
DA:92,0
DA:115,0
DA:116,0
DA:117,0
DA:119,0
DA:121,0
DA:122,0
DA:126,0
DA:127,0
DA:128,0
DA:129,0
DA:130,0
DA:131,0
DA:132,0
DA:135,0
DA:139,0
DA:140,0
DA:148,52
DA:149,52
DA:150,52
DA:151,52
DA:154,0
DA:155,0
DA:156,0
DA:164,0
DA:165,0
DA:168,0
DA:169,0
DA:173,384
DA:174,384
DA:175,0
DA:177,384
DA:178,384
DA:179,71
DA:181,384
DA:185,71
DA:186,71
DA:187,71
DA:189,71
DA:190,71
DA:191,71
DA:193,71
DA:194,71
DA:195,71
DA:196,71
DA:197,71
DA:200,71
DA:201,71
DA:202,71
DA:203,71
DA:204,71
DA:207,71
DA:208,71
DA:209,71
DA:210,71
DA:211,71
DA:214,71
DA:215,71
DA:216,71
DA:217,71
DA:218,71
DA:221,71
DA:222,71
DA:223,71
DA:224,71
DA:225,71
DA:228,71
DA:229,71
DA:230,71
DA:231,71
DA:232,71
DA:235,71
DA:236,71
DA:237,71
DA:238,71
DA:239,71
DA:242,71
DA:243,71
DA:244,71
DA:245,71
DA:246,71
DA:249,160
DA:250,210
DA:251,292
DA:252,178
DA:253,168
DA:254,162
DA:255,161
DA:256,160
DA:257,372
DA:258,80
DA:259,80
DA:260,80
DA:261,80
DA:265,71
DA:268,20
DA:269,20
DA:270,20
DA:275,30
DA:276,30
DA:277,30
DA:278,30
DA:279,30
DA:280,0
DA:282,30
DA:283,30
DA:284,30
DA:288,33
DA:289,33
DA:290,33
DA:291,33
DA:295,0
DA:296,0
DA:297,0
DA:298,0
DA:302,190
DA:303,190
DA:304,190
DA:305,190
DA:306,0
DA:309,11701
DA:310,11701
DA:311,11701
DA:312,11701
DA:313,11701
DA:314,11701
DA:315,11701
DA:323,57791
DA:325,57791
DA:329,57791
DA:331,57791
DA:335,58009
DA:337,58009
DA:341,58009
DA:343,58009
DA:347,57669
DA:349,57669
DA:353,57571
DA:355,57571
DA:359,725
DA:361,725
DA:364,545
DA:366,545
DA:370,475
DA:372,475
DA:376,418
DA:378,418
DA:383,58
DA:385,58
DA:389,269
DA:391,269
DA:400,324
DA:403,324
DA:404,324
DA:405,324
DA:406,324
DA:407,324
DA:408,324
DA:409,324
DA:416,53476
DA:417,53476
DA:418,47472
DA:420,6004
DA:421,5412
DA:423,54036
DA:424,48032
DA:429,0
DA:430,0
DA:431,0
DA:433,0
DA:434,0
DA:435,0
DA:436,0
DA:437,0
DA:441,0
DA:442,0
DA:443,0
DA:449,27118
DA:450,27118
DA:451,23752
DA:453,3366
DA:454,455
DA:456,30294
DA:457,26928
DA:462,14125
DA:463,14125
DA:464,0
DA:466,26145
DA:467,6407
DA:468,5847
DA:469,26145
DA:470,8430
DA:472,5695
DA:473,5410
DA:475,5695
DA:476,2727
DA:477,2424
DA:480,5695
DA:482,5444
DA:484,5444
DA:485,393
DA:486,393
DA:488,5051
DA:489,5051
DA:491,251
DA:492,181
DA:494,70
DA:498,737
DA:499,737
DA:500,0
DA:502,737
DA:503,193
DA:504,125
DA:505,27
DA:506,27
DA:510,710
DA:511,792
DA:512,704
DA:518,446
DA:519,446
DA:520,0
DA:522,446
DA:523,167
DA:525,279
DA:526,130
DA:527,91
DA:528,30
DA:529,30
DA:530,30
DA:531,30
DA:532,30
DA:536,249
DA:537,468
DA:538,416
DA:545,42
DA:546,42
DA:547,30
DA:548,30
DA:549,30
DA:550,28
DA:551,28
DA:552,110
DA:553,68
DA:556,185
DA:557,185
DA:558,198
DA:559,176
DA:560,9
DA:561,9
DA:564,198
DA:565,176
DA:570,185
DA:571,185
DA:572,163
DA:574,198
DA:575,176
DA:577,22
DA:578,153
DA:579,136
DA:580,136
DA:581,136
DA:588,30
DA:589,30
DA:590,1
DA:591,1
DA:592,1
DA:594,29
DA:595,8
DA:596,8
DA:601,28617
DA:603,28617
DA:604,28617
DA:605,28617
DA:606,28617
DA:607,28617
DA:608,28617
DA:611,28617
DA:612,28617
DA:613,28617
DA:614,28617
DA:615,28617
DA:616,28617
DA:619,22292
DA:620,56351
DA:621,34059
DA:625,5444
DA:626,29010
DA:627,28617
DA:628,5051
DA:631,393
DA:646,0
DA:647,0
LF:303
LH:249
end_of_record
TN:
SF:/mnt/c/л3/Lab3OOP/Octree/Point.hpp
FN:17,17,_ZN5PointIiEC2Eiii
FN:18,18,_ZN5PointIiEC2Ev
FN:9,11,_ZNK5PointIiEeqERKS0_
FNDA:1385,_ZN5PointIiEC2Eiii
FNDA:0,_ZN5PointIiEC2Ev
FNDA:1067,_ZNK5PointIiEeqERKS0_
FNF:3
FNH:2
DA:9,1067
DA:10,1067
DA:17,1385
DA:18,0
LF:4
LH:3
end_of_record
TN:
SF:/mnt/c/л3/Lab3OOP/Storage/Storage.cpp
FN:105,120,_ZN7Storage7getSizeEiii
FN:125,167,_ZN7Storage26calculateContainerPositionEiiiiii
FN:13,24,_ZN7Storage14calculateDepthEv
FN:14,21,_ZZN7Storage14calculateDepthEvENKUliE_clEi
FN:170,193,_ZN7Storage20searchUnderContainerER17ContainerPositionIiE
FN:196,219,_ZN7Storage20searchUpperContainerER17ContainerPositionIiE
FN:223,231,_ZN7Storage13calculatemassESt6vectorISt4pairI17ContainerPositionIiEP10IContainerESaIS6_EEm
FN:234,259,_ZN7Storage12checkSupportER17ContainerPositionIiESt6vectorISt4pairIS1_P10IContainerESaIS7_EE
FN:261,273,_ZN7Storage12addContainerEP10IContaineriii
FN:27,29,_ZN7Storage24addExternalCheckFunctionERKSt8functionIFvRS_P10IContainer17ContainerPositionIiEEE
FN:278,282,_ZNK7Storage19getInfoAboutStorageB5cxx11Ev
FN:286,307,_ZN7Storage7isNoTopERK17ContainerPositionIiE
FN:311,341,_ZN7Storage13moveContainerENSt7__cxx1112basic_stringIcSt11char_traitsIcESaIcEEEiii
FN:32,44,_ZN7Storage5checkEv
FN:345,385,_ZN7Storage15rotateContainerENSt7__cxx1112basic_stringIcSt11char_traitsIcESaIcEEEi
FN:388,409,_ZN7Storage10multitreadEP10IContaineriii
FN:411,428,_ZN7Storage13addContainerREP10IContainerii
FN:430,445,_ZN7Storage12addContainerB5cxx11EP10IContainer
FN:448,507,_ZN7Storage15removeContainerENSt7__cxx1112basic_stringIcSt11char_traitsIcESaIcEEE
FN:47,61,_ZN7StorageC2Eiiiid
FN:510,524,_ZNK7Storage7getInfoB5cxx11Ev
FN:527,543,_ZN7Storage9howContaiEP10IContainerRSt6vectorImSaImEEm
FN:546,556,_ZN7Storage12howContainerEP10IContainer
FN:55,57,_ZZN7StorageC4EiiiidENKUlRS_P10IContainer17ContainerPositionIiEE_clES0_S2_S4_
FN:555,555,_ZZN7Storage12howContainerEP10IContainerENKUliiE_clEii
FN:559,569,_ZNK7Storage17getListContainersB5cxx11Ev
FN:572,579,_ZN7Storage16checkTemperatureERS_P10IContainer17ContainerPositionIiE
FN:58,60,_ZZN7StorageC4EiiiidENKUlRS_P10IContainer17ContainerPositionIiEE0_clES0_S2_S4_
FN:582,598,_ZN7Storage13checkPressureERS_P10IContainer17ContainerPositionIiE
FN:64,66,_ZN7Storage15comparePositionERSt4pairI17ContainerPositionIiEP10IContainerES6_
FN:69,71,_ZN7Storage22comparePositionReverseERSt4pairI17ContainerPositionIiEP10IContainerES6_
FN:74,90,_ZN7StorageaSERKS_
FN:93,102,_ZN7StorageC2ERKS_
FNDA:6,_ZN7Storage7getSizeEiii
FNDA:11701,_ZN7Storage26calculateContainerPositionEiiiiii
FNDA:32,_ZN7Storage14calculateDepthEv
FNDA:96,_ZZN7Storage14calculateDepthEvENKUliE_clEi
FNDA:111,_ZN7Storage20searchUnderContainerER17ContainerPositionIiE
FNDA:13,_ZN7Storage20searchUpperContainerER17ContainerPositionIiE
FNDA:54,_ZN7Storage13calculatemassESt6vectorISt4pairI17ContainerPositionIiEP10IContainerESaIS6_EEm
FNDA:109,_ZN7Storage12checkSupportER17ContainerPositionIiESt6vectorISt4pairIS1_P10IContainerESaIS7_EE
FNDA:210,_ZN7Storage12addContainerEP10IContaineriii
FNDA:2,_ZN7Storage24addExternalCheckFunctionERKSt8functionIFvRS_P10IContainer17ContainerPositionIiEEE
FNDA:8,_ZNK7Storage19getInfoAboutStorageB5cxx11Ev
FNDA:12,_ZN7Storage7isNoTopERK17ContainerPositionIiE
FNDA:10,_ZN7Storage13moveContainerENSt7__cxx1112basic_stringIcSt11char_traitsIcESaIcEEEiii
FNDA:0,_ZN7Storage5checkEv
FNDA:10,_ZN7Storage15rotateContainerENSt7__cxx1112basic_stringIcSt11char_traitsIcESaIcEEEi
FNDA:11493,_ZN7Storage10multitreadEP10IContaineriii
FNDA:232,_ZN7Storage13addContainerREP10IContainerii
FNDA:199,_ZN7Storage12addContainerB5cxx11EP10IContainer
FNDA:15,_ZN7Storage15removeContainerENSt7__cxx1112basic_stringIcSt11char_traitsIcESaIcEEE
FNDA:32,_ZN7StorageC2Eiiiid
FNDA:21,_ZNK7Storage7getInfoB5cxx11Ev
FNDA:12,_ZN7Storage9howContaiEP10IContainerRSt6vectorImSaImEEm
FNDA:2,_ZN7Storage12howContainerEP10IContainer
FNDA:201,_ZZN7StorageC4EiiiidENKUlRS_P10IContainer17ContainerPositionIiEE_clES0_S2_S4_
FNDA:12,_ZZN7Storage12howContainerEP10IContainerENKUliiE_clEii
FNDA:9,_ZNK7Storage17getListContainersB5cxx11Ev
FNDA:201,_ZN7Storage16checkTemperatureERS_P10IContainer17ContainerPositionIiE
FNDA:197,_ZZN7StorageC4EiiiidENKUlRS_P10IContainer17ContainerPositionIiEE0_clES0_S2_S4_
FNDA:197,_ZN7Storage13checkPressureERS_P10IContainer17ContainerPositionIiE
FNDA:410,_ZN7Storage15comparePositionERSt4pairI17ContainerPositionIiEP10IContainerES6_
FNDA:8,_ZN7Storage22comparePositionReverseERSt4pairI17ContainerPositionIiEP10IContainerES6_
FNDA:4,_ZN7StorageaSERKS_
FNDA:16,_ZN7StorageC2ERKS_
FNF:33
FNH:32
DA:13,32
DA:14,96
DA:15,96
DA:16,274
DA:17,178
DA:18,178
DA:20,96
DA:22,32
DA:27,2
DA:28,2
DA:29,2
DA:32,0
DA:33,0
DA:34,0
DA:35,0
DA:36,0
DA:38,0
DA:39,0
DA:40,0
DA:43,0
DA:44,0
DA:47,32
DA:48,32
DA:49,32
DA:50,32
DA:51,32
DA:52,32
DA:53,32
DA:54,32
DA:55,32
DA:56,201
DA:57,197
DA:58,32
DA:59,197
DA:60,182
DA:61,32
DA:64,410
DA:65,410
DA:69,8
DA:70,8
DA:74,4
DA:75,4
DA:76,4
DA:77,4
DA:78,4
DA:79,4
DA:80,4
DA:81,4
DA:82,4
DA:83,4
DA:84,24
DA:85,20
DA:87,4
DA:88,4
DA:89,4
DA:93,16
DA:94,16
DA:95,16
DA:96,16
DA:97,16
DA:98,40
DA:99,24
DA:101,16
DA:102,16
DA:105,6
DA:106,6
DA:107,2
DA:109,4
DA:110,4
DA:111,4
DA:112,24
DA:113,20
DA:115,24
DA:116,20
DA:118,4
DA:119,4
DA:120,4
DA:125,11701
DA:126,11701
DA:128,11701
DA:129,11701
DA:130,11701
DA:133,11701
DA:134,11701
DA:135,11701
DA:138,11701
DA:139,11701
DA:140,11701
DA:143,11701
DA:144,11701
DA:145,11701
DA:148,11701
DA:149,11701
DA:150,11701
DA:153,11701
DA:154,11701
DA:155,11701
DA:158,11701
DA:159,11701
DA:160,11701
DA:163,11701
DA:164,11701
DA:165,11701
DA:166,11701
DA:170,111
DA:171,111
DA:172,111
DA:173,111
DA:174,111
DA:175,111
DA:176,111
DA:177,111
DA:178,111
DA:179,111
DA:180,111
DA:181,689
DA:182,578
DA:184,997
DA:185,1254
DA:186,257
DA:187,254
DA:188,254
DA:191,111
DA:192,222
DA:193,111
DA:196,13
DA:197,13
DA:198,13
DA:199,13
DA:200,13
DA:201,13
DA:202,13
DA:203,13
DA:204,13
DA:205,13
DA:206,13
DA:207,112
DA:208,99
DA:210,189
DA:211,231
DA:212,42
DA:213,17
DA:214,17
DA:217,13
DA:218,26
DA:219,13
DA:223,54
DA:224,54
DA:225,104
DA:226,50
DA:227,50
DA:230,54
DA:234,109
DA:235,109
DA:236,109
DA:237,109
DA:238,109
DA:239,109
DA:241,119
DA:242,113
DA:243,103
DA:245,113
DA:246,5
DA:248,108
DA:249,92
DA:251,108
DA:252,80
DA:254,108
DA:255,98
DA:258,6
DA:261,210
DA:262,210
DA:263,2
DA:265,208
DA:266,208
DA:267,208
DA:268,7
DA:270,201
DA:271,189
DA:272,189
DA:273,189
DA:278,8
DA:279,16
DA:280,24
DA:281,8
DA:286,12
DA:287,12
DA:288,12
DA:289,12
DA:290,12
DA:291,12
DA:292,12
DA:293,12
DA:294,12
DA:295,12
DA:297,44
DA:298,36
DA:299,60
DA:300,76
DA:301,16
DA:302,4
DA:306,8
DA:307,12
DA:311,10
DA:312,10
DA:313,2
DA:315,8
DA:316,8
DA:317,2
DA:319,6
DA:320,14
DA:321,14
DA:322,6
DA:323,6
DA:324,6
DA:325,6
DA:328,6
DA:329,2
DA:330,2
DA:331,2
DA:334,4
DA:335,2
DA:336,2
DA:337,2
DA:338,2
DA:339,2
DA:340,2
DA:341,2
DA:345,10
DA:346,10
DA:347,10
DA:348,2
DA:350,8
DA:351,10
DA:352,10
DA:353,8
DA:354,8
DA:355,8
DA:356,8
DA:359,8
DA:360,8
DA:361,2
DA:362,2
DA:363,2
DA:365,6
DA:366,6
DA:367,2
DA:368,2
DA:369,2
DA:371,4
DA:372,4
DA:373,4
DA:374,4
DA:376,4
DA:377,2
DA:378,2
DA:379,2
DA:380,2
DA:381,2
DA:382,2
DA:383,2
DA:384,2
DA:385,2
DA:388,11493
DA:389,11493
DA:390,11493
DA:391,11493
DA:392,11493
DA:393,11493
DA:394,11493
DA:395,11301
DA:397,192
DA:398,185
DA:399,185
DA:400,185
DA:401,185
DA:402,185
DA:403,185
DA:405,0
DA:406,0
DA:407,0
DA:409,11493
DA:411,232
DA:412,232
DA:413,668
DA:414,6228
DA:415,17100
DA:417,11526
DA:418,33
DA:420,11493
DA:421,185
DA:422,11308
DA:423,11308
DA:427,14
DA:428,232
DA:430,199
DA:431,199
DA:432,431
DA:433,232
DA:434,232
DA:436,431
DA:437,232
DA:439,199
DA:440,28
DA:442,185
DA:443,185
DA:445,199
DA:448,15
DA:449,15
DA:450,15
DA:451,15
DA:452,2
DA:454,13
DA:455,13
DA:457,2
DA:460,11
DA:461,11
DA:462,11
DA:468,28
DA:469,17
DA:470,17
DA:476,11
DA:477,26
DA:478,17
DA:479,17
DA:482,17
DA:483,2
DA:484,2
DA:485,0
DA:487,2
DA:488,4
DA:489,2
DA:491,2
DA:496,15
DA:500,17
DA:502,24
DA:503,15
DA:505,9
DA:506,13
DA:507,13
DA:510,21
DA:511,21
DA:512,21
DA:513,21
DA:514,0
DA:516,161
DA:517,140
DA:518,280
DA:519,560
DA:520,420
DA:523,21
DA:524,21
DA:527,12
DA:528,12
DA:529,12
DA:530,12
DA:533,180
DA:534,168
DA:535,168
DA:536,168
DA:538,12
DA:539,12
DA:542,12
DA:543,12
DA:546,2
DA:547,2
DA:548,2
DA:549,14
DA:550,12
DA:552,14
DA:553,12
DA:555,16
DA:556,2
DA:559,9
DA:560,9
DA:561,9
DA:562,9
DA:563,0
DA:565,83
DA:566,74
DA:568,18
DA:569,9
DA:572,201
DA:573,201
DA:574,205
DA:575,4
DA:577,4
DA:579,197
DA:582,197
DA:583,197
DA:584,111
DA:585,111
DA:586,2
DA:588,109
DA:589,11
DA:591,338
DA:592,242
DA:593,242
DA:594,2
DA:597,111
DA:598,182
LF:401
LH:385
end_of_record
TN:
SF:/mnt/c/л3/Lab3OOP/Storage/Storage.hpp
FN:40,43,_ZN7StorageD2Ev
FNDA:0,_ZN7StorageD2Ev
FNF:1
FNH:0
DA:40,0
DA:41,0
DA:42,0
DA:43,0
LF:4
LH:0
end_of_record
