TN:
SF:/mnt/c/л3/Lab3OOP/Octree/ContainerPosition.hpp
FN:12,12,_ZN17ContainerPositionIiEC2Ev
FN:18,23,_ZNK17ContainerPositionIiEeqERKS0_
FNDA:33,_ZN17ContainerPositionIiEC2Ev
FNDA:12,_ZNK17ContainerPositionIiEeqERKS0_
FNF:2
FNH:2
DA:12,33
DA:18,12
DA:19,32
DA:20,30
DA:21,30
DA:22,32
LF:6
LH:6
end_of_record
TN:
SF:/mnt/c/л3/Lab3OOP/Octree/Octree.hpp
FN:114,118,_ZN6OctreeIiP10IContainer17ContainerPositionIiEE8iteratorC2EPNS4_4NodeE
FN:120,122,_ZN6OctreeIiP10IContainer17ContainerPositionIiEE8iteratordeEv
FN:125,135,_ZN6OctreeIiP10IContainer17ContainerPositionIiEE8iteratorppEv
FN:138,140,_ZNK6OctreeIiP10IContainer17ContainerPositionIiEE8iteratorneERKS5_
FN:147,151,_ZN6OctreeIiP10IContainer17ContainerPositionIiEEC2ER11BoundingBoxIiEi
FN:154,156,_ZN6OctreeIiP10IContainer17ContainerPositionIiEED2Ev
FN:164,166,_ZN6OctreeIiP10IContainer17ContainerPositionIiEE5beginEv
FN:168,170,_ZN6OctreeIiP10IContainer17ContainerPositionIiEE3endEv
FN:173,182,_ZN6OctreeIiP10IContainer17ContainerPositionIiEE6insertES1_RS3_PNS4_4NodeE
FN:185,265,_ZN6OctreeIiP10IContainer17ContainerPositionIiEE5splitEPNS4_4NodeE
FN:268,271,_ZN6OctreeIiP10IContainer17ContainerPositionIiEE5CloneEv
FN:275,283,_ZN6OctreeIiP10IContainer17ContainerPositionIiEE6removeENSt7__cxx1112basic_stringIcSt11char_traitsIcESaIcEEE
FN:286,290,_ZN6OctreeIiP10IContainer17ContainerPositionIiEE6searchENSt7__cxx1112basic_stringIcSt11char_traitsIcESaIcEEE
FN:293,297,_ZN6OctreeIiP10IContainer17ContainerPositionIiEE5findIENSt7__cxx1112basic_stringIcSt11char_traitsIcESaIcEEE
FN:300,304,_ZN6OctreeIiP10IContainer17ContainerPositionIiEE11searchDepthEv
FN:307,313,_ZN6OctreeIiP10IContainer17ContainerPositionIiEE12SearchInsertES1_S3_
FN:321,324,_ZN6OctreeIiP10IContainer17ContainerPositionIiEE7getMinXERS3_
FN:327,330,_ZN6OctreeIiP10IContainer17ContainerPositionIiEE7getMaxXERS3_
FN:333,336,_ZN6OctreeIiP10IContainer17ContainerPositionIiEE7getMinYERS3_
FN:339,342,_ZN6OctreeIiP10IContainer17ContainerPositionIiEE7getMaxYERS3_
FN:345,348,_ZN6OctreeIiP10IContainer17ContainerPositionIiEE7getMinZERS3_
FN:351,354,_ZN6OctreeIiP10IContainer17ContainerPositionIiEE7getMaxZERS3_
FN:357,360,_ZN6OctreeIiP10IContainer17ContainerPositionIiEE7getMinXERKS3_
FN:362,365,_ZN6OctreeIiP10IContainer17ContainerPositionIiEE7getMaxXERKS3_
FN:368,371,_ZN6OctreeIiP10IContainer17ContainerPositionIiEE7getMinYERKS3_
FN:374,377,_ZN6OctreeIiP10IContainer17ContainerPositionIiEE7getMaxYERKS3_
FN:381,384,_ZN6OctreeIiP10IContainer17ContainerPositionIiEE7getMinZERKS3_
FN:387,390,_ZN6OctreeIiP10IContainer17ContainerPositionIiEE7getMaxZERKS3_
FN:393,403,_ZN6OctreeIiP10IContainer17ContainerPositionIiEE16pointincontainerER5PointIiERS3_
FN:409,419,_ZN6OctreeIiP10IContainer17ContainerPositionIiEE14searchUnderOctEPNS4_4NodeERSt6vectorISt4pairIS3_S1_ESaIS9_EE
FN:422,439,_ZN6OctreeIiP10IContainer17ContainerPositionIiEE5findIENSt7__cxx1112basic_stringIcSt11char_traitsIcESaIcEEEPNS4_4NodeEPSt4pairIS3_S1_E
FN:442,452,_ZN6OctreeIiP10IContainer17ContainerPositionIiEE11searchDepthEPNS4_4NodeERSt6vectorISt4pairIS3_S1_ESaIS9_EE
FN:455,488,_ZN6OctreeIiP10IContainer17ContainerPositionIiEE12SearchInsertES1_S3_PNS4_4NodeEPS6_RSt6vectorISt4pairIS3_S1_ESaISA_EERb
FN:491,508,_ZN6OctreeIiP10IContainer17ContainerPositionIiEE7searchRENSt7__cxx1112basic_stringIcSt11char_traitsIcESaIcEEEPNS4_4NodeEPSC_
FN:511,534,_ZN6OctreeIiP10IContainer17ContainerPositionIiEE7removeRENSt7__cxx1112basic_stringIcSt11char_traitsIcESaIcEEEPNS4_4NodeERb
FN:537,558,_ZNK6OctreeIiP10IContainer17ContainerPositionIiEE13ContainEntityES3_S3_
FN:55,55,_ZN11BoundingBoxIiEC2ERK5PointIiES4_
FN:561,568,_ZNK6OctreeIiP10IContainer17ContainerPositionIiEE14checkCollisionES1_S3_St6vectorISt4pairIS3_S1_ESaIS7_EE
FN:57,59,_ZNK11BoundingBoxIiE8containsER5PointIiE
FN:582,584,_ZNK6OctreeIiP10IContainer17ContainerPositionIiEE6numberB5cxx11ERK5PointIiE
FN:80,80,_ZN6OctreeIiP10IContainer17ContainerPositionIiEE4NodeC2ER11BoundingBoxIiEi
FN:81,88,_ZN6OctreeIiP10IContainer17ContainerPositionIiEE4NodeD2Ev
FN:90,92,_ZNK6OctreeIiP10IContainer17ContainerPositionIiEE4Node6isLeafEv
FNDA:0,_ZN6OctreeIiP10IContainer17ContainerPositionIiEE8iteratorC2EPNS4_4NodeE
FNDA:0,_ZN6OctreeIiP10IContainer17ContainerPositionIiEE8iteratordeEv
FNDA:0,_ZN6OctreeIiP10IContainer17ContainerPositionIiEE8iteratorppEv
FNDA:0,_ZNK6OctreeIiP10IContainer17ContainerPositionIiEE8iteratorneERKS5_
FNDA:8,_ZN6OctreeIiP10IContainer17ContainerPositionIiEEC2ER11BoundingBoxIiEi
FNDA:0,_ZN6OctreeIiP10IContainer17ContainerPositionIiEED2Ev
FNDA:0,_ZN6OctreeIiP10IContainer17ContainerPositionIiEE5beginEv
FNDA:0,_ZN6OctreeIiP10IContainer17ContainerPositionIiEE3endEv
FNDA:27,_ZN6OctreeIiP10IContainer17ContainerPositionIiEE6insertES1_RS3_PNS4_4NodeE
FNDA:8,_ZN6OctreeIiP10IContainer17ContainerPositionIiEE5splitEPNS4_4NodeE
FNDA:3,_ZN6OctreeIiP10IContainer17ContainerPositionIiEE5CloneEv
FNDA:0,_ZN6OctreeIiP10IContainer17ContainerPositionIiEE6removeENSt7__cxx1112basic_stringIcSt11char_traitsIcESaIcEEE
FNDA:0,_ZN6OctreeIiP10IContainer17ContainerPositionIiEE6searchENSt7__cxx1112basic_stringIcSt11char_traitsIcESaIcEEE
FNDA:0,_ZN6OctreeIiP10IContainer17ContainerPositionIiEE5findIENSt7__cxx1112basic_stringIcSt11char_traitsIcESaIcEEE
FNDA:21,_ZN6OctreeIiP10IContainer17ContainerPositionIiEE11searchDepthEv
FNDA:33,_ZN6OctreeIiP10IContainer17ContainerPositionIiEE12SearchInsertES1_S3_
FNDA:231,_ZN6OctreeIiP10IContainer17ContainerPositionIiEE7getMinXERS3_
FNDA:231,_ZN6OctreeIiP10IContainer17ContainerPositionIiEE7getMaxXERS3_
FNDA:257,_ZN6OctreeIiP10IContainer17ContainerPositionIiEE7getMinYERS3_
FNDA:257,_ZN6OctreeIiP10IContainer17ContainerPositionIiEE7getMaxYERS3_
FNDA:218,_ZN6OctreeIiP10IContainer17ContainerPositionIiEE7getMinZERS3_
FNDA:204,_ZN6OctreeIiP10IContainer17ContainerPositionIiEE7getMaxZERS3_
FNDA:34,_ZN6OctreeIiP10IContainer17ContainerPositionIiEE7getMinXERKS3_
FNDA:18,_ZN6OctreeIiP10IContainer17ContainerPositionIiEE7getMaxXERKS3_
FNDA:18,_ZN6OctreeIiP10IContainer17ContainerPositionIiEE7getMinYERKS3_
FNDA:18,_ZN6OctreeIiP10IContainer17ContainerPositionIiEE7getMaxYERKS3_
FNDA:0,_ZN6OctreeIiP10IContainer17ContainerPositionIiEE7getMinZERKS3_
FNDA:18,_ZN6OctreeIiP10IContainer17ContainerPositionIiEE7getMaxZERKS3_
FNDA:36,_ZN6OctreeIiP10IContainer17ContainerPositionIiEE16pointincontainerER5PointIiERS3_
FNDA:416,_ZN6OctreeIiP10IContainer17ContainerPositionIiEE14searchUnderOctEPNS4_4NodeERSt6vectorISt4pairIS3_S1_ESaIS9_EE
FNDA:0,_ZN6OctreeIiP10IContainer17ContainerPositionIiEE5findIENSt7__cxx1112basic_stringIcSt11char_traitsIcESaIcEEEPNS4_4NodeEPSt4pairIS3_S1_E
FNDA:1341,_ZN6OctreeIiP10IContainer17ContainerPositionIiEE11searchDepthEPNS4_4NodeERSt6vectorISt4pairIS3_S1_ESaIS9_EE
FNDA:153,_ZN6OctreeIiP10IContainer17ContainerPositionIiEE12SearchInsertES1_S3_PNS4_4NodeEPS6_RSt6vectorISt4pairIS3_S1_ESaISA_EERb
FNDA:0,_ZN6OctreeIiP10IContainer17ContainerPositionIiEE7searchRENSt7__cxx1112basic_stringIcSt11char_traitsIcESaIcEEEPNS4_4NodeEPSC_
FNDA:0,_ZN6OctreeIiP10IContainer17ContainerPositionIiEE7removeRENSt7__cxx1112basic_stringIcSt11char_traitsIcESaIcEEEPNS4_4NodeERb
FNDA:84,_ZNK6OctreeIiP10IContainer17ContainerPositionIiEE13ContainEntityES3_S3_
FNDA:69,_ZN11BoundingBoxIiEC2ERK5PointIiES4_
FNDA:32,_ZNK6OctreeIiP10IContainer17ContainerPositionIiEE14checkCollisionES1_S3_St6vectorISt4pairIS3_S1_ESaIS7_EE
FNDA:559,_ZNK11BoundingBoxIiE8containsER5PointIiE
FNDA:0,_ZNK6OctreeIiP10IContainer17ContainerPositionIiEE6numberB5cxx11ERK5PointIiE
FNDA:72,_ZN6OctreeIiP10IContainer17ContainerPositionIiEE4NodeC2ER11BoundingBoxIiEi
FNDA:0,_ZN6OctreeIiP10IContainer17ContainerPositionIiEE4NodeD2Ev
FNDA:72,_ZNK6OctreeIiP10IContainer17ContainerPositionIiEE4Node6isLeafEv
FNF:43
FNH:27
DA:55,69
DA:57,559
DA:58,559
DA:80,72
DA:81,0
DA:82,0
DA:83,0
DA:85,0
DA:86,0
DA:88,0
DA:90,72
DA:91,72
DA:114,0
DA:115,0
DA:116,0
DA:118,0
DA:120,0
DA:121,0
DA:125,0
DA:126,0
DA:127,0
DA:128,0
DA:129,0
DA:130,0
DA:131,0
DA:134,0
DA:138,0
DA:139,0
DA:147,8
DA:148,8
DA:149,8
DA:151,8
DA:154,0
DA:155,0
DA:156,0
DA:164,0
DA:165,0
DA:168,0
DA:169,0
DA:173,27
DA:174,27
DA:175,0
DA:177,27
DA:178,27
DA:179,8
DA:181,27
DA:185,8
DA:186,8
DA:187,8
DA:189,8
DA:190,8
DA:191,8
DA:193,8
DA:194,8
DA:195,8
DA:196,8
DA:197,8
DA:200,8
DA:201,8
DA:202,8
DA:203,8
DA:204,8
DA:207,8
DA:208,8
DA:209,8
DA:210,8
DA:211,8
DA:214,8
DA:215,8
DA:216,8
DA:217,8
DA:218,8
DA:221,8
DA:222,8
DA:223,8
DA:224,8
DA:225,8
DA:228,8
DA:229,8
DA:230,8
DA:231,8
DA:232,8
DA:235,8
DA:236,8
DA:237,8
DA:238,8
DA:239,8
DA:242,8
DA:243,8
DA:244,8
DA:245,8
DA:246,8
DA:249,18
DA:250,16
DA:251,26
DA:252,20
DA:253,20
DA:254,20
DA:255,20
DA:256,20
DA:257,36
DA:258,10
DA:259,10
DA:260,10
DA:261,10
DA:265,8
DA:268,3
DA:269,3
DA:270,3
DA:275,0
DA:276,0
DA:277,0
DA:278,0
DA:279,0
DA:281,0
DA:282,0
DA:286,0
DA:287,0
DA:288,0
DA:289,0
DA:293,0
DA:294,0
DA:295,0
DA:296,0
DA:300,21
DA:301,21
DA:302,21
DA:303,21
DA:304,0
DA:307,33
DA:308,33
DA:309,33
DA:310,33
DA:311,33
DA:312,33
DA:313,33
DA:321,231
DA:323,231
DA:327,231
DA:329,231
DA:333,257
DA:335,257
DA:339,257
DA:341,257
DA:345,218
DA:347,218
DA:351,204
DA:353,204
DA:357,34
DA:359,34
DA:362,18
DA:364,18
DA:368,18
DA:370,18
DA:374,18
DA:376,18
DA:381,0
DA:383,0
DA:387,18
DA:389,18
DA:393,36
DA:396,36
DA:397,36
DA:398,36
DA:399,36
DA:400,36
DA:401,36
DA:402,36
DA:409,416
DA:410,416
DA:411,368
DA:413,48
DA:414,21
DA:416,432
DA:417,384
DA:422,0
DA:423,0
DA:424,0
DA:426,0
DA:427,0
DA:428,0
DA:429,0
DA:430,0
DA:434,0
DA:435,0
DA:436,0
DA:442,1341
DA:443,1341
DA:444,1176
DA:446,165
DA:447,28
DA:449,1485
DA:450,1320
DA:455,153
DA:456,153
DA:457,0
DA:459,201
DA:460,47
DA:461,45
DA:462,201
DA:463,108
DA:465,45
DA:466,21
DA:468,45
DA:469,135
DA:470,120
DA:473,45
DA:475,32
DA:477,32
DA:478,32
DA:479,32
DA:481,0
DA:482,0
DA:484,13
DA:485,13
DA:487,0
DA:491,0
DA:492,0
DA:493,0
DA:495,0
DA:496,0
DA:497,0
DA:498,0
DA:499,0
DA:503,0
DA:504,0
DA:505,0
DA:511,0
DA:512,0
DA:513,0
DA:515,0
DA:516,0
DA:518,0
DA:519,0
DA:520,0
DA:521,0
DA:522,0
DA:523,0
DA:524,0
DA:528,0
DA:529,0
DA:530,0
DA:537,84
DA:539,84
DA:540,84
DA:541,84
DA:542,84
DA:543,84
DA:544,84
DA:547,84
DA:548,84
DA:549,84
DA:550,84
DA:551,84
DA:552,84
DA:555,52
DA:556,172
DA:557,120
DA:561,32
DA:562,116
DA:563,84
DA:564,0
DA:567,32
DA:582,0
DA:583,0
LF:265
LH:173
end_of_record
TN:
SF:/mnt/c/л3/Lab3OOP/Octree/Point.hpp
FN:17,17,_ZN5PointIiEC2Eiii
FN:18,18,_ZN5PointIiEC2Ev
FN:9,11,_ZNK5PointIiEeqERKS0_
FNDA:161,_ZN5PointIiEC2Eiii
FNDA:264,_ZN5PointIiEC2Ev
FNDA:82,_ZNK5PointIiEeqERKS0_
FNF:3
FNH:3
DA:9,82
DA:10,82
DA:17,161
DA:18,264
LF:4
LH:4
end_of_record
TN:
SF:/mnt/c/л3/Lab3OOP/Storage/Storage.cpp
FN:109,151,_ZN7Storage26calculateContainerPositionEiiiiii
FN:13,24,_ZN7Storage14calculateDepthEv
FN:14,21,_ZZN7Storage14calculateDepthEvENKUliE_clEi
FN:154,177,_ZN7Storage20searchUnderContainerER17ContainerPositionIiE
FN:180,203,_ZN7Storage20searchUpperContainerER17ContainerPositionIiE
FN:207,215,_ZN7Storage13calculatemassESt6vectorISt4pairI17ContainerPositionIiEP10IContainerESaIS6_EEm
FN:218,243,_ZN7Storage12checkSupportER17ContainerPositionIiESt6vectorISt4pairIS1_P10IContainerESaIS7_EE
FN:245,277,_ZN7Storage12addContainerEP10IContaineriii
FN:27,39,_ZN7Storage5checkEv
FN:282,286,_ZNK7Storage19getInfoAboutStorageB5cxx11Ev
FN:290,311,_ZN7Storage7isNoTopERK17ContainerPositionIiE
FN:315,345,_ZN7Storage13moveContainerENSt7__cxx1112basic_stringIcSt11char_traitsIcESaIcEEEiii
FN:349,389,_ZN7Storage15rotateContainerENSt7__cxx1112basic_stringIcSt11char_traitsIcESaIcEEEi
FN:392,441,_ZN7Storage10multitreadEP10IContaineriii
FN:42,50,_ZN7StorageC2Eiiiid
FN:443,460,_ZN7Storage13addContainerREP10IContainerii
FN:462,477,_ZN7Storage12addContainerB5cxx11EP10IContainer
FN:480,509,_ZN7Storage15removeContainerENSt7__cxx1112basic_stringIcSt11char_traitsIcESaIcEEE
FN:512,526,_ZNK7Storage7getInfoB5cxx11Ev
FN:529,550,_ZN7Storage9howContaiEP10IContainerRSt6vectorImSaImEEm
FN:53,55,_ZN7Storage15comparePositionERSt4pairI17ContainerPositionIiEP10IContainerES6_
FN:553,563,_ZN7Storage12howContainerEP10IContainer
FN:562,562,_ZZN7Storage12howContainerEP10IContainerENKUliiE_clEii
FN:566,576,_ZNK7Storage17getListContainersB5cxx11Ev
FN:58,60,_ZN7Storage22comparePositionReverseERSt4pairI17ContainerPositionIiEP10IContainerES6_
FN:63,78,_ZN7StorageaSERKS_
FN:81,89,_ZN7StorageC2ERKS_
FN:92,104,_ZN7Storage7getSizeEiii
FNDA:33,_ZN7Storage26calculateContainerPositionEiiiiii
FNDA:5,_ZN7Storage14calculateDepthEv
FNDA:15,_ZZN7Storage14calculateDepthEvENKUliE_clEi
FNDA:14,_ZN7Storage20searchUnderContainerER17ContainerPositionIiE
FNDA:0,_ZN7Storage20searchUpperContainerER17ContainerPositionIiE
FNDA:11,_ZN7Storage13calculatemassESt6vectorISt4pairI17ContainerPositionIiEP10IContainerESaIS6_EEm
FNDA:13,_ZN7Storage12checkSupportER17ContainerPositionIiESt6vectorISt4pairIS1_P10IContainerESaIS7_EE
FNDA:33,_ZN7Storage12addContainerEP10IContaineriii
FNDA:0,_ZN7Storage5checkEv
FNDA:4,_ZNK7Storage19getInfoAboutStorageB5cxx11Ev
FNDA:0,_ZN7Storage7isNoTopERK17ContainerPositionIiE
FNDA:0,_ZN7Storage13moveContainerENSt7__cxx1112basic_stringIcSt11char_traitsIcESaIcEEEiii
FNDA:0,_ZN7Storage15rotateContainerENSt7__cxx1112basic_stringIcSt11char_traitsIcESaIcEEEi
FNDA:1,_ZN7Storage10multitreadEP10IContaineriii
FNDA:5,_ZN7StorageC2Eiiiid
FNDA:6,_ZN7Storage13addContainerREP10IContainerii
FNDA:1,_ZN7Storage12addContainerB5cxx11EP10IContainer
FNDA:0,_ZN7Storage15removeContainerENSt7__cxx1112basic_stringIcSt11char_traitsIcESaIcEEE
FNDA:3,_ZNK7Storage7getInfoB5cxx11Ev
FNDA:0,_ZN7Storage9howContaiEP10IContainerRSt6vectorImSaImEEm
FNDA:36,_ZN7Storage15comparePositionERSt4pairI17ContainerPositionIiEP10IContainerES6_
FNDA:0,_ZN7Storage12howContainerEP10IContainer
FNDA:0,_ZZN7Storage12howContainerEP10IContainerENKUliiE_clEii
FNDA:0,_ZNK7Storage17getListContainersB5cxx11Ev
FNDA:0,_ZN7Storage22comparePositionReverseERSt4pairI17ContainerPositionIiEP10IContainerES6_
FNDA:1,_ZN7StorageaSERKS_
FNDA:2,_ZN7StorageC2ERKS_
FNDA:2,_ZN7Storage7getSizeEiii
FNF:28
FNH:17
DA:13,5
DA:14,15
DA:15,15
DA:16,43
DA:17,28
DA:18,28
DA:20,15
DA:22,5
DA:27,0
DA:28,0
DA:29,0
DA:30,0
DA:31,0
DA:33,0
DA:34,0
DA:35,0
DA:38,0
DA:39,0
DA:42,5
DA:43,5
DA:44,5
DA:45,5
DA:46,5
DA:47,5
DA:48,5
DA:49,5
DA:50,5
DA:53,36
DA:54,36
DA:58,0
DA:59,0
DA:63,1
DA:64,1
DA:65,1
DA:66,1
DA:67,1
DA:68,1
DA:69,1
DA:70,1
DA:71,1
DA:72,1
DA:73,6
DA:74,5
DA:76,1
DA:77,1
DA:81,2
DA:82,2
DA:83,2
DA:84,2
DA:85,2
DA:86,8
DA:87,6
DA:89,2
DA:92,2
DA:93,2
DA:94,1
DA:96,1
DA:97,1
DA:98,1
DA:99,6
DA:100,5
DA:102,1
DA:103,1
DA:104,1
DA:109,33
DA:110,33
DA:112,33
DA:113,33
DA:114,33
DA:117,33
DA:118,33
DA:119,33
DA:122,33
DA:123,33
DA:124,33
DA:127,33
DA:128,33
DA:129,33
DA:132,33
DA:133,33
DA:134,33
DA:137,33
DA:138,33
DA:139,33
DA:142,33
DA:143,33
DA:144,33
DA:147,33
DA:148,33
DA:149,33
DA:150,33
DA:154,14
DA:155,14
DA:156,14
DA:157,14
DA:158,14
DA:159,14
DA:160,14
DA:161,14
DA:162,14
DA:163,14
DA:164,14
DA:165,48
DA:166,34
DA:168,52
DA:169,70
DA:170,18
DA:171,18
DA:172,18
DA:175,14
DA:176,28
DA:177,14
DA:180,0
DA:181,0
DA:182,0
DA:183,0
DA:184,0
DA:185,0
DA:186,0
DA:187,0
DA:188,0
DA:189,0
DA:190,0
DA:191,0
DA:192,0
DA:194,0
DA:195,0
DA:196,0
DA:197,0
DA:198,0
DA:201,0
DA:202,0
DA:203,0
DA:207,11
DA:208,11
DA:209,16
DA:210,5
DA:211,5
DA:214,11
DA:218,13
DA:219,13
DA:220,13
DA:221,13
DA:222,13
DA:223,13
DA:225,14
DA:226,13
DA:227,12
DA:229,13
DA:230,1
DA:232,12
DA:233,11
DA:235,12
DA:236,11
DA:238,12
DA:239,11
DA:242,1
DA:245,33
DA:246,33
DA:247,1
DA:249,32
DA:250,32
DA:251,32
DA:252,1
DA:254,31
DA:255,32
DA:256,1
DA:258,1
DA:260,30
DA:261,14
DA:262,14
DA:263,1
DA:265,13
DA:266,2
DA:268,26
DA:269,16
DA:270,16
DA:271,1
DA:274,14
DA:275,26
DA:276,26
DA:277,26
DA:282,4
DA:283,8
DA:284,12
DA:285,4
DA:290,0
DA:291,0
DA:292,0
DA:293,0
DA:294,0
DA:295,0
DA:296,0
DA:297,0
DA:298,0
DA:299,0
DA:301,0
DA:302,0
DA:303,0
DA:304,0
DA:305,0
DA:306,0
DA:310,0
DA:311,0
DA:315,0
DA:316,0
DA:317,0
DA:319,0
DA:320,0
DA:321,0
DA:323,0
DA:324,0
DA:325,0
DA:326,0
DA:327,0
DA:328,0
DA:329,0
DA:332,0
DA:333,0
DA:334,0
DA:335,0
DA:338,0
DA:339,0
DA:340,0
DA:341,0
DA:342,0
DA:343,0
DA:344,0
DA:345,0
DA:349,0
DA:350,0
DA:351,0
DA:352,0
DA:354,0
DA:355,0
DA:356,0
DA:357,0
DA:358,0
DA:359,0
DA:360,0
DA:363,0
DA:364,0
DA:365,0
DA:366,0
DA:367,0
DA:369,0
DA:370,0
DA:371,0
DA:372,0
DA:373,0
DA:375,0
DA:376,0
DA:377,0
DA:378,0
DA:380,0
DA:381,0
DA:382,0
DA:383,0
DA:384,0
DA:385,0
DA:386,0
DA:387,0
DA:388,0
DA:389,0
DA:392,1
DA:393,1
DA:394,1
DA:395,0
DA:397,1
DA:398,1
DA:399,1
DA:400,1
DA:401,1
DA:402,0
DA:404,1
DA:405,1
DA:406,0
DA:408,0
DA:410,1
DA:411,0
DA:412,0
DA:413,0
DA:415,0
DA:416,0
DA:417,0
DA:419,0
DA:420,0
DA:421,0
DA:422,0
DA:423,0
DA:426,0
DA:427,0
DA:429,0
DA:430,1
DA:431,1
DA:432,1
DA:433,1
DA:434,1
DA:435,1
DA:437,0
DA:438,0
DA:439,0
DA:441,1
DA:443,6
DA:444,6
DA:445,6
DA:446,6
DA:447,6
DA:449,6
DA:450,5
DA:452,1
DA:453,1
DA:454,0
DA:455,0
DA:459,0
DA:460,6
DA:462,1
DA:463,1
DA:464,7
DA:465,6
DA:466,6
DA:468,7
DA:469,6
DA:471,1
DA:472,0
DA:474,1
DA:475,1
DA:477,1
DA:480,0
DA:481,0
DA:482,0
DA:483,0
DA:484,0
DA:486,0
DA:487,0
DA:488,0
DA:490,0
DA:491,0
DA:492,0
DA:493,0
DA:496,0
DA:497,0
DA:498,0
DA:499,0
DA:500,0
DA:501,0
DA:502,0
DA:503,0
DA:504,0
DA:506,0
DA:507,0
DA:509,0
DA:512,3
DA:513,3
DA:514,3
DA:515,3
DA:516,0
DA:518,18
DA:519,15
DA:520,30
DA:521,60
DA:522,45
DA:525,3
DA:526,3
DA:529,0
DA:530,0
DA:531,0
DA:532,0
DA:536,0
DA:537,0
DA:538,0
DA:539,0
DA:541,0
DA:542,0
DA:544,0
DA:545,0
DA:546,0
DA:547,0
DA:548,0
DA:550,0
DA:553,0
DA:554,0
DA:555,0
DA:556,0
DA:557,0
DA:559,0
DA:560,0
DA:562,0
DA:563,0
DA:566,0
DA:567,0
DA:568,0
DA:569,0
DA:570,0
DA:572,0
DA:573,0
DA:575,0
DA:576,0
LF:398
LH:203
end_of_record
TN:
SF:/mnt/c/л3/Lab3OOP/Storage/Storage.hpp
FN:34,37,_ZN7StorageD2Ev
FNDA:0,_ZN7StorageD2Ev
FNF:1
FNH:0
DA:34,0
DA:35,0
DA:36,0
DA:37,0
LF:4
LH:0
end_of_record
