TN:
SF:/mnt/c/л3/Lab3OOP/Checker/Checker.hpp
FN:25,25,_ZN7CheckerIiEC2Ev
FN:27,28,_ZN7CheckerIiEC2ERKS0_
FN:30,32,_ZN7CheckerIiE16addCheckFunctionESt8functionIFvR7StorageP10IContainer17ContainerPositionIiEEE
FN:43,47,_ZNK7CheckerIiE11applyChecksER7StorageP10IContainer17ContainerPositionIiE
FNDA:25,_ZN7CheckerIiEC2Ev
FNDA:10,_ZN7CheckerIiEC2ERKS0_
FNDA:35,_ZN7CheckerIiE16addCheckFunctionESt8functionIFvR7StorageP10IContainer17ContainerPositionIiEEE
FNDA:223,_ZNK7CheckerIiE11applyChecksER7StorageP10IContainer17ContainerPositionIiE
FNF:4
FNH:4
DA:25,25
DA:27,10
DA:28,10
DA:30,35
DA:31,35
DA:32,35
DA:43,223
DA:44,466
DA:45,252
DA:47,214
LF:10
LH:10
end_of_record
TN:
SF:/mnt/c/л3/Lab3OOP/Octree/ContainerPosition.hpp
FN:12,12,_ZN17ContainerPositionIiEC2Ev
FN:18,23,_ZNK17ContainerPositionIiEeqERKS0_
FNDA:9272,_ZN17ContainerPositionIiEC2Ev
FNDA:149,_ZNK17ContainerPositionIiEeqERKS0_
FNF:2
FNH:2
DA:12,9272
DA:18,149
DA:19,299
DA:20,225
DA:21,225
DA:22,299
LF:6
LH:6
end_of_record
TN:
SF:/mnt/c/л3/Lab3OOP/Octree/Octree.hpp
FN:115,119,_ZN6OctreeIiP10IContainer17ContainerPositionIiEE8iteratorC2EPNS4_4NodeE
FN:121,123,_ZN6OctreeIiP10IContainer17ContainerPositionIiEE8iteratordeEv
FN:126,136,_ZN6OctreeIiP10IContainer17ContainerPositionIiEE8iteratorppEv
FN:139,141,_ZNK6OctreeIiP10IContainer17ContainerPositionIiEE8iteratorneERKS5_
FN:148,151,_ZN6OctreeIiP10IContainer17ContainerPositionIiEEC2ER11BoundingBoxIiEi
FN:154,156,_ZN6OctreeIiP10IContainer17ContainerPositionIiEED2Ev
FN:164,166,_ZN6OctreeIiP10IContainer17ContainerPositionIiEE5beginEv
FN:168,170,_ZN6OctreeIiP10IContainer17ContainerPositionIiEE3endEv
FN:173,182,_ZN6OctreeIiP10IContainer17ContainerPositionIiEE6insertES1_RS3_PNS4_4NodeE
FN:185,265,_ZN6OctreeIiP10IContainer17ContainerPositionIiEE5splitEPNS4_4NodeE
FN:268,271,_ZN6OctreeIiP10IContainer17ContainerPositionIiEE5CloneEv
FN:275,285,_ZN6OctreeIiP10IContainer17ContainerPositionIiEE6removeENSt7__cxx1112basic_stringIcSt11char_traitsIcESaIcEEE
FN:288,292,_ZN6OctreeIiP10IContainer17ContainerPositionIiEE6searchENSt7__cxx1112basic_stringIcSt11char_traitsIcESaIcEEE
FN:295,299,_ZN6OctreeIiP10IContainer17ContainerPositionIiEE5findIENSt7__cxx1112basic_stringIcSt11char_traitsIcESaIcEEE
FN:302,306,_ZN6OctreeIiP10IContainer17ContainerPositionIiEE11searchDepthEv
FN:309,315,_ZN6OctreeIiP10IContainer17ContainerPositionIiEE12SearchInsertES1_S3_
FN:323,326,_ZN6OctreeIiP10IContainer17ContainerPositionIiEE7getMinXERS3_
FN:329,332,_ZN6OctreeIiP10IContainer17ContainerPositionIiEE7getMaxXERS3_
FN:335,338,_ZN6OctreeIiP10IContainer17ContainerPositionIiEE7getMinYERS3_
FN:341,344,_ZN6OctreeIiP10IContainer17ContainerPositionIiEE7getMaxYERS3_
FN:347,350,_ZN6OctreeIiP10IContainer17ContainerPositionIiEE7getMinZERS3_
FN:353,356,_ZN6OctreeIiP10IContainer17ContainerPositionIiEE7getMaxZERS3_
FN:359,362,_ZN6OctreeIiP10IContainer17ContainerPositionIiEE7getMinXERKS3_
FN:364,367,_ZN6OctreeIiP10IContainer17ContainerPositionIiEE7getMaxXERKS3_
FN:370,373,_ZN6OctreeIiP10IContainer17ContainerPositionIiEE7getMinYERKS3_
FN:376,379,_ZN6OctreeIiP10IContainer17ContainerPositionIiEE7getMaxYERKS3_
FN:383,386,_ZN6OctreeIiP10IContainer17ContainerPositionIiEE7getMinZERKS3_
FN:389,392,_ZN6OctreeIiP10IContainer17ContainerPositionIiEE7getMaxZERKS3_
FN:400,410,_ZN6OctreeIiP10IContainer17ContainerPositionIiEE16pointincontainerER5PointIiERS3_
FN:416,426,_ZN6OctreeIiP10IContainer17ContainerPositionIiEE14searchUnderOctEPNS4_4NodeERSt6vectorISt4pairIS3_S1_ESaIS9_EE
FN:429,446,_ZN6OctreeIiP10IContainer17ContainerPositionIiEE5findIENSt7__cxx1112basic_stringIcSt11char_traitsIcESaIcEEEPNS4_4NodeEPSt4pairIS3_S1_E
FN:449,459,_ZN6OctreeIiP10IContainer17ContainerPositionIiEE11searchDepthEPNS4_4NodeERSt6vectorISt4pairIS3_S1_ESaIS9_EE
FN:462,495,_ZN6OctreeIiP10IContainer17ContainerPositionIiEE12SearchInsertES1_S3_PNS4_4NodeEPS6_RSt6vectorISt4pairIS3_S1_ESaISA_EERb
FN:498,515,_ZN6OctreeIiP10IContainer17ContainerPositionIiEE7searchRENSt7__cxx1112basic_stringIcSt11char_traitsIcESaIcEEEPNS4_4NodeEPSC_
FN:518,542,_ZN6OctreeIiP10IContainer17ContainerPositionIiEE7removeRENSt7__cxx1112basic_stringIcSt11char_traitsIcESaIcEEEPNS4_4NodeERbPSC_
FN:545,554,_ZN6OctreeIiP10IContainer17ContainerPositionIiEE14checkEmptyNodeEPNS4_4NodeE
FN:55,55,_ZN11BoundingBoxIiEC2ERK5PointIiES4_
FN:556,567,_ZN6OctreeIiP10IContainer17ContainerPositionIiEE6meargeEPNS4_4NodeE
FN:57,59,_ZNK11BoundingBoxIiE8containsER5PointIiE
FN:570,584,_ZN6OctreeIiP10IContainer17ContainerPositionIiEE17decreaseHightTreeEPNS4_4NodeE
FN:588,598,_ZN6OctreeIiP10IContainer17ContainerPositionIiEE6UpdateEPNS4_4NodeE
FN:601,622,_ZNK6OctreeIiP10IContainer17ContainerPositionIiEE13ContainEntityES3_S3_
FN:625,632,_ZNK6OctreeIiP10IContainer17ContainerPositionIiEE14checkCollisionES1_S3_St6vectorISt4pairIS3_S1_ESaIS7_EE
FN:646,648,_ZNK6OctreeIiP10IContainer17ContainerPositionIiEE6numberB5cxx11ERK5PointIiE
FN:80,80,_ZN6OctreeIiP10IContainer17ContainerPositionIiEE4NodeC2ER11BoundingBoxIiEi
FN:81,89,_ZN6OctreeIiP10IContainer17ContainerPositionIiEE4NodeD2Ev
FN:91,93,_ZNK6OctreeIiP10IContainer17ContainerPositionIiEE4Node6isLeafEv
FNDA:213,_ZN6OctreeIiP10IContainer17ContainerPositionIiEE8iteratorC2EPNS4_4NodeE
FNDA:542,_ZN6OctreeIiP10IContainer17ContainerPositionIiEE8iteratordeEv
FNDA:199,_ZN6OctreeIiP10IContainer17ContainerPositionIiEE8iteratorppEv
FNDA:206,_ZNK6OctreeIiP10IContainer17ContainerPositionIiEE8iteratorneERKS5_
FNDA:27,_ZN6OctreeIiP10IContainer17ContainerPositionIiEEC2ER11BoundingBoxIiEi
FNDA:0,_ZN6OctreeIiP10IContainer17ContainerPositionIiEED2Ev
FNDA:7,_ZN6OctreeIiP10IContainer17ContainerPositionIiEE5beginEv
FNDA:206,_ZN6OctreeIiP10IContainer17ContainerPositionIiEE3endEv
FNDA:219,_ZN6OctreeIiP10IContainer17ContainerPositionIiEE6insertES1_RS3_PNS4_4NodeE
FNDA:39,_ZN6OctreeIiP10IContainer17ContainerPositionIiEE5splitEPNS4_4NodeE
FNDA:10,_ZN6OctreeIiP10IContainer17ContainerPositionIiEE5CloneEv
FNDA:23,_ZN6OctreeIiP10IContainer17ContainerPositionIiEE6removeENSt7__cxx1112basic_stringIcSt11char_traitsIcESaIcEEE
FNDA:18,_ZN6OctreeIiP10IContainer17ContainerPositionIiEE6searchENSt7__cxx1112basic_stringIcSt11char_traitsIcESaIcEEE
FNDA:14,_ZN6OctreeIiP10IContainer17ContainerPositionIiEE5findIENSt7__cxx1112basic_stringIcSt11char_traitsIcESaIcEEE
FNDA:109,_ZN6OctreeIiP10IContainer17ContainerPositionIiEE11searchDepthEv
FNDA:9251,_ZN6OctreeIiP10IContainer17ContainerPositionIiEE12SearchInsertES1_S3_
FNDA:29382,_ZN6OctreeIiP10IContainer17ContainerPositionIiEE7getMinXERS3_
FNDA:29382,_ZN6OctreeIiP10IContainer17ContainerPositionIiEE7getMaxXERS3_
FNDA:29524,_ZN6OctreeIiP10IContainer17ContainerPositionIiEE7getMinYERS3_
FNDA:29524,_ZN6OctreeIiP10IContainer17ContainerPositionIiEE7getMaxYERS3_
FNDA:29303,_ZN6OctreeIiP10IContainer17ContainerPositionIiEE7getMinZERS3_
FNDA:29239,_ZN6OctreeIiP10IContainer17ContainerPositionIiEE7getMaxZERS3_
FNDA:579,_ZN6OctreeIiP10IContainer17ContainerPositionIiEE7getMinXERKS3_
FNDA:428,_ZN6OctreeIiP10IContainer17ContainerPositionIiEE7getMaxXERKS3_
FNDA:389,_ZN6OctreeIiP10IContainer17ContainerPositionIiEE7getMinYERKS3_
FNDA:334,_ZN6OctreeIiP10IContainer17ContainerPositionIiEE7getMaxYERKS3_
FNDA:39,_ZN6OctreeIiP10IContainer17ContainerPositionIiEE7getMinZERKS3_
FNDA:191,_ZN6OctreeIiP10IContainer17ContainerPositionIiEE7getMaxZERKS3_
FNDA:213,_ZN6OctreeIiP10IContainer17ContainerPositionIiEE16pointincontainerER5PointIiERS3_
FNDA:26194,_ZN6OctreeIiP10IContainer17ContainerPositionIiEE14searchUnderOctEPNS4_4NodeERSt6vectorISt4pairIS3_S1_ESaIS9_EE
FNDA:302,_ZN6OctreeIiP10IContainer17ContainerPositionIiEE5findIENSt7__cxx1112basic_stringIcSt11char_traitsIcESaIcEEEPNS4_4NodeEPSt4pairIS3_S1_E
FNDA:14741,_ZN6OctreeIiP10IContainer17ContainerPositionIiEE11searchDepthEPNS4_4NodeERSt6vectorISt4pairIS3_S1_ESaIS9_EE
FNDA:10931,_ZN6OctreeIiP10IContainer17ContainerPositionIiEE12SearchInsertES1_S3_PNS4_4NodeEPS6_RSt6vectorISt4pairIS3_S1_ESaISA_EERb
FNDA:386,_ZN6OctreeIiP10IContainer17ContainerPositionIiEE7searchRENSt7__cxx1112basic_stringIcSt11char_traitsIcESaIcEEEPNS4_4NodeEPSC_
FNDA:343,_ZN6OctreeIiP10IContainer17ContainerPositionIiEE7removeRENSt7__cxx1112basic_stringIcSt11char_traitsIcESaIcEEEPNS4_4NodeERbPSC_
FNDA:31,_ZN6OctreeIiP10IContainer17ContainerPositionIiEE14checkEmptyNodeEPNS4_4NodeE
FNDA:329,_ZN11BoundingBoxIiEC2ERK5PointIiES4_
FNDA:109,_ZN6OctreeIiP10IContainer17ContainerPositionIiEE6meargeEPNS4_4NodeE
FNDA:48795,_ZNK11BoundingBoxIiE8containsER5PointIiE
FNDA:109,_ZN6OctreeIiP10IContainer17ContainerPositionIiEE17decreaseHightTreeEPNS4_4NodeE
FNDA:23,_ZN6OctreeIiP10IContainer17ContainerPositionIiEE6UpdateEPNS4_4NodeE
FNDA:14509,_ZNK6OctreeIiP10IContainer17ContainerPositionIiEE13ContainEntityES3_S3_
FNDA:2754,_ZNK6OctreeIiP10IContainer17ContainerPositionIiEE14checkCollisionES1_S3_St6vectorISt4pairIS3_S1_ESaIS7_EE
FNDA:305,_ZNK6OctreeIiP10IContainer17ContainerPositionIiEE6numberB5cxx11ERK5PointIiE
FNDA:339,_ZN6OctreeIiP10IContainer17ContainerPositionIiEE4NodeC2ER11BoundingBoxIiEi
FNDA:0,_ZN6OctreeIiP10IContainer17ContainerPositionIiEE4NodeD2Ev
FNDA:4222,_ZNK6OctreeIiP10IContainer17ContainerPositionIiEE4Node6isLeafEv
FNF:47
FNH:45
DA:55,329
DA:57,48795
DA:58,48795
DA:80,339
DA:81,0
DA:82,0
DA:84,0
DA:86,0
DA:87,0
DA:89,0
DA:91,4222
DA:92,4222
DA:115,213
DA:116,213
DA:117,7
DA:119,213
DA:121,542
DA:122,542
DA:126,199
DA:127,199
DA:128,199
DA:129,199
DA:130,1791
DA:131,1592
DA:132,192
DA:135,199
DA:139,206
DA:140,206
DA:148,27
DA:149,27
DA:150,27
DA:151,27
DA:154,0
DA:155,0
DA:156,0
DA:164,7
DA:165,7
DA:168,206
DA:169,206
DA:173,219
DA:174,219
DA:175,0
DA:177,219
DA:178,219
DA:179,39
DA:181,219
DA:185,39
DA:186,39
DA:187,39
DA:189,39
DA:190,39
DA:191,39
DA:193,39
DA:194,39
DA:195,39
DA:196,39
DA:197,39
DA:200,39
DA:201,39
DA:202,39
DA:203,39
DA:204,39
DA:207,39
DA:208,39
DA:209,39
DA:210,39
DA:211,39
DA:214,39
DA:215,39
DA:216,39
DA:217,39
DA:218,39
DA:221,39
DA:222,39
DA:223,39
DA:224,39
DA:225,39
DA:228,39
DA:229,39
DA:230,39
DA:231,39
DA:232,39
DA:235,39
DA:236,39
DA:237,39
DA:238,39
DA:239,39
DA:242,39
DA:243,39
DA:244,39
DA:245,39
DA:246,39
DA:249,88
DA:250,107
DA:251,153
DA:252,98
DA:253,93
DA:254,90
DA:255,90
DA:256,90
DA:257,198
DA:258,45
DA:259,45
DA:260,45
DA:261,45
DA:265,39
DA:268,10
DA:269,10
DA:270,10
DA:275,23
DA:276,23
DA:277,23
DA:278,23
DA:279,23
DA:280,0
DA:282,23
DA:283,23
DA:284,23
DA:288,18
DA:289,18
DA:290,18
DA:291,18
DA:295,14
DA:296,14
DA:297,14
DA:298,14
DA:302,109
DA:303,109
DA:304,109
DA:305,109
DA:306,0
DA:309,9251
DA:310,9251
DA:311,9251
DA:312,9251
DA:313,9251
DA:314,9251
DA:315,9251
DA:323,29382
DA:325,29382
DA:329,29382
DA:331,29382
DA:335,29524
DA:337,29524
DA:341,29524
DA:343,29524
DA:347,29303
DA:349,29303
DA:353,29239
DA:355,29239
DA:359,579
DA:361,579
DA:364,428
DA:366,428
DA:370,389
DA:372,389
DA:376,334
DA:378,334
DA:383,39
DA:385,39
DA:389,191
DA:391,191
DA:400,213
DA:403,213
DA:404,213
DA:405,213
DA:406,213
DA:407,213
DA:408,213
DA:409,213
DA:416,26194
DA:417,26194
DA:418,23264
DA:420,2930
DA:421,2719
DA:423,26370
DA:424,23440
DA:429,302
DA:430,302
DA:431,0
DA:433,302
DA:434,130
DA:435,92
DA:436,12
DA:437,12
DA:441,290
DA:442,324
DA:443,288
DA:449,14741
DA:450,14741
DA:451,12912
DA:453,1829
DA:454,259
DA:456,16461
DA:457,14632
DA:462,10931
DA:463,10931
DA:464,0
DA:466,20402
DA:467,6564
DA:468,6284
DA:469,20402
DA:470,7986
DA:472,2945
DA:473,2760
DA:475,2945
DA:476,1890
DA:477,1680
DA:480,2945
DA:482,2754
DA:484,2754
DA:485,223
DA:486,223
DA:488,2531
DA:489,2531
DA:491,191
DA:492,133
DA:494,58
DA:498,386
DA:499,386
DA:500,0
DA:502,386
DA:503,113
DA:504,77
DA:505,15
DA:506,15
DA:510,371
DA:511,414
DA:512,368
DA:518,343
DA:519,343
DA:520,0
DA:522,343
DA:523,164
DA:525,179
DA:526,165
DA:527,136
DA:528,23
DA:529,23
DA:530,23
DA:531,23
DA:532,23
DA:536,156
DA:537,360
DA:538,320
DA:545,31
DA:546,31
DA:547,18
DA:548,18
DA:549,18
DA:550,16
DA:551,16
DA:552,77
DA:553,46
DA:556,109
DA:557,109
DA:558,117
DA:559,104
DA:560,6
DA:561,6
DA:564,117
DA:565,104
DA:570,109
DA:571,109
DA:572,96
DA:574,117
DA:575,104
DA:577,13
DA:578,90
DA:579,80
DA:580,80
DA:581,80
DA:588,23
DA:589,23
DA:590,1
DA:591,1
DA:592,1
DA:594,22
DA:595,4
DA:596,4
DA:601,14509
DA:603,14509
DA:604,14509
DA:605,14509
DA:606,14509
DA:607,14509
DA:608,14509
DA:611,14509
DA:612,14509
DA:613,14509
DA:614,14509
DA:615,14509
DA:616,14509
DA:619,11260
DA:620,28548
DA:621,17288
DA:625,2754
DA:626,14732
DA:627,14509
DA:628,2531
DA:631,223
DA:646,305
DA:647,305
LF:303
LH:287
end_of_record
TN:
SF:/mnt/c/л3/Lab3OOP/Octree/Point.hpp
FN:17,17,_ZN5PointIiEC2Eiii
FN:18,18,_ZN5PointIiEC2Ev
FN:9,11,_ZNK5PointIiEeqERKS0_
FNDA:793,_ZN5PointIiEC2Eiii
FNDA:74176,_ZN5PointIiEC2Ev
FNDA:674,_ZNK5PointIiEeqERKS0_
FNF:3
FNH:3
DA:9,674
DA:10,674
DA:17,793
DA:18,74176
LF:4
LH:4
end_of_record
TN:
SF:/mnt/c/л3/Lab3OOP/Storage/Storage.cpp
FN:107,122,_ZN7Storage7getSizeEiii
FN:127,169,_ZN7Storage26calculateContainerPositionEiiiiii
FN:13,24,_ZN7Storage14calculateDepthEv
FN:14,21,_ZZN7Storage14calculateDepthEvENKUliE_clEi
FN:172,195,_ZN7Storage20searchUnderContainerER17ContainerPositionIiE
FN:198,221,_ZN7Storage20searchUpperContainerER17ContainerPositionIiE
FN:225,233,_ZN7Storage13calculatemassESt6vectorISt4pairI17ContainerPositionIiEP10IContainerESaIS6_EEm
FN:236,261,_ZN7Storage12checkSupportER17ContainerPositionIiESt6vectorISt4pairIS1_P10IContainerESaIS7_EE
FN:263,275,_ZN7Storage12addContainerEP10IContaineriii
FN:27,29,_ZN7Storage24addExternalCheckFunctionERKSt8functionIFvRS_P10IContainer17ContainerPositionIiEEE
FN:280,284,_ZNK7Storage19getInfoAboutStorageB5cxx11Ev
FN:288,309,_ZN7Storage7isNoTopERK17ContainerPositionIiE
FN:313,343,_ZN7Storage13moveContainerENSt7__cxx1112basic_stringIcSt11char_traitsIcESaIcEEEiii
FN:32,46,_ZN7Storage5checkB5cxx11Ev
FN:347,387,_ZN7Storage15rotateContainerENSt7__cxx1112basic_stringIcSt11char_traitsIcESaIcEEEi
FN:390,411,_ZN7Storage10multitreadEP10IContaineriii
FN:413,430,_ZN7Storage13addContainerREP10IContainerii
FN:432,447,_ZN7Storage12addContainerB5cxx11EP10IContainer
FN:450,509,_ZN7Storage15removeContainerENSt7__cxx1112basic_stringIcSt11char_traitsIcESaIcEEE
FN:49,63,_ZN7StorageC2Eiiiid
FN:512,526,_ZNK7Storage7getInfoB5cxx11Ev
FN:529,545,_ZN7Storage9howContaiEP10IContainerRSt6vectorImSaImEEm
FN:548,558,_ZN7Storage12howContainerEP10IContainer
FN:557,557,_ZZN7Storage12howContainerEP10IContainerENKUliiE_clEii
FN:561,567,_ZN7Storage4findENSt7__cxx1112basic_stringIcSt11char_traitsIcESaIcEEE
FN:57,59,_ZZN7StorageC4EiiiidENKUlRS_P10IContainer17ContainerPositionIiEE_clES0_S2_S4_
FN:570,584,_ZNK7Storage17getListContainersB5cxx11Ev
FN:587,594,_ZN7Storage16checkTemperatureERS_P10IContainer17ContainerPositionIiE
FN:597,613,_ZN7Storage13checkPressureERS_P10IContainer17ContainerPositionIiE
FN:60,62,_ZZN7StorageC4EiiiidENKUlRS_P10IContainer17ContainerPositionIiEE0_clES0_S2_S4_
FN:66,68,_ZN7Storage15comparePositionERSt4pairI17ContainerPositionIiEP10IContainerES6_
FN:71,73,_ZN7Storage22comparePositionReverseERSt4pairI17ContainerPositionIiEP10IContainerES6_
FN:76,92,_ZN7StorageaSERKS_
FN:95,104,_ZN7StorageC2ERKS_
FNDA:3,_ZN7Storage7getSizeEiii
FNDA:9251,_ZN7Storage26calculateContainerPositionEiiiiii
FNDA:17,_ZN7Storage14calculateDepthEv
FNDA:51,_ZZN7Storage14calculateDepthEvENKUliE_clEi
FNDA:72,_ZN7Storage20searchUnderContainerER17ContainerPositionIiE
FNDA:8,_ZN7Storage20searchUpperContainerER17ContainerPositionIiE
FNDA:27,_ZN7Storage13calculatemassESt6vectorISt4pairI17ContainerPositionIiEP10IContainerESaIS6_EEm
FNDA:71,_ZN7Storage12checkSupportER17ContainerPositionIiESt6vectorISt4pairIS1_P10IContainerESaIS7_EE
FNDA:125,_ZN7Storage12addContainerEP10IContaineriii
FNDA:1,_ZN7Storage24addExternalCheckFunctionERKSt8functionIFvRS_P10IContainer17ContainerPositionIiEEE
FNDA:4,_ZNK7Storage19getInfoAboutStorageB5cxx11Ev
FNDA:6,_ZN7Storage7isNoTopERK17ContainerPositionIiE
FNDA:5,_ZN7Storage13moveContainerENSt7__cxx1112basic_stringIcSt11char_traitsIcESaIcEEEiii
FNDA:1,_ZN7Storage5checkB5cxx11Ev
FNDA:5,_ZN7Storage15rotateContainerENSt7__cxx1112basic_stringIcSt11char_traitsIcESaIcEEEi
FNDA:9127,_ZN7Storage10multitreadEP10IContaineriii
FNDA:155,_ZN7Storage13addContainerREP10IContainerii
FNDA:106,_ZN7Storage12addContainerB5cxx11EP10IContainer
FNDA:9,_ZN7Storage15removeContainerENSt7__cxx1112basic_stringIcSt11char_traitsIcESaIcEEE
FNDA:17,_ZN7StorageC2Eiiiid
FNDA:11,_ZNK7Storage7getInfoB5cxx11Ev
FNDA:6,_ZN7Storage9howContaiEP10IContainerRSt6vectorImSaImEEm
FNDA:1,_ZN7Storage12howContainerEP10IContainer
FNDA:6,_ZZN7Storage12howContainerEP10IContainerENKUliiE_clEii
FNDA:5,_ZN7Storage4findENSt7__cxx1112basic_stringIcSt11char_traitsIcESaIcEEE
FNDA:127,_ZZN7StorageC4EiiiidENKUlRS_P10IContainer17ContainerPositionIiEE_clES0_S2_S4_
FNDA:6,_ZNK7Storage17getListContainersB5cxx11Ev
FNDA:127,_ZN7Storage16checkTemperatureERS_P10IContainer17ContainerPositionIiE
FNDA:125,_ZN7Storage13checkPressureERS_P10IContainer17ContainerPositionIiE
FNDA:125,_ZZN7StorageC4EiiiidENKUlRS_P10IContainer17ContainerPositionIiEE0_clES0_S2_S4_
FNDA:298,_ZN7Storage15comparePositionERSt4pairI17ContainerPositionIiEP10IContainerES6_
FNDA:12,_ZN7Storage22comparePositionReverseERSt4pairI17ContainerPositionIiEP10IContainerES6_
FNDA:2,_ZN7StorageaSERKS_
FNDA:8,_ZN7StorageC2ERKS_
FNF:34
FNH:34
DA:13,17
DA:14,51
DA:15,51
DA:16,149
DA:17,98
DA:18,98
DA:20,51
DA:22,17
DA:27,1
DA:28,1
DA:29,1
DA:32,1
DA:33,1
DA:34,26
DA:35,25
DA:36,0
DA:37,0
DA:39,25
DA:40,24
DA:41,18
DA:44,1
DA:45,1
DA:46,0
DA:49,17
DA:50,17
DA:51,17
DA:52,17
DA:53,17
DA:54,17
DA:55,17
DA:56,17
DA:57,17
DA:58,127
DA:59,125
DA:60,17
DA:61,125
DA:62,118
DA:63,17
DA:66,298
DA:67,298
DA:71,12
DA:72,12
DA:76,2
DA:77,2
DA:78,2
DA:79,2
DA:80,2
DA:81,2
DA:82,2
DA:83,2
DA:84,2
DA:85,2
DA:86,12
DA:87,10
DA:89,2
DA:90,2
DA:91,2
DA:95,8
DA:96,8
DA:97,8
DA:98,8
DA:99,8
DA:100,20
DA:101,12
DA:103,8
DA:104,8
DA:107,3
DA:108,3
DA:109,1
DA:111,2
DA:112,2
DA:113,2
DA:114,12
DA:115,10
DA:117,12
DA:118,10
DA:120,2
DA:121,2
DA:122,2
DA:127,9251
DA:128,9251
DA:130,9251
DA:131,9251
DA:132,9251
DA:135,9251
DA:136,9251
DA:137,9251
DA:140,9251
DA:141,9251
DA:142,9251
DA:145,9251
DA:146,9251
DA:147,9251
DA:150,9251
DA:151,9251
DA:152,9251
DA:155,9251
DA:156,9251
DA:157,9251
DA:160,9251
DA:161,9251
DA:162,9251
DA:165,9251
DA:166,9251
DA:167,9251
DA:168,9251
DA:172,72
DA:173,72
DA:174,72
DA:175,72
DA:176,72
DA:177,72
DA:178,72
DA:179,72
DA:180,72
DA:181,72
DA:182,72
DA:183,557
DA:184,485
DA:186,833
DA:187,1018
DA:188,185
DA:189,184
DA:190,184
DA:193,72
DA:194,144
DA:195,72
DA:198,8
DA:199,8
DA:200,8
DA:201,8
DA:202,8
DA:203,8
DA:204,8
DA:205,8
DA:206,8
DA:207,8
DA:208,8
DA:209,78
DA:210,70
DA:212,132
DA:213,163
DA:214,31
DA:215,15
DA:216,15
DA:219,8
DA:220,16
DA:221,8
DA:225,27
DA:226,27
DA:227,52
DA:228,25
DA:229,25
DA:232,27
DA:236,71
DA:237,71
DA:238,71
DA:239,71
DA:240,71
DA:241,71
DA:243,76
DA:244,73
DA:245,68
DA:247,73
DA:248,2
DA:250,71
DA:251,59
DA:253,71
DA:254,49
DA:256,71
DA:257,66
DA:260,3
DA:263,125
DA:264,125
DA:265,1
DA:267,124
DA:268,124
DA:269,124
DA:270,3
DA:272,121
DA:273,115
DA:274,115
DA:275,115
DA:280,4
DA:281,8
DA:282,12
DA:283,4
DA:288,6
DA:289,6
DA:290,6
DA:291,6
DA:292,6
DA:293,6
DA:294,6
DA:295,6
DA:296,6
DA:297,6
DA:299,22
DA:300,18
DA:301,30
DA:302,38
DA:303,8
DA:304,2
DA:308,4
DA:309,6
DA:313,5
DA:314,5
DA:315,1
DA:317,4
DA:318,4
DA:319,1
DA:321,3
DA:322,7
DA:323,7
DA:324,3
DA:325,3
DA:326,3
DA:327,3
DA:330,3
DA:331,1
DA:332,1
DA:333,1
DA:336,2
DA:337,1
DA:338,1
DA:339,1
DA:340,1
DA:341,1
DA:342,1
DA:343,1
DA:347,5
DA:348,5
DA:349,5
DA:350,1
DA:352,4
DA:353,5
DA:354,5
DA:355,4
DA:356,4
DA:357,4
DA:358,4
DA:361,4
DA:362,4
DA:363,1
DA:364,1
DA:365,1
DA:367,3
DA:368,3
DA:369,1
DA:370,1
DA:371,1
DA:373,2
DA:374,2
DA:375,2
DA:376,2
DA:378,2
DA:379,1
DA:380,1
DA:381,1
DA:382,1
DA:383,1
DA:384,1
DA:385,1
DA:386,1
DA:387,1
DA:390,9127
DA:391,9127
DA:392,9127
DA:393,9127
DA:394,9127
DA:395,9127
DA:396,9127
DA:397,9025
DA:399,102
DA:400,99
DA:401,99
DA:402,99
DA:403,99
DA:404,99
DA:405,99
DA:407,0
DA:408,0
DA:409,0
DA:411,9127
DA:413,155
DA:414,155
DA:415,373
DA:416,3255
DA:417,12065
DA:419,9176
DA:420,49
DA:422,9127
DA:423,99
DA:424,9028
DA:425,9028
DA:429,7
DA:430,155
DA:432,106
DA:433,106
DA:434,261
DA:435,155
DA:436,155
DA:438,261
DA:439,155
DA:441,106
DA:442,14
DA:444,99
DA:445,99
DA:447,106
DA:450,9
DA:451,9
DA:452,9
DA:453,9
DA:454,1
DA:456,8
DA:457,8
DA:459,1
DA:462,7
DA:463,7
DA:464,7
DA:470,22
DA:471,15
DA:472,15
DA:478,7
DA:479,21
DA:480,15
DA:481,15
DA:484,15
DA:485,1
DA:486,1
DA:487,0
DA:489,1
DA:490,2
DA:491,1
DA:493,1
DA:498,14
DA:502,15
DA:504,20
DA:505,14
DA:507,6
DA:508,8
DA:509,8
DA:512,11
DA:513,11
DA:514,11
DA:515,11
DA:516,0
DA:518,82
DA:519,71
DA:520,142
DA:521,284
DA:522,213
DA:525,11
DA:526,11
DA:529,6
DA:530,6
DA:531,6
DA:532,6
DA:535,90
DA:536,84
DA:537,84
DA:538,84
DA:540,6
DA:541,6
DA:544,6
DA:545,6
DA:548,1
DA:549,1
DA:550,1
DA:551,7
DA:552,6
DA:554,7
DA:555,6
DA:557,8
DA:558,1
DA:561,5
DA:562,5
DA:563,5
DA:564,1
DA:566,4
DA:570,6
DA:571,6
DA:572,180
DA:573,174
DA:574,0
DA:575,0
DA:577,174
DA:578,85
DA:579,56
DA:582,6
DA:583,6
DA:584,0
DA:587,127
DA:588,127
DA:589,129
DA:590,2
DA:592,2
DA:594,125
DA:597,125
DA:598,125
DA:599,72
DA:600,72
DA:601,1
DA:603,71
DA:604,5
DA:606,244
DA:607,179
DA:608,179
DA:609,1
DA:612,72
DA:613,118
LF:411
LH:400
end_of_record
TN:
SF:/mnt/c/л3/Lab3OOP/Storage/Storage.hpp
FN:40,43,_ZN7StorageD2Ev
FNDA:0,_ZN7StorageD2Ev
FNF:1
FNH:0
DA:40,0
DA:41,0
DA:42,0
DA:43,0
LF:4
LH:0
end_of_record
