TN:
SF:/mnt/c/Lab3OOP-delitel/Checker/Checker.hpp
FN:25,25,_ZN7CheckerIiEC2Ev
FN:27,28,_ZN7CheckerIiEC2ERKS0_
FN:30,32,_ZN7CheckerIiE16addCheckFunctionESt8functionIFvR7StorageSt10shared_ptrI10IContainerE17ContainerPositionIiEEE
FN:43,47,_ZNK7CheckerIiE11applyChecksER7StorageSt10shared_ptrI10IContainerE17ContainerPositionIiE
FNDA:34,_ZN7CheckerIiEC2Ev
FNDA:11,_ZN7CheckerIiEC2ERKS0_
FNDA:53,_ZN7CheckerIiE16addCheckFunctionESt8functionIFvR7StorageSt10shared_ptrI10IContainerE17ContainerPositionIiEEE
FNDA:297,_ZNK7CheckerIiE11applyChecksER7StorageSt10shared_ptrI10IContainerE17ContainerPositionIiE
FNF:4
FNH:4
DA:25,34
DA:27,11
DA:28,11
DA:30,53
DA:31,53
DA:32,53
DA:43,297
DA:44,669
DA:45,596
DA:47,185
LF:10
LH:10
end_of_record
TN:
SF:/mnt/c/Lab3OOP-delitel/Octree/ContainerPosition.hpp
FN:12,12,_ZN17ContainerPositionIiEC2Ev
FN:18,23,_ZNK17ContainerPositionIiEeqERKS0_
FNDA:3407,_ZN17ContainerPositionIiEC2Ev
FNDA:168,_ZNK17ContainerPositionIiEeqERKS0_
FNF:2
FNH:2
DA:12,3407
DA:18,168
DA:19,294
DA:20,189
DA:21,189
DA:22,294
LF:6
LH:6
end_of_record
TN:
SF:/mnt/c/Lab3OOP-delitel/Octree/Octree.hpp
FN:117,121,_ZN6OctreeIiSt10shared_ptrI10IContainerE17ContainerPositionIiENSt7__cxx1112basic_stringIcSt11char_traitsIcESaIcEEEE21BidirectionalIteratorC2ES0_INSB_4NodeEE
FN:124,129,_ZN6OctreeIiSt10shared_ptrI10IContainerE17ContainerPositionIiENSt7__cxx1112basic_stringIcSt11char_traitsIcESaIcEEEE21BidirectionalIteratordeEv
FN:132,145,_ZN6OctreeIiSt10shared_ptrI10IContainerE17ContainerPositionIiENSt7__cxx1112basic_stringIcSt11char_traitsIcESaIcEEEE21BidirectionalIteratorppEv
FN:160,162,_ZNK6OctreeIiSt10shared_ptrI10IContainerE17ContainerPositionIiENSt7__cxx1112basic_stringIcSt11char_traitsIcESaIcEEEE21BidirectionalIterator7hasNextEv
FN:173,173,_ZN6OctreeIiSt10shared_ptrI10IContainerE17ContainerPositionIiENSt7__cxx1112basic_stringIcSt11char_traitsIcESaIcEEEEC2Ev
FN:174,176,_ZN6OctreeIiSt10shared_ptrI10IContainerE17ContainerPositionIiENSt7__cxx1112basic_stringIcSt11char_traitsIcESaIcEEEEC2E11BoundingBoxIiE
FN:184,186,_ZNK6OctreeIiSt10shared_ptrI10IContainerE17ContainerPositionIiENSt7__cxx1112basic_stringIcSt11char_traitsIcESaIcEEEE14createIteratorEv
FN:189,199,_ZN6OctreeIiSt10shared_ptrI10IContainerE17ContainerPositionIiENSt7__cxx1112basic_stringIcSt11char_traitsIcESaIcEEEE6insertES2_RS4_S0_INSB_4NodeEE
FN:202,205,_ZNK6OctreeIiSt10shared_ptrI10IContainerE17ContainerPositionIiENSt7__cxx1112basic_stringIcSt11char_traitsIcESaIcEEEE5CloneEv
FN:208,219,_ZN6OctreeIiSt10shared_ptrI10IContainerE17ContainerPositionIiENSt7__cxx1112basic_stringIcSt11char_traitsIcESaIcEEEE6removeESA_Q14ValidKeyFormatIT2_E
FN:222,227,_ZNK6OctreeIiSt10shared_ptrI10IContainerE17ContainerPositionIiENSt7__cxx1112basic_stringIcSt11char_traitsIcESaIcEEEE6searchESA_Q14ValidKeyFormatIT2_E
FN:231,235,_ZNK6OctreeIiSt10shared_ptrI10IContainerE17ContainerPositionIiENSt7__cxx1112basic_stringIcSt11char_traitsIcESaIcEEEE11searchDepthEv
FN:238,244,_ZNK6OctreeIiSt10shared_ptrI10IContainerE17ContainerPositionIiENSt7__cxx1112basic_stringIcSt11char_traitsIcESaIcEEEE12SearchInsertES2_S4_
FN:247,250,_ZN6OctreeIiSt10shared_ptrI10IContainerE17ContainerPositionIiENSt7__cxx1112basic_stringIcSt11char_traitsIcESaIcEEEE7getMinXERS4_
FN:253,256,_ZN6OctreeIiSt10shared_ptrI10IContainerE17ContainerPositionIiENSt7__cxx1112basic_stringIcSt11char_traitsIcESaIcEEEE7getMaxXERS4_
FN:259,262,_ZN6OctreeIiSt10shared_ptrI10IContainerE17ContainerPositionIiENSt7__cxx1112basic_stringIcSt11char_traitsIcESaIcEEEE7getMinYERS4_
FN:265,268,_ZN6OctreeIiSt10shared_ptrI10IContainerE17ContainerPositionIiENSt7__cxx1112basic_stringIcSt11char_traitsIcESaIcEEEE7getMaxYERS4_
FN:271,274,_ZN6OctreeIiSt10shared_ptrI10IContainerE17ContainerPositionIiENSt7__cxx1112basic_stringIcSt11char_traitsIcESaIcEEEE7getMinZERS4_
FN:277,280,_ZN6OctreeIiSt10shared_ptrI10IContainerE17ContainerPositionIiENSt7__cxx1112basic_stringIcSt11char_traitsIcESaIcEEEE7getMaxZERS4_
FN:283,286,_ZN6OctreeIiSt10shared_ptrI10IContainerE17ContainerPositionIiENSt7__cxx1112basic_stringIcSt11char_traitsIcESaIcEEEE7getMinXERKS4_
FN:288,291,_ZN6OctreeIiSt10shared_ptrI10IContainerE17ContainerPositionIiENSt7__cxx1112basic_stringIcSt11char_traitsIcESaIcEEEE7getMaxXERKS4_
FN:294,297,_ZN6OctreeIiSt10shared_ptrI10IContainerE17ContainerPositionIiENSt7__cxx1112basic_stringIcSt11char_traitsIcESaIcEEEE7getMinYERKS4_
FN:300,303,_ZN6OctreeIiSt10shared_ptrI10IContainerE17ContainerPositionIiENSt7__cxx1112basic_stringIcSt11char_traitsIcESaIcEEEE7getMaxYERKS4_
FN:307,310,_ZN6OctreeIiSt10shared_ptrI10IContainerE17ContainerPositionIiENSt7__cxx1112basic_stringIcSt11char_traitsIcESaIcEEEE7getMinZERKS4_
FN:313,316,_ZN6OctreeIiSt10shared_ptrI10IContainerE17ContainerPositionIiENSt7__cxx1112basic_stringIcSt11char_traitsIcESaIcEEEE7getMaxZERKS4_
FN:324,334,_ZN6OctreeIiSt10shared_ptrI10IContainerE17ContainerPositionIiENSt7__cxx1112basic_stringIcSt11char_traitsIcESaIcEEEE16pointincontainerER5PointIiERS4_
FN:341,413,_ZN6OctreeIiSt10shared_ptrI10IContainerE17ContainerPositionIiENSt7__cxx1112basic_stringIcSt11char_traitsIcESaIcEEEE5splitES0_INSB_4NodeEE
FN:417,427,_ZNK6OctreeIiSt10shared_ptrI10IContainerE17ContainerPositionIiENSt7__cxx1112basic_stringIcSt11char_traitsIcESaIcEEEE14searchUnderOctES0_INSB_4NodeEERSt6vectorISt4pairIS4_S2_ESaISG_EE
FN:430,440,_ZNK6OctreeIiSt10shared_ptrI10IContainerE17ContainerPositionIiENSt7__cxx1112basic_stringIcSt11char_traitsIcESaIcEEEE11searchDepthES0_INSB_4NodeEERSt6vectorISt4pairIS4_S2_ESaISG_EE
FN:443,476,_ZNK6OctreeIiSt10shared_ptrI10IContainerE17ContainerPositionIiENSt7__cxx1112basic_stringIcSt11char_traitsIcESaIcEEEE12SearchInsertES2_S4_S0_INSB_4NodeEERSD_RSt6vectorISt4pairIS4_S2_ESaISH_EERb
FN:479,499,_ZNK6OctreeIiSt10shared_ptrI10IContainerE17ContainerPositionIiENSt7__cxx1112basic_stringIcSt11char_traitsIcESaIcEEEE7searchRESA_S0_INSB_4NodeEERSD_5PointIiE
FN:502,531,_ZN6OctreeIiSt10shared_ptrI10IContainerE17ContainerPositionIiENSt7__cxx1112basic_stringIcSt11char_traitsIcESaIcEEEE7removeRESA_S0_INSB_4NodeEERbRSD_5PointIiE
FN:534,542,_ZNK6OctreeIiSt10shared_ptrI10IContainerE17ContainerPositionIiENSt7__cxx1112basic_stringIcSt11char_traitsIcESaIcEEEE14checkEmptyNodeES0_INSB_4NodeEE
FN:544,555,_ZN6OctreeIiSt10shared_ptrI10IContainerE17ContainerPositionIiENSt7__cxx1112basic_stringIcSt11char_traitsIcESaIcEEEE6meargeES0_INSB_4NodeEE
FN:557,572,_ZN6OctreeIiSt10shared_ptrI10IContainerE17ContainerPositionIiENSt7__cxx1112basic_stringIcSt11char_traitsIcESaIcEEEE17decreaseHightTreeES0_INSB_4NodeEE
FN:575,586,_ZN6OctreeIiSt10shared_ptrI10IContainerE17ContainerPositionIiENSt7__cxx1112basic_stringIcSt11char_traitsIcESaIcEEEE6UpdateES0_INSB_4NodeEE
FN:589,610,_ZNK6OctreeIiSt10shared_ptrI10IContainerE17ContainerPositionIiENSt7__cxx1112basic_stringIcSt11char_traitsIcESaIcEEEE13ContainEntityES4_S4_
FN:613,620,_ZNK6OctreeIiSt10shared_ptrI10IContainerE17ContainerPositionIiENSt7__cxx1112basic_stringIcSt11char_traitsIcESaIcEEEE14checkCollisionES2_S4_St6vectorISt4pairIS4_S2_ESaISE_EE
FN:623,625,_ZN6OctreeIiSt10shared_ptrI10IContainerE17ContainerPositionIiENSt7__cxx1112basic_stringIcSt11char_traitsIcESaIcEEEE6numberERK5PointIiE
FN:628,640,_ZN6OctreeIiSt10shared_ptrI10IContainerE17ContainerPositionIiENSt7__cxx1112basic_stringIcSt11char_traitsIcESaIcEEEE10parsePointERKSA_
FN:66,66,_ZN11BoundingBoxIiEC2ERK5PointIiES4_
FN:68,70,_ZNK11BoundingBoxIiE8containsER5PointIiE
FN:72,77,_ZNK11BoundingBoxIiE7isValidEi
FN:92,92,_ZN6OctreeIiSt10shared_ptrI10IContainerE17ContainerPositionIiENSt7__cxx1112basic_stringIcSt11char_traitsIcESaIcEEEE4NodeC2E11BoundingBoxIiE
FN:94,96,_ZNK6OctreeIiSt10shared_ptrI10IContainerE17ContainerPositionIiENSt7__cxx1112basic_stringIcSt11char_traitsIcESaIcEEEE4Node6isLeafEv
FN:95,95,_ZZNK6OctreeIiSt10shared_ptrI10IContainerE17ContainerPositionIiENSt7__cxx1112basic_stringIcSt11char_traitsIcESaIcEEEE4Node6isLeafEvENKUlRKS0_ISC_EE_clESF_
FN:98,100,_ZN6OctreeIiSt10shared_ptrI10IContainerE17ContainerPositionIiENSt7__cxx1112basic_stringIcSt11char_traitsIcESaIcEEEE4Node6getConEv
FNDA:7,_ZN6OctreeIiSt10shared_ptrI10IContainerE17ContainerPositionIiENSt7__cxx1112basic_stringIcSt11char_traitsIcESaIcEEEE21BidirectionalIteratorC2ES0_INSB_4NodeEE
FNDA:314,_ZN6OctreeIiSt10shared_ptrI10IContainerE17ContainerPositionIiENSt7__cxx1112basic_stringIcSt11char_traitsIcESaIcEEEE21BidirectionalIteratordeEv
FNDA:95,_ZN6OctreeIiSt10shared_ptrI10IContainerE17ContainerPositionIiENSt7__cxx1112basic_stringIcSt11char_traitsIcESaIcEEEE21BidirectionalIteratorppEv
FNDA:102,_ZNK6OctreeIiSt10shared_ptrI10IContainerE17ContainerPositionIiENSt7__cxx1112basic_stringIcSt11char_traitsIcESaIcEEEE21BidirectionalIterator7hasNextEv
FNDA:34,_ZN6OctreeIiSt10shared_ptrI10IContainerE17ContainerPositionIiENSt7__cxx1112basic_stringIcSt11char_traitsIcESaIcEEEEC2Ev
FNDA:37,_ZN6OctreeIiSt10shared_ptrI10IContainerE17ContainerPositionIiENSt7__cxx1112basic_stringIcSt11char_traitsIcESaIcEEEEC2E11BoundingBoxIiE
FNDA:7,_ZNK6OctreeIiSt10shared_ptrI10IContainerE17ContainerPositionIiENSt7__cxx1112basic_stringIcSt11char_traitsIcESaIcEEEE14createIteratorEv
FNDA:190,_ZN6OctreeIiSt10shared_ptrI10IContainerE17ContainerPositionIiENSt7__cxx1112basic_stringIcSt11char_traitsIcESaIcEEEE6insertES2_RS4_S0_INSB_4NodeEE
FNDA:11,_ZNK6OctreeIiSt10shared_ptrI10IContainerE17ContainerPositionIiENSt7__cxx1112basic_stringIcSt11char_traitsIcESaIcEEEE5CloneEv
FNDA:28,_ZN6OctreeIiSt10shared_ptrI10IContainerE17ContainerPositionIiENSt7__cxx1112basic_stringIcSt11char_traitsIcESaIcEEEE6removeESA_Q14ValidKeyFormatIT2_E
FNDA:34,_ZNK6OctreeIiSt10shared_ptrI10IContainerE17ContainerPositionIiENSt7__cxx1112basic_stringIcSt11char_traitsIcESaIcEEEE6searchESA_Q14ValidKeyFormatIT2_E
FNDA:241,_ZNK6OctreeIiSt10shared_ptrI10IContainerE17ContainerPositionIiENSt7__cxx1112basic_stringIcSt11char_traitsIcESaIcEEEE11searchDepthEv
FNDA:3387,_ZNK6OctreeIiSt10shared_ptrI10IContainerE17ContainerPositionIiENSt7__cxx1112basic_stringIcSt11char_traitsIcESaIcEEEE12SearchInsertES2_S4_
FNDA:8613,_ZN6OctreeIiSt10shared_ptrI10IContainerE17ContainerPositionIiENSt7__cxx1112basic_stringIcSt11char_traitsIcESaIcEEEE7getMinXERS4_
FNDA:8613,_ZN6OctreeIiSt10shared_ptrI10IContainerE17ContainerPositionIiENSt7__cxx1112basic_stringIcSt11char_traitsIcESaIcEEEE7getMaxXERS4_
FNDA:8967,_ZN6OctreeIiSt10shared_ptrI10IContainerE17ContainerPositionIiENSt7__cxx1112basic_stringIcSt11char_traitsIcESaIcEEEE7getMinYERS4_
FNDA:8967,_ZN6OctreeIiSt10shared_ptrI10IContainerE17ContainerPositionIiENSt7__cxx1112basic_stringIcSt11char_traitsIcESaIcEEEE7getMaxYERS4_
FNDA:8408,_ZN6OctreeIiSt10shared_ptrI10IContainerE17ContainerPositionIiENSt7__cxx1112basic_stringIcSt11char_traitsIcESaIcEEEE7getMinZERS4_
FNDA:8258,_ZN6OctreeIiSt10shared_ptrI10IContainerE17ContainerPositionIiENSt7__cxx1112basic_stringIcSt11char_traitsIcESaIcEEEE7getMaxZERS4_
FNDA:2156,_ZN6OctreeIiSt10shared_ptrI10IContainerE17ContainerPositionIiENSt7__cxx1112basic_stringIcSt11char_traitsIcESaIcEEEE7getMinXERKS4_
FNDA:1779,_ZN6OctreeIiSt10shared_ptrI10IContainerE17ContainerPositionIiENSt7__cxx1112basic_stringIcSt11char_traitsIcESaIcEEEE7getMaxXERKS4_
FNDA:1727,_ZN6OctreeIiSt10shared_ptrI10IContainerE17ContainerPositionIiENSt7__cxx1112basic_stringIcSt11char_traitsIcESaIcEEEE7getMinYERKS4_
FNDA:1611,_ZN6OctreeIiSt10shared_ptrI10IContainerE17ContainerPositionIiENSt7__cxx1112basic_stringIcSt11char_traitsIcESaIcEEEE7getMaxYERKS4_
FNDA:155,_ZN6OctreeIiSt10shared_ptrI10IContainerE17ContainerPositionIiENSt7__cxx1112basic_stringIcSt11char_traitsIcESaIcEEEE7getMinZERKS4_
FNDA:553,_ZN6OctreeIiSt10shared_ptrI10IContainerE17ContainerPositionIiENSt7__cxx1112basic_stringIcSt11char_traitsIcESaIcEEEE7getMaxZERKS4_
FNDA:234,_ZN6OctreeIiSt10shared_ptrI10IContainerE17ContainerPositionIiENSt7__cxx1112basic_stringIcSt11char_traitsIcESaIcEEEE16pointincontainerER5PointIiERS4_
FNDA:47,_ZN6OctreeIiSt10shared_ptrI10IContainerE17ContainerPositionIiENSt7__cxx1112basic_stringIcSt11char_traitsIcESaIcEEEE5splitES0_INSB_4NodeEE
FNDA:12686,_ZNK6OctreeIiSt10shared_ptrI10IContainerE17ContainerPositionIiENSt7__cxx1112basic_stringIcSt11char_traitsIcESaIcEEEE14searchUnderOctES0_INSB_4NodeEERSt6vectorISt4pairIS4_S2_ESaISG_EE
FNDA:27257,_ZNK6OctreeIiSt10shared_ptrI10IContainerE17ContainerPositionIiENSt7__cxx1112basic_stringIcSt11char_traitsIcESaIcEEEE11searchDepthES0_INSB_4NodeEERSt6vectorISt4pairIS4_S2_ESaISG_EE
FNDA:5963,_ZNK6OctreeIiSt10shared_ptrI10IContainerE17ContainerPositionIiENSt7__cxx1112basic_stringIcSt11char_traitsIcESaIcEEEE12SearchInsertES2_S4_S0_INSB_4NodeEERSD_RSt6vectorISt4pairIS4_S2_ESaISH_EERb
FNDA:274,_ZNK6OctreeIiSt10shared_ptrI10IContainerE17ContainerPositionIiENSt7__cxx1112basic_stringIcSt11char_traitsIcESaIcEEEE7searchRESA_S0_INSB_4NodeEERSD_5PointIiE
FNDA:252,_ZN6OctreeIiSt10shared_ptrI10IContainerE17ContainerPositionIiENSt7__cxx1112basic_stringIcSt11char_traitsIcESaIcEEEE7removeRESA_S0_INSB_4NodeEERbRSD_5PointIiE
FNDA:34,_ZNK6OctreeIiSt10shared_ptrI10IContainerE17ContainerPositionIiENSt7__cxx1112basic_stringIcSt11char_traitsIcESaIcEEEE14checkEmptyNodeES0_INSB_4NodeEE
FNDA:85,_ZN6OctreeIiSt10shared_ptrI10IContainerE17ContainerPositionIiENSt7__cxx1112basic_stringIcSt11char_traitsIcESaIcEEEE6meargeES0_INSB_4NodeEE
FNDA:85,_ZN6OctreeIiSt10shared_ptrI10IContainerE17ContainerPositionIiENSt7__cxx1112basic_stringIcSt11char_traitsIcESaIcEEEE17decreaseHightTreeES0_INSB_4NodeEE
FNDA:28,_ZN6OctreeIiSt10shared_ptrI10IContainerE17ContainerPositionIiENSt7__cxx1112basic_stringIcSt11char_traitsIcESaIcEEEE6UpdateES0_INSB_4NodeEE
FNDA:3998,_ZNK6OctreeIiSt10shared_ptrI10IContainerE17ContainerPositionIiENSt7__cxx1112basic_stringIcSt11char_traitsIcESaIcEEEE13ContainEntityES4_S4_
FNDA:1054,_ZNK6OctreeIiSt10shared_ptrI10IContainerE17ContainerPositionIiENSt7__cxx1112basic_stringIcSt11char_traitsIcESaIcEEEE14checkCollisionES2_S4_St6vectorISt4pairIS4_S2_ESaISE_EE
FNDA:271,_ZN6OctreeIiSt10shared_ptrI10IContainerE17ContainerPositionIiENSt7__cxx1112basic_stringIcSt11char_traitsIcESaIcEEEE6numberERK5PointIiE
FNDA:62,_ZN6OctreeIiSt10shared_ptrI10IContainerE17ContainerPositionIiENSt7__cxx1112basic_stringIcSt11char_traitsIcESaIcEEEE10parsePointERKSA_
FNDA:402,_ZN11BoundingBoxIiEC2ERK5PointIiES4_
FNDA:18060,_ZNK11BoundingBoxIiE8containsER5PointIiE
FNDA:201,_ZNK11BoundingBoxIiE7isValidEi
FNDA:213,_ZN6OctreeIiSt10shared_ptrI10IContainerE17ContainerPositionIiENSt7__cxx1112basic_stringIcSt11char_traitsIcESaIcEEEE4NodeC2E11BoundingBoxIiE
FNDA:1662,_ZNK6OctreeIiSt10shared_ptrI10IContainerE17ContainerPositionIiENSt7__cxx1112basic_stringIcSt11char_traitsIcESaIcEEEE4Node6isLeafEv
FNDA:10433,_ZZNK6OctreeIiSt10shared_ptrI10IContainerE17ContainerPositionIiENSt7__cxx1112basic_stringIcSt11char_traitsIcESaIcEEEE4Node6isLeafEvENKUlRKS0_ISC_EE_clESF_
FNDA:13,_ZN6OctreeIiSt10shared_ptrI10IContainerE17ContainerPositionIiENSt7__cxx1112basic_stringIcSt11char_traitsIcESaIcEEEE4Node6getConEv
FNF:47
FNH:47
DA:66,402
DA:68,18060
DA:69,18060
DA:72,201
DA:73,201
DA:74,201
DA:75,201
DA:76,201
DA:92,213
DA:94,1662
DA:95,12095
DA:98,13
DA:99,13
DA:117,7
DA:118,7
DA:119,7
DA:121,7
DA:124,314
DA:125,314
DA:126,0
DA:128,314
DA:132,95
DA:133,95
DA:134,0
DA:136,95
DA:137,95
DA:138,95
DA:139,855
DA:140,760
DA:141,88
DA:144,95
DA:145,95
DA:160,102
DA:161,102
DA:173,34
DA:174,37
DA:175,37
DA:176,37
DA:184,7
DA:185,7
DA:189,190
DA:190,190
DA:191,0
DA:193,190
DA:194,190
DA:195,47
DA:196,47
DA:198,190
DA:202,11
DA:203,11
DA:204,11
DA:208,28
DA:209,28
DA:210,28
DA:211,28
DA:212,28
DA:213,28
DA:214,0
DA:216,28
DA:217,28
DA:218,28
DA:219,28
DA:222,34
DA:223,34
DA:224,34
DA:225,34
DA:226,34
DA:227,0
DA:231,241
DA:232,241
DA:233,241
DA:234,241
DA:235,0
DA:238,3387
DA:239,3387
DA:240,3387
DA:241,3387
DA:242,3387
DA:243,3387
DA:244,3387
DA:247,8613
DA:249,8613
DA:253,8613
DA:255,8613
DA:259,8967
DA:261,8967
DA:265,8967
DA:267,8967
DA:271,8408
DA:273,8408
DA:277,8258
DA:279,8258
DA:283,2156
DA:285,2156
DA:288,1779
DA:290,1779
DA:294,1727
DA:296,1727
DA:300,1611
DA:302,1611
DA:307,155
DA:309,155
DA:313,553
DA:315,553
DA:324,234
DA:327,234
DA:328,234
DA:329,234
DA:330,234
DA:331,234
DA:332,234
DA:333,234
DA:341,47
DA:342,47
DA:343,25
DA:345,47
DA:346,0
DA:349,47
DA:350,47
DA:352,47
DA:353,47
DA:354,47
DA:356,47
DA:357,47
DA:358,47
DA:359,47
DA:360,47
DA:361,47
DA:362,47
DA:363,47
DA:365,69
DA:366,22
DA:367,22
DA:368,69
DA:369,25
DA:372,22
DA:373,22
DA:374,22
DA:375,22
DA:376,22
DA:377,22
DA:378,22
DA:379,22
DA:380,22
DA:381,22
DA:382,22
DA:383,22
DA:384,22
DA:385,22
DA:386,22
DA:387,22
DA:389,134
DA:390,112
DA:392,312
DA:393,405
DA:394,215
DA:395,204
DA:396,200
DA:397,194
DA:398,188
DA:399,499
DA:400,94
DA:401,94
DA:402,94
DA:403,94
DA:407,112
DA:408,94
DA:410,18
DA:417,12686
DA:418,12686
DA:419,11232
DA:421,1454
DA:422,1014
DA:424,13086
DA:425,11632
DA:430,27257
DA:431,27257
DA:432,23880
DA:434,3377
DA:435,760
DA:437,30393
DA:438,27016
DA:443,5963
DA:444,5963
DA:445,0
DA:447,8356
DA:448,1531
DA:449,1398
DA:450,8356
DA:451,4618
DA:453,1345
DA:454,1188
DA:456,1345
DA:457,2898
DA:458,2576
DA:461,1345
DA:463,1054
DA:465,1054
DA:466,297
DA:467,297
DA:469,757
DA:470,757
DA:472,291
DA:473,208
DA:475,83
DA:479,274
DA:480,274
DA:481,0
DA:483,274
DA:484,213
DA:486,61
DA:487,136
DA:488,112
DA:489,29
DA:490,29
DA:494,32
DA:495,270
DA:496,240
DA:502,252
DA:503,252
DA:504,0
DA:506,252
DA:507,175
DA:509,77
DA:510,21
DA:512,56
DA:513,187
DA:514,159
DA:515,28
DA:516,28
DA:517,28
DA:519,28
DA:520,28
DA:521,28
DA:525,28
DA:526,252
DA:527,224
DA:534,34
DA:535,34
DA:536,85
DA:537,78
DA:538,19
DA:541,7
DA:544,85
DA:545,85
DA:546,81
DA:547,72
DA:548,13
DA:549,13
DA:552,81
DA:553,72
DA:557,85
DA:558,85
DA:559,76
DA:561,81
DA:562,72
DA:564,9
DA:565,45
DA:566,40
DA:567,40
DA:568,40
DA:575,28
DA:576,28
DA:577,28
DA:578,3
DA:579,3
DA:580,3
DA:582,25
DA:583,10
DA:584,10
DA:586,28
DA:589,3998
DA:591,3998
DA:592,3998
DA:593,3998
DA:594,3998
DA:595,3998
DA:596,3998
DA:599,3998
DA:600,3998
DA:601,3998
DA:602,3998
DA:603,3998
DA:604,3998
DA:607,3347
DA:608,8682
DA:609,5335
DA:613,1054
DA:614,8293
DA:615,3998
DA:616,757
DA:619,297
DA:623,271
DA:624,271
DA:628,62
DA:632,62
DA:633,62
DA:634,62
DA:635,62
DA:636,62
DA:637,62
DA:638,62
DA:639,62
DA:640,62
LF:304
LH:294
end_of_record
TN:
SF:/mnt/c/Lab3OOP-delitel/Octree/Point.hpp
FN:17,17,_ZN5PointIiEC2Eiii
FN:18,18,_ZN5PointIiEC2Ev
FN:9,11,_ZNK5PointIiEeqERKS0_
FNDA:1241,_ZN5PointIiEC2Eiii
FNDA:27318,_ZN5PointIiEC2Ev
FNDA:609,_ZNK5PointIiEeqERKS0_
FNF:3
FNH:3
DA:9,609
DA:10,609
DA:17,1241
DA:18,27318
LF:4
LH:4
end_of_record
TN:
SF:/mnt/c/Lab3OOP-delitel/Storage/Storage.cpp
FN:13,15,_ZN7Storage24addExternalCheckFunctionERKSt8functionIFvRS_St10shared_ptrI10IContainerE17ContainerPositionIiEEE
FN:143,166,_ZN7Storage20searchUnderContainerER17ContainerPositionIiE
FN:169,192,_ZN7Storage20searchUpperContainerER17ContainerPositionIiE
FN:18,32,_ZN7StorageC2Eiiiid
FN:196,204,_ZN7Storage13calculatemassESt6vectorISt4pairI17ContainerPositionIiESt10shared_ptrI10IContainerEESaIS7_EEm
FN:207,232,_ZN7Storage12checkSupportER17ContainerPositionIiESt6vectorISt4pairIS1_St10shared_ptrI10IContainerEESaIS8_EE
FN:234,246,_ZN7Storage12addContainerESt10shared_ptrI10IContainerEiii
FN:251,255,_ZNK7Storage19getInfoAboutStorageB5cxx11Ev
FN:259,280,_ZN7Storage7isNoTopERK17ContainerPositionIiE
FN:26,28,_ZZN7StorageC4EiiiidENKUlRS_St10shared_ptrI10IContainerE17ContainerPositionIiEE_clES0_S3_S5_
FN:284,314,_ZN7Storage13moveContainerENSt7__cxx1112basic_stringIcSt11char_traitsIcESaIcEEEiii
FN:29,31,_ZZN7StorageC4EiiiidENKUlRS_St10shared_ptrI10IContainerE17ContainerPositionIiEE0_clES0_S3_S5_
FN:318,358,_ZN7Storage15rotateContainerENSt7__cxx1112basic_stringIcSt11char_traitsIcESaIcEEEi
FN:35,37,_ZN7Storage15comparePositionERSt4pairI17ContainerPositionIiESt10shared_ptrI10IContainerEES7_
FN:361,382,_ZN7Storage10multitreadESt10shared_ptrI10IContainerEiii
FN:384,401,_ZN7Storage13addContainerRESt10shared_ptrI10IContainerEii
FN:40,42,_ZN7Storage22comparePositionReverseERSt4pairI17ContainerPositionIiESt10shared_ptrI10IContainerEES7_
FN:403,418,_ZN7Storage12addContainerB5cxx11ESt10shared_ptrI10IContainerE
FN:421,480,_ZN7Storage15removeContainerENSt7__cxx1112basic_stringIcSt11char_traitsIcESaIcEEE
FN:45,61,_ZN7StorageaSERKS_
FN:483,497,_ZNK7Storage7getInfoB5cxx11Ev
FN:500,516,_ZN7Storage9howContaiESt10shared_ptrI10IContainerERSt6vectorImSaImEEm
FN:519,529,_ZN7Storage12howContainerESt10shared_ptrI10IContainerE
FN:528,528,_ZZN7Storage12howContainerESt10shared_ptrI10IContainerEENKUliiE_clEii
FN:532,545,_ZN7Storage4findENSt7__cxx1112basic_stringIcSt11char_traitsIcESaIcEEE
FN:548,560,_ZNK7Storage17getListContainersB5cxx11Ev
FN:563,576,_ZN7Storage16checkTemperatureERS_St10shared_ptrI10IContainerE17ContainerPositionIiE
FN:579,605,_ZN7Storage13checkPressureERS_St10shared_ptrI10IContainerE17ContainerPositionIiE
FN:608,620,_ZN7Storage24searchAllContainersUpperENSt7__cxx114listISt4pairI17ContainerPositionIiESt10shared_ptrI10IContainerEESaIS8_EEE
FN:64,76,_ZN7StorageC2ERKS_
FN:79,93,_ZN7Storage7getSizeEiii
FN:98,140,_ZN7Storage26calculateContainerPositionEiiiiii
FNDA:1,_ZN7Storage24addExternalCheckFunctionERKSt8functionIFvRS_St10shared_ptrI10IContainerE17ContainerPositionIiEEE
FNDA:178,_ZN7Storage20searchUnderContainerER17ContainerPositionIiE
FNDA:28,_ZN7Storage20searchUpperContainerER17ContainerPositionIiE
FNDA:26,_ZN7StorageC2Eiiiid
FNDA:24,_ZN7Storage13calculatemassESt6vectorISt4pairI17ContainerPositionIiESt10shared_ptrI10IContainerEESaIS7_EEm
FNDA:177,_ZN7Storage12checkSupportER17ContainerPositionIiESt6vectorISt4pairIS1_St10shared_ptrI10IContainerEESaIS8_EE
FNDA:134,_ZN7Storage12addContainerESt10shared_ptrI10IContainerEiii
FNDA:4,_ZNK7Storage19getInfoAboutStorageB5cxx11Ev
FNDA:6,_ZN7Storage7isNoTopERK17ContainerPositionIiE
FNDA:243,_ZZN7StorageC4EiiiidENKUlRS_St10shared_ptrI10IContainerE17ContainerPositionIiEE_clES0_S3_S5_
FNDA:5,_ZN7Storage13moveContainerENSt7__cxx1112basic_stringIcSt11char_traitsIcESaIcEEEiii
FNDA:241,_ZZN7StorageC4EiiiidENKUlRS_St10shared_ptrI10IContainerE17ContainerPositionIiEE0_clES0_S3_S5_
FNDA:5,_ZN7Storage15rotateContainerENSt7__cxx1112basic_stringIcSt11char_traitsIcESaIcEEEi
FNDA:935,_ZN7Storage15comparePositionERSt4pairI17ContainerPositionIiESt10shared_ptrI10IContainerEES7_
FNDA:3254,_ZN7Storage10multitreadESt10shared_ptrI10IContainerEiii
FNDA:124,_ZN7Storage13addContainerRESt10shared_ptrI10IContainerEii
FNDA:74,_ZN7Storage22comparePositionReverseERSt4pairI17ContainerPositionIiESt10shared_ptrI10IContainerEES7_
FNDA:68,_ZN7Storage12addContainerB5cxx11ESt10shared_ptrI10IContainerE
FNDA:10,_ZN7Storage15removeContainerENSt7__cxx1112basic_stringIcSt11char_traitsIcESaIcEEE
FNDA:3,_ZN7StorageaSERKS_
FNDA:15,_ZNK7Storage7getInfoB5cxx11Ev
FNDA:6,_ZN7Storage9howContaiESt10shared_ptrI10IContainerERSt6vectorImSaImEEm
FNDA:1,_ZN7Storage12howContainerESt10shared_ptrI10IContainerE
FNDA:6,_ZZN7Storage12howContainerESt10shared_ptrI10IContainerEENKUliiE_clEii
FNDA:15,_ZN7Storage4findENSt7__cxx1112basic_stringIcSt11char_traitsIcESaIcEEE
FNDA:7,_ZNK7Storage17getListContainersB5cxx11Ev
FNDA:243,_ZN7Storage16checkTemperatureERS_St10shared_ptrI10IContainerE17ContainerPositionIiE
FNDA:241,_ZN7Storage13checkPressureERS_St10shared_ptrI10IContainerE17ContainerPositionIiE
FNDA:6,_ZN7Storage24searchAllContainersUpperENSt7__cxx114listISt4pairI17ContainerPositionIiESt10shared_ptrI10IContainerEESaIS8_EEE
FNDA:8,_ZN7StorageC2ERKS_
FNDA:4,_ZN7Storage7getSizeEiii
FNDA:3387,_ZN7Storage26calculateContainerPositionEiiiiii
FNF:32
FNH:32
DA:13,1
DA:14,1
DA:15,1
DA:18,26
DA:19,26
DA:20,26
DA:21,26
DA:22,26
DA:23,26
DA:24,26
DA:25,26
DA:26,26
DA:27,243
DA:28,241
DA:29,26
DA:30,241
DA:31,131
DA:32,26
DA:35,935
DA:36,935
DA:40,74
DA:41,74
DA:45,3
DA:46,3
DA:47,3
DA:48,3
DA:49,3
DA:50,3
DA:51,3
DA:52,3
DA:53,3
DA:54,3
DA:55,13
DA:56,10
DA:58,3
DA:59,3
DA:60,3
DA:64,8
DA:65,8
DA:66,8
DA:67,8
DA:68,8
DA:69,20
DA:70,12
DA:71,12
DA:72,20
DA:73,12
DA:75,8
DA:76,8
DA:79,4
DA:80,4
DA:81,1
DA:83,3
DA:84,3
DA:85,3
DA:86,13
DA:87,10
DA:89,13
DA:90,10
DA:92,3
DA:93,3
DA:98,3387
DA:99,3387
DA:101,3387
DA:102,3387
DA:103,3387
DA:106,3387
DA:107,3387
DA:108,3387
DA:111,3387
DA:112,3387
DA:113,3387
DA:116,3387
DA:117,3387
DA:118,3387
DA:121,3387
DA:122,3387
DA:123,3387
DA:126,3387
DA:127,3387
DA:128,3387
DA:131,3387
DA:132,3387
DA:133,3387
DA:136,3387
DA:137,3387
DA:138,3387
DA:139,3387
DA:143,178
DA:144,178
DA:145,178
DA:146,178
DA:147,178
DA:148,178
DA:149,178
DA:150,178
DA:151,178
DA:152,178
DA:153,178
DA:154,1963
DA:155,1785
DA:157,3264
DA:158,3811
DA:159,547
DA:160,546
DA:161,546
DA:164,178
DA:165,178
DA:166,178
DA:169,28
DA:170,28
DA:171,28
DA:172,28
DA:173,28
DA:174,28
DA:175,28
DA:176,28
DA:177,28
DA:178,28
DA:179,28
DA:180,375
DA:181,347
DA:183,629
DA:184,776
DA:185,147
DA:186,47
DA:187,47
DA:190,28
DA:191,28
DA:192,28
DA:196,24
DA:197,24
DA:198,43
DA:199,19
DA:200,19
DA:203,24
DA:207,177
DA:208,177
DA:209,177
DA:210,177
DA:211,177
DA:212,177
DA:214,186
DA:215,183
DA:216,174
DA:218,183
DA:219,105
DA:221,78
DA:222,61
DA:224,78
DA:225,55
DA:227,78
DA:228,69
DA:231,3
DA:234,134
DA:235,134
DA:236,1
DA:238,133
DA:239,133
DA:240,133
DA:241,3
DA:243,136
DA:244,124
DA:245,124
DA:246,133
DA:251,4
DA:252,8
DA:253,12
DA:254,4
DA:259,6
DA:260,6
DA:261,6
DA:262,6
DA:263,6
DA:264,6
DA:265,6
DA:266,6
DA:267,6
DA:268,6
DA:270,22
DA:271,18
DA:272,30
DA:273,38
DA:274,8
DA:275,2
DA:277,18
DA:279,4
DA:280,6
DA:284,5
DA:285,5
DA:286,1
DA:288,4
DA:289,4
DA:290,1
DA:292,3
DA:293,9
DA:294,9
DA:295,3
DA:296,3
DA:297,3
DA:298,3
DA:301,3
DA:302,1
DA:303,1
DA:304,1
DA:307,3
DA:308,1
DA:309,1
DA:310,1
DA:311,1
DA:312,1
DA:313,1
DA:314,6
DA:318,5
DA:319,5
DA:320,5
DA:321,1
DA:323,4
DA:324,5
DA:325,5
DA:326,4
DA:327,4
DA:328,4
DA:329,4
DA:332,4
DA:333,4
DA:334,1
DA:335,1
DA:336,1
DA:338,3
DA:339,3
DA:340,1
DA:341,1
DA:342,1
DA:344,2
DA:345,2
DA:346,2
DA:347,2
DA:349,3
DA:350,1
DA:351,1
DA:352,1
DA:353,1
DA:354,1
DA:355,1
DA:356,1
DA:357,1
DA:358,12
DA:361,3254
DA:362,3254
DA:363,3254
DA:364,3254
DA:365,3254
DA:366,3254
DA:367,3254
DA:368,3087
DA:370,273
DA:371,61
DA:372,61
DA:373,61
DA:374,61
DA:375,61
DA:376,61
DA:378,0
DA:379,0
DA:380,0
DA:382,6508
DA:384,124
DA:385,124
DA:386,205
DA:387,1185
DA:388,4297
DA:390,3310
DA:391,56
DA:393,6447
DA:394,61
DA:395,3193
DA:396,3193
DA:400,7
DA:401,124
DA:403,68
DA:404,68
DA:405,192
DA:406,124
DA:407,124
DA:409,192
DA:410,124
DA:412,68
DA:413,14
DA:415,61
DA:416,61
DA:418,68
DA:421,10
DA:422,10
DA:423,11
DA:424,9
DA:425,9
DA:427,3
DA:430,6
DA:431,6
DA:432,6
DA:433,6
DA:434,6
DA:439,25
DA:440,19
DA:441,19
DA:442,19
DA:446,6
DA:449,6
DA:450,24
DA:451,19
DA:452,19
DA:455,19
DA:456,1
DA:457,1
DA:458,0
DA:460,1
DA:461,2
DA:462,1
DA:464,1
DA:469,18
DA:473,20
DA:475,23
DA:476,18
DA:478,5
DA:479,9
DA:480,12
DA:483,15
DA:484,15
DA:485,15
DA:486,15
DA:487,2
DA:489,99
DA:490,85
DA:491,170
DA:492,340
DA:493,255
DA:496,14
DA:497,15
DA:500,6
DA:501,6
DA:502,6
DA:503,6
DA:506,48
DA:507,42
DA:508,42
DA:509,42
DA:511,6
DA:512,6
DA:515,6
DA:516,6
DA:519,1
DA:520,1
DA:521,1
DA:522,7
DA:523,6
DA:525,7
DA:526,6
DA:528,8
DA:529,1
DA:532,15
DA:533,15
DA:534,15
DA:535,2
DA:537,13
DA:538,20
DA:539,20
DA:540,13
DA:541,13
DA:543,13
DA:544,13
DA:545,15
DA:548,7
DA:549,7
DA:550,7
DA:551,102
DA:552,95
DA:553,94
DA:554,64
DA:557,95
DA:559,7
DA:560,7
DA:563,243
DA:564,243
DA:565,243
DA:566,241
DA:568,2
DA:569,0
DA:571,4
DA:572,2
DA:574,2
DA:576,243
DA:579,241
DA:580,241
DA:581,0
DA:583,241
DA:584,178
DA:585,178
DA:586,1
DA:588,177
DA:589,108
DA:591,246
DA:592,178
DA:593,178
DA:594,154
DA:596,178
DA:597,178
DA:598,154
DA:600,24
DA:601,1
DA:603,178
DA:604,178
DA:605,131
DA:608,6
DA:609,25
DA:610,19
DA:611,19
DA:612,40
DA:613,28
DA:614,0
DA:618,19
DA:619,6
LF:422
LH:415
end_of_record
TN:
SF:/mnt/c/Lab3OOP-delitel/Terminal/Terminal.cpp
FN:10,16,_ZN8Terminal6removeEi
FN:18,23,_ZN8Terminal14setsizeStorageEiiii
FN:25,32,_ZN8Terminal10getallInfoERSo
FN:3,8,_ZN8Terminal3addEiP7Storage
FN:35,40,_ZN8Terminal4findEi
FN:42,47,_ZN8TerminalD2Ev
FNDA:2,_ZN8Terminal6removeEi
FNDA:2,_ZN8Terminal14setsizeStorageEiiii
FNDA:1,_ZN8Terminal10getallInfoERSo
FNDA:8,_ZN8Terminal3addEiP7Storage
FNDA:2,_ZN8Terminal4findEi
FNDA:9,_ZN8TerminalD2Ev
FNF:6
FNH:6
DA:3,8
DA:4,8
DA:5,1
DA:7,7
DA:8,7
DA:10,2
DA:11,2
DA:12,1
DA:14,1
DA:15,1
DA:16,1
DA:18,2
DA:19,2
DA:20,1
DA:22,1
DA:23,1
DA:25,1
DA:26,2
DA:27,1
DA:28,1
DA:29,1
DA:30,1
DA:32,1
DA:35,2
DA:36,2
DA:37,1
DA:39,1
DA:42,9
DA:43,15
DA:44,6
DA:46,9
DA:47,9
LF:32
LH:32
end_of_record
