TN:
SF:/mnt/c/OOP/nw3/Lab3OOP/Checker/Checker.hpp
FN:25,25,_ZN7CheckerIiEC2Ev
FN:27,28,_ZN7CheckerIiEC2ERKS0_
FN:30,32,_ZN7CheckerIiE16addCheckFunctionESt8functionIFvR7StorageSt10shared_ptrI10IContainerE17ContainerPositionIiEEE
FN:43,47,_ZNK7CheckerIiE11applyChecksER7StorageSt10shared_ptrI10IContainerE17ContainerPositionIiE
FNDA:34,_ZN7CheckerIiEC2Ev
FNDA:11,_ZN7CheckerIiEC2ERKS0_
FNDA:53,_ZN7CheckerIiE16addCheckFunctionESt8functionIFvR7StorageSt10shared_ptrI10IContainerE17ContainerPositionIiEEE
FNDA:228,_ZNK7CheckerIiE11applyChecksER7StorageSt10shared_ptrI10IContainerE17ContainerPositionIiE
FNF:4
FNH:4
DA:25,34
DA:27,11
DA:28,11
DA:30,53
DA:31,53
DA:32,53
DA:43,228
DA:44,545
DA:45,375
DA:47,199
LF:10
LH:10
end_of_record
TN:
SF:/mnt/c/OOP/nw3/Lab3OOP/Octree/ContainerPosition.hpp
FN:12,12,_ZN17ContainerPositionIiEC2Ev
FN:18,23,_ZNK17ContainerPositionIiEeqERKS0_
FNDA:3372,_ZN17ContainerPositionIiEC2Ev
FNDA:201,_ZNK17ContainerPositionIiEeqERKS0_
FNF:2
FNH:2
DA:12,3372
DA:18,201
DA:19,327
DA:20,189
DA:21,189
DA:22,327
LF:6
LH:6
end_of_record
TN:
SF:/mnt/c/OOP/nw3/Lab3OOP/Octree/Octree.hpp
FN:112,116,_ZN6OctreeIiSt10shared_ptrI10IContainerE17ContainerPositionIiEE8iteratorC2ES0_INS5_4NodeEE
FN:118,120,_ZN6OctreeIiSt10shared_ptrI10IContainerE17ContainerPositionIiEE8iteratordeEv
FN:123,133,_ZN6OctreeIiSt10shared_ptrI10IContainerE17ContainerPositionIiEE8iteratorppEv
FN:136,138,_ZNK6OctreeIiSt10shared_ptrI10IContainerE17ContainerPositionIiEE8iteratorneERKS6_
FN:145,148,_ZN6OctreeIiSt10shared_ptrI10IContainerE17ContainerPositionIiEEC2E11BoundingBoxIiEi
FN:156,158,_ZN6OctreeIiSt10shared_ptrI10IContainerE17ContainerPositionIiEE5beginEv
FN:160,162,_ZN6OctreeIiSt10shared_ptrI10IContainerE17ContainerPositionIiEE3endEv
FN:165,175,_ZN6OctreeIiSt10shared_ptrI10IContainerE17ContainerPositionIiEE6insertES2_RS4_S0_INS5_4NodeEE
FN:178,231,_ZN6OctreeIiSt10shared_ptrI10IContainerE17ContainerPositionIiEE5splitES0_INS5_4NodeEE
FN:233,236,_ZN6OctreeIiSt10shared_ptrI10IContainerE17ContainerPositionIiEE5CloneEv
FN:240,250,_ZN6OctreeIiSt10shared_ptrI10IContainerE17ContainerPositionIiEE6removeENSt7__cxx1112basic_stringIcSt11char_traitsIcESaIcEEE
FN:253,257,_ZN6OctreeIiSt10shared_ptrI10IContainerE17ContainerPositionIiEE6searchENSt7__cxx1112basic_stringIcSt11char_traitsIcESaIcEEE
FN:260,264,_ZN6OctreeIiSt10shared_ptrI10IContainerE17ContainerPositionIiEE5findIENSt7__cxx1112basic_stringIcSt11char_traitsIcESaIcEEE
FN:267,271,_ZN6OctreeIiSt10shared_ptrI10IContainerE17ContainerPositionIiEE11searchDepthEv
FN:274,280,_ZN6OctreeIiSt10shared_ptrI10IContainerE17ContainerPositionIiEE12SearchInsertES2_S4_
FN:288,291,_ZN6OctreeIiSt10shared_ptrI10IContainerE17ContainerPositionIiEE7getMinXERS4_
FN:294,297,_ZN6OctreeIiSt10shared_ptrI10IContainerE17ContainerPositionIiEE7getMaxXERS4_
FN:300,303,_ZN6OctreeIiSt10shared_ptrI10IContainerE17ContainerPositionIiEE7getMinYERS4_
FN:306,309,_ZN6OctreeIiSt10shared_ptrI10IContainerE17ContainerPositionIiEE7getMaxYERS4_
FN:312,315,_ZN6OctreeIiSt10shared_ptrI10IContainerE17ContainerPositionIiEE7getMinZERS4_
FN:318,321,_ZN6OctreeIiSt10shared_ptrI10IContainerE17ContainerPositionIiEE7getMaxZERS4_
FN:324,327,_ZN6OctreeIiSt10shared_ptrI10IContainerE17ContainerPositionIiEE7getMinXERKS4_
FN:329,332,_ZN6OctreeIiSt10shared_ptrI10IContainerE17ContainerPositionIiEE7getMaxXERKS4_
FN:335,338,_ZN6OctreeIiSt10shared_ptrI10IContainerE17ContainerPositionIiEE7getMinYERKS4_
FN:341,344,_ZN6OctreeIiSt10shared_ptrI10IContainerE17ContainerPositionIiEE7getMaxYERKS4_
FN:348,351,_ZN6OctreeIiSt10shared_ptrI10IContainerE17ContainerPositionIiEE7getMinZERKS4_
FN:354,357,_ZN6OctreeIiSt10shared_ptrI10IContainerE17ContainerPositionIiEE7getMaxZERKS4_
FN:365,375,_ZN6OctreeIiSt10shared_ptrI10IContainerE17ContainerPositionIiEE16pointincontainerER5PointIiERS4_
FN:381,391,_ZN6OctreeIiSt10shared_ptrI10IContainerE17ContainerPositionIiEE14searchUnderOctES0_INS5_4NodeEERSt6vectorISt4pairIS4_S2_ESaISA_EE
FN:394,411,_ZN6OctreeIiSt10shared_ptrI10IContainerE17ContainerPositionIiEE5findIENSt7__cxx1112basic_stringIcSt11char_traitsIcESaIcEEES0_INS5_4NodeEEPSt4pairIS4_S2_E
FN:414,424,_ZN6OctreeIiSt10shared_ptrI10IContainerE17ContainerPositionIiEE11searchDepthES0_INS5_4NodeEERSt6vectorISt4pairIS4_S2_ESaISA_EE
FN:427,460,_ZN6OctreeIiSt10shared_ptrI10IContainerE17ContainerPositionIiEE12SearchInsertES2_S4_S0_INS5_4NodeEERS7_RSt6vectorISt4pairIS4_S2_ESaISB_EERb
FN:463,480,_ZN6OctreeIiSt10shared_ptrI10IContainerE17ContainerPositionIiEE7searchRENSt7__cxx1112basic_stringIcSt11char_traitsIcESaIcEEES0_INS5_4NodeEERSD_
FN:483,510,_ZN6OctreeIiSt10shared_ptrI10IContainerE17ContainerPositionIiEE7removeRENSt7__cxx1112basic_stringIcSt11char_traitsIcESaIcEEES0_INS5_4NodeEERbRSD_
FN:513,521,_ZN6OctreeIiSt10shared_ptrI10IContainerE17ContainerPositionIiEE14checkEmptyNodeES0_INS5_4NodeEE
FN:523,534,_ZN6OctreeIiSt10shared_ptrI10IContainerE17ContainerPositionIiEE6meargeES0_INS5_4NodeEE
FN:536,551,_ZN6OctreeIiSt10shared_ptrI10IContainerE17ContainerPositionIiEE17decreaseHightTreeES0_INS5_4NodeEE
FN:554,565,_ZN6OctreeIiSt10shared_ptrI10IContainerE17ContainerPositionIiEE6UpdateES0_INS5_4NodeEE
FN:568,589,_ZNK6OctreeIiSt10shared_ptrI10IContainerE17ContainerPositionIiEE13ContainEntityES4_S4_
FN:592,599,_ZNK6OctreeIiSt10shared_ptrI10IContainerE17ContainerPositionIiEE14checkCollisionES2_S4_St6vectorISt4pairIS4_S2_ESaIS8_EE
FN:61,61,_ZN11BoundingBoxIiEC2ERK5PointIiES4_
FN:613,615,_ZNK6OctreeIiSt10shared_ptrI10IContainerE17ContainerPositionIiEE6numberB5cxx11ERK5PointIiE
FN:63,65,_ZNK11BoundingBoxIiE8containsER5PointIiE
FN:86,86,_ZN6OctreeIiSt10shared_ptrI10IContainerE17ContainerPositionIiEE4NodeC2E11BoundingBoxIiEi
FN:88,90,_ZNK6OctreeIiSt10shared_ptrI10IContainerE17ContainerPositionIiEE4Node6isLeafEv
FN:89,89,_ZZNK6OctreeIiSt10shared_ptrI10IContainerE17ContainerPositionIiEE4Node6isLeafEvENKUlRKS0_IS6_EE_clES9_
FNDA:93,_ZN6OctreeIiSt10shared_ptrI10IContainerE17ContainerPositionIiEE8iteratorC2ES0_INS5_4NodeEE
FNDA:268,_ZN6OctreeIiSt10shared_ptrI10IContainerE17ContainerPositionIiEE8iteratordeEv
FNDA:79,_ZN6OctreeIiSt10shared_ptrI10IContainerE17ContainerPositionIiEE8iteratorppEv
FNDA:86,_ZNK6OctreeIiSt10shared_ptrI10IContainerE17ContainerPositionIiEE8iteratorneERKS6_
FNDA:37,_ZN6OctreeIiSt10shared_ptrI10IContainerE17ContainerPositionIiEEC2E11BoundingBoxIiEi
FNDA:7,_ZN6OctreeIiSt10shared_ptrI10IContainerE17ContainerPositionIiEE5beginEv
FNDA:86,_ZN6OctreeIiSt10shared_ptrI10IContainerE17ContainerPositionIiEE3endEv
FNDA:190,_ZN6OctreeIiSt10shared_ptrI10IContainerE17ContainerPositionIiEE6insertES2_RS4_S0_INS5_4NodeEE
FNDA:17,_ZN6OctreeIiSt10shared_ptrI10IContainerE17ContainerPositionIiEE5splitES0_INS5_4NodeEE
FNDA:11,_ZN6OctreeIiSt10shared_ptrI10IContainerE17ContainerPositionIiEE5CloneEv
FNDA:28,_ZN6OctreeIiSt10shared_ptrI10IContainerE17ContainerPositionIiEE6removeENSt7__cxx1112basic_stringIcSt11char_traitsIcESaIcEEE
FNDA:19,_ZN6OctreeIiSt10shared_ptrI10IContainerE17ContainerPositionIiEE6searchENSt7__cxx1112basic_stringIcSt11char_traitsIcESaIcEEE
FNDA:15,_ZN6OctreeIiSt10shared_ptrI10IContainerE17ContainerPositionIiEE5findIENSt7__cxx1112basic_stringIcSt11char_traitsIcESaIcEEE
FNDA:162,_ZN6OctreeIiSt10shared_ptrI10IContainerE17ContainerPositionIiEE11searchDepthEv
FNDA:3359,_ZN6OctreeIiSt10shared_ptrI10IContainerE17ContainerPositionIiEE12SearchInsertES2_S4_
FNDA:8837,_ZN6OctreeIiSt10shared_ptrI10IContainerE17ContainerPositionIiEE7getMinXERS4_
FNDA:8788,_ZN6OctreeIiSt10shared_ptrI10IContainerE17ContainerPositionIiEE7getMaxXERS4_
FNDA:9010,_ZN6OctreeIiSt10shared_ptrI10IContainerE17ContainerPositionIiEE7getMinYERS4_
FNDA:8974,_ZN6OctreeIiSt10shared_ptrI10IContainerE17ContainerPositionIiEE7getMaxYERS4_
FNDA:8667,_ZN6OctreeIiSt10shared_ptrI10IContainerE17ContainerPositionIiEE7getMinZERS4_
FNDA:8581,_ZN6OctreeIiSt10shared_ptrI10IContainerE17ContainerPositionIiEE7getMaxZERS4_
FNDA:1308,_ZN6OctreeIiSt10shared_ptrI10IContainerE17ContainerPositionIiEE7getMinXERKS4_
FNDA:1020,_ZN6OctreeIiSt10shared_ptrI10IContainerE17ContainerPositionIiEE7getMaxXERKS4_
FNDA:969,_ZN6OctreeIiSt10shared_ptrI10IContainerE17ContainerPositionIiEE7getMinYERKS4_
FNDA:775,_ZN6OctreeIiSt10shared_ptrI10IContainerE17ContainerPositionIiEE7getMaxYERKS4_
FNDA:155,_ZN6OctreeIiSt10shared_ptrI10IContainerE17ContainerPositionIiEE7getMinZERKS4_
FNDA:234,_ZN6OctreeIiSt10shared_ptrI10IContainerE17ContainerPositionIiEE7getMaxZERKS4_
FNDA:261,_ZN6OctreeIiSt10shared_ptrI10IContainerE17ContainerPositionIiEE16pointincontainerER5PointIiERS4_
FNDA:13045,_ZN6OctreeIiSt10shared_ptrI10IContainerE17ContainerPositionIiEE14searchUnderOctES0_INS5_4NodeEERSt6vectorISt4pairIS4_S2_ESaISA_EE
FNDA:143,_ZN6OctreeIiSt10shared_ptrI10IContainerE17ContainerPositionIiEE5findIENSt7__cxx1112basic_stringIcSt11char_traitsIcESaIcEEES0_INS5_4NodeEEPSt4pairIS4_S2_E
FNDA:13042,_ZN6OctreeIiSt10shared_ptrI10IContainerE17ContainerPositionIiEE11searchDepthES0_INS5_4NodeEERSt6vectorISt4pairIS4_S2_ESaISA_EE
FNDA:5857,_ZN6OctreeIiSt10shared_ptrI10IContainerE17ContainerPositionIiEE12SearchInsertES2_S4_S0_INS5_4NodeEERS7_RSt6vectorISt4pairIS4_S2_ESaISB_EERb
FNDA:147,_ZN6OctreeIiSt10shared_ptrI10IContainerE17ContainerPositionIiEE7searchRENSt7__cxx1112basic_stringIcSt11char_traitsIcESaIcEEES0_INS5_4NodeEERSD_
FNDA:212,_ZN6OctreeIiSt10shared_ptrI10IContainerE17ContainerPositionIiEE7removeRENSt7__cxx1112basic_stringIcSt11char_traitsIcESaIcEEES0_INS5_4NodeEERbRSD_
FNDA:33,_ZN6OctreeIiSt10shared_ptrI10IContainerE17ContainerPositionIiEE14checkEmptyNodeES0_INS5_4NodeEE
FNDA:79,_ZN6OctreeIiSt10shared_ptrI10IContainerE17ContainerPositionIiEE6meargeES0_INS5_4NodeEE
FNDA:79,_ZN6OctreeIiSt10shared_ptrI10IContainerE17ContainerPositionIiEE17decreaseHightTreeES0_INS5_4NodeEE
FNDA:28,_ZN6OctreeIiSt10shared_ptrI10IContainerE17ContainerPositionIiEE6UpdateES0_INS5_4NodeEE
FNDA:4196,_ZNK6OctreeIiSt10shared_ptrI10IContainerE17ContainerPositionIiEE13ContainEntityES4_S4_
FNDA:1060,_ZNK6OctreeIiSt10shared_ptrI10IContainerE17ContainerPositionIiEE14checkCollisionES2_S4_St6vectorISt4pairIS4_S2_ESaIS8_EE
FNDA:162,_ZN11BoundingBoxIiEC2ERK5PointIiES4_
FNDA:378,_ZNK6OctreeIiSt10shared_ptrI10IContainerE17ContainerPositionIiEE6numberB5cxx11ERK5PointIiE
FNDA:17152,_ZNK11BoundingBoxIiE8containsER5PointIiE
FNDA:173,_ZN6OctreeIiSt10shared_ptrI10IContainerE17ContainerPositionIiEE4NodeC2E11BoundingBoxIiEi
FNDA:1870,_ZNK6OctreeIiSt10shared_ptrI10IContainerE17ContainerPositionIiEE4Node6isLeafEv
FNDA:12055,_ZZNK6OctreeIiSt10shared_ptrI10IContainerE17ContainerPositionIiEE4Node6isLeafEvENKUlRKS0_IS6_EE_clES9_
FNF:46
FNH:46
DA:61,162
DA:63,17152
DA:64,17152
DA:86,173
DA:88,1870
DA:89,13925
DA:112,93
DA:113,93
DA:114,7
DA:116,93
DA:118,268
DA:119,268
DA:123,79
DA:124,79
DA:125,79
DA:126,79
DA:127,711
DA:128,632
DA:129,72
DA:132,79
DA:133,79
DA:136,86
DA:137,86
DA:145,37
DA:146,37
DA:147,37
DA:148,37
DA:156,7
DA:157,7
DA:160,86
DA:161,86
DA:165,190
DA:166,190
DA:167,0
DA:169,190
DA:170,190
DA:171,17
DA:172,17
DA:174,190
DA:178,17
DA:179,17
DA:180,17
DA:182,17
DA:183,17
DA:185,17
DA:186,17
DA:187,17
DA:190,17
DA:191,17
DA:192,17
DA:193,17
DA:194,17
DA:195,17
DA:196,17
DA:197,17
DA:198,17
DA:199,17
DA:200,17
DA:201,17
DA:202,17
DA:203,17
DA:204,17
DA:205,17
DA:207,107
DA:208,90
DA:210,234
DA:211,311
DA:212,176
DA:213,171
DA:214,170
DA:215,162
DA:216,154
DA:217,388
DA:218,77
DA:219,77
DA:220,77
DA:221,77
DA:225,90
DA:226,77
DA:228,13
DA:233,11
DA:234,11
DA:235,11
DA:240,28
DA:241,28
DA:242,28
DA:243,28
DA:244,28
DA:245,0
DA:247,28
DA:248,28
DA:249,28
DA:250,28
DA:253,19
DA:254,19
DA:255,19
DA:256,19
DA:257,0
DA:260,15
DA:261,15
DA:262,15
DA:263,15
DA:264,0
DA:267,162
DA:268,162
DA:269,162
DA:270,162
DA:271,0
DA:274,3359
DA:275,3359
DA:276,3359
DA:277,3349
DA:278,3337
DA:279,6720
DA:280,3370
DA:288,8837
DA:290,8837
DA:294,8788
DA:296,8788
DA:300,9010
DA:302,9010
DA:306,8974
DA:308,8974
DA:312,8667
DA:314,8667
DA:318,8581
DA:320,8581
DA:324,1308
DA:326,1308
DA:329,1020
DA:331,1020
DA:335,969
DA:337,969
DA:341,775
DA:343,775
DA:348,155
DA:350,155
DA:354,234
DA:356,234
DA:365,261
DA:368,261
DA:369,261
DA:370,261
DA:371,261
DA:372,261
DA:373,261
DA:374,261
DA:381,13045
DA:382,13045
DA:383,11560
DA:385,1494
DA:386,1126
DA:388,13521
DA:389,12012
DA:394,143
DA:395,143
DA:396,0
DA:398,143
DA:399,132
DA:400,104
DA:401,13
DA:402,13
DA:406,130
DA:407,144
DA:408,128
DA:414,13042
DA:415,13042
DA:416,11432
DA:418,1610
DA:419,413
DA:421,14490
DA:422,12880
DA:427,5857
DA:428,5857
DA:429,0
DA:431,8218
DA:432,1540
DA:433,1405
DA:434,8205
DA:435,4520
DA:437,1309
DA:438,1187
DA:440,1320
DA:441,2816
DA:442,2504
DA:445,1316
DA:447,1050
DA:449,1060
DA:450,228
DA:451,228
DA:453,830
DA:454,830
DA:456,265
DA:457,106
DA:459,159
DA:463,147
DA:464,147
DA:465,0
DA:467,147
DA:468,107
DA:469,84
DA:470,16
DA:471,16
DA:475,131
DA:476,144
DA:477,128
DA:483,212
DA:484,212
DA:485,0
DA:487,212
DA:488,148
DA:490,64
DA:491,216
DA:492,190
DA:493,28
DA:494,28
DA:496,28
DA:498,28
DA:499,28
DA:500,28
DA:504,36
DA:505,207
DA:506,184
DA:513,33
DA:514,33
DA:515,80
DA:516,73
DA:517,16
DA:520,7
DA:523,79
DA:524,79
DA:525,72
DA:526,64
DA:527,9
DA:528,9
DA:531,72
DA:532,64
DA:536,79
DA:537,79
DA:538,71
DA:540,72
DA:541,64
DA:543,8
DA:544,45
DA:545,40
DA:546,40
DA:547,40
DA:554,28
DA:555,28
DA:556,28
DA:557,3
DA:558,3
DA:559,3
DA:561,25
DA:562,12
DA:563,12
DA:565,28
DA:568,4196
DA:570,4196
DA:571,4174
DA:572,4180
DA:573,4167
DA:574,4167
DA:575,4160
DA:578,4168
DA:579,4160
DA:580,4174
DA:581,4163
DA:582,4176
DA:583,4168
DA:586,3326
DA:587,8727
DA:588,5401
DA:592,1060
DA:593,8616
DA:594,4202
DA:595,831
DA:598,228
DA:613,378
DA:614,378
LF:280
LH:271
end_of_record
TN:
SF:/mnt/c/OOP/nw3/Lab3OOP/Octree/Point.hpp
FN:17,17,_ZN5PointIiEC2Eiii
FN:18,18,_ZN5PointIiEC2Ev
FN:9,11,_ZNK5PointIiEeqERKS0_
FNDA:584,_ZN5PointIiEC2Eiii
FNDA:26690,_ZN5PointIiEC2Ev
FNDA:642,_ZNK5PointIiEeqERKS0_
FNF:3
FNH:3
DA:9,642
DA:10,642
DA:17,584
DA:18,26690
LF:4
LH:4
end_of_record
TN:
SF:/mnt/c/OOP/nw3/Lab3OOP/Storage/Storage.cpp
FN:118,160,_ZN7Storage26calculateContainerPositionEiiiiii
FN:13,24,_ZN7Storage14calculateDepthEv
FN:14,21,_ZZN7Storage14calculateDepthEvENKUliE_clEi
FN:163,186,_ZN7Storage20searchUnderContainerER17ContainerPositionIiE
FN:189,212,_ZN7Storage20searchUpperContainerER17ContainerPositionIiE
FN:216,224,_ZN7Storage13calculatemassESt6vectorISt4pairI17ContainerPositionIiESt10shared_ptrI10IContainerEESaIS7_EEm
FN:227,252,_ZN7Storage12checkSupportER17ContainerPositionIiESt6vectorISt4pairIS1_St10shared_ptrI10IContainerEESaIS8_EE
FN:254,266,_ZN7Storage12addContainerESt10shared_ptrI10IContainerEiii
FN:27,29,_ZN7Storage24addExternalCheckFunctionERKSt8functionIFvRS_St10shared_ptrI10IContainerE17ContainerPositionIiEEE
FN:271,275,_ZNK7Storage19getInfoAboutStorageB5cxx11Ev
FN:279,300,_ZN7Storage7isNoTopERK17ContainerPositionIiE
FN:304,334,_ZN7Storage13moveContainerENSt7__cxx1112basic_stringIcSt11char_traitsIcESaIcEEEiii
FN:32,46,_ZN7StorageC2Eiiiid
FN:338,378,_ZN7Storage15rotateContainerENSt7__cxx1112basic_stringIcSt11char_traitsIcESaIcEEEi
FN:381,402,_ZN7Storage10multitreadESt10shared_ptrI10IContainerEiii
FN:40,42,_ZZN7StorageC4EiiiidENKUlRS_St10shared_ptrI10IContainerE17ContainerPositionIiEE_clES0_S3_S5_
FN:404,421,_ZN7Storage13addContainerRESt10shared_ptrI10IContainerEii
FN:423,438,_ZN7Storage12addContainerB5cxx11ESt10shared_ptrI10IContainerE
FN:43,45,_ZZN7StorageC4EiiiidENKUlRS_St10shared_ptrI10IContainerE17ContainerPositionIiEE0_clES0_S3_S5_
FN:441,503,_ZN7Storage15removeContainerENSt7__cxx1112basic_stringIcSt11char_traitsIcESaIcEEE
FN:49,51,_ZN7Storage15comparePositionERSt4pairI17ContainerPositionIiESt10shared_ptrI10IContainerEES7_
FN:506,520,_ZNK7Storage7getInfoB5cxx11Ev
FN:523,539,_ZN7Storage9howContaiESt10shared_ptrI10IContainerERSt6vectorImSaImEEm
FN:54,56,_ZN7Storage22comparePositionReverseERSt4pairI17ContainerPositionIiESt10shared_ptrI10IContainerEES7_
FN:542,552,_ZN7Storage12howContainerESt10shared_ptrI10IContainerE
FN:551,551,_ZZN7Storage12howContainerESt10shared_ptrI10IContainerEENKUliiE_clEii
FN:555,561,_ZN7Storage4findENSt7__cxx1112basic_stringIcSt11char_traitsIcESaIcEEE
FN:564,578,_ZNK7Storage17getListContainersB5cxx11Ev
FN:581,594,_ZN7Storage16checkTemperatureERS_St10shared_ptrI10IContainerE17ContainerPositionIiE
FN:59,75,_ZN7StorageaSERKS_
FN:597,623,_ZN7Storage13checkPressureERS_St10shared_ptrI10IContainerE17ContainerPositionIiE
FN:626,638,_ZN7Storage24searchAllContainersUpperENSt7__cxx114listISt4pairI17ContainerPositionIiESt10shared_ptrI10IContainerEESaIS8_EEE
FN:78,95,_ZN7StorageC2ERKS_
FN:98,113,_ZN7Storage7getSizeEiii
FNDA:3346,_ZN7Storage26calculateContainerPositionEiiiiii
FNDA:26,_ZN7Storage14calculateDepthEv
FNDA:78,_ZZN7Storage14calculateDepthEvENKUliE_clEi
FNDA:99,_ZN7Storage20searchUnderContainerER17ContainerPositionIiE
FNDA:28,_ZN7Storage20searchUpperContainerER17ContainerPositionIiE
FNDA:25,_ZN7Storage13calculatemassESt6vectorISt4pairI17ContainerPositionIiESt10shared_ptrI10IContainerEESaIS7_EEm
FNDA:98,_ZN7Storage12checkSupportER17ContainerPositionIiESt6vectorISt4pairIS1_St10shared_ptrI10IContainerEESaIS8_EE
FNDA:134,_ZN7Storage12addContainerESt10shared_ptrI10IContainerEiii
FNDA:1,_ZN7Storage24addExternalCheckFunctionERKSt8functionIFvRS_St10shared_ptrI10IContainerE17ContainerPositionIiEEE
FNDA:4,_ZNK7Storage19getInfoAboutStorageB5cxx11Ev
FNDA:6,_ZN7Storage7isNoTopERK17ContainerPositionIiE
FNDA:5,_ZN7Storage13moveContainerENSt7__cxx1112basic_stringIcSt11char_traitsIcESaIcEEEiii
FNDA:26,_ZN7StorageC2Eiiiid
FNDA:5,_ZN7Storage15rotateContainerENSt7__cxx1112basic_stringIcSt11char_traitsIcESaIcEEEi
FNDA:3240,_ZN7Storage10multitreadESt10shared_ptrI10IContainerEiii
FNDA:174,_ZZN7StorageC4EiiiidENKUlRS_St10shared_ptrI10IContainerE17ContainerPositionIiEE_clES0_S3_S5_
FNDA:123,_ZN7Storage13addContainerRESt10shared_ptrI10IContainerEii
FNDA:68,_ZN7Storage12addContainerB5cxx11ESt10shared_ptrI10IContainerE
FNDA:172,_ZZN7StorageC4EiiiidENKUlRS_St10shared_ptrI10IContainerE17ContainerPositionIiEE0_clES0_S3_S5_
FNDA:10,_ZN7Storage15removeContainerENSt7__cxx1112basic_stringIcSt11char_traitsIcESaIcEEE
FNDA:350,_ZN7Storage15comparePositionERSt4pairI17ContainerPositionIiESt10shared_ptrI10IContainerEES7_
FNDA:15,_ZNK7Storage7getInfoB5cxx11Ev
FNDA:6,_ZN7Storage9howContaiESt10shared_ptrI10IContainerERSt6vectorImSaImEEm
FNDA:68,_ZN7Storage22comparePositionReverseERSt4pairI17ContainerPositionIiESt10shared_ptrI10IContainerEES7_
FNDA:1,_ZN7Storage12howContainerESt10shared_ptrI10IContainerE
FNDA:6,_ZZN7Storage12howContainerESt10shared_ptrI10IContainerEENKUliiE_clEii
FNDA:5,_ZN7Storage4findENSt7__cxx1112basic_stringIcSt11char_traitsIcESaIcEEE
FNDA:7,_ZNK7Storage17getListContainersB5cxx11Ev
FNDA:174,_ZN7Storage16checkTemperatureERS_St10shared_ptrI10IContainerE17ContainerPositionIiE
FNDA:3,_ZN7StorageaSERKS_
FNDA:172,_ZN7Storage13checkPressureERS_St10shared_ptrI10IContainerE17ContainerPositionIiE
FNDA:6,_ZN7Storage24searchAllContainersUpperENSt7__cxx114listISt4pairI17ContainerPositionIiESt10shared_ptrI10IContainerEESaIS8_EEE
FNDA:8,_ZN7StorageC2ERKS_
FNDA:4,_ZN7Storage7getSizeEiii
FNF:34
FNH:34
DA:13,26
DA:14,78
DA:15,78
DA:16,206
DA:17,128
DA:18,128
DA:20,78
DA:22,26
DA:27,1
DA:28,1
DA:29,1
DA:32,26
DA:33,26
DA:34,26
DA:35,26
DA:36,26
DA:37,26
DA:38,26
DA:39,26
DA:40,26
DA:41,174
DA:42,172
DA:43,26
DA:44,172
DA:45,145
DA:46,26
DA:49,350
DA:50,350
DA:54,68
DA:55,68
DA:59,3
DA:60,3
DA:61,3
DA:62,3
DA:63,3
DA:64,3
DA:65,3
DA:66,3
DA:67,3
DA:68,3
DA:69,13
DA:70,10
DA:72,3
DA:73,3
DA:74,3
DA:78,8
DA:79,8
DA:80,8
DA:81,8
DA:82,8
DA:83,20
DA:84,12
DA:85,12
DA:86,20
DA:88,12
DA:89,0
DA:90,0
DA:91,0
DA:92,0
DA:94,8
DA:95,8
DA:98,4
DA:99,4
DA:100,1
DA:102,3
DA:103,3
DA:104,3
DA:105,13
DA:106,10
DA:108,13
DA:109,10
DA:112,3
DA:113,3
DA:118,3346
DA:119,3346
DA:121,3339
DA:122,3339
DA:123,3339
DA:126,3339
DA:127,3339
DA:128,3339
DA:131,3339
DA:132,3339
DA:133,3339
DA:136,3339
DA:137,3339
DA:138,3339
DA:141,3339
DA:142,3339
DA:143,3339
DA:146,3339
DA:147,3339
DA:148,3339
DA:151,3339
DA:152,3339
DA:153,3339
DA:156,3339
DA:157,3339
DA:158,3339
DA:159,3339
DA:163,99
DA:164,99
DA:165,99
DA:166,99
DA:167,99
DA:168,99
DA:169,99
DA:170,99
DA:171,99
DA:172,99
DA:173,99
DA:174,1036
DA:175,937
DA:177,1657
DA:178,1885
DA:179,228
DA:180,228
DA:181,228
DA:184,99
DA:185,198
DA:186,99
DA:189,28
DA:190,28
DA:191,28
DA:192,28
DA:193,28
DA:194,28
DA:195,28
DA:196,28
DA:197,28
DA:198,28
DA:199,28
DA:200,375
DA:201,347
DA:203,629
DA:204,776
DA:205,147
DA:206,47
DA:207,47
DA:210,28
DA:211,56
DA:212,28
DA:216,25
DA:217,25
DA:218,44
DA:219,19
DA:220,19
DA:223,25
DA:227,98
DA:228,98
DA:229,98
DA:230,98
DA:231,98
DA:232,98
DA:234,112
DA:235,103
DA:236,89
DA:238,103
DA:239,16
DA:241,87
DA:242,70
DA:244,87
DA:245,52
DA:247,87
DA:248,73
DA:251,9
DA:254,134
DA:255,134
DA:256,1
DA:258,133
DA:259,133
DA:260,133
DA:261,3
DA:263,136
DA:264,124
DA:265,124
DA:266,133
DA:271,4
DA:272,8
DA:273,12
DA:274,4
DA:279,6
DA:280,6
DA:281,6
DA:282,6
DA:283,6
DA:284,6
DA:285,6
DA:286,6
DA:287,6
DA:288,6
DA:290,22
DA:291,18
DA:292,30
DA:293,38
DA:294,8
DA:295,2
DA:297,18
DA:299,4
DA:300,6
DA:304,5
DA:305,5
DA:306,1
DA:308,4
DA:309,4
DA:310,1
DA:312,3
DA:313,9
DA:314,9
DA:315,3
DA:316,3
DA:317,3
DA:318,3
DA:321,3
DA:322,1
DA:323,1
DA:324,1
DA:327,3
DA:328,1
DA:329,1
DA:330,1
DA:331,1
DA:332,1
DA:333,1
DA:334,6
DA:338,5
DA:339,5
DA:340,5
DA:341,1
DA:343,4
DA:344,5
DA:345,5
DA:346,4
DA:347,4
DA:348,4
DA:349,4
DA:352,4
DA:353,4
DA:354,1
DA:355,1
DA:356,1
DA:358,3
DA:359,3
DA:360,1
DA:361,1
DA:362,1
DA:364,2
DA:365,2
DA:366,2
DA:367,2
DA:369,3
DA:370,1
DA:371,1
DA:372,1
DA:373,1
DA:374,1
DA:375,1
DA:376,1
DA:377,1
DA:378,12
DA:381,3240
DA:382,3240
DA:383,3235
DA:384,3214
DA:385,3245
DA:386,3236
DA:387,3221
DA:388,3124
DA:390,119
DA:391,75
DA:392,75
DA:393,61
DA:394,61
DA:395,61
DA:396,61
DA:398,14
DA:399,14
DA:400,14
DA:402,6494
DA:404,123
DA:405,123
DA:406,205
DA:407,1179
DA:408,4282
DA:410,3301
DA:411,56
DA:413,6421
DA:414,61
DA:415,3184
DA:416,3184
DA:420,7
DA:421,124
DA:423,68
DA:424,68
DA:425,192
DA:426,124
DA:427,124
DA:429,192
DA:430,124
DA:432,68
DA:433,14
DA:435,61
DA:436,61
DA:438,68
DA:441,10
DA:442,10
DA:443,10
DA:444,10
DA:445,1
DA:447,9
DA:448,9
DA:450,3
DA:453,6
DA:454,6
DA:455,6
DA:456,6
DA:457,6
DA:462,25
DA:463,19
DA:464,19
DA:465,19
DA:469,6
DA:472,6
DA:473,24
DA:474,19
DA:475,19
DA:478,19
DA:479,1
DA:480,1
DA:481,0
DA:483,1
DA:484,2
DA:485,1
DA:487,1
DA:492,18
DA:496,20
DA:498,23
DA:499,18
DA:501,5
DA:502,9
DA:503,13
DA:506,15
DA:507,15
DA:508,15
DA:509,15
DA:510,2
DA:512,99
DA:513,85
DA:514,170
DA:515,340
DA:516,255
DA:519,14
DA:520,15
DA:523,6
DA:524,6
DA:525,6
DA:526,6
DA:529,48
DA:530,42
DA:531,42
DA:532,42
DA:534,6
DA:535,6
DA:538,6
DA:539,6
DA:542,1
DA:543,1
DA:544,1
DA:545,7
DA:546,6
DA:548,7
DA:549,6
DA:551,8
DA:552,1
DA:555,5
DA:556,5
DA:557,5
DA:558,1
DA:560,4
DA:561,1
DA:564,7
DA:565,7
DA:566,86
DA:567,79
DA:568,0
DA:569,0
DA:571,79
DA:572,87
DA:573,64
DA:576,7
DA:577,7
DA:578,0
DA:581,174
DA:582,174
DA:583,174
DA:584,172
DA:586,2
DA:587,0
DA:589,4
DA:590,2
DA:592,2
DA:594,174
DA:597,172
DA:598,172
DA:599,0
DA:601,172
DA:602,99
DA:603,99
DA:604,1
DA:606,98
DA:607,25
DA:609,257
DA:610,185
DA:611,185
DA:612,160
DA:614,185
DA:615,185
DA:616,160
DA:618,25
DA:619,1
DA:621,185
DA:622,99
DA:623,145
DA:626,6
DA:627,25
DA:628,19
DA:629,19
DA:630,40
DA:631,28
DA:632,0
DA:636,19
DA:637,6
LF:432
LH:421
end_of_record
TN:
SF:/mnt/c/OOP/nw3/Lab3OOP/Terminal/Terminal.cpp
FN:10,16,_ZN8Terminal6removeEi
FN:18,23,_ZN8Terminal14setsizeStorageEiiii
FN:25,32,_ZN8Terminal10getallInfoERSo
FN:3,8,_ZN8Terminal3addEiP7Storage
FN:35,40,_ZN8Terminal4findEi
FN:42,47,_ZN8TerminalD2Ev
FNDA:2,_ZN8Terminal6removeEi
FNDA:2,_ZN8Terminal14setsizeStorageEiiii
FNDA:1,_ZN8Terminal10getallInfoERSo
FNDA:8,_ZN8Terminal3addEiP7Storage
FNDA:2,_ZN8Terminal4findEi
FNDA:9,_ZN8TerminalD2Ev
FNF:6
FNH:6
DA:3,8
DA:4,8
DA:5,1
DA:7,7
DA:8,7
DA:10,2
DA:11,2
DA:12,1
DA:14,1
DA:15,1
DA:16,1
DA:18,2
DA:19,2
DA:20,1
DA:22,1
DA:23,1
DA:25,1
DA:26,2
DA:27,1
DA:28,1
DA:29,1
DA:30,1
DA:32,1
DA:35,2
DA:36,2
DA:37,1
DA:39,1
DA:42,9
DA:43,15
DA:44,6
DA:46,9
DA:47,9
LF:32
LH:32
end_of_record
