TN:
SF:/mnt/c/л3/Lab3OOP/Checker/Checker.hpp
FN:25,25,_ZN7CheckerIiEC2Ev
FN:27,28,_ZN7CheckerIiEC2ERKS0_
FN:30,32,_ZN7CheckerIiE16addCheckFunctionESt8functionIFvR7StorageP10IContainer17ContainerPositionIiEEE
FN:43,47,_ZNK7CheckerIiE11applyChecksER7StorageP10IContainer17ContainerPositionIiE
FNDA:48,_ZN7CheckerIiEC2Ev
FNDA:20,_ZN7CheckerIiEC2ERKS0_
FNDA:66,_ZN7CheckerIiE16addCheckFunctionESt8functionIFvR7StorageP10IContainer17ContainerPositionIiEEE
FNDA:393,_ZNK7CheckerIiE11applyChecksER7StorageP10IContainer17ContainerPositionIiE
FNF:4
FNH:4
DA:25,48
DA:27,20
DA:28,20
DA:30,66
DA:31,66
DA:32,66
DA:43,393
DA:44,772
DA:45,398
DA:47,374
LF:10
LH:10
end_of_record
TN:
SF:/mnt/c/л3/Lab3OOP/Octree/ContainerPosition.hpp
FN:12,12,_ZN17ContainerPositionIiEC2Ev
FN:18,23,_ZNK17ContainerPositionIiEeqERKS0_
FNDA:0,_ZN17ContainerPositionIiEC2Ev
FNDA:199,_ZNK17ContainerPositionIiEeqERKS0_
FNF:2
FNH:1
DA:12,0
DA:18,199
DA:19,447
DA:20,372
DA:21,372
DA:22,447
LF:6
LH:5
end_of_record
TN:
SF:/mnt/c/л3/Lab3OOP/Octree/Octree.hpp
FN:115,119,_ZN6OctreeIiP10IContainer17ContainerPositionIiEE8iteratorC2EPNS4_4NodeE
FN:121,123,_ZN6OctreeIiP10IContainer17ContainerPositionIiEE8iteratordeEv
FN:126,136,_ZN6OctreeIiP10IContainer17ContainerPositionIiEE8iteratorppEv
FN:139,141,_ZNK6OctreeIiP10IContainer17ContainerPositionIiEE8iteratorneERKS5_
FN:148,151,_ZN6OctreeIiP10IContainer17ContainerPositionIiEEC2ER11BoundingBoxIiEi
FN:154,156,_ZN6OctreeIiP10IContainer17ContainerPositionIiEED2Ev
FN:164,166,_ZN6OctreeIiP10IContainer17ContainerPositionIiEE5beginEv
FN:168,170,_ZN6OctreeIiP10IContainer17ContainerPositionIiEE3endEv
FN:173,182,_ZN6OctreeIiP10IContainer17ContainerPositionIiEE6insertES1_RS3_PNS4_4NodeE
FN:185,265,_ZN6OctreeIiP10IContainer17ContainerPositionIiEE5splitEPNS4_4NodeE
FN:268,271,_ZN6OctreeIiP10IContainer17ContainerPositionIiEE5CloneEv
FN:275,285,_ZN6OctreeIiP10IContainer17ContainerPositionIiEE6removeENSt7__cxx1112basic_stringIcSt11char_traitsIcESaIcEEE
FN:288,292,_ZN6OctreeIiP10IContainer17ContainerPositionIiEE6searchENSt7__cxx1112basic_stringIcSt11char_traitsIcESaIcEEE
FN:295,299,_ZN6OctreeIiP10IContainer17ContainerPositionIiEE5findIENSt7__cxx1112basic_stringIcSt11char_traitsIcESaIcEEE
FN:302,306,_ZN6OctreeIiP10IContainer17ContainerPositionIiEE11searchDepthEv
FN:309,315,_ZN6OctreeIiP10IContainer17ContainerPositionIiEE12SearchInsertES1_S3_
FN:323,326,_ZN6OctreeIiP10IContainer17ContainerPositionIiEE7getMinXERS3_
FN:329,332,_ZN6OctreeIiP10IContainer17ContainerPositionIiEE7getMaxXERS3_
FN:335,338,_ZN6OctreeIiP10IContainer17ContainerPositionIiEE7getMinYERS3_
FN:341,344,_ZN6OctreeIiP10IContainer17ContainerPositionIiEE7getMaxYERS3_
FN:347,350,_ZN6OctreeIiP10IContainer17ContainerPositionIiEE7getMinZERS3_
FN:353,356,_ZN6OctreeIiP10IContainer17ContainerPositionIiEE7getMaxZERS3_
FN:359,362,_ZN6OctreeIiP10IContainer17ContainerPositionIiEE7getMinXERKS3_
FN:364,367,_ZN6OctreeIiP10IContainer17ContainerPositionIiEE7getMaxXERKS3_
FN:370,373,_ZN6OctreeIiP10IContainer17ContainerPositionIiEE7getMinYERKS3_
FN:376,379,_ZN6OctreeIiP10IContainer17ContainerPositionIiEE7getMaxYERKS3_
FN:383,386,_ZN6OctreeIiP10IContainer17ContainerPositionIiEE7getMinZERKS3_
FN:389,392,_ZN6OctreeIiP10IContainer17ContainerPositionIiEE7getMaxZERKS3_
FN:400,410,_ZN6OctreeIiP10IContainer17ContainerPositionIiEE16pointincontainerER5PointIiERS3_
FN:416,426,_ZN6OctreeIiP10IContainer17ContainerPositionIiEE14searchUnderOctEPNS4_4NodeERSt6vectorISt4pairIS3_S1_ESaIS9_EE
FN:429,446,_ZN6OctreeIiP10IContainer17ContainerPositionIiEE5findIENSt7__cxx1112basic_stringIcSt11char_traitsIcESaIcEEEPNS4_4NodeEPSt4pairIS3_S1_E
FN:449,459,_ZN6OctreeIiP10IContainer17ContainerPositionIiEE11searchDepthEPNS4_4NodeERSt6vectorISt4pairIS3_S1_ESaIS9_EE
FN:462,495,_ZN6OctreeIiP10IContainer17ContainerPositionIiEE12SearchInsertES1_S3_PNS4_4NodeEPS6_RSt6vectorISt4pairIS3_S1_ESaISA_EERb
FN:498,515,_ZN6OctreeIiP10IContainer17ContainerPositionIiEE7searchRENSt7__cxx1112basic_stringIcSt11char_traitsIcESaIcEEEPNS4_4NodeEPSC_
FN:518,542,_ZN6OctreeIiP10IContainer17ContainerPositionIiEE7removeRENSt7__cxx1112basic_stringIcSt11char_traitsIcESaIcEEEPNS4_4NodeERbPSC_
FN:545,554,_ZN6OctreeIiP10IContainer17ContainerPositionIiEE14checkEmptyNodeEPNS4_4NodeE
FN:55,55,_ZN11BoundingBoxIiEC2ERK5PointIiES4_
FN:556,567,_ZN6OctreeIiP10IContainer17ContainerPositionIiEE6meargeEPNS4_4NodeE
FN:57,59,_ZNK11BoundingBoxIiE8containsER5PointIiE
FN:570,584,_ZN6OctreeIiP10IContainer17ContainerPositionIiEE17decreaseHightTreeEPNS4_4NodeE
FN:588,598,_ZN6OctreeIiP10IContainer17ContainerPositionIiEE6UpdateEPNS4_4NodeE
FN:601,622,_ZNK6OctreeIiP10IContainer17ContainerPositionIiEE13ContainEntityES3_S3_
FN:625,632,_ZNK6OctreeIiP10IContainer17ContainerPositionIiEE14checkCollisionES1_S3_St6vectorISt4pairIS3_S1_ESaIS7_EE
FN:646,648,_ZNK6OctreeIiP10IContainer17ContainerPositionIiEE6numberB5cxx11ERK5PointIiE
FN:80,80,_ZN6OctreeIiP10IContainer17ContainerPositionIiEE4NodeC2ER11BoundingBoxIiEi
FN:81,89,_ZN6OctreeIiP10IContainer17ContainerPositionIiEE4NodeD2Ev
FN:91,93,_ZNK6OctreeIiP10IContainer17ContainerPositionIiEE4Node6isLeafEv
FNDA:0,_ZN6OctreeIiP10IContainer17ContainerPositionIiEE8iteratorC2EPNS4_4NodeE
FNDA:0,_ZN6OctreeIiP10IContainer17ContainerPositionIiEE8iteratordeEv
FNDA:0,_ZN6OctreeIiP10IContainer17ContainerPositionIiEE8iteratorppEv
FNDA:0,_ZNK6OctreeIiP10IContainer17ContainerPositionIiEE8iteratorneERKS5_
FNDA:52,_ZN6OctreeIiP10IContainer17ContainerPositionIiEEC2ER11BoundingBoxIiEi
FNDA:0,_ZN6OctreeIiP10IContainer17ContainerPositionIiEED2Ev
FNDA:0,_ZN6OctreeIiP10IContainer17ContainerPositionIiEE5beginEv
FNDA:0,_ZN6OctreeIiP10IContainer17ContainerPositionIiEE3endEv
FNDA:384,_ZN6OctreeIiP10IContainer17ContainerPositionIiEE6insertES1_RS3_PNS4_4NodeE
FNDA:71,_ZN6OctreeIiP10IContainer17ContainerPositionIiEE5splitEPNS4_4NodeE
FNDA:20,_ZN6OctreeIiP10IContainer17ContainerPositionIiEE5CloneEv
FNDA:30,_ZN6OctreeIiP10IContainer17ContainerPositionIiEE6removeENSt7__cxx1112basic_stringIcSt11char_traitsIcESaIcEEE
FNDA:33,_ZN6OctreeIiP10IContainer17ContainerPositionIiEE6searchENSt7__cxx1112basic_stringIcSt11char_traitsIcESaIcEEE
FNDA:0,_ZN6OctreeIiP10IContainer17ContainerPositionIiEE5findIENSt7__cxx1112basic_stringIcSt11char_traitsIcESaIcEEE
FNDA:190,_ZN6OctreeIiP10IContainer17ContainerPositionIiEE11searchDepthEv
FNDA:11701,_ZN6OctreeIiP10IContainer17ContainerPositionIiEE12SearchInsertES1_S3_
FNDA:57791,_ZN6OctreeIiP10IContainer17ContainerPositionIiEE7getMinXERS3_
FNDA:57791,_ZN6OctreeIiP10IContainer17ContainerPositionIiEE7getMaxXERS3_
FNDA:58009,_ZN6OctreeIiP10IContainer17ContainerPositionIiEE7getMinYERS3_
FNDA:58009,_ZN6OctreeIiP10IContainer17ContainerPositionIiEE7getMaxYERS3_
FNDA:57669,_ZN6OctreeIiP10IContainer17ContainerPositionIiEE7getMinZERS3_
FNDA:57571,_ZN6OctreeIiP10IContainer17ContainerPositionIiEE7getMaxZERS3_
FNDA:725,_ZN6OctreeIiP10IContainer17ContainerPositionIiEE7getMinXERKS3_
FNDA:545,_ZN6OctreeIiP10IContainer17ContainerPositionIiEE7getMaxXERKS3_
FNDA:475,_ZN6OctreeIiP10IContainer17ContainerPositionIiEE7getMinYERKS3_
FNDA:418,_ZN6OctreeIiP10IContainer17ContainerPositionIiEE7getMaxYERKS3_
FNDA:58,_ZN6OctreeIiP10IContainer17ContainerPositionIiEE7getMinZERKS3_
FNDA:269,_ZN6OctreeIiP10IContainer17ContainerPositionIiEE7getMaxZERKS3_
FNDA:324,_ZN6OctreeIiP10IContainer17ContainerPositionIiEE16pointincontainerER5PointIiERS3_
FNDA:53476,_ZN6OctreeIiP10IContainer17ContainerPositionIiEE14searchUnderOctEPNS4_4NodeERSt6vectorISt4pairIS3_S1_ESaIS9_EE
FNDA:0,_ZN6OctreeIiP10IContainer17ContainerPositionIiEE5findIENSt7__cxx1112basic_stringIcSt11char_traitsIcESaIcEEEPNS4_4NodeEPSt4pairIS3_S1_E
FNDA:27118,_ZN6OctreeIiP10IContainer17ContainerPositionIiEE11searchDepthEPNS4_4NodeERSt6vectorISt4pairIS3_S1_ESaIS9_EE
FNDA:14125,_ZN6OctreeIiP10IContainer17ContainerPositionIiEE12SearchInsertES1_S3_PNS4_4NodeEPS6_RSt6vectorISt4pairIS3_S1_ESaISA_EERb
FNDA:737,_ZN6OctreeIiP10IContainer17ContainerPositionIiEE7searchRENSt7__cxx1112basic_stringIcSt11char_traitsIcESaIcEEEPNS4_4NodeEPSC_
FNDA:446,_ZN6OctreeIiP10IContainer17ContainerPositionIiEE7removeRENSt7__cxx1112basic_stringIcSt11char_traitsIcESaIcEEEPNS4_4NodeERbPSC_
FNDA:42,_ZN6OctreeIiP10IContainer17ContainerPositionIiEE14checkEmptyNodeEPNS4_4NodeE
FNDA:600,_ZN11BoundingBoxIiEC2ERK5PointIiES4_
FNDA:185,_ZN6OctreeIiP10IContainer17ContainerPositionIiEE6meargeEPNS4_4NodeE
FNDA:62112,_ZNK11BoundingBoxIiE8containsER5PointIiE
FNDA:185,_ZN6OctreeIiP10IContainer17ContainerPositionIiEE17decreaseHightTreeEPNS4_4NodeE
FNDA:30,_ZN6OctreeIiP10IContainer17ContainerPositionIiEE6UpdateEPNS4_4NodeE
FNDA:28617,_ZNK6OctreeIiP10IContainer17ContainerPositionIiEE13ContainEntityES3_S3_
FNDA:5444,_ZNK6OctreeIiP10IContainer17ContainerPositionIiEE14checkCollisionES1_S3_St6vectorISt4pairIS3_S1_ESaIS7_EE
FNDA:0,_ZNK6OctreeIiP10IContainer17ContainerPositionIiEE6numberB5cxx11ERK5PointIiE
FNDA:620,_ZN6OctreeIiP10IContainer17ContainerPositionIiEE4NodeC2ER11BoundingBoxIiEi
FNDA:0,_ZN6OctreeIiP10IContainer17ContainerPositionIiEE4NodeD2Ev
FNDA:0,_ZNK6OctreeIiP10IContainer17ContainerPositionIiEE4Node6isLeafEv
FNF:47
FNH:35
DA:55,600
DA:57,62112
DA:58,62112
DA:80,620
DA:81,0
DA:82,0
DA:84,0
DA:86,0
DA:87,0
DA:89,0
DA:91,0
DA:92,0
DA:115,0
DA:116,0
DA:117,0
DA:119,0
DA:121,0
DA:122,0
DA:126,0
DA:127,0
DA:128,0
DA:129,0
DA:130,0
DA:131,0
DA:132,0
DA:135,0
DA:139,0
DA:140,0
DA:148,52
DA:149,52
DA:150,52
DA:151,52
DA:154,0
DA:155,0
DA:156,0
DA:164,0
DA:165,0
DA:168,0
DA:169,0
DA:173,384
DA:174,384
DA:175,0
DA:177,384
DA:178,384
DA:179,71
DA:181,384
DA:185,71
DA:186,71
DA:187,71
DA:189,71
DA:190,71
DA:191,71
DA:193,71
DA:194,71
DA:195,71
DA:196,71
DA:197,71
DA:200,71
DA:201,71
DA:202,71
DA:203,71
DA:204,71
DA:207,71
DA:208,71
DA:209,71
DA:210,71
DA:211,71
DA:214,71
DA:215,71
DA:216,71
DA:217,71
DA:218,71
DA:221,71
DA:222,71
DA:223,71
DA:224,71
DA:225,71
DA:228,71
DA:229,71
DA:230,71
DA:231,71
DA:232,71
DA:235,71
DA:236,71
DA:237,71
DA:238,71
DA:239,71
DA:242,71
DA:243,71
DA:244,71
DA:245,71
DA:246,71
DA:249,160
DA:250,210
DA:251,292
DA:252,178
DA:253,168
DA:254,162
DA:255,161
DA:256,160
DA:257,372
DA:258,80
DA:259,80
DA:260,80
DA:261,80
DA:265,71
DA:268,20
DA:269,20
DA:270,20
DA:275,30
DA:276,30
DA:277,30
DA:278,30
DA:279,30
DA:280,0
DA:282,30
DA:283,30
DA:284,30
DA:288,33
DA:289,33
DA:290,33
DA:291,33
DA:295,0
DA:296,0
DA:297,0
DA:298,0
DA:302,190
DA:303,190
DA:304,190
DA:305,190
DA:306,0
DA:309,11701
DA:310,11701
DA:311,11701
DA:312,11701
DA:313,11701
DA:314,11701
DA:315,11701
DA:323,57791
DA:325,57791
DA:329,57791
DA:331,57791
DA:335,58009
DA:337,58009
DA:341,58009
DA:343,58009
DA:347,57669
DA:349,57669
DA:353,57571
DA:355,57571
DA:359,725
DA:361,725
DA:364,545
DA:366,545
DA:370,475
DA:372,475
DA:376,418
DA:378,418
DA:383,58
DA:385,58
DA:389,269
DA:391,269
DA:400,324
DA:403,324
DA:404,324
DA:405,324
DA:406,324
DA:407,324
DA:408,324
DA:409,324
DA:416,53476
DA:417,53476
DA:418,47472
DA:420,6004
DA:421,5412
DA:423,54036
DA:424,48032
DA:429,0
DA:430,0
DA:431,0
DA:433,0
DA:434,0
DA:435,0
DA:436,0
DA:437,0
DA:441,0
DA:442,0
DA:443,0
DA:449,27118
DA:450,27118
DA:451,23752
DA:453,3366
DA:454,455
DA:456,30294
DA:457,26928
DA:462,14125
DA:463,14125
DA:464,0
DA:466,26145
DA:467,6407
DA:468,5847
DA:469,26145
DA:470,8430
DA:472,5695
DA:473,5410
DA:475,5695
DA:476,2727
DA:477,2424
DA:480,5695
DA:482,5444
DA:484,5444
DA:485,393
DA:486,393
DA:488,5051
DA:489,5051
DA:491,251
DA:492,181
DA:494,70
DA:498,737
DA:499,737
DA:500,0
DA:502,737
DA:503,193
DA:504,125
DA:505,27
DA:506,27
DA:510,710
DA:511,792
DA:512,704
DA:518,446
DA:519,446
DA:520,0
DA:522,446
DA:523,167
DA:525,279
DA:526,130
DA:527,91
DA:528,30
DA:529,30
DA:530,30
DA:531,30
DA:532,30
DA:536,249
DA:537,468
DA:538,416
DA:545,42
DA:546,42
DA:547,30
DA:548,30
DA:549,30
DA:550,28
DA:551,28
DA:552,110
DA:553,68
DA:556,185
DA:557,185
DA:558,198
DA:559,176
DA:560,9
DA:561,9
DA:564,198
DA:565,176
DA:570,185
DA:571,185
DA:572,163
DA:574,198
DA:575,176
DA:577,22
DA:578,153
DA:579,136
DA:580,136
DA:581,136
DA:588,30
DA:589,30
DA:590,1
DA:591,1
DA:592,1
DA:594,29
DA:595,8
DA:596,8
DA:601,28617
DA:603,28617
DA:604,28617
DA:605,28617
DA:606,28617
DA:607,28617
DA:608,28617
DA:611,28617
DA:612,28617
DA:613,28617
DA:614,28617
DA:615,28617
DA:616,28617
DA:619,22292
DA:620,56351
DA:621,34059
DA:625,5444
DA:626,29010
DA:627,28617
DA:628,5051
DA:631,393
DA:646,0
DA:647,0
LF:303
LH:249
end_of_record
TN:
SF:/mnt/c/л3/Lab3OOP/Octree/Point.hpp
FN:17,17,_ZN5PointIiEC2Eiii
FN:18,18,_ZN5PointIiEC2Ev
FN:9,11,_ZNK5PointIiEeqERKS0_
FNDA:1385,_ZN5PointIiEC2Eiii
FNDA:0,_ZN5PointIiEC2Ev
FNDA:1067,_ZNK5PointIiEeqERKS0_
FNF:3
FNH:2
DA:9,1067
DA:10,1067
DA:17,1385
DA:18,0
LF:4
LH:3
end_of_record
TN:
SF:/mnt/c/л3/Lab3OOP/Storage/Storage.cpp
FN:105,120,_ZN7Storage7getSizeEiii
FN:125,167,_ZN7Storage26calculateContainerPositionEiiiiii
FN:13,24,_ZN7Storage14calculateDepthEv
FN:14,21,_ZZN7Storage14calculateDepthEvENKUliE_clEi
FN:170,193,_ZN7Storage20searchUnderContainerER17ContainerPositionIiE
FN:196,219,_ZN7Storage20searchUpperContainerER17ContainerPositionIiE
FN:223,231,_ZN7Storage13calculatemassESt6vectorISt4pairI17ContainerPositionIiEP10IContainerESaIS6_EEm
FN:234,259,_ZN7Storage12checkSupportER17ContainerPositionIiESt6vectorISt4pairIS1_P10IContainerESaIS7_EE
FN:261,273,_ZN7Storage12addContainerEP10IContaineriii
FN:27,29,_ZN7Storage24addExternalCheckFunctionERKSt8functionIFvRS_P10IContainer17ContainerPositionIiEEE
FN:278,282,_ZNK7Storage19getInfoAboutStorageB5cxx11Ev
FN:286,307,_ZN7Storage7isNoTopERK17ContainerPositionIiE
FN:311,341,_ZN7Storage13moveContainerENSt7__cxx1112basic_stringIcSt11char_traitsIcESaIcEEEiii
FN:32,44,_ZN7Storage5checkEv
FN:345,385,_ZN7Storage15rotateContainerENSt7__cxx1112basic_stringIcSt11char_traitsIcESaIcEEEi
FN:388,409,_ZN7Storage10multitreadEP10IContaineriii
FN:411,428,_ZN7Storage13addContainerREP10IContainerii
FN:430,445,_ZN7Storage12addContainerB5cxx11EP10IContainer
FN:448,507,_ZN7Storage15removeContainerENSt7__cxx1112basic_stringIcSt11char_traitsIcESaIcEEE
FN:47,61,_ZN7StorageC2Eiiiid
FN:510,524,_ZNK7Storage7getInfoB5cxx11Ev
FN:527,543,_ZN7Storage9howContaiEP10IContainerRSt6vectorImSaImEEm
FN:546,556,_ZN7Storage12howContainerEP10IContainer
FN:55,57,_ZZN7StorageC4EiiiidENKUlRS_P10IContainer17ContainerPositionIiEE_clES0_S2_S4_
FN:555,555,_ZZN7Storage12howContainerEP10IContainerENKUliiE_clEii
FN:559,569,_ZNK7Storage17getListContainersB5cxx11Ev
FN:572,579,_ZN7Storage16checkTemperatureERS_P10IContainer17ContainerPositionIiE
FN:58,60,_ZZN7StorageC4EiiiidENKUlRS_P10IContainer17ContainerPositionIiEE0_clES0_S2_S4_
FN:582,598,_ZN7Storage13checkPressureERS_P10IContainer17ContainerPositionIiE
FN:64,66,_ZN7Storage15comparePositionERSt4pairI17ContainerPositionIiEP10IContainerES6_
FN:69,71,_ZN7Storage22comparePositionReverseERSt4pairI17ContainerPositionIiEP10IContainerES6_
FN:74,90,_ZN7StorageaSERKS_
FN:93,102,_ZN7StorageC2ERKS_
FNDA:6,_ZN7Storage7getSizeEiii
FNDA:11701,_ZN7Storage26calculateContainerPositionEiiiiii
FNDA:32,_ZN7Storage14calculateDepthEv
FNDA:96,_ZZN7Storage14calculateDepthEvENKUliE_clEi
FNDA:111,_ZN7Storage20searchUnderContainerER17ContainerPositionIiE
FNDA:13,_ZN7Storage20searchUpperContainerER17ContainerPositionIiE
FNDA:54,_ZN7Storage13calculatemassESt6vectorISt4pairI17ContainerPositionIiEP10IContainerESaIS6_EEm
FNDA:109,_ZN7Storage12checkSupportER17ContainerPositionIiESt6vectorISt4pairIS1_P10IContainerESaIS7_EE
FNDA:210,_ZN7Storage12addContainerEP10IContaineriii
FNDA:2,_ZN7Storage24addExternalCheckFunctionERKSt8functionIFvRS_P10IContainer17ContainerPositionIiEEE
FNDA:8,_ZNK7Storage19getInfoAboutStorageB5cxx11Ev
FNDA:12,_ZN7Storage7isNoTopERK17ContainerPositionIiE
FNDA:10,_ZN7Storage13moveContainerENSt7__cxx1112basic_stringIcSt11char_traitsIcESaIcEEEiii
FNDA:0,_ZN7Storage5checkEv
FNDA:10,_ZN7Storage15rotateContainerENSt7__cxx1112basic_stringIcSt11char_traitsIcESaIcEEEi
FNDA:11493,_ZN7Storage10multitreadEP10IContaineriii
FNDA:232,_ZN7Storage13addContainerREP10IContainerii
FNDA:199,_ZN7Storage12addContainerB5cxx11EP10IContainer
FNDA:15,_ZN7Storage15removeContainerENSt7__cxx1112basic_stringIcSt11char_traitsIcESaIcEEE
FNDA:32,_ZN7StorageC2Eiiiid
FNDA:21,_ZNK7Storage7getInfoB5cxx11Ev
FNDA:12,_ZN7Storage9howContaiEP10IContainerRSt6vectorImSaImEEm
FNDA:2,_ZN7Storage12howContainerEP10IContainer
FNDA:201,_ZZN7StorageC4EiiiidENKUlRS_P10IContainer17ContainerPositionIiEE_clES0_S2_S4_
FNDA:12,_ZZN7Storage12howContainerEP10IContainerENKUliiE_clEii
FNDA:9,_ZNK7Storage17getListContainersB5cxx11Ev
FNDA:201,_ZN7Storage16checkTemperatureERS_P10IContainer17ContainerPositionIiE
FNDA:197,_ZZN7StorageC4EiiiidENKUlRS_P10IContainer17ContainerPositionIiEE0_clES0_S2_S4_
FNDA:197,_ZN7Storage13checkPressureERS_P10IContainer17ContainerPositionIiE
FNDA:410,_ZN7Storage15comparePositionERSt4pairI17ContainerPositionIiEP10IContainerES6_
FNDA:8,_ZN7Storage22comparePositionReverseERSt4pairI17ContainerPositionIiEP10IContainerES6_
FNDA:4,_ZN7StorageaSERKS_
FNDA:16,_ZN7StorageC2ERKS_
FNF:33
FNH:32
DA:13,32
DA:14,96
DA:15,96
DA:16,274
DA:17,178
DA:18,178
DA:20,96
DA:22,32
DA:27,2
DA:28,2
DA:29,2
DA:32,0
DA:33,0
DA:34,0
DA:35,0
DA:36,0
DA:38,0
DA:39,0
DA:40,0
DA:43,0
DA:44,0
DA:47,32
DA:48,32
DA:49,32
DA:50,32
DA:51,32
DA:52,32
DA:53,32
DA:54,32
DA:55,32
DA:56,201
DA:57,197
DA:58,32
DA:59,197
DA:60,182
DA:61,32
DA:64,410
DA:65,410
DA:69,8
DA:70,8
DA:74,4
DA:75,4
DA:76,4
DA:77,4
DA:78,4
DA:79,4
DA:80,4
DA:81,4
DA:82,4
DA:83,4
DA:84,24
DA:85,20
DA:87,4
DA:88,4
DA:89,4
DA:93,16
DA:94,16
DA:95,16
DA:96,16
DA:97,16
DA:98,40
DA:99,24
DA:101,16
DA:102,16
DA:105,6
DA:106,6
DA:107,2
DA:109,4
DA:110,4
DA:111,4
DA:112,24
DA:113,20
DA:115,24
DA:116,20
DA:118,4
DA:119,4
DA:120,4
DA:125,11701
DA:126,11701
DA:128,11701
DA:129,11701
DA:130,11701
DA:133,11701
DA:134,11701
DA:135,11701
DA:138,11701
DA:139,11701
DA:140,11701
DA:143,11701
DA:144,11701
DA:145,11701
DA:148,11701
DA:149,11701
DA:150,11701
DA:153,11701
DA:154,11701
DA:155,11701
DA:158,11701
DA:159,11701
DA:160,11701
DA:163,11701
DA:164,11701
DA:165,11701
DA:166,11701
DA:170,111
DA:171,111
DA:172,111
DA:173,111
DA:174,111
DA:175,111
DA:176,111
DA:177,111
DA:178,111
DA:179,111
DA:180,111
DA:181,689
DA:182,578
DA:184,997
DA:185,1254
DA:186,257
DA:187,254
DA:188,254
DA:191,111
DA:192,222
DA:193,111
DA:196,13
DA:197,13
DA:198,13
DA:199,13
DA:200,13
DA:201,13
DA:202,13
DA:203,13
DA:204,13
DA:205,13
DA:206,13
DA:207,112
DA:208,99
DA:210,189
DA:211,231
DA:212,42
DA:213,17
DA:214,17
DA:217,13
DA:218,26
DA:219,13
DA:223,54
DA:224,54
DA:225,104
DA:226,50
DA:227,50
DA:230,54
DA:234,109
DA:235,109
DA:236,109
DA:237,109
DA:238,109
DA:239,109
DA:241,119
DA:242,113
DA:243,103
DA:245,113
DA:246,5
DA:248,108
DA:249,92
DA:251,108
DA:252,80
DA:254,108
DA:255,98
DA:258,6
DA:261,210
DA:262,210
DA:263,2
DA:265,208
DA:266,208
DA:267,208
DA:268,7
DA:270,201
DA:271,189
DA:272,189
DA:273,189
DA:278,8
DA:279,16
DA:280,24
DA:281,8
DA:286,12
DA:287,12
DA:288,12
DA:289,12
DA:290,12
DA:291,12
DA:292,12
DA:293,12
DA:294,12
DA:295,12
DA:297,44
DA:298,36
DA:299,60
DA:300,76
DA:301,16
DA:302,4
DA:306,8
DA:307,12
DA:311,10
DA:312,10
DA:313,2
DA:315,8
DA:316,8
DA:317,2
DA:319,6
DA:320,14
DA:321,14
DA:322,6
DA:323,6
DA:324,6
DA:325,6
DA:328,6
DA:329,2
DA:330,2
DA:331,2
DA:334,4
DA:335,2
DA:336,2
DA:337,2
DA:338,2
DA:339,2
DA:340,2
DA:341,2
DA:345,10
DA:346,10
DA:347,10
DA:348,2
DA:350,8
DA:351,10
DA:352,10
DA:353,8
DA:354,8
DA:355,8
DA:356,8
DA:359,8
DA:360,8
DA:361,2
DA:362,2
DA:363,2
DA:365,6
DA:366,6
DA:367,2
DA:368,2
DA:369,2
DA:371,4
DA:372,4
DA:373,4
DA:374,4
DA:376,4
DA:377,2
DA:378,2
DA:379,2
DA:380,2
DA:381,2
DA:382,2
DA:383,2
DA:384,2
DA:385,2
DA:388,11493
DA:389,11493
DA:390,11493
DA:391,11493
DA:392,11493
DA:393,11493
DA:394,11493
DA:395,11301
DA:397,192
DA:398,185
DA:399,185
DA:400,185
DA:401,185
DA:402,185
DA:403,185
DA:405,0
DA:406,0
DA:407,0
DA:409,11493
DA:411,232
DA:412,232
DA:413,668
DA:414,6228
DA:415,17100
DA:417,11526
DA:418,33
DA:420,11493
DA:421,185
DA:422,11308
DA:423,11308
DA:427,14
DA:428,232
DA:430,199
DA:431,199
DA:432,431
DA:433,232
DA:434,232
DA:436,431
DA:437,232
DA:439,199
DA:440,28
DA:442,185
DA:443,185
DA:445,199
DA:448,15
DA:449,15
DA:450,15
DA:451,15
DA:452,2
DA:454,13
DA:455,13
DA:457,2
DA:460,11
DA:461,11
DA:462,11
DA:468,28
DA:469,17
DA:470,17
DA:476,11
DA:477,26
DA:478,17
DA:479,17
DA:482,17
DA:483,2
DA:484,2
DA:485,0
DA:487,2
DA:488,4
DA:489,2
DA:491,2
DA:496,15
DA:500,17
DA:502,24
DA:503,15
DA:505,9
DA:506,13
DA:507,13
DA:510,21
DA:511,21
DA:512,21
DA:513,21
DA:514,0
DA:516,161
DA:517,140
DA:518,280
DA:519,560
DA:520,420
DA:523,21
DA:524,21
DA:527,12
DA:528,12
DA:529,12
DA:530,12
DA:533,180
DA:534,168
DA:535,168
DA:536,168
DA:538,12
DA:539,12
DA:542,12
DA:543,12
DA:546,2
DA:547,2
DA:548,2
DA:549,14
DA:550,12
DA:552,14
DA:553,12
DA:555,16
DA:556,2
DA:559,9
DA:560,9
DA:561,9
DA:562,9
DA:563,0
DA:565,83
DA:566,74
DA:568,18
DA:569,9
DA:572,201
DA:573,201
DA:574,205
DA:575,4
DA:577,4
DA:579,197
DA:582,197
DA:583,197
DA:584,111
DA:585,111
DA:586,2
DA:588,109
DA:589,11
DA:591,338
DA:592,242
DA:593,242
DA:594,2
DA:597,111
DA:598,182
LF:401
LH:385
end_of_record
TN:
SF:/mnt/c/л3/Lab3OOP/Storage/Storage.hpp
FN:40,43,_ZN7StorageD2Ev
FNDA:0,_ZN7StorageD2Ev
FNF:1
FNH:0
DA:40,0
DA:41,0
DA:42,0
DA:43,0
LF:4
LH:0
end_of_record
TN:
SF:/usr/include/c++/13/atomic
FN:103,104,_ZNSt6atomicIbE5storeEbSt12memory_order
FN:111,112,_ZNKSt6atomicIbE4loadESt12memory_order
FN:76,76,_ZNSt6atomicIbEC2Eb
FNDA:370,_ZNSt6atomicIbE5storeEbSt12memory_order
FNDA:11910,_ZNKSt6atomicIbE4loadESt12memory_order
FNDA:48,_ZNSt6atomicIbEC2Eb
FNF:3
FNH:3
DA:76,48
DA:103,370
DA:104,370
DA:111,11910
DA:112,23820
LF:5
LH:5
end_of_record
TN:
SF:/usr/include/c++/13/bit
FN:195,237,_ZSt13__countl_zeroImEiT_
FN:365,369,_ZSt11__bit_widthImEiT_
FNDA:144,_ZSt13__countl_zeroImEiT_
FNDA:144,_ZSt11__bit_widthImEiT_
FNF:2
FNH:2
DA:195,144
DA:198,144
DA:200,144
DA:201,0
DA:203,144
DA:204,144
DA:205,144
DA:214,144
DA:215,144
DA:365,144
DA:367,144
DA:368,144
LF:12
LH:11
end_of_record
TN:
SF:/usr/include/c++/13/bits/alloc_traits.h
FNF:0
FNH:0
DA:482,17644
DA:517,232
DA:540,1916
DA:542,1916
DA:560,747
DA:562,747
DA:576,36067
DA:588,5627
DA:948,11527
DA:949,11527
LF:10
LH:10
end_of_record
TN:
SF:/usr/include/c++/13/bits/allocator.h
FNF:0
FNH:0
DA:163,12583
DA:168,35040
DA:178,0
DA:184,29435
DA:191,17644
DA:193,0
DA:194,0
DA:195,0
DA:198,17644
DA:205,232
DA:207,0
DA:208,0
DA:210,232
LF:13
LH:7
end_of_record
TN:
SF:/usr/include/c++/13/bits/atomic_base.h
FN:107,110,_ZStanSt12memory_orderSt23__memory_order_modifier
FN:362,362,_ZNSt13__atomic_baseIbEC2Eb
FNDA:12280,_ZStanSt12memory_orderSt23__memory_order_modifier
FNDA:48,_ZNSt13__atomic_baseIbEC2Eb
FNF:2
FNH:2
DA:107,12280
DA:109,12280
DA:362,48
DA:476,370
DA:477,370
DA:478,370
DA:479,370
DA:481,370
DA:482,370
DA:501,11910
DA:502,11910
DA:503,11910
DA:505,11910
LF:13
LH:13
end_of_record
TN:
SF:/usr/include/c++/13/bits/basic_string.h
FN:1071,1072,_ZNKSt7__cxx1112basic_stringIcSt11char_traitsIcESaIcEE4sizeEv
FN:1078,1079,_ZNKSt7__cxx1112basic_stringIcSt11char_traitsIcESaIcEE6lengthEv
FN:1084,1085,_ZNKSt7__cxx1112basic_stringIcSt11char_traitsIcESaIcEE8max_sizeEv
FN:1169,1173,_ZNKSt7__cxx1112basic_stringIcSt11char_traitsIcESaIcEE8capacityEv
FN:124,137,_ZNSt7__cxx1112basic_stringIcSt11char_traitsIcESaIcEE11_S_allocateERS3_m
FN:1254,1262,_ZNSt7__cxx1112basic_stringIcSt11char_traitsIcESaIcEEixEm
FN:1366,1367,_ZNSt7__cxx1112basic_stringIcSt11char_traitsIcESaIcEEpLERKS4_
FN:1424,1425,_ZNSt7__cxx1112basic_stringIcSt11char_traitsIcESaIcEE6appendERKS4_
FN:1455,1460,_ZNSt7__cxx1112basic_stringIcSt11char_traitsIcESaIcEE6appendEPKcm
FN:1469,1475,_ZNSt7__cxx1112basic_stringIcSt11char_traitsIcESaIcEE6appendEPKc
FN:188,189,_ZNSt7__cxx1112basic_stringIcSt11char_traitsIcESaIcEE12_Alloc_hiderC2EPcRKS3_
FN:1894,1896,_ZNSt7__cxx1112basic_stringIcSt11char_traitsIcESaIcEE6insertEmRKS4_
FN:192,193,_ZNSt7__cxx1112basic_stringIcSt11char_traitsIcESaIcEE12_Alloc_hiderC1EPcOS3_
FN:1962,1967,_ZNSt7__cxx1112basic_stringIcSt11char_traitsIcESaIcEE6insertEmPKc
FN:212,213,_ZNSt7__cxx1112basic_stringIcSt11char_traitsIcESaIcEE7_M_dataEPc
FN:217,218,_ZNSt7__cxx1112basic_stringIcSt11char_traitsIcESaIcEE9_M_lengthEm
FN:2204,2210,_ZNSt7__cxx1112basic_stringIcSt11char_traitsIcESaIcEE7replaceEmmPKcm
FN:222,223,_ZNKSt7__cxx1112basic_stringIcSt11char_traitsIcESaIcEE7_M_dataEv
FN:227,234,_ZNSt7__cxx1112basic_stringIcSt11char_traitsIcESaIcEE13_M_local_dataEv
FN:238,245,_ZNKSt7__cxx1112basic_stringIcSt11char_traitsIcESaIcEE13_M_local_dataEv
FN:249,250,_ZNSt7__cxx1112basic_stringIcSt11char_traitsIcESaIcEE11_M_capacityEm
FN:254,258,_ZNSt7__cxx1112basic_stringIcSt11char_traitsIcESaIcEE13_M_set_lengthEm
FN:2595,2596,_ZNKSt7__cxx1112basic_stringIcSt11char_traitsIcESaIcEE5c_strEv
FN:2608,2609,_ZNKSt7__cxx1112basic_stringIcSt11char_traitsIcESaIcEE4dataEv
FN:262,271,_ZNKSt7__cxx1112basic_stringIcSt11char_traitsIcESaIcEE11_M_is_localEv
FN:2629,2630,_ZNKSt7__cxx1112basic_stringIcSt11char_traitsIcESaIcEE13get_allocatorEv
FN:280,284,_ZNSt7__cxx1112basic_stringIcSt11char_traitsIcESaIcEE10_M_disposeEv
FN:288,289,_ZNSt7__cxx1112basic_stringIcSt11char_traitsIcESaIcEE10_M_destroyEm
FN:336,337,_ZNSt7__cxx1112basic_stringIcSt11char_traitsIcESaIcEE16_M_get_allocatorEv
FN:341,342,_ZNKSt7__cxx1112basic_stringIcSt11char_traitsIcESaIcEE16_M_get_allocatorEv
FN:3528,3541,_ZSt12__str_concatINSt7__cxx1112basic_stringIcSt11char_traitsIcESaIcEEEET_PKNS6_10value_typeENS6_9size_typeES9_SA_RKNS6_14allocator_typeE
FN:3571,3579,_ZStplIcSt11char_traitsIcESaIcEENSt7__cxx1112basic_stringIT_T0_T1_EEPKS5_RKS8_
FN:3651,3669,_ZStplIcSt11char_traitsIcESaIcEENSt7__cxx1112basic_stringIT_T0_T1_EEOS8_S9_
FN:3674,3676,_ZStplIcSt11char_traitsIcESaIcEENSt7__cxx1112basic_stringIT_T0_T1_EEPKS5_OS8_
FN:3688,3690,_ZStplIcSt11char_traitsIcESaIcEENSt7__cxx1112basic_stringIT_T0_T1_EEOS8_PKS5_
FN:3710,3716,_ZSteqIcSt11char_traitsIcESaIcEEbRKNSt7__cxx1112basic_stringIT_T0_T1_EESA_
FN:3727,3732,_ZSteqIcSt11char_traitsIcESaIcEEbRKNSt7__cxx1112basic_stringIT_T0_T1_EEPKS5_
FN:386,393,_ZNKSt7__cxx1112basic_stringIcSt11char_traitsIcESaIcEE8_M_checkEmPKc
FN:397,401,_ZNKSt7__cxx1112basic_stringIcSt11char_traitsIcESaIcEE15_M_check_lengthEmmPKc
FN:407,411,_ZNKSt7__cxx1112basic_stringIcSt11char_traitsIcESaIcEE8_M_limitEmm
FN:415,419,_ZNKSt7__cxx1112basic_stringIcSt11char_traitsIcESaIcEE11_M_disjunctEPKc
FN:4162,4173,_ZNSt7__cxx119to_stringEi
FN:425,431,_ZNSt7__cxx1112basic_stringIcSt11char_traitsIcESaIcEE7_S_copyEPcPKcm
FN:4251,4257,_ZNSt7__cxx119to_stringEd
FN:435,441,_ZNSt7__cxx1112basic_stringIcSt11char_traitsIcESaIcEE7_S_moveEPcPKcm
FN:445,451,_ZNSt7__cxx1112basic_stringIcSt11char_traitsIcESaIcEE9_S_assignEPcmc
FN:477,478,_ZNSt7__cxx1112basic_stringIcSt11char_traitsIcESaIcEE13_S_copy_charsEPcS5_S5_
FN:482,484,_ZNSt7__cxx1112basic_stringIcSt11char_traitsIcESaIcEE13_S_copy_charsEPcPKcS7_
FN:522,528,_ZNSt7__cxx1112basic_stringIcSt11char_traitsIcESaIcEEC1Ev
FN:535,540,_ZNSt7__cxx1112basic_stringIcSt11char_traitsIcESaIcEEC2ERKS3_
FN:547,553,_ZNSt7__cxx1112basic_stringIcSt11char_traitsIcESaIcEEC2ERKS4_
FN:641,650,_ZNSt7__cxx1112basic_stringIcSt11char_traitsIcESaIcEEC2IS3_EEPKcRKS3_
FN:664,666,_ZNSt7__cxx1112basic_stringIcSt11char_traitsIcESaIcEEC2IS3_EEmcRKS3_
FN:677,698,_ZNSt7__cxx1112basic_stringIcSt11char_traitsIcESaIcEEC2EOS4_
FN:760,770,_ZNSt7__cxx1112basic_stringIcSt11char_traitsIcESaIcEEC2IPcvEET_S7_RKS3_
FN:803,804,_ZNSt7__cxx1112basic_stringIcSt11char_traitsIcESaIcEED2Ev
FNDA:0,_ZNKSt7__cxx1112basic_stringIcSt11char_traitsIcESaIcEE4sizeEv
FNDA:0,_ZNKSt7__cxx1112basic_stringIcSt11char_traitsIcESaIcEE6lengthEv
FNDA:0,_ZNKSt7__cxx1112basic_stringIcSt11char_traitsIcESaIcEE8max_sizeEv
FNDA:0,_ZNKSt7__cxx1112basic_stringIcSt11char_traitsIcESaIcEE8capacityEv
FNDA:0,_ZNSt7__cxx1112basic_stringIcSt11char_traitsIcESaIcEE11_S_allocateERS3_m
FNDA:0,_ZNSt7__cxx1112basic_stringIcSt11char_traitsIcESaIcEEixEm
FNDA:0,_ZNSt7__cxx1112basic_stringIcSt11char_traitsIcESaIcEEpLERKS4_
FNDA:0,_ZNSt7__cxx1112basic_stringIcSt11char_traitsIcESaIcEE6appendERKS4_
FNDA:0,_ZNSt7__cxx1112basic_stringIcSt11char_traitsIcESaIcEE6appendEPKcm
FNDA:0,_ZNSt7__cxx1112basic_stringIcSt11char_traitsIcESaIcEE6appendEPKc
FNDA:0,_ZNSt7__cxx1112basic_stringIcSt11char_traitsIcESaIcEE12_Alloc_hiderC2EPcRKS3_
FNDA:0,_ZNSt7__cxx1112basic_stringIcSt11char_traitsIcESaIcEE6insertEmRKS4_
FNDA:0,_ZNSt7__cxx1112basic_stringIcSt11char_traitsIcESaIcEE12_Alloc_hiderC1EPcOS3_
FNDA:8,_ZNSt7__cxx1112basic_stringIcSt11char_traitsIcESaIcEE6insertEmPKc
FNDA:0,_ZNSt7__cxx1112basic_stringIcSt11char_traitsIcESaIcEE7_M_dataEPc
FNDA:0,_ZNSt7__cxx1112basic_stringIcSt11char_traitsIcESaIcEE9_M_lengthEm
FNDA:0,_ZNSt7__cxx1112basic_stringIcSt11char_traitsIcESaIcEE7replaceEmmPKcm
FNDA:0,_ZNKSt7__cxx1112basic_stringIcSt11char_traitsIcESaIcEE7_M_dataEv
FNDA:0,_ZNSt7__cxx1112basic_stringIcSt11char_traitsIcESaIcEE13_M_local_dataEv
FNDA:0,_ZNKSt7__cxx1112basic_stringIcSt11char_traitsIcESaIcEE13_M_local_dataEv
FNDA:0,_ZNSt7__cxx1112basic_stringIcSt11char_traitsIcESaIcEE11_M_capacityEm
FNDA:0,_ZNSt7__cxx1112basic_stringIcSt11char_traitsIcESaIcEE13_M_set_lengthEm
FNDA:0,_ZNKSt7__cxx1112basic_stringIcSt11char_traitsIcESaIcEE5c_strEv
FNDA:0,_ZNKSt7__cxx1112basic_stringIcSt11char_traitsIcESaIcEE4dataEv
FNDA:0,_ZNKSt7__cxx1112basic_stringIcSt11char_traitsIcESaIcEE11_M_is_localEv
FNDA:0,_ZNKSt7__cxx1112basic_stringIcSt11char_traitsIcESaIcEE13get_allocatorEv
FNDA:0,_ZNSt7__cxx1112basic_stringIcSt11char_traitsIcESaIcEE10_M_disposeEv
FNDA:0,_ZNSt7__cxx1112basic_stringIcSt11char_traitsIcESaIcEE10_M_destroyEm
FNDA:0,_ZNSt7__cxx1112basic_stringIcSt11char_traitsIcESaIcEE16_M_get_allocatorEv
FNDA:0,_ZNKSt7__cxx1112basic_stringIcSt11char_traitsIcESaIcEE16_M_get_allocatorEv
FNDA:0,_ZSt12__str_concatINSt7__cxx1112basic_stringIcSt11char_traitsIcESaIcEEEET_PKNS6_10value_typeENS6_9size_typeES9_SA_RKNS6_14allocator_typeE
FNDA:0,_ZStplIcSt11char_traitsIcESaIcEENSt7__cxx1112basic_stringIT_T0_T1_EEPKS5_RKS8_
FNDA:0,_ZStplIcSt11char_traitsIcESaIcEENSt7__cxx1112basic_stringIT_T0_T1_EEOS8_S9_
FNDA:8,_ZStplIcSt11char_traitsIcESaIcEENSt7__cxx1112basic_stringIT_T0_T1_EEPKS5_OS8_
FNDA:0,_ZStplIcSt11char_traitsIcESaIcEENSt7__cxx1112basic_stringIT_T0_T1_EEOS8_PKS5_
FNDA:0,_ZSteqIcSt11char_traitsIcESaIcEEbRKNSt7__cxx1112basic_stringIT_T0_T1_EESA_
FNDA:0,_ZSteqIcSt11char_traitsIcESaIcEEbRKNSt7__cxx1112basic_stringIT_T0_T1_EEPKS5_
FNDA:0,_ZNKSt7__cxx1112basic_stringIcSt11char_traitsIcESaIcEE8_M_checkEmPKc
FNDA:0,_ZNKSt7__cxx1112basic_stringIcSt11char_traitsIcESaIcEE15_M_check_lengthEmmPKc
FNDA:0,_ZNKSt7__cxx1112basic_stringIcSt11char_traitsIcESaIcEE8_M_limitEmm
FNDA:0,_ZNKSt7__cxx1112basic_stringIcSt11char_traitsIcESaIcEE11_M_disjunctEPKc
FNDA:0,_ZNSt7__cxx119to_stringEi
FNDA:0,_ZNSt7__cxx1112basic_stringIcSt11char_traitsIcESaIcEE7_S_copyEPcPKcm
FNDA:8,_ZNSt7__cxx119to_stringEd
FNDA:0,_ZNSt7__cxx1112basic_stringIcSt11char_traitsIcESaIcEE7_S_moveEPcPKcm
FNDA:0,_ZNSt7__cxx1112basic_stringIcSt11char_traitsIcESaIcEE9_S_assignEPcmc
FNDA:0,_ZNSt7__cxx1112basic_stringIcSt11char_traitsIcESaIcEE13_S_copy_charsEPcS5_S5_
FNDA:0,_ZNSt7__cxx1112basic_stringIcSt11char_traitsIcESaIcEE13_S_copy_charsEPcPKcS7_
FNDA:0,_ZNSt7__cxx1112basic_stringIcSt11char_traitsIcESaIcEEC1Ev
FNDA:0,_ZNSt7__cxx1112basic_stringIcSt11char_traitsIcESaIcEEC2ERKS3_
FNDA:0,_ZNSt7__cxx1112basic_stringIcSt11char_traitsIcESaIcEEC2ERKS4_
FNDA:0,_ZNSt7__cxx1112basic_stringIcSt11char_traitsIcESaIcEEC2IS3_EEPKcRKS3_
FNDA:0,_ZNSt7__cxx1112basic_stringIcSt11char_traitsIcESaIcEEC2IS3_EEmcRKS3_
FNDA:0,_ZNSt7__cxx1112basic_stringIcSt11char_traitsIcESaIcEEC2EOS4_
FNDA:8,_ZNSt7__cxx1112basic_stringIcSt11char_traitsIcESaIcEEC2IPcvEET_S7_RKS3_
FNDA:0,_ZNSt7__cxx1112basic_stringIcSt11char_traitsIcESaIcEED2Ev
FNF:56
FNH:4
DA:124,0
DA:126,0
DA:136,0
DA:188,0
DA:189,0
DA:192,0
DA:193,0
DA:212,0
DA:213,0
DA:217,0
DA:218,0
DA:222,0
DA:223,0
DA:227,0
DA:230,0
DA:238,0
DA:241,0
DA:249,0
DA:250,0
DA:254,0
DA:256,0
DA:257,0
DA:258,0
DA:262,0
DA:264,0
DA:266,0
DA:267,0
DA:268,0
DA:270,0
DA:280,0
DA:282,0
DA:283,0
DA:284,0
DA:288,0
DA:289,0
DA:336,0
DA:337,0
DA:341,0
DA:342,0
DA:351,0
DA:352,0
DA:353,0
DA:355,0
DA:365,0
DA:386,0
DA:388,0
DA:389,0
DA:392,0
DA:397,0
DA:399,0
DA:400,0
DA:401,0
DA:407,0
DA:409,0
DA:410,0
DA:415,0
DA:417,0
DA:418,0
DA:425,0
DA:427,0
DA:428,0
DA:430,0
DA:431,0
DA:435,0
DA:437,0
DA:438,0
DA:440,0
DA:441,0
DA:445,0
DA:447,0
DA:448,0
DA:450,0
DA:451,0
DA:477,0
DA:478,0
DA:482,0
DA:484,0
DA:522,0
DA:524,0
DA:527,0
DA:528,0
DA:535,0
DA:536,0
DA:539,0
DA:540,0
DA:547,0
DA:548,0
DA:549,0
DA:551,0
DA:553,0
DA:641,0
DA:642,0
DA:645,0
DA:646,0
DA:648,0
DA:649,0
DA:650,0
DA:664,0
DA:665,0
DA:666,0
DA:677,0
DA:678,0
DA:680,0
DA:683,0
DA:684,0
DA:688,0
DA:689,0
DA:695,0
DA:696,0
DA:697,0
DA:698,0
DA:760,8
DA:762,8
DA:765,8
DA:770,8
DA:803,0
DA:804,0
DA:1071,0
DA:1072,0
DA:1078,0
DA:1079,0
DA:1084,0
DA:1085,0
DA:1169,0
DA:1171,0
DA:1172,0
DA:1254,0
DA:1258,0
DA:1261,0
DA:1366,0
DA:1367,0
DA:1424,0
DA:1425,0
DA:1455,0
DA:1458,0
DA:1459,0
DA:1469,0
DA:1472,0
DA:1473,0
DA:1474,0
DA:1894,0
DA:1895,0
DA:1896,0
DA:1962,8
DA:1965,8
DA:1966,8
DA:2204,0
DA:2208,0
DA:2209,0
DA:2595,0
DA:2596,0
DA:2608,0
DA:2609,0
DA:2629,0
DA:2630,0
DA:3528,0
DA:3536,0
DA:3537,0
DA:3538,0
DA:3539,0
DA:3540,0
DA:3541,0
DA:3571,0
DA:3578,0
DA:3651,0
DA:3656,0
DA:3658,0
DA:3661,0
DA:3664,0
DA:3665,0
DA:3666,0
DA:3668,0
DA:3674,8
DA:3676,8
DA:3688,0
DA:3690,0
DA:3710,0
DA:3714,0
DA:3715,0
DA:3727,0
DA:3730,0
DA:3731,0
DA:4162,0
DA:4167,0
DA:4168,0
DA:4169,0
DA:4170,0
DA:4171,0
DA:4172,0
DA:4251,8
DA:4253,8
DA:4256,8
LF:192
LH:12
end_of_record
TN:
SF:/usr/include/c++/13/bits/basic_string.tcc
FN:138,160,_ZNSt7__cxx1112basic_stringIcSt11char_traitsIcESaIcEE9_M_createERmm
FN:221,252,_ZNSt7__cxx1112basic_stringIcSt11char_traitsIcESaIcEE12_M_constructIPKcEEvT_S8_St20forward_iterator_tag
FN:221,252,_ZNSt7__cxx1112basic_stringIcSt11char_traitsIcESaIcEE12_M_constructIPcEEvT_S7_St20forward_iterator_tag
FN:239,239,_ZZNSt7__cxx1112basic_stringIcSt11char_traitsIcESaIcEE12_M_constructIPKcEEvT_S8_St20forward_iterator_tagEN6_GuardC2EPS4_
FN:239,239,_ZZNSt7__cxx1112basic_stringIcSt11char_traitsIcESaIcEE12_M_constructIPcEEvT_S7_St20forward_iterator_tagEN6_GuardC2EPS4_
FN:242,242,_ZZNSt7__cxx1112basic_stringIcSt11char_traitsIcESaIcEE12_M_constructIPKcEEvT_S8_St20forward_iterator_tagEN6_GuardD2Ev
FN:242,242,_ZZNSt7__cxx1112basic_stringIcSt11char_traitsIcESaIcEE12_M_constructIPcEEvT_S7_St20forward_iterator_tagEN6_GuardD2Ev
FN:257,272,_ZNSt7__cxx1112basic_stringIcSt11char_traitsIcESaIcEE12_M_constructEmc
FN:304,320,_ZNSt7__cxx1112basic_stringIcSt11char_traitsIcESaIcEE7reserveEm
FN:325,345,_ZNSt7__cxx1112basic_stringIcSt11char_traitsIcESaIcEE9_M_mutateEmmPKcm
FN:413,428,_ZNSt7__cxx1112basic_stringIcSt11char_traitsIcESaIcEE9_M_appendEPKcm
FN:511,552,_ZNSt7__cxx1112basic_stringIcSt11char_traitsIcESaIcEE10_M_replaceEmmPKcm
FNDA:0,_ZNSt7__cxx1112basic_stringIcSt11char_traitsIcESaIcEE9_M_createERmm
FNDA:0,_ZNSt7__cxx1112basic_stringIcSt11char_traitsIcESaIcEE12_M_constructIPKcEEvT_S8_St20forward_iterator_tag
FNDA:0,_ZNSt7__cxx1112basic_stringIcSt11char_traitsIcESaIcEE12_M_constructIPcEEvT_S7_St20forward_iterator_tag
FNDA:0,_ZZNSt7__cxx1112basic_stringIcSt11char_traitsIcESaIcEE12_M_constructIPKcEEvT_S8_St20forward_iterator_tagEN6_GuardC2EPS4_
FNDA:0,_ZZNSt7__cxx1112basic_stringIcSt11char_traitsIcESaIcEE12_M_constructIPcEEvT_S7_St20forward_iterator_tagEN6_GuardC2EPS4_
FNDA:0,_ZZNSt7__cxx1112basic_stringIcSt11char_traitsIcESaIcEE12_M_constructIPKcEEvT_S8_St20forward_iterator_tagEN6_GuardD2Ev
FNDA:0,_ZZNSt7__cxx1112basic_stringIcSt11char_traitsIcESaIcEE12_M_constructIPcEEvT_S7_St20forward_iterator_tagEN6_GuardD2Ev
FNDA:0,_ZNSt7__cxx1112basic_stringIcSt11char_traitsIcESaIcEE12_M_constructEmc
FNDA:0,_ZNSt7__cxx1112basic_stringIcSt11char_traitsIcESaIcEE7reserveEm
FNDA:0,_ZNSt7__cxx1112basic_stringIcSt11char_traitsIcESaIcEE9_M_mutateEmmPKcm
FNDA:0,_ZNSt7__cxx1112basic_stringIcSt11char_traitsIcESaIcEE9_M_appendEPKcm
FNDA:0,_ZNSt7__cxx1112basic_stringIcSt11char_traitsIcESaIcEE10_M_replaceEmmPKcm
FNF:12
FNH:0
DA:138,0
DA:143,0
DA:144,0
DA:149,0
DA:151,0
DA:153,0
DA:154,0
DA:159,0
DA:221,0
DA:225,0
DA:227,0
DA:229,0
DA:230,0
DA:239,0
DA:242,0
DA:245,0
DA:247,0
DA:249,0
DA:251,0
DA:252,0
DA:257,0
DA:260,0
DA:262,0
DA:263,0
DA:268,0
DA:269,0
DA:271,0
DA:272,0
DA:304,0
DA:307,0
DA:312,0
DA:313,0
DA:315,0
DA:316,0
DA:317,0
DA:318,0
DA:319,0
DA:325,0
DA:329,0
DA:331,0
DA:332,0
DA:334,0
DA:335,0
DA:336,0
DA:337,0
DA:338,0
DA:339,0
DA:340,0
DA:342,0
DA:343,0
DA:344,0
DA:345,0
DA:413,0
DA:416,0
DA:418,0
DA:420,0
DA:421,0
DA:424,0
DA:426,0
DA:427,0
DA:511,0
DA:515,0
DA:517,0
DA:518,0
DA:520,0
DA:522,0
DA:524,0
DA:526,0
DA:528,0
DA:529,0
DA:530,0
DA:531,0
DA:532,0
DA:533,0
DA:537,0
DA:539,0
DA:540,0
DA:541,0
DA:542,0
DA:545,0
DA:548,0
DA:550,0
DA:551,0
LF:83
LH:0
end_of_record
TN:
SF:/usr/include/c++/13/bits/char_traits.h
FN:136,137,_ZN9__gnu_cxx11char_traitsIcE2eqERKcS3_
FN:199,206,_ZN9__gnu_cxx11char_traitsIcE6lengthEPKc
FN:222,248,_ZN9__gnu_cxx11char_traitsIcE4moveEPcPKcm
FN:253,268,_ZN9__gnu_cxx11char_traitsIcE4copyEPcPKcm
FN:273,300,_ZN9__gnu_cxx11char_traitsIcE6assignEPcmc
FN:351,359,_ZNSt11char_traitsIcE6assignERcRKc
FN:366,371,_ZNSt11char_traitsIcE2ltERKcS2_
FN:374,390,_ZNSt11char_traitsIcE7compareEPKcS2_m
FN:393,400,_ZNSt11char_traitsIcE6lengthEPKc
FN:415,424,_ZNSt11char_traitsIcE4moveEPcPKcm
FN:427,436,_ZNSt11char_traitsIcE4copyEPcPKcm
FN:439,448,_ZNSt11char_traitsIcE6assignEPcmc
FNDA:0,_ZN9__gnu_cxx11char_traitsIcE2eqERKcS3_
FNDA:0,_ZN9__gnu_cxx11char_traitsIcE6lengthEPKc
FNDA:0,_ZN9__gnu_cxx11char_traitsIcE4moveEPcPKcm
FNDA:0,_ZN9__gnu_cxx11char_traitsIcE4copyEPcPKcm
FNDA:0,_ZN9__gnu_cxx11char_traitsIcE6assignEPcmc
FNDA:0,_ZNSt11char_traitsIcE6assignERcRKc
FNDA:0,_ZNSt11char_traitsIcE2ltERKcS2_
FNDA:0,_ZNSt11char_traitsIcE7compareEPKcS2_m
FNDA:0,_ZNSt11char_traitsIcE6lengthEPKc
FNDA:0,_ZNSt11char_traitsIcE4moveEPcPKcm
FNDA:0,_ZNSt11char_traitsIcE4copyEPcPKcm
FNDA:0,_ZNSt11char_traitsIcE6assignEPcmc
FNF:12
FNH:0
DA:136,0
DA:137,0
DA:199,0
DA:202,0
DA:203,0
DA:204,0
DA:205,0
DA:222,0
DA:225,0
DA:226,0
DA:228,0
DA:242,0
DA:243,0
DA:246,0
DA:247,0
DA:253,0
DA:256,0
DA:257,0
DA:259,0
DA:261,0
DA:262,0
DA:263,0
DA:266,0
DA:267,0
DA:273,0
DA:277,0
DA:279,0
DA:280,0
DA:281,0
DA:287,0
DA:290,0
DA:291,0
DA:299,0
DA:351,0
DA:354,0
DA:355,0
DA:358,0
DA:359,0
DA:366,0
DA:369,0
DA:370,0
DA:374,0
DA:376,0
DA:377,0
DA:379,0
DA:381,0
DA:382,0
DA:383,0
DA:384,0
DA:385,0
DA:386,0
DA:389,0
DA:393,0
DA:396,0
DA:397,0
DA:399,0
DA:415,0
DA:417,0
DA:418,0
DA:420,0
DA:421,0
DA:423,0
DA:427,0
DA:429,0
DA:430,0
DA:432,0
DA:433,0
DA:435,0
DA:439,0
DA:441,0
DA:442,0
DA:444,0
DA:445,0
DA:447,0
LF:74
LH:0
end_of_record
TN:
SF:/usr/include/c++/13/bits/charconv.h
FN:55,74,_ZNSt8__detail14__to_chars_lenIjEEjT_i
FN:81,110,_ZNSt8__detail18__to_chars_10_implIjEEvPcjT_
FNDA:0,_ZNSt8__detail14__to_chars_lenIjEEjT_i
FNDA:0,_ZNSt8__detail18__to_chars_10_implIjEEvPcjT_
FNF:2
FNH:0
DA:55,0
DA:61,0
DA:62,0
DA:63,0
DA:64,0
DA:67,0
DA:68,0
DA:69,0
DA:70,0
DA:71,0
DA:72,0
DA:81,0
DA:87,0
DA:93,0
DA:94,0
DA:96,0
DA:97,0
DA:98,0
DA:99,0
DA:100,0
DA:102,0
DA:104,0
DA:105,0
DA:106,0
DA:109,0
DA:110,0
LF:26
LH:0
end_of_record
TN:
SF:/usr/include/c++/13/bits/cpp_type_traits.h
FN:607,608,_ZSt12__miter_baseIN9__gnu_cxx17__normal_iteratorIPSt4pairI17ContainerPositionIiEP10IContainerESt6vectorIS7_SaIS7_EEEEET_SD_
FN:607,608,_ZSt12__miter_baseIPPPN6OctreeIiP10IContainer17ContainerPositionIiEE4NodeEET_SA_
FN:607,608,_ZSt12__miter_baseIPSt4pairI17ContainerPositionIiEP10IContainerEET_S7_
FNDA:210,_ZSt12__miter_baseIN9__gnu_cxx17__normal_iteratorIPSt4pairI17ContainerPositionIiEP10IContainerESt6vectorIS7_SaIS7_EEEEET_SD_
FNDA:0,_ZSt12__miter_baseIPPPN6OctreeIiP10IContainer17ContainerPositionIiEE4NodeEET_SA_
FNDA:0,_ZSt12__miter_baseIPSt4pairI17ContainerPositionIiEP10IContainerEET_S7_
FNF:3
FNH:1
DA:607,210
DA:608,210
LF:2
LH:2
end_of_record
TN:
SF:/usr/include/c++/13/bits/deque.tcc
FN:1201,1224,_ZSt11__equal_ditIPN6OctreeIiP10IContainer17ContainerPositionIiEE4NodeERKS7_PS8_St15_Deque_iteratorIS7_S9_SA_EEbRKSB_IT_T0_T1_ESI_T2_
FN:1237,1240,_ZSt12__equal_aux1IPN6OctreeIiP10IContainer17ContainerPositionIiEE4NodeERKS7_PS8_S7_S9_SA_EbSt15_Deque_iteratorIT_T0_T1_ESF_SB_IT2_T3_T4_E
FN:1245,1265,_ZSt12__equal_aux1IPPN6OctreeIiP10IContainer17ContainerPositionIiEE4NodeES7_RKS7_PS9_EN9__gnu_cxx11__enable_ifIXsrSt23__is_random_access_iterIT_NSt15iterator_traitsISF_E17iterator_categoryEE7__valueEbE6__typeESF_SF_St15_Deque_iteratorIT0_T1_T2_E
FN:484,516,_ZNSt5dequeIPN6OctreeIiP10IContainer17ContainerPositionIiEE4NodeESaIS7_EE16_M_push_back_auxIJRKS7_EEEvDpOT_
FN:560,568,_ZNSt5dequeIPN6OctreeIiP10IContainer17ContainerPositionIiEE4NodeESaIS7_EE15_M_pop_back_auxEv
FN:931,973,_ZNSt5dequeIPN6OctreeIiP10IContainer17ContainerPositionIiEE4NodeESaIS7_EE17_M_reallocate_mapEmb
FNDA:0,_ZSt11__equal_ditIPN6OctreeIiP10IContainer17ContainerPositionIiEE4NodeERKS7_PS8_St15_Deque_iteratorIS7_S9_SA_EEbRKSB_IT_T0_T1_ESI_T2_
FNDA:0,_ZSt12__equal_aux1IPN6OctreeIiP10IContainer17ContainerPositionIiEE4NodeERKS7_PS8_S7_S9_SA_EbSt15_Deque_iteratorIT_T0_T1_ESF_SB_IT2_T3_T4_E
FNDA:0,_ZSt12__equal_aux1IPPN6OctreeIiP10IContainer17ContainerPositionIiEE4NodeES7_RKS7_PS9_EN9__gnu_cxx11__enable_ifIXsrSt23__is_random_access_iterIT_NSt15iterator_traitsISF_E17iterator_categoryEE7__valueEbE6__typeESF_SF_St15_Deque_iteratorIT0_T1_T2_E
FNDA:0,_ZNSt5dequeIPN6OctreeIiP10IContainer17ContainerPositionIiEE4NodeESaIS7_EE16_M_push_back_auxIJRKS7_EEEvDpOT_
FNDA:0,_ZNSt5dequeIPN6OctreeIiP10IContainer17ContainerPositionIiEE4NodeESaIS7_EE15_M_pop_back_auxEv
FNDA:0,_ZNSt5dequeIPN6OctreeIiP10IContainer17ContainerPositionIiEE4NodeESaIS7_EE17_M_reallocate_mapEmb
FNF:6
FNH:0
DA:484,0
DA:492,0
DA:493,0
DA:496,0
DA:497,0
DA:501,0
DA:507,0
DA:509,0
DA:516,0
DA:560,0
DA:563,0
DA:564,0
DA:565,0
DA:566,0
DA:568,0
DA:931,0
DA:934,0
DA:935,0
DA:936,0
DA:939,0
DA:941,0
DA:942,0
DA:943,0
DA:944,0
DA:945,0
DA:946,0
DA:949,0
DA:950,0
DA:951,0
DA:955,0
DA:956,0
DA:959,0
DA:960,0
DA:961,0
DA:962,0
DA:963,0
DA:965,0
DA:967,0
DA:968,0
DA:971,0
DA:972,0
DA:973,0
DA:1201,0
DA:1207,0
DA:1209,0
DA:1210,0
DA:1212,0
DA:1213,0
DA:1214,0
DA:1215,0
DA:1216,0
DA:1218,0
DA:1220,0
DA:1223,0
DA:1237,0
DA:1240,0
DA:1245,0
DA:1251,0
DA:1252,0
DA:1254,0
DA:1255,0
DA:1256,0
DA:1257,0
DA:1259,0
DA:1260,0
DA:1261,0
DA:1264,0
LF:67
LH:0
end_of_record
TN:
SF:/usr/include/c++/13/bits/invoke.h
FN:104,117,_ZSt10__invoke_rIvRZN7StorageC4EiiiidEUlRS0_P10IContainer17ContainerPositionIiEE0_JS1_S3_S5_EENSt9enable_ifIX16is_invocable_r_vIT_T0_DpT1_EES9_E4typeEOSA_DpOSB_
FN:104,117,_ZSt10__invoke_rIvRZN7StorageC4EiiiidEUlRS0_P10IContainer17ContainerPositionIiEE_JS1_S3_S5_EENSt9enable_ifIX16is_invocable_r_vIT_T0_DpT1_EES9_E4typeEOSA_DpOSB_
FN:60,61,_ZSt13__invoke_implIvRZN7StorageC4EiiiidEUlRS0_P10IContainer17ContainerPositionIiEE0_JS1_S3_S5_EET_St14__invoke_otherOT0_DpOT1_
FN:60,61,_ZSt13__invoke_implIvRZN7StorageC4EiiiidEUlRS0_P10IContainer17ContainerPositionIiEE_JS1_S3_S5_EET_St14__invoke_otherOT0_DpOT1_
FN:71,75,_ZSt13__invoke_implIbM7StorageFbP10IContaineriiEPS0_JS2_iiEET_St21__invoke_memfun_derefOT0_OT1_DpOT2_
FN:71,75,_ZSt13__invoke_implIvM7StorageFvP10IContainerRSt6vectorImSaImEEmEPS0_JS2_St17reference_wrapperIS5_EmEET_St21__invoke_memfun_derefOT0_OT1_DpOT2_
FN:90,98,_ZSt8__invokeIM7StorageFbP10IContaineriiEJPS0_S2_iiEENSt15__invoke_resultIT_JDpT0_EE4typeEOS7_DpOS8_
FN:90,98,_ZSt8__invokeIM7StorageFvP10IContainerRSt6vectorImSaImEEmEJPS0_S2_St17reference_wrapperIS5_EmEENSt15__invoke_resultIT_JDpT0_EE4typeEOSD_DpOSE_
FNDA:197,_ZSt10__invoke_rIvRZN7StorageC4EiiiidEUlRS0_P10IContainer17ContainerPositionIiEE0_JS1_S3_S5_EENSt9enable_ifIX16is_invocable_r_vIT_T0_DpT1_EES9_E4typeEOSA_DpOSB_
FNDA:201,_ZSt10__invoke_rIvRZN7StorageC4EiiiidEUlRS0_P10IContainer17ContainerPositionIiEE_JS1_S3_S5_EENSt9enable_ifIX16is_invocable_r_vIT_T0_DpT1_EES9_E4typeEOSA_DpOSB_
FNDA:197,_ZSt13__invoke_implIvRZN7StorageC4EiiiidEUlRS0_P10IContainer17ContainerPositionIiEE0_JS1_S3_S5_EET_St14__invoke_otherOT0_DpOT1_
FNDA:201,_ZSt13__invoke_implIvRZN7StorageC4EiiiidEUlRS0_P10IContainer17ContainerPositionIiEE_JS1_S3_S5_EET_St14__invoke_otherOT0_DpOT1_
FNDA:232,_ZSt13__invoke_implIbM7StorageFbP10IContaineriiEPS0_JS2_iiEET_St21__invoke_memfun_derefOT0_OT1_DpOT2_
FNDA:12,_ZSt13__invoke_implIvM7StorageFvP10IContainerRSt6vectorImSaImEEmEPS0_JS2_St17reference_wrapperIS5_EmEET_St21__invoke_memfun_derefOT0_OT1_DpOT2_
FNDA:232,_ZSt8__invokeIM7StorageFbP10IContaineriiEJPS0_S2_iiEENSt15__invoke_resultIT_JDpT0_EE4typeEOS7_DpOS8_
FNDA:12,_ZSt8__invokeIM7StorageFvP10IContainerRSt6vectorImSaImEEmEJPS0_S2_St17reference_wrapperIS5_EmEENSt15__invoke_resultIT_JDpT0_EE4typeEOSD_DpOSE_
FNF:8
FNH:8
DA:60,398
DA:61,398
DA:71,244
DA:74,244
DA:90,244
DA:96,244
DA:97,244
DA:104,398
DA:111,398
DA:117,379
LF:10
LH:10
end_of_record
TN:
SF:/usr/include/c++/13/bits/iterator_concepts.h
FN:145,154,_ZNKSt6ranges12__cust_imove6_IMoveclIRKPSt4pairI17ContainerPositionIiEP10IContainerEEENS1_8__resultIT_E4typeEOSD_
FNDA:55048,_ZNKSt6ranges12__cust_imove6_IMoveclIRKPSt4pairI17ContainerPositionIiEP10IContainerEEENS1_8__resultIT_E4typeEOSD_
FNF:1
FNH:1
DA:145,55048
DA:151,55048
LF:2
LH:2
end_of_record
TN:
SF:/usr/include/c++/13/bits/move.h
FN:138,139,_ZSt9addressofIKcEPT_RS1_
FN:138,139,_ZSt9addressofIcEPT_RS0_
FN:189,200,_ZSt4swapI17ContainerPositionIiEENSt9enable_ifIXsrSt6__and_IJSt6__not_ISt15__is_tuple_likeIT_EESt21is_move_constructibleIS6_ESt18is_move_assignableIS6_EEE5valueEvE4typeERS6_SG_
FN:189,200,_ZSt4swapINSt6thread2idEENSt9enable_ifIXsrSt6__and_IJSt6__not_ISt15__is_tuple_likeIT_EESt21is_move_constructibleIS6_ESt18is_move_assignableIS6_EEE5valueEvE4typeERS6_SG_
FN:189,200,_ZSt4swapIP10IContainerENSt9enable_ifIXsrSt6__and_IJSt6__not_ISt15__is_tuple_likeIT_EESt21is_move_constructibleIS6_ESt18is_move_assignableIS6_EEE5valueEvE4typeERS6_SG_
FN:51,52,_ZSt11__addressofIKZN7StorageC4EiiiidEUlRS0_P10IContainer17ContainerPositionIiEE0_EPT_RS8_
FN:51,52,_ZSt11__addressofIKZN7StorageC4EiiiidEUlRS0_P10IContainer17ContainerPositionIiEE_EPT_RS8_
FN:51,52,_ZSt11__addressofIKcEPT_RS1_
FN:51,52,_ZSt11__addressofINSt7__cxx1112basic_stringIcSt11char_traitsIcESaIcEEEEPT_RS6_
FN:51,52,_ZSt11__addressofISt4pairI17ContainerPositionIiEP10IContainerEEPT_RS6_
FN:51,52,_ZSt11__addressofISt5mutexEPT_RS1_
FN:51,52,_ZSt11__addressofISt6threadEPT_RS1_
FN:51,52,_ZSt11__addressofISt6vectorImSaImEEEPT_RS3_
FN:51,52,_ZSt11__addressofISt8functionIFvR7StorageP10IContainer17ContainerPositionIiEEEEPT_RS9_
FN:51,52,_ZSt11__addressofIcEPT_RS0_
FN:51,52,_ZSt11__addressofImEPT_RS0_
FN:70,71,_ZSt7forwardI17ContainerPositionIiEEOT_RNSt16remove_referenceIS2_E4typeE
FN:70,71,_ZSt7forwardIDnEOT_RNSt16remove_referenceIS0_E4typeE
FN:70,71,_ZSt7forwardIM7StorageFbP10IContaineriiEEOT_RNSt16remove_referenceIS5_E4typeE
FN:70,71,_ZSt7forwardIM7StorageFvP10IContainerRSt6vectorImSaImEEmEEOT_RNSt16remove_referenceIS9_E4typeE
FN:70,71,_ZSt7forwardINSt7__cxx1112basic_stringIcSt11char_traitsIcESaIcEEEEOT_RNSt16remove_referenceIS6_E4typeE
FN:70,71,_ZSt7forwardIP10IContainerEOT_RNSt16remove_referenceIS2_E4typeE
FN:70,71,_ZSt7forwardIP7StorageEOT_RNSt16remove_referenceIS2_E4typeE
FN:70,71,_ZSt7forwardIR17ContainerPositionIiEEOT_RNSt16remove_referenceIS3_E4typeE
FN:70,71,_ZSt7forwardIR7StorageEOT_RNSt16remove_referenceIS2_E4typeE
FN:70,71,_ZSt7forwardIRKNSt7__cxx1112basic_stringIcSt11char_traitsIcESaIcEEEEOT_RNSt16remove_referenceIS8_E4typeE
FN:70,71,_ZSt7forwardIRKPN6OctreeIiP10IContainer17ContainerPositionIiEE4NodeEEOT_RNSt16remove_referenceISA_E4typeE
FN:70,71,_ZSt7forwardIRKSt4pairI17ContainerPositionIiEP10IContainerEEOT_RNSt16remove_referenceIS8_E4typeE
FN:70,71,_ZSt7forwardIRKSt8functionIFvR7StorageP10IContainer17ContainerPositionIiEEEEOT_RNSt16remove_referenceISB_E4typeE
FN:70,71,_ZSt7forwardIRKZN7StorageC4EiiiidEUlRS0_P10IContainer17ContainerPositionIiEE0_EOT_RNSt16remove_referenceIS9_E4typeE
FN:70,71,_ZSt7forwardIRKZN7StorageC4EiiiidEUlRS0_P10IContainer17ContainerPositionIiEE_EOT_RNSt16remove_referenceIS9_E4typeE
FN:70,71,_ZSt7forwardIRKcEOT_RNSt16remove_referenceIS2_E4typeE
FN:70,71,_ZSt7forwardIRKmEOT_RNSt16remove_referenceIS2_E4typeE
FN:70,71,_ZSt7forwardIRP10IContainerEOT_RNSt16remove_referenceIS3_E4typeE
FN:70,71,_ZSt7forwardIRSt4pairI17ContainerPositionIiEP10IContainerEEOT_RNSt16remove_referenceIS7_E4typeE
FN:70,71,_ZSt7forwardIRSt6vectorImSaImEEEOT_RNSt16remove_referenceIS4_E4typeE
FN:70,71,_ZSt7forwardIRZN7StorageC4EiiiidEUlRS0_P10IContainer17ContainerPositionIiEE0_EOT_RNSt16remove_referenceIS8_E4typeE
FN:70,71,_ZSt7forwardIRZN7StorageC4EiiiidEUlRS0_P10IContainer17ContainerPositionIiEE_EOT_RNSt16remove_referenceIS8_E4typeE
FN:70,71,_ZSt7forwardIRcEOT_RNSt16remove_referenceIS1_E4typeE
FN:70,71,_ZSt7forwardIRiEOT_RNSt16remove_referenceIS1_E4typeE
FN:70,71,_ZSt7forwardIRmEOT_RNSt16remove_referenceIS1_E4typeE
FN:70,71,_ZSt7forwardISt17reference_wrapperISt6vectorImSaImEEEEOT_RNSt16remove_referenceIS5_E4typeE
FN:70,71,_ZSt7forwardISt4pairI17ContainerPositionIiEP10IContainerEEOT_RNSt16remove_referenceIS6_E4typeE
FN:70,71,_ZSt7forwardISt6threadEOT_RNSt16remove_referenceIS1_E4typeE
FN:70,71,_ZSt7forwardISt8functionIFvR7StorageP10IContainer17ContainerPositionIiEEEEOT_RNSt16remove_referenceIS9_E4typeE
FN:70,71,_ZSt7forwardIZN7StorageC4EiiiidEUlRS0_P10IContainer17ContainerPositionIiEE0_EOT_RNSt16remove_referenceIS7_E4typeE
FN:70,71,_ZSt7forwardIZN7StorageC4EiiiidEUlRS0_P10IContainer17ContainerPositionIiEE_EOT_RNSt16remove_referenceIS7_E4typeE
FN:70,71,_ZSt7forwardIiEOT_RNSt16remove_referenceIS0_E4typeE
FN:70,71,_ZSt7forwardImEOT_RNSt16remove_referenceIS0_E4typeE
FN:97,98,_ZSt4moveIR17ContainerPositionIiEEONSt16remove_referenceIT_E4typeEOS4_
FN:97,98,_ZSt4moveIRN9__gnu_cxx5__ops15_Iter_comp_iterIPFbRSt4pairI17ContainerPositionIiEP10IContainerES9_EEEEONSt16remove_referenceIT_E4typeEOSF_
FN:97,98,_ZSt4moveIRNSt6thread2idEEONSt16remove_referenceIT_E4typeEOS4_
FN:97,98,_ZSt4moveIRNSt7__cxx1112basic_stringIcSt11char_traitsIcESaIcEEEEONSt16remove_referenceIT_E4typeEOS8_
FN:97,98,_ZSt4moveIRP10IContainerEONSt16remove_referenceIT_E4typeEOS4_
FN:97,98,_ZSt4moveIRPFbRSt4pairI17ContainerPositionIiEP10IContainerES6_EEONSt16remove_referenceIT_E4typeEOSB_
FN:97,98,_ZSt4moveIRPNSt6thread6_StateEEONSt16remove_referenceIT_E4typeEOS5_
FN:97,98,_ZSt4moveIRPSt4pairI17ContainerPositionIiEP10IContainerEEONSt16remove_referenceIT_E4typeEOS9_
FN:97,98,_ZSt4moveIRSaIcEEONSt16remove_referenceIT_E4typeEOS3_
FN:97,98,_ZSt4moveIRSt4pairI17ContainerPositionIiEP10IContainerEEONSt16remove_referenceIT_E4typeEOS8_
FN:97,98,_ZSt4moveIRSt5tupleIJM7StorageFbP10IContaineriiEPS1_S3_iiEEEONSt16remove_referenceIT_E4typeEOSA_
FN:97,98,_ZSt4moveIRSt5tupleIJM7StorageFvP10IContainerRSt6vectorImSaImEEmEPS1_S3_St17reference_wrapperIS6_EmEEEONSt16remove_referenceIT_E4typeEOSG_
FN:97,98,_ZSt4moveIRSt6threadEONSt16remove_referenceIT_E4typeEOS3_
FN:97,98,_ZSt4moveIRSt8functionIFvR7StorageP10IContainer17ContainerPositionIiEEEEONSt16remove_referenceIT_E4typeEOSB_
FN:97,98,_ZSt4moveIRmEONSt16remove_referenceIT_E4typeEOS2_
FNDA:0,_ZSt9addressofIKcEPT_RS1_
FNDA:0,_ZSt9addressofIcEPT_RS0_
FNDA:0,_ZSt4swapI17ContainerPositionIiEENSt9enable_ifIXsrSt6__and_IJSt6__not_ISt15__is_tuple_likeIT_EESt21is_move_constructibleIS6_ESt18is_move_assignableIS6_EEE5valueEvE4typeERS6_SG_
FNDA:57,_ZSt4swapINSt6thread2idEENSt9enable_ifIXsrSt6__and_IJSt6__not_ISt15__is_tuple_likeIT_EESt21is_move_constructibleIS6_ESt18is_move_assignableIS6_EEE5valueEvE4typeERS6_SG_
FNDA:0,_ZSt4swapIP10IContainerENSt9enable_ifIXsrSt6__and_IJSt6__not_ISt15__is_tuple_likeIT_EESt21is_move_constructibleIS6_ESt18is_move_assignableIS6_EEE5valueEvE4typeERS6_SG_
FNDA:249,_ZSt11__addressofIKZN7StorageC4EiiiidEUlRS0_P10IContainer17ContainerPositionIiEE0_EPT_RS8_
FNDA:253,_ZSt11__addressofIKZN7StorageC4EiiiidEUlRS0_P10IContainer17ContainerPositionIiEE_EPT_RS8_
FNDA:0,_ZSt11__addressofIKcEPT_RS1_
FNDA:0,_ZSt11__addressofINSt7__cxx1112basic_stringIcSt11char_traitsIcESaIcEEEEPT_RS6_
FNDA:0,_ZSt11__addressofISt4pairI17ContainerPositionIiEP10IContainerEEPT_RS6_
FNDA:11861,_ZSt11__addressofISt5mutexEPT_RS1_
FNDA:415,_ZSt11__addressofISt6threadEPT_RS1_
FNDA:12,_ZSt11__addressofISt6vectorImSaImEEEPT_RS3_
FNDA:0,_ZSt11__addressofISt8functionIFvR7StorageP10IContainer17ContainerPositionIiEEEEPT_RS9_
FNDA:0,_ZSt11__addressofIcEPT_RS0_
FNDA:0,_ZSt11__addressofImEPT_RS0_
FNDA:0,_ZSt7forwardI17ContainerPositionIiEEOT_RNSt16remove_referenceIS2_E4typeE
FNDA:0,_ZSt7forwardIDnEOT_RNSt16remove_referenceIS0_E4typeE
FNDA:2774,_ZSt7forwardIM7StorageFbP10IContaineriiEEOT_RNSt16remove_referenceIS5_E4typeE
FNDA:140,_ZSt7forwardIM7StorageFvP10IContainerRSt6vectorImSaImEEmEEOT_RNSt16remove_referenceIS9_E4typeE
FNDA:552,_ZSt7forwardINSt7__cxx1112basic_stringIcSt11char_traitsIcESaIcEEEEOT_RNSt16remove_referenceIS6_E4typeE
FNDA:0,_ZSt7forwardIP10IContainerEOT_RNSt16remove_referenceIS2_E4typeE
FNDA:3402,_ZSt7forwardIP7StorageEOT_RNSt16remove_referenceIS2_E4typeE
FNDA:824,_ZSt7forwardIR17ContainerPositionIiEEOT_RNSt16remove_referenceIS3_E4typeE
FNDA:0,_ZSt7forwardIR7StorageEOT_RNSt16remove_referenceIS2_E4typeE
FNDA:45,_ZSt7forwardIRKNSt7__cxx1112basic_stringIcSt11char_traitsIcESaIcEEEEOT_RNSt16remove_referenceIS8_E4typeE
FNDA:0,_ZSt7forwardIRKPN6OctreeIiP10IContainer17ContainerPositionIiEE4NodeEEOT_RNSt16remove_referenceISA_E4typeE
FNDA:109421,_ZSt7forwardIRKSt4pairI17ContainerPositionIiEP10IContainerEEOT_RNSt16remove_referenceIS8_E4typeE
FNDA:238,_ZSt7forwardIRKSt8functionIFvR7StorageP10IContainer17ContainerPositionIiEEEEOT_RNSt16remove_referenceISB_E4typeE
FNDA:104,_ZSt7forwardIRKZN7StorageC4EiiiidEUlRS0_P10IContainer17ContainerPositionIiEE0_EOT_RNSt16remove_referenceIS9_E4typeE
FNDA:104,_ZSt7forwardIRKZN7StorageC4EiiiidEUlRS0_P10IContainer17ContainerPositionIiEE_EOT_RNSt16remove_referenceIS9_E4typeE
FNDA:0,_ZSt7forwardIRKcEOT_RNSt16remove_referenceIS2_E4typeE
FNDA:0,_ZSt7forwardIRKmEOT_RNSt16remove_referenceIS2_E4typeE
FNDA:3682,_ZSt7forwardIRP10IContainerEOT_RNSt16remove_referenceIS3_E4typeE
FNDA:109047,_ZSt7forwardIRSt4pairI17ContainerPositionIiEP10IContainerEEOT_RNSt16remove_referenceIS7_E4typeE
FNDA:12,_ZSt7forwardIRSt6vectorImSaImEEEOT_RNSt16remove_referenceIS4_E4typeE
FNDA:394,_ZSt7forwardIRZN7StorageC4EiiiidEUlRS0_P10IContainer17ContainerPositionIiEE0_EOT_RNSt16remove_referenceIS8_E4typeE
FNDA:402,_ZSt7forwardIRZN7StorageC4EiiiidEUlRS0_P10IContainer17ContainerPositionIiEE_EOT_RNSt16remove_referenceIS8_E4typeE
FNDA:0,_ZSt7forwardIRcEOT_RNSt16remove_referenceIS1_E4typeE
FNDA:6244,_ZSt7forwardIRiEOT_RNSt16remove_referenceIS1_E4typeE
FNDA:164,_ZSt7forwardIRmEOT_RNSt16remove_referenceIS1_E4typeE
FNDA:188,_ZSt7forwardISt17reference_wrapperISt6vectorImSaImEEEEOT_RNSt16remove_referenceIS5_E4typeE
FNDA:57516,_ZSt7forwardISt4pairI17ContainerPositionIiEP10IContainerEEOT_RNSt16remove_referenceIS6_E4typeE
FNDA:114,_ZSt7forwardISt6threadEOT_RNSt16remove_referenceIS1_E4typeE
FNDA:72,_ZSt7forwardISt8functionIFvR7StorageP10IContainer17ContainerPositionIiEEEEOT_RNSt16remove_referenceIS9_E4typeE
FNDA:96,_ZSt7forwardIZN7StorageC4EiiiidEUlRS0_P10IContainer17ContainerPositionIiEE0_EOT_RNSt16remove_referenceIS7_E4typeE
FNDA:96,_ZSt7forwardIZN7StorageC4EiiiidEUlRS0_P10IContainer17ContainerPositionIiEE_EOT_RNSt16remove_referenceIS7_E4typeE
FNDA:1392,_ZSt7forwardIiEOT_RNSt16remove_referenceIS0_E4typeE
FNDA:36,_ZSt7forwardImEOT_RNSt16remove_referenceIS0_E4typeE
FNDA:0,_ZSt4moveIR17ContainerPositionIiEEONSt16remove_referenceIT_E4typeEOS4_
FNDA:181,_ZSt4moveIRN9__gnu_cxx5__ops15_Iter_comp_iterIPFbRSt4pairI17ContainerPositionIiEP10IContainerES9_EEEEONSt16remove_referenceIT_E4typeEOSF_
FNDA:171,_ZSt4moveIRNSt6thread2idEEONSt16remove_referenceIT_E4typeEOS4_
FNDA:0,_ZSt4moveIRNSt7__cxx1112basic_stringIcSt11char_traitsIcESaIcEEEEONSt16remove_referenceIT_E4typeEOS8_
FNDA:0,_ZSt4moveIRP10IContainerEONSt16remove_referenceIT_E4typeEOS4_
FNDA:477,_ZSt4moveIRPFbRSt4pairI17ContainerPositionIiEP10IContainerES6_EEONSt16remove_referenceIT_E4typeEOSB_
FNDA:0,_ZSt4moveIRPNSt6thread6_StateEEONSt16remove_referenceIT_E4typeEOS5_
FNDA:45144,_ZSt4moveIRPSt4pairI17ContainerPositionIiEP10IContainerEEONSt16remove_referenceIT_E4typeEOS9_
FNDA:0,_ZSt4moveIRSaIcEEONSt16remove_referenceIT_E4typeEOS3_
FNDA:1436,_ZSt4moveIRSt4pairI17ContainerPositionIiEP10IContainerEEONSt16remove_referenceIT_E4typeEOS8_
FNDA:1160,_ZSt4moveIRSt5tupleIJM7StorageFbP10IContaineriiEPS1_S3_iiEEEONSt16remove_referenceIT_E4typeEOSA_
FNDA:60,_ZSt4moveIRSt5tupleIJM7StorageFvP10IContainerRSt6vectorImSaImEEmEPS1_S3_St17reference_wrapperIS6_EmEEEONSt16remove_referenceIT_E4typeEOSG_
FNDA:57,_ZSt4moveIRSt6threadEONSt16remove_referenceIT_E4typeEOS3_
FNDA:36,_ZSt4moveIRSt8functionIFvR7StorageP10IContainer17ContainerPositionIiEEEEONSt16remove_referenceIT_E4typeEOSB_
FNDA:12,_ZSt4moveIRmEONSt16remove_referenceIT_E4typeEOS2_
FNF:64
FNH:41
DA:51,12790
DA:52,12790
DA:70,297059
DA:71,297059
DA:97,48734
DA:98,48734
DA:138,0
DA:139,0
DA:189,57
DA:197,57
DA:198,57
DA:199,57
DA:200,57
LF:13
LH:11
end_of_record
TN:
SF:/usr/include/c++/13/bits/new_allocator.h
FN:126,152,_ZNSt15__new_allocatorINSt7__cxx1112basic_stringIcSt11char_traitsIcESaIcEEEE8allocateEmPKv
FN:126,152,_ZNSt15__new_allocatorIPN6OctreeIiP10IContainer17ContainerPositionIiEE4NodeEE8allocateEmPKv
FN:126,152,_ZNSt15__new_allocatorIPPN6OctreeIiP10IContainer17ContainerPositionIiEE4NodeEE8allocateEmPKv
FN:126,152,_ZNSt15__new_allocatorISt4pairI17ContainerPositionIiEP10IContainerEE8allocateEmPKv
FN:126,152,_ZNSt15__new_allocatorISt6threadE8allocateEmPKv
FN:126,152,_ZNSt15__new_allocatorISt8functionIFvR7StorageP10IContainer17ContainerPositionIiEEEE8allocateEmPKv
FN:126,152,_ZNSt15__new_allocatorIcE8allocateEmPKv
FN:126,152,_ZNSt15__new_allocatorImE8allocateEmPKv
FN:156,173,_ZNSt15__new_allocatorINSt7__cxx1112basic_stringIcSt11char_traitsIcESaIcEEEE10deallocateEPS5_m
FN:156,173,_ZNSt15__new_allocatorIPN6OctreeIiP10IContainer17ContainerPositionIiEE4NodeEE10deallocateEPS7_m
FN:156,173,_ZNSt15__new_allocatorIPPN6OctreeIiP10IContainer17ContainerPositionIiEE4NodeEE10deallocateEPS8_m
FN:156,173,_ZNSt15__new_allocatorISt4pairI17ContainerPositionIiEP10IContainerEE10deallocateEPS5_m
FN:156,173,_ZNSt15__new_allocatorISt6threadE10deallocateEPS0_m
FN:156,173,_ZNSt15__new_allocatorISt8functionIFvR7StorageP10IContainer17ContainerPositionIiEEEE10deallocateEPS8_m
FN:156,173,_ZNSt15__new_allocatorIcE10deallocateEPcm
FN:156,173,_ZNSt15__new_allocatorImE10deallocateEPmm
FNDA:71,_ZNSt15__new_allocatorINSt7__cxx1112basic_stringIcSt11char_traitsIcESaIcEEEE8allocateEmPKv
FNDA:0,_ZNSt15__new_allocatorIPN6OctreeIiP10IContainer17ContainerPositionIiEE4NodeEE8allocateEmPKv
FNDA:0,_ZNSt15__new_allocatorIPPN6OctreeIiP10IContainer17ContainerPositionIiEE4NodeEE8allocateEmPKv
FNDA:17255,_ZNSt15__new_allocatorISt4pairI17ContainerPositionIiEP10IContainerEE8allocateEmPKv
FNDA:230,_ZNSt15__new_allocatorISt6threadE8allocateEmPKv
FNDA:86,_ZNSt15__new_allocatorISt8functionIFvR7StorageP10IContainer17ContainerPositionIiEEEE8allocateEmPKv
FNDA:0,_ZNSt15__new_allocatorIcE8allocateEmPKv
FNDA:2,_ZNSt15__new_allocatorImE8allocateEmPKv
FNDA:0,_ZNSt15__new_allocatorINSt7__cxx1112basic_stringIcSt11char_traitsIcESaIcEEEE10deallocateEPS5_m
FNDA:0,_ZNSt15__new_allocatorIPN6OctreeIiP10IContainer17ContainerPositionIiEE4NodeEE10deallocateEPS7_m
FNDA:0,_ZNSt15__new_allocatorIPPN6OctreeIiP10IContainer17ContainerPositionIiEE4NodeEE10deallocateEPS8_m
FNDA:0,_ZNSt15__new_allocatorISt4pairI17ContainerPositionIiEP10IContainerEE10deallocateEPS5_m
FNDA:230,_ZNSt15__new_allocatorISt6threadE10deallocateEPS0_m
FNDA:0,_ZNSt15__new_allocatorISt8functionIFvR7StorageP10IContainer17ContainerPositionIiEEEE10deallocateEPS8_m
FNDA:0,_ZNSt15__new_allocatorIcE10deallocateEPcm
FNDA:2,_ZNSt15__new_allocatorImE10deallocateEPmm
FNF:16
FNH:7
DA:88,12583
DA:92,35040
DA:126,17644
DA:134,17644
DA:138,0
DA:139,0
DA:140,0
DA:151,17644
DA:156,232
DA:172,232
DA:233,17644
LF:11
LH:8
end_of_record
TN:
SF:/usr/include/c++/13/bits/predefined_ops.h
FN:150,152,_ZN9__gnu_cxx5__ops15_Iter_comp_iterIPFbRSt4pairI17ContainerPositionIiEP10IContainerES8_EEC2ESA_
FN:157,158,_ZN9__gnu_cxx5__ops15_Iter_comp_iterIPFbRSt4pairI17ContainerPositionIiEP10IContainerES8_EEclINS_17__normal_iteratorIPS7_St6vectorIS7_SaIS7_EEEESI_EEbT_T0_
FN:164,165,_ZN9__gnu_cxx5__ops16__iter_comp_iterIPFbRSt4pairI17ContainerPositionIiEP10IContainerES8_EEENS0_15_Iter_comp_iterIT_EESC_
FN:187,189,_ZN9__gnu_cxx5__ops14_Iter_comp_valIPFbRSt4pairI17ContainerPositionIiEP10IContainerES8_EEC2EONS0_15_Iter_comp_iterISA_EE
FN:195,196,_ZN9__gnu_cxx5__ops14_Iter_comp_valIPFbRSt4pairI17ContainerPositionIiEP10IContainerES8_EEclINS_17__normal_iteratorIPS7_St6vectorIS7_SaIS7_EEEES7_EEbT_RT0_
FN:231,233,_ZN9__gnu_cxx5__ops14_Val_comp_iterIPFbRSt4pairI17ContainerPositionIiEP10IContainerES8_EEC2EONS0_15_Iter_comp_iterISA_EE
FN:239,240,_ZN9__gnu_cxx5__ops14_Val_comp_iterIPFbRSt4pairI17ContainerPositionIiEP10IContainerES8_EEclIS7_NS_17__normal_iteratorIPS7_St6vectorIS7_SaIS7_EEEEEEbRT_T0_
FN:252,253,_ZN9__gnu_cxx5__ops15__val_comp_iterIPFbRSt4pairI17ContainerPositionIiEP10IContainerES8_EEENS0_14_Val_comp_iterIT_EENS0_15_Iter_comp_iterISC_EE
FN:262,264,_ZN9__gnu_cxx5__ops16_Iter_equals_valIKSt4pairI17ContainerPositionIiEP10IContainerEEC2ERS8_
FN:269,270,_ZN9__gnu_cxx5__ops16_Iter_equals_valIKSt4pairI17ContainerPositionIiEP10IContainerEEclINS_17__normal_iteratorIPS7_St6vectorIS7_SaIS7_EEEEEEbT_
FN:276,277,_ZN9__gnu_cxx5__ops17__iter_equals_valIKSt4pairI17ContainerPositionIiEP10IContainerEEENS0_16_Iter_equals_valIT_EERSA_
FN:44,45,_ZNK9__gnu_cxx5__ops15_Iter_less_iterclIPKiS4_EEbT_T0_
FN:50,51,_ZN9__gnu_cxx5__ops16__iter_less_iterEv
FNDA:148,_ZN9__gnu_cxx5__ops15_Iter_comp_iterIPFbRSt4pairI17ContainerPositionIiEP10IContainerES8_EEC2ESA_
FNDA:191,_ZN9__gnu_cxx5__ops15_Iter_comp_iterIPFbRSt4pairI17ContainerPositionIiEP10IContainerES8_EEclINS_17__normal_iteratorIPS7_St6vectorIS7_SaIS7_EEEESI_EEbT_T0_
FNDA:148,_ZN9__gnu_cxx5__ops16__iter_comp_iterIPFbRSt4pairI17ContainerPositionIiEP10IContainerES8_EEENS0_15_Iter_comp_iterIT_EESC_
FNDA:0,_ZN9__gnu_cxx5__ops14_Iter_comp_valIPFbRSt4pairI17ContainerPositionIiEP10IContainerES8_EEC2EONS0_15_Iter_comp_iterISA_EE
FNDA:0,_ZN9__gnu_cxx5__ops14_Iter_comp_valIPFbRSt4pairI17ContainerPositionIiEP10IContainerES8_EEclINS_17__normal_iteratorIPS7_St6vectorIS7_SaIS7_EEEES7_EEbT_RT0_
FNDA:181,_ZN9__gnu_cxx5__ops14_Val_comp_iterIPFbRSt4pairI17ContainerPositionIiEP10IContainerES8_EEC2EONS0_15_Iter_comp_iterISA_EE
FNDA:227,_ZN9__gnu_cxx5__ops14_Val_comp_iterIPFbRSt4pairI17ContainerPositionIiEP10IContainerES8_EEclIS7_NS_17__normal_iteratorIPS7_St6vectorIS7_SaIS7_EEEEEEbRT_T0_
FNDA:181,_ZN9__gnu_cxx5__ops15__val_comp_iterIPFbRSt4pairI17ContainerPositionIiEP10IContainerES8_EEENS0_14_Val_comp_iterIT_EENS0_15_Iter_comp_iterISC_EE
FNDA:124,_ZN9__gnu_cxx5__ops16_Iter_equals_valIKSt4pairI17ContainerPositionIiEP10IContainerEEC2ERS8_
FNDA:199,_ZN9__gnu_cxx5__ops16_Iter_equals_valIKSt4pairI17ContainerPositionIiEP10IContainerEEclINS_17__normal_iteratorIPS7_St6vectorIS7_SaIS7_EEEEEEbT_
FNDA:124,_ZN9__gnu_cxx5__ops17__iter_equals_valIKSt4pairI17ContainerPositionIiEP10IContainerEEENS0_16_Iter_equals_valIT_EERSA_
FNDA:2445374,_ZNK9__gnu_cxx5__ops15_Iter_less_iterclIPKiS4_EEbT_T0_
FNDA:349362,_ZN9__gnu_cxx5__ops16__iter_less_iterEv
FNF:13
FNH:11
DA:44,2445374
DA:45,2445374
DA:50,349362
DA:51,349362
DA:150,148
DA:151,148
DA:152,148
DA:157,191
DA:158,191
DA:164,148
DA:165,148
DA:187,0
DA:188,0
DA:189,0
DA:195,0
DA:196,0
DA:231,181
DA:232,181
DA:233,181
DA:239,227
DA:240,227
DA:252,181
DA:253,181
DA:262,124
DA:263,124
DA:264,124
DA:269,199
DA:270,199
DA:276,124
DA:277,124
LF:30
LH:25
end_of_record
TN:
SF:/usr/include/c++/13/bits/ptr_traits.h
FN:141,142,_ZNSt19__ptr_traits_ptr_toIPKcS0_Lb0EE10pointer_toERS0_
FN:141,142,_ZNSt19__ptr_traits_ptr_toIPccLb0EE10pointer_toERc
FNDA:0,_ZNSt19__ptr_traits_ptr_toIPKcS0_Lb0EE10pointer_toERS0_
FNDA:0,_ZNSt19__ptr_traits_ptr_toIPccLb0EE10pointer_toERc
FNF:2
FNH:0
DA:141,0
DA:142,0
LF:2
LH:0
end_of_record
TN:
SF:/usr/include/c++/13/bits/refwrap.h
FN:313,313,_ZNSt17reference_wrapperISt6vectorImSaImEEE6_S_funERS2_
FN:330,333,_ZNSt17reference_wrapperISt6vectorImSaImEEEC2IRS2_vPS2_EEOT_
FN:341,342,_ZNKSt17reference_wrapperISt6vectorImSaImEEEcvRS2_Ev
FN:346,347,_ZNKSt17reference_wrapperISt6vectorImSaImEEE3getEv
FN:374,375,_ZSt3refISt6vectorImSaImEEESt17reference_wrapperIT_ERS4_
FNDA:12,_ZNSt17reference_wrapperISt6vectorImSaImEEE6_S_funERS2_
FNDA:12,_ZNSt17reference_wrapperISt6vectorImSaImEEEC2IRS2_vPS2_EEOT_
FNDA:12,_ZNKSt17reference_wrapperISt6vectorImSaImEEEcvRS2_Ev
FNDA:12,_ZNKSt17reference_wrapperISt6vectorImSaImEEE3getEv
FNDA:12,_ZSt3refISt6vectorImSaImEEESt17reference_wrapperIT_ERS4_
FNF:5
FNH:5
DA:313,12
DA:330,12
DA:332,12
DA:333,12
DA:341,12
DA:342,12
DA:346,12
DA:347,12
DA:374,12
DA:375,12
LF:10
LH:10
end_of_record
TN:
SF:/usr/include/c++/13/bits/std_function.h
FN:134,143,_ZNSt14_Function_base13_Base_managerIZN7StorageC4EiiiidEUlRS1_P10IContainer17ContainerPositionIiEE0_E14_M_get_pointerERKSt9_Any_data
FN:134,143,_ZNSt14_Function_base13_Base_managerIZN7StorageC4EiiiidEUlRS1_P10IContainer17ContainerPositionIiEE_E14_M_get_pointerERKSt9_Any_data
FN:150,153,_ZNSt14_Function_base13_Base_managerIZN7StorageC4EiiiidEUlRS1_P10IContainer17ContainerPositionIiEE0_E9_M_createIRKS7_EEvRSt9_Any_dataOT_St17integral_constantIbLb1EE
FN:150,153,_ZNSt14_Function_base13_Base_managerIZN7StorageC4EiiiidEUlRS1_P10IContainer17ContainerPositionIiEE0_E9_M_createIS7_EEvRSt9_Any_dataOT_St17integral_constantIbLb1EE
FN:150,153,_ZNSt14_Function_base13_Base_managerIZN7StorageC4EiiiidEUlRS1_P10IContainer17ContainerPositionIiEE_E9_M_createIRKS7_EEvRSt9_Any_dataOT_St17integral_constantIbLb1EE
FN:150,153,_ZNSt14_Function_base13_Base_managerIZN7StorageC4EiiiidEUlRS1_P10IContainer17ContainerPositionIiEE_E9_M_createIS7_EEvRSt9_Any_dataOT_St17integral_constantIbLb1EE
FN:166,169,_ZNSt14_Function_base13_Base_managerIZN7StorageC4EiiiidEUlRS1_P10IContainer17ContainerPositionIiEE0_E10_M_destroyERSt9_Any_dataSt17integral_constantIbLb1EE
FN:166,169,_ZNSt14_Function_base13_Base_managerIZN7StorageC4EiiiidEUlRS1_P10IContainer17ContainerPositionIiEE_E10_M_destroyERSt9_Any_dataSt17integral_constantIbLb1EE
FN:180,207,_ZNSt14_Function_base13_Base_managerIZN7StorageC4EiiiidEUlRS1_P10IContainer17ContainerPositionIiEE0_E10_M_managerERSt9_Any_dataRKS9_St18_Manager_operation
FN:180,207,_ZNSt14_Function_base13_Base_managerIZN7StorageC4EiiiidEUlRS1_P10IContainer17ContainerPositionIiEE_E10_M_managerERSt9_Any_dataRKS9_St18_Manager_operation
FN:211,216,_ZNSt14_Function_base13_Base_managerIZN7StorageC4EiiiidEUlRS1_P10IContainer17ContainerPositionIiEE0_E15_M_init_functorIRKS7_EEvRSt9_Any_dataOT_
FN:211,216,_ZNSt14_Function_base13_Base_managerIZN7StorageC4EiiiidEUlRS1_P10IContainer17ContainerPositionIiEE0_E15_M_init_functorIS7_EEvRSt9_Any_dataOT_
FN:211,216,_ZNSt14_Function_base13_Base_managerIZN7StorageC4EiiiidEUlRS1_P10IContainer17ContainerPositionIiEE_E15_M_init_functorIRKS7_EEvRSt9_Any_dataOT_
FN:211,216,_ZNSt14_Function_base13_Base_managerIZN7StorageC4EiiiidEUlRS1_P10IContainer17ContainerPositionIiEE_E15_M_init_functorIS7_EEvRSt9_Any_dataOT_
FN:235,236,_ZNSt14_Function_base13_Base_managerIZN7StorageC4EiiiidEUlRS1_P10IContainer17ContainerPositionIiEE0_E21_M_not_empty_functionIS7_EEbRKT_
FN:235,236,_ZNSt14_Function_base13_Base_managerIZN7StorageC4EiiiidEUlRS1_P10IContainer17ContainerPositionIiEE_E21_M_not_empty_functionIS7_EEbRKT_
FN:239,239,_ZNSt14_Function_baseC2Ev
FN:241,245,_ZNSt14_Function_baseD2Ev
FN:247,247,_ZNKSt14_Function_base8_M_emptyEv
FN:267,285,_ZNSt17_Function_handlerIFvR7StorageP10IContainer17ContainerPositionIiEEZNS0_C4EiiiidEUlS1_S3_S5_E0_E10_M_managerERSt9_Any_dataRKS9_St18_Manager_operation
FN:267,285,_ZNSt17_Function_handlerIFvR7StorageP10IContainer17ContainerPositionIiEEZNS0_C4EiiiidEUlS1_S3_S5_E_E10_M_managerERSt9_Any_dataRKS9_St18_Manager_operation
FN:288,292,_ZNSt17_Function_handlerIFvR7StorageP10IContainer17ContainerPositionIiEEZNS0_C4EiiiidEUlS1_S3_S5_E0_E9_M_invokeERKSt9_Any_dataS1_OS3_OS5_
FN:288,292,_ZNSt17_Function_handlerIFvR7StorageP10IContainer17ContainerPositionIiEEZNS0_C4EiiiidEUlS1_S3_S5_E_E9_M_invokeERKSt9_Any_dataS1_OS3_OS5_
FN:386,395,_ZNSt8functionIFvR7StorageP10IContainer17ContainerPositionIiEEEC2ERKS7_
FN:404,414,_ZNSt8functionIFvR7StorageP10IContainer17ContainerPositionIiEEEC2EOS7_
FN:435,454,_ZNSt8functionIFvR7StorageP10IContainer17ContainerPositionIiEEEC2IZNS0_C4EiiiidEUlS1_S3_S5_E0_vEEOT_
FN:435,454,_ZNSt8functionIFvR7StorageP10IContainer17ContainerPositionIiEEEC2IZNS0_C4EiiiidEUlS1_S3_S5_E_vEEOT_
FN:573,574,_ZNKSt8functionIFvR7StorageP10IContainer17ContainerPositionIiEEEcvbEv
FN:587,592,_ZNKSt8functionIFvR7StorageP10IContainer17ContainerPositionIiEEEclES1_S3_S5_
FN:85,85,_ZNSt9_Any_data9_M_accessEv
FN:86,86,_ZNKSt9_Any_data9_M_accessEv
FN:90,91,_ZNSt9_Any_data9_M_accessIPKSt9type_infoEERT_v
FN:90,91,_ZNSt9_Any_data9_M_accessIPZN7StorageC4EiiiidEUlRS1_P10IContainer17ContainerPositionIiEE0_EERT_v
FN:90,91,_ZNSt9_Any_data9_M_accessIPZN7StorageC4EiiiidEUlRS1_P10IContainer17ContainerPositionIiEE_EERT_v
FN:90,91,_ZNSt9_Any_data9_M_accessIZN7StorageC4EiiiidEUlRS1_P10IContainer17ContainerPositionIiEE0_EERT_v
FN:90,91,_ZNSt9_Any_data9_M_accessIZN7StorageC4EiiiidEUlRS1_P10IContainer17ContainerPositionIiEE_EERT_v
FN:95,96,_ZNKSt9_Any_data9_M_accessIZN7StorageC4EiiiidEUlRS1_P10IContainer17ContainerPositionIiEE0_EERKT_v
FN:95,96,_ZNKSt9_Any_data9_M_accessIZN7StorageC4EiiiidEUlRS1_P10IContainer17ContainerPositionIiEE_EERKT_v
FNDA:249,_ZNSt14_Function_base13_Base_managerIZN7StorageC4EiiiidEUlRS1_P10IContainer17ContainerPositionIiEE0_E14_M_get_pointerERKSt9_Any_data
FNDA:253,_ZNSt14_Function_base13_Base_managerIZN7StorageC4EiiiidEUlRS1_P10IContainer17ContainerPositionIiEE_E14_M_get_pointerERKSt9_Any_data
FNDA:52,_ZNSt14_Function_base13_Base_managerIZN7StorageC4EiiiidEUlRS1_P10IContainer17ContainerPositionIiEE0_E9_M_createIRKS7_EEvRSt9_Any_dataOT_St17integral_constantIbLb1EE
FNDA:32,_ZNSt14_Function_base13_Base_managerIZN7StorageC4EiiiidEUlRS1_P10IContainer17ContainerPositionIiEE0_E9_M_createIS7_EEvRSt9_Any_dataOT_St17integral_constantIbLb1EE
FNDA:52,_ZNSt14_Function_base13_Base_managerIZN7StorageC4EiiiidEUlRS1_P10IContainer17ContainerPositionIiEE_E9_M_createIRKS7_EEvRSt9_Any_dataOT_St17integral_constantIbLb1EE
FNDA:32,_ZNSt14_Function_base13_Base_managerIZN7StorageC4EiiiidEUlRS1_P10IContainer17ContainerPositionIiEE_E9_M_createIS7_EEvRSt9_Any_dataOT_St17integral_constantIbLb1EE
FNDA:84,_ZNSt14_Function_base13_Base_managerIZN7StorageC4EiiiidEUlRS1_P10IContainer17ContainerPositionIiEE0_E10_M_destroyERSt9_Any_dataSt17integral_constantIbLb1EE
FNDA:84,_ZNSt14_Function_base13_Base_managerIZN7StorageC4EiiiidEUlRS1_P10IContainer17ContainerPositionIiEE_E10_M_destroyERSt9_Any_dataSt17integral_constantIbLb1EE
FNDA:136,_ZNSt14_Function_base13_Base_managerIZN7StorageC4EiiiidEUlRS1_P10IContainer17ContainerPositionIiEE0_E10_M_managerERSt9_Any_dataRKS9_St18_Manager_operation
FNDA:136,_ZNSt14_Function_base13_Base_managerIZN7StorageC4EiiiidEUlRS1_P10IContainer17ContainerPositionIiEE_E10_M_managerERSt9_Any_dataRKS9_St18_Manager_operation
FNDA:52,_ZNSt14_Function_base13_Base_managerIZN7StorageC4EiiiidEUlRS1_P10IContainer17ContainerPositionIiEE0_E15_M_init_functorIRKS7_EEvRSt9_Any_dataOT_
FNDA:32,_ZNSt14_Function_base13_Base_managerIZN7StorageC4EiiiidEUlRS1_P10IContainer17ContainerPositionIiEE0_E15_M_init_functorIS7_EEvRSt9_Any_dataOT_
FNDA:52,_ZNSt14_Function_base13_Base_managerIZN7StorageC4EiiiidEUlRS1_P10IContainer17ContainerPositionIiEE_E15_M_init_functorIRKS7_EEvRSt9_Any_dataOT_
FNDA:32,_ZNSt14_Function_base13_Base_managerIZN7StorageC4EiiiidEUlRS1_P10IContainer17ContainerPositionIiEE_E15_M_init_functorIS7_EEvRSt9_Any_dataOT_
FNDA:32,_ZNSt14_Function_base13_Base_managerIZN7StorageC4EiiiidEUlRS1_P10IContainer17ContainerPositionIiEE0_E21_M_not_empty_functionIS7_EEbRKT_
FNDA:32,_ZNSt14_Function_base13_Base_managerIZN7StorageC4EiiiidEUlRS1_P10IContainer17ContainerPositionIiEE_E21_M_not_empty_functionIS7_EEbRKT_
FNDA:0,_ZNSt14_Function_baseC2Ev
FNDA:0,_ZNSt14_Function_baseD2Ev
FNDA:542,_ZNKSt14_Function_base8_M_emptyEv
FNDA:136,_ZNSt17_Function_handlerIFvR7StorageP10IContainer17ContainerPositionIiEEZNS0_C4EiiiidEUlS1_S3_S5_E0_E10_M_managerERSt9_Any_dataRKS9_St18_Manager_operation
FNDA:136,_ZNSt17_Function_handlerIFvR7StorageP10IContainer17ContainerPositionIiEEZNS0_C4EiiiidEUlS1_S3_S5_E_E10_M_managerERSt9_Any_dataRKS9_St18_Manager_operation
FNDA:197,_ZNSt17_Function_handlerIFvR7StorageP10IContainer17ContainerPositionIiEEZNS0_C4EiiiidEUlS1_S3_S5_E0_E9_M_invokeERKSt9_Any_dataS1_OS3_OS5_
FNDA:201,_ZNSt17_Function_handlerIFvR7StorageP10IContainer17ContainerPositionIiEEZNS0_C4EiiiidEUlS1_S3_S5_E_E9_M_invokeERKSt9_Any_dataS1_OS3_OS5_
FNDA:108,_ZNSt8functionIFvR7StorageP10IContainer17ContainerPositionIiEEEC2ERKS7_
FNDA:36,_ZNSt8functionIFvR7StorageP10IContainer17ContainerPositionIiEEEC2EOS7_
FNDA:32,_ZNSt8functionIFvR7StorageP10IContainer17ContainerPositionIiEEEC2IZNS0_C4EiiiidEUlS1_S3_S5_E0_vEEOT_
FNDA:32,_ZNSt8functionIFvR7StorageP10IContainer17ContainerPositionIiEEEC2IZNS0_C4EiiiidEUlS1_S3_S5_E_vEEOT_
FNDA:144,_ZNKSt8functionIFvR7StorageP10IContainer17ContainerPositionIiEEEcvbEv
FNDA:398,_ZNKSt8functionIFvR7StorageP10IContainer17ContainerPositionIiEEEclES1_S3_S5_
FNDA:0,_ZNSt9_Any_data9_M_accessEv
FNDA:0,_ZNKSt9_Any_data9_M_accessEv
FNDA:0,_ZNSt9_Any_data9_M_accessIPKSt9type_infoEERT_v
FNDA:0,_ZNSt9_Any_data9_M_accessIPZN7StorageC4EiiiidEUlRS1_P10IContainer17ContainerPositionIiEE0_EERT_v
FNDA:0,_ZNSt9_Any_data9_M_accessIPZN7StorageC4EiiiidEUlRS1_P10IContainer17ContainerPositionIiEE_EERT_v
FNDA:84,_ZNSt9_Any_data9_M_accessIZN7StorageC4EiiiidEUlRS1_P10IContainer17ContainerPositionIiEE0_EERT_v
FNDA:84,_ZNSt9_Any_data9_M_accessIZN7StorageC4EiiiidEUlRS1_P10IContainer17ContainerPositionIiEE_EERT_v
FNDA:249,_ZNKSt9_Any_data9_M_accessIZN7StorageC4EiiiidEUlRS1_P10IContainer17ContainerPositionIiEE0_EERKT_v
FNDA:253,_ZNKSt9_Any_data9_M_accessIZN7StorageC4EiiiidEUlRS1_P10IContainer17ContainerPositionIiEE_EERKT_v
FNF:38
FNH:31
DA:85,0
DA:86,0
DA:90,168
DA:91,168
DA:95,502
DA:96,502
DA:134,502
DA:138,502
DA:139,502
DA:150,168
DA:152,168
DA:153,168
DA:166,168
DA:168,168
DA:169,168
DA:180,272
DA:183,272
DA:185,0
DA:187,0
DA:191,0
DA:193,0
DA:194,0
DA:195,0
DA:197,104
DA:198,104
DA:199,104
DA:200,104
DA:202,168
DA:203,168
DA:204,168
DA:206,272
DA:211,168
DA:215,168
DA:216,168
DA:235,64
DA:236,64
DA:239,0
DA:241,0
DA:243,0
DA:244,0
DA:245,0
DA:247,542
DA:267,272
DA:270,272
DA:273,0
DA:274,0
DA:275,0
DA:277,0
DA:278,0
DA:279,0
DA:281,272
DA:282,272
DA:284,272
DA:288,398
DA:290,398
DA:291,379
DA:386,108
DA:387,108
DA:389,108
DA:391,108
DA:392,108
DA:393,108
DA:395,108
DA:404,36
DA:405,36
DA:407,36
DA:409,36
DA:410,36
DA:411,36
DA:412,36
DA:414,36
DA:435,64
DA:437,64
DA:447,64
DA:449,64
DA:451,64
DA:452,64
DA:454,64
DA:573,144
DA:574,144
DA:587,398
DA:589,398
DA:590,0
DA:591,398
LF:84
LH:64
end_of_record
TN:
SF:/usr/include/c++/13/bits/std_mutex.h
FN:104,104,_ZNSt5mutexC2Ev
FN:111,118,_ZNSt5mutex4lockEv
FN:129,133,_ZNSt5mutex6unlockEv
FN:67,67,_ZNSt12__mutex_baseC2Ev
FNDA:48,_ZNSt5mutexC2Ev
FNDA:11814,_ZNSt5mutex4lockEv
FNDA:11814,_ZNSt5mutex6unlockEv
FNDA:48,_ZNSt12__mutex_baseC2Ev
FNF:4
FNH:4
DA:67,48
DA:104,48
DA:111,11814
DA:113,11814
DA:116,11814
DA:117,0
DA:118,11814
DA:129,11814
DA:132,11814
DA:133,11814
LF:10
LH:9
end_of_record
TN:
SF:/usr/include/c++/13/bits/std_thread.h
FN:143,148,_ZNSt6thread24_M_thread_deps_never_runEv
FN:154,167,_ZNSt6threadC2IM7StorageFbP10IContaineriiEJPS1_RS3_RiS8_EvEEOT_DpOT0_
FN:154,167,_ZNSt6threadC2IM7StorageFvP10IContainerRSt6vectorImSaImEEmEJPS1_RS3_St17reference_wrapperIS6_ERmEvEEOT_DpOT0_
FN:170,174,_ZNSt6threadD2Ev
FN:178,179,_ZNSt6threadC2EOS_
FN:192,193,_ZNSt6thread4swapERS_
FN:196,197,_ZNKSt6thread8joinableEv
FN:239,241,_ZNSt6thread11_State_implINS_8_InvokerISt5tupleIJM7StorageFbP10IContaineriiEPS3_S5_iiEEEEEC2IJS7_S8_RS5_RiSE_EEEDpOT_
FN:239,241,_ZNSt6thread11_State_implINS_8_InvokerISt5tupleIJM7StorageFvP10IContainerRSt6vectorImSaImEEmEPS3_S5_St17reference_wrapperIS8_EmEEEEEC2IJSB_SC_RS5_SE_RmEEEDpOT_
FN:244,244,_ZNSt6thread11_State_implINS_8_InvokerISt5tupleIJM7StorageFbP10IContaineriiEPS3_S5_iiEEEEE6_M_runEv
FN:244,244,_ZNSt6thread11_State_implINS_8_InvokerISt5tupleIJM7StorageFvP10IContainerRSt6vectorImSaImEEmEPS3_S5_St17reference_wrapperIS8_EmEEEEE6_M_runEv
FN:276,278,_ZNSt6thread8_InvokerISt5tupleIJM7StorageFbP10IContaineriiEPS2_S4_iiEEEC2IJS6_S7_RS4_RiSC_EEEDpOT_
FN:276,278,_ZNSt6thread8_InvokerISt5tupleIJM7StorageFvP10IContainerRSt6vectorImSaImEEmEPS2_S4_St17reference_wrapperIS7_EmEEEC2IJSA_SB_RS4_SD_RmEEEDpOT_
FN:291,292,_ZNSt6thread8_InvokerISt5tupleIJM7StorageFbP10IContaineriiEPS2_S4_iiEEE9_M_invokeIJLm0ELm1ELm2ELm3ELm4EEEEbSt12_Index_tupleIJXspT_EEE
FN:291,292,_ZNSt6thread8_InvokerISt5tupleIJM7StorageFvP10IContainerRSt6vectorImSaImEEmEPS2_S4_St17reference_wrapperIS7_EmEEE9_M_invokeIJLm0ELm1ELm2ELm3ELm4EEEEvSt12_Index_tupleIJXspT_EEE
FN:295,300,_ZNSt6thread8_InvokerISt5tupleIJM7StorageFbP10IContaineriiEPS2_S4_iiEEEclEv
FN:295,300,_ZNSt6thread8_InvokerISt5tupleIJM7StorageFvP10IContainerRSt6vectorImSaImEEmEPS2_S4_St17reference_wrapperIS7_EmEEEclEv
FN:324,331,_ZSteqNSt6thread2idES0_
FN:97,97,_ZNSt6thread2idC2Ev
FNDA:0,_ZNSt6thread24_M_thread_deps_never_runEv
FNDA:232,_ZNSt6threadC2IM7StorageFbP10IContaineriiEJPS1_RS3_RiS8_EvEEOT_DpOT0_
FNDA:12,_ZNSt6threadC2IM7StorageFvP10IContainerRSt6vectorImSaImEEmEJPS1_RS3_St17reference_wrapperIS6_ERmEvEEOT_DpOT0_
FNDA:301,_ZNSt6threadD2Ev
FNDA:57,_ZNSt6threadC2EOS_
FNDA:57,_ZNSt6thread4swapERS_
FNDA:301,_ZNKSt6thread8joinableEv
FNDA:232,_ZNSt6thread11_State_implINS_8_InvokerISt5tupleIJM7StorageFbP10IContaineriiEPS3_S5_iiEEEEEC2IJS7_S8_RS5_RiSE_EEEDpOT_
FNDA:12,_ZNSt6thread11_State_implINS_8_InvokerISt5tupleIJM7StorageFvP10IContainerRSt6vectorImSaImEEmEPS3_S5_St17reference_wrapperIS8_EmEEEEEC2IJSB_SC_RS5_SE_RmEEEDpOT_
FNDA:232,_ZNSt6thread11_State_implINS_8_InvokerISt5tupleIJM7StorageFbP10IContaineriiEPS3_S5_iiEEEEE6_M_runEv
FNDA:12,_ZNSt6thread11_State_implINS_8_InvokerISt5tupleIJM7StorageFvP10IContainerRSt6vectorImSaImEEmEPS3_S5_St17reference_wrapperIS8_EmEEEEE6_M_runEv
FNDA:232,_ZNSt6thread8_InvokerISt5tupleIJM7StorageFbP10IContaineriiEPS2_S4_iiEEEC2IJS6_S7_RS4_RiSC_EEEDpOT_
FNDA:12,_ZNSt6thread8_InvokerISt5tupleIJM7StorageFvP10IContainerRSt6vectorImSaImEEmEPS2_S4_St17reference_wrapperIS7_EmEEEC2IJSA_SB_RS4_SD_RmEEEDpOT_
FNDA:232,_ZNSt6thread8_InvokerISt5tupleIJM7StorageFbP10IContaineriiEPS2_S4_iiEEE9_M_invokeIJLm0ELm1ELm2ELm3ELm4EEEEbSt12_Index_tupleIJXspT_EEE
FNDA:12,_ZNSt6thread8_InvokerISt5tupleIJM7StorageFvP10IContainerRSt6vectorImSaImEEmEPS2_S4_St17reference_wrapperIS7_EmEEE9_M_invokeIJLm0ELm1ELm2ELm3ELm4EEEEvSt12_Index_tupleIJXspT_EEE
FNDA:232,_ZNSt6thread8_InvokerISt5tupleIJM7StorageFbP10IContaineriiEPS2_S4_iiEEEclEv
FNDA:12,_ZNSt6thread8_InvokerISt5tupleIJM7StorageFvP10IContainerRSt6vectorImSaImEEmEPS2_S4_St17reference_wrapperIS7_EmEEEclEv
FNDA:301,_ZSteqNSt6thread2idES0_
FNDA:602,_ZNSt6thread2idC2Ev
FNF:19
FNH:18
DA:97,602
DA:143,0
DA:148,0
DA:154,244
DA:155,244
DA:164,244
DA:167,244
DA:170,301
DA:172,301
DA:174,301
DA:178,57
DA:179,57
DA:192,57
DA:193,57
DA:196,301
DA:197,301
DA:239,244
DA:240,244
DA:241,244
DA:244,244
DA:276,244
DA:277,244
DA:278,244
DA:291,244
DA:292,244
DA:295,244
DA:299,244
DA:324,301
DA:330,301
LF:29
LH:27
end_of_record
TN:
SF:/usr/include/c++/13/bits/stl_algo.h
FN:1631,1639,_ZSt13__heap_selectIN9__gnu_cxx17__normal_iteratorIPSt4pairI17ContainerPositionIiEP10IContainerESt6vectorIS7_SaIS7_EEEENS0_5__ops15_Iter_comp_iterIPFbRS7_SF_EEEEvT_SJ_SJ_T0_
FN:1792,1806,_ZSt25__unguarded_linear_insertIN9__gnu_cxx17__normal_iteratorIPSt4pairI17ContainerPositionIiEP10IContainerESt6vectorIS7_SaIS7_EEEENS0_5__ops14_Val_comp_iterIPFbRS7_SF_EEEEvT_T0_
FN:1812,1830,_ZSt16__insertion_sortIN9__gnu_cxx17__normal_iteratorIPSt4pairI17ContainerPositionIiEP10IContainerESt6vectorIS7_SaIS7_EEEENS0_5__ops15_Iter_comp_iterIPFbRS7_SF_EEEEvT_SJ_T0_
FN:1836,1842,_ZSt26__unguarded_insertion_sortIN9__gnu_cxx17__normal_iteratorIPSt4pairI17ContainerPositionIiEP10IContainerESt6vectorIS7_SaIS7_EEEENS0_5__ops15_Iter_comp_iterIPFbRS7_SF_EEEEvT_SJ_T0_
[...]
FN:445,524,_ZNSt6vectorISt8functionIFvR7StorageP10IContainer17ContainerPositionIiEEESaIS8_EE17_M_realloc_insertIJRKS8_EEEvN9__gnu_cxx17__normal_iteratorIPS8_SA_EEDpOT_
FN:751,839,_ZNSt6vectorISt4pairI17ContainerPositionIiEP10IContainerESaIS5_EE15_M_range_insertIN9__gnu_cxx17__normal_iteratorIPS5_S7_EEEEvSC_T_SD_St20forward_iterator_tag
FNDA:74,_ZNSt6vectorINSt7__cxx1112basic_stringIcSt11char_traitsIcESaIcEEESaIS5_EE12emplace_backIJS5_EEERS5_DpOT_
FNDA:384,_ZNSt6vectorISt4pairI17ContainerPositionIiEP10IContainerESaIS5_EE12emplace_backIJS5_EEERS5_DpOT_
FNDA:232,_ZNSt6vectorISt6threadSaIS0_EE12emplace_backIJM7StorageFbP10IContaineriiEPS4_RS6_RiSB_EEERS0_DpOT_
FNDA:12,_ZNSt6vectorISt6threadSaIS0_EE12emplace_backIJM7StorageFvP10IContainerRS_ImSaImEEmEPS4_RS6_St17reference_wrapperIS8_ERmEEERS0_DpOT_
FNDA:124,_ZNSt6vectorISt4pairI17ContainerPositionIiEP10IContainerESaIS5_EE8_M_eraseEN9__gnu_cxx17__normal_iteratorIPS5_S7_EESB_
FNDA:17,_ZNSt6vectorISt4pairI17ContainerPositionIiEP10IContainerESaIS5_EE14_M_insert_rvalEN9__gnu_cxx17__normal_iteratorIPKS5_S7_EEOS5_
FNDA:0,_ZNSt6vectorISt4pairI17ContainerPositionIiEP10IContainerESaIS5_EE13_M_insert_auxIS5_EEvN9__gnu_cxx17__normal_iteratorIPS5_S7_EEOT_
FNDA:15,_ZNSt6vectorINSt7__cxx1112basic_stringIcSt11char_traitsIcESaIcEEESaIS5_EE17_M_realloc_insertIJRKS5_EEEvN9__gnu_cxx17__normal_iteratorIPS5_S7_EEDpOT_
FNDA:56,_ZNSt6vectorINSt7__cxx1112basic_stringIcSt11char_traitsIcESaIcEEESaIS5_EE17_M_realloc_insertIJS5_EEEvN9__gnu_cxx17__normal_iteratorIPS5_S7_EEDpOT_
FNDA:317,_ZNSt6vectorISt4pairI17ContainerPositionIiEP10IContainerESaIS5_EE17_M_realloc_insertIJRKS5_EEEvN9__gnu_cxx17__normal_iteratorIPS5_S7_EEDpOT_
FNDA:212,_ZNSt6vectorISt4pairI17ContainerPositionIiEP10IContainerESaIS5_EE17_M_realloc_insertIJS5_EEEvN9__gnu_cxx17__normal_iteratorIPS5_S7_EEDpOT_
FNDA:222,_ZNSt6vectorISt6threadSaIS0_EE17_M_realloc_insertIJM7StorageFbP10IContaineriiEPS4_RS6_RiSB_EEEvN9__gnu_cxx17__normal_iteratorIPS0_S2_EEDpOT_
FNDA:8,_ZNSt6vectorISt6threadSaIS0_EE17_M_realloc_insertIJM7StorageFvP10IContainerRS_ImSaImEEmEPS4_RS6_St17reference_wrapperIS8_ERmEEEvN9__gnu_cxx17__normal_iteratorIPS0_S2_EEDpOT_
FNDA:66,_ZNSt6vectorISt8functionIFvR7StorageP10IContainer17ContainerPositionIiEEESaIS8_EE17_M_realloc_insertIJRKS8_EEEvN9__gnu_cxx17__normal_iteratorIPS8_SA_EEDpOT_
FNDA:11286,_ZNSt6vectorISt4pairI17ContainerPositionIiEP10IContainerESaIS5_EE15_M_range_insertIN9__gnu_cxx17__normal_iteratorIPS5_S7_EEEEvSC_T_SD_St20forward_iterator_tag
FNF:15
FNH:14
DA:111,702
DA:114,702
DA:117,239
DA:119,239
DA:123,463
DA:125,702
DA:195,124
DA:198,124
DA:200,124
DA:201,0
DA:202,124
DA:204,124
DA:356,17
DA:359,17
DA:360,17
DA:361,0
DA:364,0
DA:365,0
DA:366,0
DA:370,0
DA:372,17
DA:374,17
DA:413,0
DA:423,0
DA:424,0
DA:425,0
DA:430,0
DA:436,0
DA:438,0
DA:445,896
DA:455,896
DA:456,896
DA:457,896
DA:458,896
DA:459,896
DA:460,896
DA:468,896
DA:469,896
DA:475,896
DA:480,896
DA:481,896
DA:483,896
DA:485,896
DA:486,896
DA:504,0
DA:506,0
DA:507,0
DA:508,0
DA:510,0
DA:511,0
DA:512,0
DA:519,896
DA:520,896
DA:521,896
DA:522,896
DA:523,896
DA:524,896
DA:751,11286
DA:755,11286
DA:757,11286
DA:758,11286
DA:759,11286
DA:761,95
DA:762,95
DA:763,95
DA:766,0
DA:769,0
DA:770,0
DA:772,0
DA:774,0
DA:778,95
DA:781,95
DA:783,95
DA:784,95
DA:786,95
DA:789,95
DA:790,95
DA:792,95
DA:800,11191
DA:801,11191
DA:804,11191
DA:805,11191
DA:806,11191
DA:811,11191
DA:812,11191
DA:814,11191
DA:816,11191
DA:819,11191
DA:820,11191
DA:822,0
DA:825,0
DA:826,0
DA:827,0
DA:830,11191
DA:832,11191
DA:833,11191
DA:834,11191
DA:835,11191
DA:836,11191
DA:839,11286
LF:100
LH:71
end_of_record
TN:
SF:/usr/include/c++/13/compare
FN:1214,1233,_ZNKSt8__detail10_Synth3wayclIPSt4pairI17ContainerPositionIiEP10IContainerES8_EEDaRKT_RKT0_
FN:292,293,_ZStltSt15strong_orderingNSt9__cmp_cat8__unspecE
FNDA:0,_ZNKSt8__detail10_Synth3wayclIPSt4pairI17ContainerPositionIiEP10IContainerES8_EEDaRKT_RKT0_
FNDA:0,_ZStltSt15strong_orderingNSt9__cmp_cat8__unspecE
FNF:2
FNH:0
DA:292,0
DA:293,0
DA:1214,0
DA:1223,0
LF:4
LH:0
end_of_record
TN:
SF:/usr/include/c++/13/ext/alloc_traits.h
FNF:0
FNH:0
DA:98,5627
LF:1
LH:1
end_of_record
TN:
SF:/usr/include/c++/13/ext/string_conversions.h
FN:101,118,_ZN9__gnu_cxx12__to_xstringINSt7__cxx1112basic_stringIcSt11char_traitsIcESaIcEEEcEET_PFiPT0_mPKS8_P13__va_list_tagEmSB_z
FNDA:8,_ZN9__gnu_cxx12__to_xstringINSt7__cxx1112basic_stringIcSt11char_traitsIcESaIcEEEcEET_PFiPT0_mPKS8_P13__va_list_tagEmSB_z
FNF:1
FNH:1
DA:101,8
DA:107,8
DA:111,8
DA:113,8
DA:115,8
DA:117,16
LF:6
LH:6
end_of_record
TN:
SF:/usr/include/c++/13/initializer_list
FN:69,69,_ZNKSt16initializer_listIiE4sizeEv
FN:73,73,_ZNKSt16initializer_listIiE5beginEv
FN:77,77,_ZNKSt16initializer_listIiE3endEv
FNDA:349362,_ZNKSt16initializer_listIiE4sizeEv
FNDA:698724,_ZNKSt16initializer_listIiE5beginEv
FNDA:349362,_ZNKSt16initializer_listIiE3endEv
FNF:3
FNH:3
DA:69,349362
DA:73,698724
DA:77,349362
LF:3
LH:3
end_of_record
TN:
SF:/usr/include/c++/13/new
FN:174,175,_ZnwmPv
FN:180,180,_ZdlPvS_
FNDA:0,_ZnwmPv
FNDA:0,_ZdlPvS_
FNF:2
FNH:0
DA:174,0
DA:175,0
DA:180,0
LF:3
LH:0
end_of_record
TN:
SF:/usr/include/c++/13/shared_mutex
FN:163,163,_ZNSt22__shared_mutex_pthreadC2Ev
FN:415,415,_ZNSt12shared_mutexC2Ev
FNDA:48,_ZNSt22__shared_mutex_pthreadC2Ev
FNDA:48,_ZNSt12shared_mutexC2Ev
FNF:2
FNH:2
DA:163,48
DA:415,48
LF:2
LH:2
end_of_record
TN:
SF:/usr/include/c++/13/tuple
FN:125,125,_ZNSt10_Head_baseILm1ESt14default_deleteINSt6thread6_StateEELb1EE7_M_headERS4_
FN:1317,1319,_ZNSt5tupleIJPNSt6thread6_StateESt14default_deleteIS1_EEEC2ILb1ELb1EEEv
FN:1787,1788,_ZSt12__get_helperILm0EM7StorageFbP10IContaineriiEJPS0_S2_iiEERT0_RSt11_Tuple_implIXT_EJS6_DpT1_EE
FN:1787,1788,_ZSt12__get_helperILm0EM7StorageFvP10IContainerRSt6vectorImSaImEEmEJPS0_S2_St17reference_wrapperIS5_EmEERT0_RSt11_Tuple_implIXT_EJSC_DpT1_EE
FN:1787,1788,_ZSt12__get_helperILm0EPNSt6thread6_StateEJSt14default_deleteIS1_EEERT0_RSt11_Tuple_implIXT_EJS5_DpT1_EE
FN:1787,1788,_ZSt12__get_helperILm1EP7StorageJP10IContainerSt17reference_wrapperISt6vectorImSaImEEEmEERT0_RSt11_Tuple_implIXT_EJS9_DpT1_EE
FN:1787,1788,_ZSt12__get_helperILm1EP7StorageJP10IContaineriiEERT0_RSt11_Tuple_implIXT_EJS4_DpT1_EE
FN:1787,1788,_ZSt12__get_helperILm1ESt14default_deleteINSt6thread6_StateEEJEERT0_RSt11_Tuple_implIXT_EJS4_DpT1_EE
FN:1787,1788,_ZSt12__get_helperILm2EP10IContainerJSt17reference_wrapperISt6vectorImSaImEEEmEERT0_RSt11_Tuple_implIXT_EJS7_DpT1_EE
FN:1787,1788,_ZSt12__get_helperILm2EP10IContainerJiiEERT0_RSt11_Tuple_implIXT_EJS2_DpT1_EE
FN:1787,1788,_ZSt12__get_helperILm3ESt17reference_wrapperISt6vectorImSaImEEEJmEERT0_RSt11_Tuple_implIXT_EJS5_DpT1_EE
FN:1787,1788,_ZSt12__get_helperILm3EiJiEERT0_RSt11_Tuple_implIXT_EJS0_DpT1_EE
FN:1787,1788,_ZSt12__get_helperILm4EiJEERT0_RSt11_Tuple_implIXT_EJS0_DpT1_EE
FN:1787,1788,_ZSt12__get_helperILm4EmJEERT0_RSt11_Tuple_implIXT_EJS0_DpT1_EE
FN:1803,1804,_ZSt3getILm0EJPNSt6thread6_StateESt14default_deleteIS1_EEERNSt13tuple_elementIXT_ESt5tupleIJDpT0_EEE4typeERS9_
FN:1803,1804,_ZSt3getILm1EJPNSt6thread6_StateESt14default_deleteIS1_EEERNSt13tuple_elementIXT_ESt5tupleIJDpT0_EEE4typeERS9_
FN:1815,1819,_ZSt3getILm0EJM7StorageFbP10IContaineriiEPS0_S2_iiEEONSt13tuple_elementIXT_ESt5tupleIJDpT0_EEE4typeEOSA_
FN:1815,1819,_ZSt3getILm0EJM7StorageFvP10IContainerRSt6vectorImSaImEEmEPS0_S2_St17reference_wrapperIS5_EmEEONSt13tuple_elementIXT_ESt5tupleIJDpT0_EEE4typeEOSG_
FN:1815,1819,_ZSt3getILm1EJM7StorageFbP10IContaineriiEPS0_S2_iiEEONSt13tuple_elementIXT_ESt5tupleIJDpT0_EEE4typeEOSA_
FN:1815,1819,_ZSt3getILm1EJM7StorageFvP10IContainerRSt6vectorImSaImEEmEPS0_S2_St17reference_wrapperIS5_EmEEONSt13tuple_elementIXT_ESt5tupleIJDpT0_EEE4typeEOSG_
FN:1815,1819,_ZSt3getILm2EJM7StorageFbP10IContaineriiEPS0_S2_iiEEONSt13tuple_elementIXT_ESt5tupleIJDpT0_EEE4typeEOSA_
FN:1815,1819,_ZSt3getILm2EJM7StorageFvP10IContainerRSt6vectorImSaImEEmEPS0_S2_St17reference_wrapperIS5_EmEEONSt13tuple_elementIXT_ESt5tupleIJDpT0_EEE4typeEOSG_
FN:1815,1819,_ZSt3getILm3EJM7StorageFbP10IContaineriiEPS0_S2_iiEEONSt13tuple_elementIXT_ESt5tupleIJDpT0_EEE4typeEOSA_
FN:1815,1819,_ZSt3getILm3EJM7StorageFvP10IContainerRSt6vectorImSaImEEmEPS0_S2_St17reference_wrapperIS5_EmEEONSt13tuple_elementIXT_ESt5tupleIJDpT0_EEE4typeEOSG_
FN:1815,1819,_ZSt3getILm4EJM7StorageFbP10IContaineriiEPS0_S2_iiEEONSt13tuple_elementIXT_ESt5tupleIJDpT0_EEE4typeEOSA_
FN:1815,1819,_ZSt3getILm4EJM7StorageFvP10IContainerRSt6vectorImSaImEEmEPS0_S2_St17reference_wrapperIS5_EmEEONSt13tuple_elementIXT_ESt5tupleIJDpT0_EEE4typeEOSG_
FN:190,191,_ZNSt10_Head_baseILm0EPNSt6thread6_StateELb0EEC2Ev
FN:200,201,_ZNSt10_Head_baseILm0EM7StorageFbP10IContaineriiELb0EEC2IS4_EEOT_
FN:200,201,_ZNSt10_Head_baseILm0EM7StorageFvP10IContainerRSt6vectorImSaImEEmELb0EEC2IS8_EEOT_
FN:200,201,_ZNSt10_Head_baseILm1EP7StorageLb0EEC2IS1_EEOT_
FN:200,201,_ZNSt10_Head_baseILm2EP10IContainerLb0EEC2IRS1_EEOT_
FN:200,201,_ZNSt10_Head_baseILm3ESt17reference_wrapperISt6vectorImSaImEEELb0EEC2IS4_EEOT_
FN:200,201,_ZNSt10_Head_baseILm3EiLb0EEC2IRiEEOT_
FN:200,201,_ZNSt10_Head_baseILm4EiLb0EEC2IRiEEOT_
FN:200,201,_ZNSt10_Head_baseILm4EmLb0EEC2IRmEEOT_
FN:234,234,_ZNSt10_Head_baseILm0EM7StorageFbP10IContaineriiELb0EE7_M_headERS5_
FN:234,234,_ZNSt10_Head_baseILm0EM7StorageFvP10IContainerRSt6vectorImSaImEEmELb0EE7_M_headERS9_
FN:234,234,_ZNSt10_Head_baseILm0EPNSt6thread6_StateELb0EE7_M_headERS3_
FN:234,234,_ZNSt10_Head_baseILm1EP7StorageLb0EE7_M_headERS2_
FN:234,234,_ZNSt10_Head_baseILm2EP10IContainerLb0EE7_M_headERS2_
FN:234,234,_ZNSt10_Head_baseILm3ESt17reference_wrapperISt6vectorImSaImEEELb0EE7_M_headERS5_
FN:234,234,_ZNSt10_Head_baseILm3EiLb0EE7_M_headERS0_
FN:234,234,_ZNSt10_Head_baseILm4EiLb0EE7_M_headERS0_
FN:234,234,_ZNSt10_Head_baseILm4EmLb0EE7_M_headERS0_
FN:269,269,_ZNSt11_Tuple_implILm0EJM7StorageFbP10IContaineriiEPS0_S2_iiEE7_M_headERS6_
FN:269,269,_ZNSt11_Tuple_implILm0EJM7StorageFvP10IContainerRSt6vectorImSaImEEmEPS0_S2_St17reference_wrapperIS5_EmEE7_M_headERSC_
FN:269,269,_ZNSt11_Tuple_implILm0EJPNSt6thread6_StateESt14default_deleteIS1_EEE7_M_headERS5_
FN:269,269,_ZNSt11_Tuple_implILm1EJP7StorageP10IContainerSt17reference_wrapperISt6vectorImSaImEEEmEE7_M_headERS9_
FN:269,269,_ZNSt11_Tuple_implILm1EJP7StorageP10IContaineriiEE7_M_headERS4_
FN:269,269,_ZNSt11_Tuple_implILm2EJP10IContainerSt17reference_wrapperISt6vectorImSaImEEEmEE7_M_headERS7_
FN:269,269,_ZNSt11_Tuple_implILm2EJP10IContaineriiEE7_M_headERS2_
FN:269,269,_ZNSt11_Tuple_implILm3EJSt17reference_wrapperISt6vectorImSaImEEEmEE7_M_headERS5_
FN:269,269,_ZNSt11_Tuple_implILm3EJiiEE7_M_headERS0_
FN:280,281,_ZNSt11_Tuple_implILm0EJPNSt6thread6_StateESt14default_deleteIS1_EEEC2Ev
FN:291,294,_ZNSt11_Tuple_implILm0EJM7StorageFbP10IContaineriiEPS0_S2_iiEEC2IS4_JS5_RS2_RiS9_EvEEOT_DpOT0_
FN:291,294,_ZNSt11_Tuple_implILm0EJM7StorageFvP10IContainerRSt6vectorImSaImEEmEPS0_S2_St17reference_wrapperIS5_EmEEC2IS8_JS9_RS2_SB_RmEvEEOT_DpOT0_
FN:291,294,_ZNSt11_Tuple_implILm1EJP7StorageP10IContainerSt17reference_wrapperISt6vectorImSaImEEEmEEC2IS1_JRS3_S8_RmEvEEOT_DpOT0_
FN:291,294,_ZNSt11_Tuple_implILm1EJP7StorageP10IContaineriiEEC2IS1_JRS3_RiS7_EvEEOT_DpOT0_
FN:291,294,_ZNSt11_Tuple_implILm2EJP10IContainerSt17reference_wrapperISt6vectorImSaImEEEmEEC2IRS1_JS6_RmEvEEOT_DpOT0_
FN:291,294,_ZNSt11_Tuple_implILm2EJP10IContaineriiEEC2IRS1_JRiS5_EvEEOT_DpOT0_
FN:291,294,_ZNSt11_Tuple_implILm3EJSt17reference_wrapperISt6vectorImSaImEEEmEEC2IS4_JRmEvEEOT_DpOT0_
FN:291,294,_ZNSt11_Tuple_implILm3EJiiEEC2IRiJS2_EvEEOT_DpOT0_
FN:497,497,_ZNSt11_Tuple_implILm1EJSt14default_deleteINSt6thread6_StateEEEE7_M_headERS4_
FN:497,497,_ZNSt11_Tuple_implILm4EJiEE7_M_headERS0_
FN:497,497,_ZNSt11_Tuple_implILm4EJmEE7_M_headERS0_
FN:503,504,_ZNSt11_Tuple_implILm1EJSt14default_deleteINSt6thread6_StateEEEEC2Ev
FN:513,515,_ZNSt11_Tuple_implILm4EJiEEC2IRiEEOT_
FN:513,515,_ZNSt11_Tuple_implILm4EJmEEC2IRmEEOT_
FN:81,82,_ZNSt10_Head_baseILm1ESt14default_deleteINSt6thread6_StateEELb1EEC2Ev
FN:889,891,_ZNSt5tupleIJM7StorageFbP10IContaineriiEPS0_S2_iiEEC2IJS4_S5_RS2_RiS9_ELb1ELb1EEEDpOT_
FN:889,891,_ZNSt5tupleIJM7StorageFvP10IContainerRSt6vectorImSaImEEmEPS0_S2_St17reference_wrapperIS5_EmEEC2IJS8_S9_RS2_SB_RmELb1ELb1EEEDpOT_
FNDA:0,_ZNSt10_Head_baseILm1ESt14default_deleteINSt6thread6_StateEELb1EE7_M_headERS4_
FNDA:244,_ZNSt5tupleIJPNSt6thread6_StateESt14default_deleteIS1_EEEC2ILb1ELb1EEEv
FNDA:232,_ZSt12__get_helperILm0EM7StorageFbP10IContaineriiEJPS0_S2_iiEERT0_RSt11_Tuple_implIXT_EJS6_DpT1_EE
FNDA:12,_ZSt12__get_helperILm0EM7StorageFvP10IContainerRSt6vectorImSaImEEmEJPS0_S2_St17reference_wrapperIS5_EmEERT0_RSt11_Tuple_implIXT_EJSC_DpT1_EE
FNDA:488,_ZSt12__get_helperILm0EPNSt6thread6_StateEJSt14default_deleteIS1_EEERT0_RSt11_Tuple_implIXT_EJS5_DpT1_EE
FNDA:12,_ZSt12__get_helperILm1EP7StorageJP10IContainerSt17reference_wrapperISt6vectorImSaImEEEmEERT0_RSt11_Tuple_implIXT_EJS9_DpT1_EE
FNDA:232,_ZSt12__get_helperILm1EP7StorageJP10IContaineriiEERT0_RSt11_Tuple_implIXT_EJS4_DpT1_EE
FNDA:0,_ZSt12__get_helperILm1ESt14default_deleteINSt6thread6_StateEEJEERT0_RSt11_Tuple_implIXT_EJS4_DpT1_EE
FNDA:12,_ZSt12__get_helperILm2EP10IContainerJSt17reference_wrapperISt6vectorImSaImEEEmEERT0_RSt11_Tuple_implIXT_EJS7_DpT1_EE
FNDA:232,_ZSt12__get_helperILm2EP10IContainerJiiEERT0_RSt11_Tuple_implIXT_EJS2_DpT1_EE
FNDA:12,_ZSt12__get_helperILm3ESt17reference_wrapperISt6vectorImSaImEEEJmEERT0_RSt11_Tuple_implIXT_EJS5_DpT1_EE
FNDA:232,_ZSt12__get_helperILm3EiJiEERT0_RSt11_Tuple_implIXT_EJS0_DpT1_EE
FNDA:232,_ZSt12__get_helperILm4EiJEERT0_RSt11_Tuple_implIXT_EJS0_DpT1_EE
FNDA:12,_ZSt12__get_helperILm4EmJEERT0_RSt11_Tuple_implIXT_EJS0_DpT1_EE
FNDA:488,_ZSt3getILm0EJPNSt6thread6_StateESt14default_deleteIS1_EEERNSt13tuple_elementIXT_ESt5tupleIJDpT0_EEE4typeERS9_
FNDA:0,_ZSt3getILm1EJPNSt6thread6_StateESt14default_deleteIS1_EEERNSt13tuple_elementIXT_ESt5tupleIJDpT0_EEE4typeERS9_
FNDA:232,_ZSt3getILm0EJM7StorageFbP10IContaineriiEPS0_S2_iiEEONSt13tuple_elementIXT_ESt5tupleIJDpT0_EEE4typeEOSA_
FNDA:12,_ZSt3getILm0EJM7StorageFvP10IContainerRSt6vectorImSaImEEmEPS0_S2_St17reference_wrapperIS5_EmEEONSt13tuple_elementIXT_ESt5tupleIJDpT0_EEE4typeEOSG_
FNDA:232,_ZSt3getILm1EJM7StorageFbP10IContaineriiEPS0_S2_iiEEONSt13tuple_elementIXT_ESt5tupleIJDpT0_EEE4typeEOSA_
FNDA:12,_ZSt3getILm1EJM7StorageFvP10IContainerRSt6vectorImSaImEEmEPS0_S2_St17reference_wrapperIS5_EmEEONSt13tuple_elementIXT_ESt5tupleIJDpT0_EEE4typeEOSG_
FNDA:232,_ZSt3getILm2EJM7StorageFbP10IContaineriiEPS0_S2_iiEEONSt13tuple_elementIXT_ESt5tupleIJDpT0_EEE4typeEOSA_
FNDA:12,_ZSt3getILm2EJM7StorageFvP10IContainerRSt6vectorImSaImEEmEPS0_S2_St17reference_wrapperIS5_EmEEONSt13tuple_elementIXT_ESt5tupleIJDpT0_EEE4typeEOSG_
FNDA:232,_ZSt3getILm3EJM7StorageFbP10IContaineriiEPS0_S2_iiEEONSt13tuple_elementIXT_ESt5tupleIJDpT0_EEE4typeEOSA_
FNDA:12,_ZSt3getILm3EJM7StorageFvP10IContainerRSt6vectorImSaImEEmEPS0_S2_St17reference_wrapperIS5_EmEEONSt13tuple_elementIXT_ESt5tupleIJDpT0_EEE4typeEOSG_
FNDA:232,_ZSt3getILm4EJM7StorageFbP10IContaineriiEPS0_S2_iiEEONSt13tuple_elementIXT_ESt5tupleIJDpT0_EEE4typeEOSA_
FNDA:12,_ZSt3getILm4EJM7StorageFvP10IContainerRSt6vectorImSaImEEmEPS0_S2_St17reference_wrapperIS5_EmEEONSt13tuple_elementIXT_ESt5tupleIJDpT0_EEE4typeEOSG_
FNDA:244,_ZNSt10_Head_baseILm0EPNSt6thread6_StateELb0EEC2Ev
FNDA:232,_ZNSt10_Head_baseILm0EM7StorageFbP10IContaineriiELb0EEC2IS4_EEOT_
FNDA:12,_ZNSt10_Head_baseILm0EM7StorageFvP10IContainerRSt6vectorImSaImEEmELb0EEC2IS8_EEOT_
FNDA:244,_ZNSt10_Head_baseILm1EP7StorageLb0EEC2IS1_EEOT_
FNDA:244,_ZNSt10_Head_baseILm2EP10IContainerLb0EEC2IRS1_EEOT_
FNDA:12,_ZNSt10_Head_baseILm3ESt17reference_wrapperISt6vectorImSaImEEELb0EEC2IS4_EEOT_
FNDA:232,_ZNSt10_Head_baseILm3EiLb0EEC2IRiEEOT_
FNDA:232,_ZNSt10_Head_baseILm4EiLb0EEC2IRiEEOT_
FNDA:12,_ZNSt10_Head_baseILm4EmLb0EEC2IRmEEOT_
FNDA:232,_ZNSt10_Head_baseILm0EM7StorageFbP10IContaineriiELb0EE7_M_headERS5_
FNDA:12,_ZNSt10_Head_baseILm0EM7StorageFvP10IContainerRSt6vectorImSaImEEmELb0EE7_M_headERS9_
FNDA:488,_ZNSt10_Head_baseILm0EPNSt6thread6_StateELb0EE7_M_headERS3_
FNDA:244,_ZNSt10_Head_baseILm1EP7StorageLb0EE7_M_headERS2_
FNDA:244,_ZNSt10_Head_baseILm2EP10IContainerLb0EE7_M_headERS2_
FNDA:12,_ZNSt10_Head_baseILm3ESt17reference_wrapperISt6vectorImSaImEEELb0EE7_M_headERS5_
FNDA:232,_ZNSt10_Head_baseILm3EiLb0EE7_M_headERS0_
FNDA:232,_ZNSt10_Head_baseILm4EiLb0EE7_M_headERS0_
FNDA:12,_ZNSt10_Head_baseILm4EmLb0EE7_M_headERS0_
FNDA:232,_ZNSt11_Tuple_implILm0EJM7StorageFbP10IContaineriiEPS0_S2_iiEE7_M_headERS6_
FNDA:12,_ZNSt11_Tuple_implILm0EJM7StorageFvP10IContainerRSt6vectorImSaImEEmEPS0_S2_St17reference_wrapperIS5_EmEE7_M_headERSC_
FNDA:488,_ZNSt11_Tuple_implILm0EJPNSt6thread6_StateESt14default_deleteIS1_EEE7_M_headERS5_
FNDA:12,_ZNSt11_Tuple_implILm1EJP7StorageP10IContainerSt17reference_wrapperISt6vectorImSaImEEEmEE7_M_headERS9_
FNDA:232,_ZNSt11_Tuple_implILm1EJP7StorageP10IContaineriiEE7_M_headERS4_
FNDA:12,_ZNSt11_Tuple_implILm2EJP10IContainerSt17reference_wrapperISt6vectorImSaImEEEmEE7_M_headERS7_
FNDA:232,_ZNSt11_Tuple_implILm2EJP10IContaineriiEE7_M_headERS2_
FNDA:12,_ZNSt11_Tuple_implILm3EJSt17reference_wrapperISt6vectorImSaImEEEmEE7_M_headERS5_
FNDA:232,_ZNSt11_Tuple_implILm3EJiiEE7_M_headERS0_
FNDA:244,_ZNSt11_Tuple_implILm0EJPNSt6thread6_StateESt14default_deleteIS1_EEEC2Ev
FNDA:232,_ZNSt11_Tuple_implILm0EJM7StorageFbP10IContaineriiEPS0_S2_iiEEC2IS4_JS5_RS2_RiS9_EvEEOT_DpOT0_
FNDA:12,_ZNSt11_Tuple_implILm0EJM7StorageFvP10IContainerRSt6vectorImSaImEEmEPS0_S2_St17reference_wrapperIS5_EmEEC2IS8_JS9_RS2_SB_RmEvEEOT_DpOT0_
FNDA:12,_ZNSt11_Tuple_implILm1EJP7StorageP10IContainerSt17reference_wrapperISt6vectorImSaImEEEmEEC2IS1_JRS3_S8_RmEvEEOT_DpOT0_
FNDA:232,_ZNSt11_Tuple_implILm1EJP7StorageP10IContaineriiEEC2IS1_JRS3_RiS7_EvEEOT_DpOT0_
FNDA:12,_ZNSt11_Tuple_implILm2EJP10IContainerSt17reference_wrapperISt6vectorImSaImEEEmEEC2IRS1_JS6_RmEvEEOT_DpOT0_
FNDA:232,_ZNSt11_Tuple_implILm2EJP10IContaineriiEEC2IRS1_JRiS5_EvEEOT_DpOT0_
FNDA:12,_ZNSt11_Tuple_implILm3EJSt17reference_wrapperISt6vectorImSaImEEEmEEC2IS4_JRmEvEEOT_DpOT0_
FNDA:232,_ZNSt11_Tuple_implILm3EJiiEEC2IRiJS2_EvEEOT_DpOT0_
FNDA:0,_ZNSt11_Tuple_implILm1EJSt14default_deleteINSt6thread6_StateEEEE7_M_headERS4_
FNDA:232,_ZNSt11_Tuple_implILm4EJiEE7_M_headERS0_
FNDA:12,_ZNSt11_Tuple_implILm4EJmEE7_M_headERS0_
FNDA:244,_ZNSt11_Tuple_implILm1EJSt14default_deleteINSt6thread6_StateEEEEC2Ev
FNDA:232,_ZNSt11_Tuple_implILm4EJiEEC2IRiEEOT_
FNDA:12,_ZNSt11_Tuple_implILm4EJmEEC2IRmEEOT_
FNDA:244,_ZNSt10_Head_baseILm1ESt14default_deleteINSt6thread6_StateEELb1EEC2Ev
FNDA:232,_ZNSt5tupleIJM7StorageFbP10IContaineriiEPS0_S2_iiEEC2IJS4_S5_RS2_RiS9_ELb1ELb1EEEDpOT_
FNDA:12,_ZNSt5tupleIJM7StorageFvP10IContainerRSt6vectorImSaImEEmEPS0_S2_St17reference_wrapperIS5_EmEEC2IJS8_S9_RS2_SB_RmELb1ELb1EEEDpOT_
FNF:71
FNH:67
DA:81,244
DA:82,244
DA:125,0
DA:190,244
DA:191,244
DA:200,1220
DA:201,1220
DA:234,1708
DA:269,1464
DA:280,244
DA:281,244
DA:291,976
DA:293,976
DA:294,976
DA:497,244
DA:503,244
DA:504,244
DA:513,244
DA:514,244
DA:515,244
DA:889,244
DA:891,244
DA:1317,244
DA:1319,244
DA:1787,1708
DA:1788,1708
DA:1803,488
DA:1804,488
DA:1815,1220
DA:1818,1220
LF:30
LH:29
end_of_record
TN:
SF:/usr/include/c++/13/type_traits
FN:3649,3656,_ZSt21is_constant_evaluatedv
FNDA:0,_ZSt21is_constant_evaluatedv
FNF:1
FNH:0
DA:3649,0
DA:3654,0
LF:2
LH:0
end_of_record
TN:
SF:/usr/include/x86_64-linux-gnu/c++/13/bits/c++config.h
FN:540,551,_ZSt23__is_constant_evaluatedv
FNDA:0,_ZSt23__is_constant_evaluatedv
FNF:1
FNH:0
DA:322,0
DA:540,0
DA:547,0
LF:3
LH:0
end_of_record
TN:
SF:/usr/include/x86_64-linux-gnu/c++/13/bits/gthr-default.h
FN:300,303,_ZL18__gthread_active_pv
FN:746,752,_ZL20__gthread_mutex_lockP15pthread_mutex_t
FN:776,782,_ZL22__gthread_mutex_unlockP15pthread_mutex_t
FNDA:23628,_ZL18__gthread_active_pv
FNDA:11814,_ZL20__gthread_mutex_lockP15pthread_mutex_t
FNDA:11814,_ZL22__gthread_mutex_unlockP15pthread_mutex_t
FNF:3
FNH:3
DA:300,23628
DA:302,23628
DA:746,11814
DA:748,11814
DA:749,11814
DA:751,0
DA:776,11814
DA:778,11814
DA:779,11814
DA:781,0
LF:10
LH:8
end_of_record
