TN:
SF:/mnt/c/OOP/nw3/Lab3OOP/Checker/Checker.hpp
FN:25,25,_ZN7CheckerIiEC2Ev
FN:27,28,_ZN7CheckerIiEC2ERKS0_
FN:30,32,_ZN7CheckerIiE16addCheckFunctionESt8functionIFvR7StorageSt10shared_ptrI10IContainerE17ContainerPositionIiEEE
FN:43,47,_ZNK7CheckerIiE11applyChecksER7StorageSt10shared_ptrI10IContainerE17ContainerPositionIiE
FNDA:34,_ZN7CheckerIiEC2Ev
FNDA:11,_ZN7CheckerIiEC2ERKS0_
FNDA:53,_ZN7CheckerIiE16addCheckFunctionESt8functionIFvR7StorageSt10shared_ptrI10IContainerE17ContainerPositionIiEEE
FNDA:213,_ZNK7CheckerIiE11applyChecksER7StorageSt10shared_ptrI10IContainerE17ContainerPositionIiE
FNF:4
FNH:4
DA:25,34
DA:27,11
DA:28,11
DA:30,53
DA:31,53
DA:32,53
DA:43,213
DA:44,516
DA:45,329
DA:47,200
LF:10
LH:10
end_of_record
TN:
SF:/mnt/c/OOP/nw3/Lab3OOP/Octree/ContainerPosition.hpp
FN:12,12,_ZN17ContainerPositionIiEC2Ev
FN:18,23,_ZNK17ContainerPositionIiEeqERKS0_
FNDA:3336,_ZN17ContainerPositionIiEC2Ev
FNDA:201,_ZNK17ContainerPositionIiEeqERKS0_
FNF:2
FNH:2
DA:12,3336
DA:18,201
DA:19,327
DA:20,189
DA:21,189
DA:22,327
LF:6
LH:6
end_of_record
TN:
SF:/mnt/c/OOP/nw3/Lab3OOP/Octree/Octree.hpp
FN:113,117,_ZN6OctreeIiSt10shared_ptrI10IContainerE17ContainerPositionIiEE8iteratorC2ES0_INS5_4NodeEE
FN:119,121,_ZN6OctreeIiSt10shared_ptrI10IContainerE17ContainerPositionIiEE8iteratordeEv
FN:124,134,_ZN6OctreeIiSt10shared_ptrI10IContainerE17ContainerPositionIiEE8iteratorppEv
FN:137,139,_ZNK6OctreeIiSt10shared_ptrI10IContainerE17ContainerPositionIiEE8iteratorneERKS6_
FN:146,149,_ZN6OctreeIiSt10shared_ptrI10IContainerE17ContainerPositionIiEEC2E11BoundingBoxIiEi
FN:157,159,_ZN6OctreeIiSt10shared_ptrI10IContainerE17ContainerPositionIiEE5beginEv
FN:161,163,_ZN6OctreeIiSt10shared_ptrI10IContainerE17ContainerPositionIiEE3endEv
FN:166,176,_ZN6OctreeIiSt10shared_ptrI10IContainerE17ContainerPositionIiEE6insertES2_RS4_S0_INS5_4NodeEE
FN:179,232,_ZN6OctreeIiSt10shared_ptrI10IContainerE17ContainerPositionIiEE5splitES0_INS5_4NodeEE
FN:234,237,_ZN6OctreeIiSt10shared_ptrI10IContainerE17ContainerPositionIiEE5CloneEv
FN:241,252,_ZN6OctreeIiSt10shared_ptrI10IContainerE17ContainerPositionIiEE6removeENSt7__cxx1112basic_stringIcSt11char_traitsIcESaIcEEE
FN:255,260,_ZN6OctreeIiSt10shared_ptrI10IContainerE17ContainerPositionIiEE6searchENSt7__cxx1112basic_stringIcSt11char_traitsIcESaIcEEE
FN:263,268,_ZN6OctreeIiSt10shared_ptrI10IContainerE17ContainerPositionIiEE5findIENSt7__cxx1112basic_stringIcSt11char_traitsIcESaIcEEE
FN:271,275,_ZN6OctreeIiSt10shared_ptrI10IContainerE17ContainerPositionIiEE11searchDepthEv
FN:278,284,_ZN6OctreeIiSt10shared_ptrI10IContainerE17ContainerPositionIiEE12SearchInsertES2_S4_
FN:292,295,_ZN6OctreeIiSt10shared_ptrI10IContainerE17ContainerPositionIiEE7getMinXERS4_
FN:298,301,_ZN6OctreeIiSt10shared_ptrI10IContainerE17ContainerPositionIiEE7getMaxXERS4_
FN:304,307,_ZN6OctreeIiSt10shared_ptrI10IContainerE17ContainerPositionIiEE7getMinYERS4_
FN:310,313,_ZN6OctreeIiSt10shared_ptrI10IContainerE17ContainerPositionIiEE7getMaxYERS4_
FN:316,319,_ZN6OctreeIiSt10shared_ptrI10IContainerE17ContainerPositionIiEE7getMinZERS4_
FN:322,325,_ZN6OctreeIiSt10shared_ptrI10IContainerE17ContainerPositionIiEE7getMaxZERS4_
FN:328,331,_ZN6OctreeIiSt10shared_ptrI10IContainerE17ContainerPositionIiEE7getMinXERKS4_
FN:333,336,_ZN6OctreeIiSt10shared_ptrI10IContainerE17ContainerPositionIiEE7getMaxXERKS4_
FN:339,342,_ZN6OctreeIiSt10shared_ptrI10IContainerE17ContainerPositionIiEE7getMinYERKS4_
FN:345,348,_ZN6OctreeIiSt10shared_ptrI10IContainerE17ContainerPositionIiEE7getMaxYERKS4_
FN:352,355,_ZN6OctreeIiSt10shared_ptrI10IContainerE17ContainerPositionIiEE7getMinZERKS4_
FN:358,361,_ZN6OctreeIiSt10shared_ptrI10IContainerE17ContainerPositionIiEE7getMaxZERKS4_
FN:369,379,_ZN6OctreeIiSt10shared_ptrI10IContainerE17ContainerPositionIiEE16pointincontainerER5PointIiERS4_
FN:385,395,_ZN6OctreeIiSt10shared_ptrI10IContainerE17ContainerPositionIiEE14searchUnderOctES0_INS5_4NodeEERSt6vectorISt4pairIS4_S2_ESaISA_EE
FN:398,418,_ZN6OctreeIiSt10shared_ptrI10IContainerE17ContainerPositionIiEE5findIENSt7__cxx1112basic_stringIcSt11char_traitsIcESaIcEEES0_INS5_4NodeEEPSt4pairIS4_S2_E5PointIiE
FN:421,431,_ZN6OctreeIiSt10shared_ptrI10IContainerE17ContainerPositionIiEE11searchDepthES0_INS5_4NodeEERSt6vectorISt4pairIS4_S2_ESaISA_EE
FN:434,467,_ZN6OctreeIiSt10shared_ptrI10IContainerE17ContainerPositionIiEE12SearchInsertES2_S4_S0_INS5_4NodeEERS7_RSt6vectorISt4pairIS4_S2_ESaISB_EERb
FN:470,490,_ZN6OctreeIiSt10shared_ptrI10IContainerE17ContainerPositionIiEE7searchRENSt7__cxx1112basic_stringIcSt11char_traitsIcESaIcEEES0_INS5_4NodeEERSD_5PointIiE
FN:493,523,_ZN6OctreeIiSt10shared_ptrI10IContainerE17ContainerPositionIiEE7removeRENSt7__cxx1112basic_stringIcSt11char_traitsIcESaIcEEES0_INS5_4NodeEERbRSD_5PointIiE
FN:526,534,_ZN6OctreeIiSt10shared_ptrI10IContainerE17ContainerPositionIiEE14checkEmptyNodeES0_INS5_4NodeEE
FN:536,547,_ZN6OctreeIiSt10shared_ptrI10IContainerE17ContainerPositionIiEE6meargeES0_INS5_4NodeEE
FN:549,564,_ZN6OctreeIiSt10shared_ptrI10IContainerE17ContainerPositionIiEE17decreaseHightTreeES0_INS5_4NodeEE
FN:567,578,_ZN6OctreeIiSt10shared_ptrI10IContainerE17ContainerPositionIiEE6UpdateES0_INS5_4NodeEE
FN:581,602,_ZNK6OctreeIiSt10shared_ptrI10IContainerE17ContainerPositionIiEE13ContainEntityES4_S4_
FN:605,612,_ZNK6OctreeIiSt10shared_ptrI10IContainerE17ContainerPositionIiEE14checkCollisionES2_S4_St6vectorISt4pairIS4_S2_ESaIS8_EE
FN:62,62,_ZN11BoundingBoxIiEC2ERK5PointIiES4_
FN:626,628,_ZNK6OctreeIiSt10shared_ptrI10IContainerE17ContainerPositionIiEE6numberB5cxx11ERK5PointIiE
FN:631,645,_ZN6OctreeIiSt10shared_ptrI10IContainerE17ContainerPositionIiEE10parsePointERKNSt7__cxx1112basic_stringIcSt11char_traitsIcESaIcEEE
FN:64,66,_ZNK11BoundingBoxIiE8containsER5PointIiE
FN:87,87,_ZN6OctreeIiSt10shared_ptrI10IContainerE17ContainerPositionIiEE4NodeC2E11BoundingBoxIiEi
FN:89,91,_ZNK6OctreeIiSt10shared_ptrI10IContainerE17ContainerPositionIiEE4Node6isLeafEv
FN:90,90,_ZZNK6OctreeIiSt10shared_ptrI10IContainerE17ContainerPositionIiEE4Node6isLeafEvENKUlRKS0_IS6_EE_clES9_
FNDA:93,_ZN6OctreeIiSt10shared_ptrI10IContainerE17ContainerPositionIiEE8iteratorC2ES0_INS5_4NodeEE
FNDA:268,_ZN6OctreeIiSt10shared_ptrI10IContainerE17ContainerPositionIiEE8iteratordeEv
FNDA:79,_ZN6OctreeIiSt10shared_ptrI10IContainerE17ContainerPositionIiEE8iteratorppEv
FNDA:86,_ZNK6OctreeIiSt10shared_ptrI10IContainerE17ContainerPositionIiEE8iteratorneERKS6_
FNDA:37,_ZN6OctreeIiSt10shared_ptrI10IContainerE17ContainerPositionIiEEC2E11BoundingBoxIiEi
FNDA:7,_ZN6OctreeIiSt10shared_ptrI10IContainerE17ContainerPositionIiEE5beginEv
FNDA:86,_ZN6OctreeIiSt10shared_ptrI10IContainerE17ContainerPositionIiEE3endEv
FNDA:190,_ZN6OctreeIiSt10shared_ptrI10IContainerE17ContainerPositionIiEE6insertES2_RS4_S0_INS5_4NodeEE
FNDA:17,_ZN6OctreeIiSt10shared_ptrI10IContainerE17ContainerPositionIiEE5splitES0_INS5_4NodeEE
FNDA:11,_ZN6OctreeIiSt10shared_ptrI10IContainerE17ContainerPositionIiEE5CloneEv
FNDA:28,_ZN6OctreeIiSt10shared_ptrI10IContainerE17ContainerPositionIiEE6removeENSt7__cxx1112basic_stringIcSt11char_traitsIcESaIcEEE
FNDA:19,_ZN6OctreeIiSt10shared_ptrI10IContainerE17ContainerPositionIiEE6searchENSt7__cxx1112basic_stringIcSt11char_traitsIcESaIcEEE
FNDA:15,_ZN6OctreeIiSt10shared_ptrI10IContainerE17ContainerPositionIiEE5findIENSt7__cxx1112basic_stringIcSt11char_traitsIcESaIcEEE
FNDA:148,_ZN6OctreeIiSt10shared_ptrI10IContainerE17ContainerPositionIiEE11searchDepthEv
FNDA:3353,_ZN6OctreeIiSt10shared_ptrI10IContainerE17ContainerPositionIiEE12SearchInsertES2_S4_
FNDA:8759,_ZN6OctreeIiSt10shared_ptrI10IContainerE17ContainerPositionIiEE7getMinXERS4_
FNDA:8675,_ZN6OctreeIiSt10shared_ptrI10IContainerE17ContainerPositionIiEE7getMaxXERS4_
FNDA:8852,_ZN6OctreeIiSt10shared_ptrI10IContainerE17ContainerPositionIiEE7getMinYERS4_
FNDA:8808,_ZN6OctreeIiSt10shared_ptrI10IContainerE17ContainerPositionIiEE7getMaxYERS4_
FNDA:8575,_ZN6OctreeIiSt10shared_ptrI10IContainerE17ContainerPositionIiEE7getMinZERS4_
FNDA:8469,_ZN6OctreeIiSt10shared_ptrI10IContainerE17ContainerPositionIiEE7getMaxZERS4_
FNDA:1068,_ZN6OctreeIiSt10shared_ptrI10IContainerE17ContainerPositionIiEE7getMinXERKS4_
FNDA:788,_ZN6OctreeIiSt10shared_ptrI10IContainerE17ContainerPositionIiEE7getMaxXERKS4_
FNDA:737,_ZN6OctreeIiSt10shared_ptrI10IContainerE17ContainerPositionIiEE7getMinYERKS4_
FNDA:573,_ZN6OctreeIiSt10shared_ptrI10IContainerE17ContainerPositionIiEE7getMaxYERKS4_
FNDA:155,_ZN6OctreeIiSt10shared_ptrI10IContainerE17ContainerPositionIiEE7getMinZERKS4_
FNDA:210,_ZN6OctreeIiSt10shared_ptrI10IContainerE17ContainerPositionIiEE7getMaxZERKS4_
FNDA:249,_ZN6OctreeIiSt10shared_ptrI10IContainerE17ContainerPositionIiEE16pointincontainerER5PointIiERS4_
FNDA:12336,_ZN6OctreeIiSt10shared_ptrI10IContainerE17ContainerPositionIiEE14searchUnderOctES0_INS5_4NodeEERSt6vectorISt4pairIS4_S2_ESaISA_EE
FNDA:111,_ZN6OctreeIiSt10shared_ptrI10IContainerE17ContainerPositionIiEE5findIENSt7__cxx1112basic_stringIcSt11char_traitsIcESaIcEEES0_INS5_4NodeEEPSt4pairIS4_S2_E5PointIiE
FNDA:11444,_ZN6OctreeIiSt10shared_ptrI10IContainerE17ContainerPositionIiEE11searchDepthES0_INS5_4NodeEERSt6vectorISt4pairIS4_S2_ESaISA_EE
FNDA:6042,_ZN6OctreeIiSt10shared_ptrI10IContainerE17ContainerPositionIiEE12SearchInsertES2_S4_S0_INS5_4NodeEERS7_RSt6vectorISt4pairIS4_S2_ESaISB_EERb
FNDA:131,_ZN6OctreeIiSt10shared_ptrI10IContainerE17ContainerPositionIiEE7searchRENSt7__cxx1112basic_stringIcSt11char_traitsIcESaIcEEES0_INS5_4NodeEERSD_5PointIiE
FNDA:212,_ZN6OctreeIiSt10shared_ptrI10IContainerE17ContainerPositionIiEE7removeRENSt7__cxx1112basic_stringIcSt11char_traitsIcESaIcEEES0_INS5_4NodeEERbRSD_5PointIiE
FNDA:33,_ZN6OctreeIiSt10shared_ptrI10IContainerE17ContainerPositionIiEE14checkEmptyNodeES0_INS5_4NodeEE
FNDA:79,_ZN6OctreeIiSt10shared_ptrI10IContainerE17ContainerPositionIiEE6meargeES0_INS5_4NodeEE
FNDA:79,_ZN6OctreeIiSt10shared_ptrI10IContainerE17ContainerPositionIiEE17decreaseHightTreeES0_INS5_4NodeEE
FNDA:28,_ZN6OctreeIiSt10shared_ptrI10IContainerE17ContainerPositionIiEE6UpdateES0_INS5_4NodeEE
FNDA:4180,_ZNK6OctreeIiSt10shared_ptrI10IContainerE17ContainerPositionIiEE13ContainEntityES4_S4_
FNDA:1059,_ZNK6OctreeIiSt10shared_ptrI10IContainerE17ContainerPositionIiEE14checkCollisionES2_S4_St6vectorISt4pairIS4_S2_ESaIS8_EE
FNDA:162,_ZN11BoundingBoxIiEC2ERK5PointIiES4_
FNDA:294,_ZNK6OctreeIiSt10shared_ptrI10IContainerE17ContainerPositionIiEE6numberB5cxx11ERK5PointIiE
FNDA:62,_ZN6OctreeIiSt10shared_ptrI10IContainerE17ContainerPositionIiEE10parsePointERKNSt7__cxx1112basic_stringIcSt11char_traitsIcESaIcEEE
FNDA:17711,_ZNK11BoundingBoxIiE8containsER5PointIiE
FNDA:173,_ZN6OctreeIiSt10shared_ptrI10IContainerE17ContainerPositionIiEE4NodeC2E11BoundingBoxIiEi
FNDA:1646,_ZNK6OctreeIiSt10shared_ptrI10IContainerE17ContainerPositionIiEE4Node6isLeafEv
FNDA:10131,_ZZNK6OctreeIiSt10shared_ptrI10IContainerE17ContainerPositionIiEE4Node6isLeafEvENKUlRKS0_IS6_EE_clES9_
FNF:47
FNH:47
DA:62,162
DA:64,17711
DA:65,17711
DA:87,173
DA:89,1646
DA:90,11777
DA:113,93
DA:114,93
DA:115,7
DA:117,93
DA:119,268
DA:120,268
DA:124,79
DA:125,79
DA:126,79
DA:127,79
DA:128,711
DA:129,632
DA:130,72
DA:133,79
DA:134,79
DA:137,86
DA:138,86
DA:146,37
DA:147,37
DA:148,37
DA:149,37
DA:157,7
DA:158,7
DA:161,86
DA:162,86
DA:166,190
DA:167,190
DA:168,0
DA:170,190
DA:171,190
DA:172,17
DA:173,17
DA:175,190
DA:179,17
DA:180,17
DA:181,17
DA:183,17
DA:184,17
DA:186,17
DA:187,17
DA:188,17
DA:191,17
DA:192,17
DA:193,17
DA:194,17
DA:195,17
DA:196,17
DA:197,17
DA:198,17
DA:199,17
DA:200,17
DA:201,17
DA:202,17
DA:203,17
DA:204,17
DA:205,17
DA:206,17
DA:208,107
DA:209,90
DA:211,236
DA:212,313
DA:213,176
DA:214,171
DA:215,170
DA:216,162
DA:217,154
DA:218,390
DA:219,77
DA:220,77
DA:221,77
DA:222,77
DA:226,90
DA:227,77
DA:229,13
DA:234,11
DA:235,11
DA:236,11
DA:241,28
DA:242,28
DA:243,28
DA:244,28
DA:245,28
DA:246,28
DA:247,0
DA:249,28
DA:250,28
DA:251,28
DA:252,28
DA:255,19
DA:256,19
DA:257,19
DA:258,19
DA:259,38
DA:260,0
DA:263,15
DA:264,15
DA:265,15
DA:266,15
DA:267,30
DA:268,0
DA:271,148
DA:272,148
DA:273,148
DA:274,148
DA:275,0
DA:278,3353
DA:279,3353
DA:280,3353
DA:281,3329
DA:282,3311
DA:283,6683
DA:284,3363
DA:292,8759
DA:294,8759
DA:298,8675
DA:300,8675
DA:304,8852
DA:306,8852
DA:310,8808
DA:312,8808
DA:316,8575
DA:318,8575
DA:322,8469
DA:324,8469
DA:328,1068
DA:330,1068
DA:333,788
DA:335,788
DA:339,737
DA:341,737
DA:345,573
DA:347,573
DA:352,155
DA:354,155
DA:358,210
DA:360,210
DA:369,249
DA:372,249
DA:373,249
DA:374,249
DA:375,249
DA:376,249
DA:377,249
DA:378,249
DA:385,12336
DA:386,12336
DA:387,10924
DA:389,1406
DA:390,1093
DA:392,12717
DA:393,11305
DA:398,111
DA:399,111
DA:400,0
DA:402,111
DA:403,86
DA:405,25
DA:406,65
DA:407,56
DA:408,13
DA:409,13
DA:413,12
DA:414,108
DA:415,96
DA:421,11444
DA:422,11444
DA:423,10032
DA:425,1412
DA:426,342
DA:428,12708
DA:429,11296
DA:434,6042
DA:435,6042
DA:436,0
DA:438,8409
DA:439,1558
DA:440,1424
DA:441,8386
DA:442,4679
DA:444,1348
DA:445,1193
DA:447,1344
DA:448,3042
DA:449,2704
DA:452,1336
DA:454,1040
DA:456,1059
DA:457,213
DA:458,213
DA:460,844
DA:461,844
DA:463,296
DA:464,93
DA:466,203
DA:470,131
DA:471,131
DA:472,0
DA:474,131
DA:475,99
DA:477,32
DA:478,69
DA:479,60
DA:480,16
DA:481,16
DA:485,16
DA:486,126
DA:487,112
DA:493,212
DA:494,212
DA:495,0
DA:497,212
DA:498,148
DA:500,64
DA:501,13
DA:503,51
DA:504,201
DA:505,178
DA:506,28
DA:507,28
DA:509,28
DA:511,28
DA:512,28
DA:513,28
DA:517,23
DA:518,207
DA:519,184
DA:526,33
DA:527,33
DA:528,80
DA:529,73
DA:530,16
DA:533,7
DA:536,79
DA:537,79
DA:538,72
DA:539,64
DA:540,9
DA:541,9
DA:544,72
DA:545,64
DA:549,79
DA:550,79
DA:551,71
DA:553,72
DA:554,64
DA:556,8
DA:557,45
DA:558,40
DA:559,40
DA:560,40
DA:567,28
DA:568,28
DA:569,28
DA:570,3
DA:571,3
DA:572,3
DA:574,25
DA:575,12
DA:576,12
DA:578,28
DA:581,4180
DA:583,4180
DA:584,4140
DA:585,4145
DA:586,4127
DA:587,4137
DA:588,4130
DA:591,4149
DA:592,4137
DA:593,4140
DA:594,4137
DA:595,4148
DA:596,4141
DA:599,3220
DA:600,8585
DA:601,5365
DA:605,1059
DA:606,8562
DA:607,4182
DA:608,842
DA:611,213
DA:626,294
DA:627,294
DA:631,62
DA:633,62
DA:634,62
DA:635,62
DA:636,62
DA:637,62
DA:638,62
DA:639,62
DA:641,0
DA:644,62
DA:645,62
LF:300
LH:290
end_of_record
TN:
SF:/mnt/c/OOP/nw3/Lab3OOP/Octree/Point.hpp
FN:17,17,_ZN5PointIiEC2Eiii
FN:18,18,_ZN5PointIiEC2Ev
FN:9,11,_ZNK5PointIiEeqERKS0_
FNDA:542,_ZN5PointIiEC2Eiii
FNDA:26341,_ZN5PointIiEC2Ev
FNDA:642,_ZNK5PointIiEeqERKS0_
FNF:3
FNH:3
DA:9,642
DA:10,642
DA:17,542
DA:18,26341
LF:4
LH:4
end_of_record
TN:
SF:/mnt/c/OOP/nw3/Lab3OOP/Storage/Storage.cpp
FN:118,160,_ZN7Storage26calculateContainerPositionEiiiiii
FN:13,24,_ZN7Storage14calculateDepthEv
FN:14,21,_ZZN7Storage14calculateDepthEvENKUliE_clEi
FN:163,186,_ZN7Storage20searchUnderContainerER17ContainerPositionIiE
FN:189,212,_ZN7Storage20searchUpperContainerER17ContainerPositionIiE
FN:216,224,_ZN7Storage13calculatemassESt6vectorISt4pairI17ContainerPositionIiESt10shared_ptrI10IContainerEESaIS7_EEm
FN:227,252,_ZN7Storage12checkSupportER17ContainerPositionIiESt6vectorISt4pairIS1_St10shared_ptrI10IContainerEESaIS8_EE
FN:254,266,_ZN7Storage12addContainerESt10shared_ptrI10IContainerEiii
FN:27,29,_ZN7Storage24addExternalCheckFunctionERKSt8functionIFvRS_St10shared_ptrI10IContainerE17ContainerPositionIiEEE
FN:271,275,_ZNK7Storage19getInfoAboutStorageB5cxx11Ev
FN:279,300,_ZN7Storage7isNoTopERK17ContainerPositionIiE
FN:304,334,_ZN7Storage13moveContainerENSt7__cxx1112basic_stringIcSt11char_traitsIcESaIcEEEiii
FN:32,46,_ZN7StorageC2Eiiiid
FN:338,378,_ZN7Storage15rotateContainerENSt7__cxx1112basic_stringIcSt11char_traitsIcESaIcEEEi
FN:381,402,_ZN7Storage10multitreadESt10shared_ptrI10IContainerEiii
FN:40,42,_ZZN7StorageC4EiiiidENKUlRS_St10shared_ptrI10IContainerE17ContainerPositionIiEE_clES0_S3_S5_
FN:404,421,_ZN7Storage13addContainerRESt10shared_ptrI10IContainerEii
FN:423,438,_ZN7Storage12addContainerB5cxx11ESt10shared_ptrI10IContainerE
FN:43,45,_ZZN7StorageC4EiiiidENKUlRS_St10shared_ptrI10IContainerE17ContainerPositionIiEE0_clES0_S3_S5_
FN:441,503,_ZN7Storage15removeContainerENSt7__cxx1112basic_stringIcSt11char_traitsIcESaIcEEE
FN:49,51,_ZN7Storage15comparePositionERSt4pairI17ContainerPositionIiESt10shared_ptrI10IContainerEES7_
FN:506,520,_ZNK7Storage7getInfoB5cxx11Ev
FN:523,539,_ZN7Storage9howContaiESt10shared_ptrI10IContainerERSt6vectorImSaImEEm
FN:54,56,_ZN7Storage22comparePositionReverseERSt4pairI17ContainerPositionIiESt10shared_ptrI10IContainerEES7_
FN:542,552,_ZN7Storage12howContainerESt10shared_ptrI10IContainerE
FN:551,551,_ZZN7Storage12howContainerESt10shared_ptrI10IContainerEENKUliiE_clEii
FN:555,561,_ZN7Storage4findENSt7__cxx1112basic_stringIcSt11char_traitsIcESaIcEEE
FN:564,578,_ZNK7Storage17getListContainersB5cxx11Ev
FN:581,594,_ZN7Storage16checkTemperatureERS_St10shared_ptrI10IContainerE17ContainerPositionIiE
FN:59,75,_ZN7StorageaSERKS_
FN:597,623,_ZN7Storage13checkPressureERS_St10shared_ptrI10IContainerE17ContainerPositionIiE
FN:626,638,_ZN7Storage24searchAllContainersUpperENSt7__cxx114listISt4pairI17ContainerPositionIiESt10shared_ptrI10IContainerEESaIS8_EEE
FN:78,95,_ZN7StorageC2ERKS_
FN:98,113,_ZN7Storage7getSizeEiii
FNDA:3319,_ZN7Storage26calculateContainerPositionEiiiiii
FNDA:26,_ZN7Storage14calculateDepthEv
FNDA:78,_ZZN7Storage14calculateDepthEvENKUliE_clEi
FNDA:85,_ZN7Storage20searchUnderContainerER17ContainerPositionIiE
FNDA:28,_ZN7Storage20searchUpperContainerER17ContainerPositionIiE
FNDA:21,_ZN7Storage13calculatemassESt6vectorISt4pairI17ContainerPositionIiESt10shared_ptrI10IContainerEESaIS7_EEm
FNDA:84,_ZN7Storage12checkSupportER17ContainerPositionIiESt6vectorISt4pairIS1_St10shared_ptrI10IContainerEESaIS8_EE
FNDA:134,_ZN7Storage12addContainerESt10shared_ptrI10IContainerEiii
FNDA:1,_ZN7Storage24addExternalCheckFunctionERKSt8functionIFvRS_St10shared_ptrI10IContainerE17ContainerPositionIiEEE
FNDA:4,_ZNK7Storage19getInfoAboutStorageB5cxx11Ev
FNDA:6,_ZN7Storage7isNoTopERK17ContainerPositionIiE
FNDA:5,_ZN7Storage13moveContainerENSt7__cxx1112basic_stringIcSt11char_traitsIcESaIcEEEiii
FNDA:26,_ZN7StorageC2Eiiiid
FNDA:5,_ZN7Storage15rotateContainerENSt7__cxx1112basic_stringIcSt11char_traitsIcESaIcEEEi
FNDA:3237,_ZN7Storage10multitreadESt10shared_ptrI10IContainerEiii
FNDA:159,_ZZN7StorageC4EiiiidENKUlRS_St10shared_ptrI10IContainerE17ContainerPositionIiEE_clES0_S3_S5_
FNDA:123,_ZN7Storage13addContainerRESt10shared_ptrI10IContainerEii
FNDA:68,_ZN7Storage12addContainerB5cxx11ESt10shared_ptrI10IContainerE
FNDA:157,_ZZN7StorageC4EiiiidENKUlRS_St10shared_ptrI10IContainerE17ContainerPositionIiEE0_clES0_S3_S5_
FNDA:10,_ZN7Storage15removeContainerENSt7__cxx1112basic_stringIcSt11char_traitsIcESaIcEEE
FNDA:324,_ZN7Storage15comparePositionERSt4pairI17ContainerPositionIiESt10shared_ptrI10IContainerEES7_
FNDA:15,_ZNK7Storage7getInfoB5cxx11Ev
FNDA:6,_ZN7Storage9howContaiESt10shared_ptrI10IContainerERSt6vectorImSaImEEm
FNDA:68,_ZN7Storage22comparePositionReverseERSt4pairI17ContainerPositionIiESt10shared_ptrI10IContainerEES7_
FNDA:1,_ZN7Storage12howContainerESt10shared_ptrI10IContainerE
FNDA:6,_ZZN7Storage12howContainerESt10shared_ptrI10IContainerEENKUliiE_clEii
FNDA:5,_ZN7Storage4findENSt7__cxx1112basic_stringIcSt11char_traitsIcESaIcEEE
FNDA:7,_ZNK7Storage17getListContainersB5cxx11Ev
FNDA:159,_ZN7Storage16checkTemperatureERS_St10shared_ptrI10IContainerE17ContainerPositionIiE
FNDA:3,_ZN7StorageaSERKS_
FNDA:157,_ZN7Storage13checkPressureERS_St10shared_ptrI10IContainerE17ContainerPositionIiE
FNDA:6,_ZN7Storage24searchAllContainersUpperENSt7__cxx114listISt4pairI17ContainerPositionIiESt10shared_ptrI10IContainerEESaIS8_EEE
FNDA:8,_ZN7StorageC2ERKS_
FNDA:4,_ZN7Storage7getSizeEiii
FNF:34
FNH:34
DA:13,26
DA:14,78
DA:15,78
DA:16,206
DA:17,128
DA:18,128
DA:20,78
DA:22,26
DA:27,1
DA:28,1
DA:29,1
DA:32,26
DA:33,26
DA:34,26
DA:35,26
DA:36,26
DA:37,26
DA:38,26
DA:39,26
DA:40,26
DA:41,159
DA:42,157
DA:43,26
DA:44,157
DA:45,146
DA:46,26
DA:49,324
DA:50,324
DA:54,68
DA:55,68
DA:59,3
DA:60,3
DA:61,3
DA:62,3
DA:63,3
DA:64,3
DA:65,3
DA:66,3
DA:67,3
DA:68,3
DA:69,13
DA:70,10
DA:72,3
DA:73,3
DA:74,3
DA:78,8
DA:79,8
DA:80,8
DA:81,8
DA:82,8
DA:83,20
DA:84,12
DA:85,12
DA:86,20
DA:88,12
DA:89,0
DA:90,0
DA:91,0
DA:92,0
DA:94,8
DA:95,8
DA:98,4
DA:99,4
DA:100,1
DA:102,3
DA:103,3
DA:104,3
DA:105,13
DA:106,10
DA:108,13
DA:109,10
DA:112,3
DA:113,3
DA:118,3319
DA:119,3319
DA:121,3303
DA:122,3303
DA:123,3303
DA:126,3303
DA:127,3303
DA:128,3303
DA:131,3303
DA:132,3303
DA:133,3303
DA:136,3303
DA:137,3303
DA:138,3303
DA:141,3303
DA:142,3303
DA:143,3303
DA:146,3303
DA:147,3303
DA:148,3303
DA:151,3303
DA:152,3303
DA:153,3303
DA:156,3303
DA:157,3303
DA:158,3303
DA:159,3303
DA:163,85
DA:164,85
DA:165,85
DA:166,85
DA:167,85
DA:168,85
DA:169,85
DA:170,85
DA:171,85
DA:172,85
DA:173,85
DA:174,782
DA:175,697
DA:177,1185
DA:178,1389
DA:179,204
DA:180,202
DA:181,202
DA:184,85
DA:185,170
DA:186,85
DA:189,28
DA:190,28
DA:191,28
DA:192,28
DA:193,28
DA:194,28
DA:195,28
DA:196,28
DA:197,28
DA:198,28
DA:199,28
DA:200,375
DA:201,347
DA:203,629
DA:204,776
DA:205,147
DA:206,47
DA:207,47
DA:210,28
DA:211,56
DA:212,28
DA:216,21
DA:217,21
DA:218,37
DA:219,16
DA:220,16
DA:223,21
DA:227,84
DA:228,84
DA:229,84
DA:230,84
DA:231,84
DA:232,84
DA:234,92
DA:235,87
DA:236,79
DA:238,87
DA:239,4
DA:241,83
DA:242,68
DA:244,83
DA:245,56
DA:247,83
DA:248,75
DA:251,5
DA:254,134
DA:255,134
DA:256,1
DA:258,133
DA:259,133
DA:260,133
DA:261,3
DA:263,136
DA:264,124
DA:265,124
DA:266,133
DA:271,4
DA:272,8
DA:273,12
DA:274,4
DA:279,6
DA:280,6
DA:281,6
DA:282,6
DA:283,6
DA:284,6
DA:285,6
DA:286,6
DA:287,6
DA:288,6
DA:290,22
DA:291,18
DA:292,30
DA:293,38
DA:294,8
DA:295,2
DA:297,18
DA:299,4
DA:300,6
DA:304,5
DA:305,5
DA:306,1
DA:308,4
DA:309,4
DA:310,1
DA:312,3
DA:313,9
DA:314,9
DA:315,3
DA:316,3
DA:317,3
DA:318,3
DA:321,3
DA:322,1
DA:323,1
DA:324,1
DA:327,3
DA:328,1
DA:329,1
DA:330,1
DA:331,1
DA:332,1
DA:333,1
DA:334,6
DA:338,5
DA:339,5
DA:340,5
DA:341,1
DA:343,4
DA:344,5
DA:345,5
DA:346,4
DA:347,4
DA:348,4
DA:349,4
DA:352,4
DA:353,4
DA:354,1
DA:355,1
DA:356,1
DA:358,3
DA:359,3
DA:360,1
DA:361,1
DA:362,1
DA:364,2
DA:365,2
DA:366,2
DA:367,2
DA:369,3
DA:370,1
DA:371,1
DA:372,1
DA:373,1
DA:374,1
DA:375,1
DA:376,1
DA:377,1
DA:378,12
DA:381,3237
DA:382,3237
DA:383,3225
DA:384,3187
DA:385,3236
DA:386,3235
DA:387,3219
DA:388,3136
DA:390,88
DA:391,76
DA:392,76
DA:393,61
DA:394,61
DA:395,61
DA:396,61
DA:398,15
DA:399,15
DA:400,15
DA:402,6433
DA:404,123
DA:405,123
DA:406,207
DA:407,1181
DA:408,4284
DA:410,3301
DA:411,56
DA:413,6422
DA:414,61
DA:415,3185
DA:416,3188
DA:420,9
DA:421,126
DA:423,68
DA:424,68
DA:425,192
DA:426,124
DA:427,124
DA:429,192
DA:430,124
DA:432,68
DA:433,14
DA:435,61
DA:436,61
DA:438,68
DA:441,10
DA:442,10
DA:443,10
DA:444,10
DA:445,1
DA:447,9
DA:448,9
DA:450,3
DA:453,6
DA:454,6
DA:455,6
DA:456,6
DA:457,6
DA:462,25
DA:463,19
DA:464,19
DA:465,19
DA:469,6
DA:472,6
DA:473,24
DA:474,19
DA:475,19
DA:478,19
DA:479,1
DA:480,1
DA:481,0
DA:483,1
DA:484,2
DA:485,1
DA:487,1
DA:492,18
DA:496,20
DA:498,23
DA:499,18
DA:501,5
DA:502,9
DA:503,13
DA:506,15
DA:507,15
DA:508,15
DA:509,15
DA:510,2
DA:512,99
DA:513,85
DA:514,170
DA:515,340
DA:516,255
DA:519,14
DA:520,15
DA:523,6
DA:524,6
DA:525,6
DA:526,6
DA:529,48
DA:530,42
DA:531,42
DA:532,41
DA:534,6
DA:535,6
DA:538,6
DA:539,6
DA:542,1
DA:543,1
DA:544,1
DA:545,7
DA:546,6
DA:548,7
DA:549,6
DA:551,8
DA:552,1
DA:555,5
DA:556,5
DA:557,5
DA:558,1
DA:560,4
DA:561,1
DA:564,7
DA:565,7
DA:566,86
DA:567,79
DA:568,0
DA:569,0
DA:571,79
DA:572,87
DA:573,64
DA:576,7
DA:577,7
DA:578,0
DA:581,159
DA:582,159
DA:583,159
DA:584,157
DA:586,2
DA:587,0
DA:589,4
DA:590,2
DA:592,2
DA:594,159
DA:597,157
DA:598,157
DA:599,0
DA:601,157
DA:602,85
DA:603,85
DA:604,1
DA:606,84
DA:607,9
DA:609,265
DA:610,191
DA:611,191
DA:612,170
DA:614,191
DA:615,191
DA:616,170
DA:618,21
DA:619,1
DA:621,191
DA:622,85
DA:623,146
DA:626,6
DA:627,25
DA:628,19
DA:629,19
DA:630,40
DA:631,28
DA:632,0
DA:636,19
DA:637,6
LF:432
LH:421
end_of_record
TN:
SF:/mnt/c/OOP/nw3/Lab3OOP/Terminal/Terminal.cpp
FN:10,16,_ZN8Terminal6removeEi
FN:18,23,_ZN8Terminal14setsizeStorageEiiii
FN:25,32,_ZN8Terminal10getallInfoERSo
FN:3,8,_ZN8Terminal3addEiP7Storage
FN:35,40,_ZN8Terminal4findEi
FN:42,47,_ZN8TerminalD2Ev
FNDA:2,_ZN8Terminal6removeEi
FNDA:2,_ZN8Terminal14setsizeStorageEiiii
FNDA:1,_ZN8Terminal10getallInfoERSo
FNDA:8,_ZN8Terminal3addEiP7Storage
FNDA:2,_ZN8Terminal4findEi
FNDA:9,_ZN8TerminalD2Ev
FNF:6
FNH:6
DA:3,8
DA:4,8
DA:5,1
DA:7,7
DA:8,7
DA:10,2
DA:11,2
DA:12,1
DA:14,1
DA:15,1
DA:16,1
DA:18,2
DA:19,2
DA:20,1
DA:22,1
DA:23,1
DA:25,1
DA:26,2
DA:27,1
DA:28,1
DA:29,1
DA:30,1
DA:32,1
DA:35,2
DA:36,2
DA:37,1
DA:39,1
DA:42,9
DA:43,15
DA:44,6
DA:46,9
DA:47,9
LF:32
LH:32
end_of_record
